2008-12-28 00:02 - W0Monitor - INFO: ========================================
2008-12-28 00:02 - W0Monitor - INFO: W0Monitor in init
2008-12-28 00:02 - W0Monitor - INFO: init file W0MonitorConfig.py was found
2008-12-28 00:02 - W0Monitor - INFO: Watching at: /afs/cern.ch/user/l/l1ccalib/w0/DaemonData/jobs
2008-12-28 00:02 - W0Monitor - INFO: Purge threshold: 75%
2008-12-28 00:02 - W0Monitor - INFO: RemovalOk: False
2008-12-28 00:02 - W0Monitor - INFO: current usage : 70%
2008-12-28 00:02 - W0Monitor - INFO: W0Monitor initialized
2008-12-28 00:02 - W0Monitor - INFO: ========================================
2008-12-28 00:07 - W0Monitor - INFO: current usage of /afs/cern.ch/user/l/l1ccalib/w0/DaemonData/jobs: 70%
2008-12-28 00:12 - W0Monitor - INFO: current usage of /afs/cern.ch/user/l/l1ccalib/w0/DaemonData/jobs: 70%
2008-12-28 00:17 - W0Monitor - INFO: current usage of /afs/cern.ch/user/l/l1ccalib/w0/DaemonData/jobs: 70%
2008-12-28 00:22 - W0Monitor - INFO: current usage of /afs/cern.ch/user/l/l1ccalib/w0/DaemonData/jobs: 70%
2008-12-28 00:27 - W0Monitor - INFO: current usage of /afs/cern.ch/user/l/l1ccalib/w0/DaemonData/jobs: 70%
2008-12-28 00:32 - W0Monitor - INFO: current usage of /afs/cern.ch/user/l/l1ccalib/w0/DaemonData/jobs: 70%
2008-12-28 00:37 - W0Monitor - INFO: current usage of /afs/cern.ch/user/l/l1ccalib/w0/DaemonData/jobs: 70%
2008-12-28 00:42 - W0Monitor - INFO: current usage of /afs/cern.ch/user/l/l1ccalib/w0/DaemonData/jobs: 70%
2008-12-28 00:47 - W0Monitor - INFO: current usage of /afs/cern.ch/user/l/l1ccalib/w0/DaemonData/jobs: 70%
2008-12-28 00:52 - W0Monitor - INFO: current usage of /afs/cern.ch/user/l/l1ccalib/w0/DaemonData/jobs: 70%
2008-12-28 00:57 - W0Monitor - INFO: current usage of /afs/cern.ch/user/l/l1ccalib/w0/DaemonData/jobs: 70%
2008-12-28 01:02 - W0Monitor - INFO: current usage of /afs/cern.ch/user/l/l1ccalib/w0/DaemonData/jobs: 70%
2008-12-28 01:07 - W0Monitor - INFO: current usage of /afs/cern.ch/user/l/l1ccalib/w0/DaemonData/jobs: 70%
2008-12-28 01:12 - W0Monitor - INFO: current usage of /afs/cern.ch/user/l/l1ccalib/w0/DaemonData/jobs: 70%
2008-12-28 01:17 - W0Monitor - INFO: current usage of /afs/cern.ch/user/l/l1ccalib/w0/DaemonData/jobs: 70%
2008-12-28 01:22 - W0Monitor - INFO: current usage of /afs/cern.ch/user/l/l1ccalib/w0/DaemonData/jobs: 70%
2008-12-28 01:27 - W0Monitor - INFO: current usage of /afs/cern.ch/user/l/l1ccalib/w0/DaemonData/jobs: 70%
2008-12-28 01:32 - W0Monitor - INFO: current usage of /afs/cern.ch/user/l/l1ccalib/w0/DaemonData/jobs: 70%
2008-12-28 01:37 - W0Monitor - INFO: current usage of /afs/cern.ch/user/l/l1ccalib/w0/DaemonData/jobs: 70%
2008-12-28 01:42 - W0Monitor - INFO: current usage of /afs/cern.ch/user/l/l1ccalib/w0/DaemonData/jobs: 70%
2008-12-28 01:47 - W0Monitor - INFO: current usage of /afs/cern.ch/user/l/l1ccalib/w0/DaemonData/jobs: 70%
2008-12-28 01:52 - W0Monitor - INFO: current usage of /afs/cern.ch/user/l/l1ccalib/w0/DaemonData/jobs: 70%
2008-12-28 01:57 - W0Monitor - INFO: current usage of /afs/cern.ch/user/l/l1ccalib/w0/DaemonData/jobs: 70%
2008-12-28 02:02 - W0Monitor - INFO: current usage of /afs/cern.ch/user/l/l1ccalib/w0/DaemonData/jobs: 70%
2008-12-28 02:07 - W0Monitor - INFO: current usage of /afs/cern.ch/user/l/l1ccalib/w0/DaemonData/jobs: 70%
2008-12-28 02:12 - W0Monitor - INFO: current usage of /afs/cern.ch/user/l/l1ccalib/w0/DaemonData/jobs: 70%
2008-12-28 02:17 - W0Monitor - INFO: current usage of /afs/cern.ch/user/l/l1ccalib/w0/DaemonData/jobs: 70%
2008-12-28 02:22 - W0Monitor - INFO: current usage of /afs/cern.ch/user/l/l1ccalib/w0/DaemonData/jobs: 70%
2008-12-28 02:27 - W0Monitor - INFO: current usage of /afs/cern.ch/user/l/l1ccalib/w0/DaemonData/jobs: 70%
2008-12-28 02:32 - W0Monitor - INFO: current usage of /afs/cern.ch/user/l/l1ccalib/w0/DaemonData/jobs: 70%
2008-12-28 02:37 - W0Monitor - INFO: current usage of /afs/cern.ch/user/l/l1ccalib/w0/DaemonData/jobs: 70%
2008-12-28 02:42 - W0Monitor - INFO: current usage of /afs/cern.ch/user/l/l1ccalib/w0/DaemonData/jobs: 70%
2008-12-28 02:47 - W0Monitor - INFO: current usage of /afs/cern.ch/user/l/l1ccalib/w0/DaemonData/jobs: 70%
2008-12-28 02:52 - W0Monitor - INFO: current usage of /afs/cern.ch/user/l/l1ccalib/w0/DaemonData/jobs: 70%
2008-12-28 02:57 - W0Monitor - INFO: current usage of /afs/cern.ch/user/l/l1ccalib/w0/DaemonData/jobs: 70%
2008-12-28 03:02 - W0Monitor - INFO: current usage of /afs/cern.ch/user/l/l1ccalib/w0/DaemonData/jobs: 70%
2008-12-28 03:07 - W0Monitor - INFO: current usage of /afs/cern.ch/user/l/l1ccalib/w0/DaemonData/jobs: 70%
2008-12-28 03:12 - W0Monitor - INFO: current usage of /afs/cern.ch/user/l/l1ccalib/w0/DaemonData/jobs: 70%
2008-12-28 03:17 - W0Monitor - INFO: current usage of /afs/cern.ch/user/l/l1ccalib/w0/DaemonData/jobs: 70%
2008-12-28 03:22 - W0Monitor - INFO: current usage of /afs/cern.ch/user/l/l1ccalib/w0/DaemonData/jobs: 70%
2008-12-28 03:27 - W0Monitor - INFO: current usage of /afs/cern.ch/user/l/l1ccalib/w0/DaemonData/jobs: 70%
2008-12-28 03:32 - W0Monitor - INFO: current usage of /afs/cern.ch/user/l/l1ccalib/w0/DaemonData/jobs: 70%
2008-12-28 03:37 - W0Monitor - INFO: current usage of /afs/cern.ch/user/l/l1ccalib/w0/DaemonData/jobs: 70%
2008-12-28 03:42 - W0Monitor - INFO: current usage of /afs/cern.ch/user/l/l1ccalib/w0/DaemonData/jobs: 70%
2008-12-28 03:47 - W0Monitor - INFO: current usage of /afs/cern.ch/user/l/l1ccalib/w0/DaemonData/jobs: 70%
2008-12-28 03:52 - W0Monitor - INFO: current usage of /afs/cern.ch/user/l/l1ccalib/w0/DaemonData/jobs: 70%
2008-12-28 03:57 - W0Monitor - INFO: current usage of /afs/cern.ch/user/l/l1ccalib/w0/DaemonData/jobs: 70%
2008-12-28 04:02 - W0Monitor - INFO: current usage of /afs/cern.ch/user/l/l1ccalib/w0/DaemonData/jobs: 70%
2008-12-28 04:07 - W0Monitor - INFO: current usage of /afs/cern.ch/user/l/l1ccalib/w0/DaemonData/jobs: 70%
2008-12-28 04:12 - W0Monitor - INFO: current usage of /afs/cern.ch/user/l/l1ccalib/w0/DaemonData/jobs: 70%
2008-12-28 04:17 - W0Monitor - INFO: current usage of /afs/cern.ch/user/l/l1ccalib/w0/DaemonData/jobs: 70%
2008-12-28 04:22 - W0Monitor - INFO: current usage of /afs/cern.ch/user/l/l1ccalib/w0/DaemonData/jobs: 70%
2008-12-28 04:27 - W0Monitor - INFO: current usage of /afs/cern.ch/user/l/l1ccalib/w0/DaemonData/jobs: 70%
2008-12-28 04:32 - W0Monitor - INFO: current usage of /afs/cern.ch/user/l/l1ccalib/w0/DaemonData/jobs: 70%
2008-12-28 04:37 - W0Monitor - INFO: current usage of /afs/cern.ch/user/l/l1ccalib/w0/DaemonData/jobs: 70%
2008-12-28 04:42 - W0Monitor - INFO: current usage of /afs/cern.ch/user/l/l1ccalib/w0/DaemonData/jobs: 70%
2008-12-28 04:47 - W0Monitor - INFO: current usage of /afs/cern.ch/user/l/l1ccalib/w0/DaemonData/jobs: 70%
2008-12-28 04:52 - W0Monitor - INFO: current usage of /afs/cern.ch/user/l/l1ccalib/w0/DaemonData/jobs: 70%
2008-12-28 04:57 - W0Monitor - INFO: current usage of /afs/cern.ch/user/l/l1ccalib/w0/DaemonData/jobs: 70%
2008-12-28 05:02 - W0Monitor - INFO: current usage of /afs/cern.ch/user/l/l1ccalib/w0/DaemonData/jobs: 70%
2008-12-28 05:07 - W0Monitor - INFO: current usage of /afs/cern.ch/user/l/l1ccalib/w0/DaemonData/jobs: 70%
2008-12-28 05:12 - W0Monitor - INFO: current usage of /afs/cern.ch/user/l/l1ccalib/w0/DaemonData/jobs: 70%
2008-12-28 05:17 - W0Monitor - INFO: current usage of /afs/cern.ch/user/l/l1ccalib/w0/DaemonData/jobs: 70%
2008-12-28 05:22 - W0Monitor - INFO: current usage of /afs/cern.ch/user/l/l1ccalib/w0/DaemonData/jobs: 70%
2008-12-28 05:27 - W0Monitor - INFO: current usage of /afs/cern.ch/user/l/l1ccalib/w0/DaemonData/jobs: 70%
2008-12-28 05:32 - W0Monitor - INFO: current usage of /afs/cern.ch/user/l/l1ccalib/w0/DaemonData/jobs: 70%
2008-12-28 05:37 - W0Monitor - INFO: current usage of /afs/cern.ch/user/l/l1ccalib/w0/DaemonData/jobs: 70%
2008-12-28 05:42 - W0Monitor - INFO: current usage of /afs/cern.ch/user/l/l1ccalib/w0/DaemonData/jobs: 70%
2008-12-28 05:47 - W0Monitor - INFO: current usage of /afs/cern.ch/user/l/l1ccalib/w0/DaemonData/jobs: 70%
2008-12-28 05:52 - W0Monitor - INFO: current usage of /afs/cern.ch/user/l/l1ccalib/w0/DaemonData/jobs: 70%
2008-12-28 05:57 - W0Monitor - INFO: current usage of /afs/cern.ch/user/l/l1ccalib/w0/DaemonData/jobs: 70%
2008-12-28 06:02 - W0Monitor - INFO: current usage of /afs/cern.ch/user/l/l1ccalib/w0/DaemonData/jobs: 70%
2008-12-28 06:07 - W0Monitor - INFO: current usage of /afs/cern.ch/user/l/l1ccalib/w0/DaemonData/jobs: 70%
2008-12-28 06:12 - W0Monitor - INFO: current usage of /afs/cern.ch/user/l/l1ccalib/w0/DaemonData/jobs: 70%
2008-12-28 06:17 - W0Monitor - INFO: current usage of /afs/cern.ch/user/l/l1ccalib/w0/DaemonData/jobs: 70%
2008-12-28 06:22 - W0Monitor - INFO: current usage of /afs/cern.ch/user/l/l1ccalib/w0/DaemonData/jobs: 70%
2008-12-28 06:27 - W0Monitor - INFO: current usage of /afs/cern.ch/user/l/l1ccalib/w0/DaemonData/jobs: 70%
2008-12-28 06:32 - W0Monitor - INFO: current usage of /afs/cern.ch/user/l/l1ccalib/w0/DaemonData/jobs: 70%
2008-12-28 06:37 - W0Monitor - INFO: current usage of /afs/cern.ch/user/l/l1ccalib/w0/DaemonData/jobs: 70%
2008-12-28 06:42 - W0Monitor - INFO: current usage of /afs/cern.ch/user/l/l1ccalib/w0/DaemonData/jobs: 70%
2008-12-28 06:47 - W0Monitor - INFO: current usage of /afs/cern.ch/user/l/l1ccalib/w0/DaemonData/jobs: 70%
2008-12-28 06:52 - W0Monitor - INFO: current usage of /afs/cern.ch/user/l/l1ccalib/w0/DaemonData/jobs: 70%
2008-12-28 06:57 - W0Monitor - INFO: current usage of /afs/cern.ch/user/l/l1ccalib/w0/DaemonData/jobs: 70%
2008-12-28 07:02 - W0Monitor - INFO: current usage of /afs/cern.ch/user/l/l1ccalib/w0/DaemonData/jobs: 70%
2008-12-28 07:07 - W0Monitor - INFO: current usage of /afs/cern.ch/user/l/l1ccalib/w0/DaemonData/jobs: 70%
2008-12-28 07:12 - W0Monitor - INFO: current usage of /afs/cern.ch/user/l/l1ccalib/w0/DaemonData/jobs: 70%
2008-12-28 07:17 - W0Monitor - INFO: current usage of /afs/cern.ch/user/l/l1ccalib/w0/DaemonData/jobs: 70%
2008-12-28 07:22 - W0Monitor - INFO: current usage of /afs/cern.ch/user/l/l1ccalib/w0/DaemonData/jobs: 70%
2008-12-28 07:27 - W0Monitor - INFO: current usage of /afs/cern.ch/user/l/l1ccalib/w0/DaemonData/jobs: 70%
2008-12-28 07:32 - W0Monitor - INFO: current usage of /afs/cern.ch/user/l/l1ccalib/w0/DaemonData/jobs: 70%
2008-12-28 07:37 - W0Monitor - INFO: current usage of /afs/cern.ch/user/l/l1ccalib/w0/DaemonData/jobs: 70%
2008-12-28 07:42 - W0Monitor - INFO: current usage of /afs/cern.ch/user/l/l1ccalib/w0/DaemonData/jobs: 70%
2008-12-28 07:47 - W0Monitor - INFO: current usage of /afs/cern.ch/user/l/l1ccalib/w0/DaemonData/jobs: 70%
2008-12-28 07:52 - W0Monitor - INFO: current usage of /afs/cern.ch/user/l/l1ccalib/w0/DaemonData/jobs: 70%
2008-12-28 07:57 - W0Monitor - INFO: current usage of /afs/cern.ch/user/l/l1ccalib/w0/DaemonData/jobs: 70%
2008-12-28 08:02 - W0Monitor - INFO: current usage of /afs/cern.ch/user/l/l1ccalib/w0/DaemonData/jobs: 70%
2008-12-28 08:07 - W0Monitor - INFO: current usage of /afs/cern.ch/user/l/l1ccalib/w0/DaemonData/jobs: 70%
2008-12-28 08:12 - W0Monitor - INFO: current usage of /afs/cern.ch/user/l/l1ccalib/w0/DaemonData/jobs: 70%
2008-12-28 08:17 - W0Monitor - INFO: current usage of /afs/cern.ch/user/l/l1ccalib/w0/DaemonData/jobs: 70%
2008-12-28 08:22 - W0Monitor - INFO: current usage of /afs/cern.ch/user/l/l1ccalib/w0/DaemonData/jobs: 70%
2008-12-28 08:27 - W0Monitor - INFO: current usage of /afs/cern.ch/user/l/l1ccalib/w0/DaemonData/jobs: 70%
2008-12-28 08:32 - W0Monitor - INFO: current usage of /afs/cern.ch/user/l/l1ccalib/w0/DaemonData/jobs: 70%
2008-12-28 08:37 - W0Monitor - INFO: current usage of /afs/cern.ch/user/l/l1ccalib/w0/DaemonData/jobs: 70%
2008-12-28 08:42 - W0Monitor - INFO: current usage of /afs/cern.ch/user/l/l1ccalib/w0/DaemonData/jobs: 70%
2008-12-28 08:47 - W0Monitor - INFO: current usage of /afs/cern.ch/user/l/l1ccalib/w0/DaemonData/jobs: 70%
2008-12-28 08:52 - W0Monitor - INFO: current usage of /afs/cern.ch/user/l/l1ccalib/w0/DaemonData/jobs: 70%
2008-12-28 08:57 - W0Monitor - INFO: current usage of /afs/cern.ch/user/l/l1ccalib/w0/DaemonData/jobs: 70%
2008-12-28 09:02 - W0Monitor - INFO: current usage of /afs/cern.ch/user/l/l1ccalib/w0/DaemonData/jobs: 70%
2008-12-28 09:07 - W0Monitor - INFO: current usage of /afs/cern.ch/user/l/l1ccalib/w0/DaemonData/jobs: 70%
2008-12-28 09:12 - W0Monitor - INFO: current usage of /afs/cern.ch/user/l/l1ccalib/w0/DaemonData/jobs: 70%
2008-12-28 09:17 - W0Monitor - INFO: current usage of /afs/cern.ch/user/l/l1ccalib/w0/DaemonData/jobs: 70%
2008-12-28 09:22 - W0Monitor - INFO: current usage of /afs/cern.ch/user/l/l1ccalib/w0/DaemonData/jobs: 70%
2008-12-28 09:27 - W0Monitor - INFO: current usage of /afs/cern.ch/user/l/l1ccalib/w0/DaemonData/jobs: 70%
2008-12-28 09:32 - W0Monitor - INFO: current usage of /afs/cern.ch/user/l/l1ccalib/w0/DaemonData/jobs: 70%
2008-12-28 09:37 - W0Monitor - INFO: current usage of /afs/cern.ch/user/l/l1ccalib/w0/DaemonData/jobs: 70%
2008-12-28 09:42 - W0Monitor - INFO: current usage of /afs/cern.ch/user/l/l1ccalib/w0/DaemonData/jobs: 70%
2008-12-28 09:47 - W0Monitor - INFO: current usage of /afs/cern.ch/user/l/l1ccalib/w0/DaemonData/jobs: 70%
2008-12-28 09:52 - W0Monitor - INFO: current usage of /afs/cern.ch/user/l/l1ccalib/w0/DaemonData/jobs: 70%
2008-12-28 09:57 - W0Monitor - INFO: current usage of /afs/cern.ch/user/l/l1ccalib/w0/DaemonData/jobs: 70%
2008-12-28 10:02 - W0Monitor - INFO: current usage of /afs/cern.ch/user/l/l1ccalib/w0/DaemonData/jobs: 70%
2008-12-28 10:07 - W0Monitor - INFO: current usage of /afs/cern.ch/user/l/l1ccalib/w0/DaemonData/jobs: 70%
2008-12-28 10:12 - W0Monitor - INFO: current usage of /afs/cern.ch/user/l/l1ccalib/w0/DaemonData/jobs: 70%
2008-12-28 10:17 - W0Monitor - INFO: current usage of /afs/cern.ch/user/l/l1ccalib/w0/DaemonData/jobs: 70%
2008-12-28 10:22 - W0Monitor - INFO: current usage of /afs/cern.ch/user/l/l1ccalib/w0/DaemonData/jobs: 70%
2008-12-28 10:27 - W0Monitor - INFO: current usage of /afs/cern.ch/user/l/l1ccalib/w0/DaemonData/jobs: 70%
2008-12-28 10:32 - W0Monitor - INFO: current usage of /afs/cern.ch/user/l/l1ccalib/w0/DaemonData/jobs: 70%
2008-12-28 10:37 - W0Monitor - INFO: current usage of /afs/cern.ch/user/l/l1ccalib/w0/DaemonData/jobs: 70%
2008-12-28 10:42 - W0Monitor - INFO: current usage of /afs/cern.ch/user/l/l1ccalib/w0/DaemonData/jobs: 70%
2008-12-28 10:47 - W0Monitor - INFO: current usage of /afs/cern.ch/user/l/l1ccalib/w0/DaemonData/jobs: 70%
2008-12-28 10:52 - W0Monitor - INFO: current usage of /afs/cern.ch/user/l/l1ccalib/w0/DaemonData/jobs: 70%
2008-12-28 10:57 - W0Monitor - INFO: current usage of /afs/cern.ch/user/l/l1ccalib/w0/DaemonData/jobs: 70%
2008-12-28 11:02 - W0Monitor - INFO: current usage of /afs/cern.ch/user/l/l1ccalib/w0/DaemonData/jobs: 70%
2008-12-28 11:07 - W0Monitor - INFO: current usage of /afs/cern.ch/user/l/l1ccalib/w0/DaemonData/jobs: 70%
2008-12-28 11:12 - W0Monitor - INFO: current usage of /afs/cern.ch/user/l/l1ccalib/w0/DaemonData/jobs: 70%
2008-12-28 11:17 - W0Monitor - INFO: current usage of /afs/cern.ch/user/l/l1ccalib/w0/DaemonData/jobs: 70%
2008-12-28 11:22 - W0Monitor - INFO: current usage of /afs/cern.ch/user/l/l1ccalib/w0/DaemonData/jobs: 70%
2008-12-28 11:27 - W0Monitor - INFO: current usage of /afs/cern.ch/user/l/l1ccalib/w0/DaemonData/jobs: 70%
2008-12-28 11:32 - W0Monitor - INFO: current usage of /afs/cern.ch/user/l/l1ccalib/w0/DaemonData/jobs: 70%
2008-12-28 11:37 - W0Monitor - INFO: current usage of /afs/cern.ch/user/l/l1ccalib/w0/DaemonData/jobs: 70%
2008-12-28 11:42 - W0Monitor - INFO: current usage of /afs/cern.ch/user/l/l1ccalib/w0/DaemonData/jobs: 70%
2008-12-28 11:47 - W0Monitor - INFO: current usage of /afs/cern.ch/user/l/l1ccalib/w0/DaemonData/jobs: 70%
2008-12-28 11:52 - W0Monitor - INFO: current usage of /afs/cern.ch/user/l/l1ccalib/w0/DaemonData/jobs: 70%
2008-12-28 11:57 - W0Monitor - INFO: current usage of /afs/cern.ch/user/l/l1ccalib/w0/DaemonData/jobs: 70%
2008-12-28 12:02 - W0Monitor - INFO: current usage of /afs/cern.ch/user/l/l1ccalib/w0/DaemonData/jobs: 70%
2008-12-28 12:07 - W0Monitor - INFO: current usage of /afs/cern.ch/user/l/l1ccalib/w0/DaemonData/jobs: 70%
2008-12-28 12:12 - W0Monitor - INFO: current usage of /afs/cern.ch/user/l/l1ccalib/w0/DaemonData/jobs: 70%
2008-12-28 12:17 - W0Monitor - INFO: current usage of /afs/cern.ch/user/l/l1ccalib/w0/DaemonData/jobs: 70%
2008-12-28 12:22 - W0Monitor - INFO: current usage of /afs/cern.ch/user/l/l1ccalib/w0/DaemonData/jobs: 70%
2008-12-28 12:27 - W0Monitor - INFO: current usage of /afs/cern.ch/user/l/l1ccalib/w0/DaemonData/jobs: 70%
2008-12-28 12:32 - W0Monitor - INFO: current usage of /afs/cern.ch/user/l/l1ccalib/w0/DaemonData/jobs: 70%
2008-12-28 12:37 - W0Monitor - INFO: current usage of /afs/cern.ch/user/l/l1ccalib/w0/DaemonData/jobs: 70%
2008-12-28 12:42 - W0Monitor - INFO: current usage of /afs/cern.ch/user/l/l1ccalib/w0/DaemonData/jobs: 70%
2008-12-28 12:47 - W0Monitor - INFO: current usage of /afs/cern.ch/user/l/l1ccalib/w0/DaemonData/jobs: 70%
2008-12-28 12:52 - W0Monitor - INFO: current usage of /afs/cern.ch/user/l/l1ccalib/w0/DaemonData/jobs: 70%
2008-12-28 12:57 - W0Monitor - INFO: current usage of /afs/cern.ch/user/l/l1ccalib/w0/DaemonData/jobs: 70%
2008-12-28 13:02 - W0Monitor - INFO: current usage of /afs/cern.ch/user/l/l1ccalib/w0/DaemonData/jobs: 70%
2008-12-28 13:07 - W0Monitor - INFO: current usage of /afs/cern.ch/user/l/l1ccalib/w0/DaemonData/jobs: 70%
2008-12-28 13:12 - W0Monitor - INFO: current usage of /afs/cern.ch/user/l/l1ccalib/w0/DaemonData/jobs: 70%
2008-12-28 13:17 - W0Monitor - INFO: current usage of /afs/cern.ch/user/l/l1ccalib/w0/DaemonData/jobs: 70%
2008-12-28 13:22 - W0Monitor - INFO: current usage of /afs/cern.ch/user/l/l1ccalib/w0/DaemonData/jobs: 70%
2008-12-28 13:27 - W0Monitor - INFO: current usage of /afs/cern.ch/user/l/l1ccalib/w0/DaemonData/jobs: 70%
2008-12-28 13:32 - W0Monitor - INFO: current usage of /afs/cern.ch/user/l/l1ccalib/w0/DaemonData/jobs: 70%
2008-12-28 13:37 - W0Monitor - INFO: current usage of /afs/cern.ch/user/l/l1ccalib/w0/DaemonData/jobs: 70%
2008-12-28 13:42 - W0Monitor - INFO: current usage of /afs/cern.ch/user/l/l1ccalib/w0/DaemonData/jobs: 70%
2008-12-28 13:47 - W0Monitor - INFO: current usage of /afs/cern.ch/user/l/l1ccalib/w0/DaemonData/jobs: 70%
2008-12-28 13:52 - W0Monitor - INFO: current usage of /afs/cern.ch/user/l/l1ccalib/w0/DaemonData/jobs: 70%
2008-12-28 13:57 - W0Monitor - INFO: current usage of /afs/cern.ch/user/l/l1ccalib/w0/DaemonData/jobs: 70%
2008-12-28 14:02 - W0Monitor - INFO: current usage of /afs/cern.ch/user/l/l1ccalib/w0/DaemonData/jobs: 70%
2008-12-28 14:07 - W0Monitor - INFO: current usage of /afs/cern.ch/user/l/l1ccalib/w0/DaemonData/jobs: 70%
2008-12-28 14:12 - W0Monitor - INFO: current usage of /afs/cern.ch/user/l/l1ccalib/w0/DaemonData/jobs: 70%
2008-12-28 14:17 - W0Monitor - INFO: current usage of /afs/cern.ch/user/l/l1ccalib/w0/DaemonData/jobs: 70%
2008-12-28 14:22 - W0Monitor - INFO: current usage of /afs/cern.ch/user/l/l1ccalib/w0/DaemonData/jobs: 70%
2008-12-28 14:27 - W0Monitor - INFO: current usage of /afs/cern.ch/user/l/l1ccalib/w0/DaemonData/jobs: 70%
2008-12-28 14:32 - W0Monitor - INFO: current usage of /afs/cern.ch/user/l/l1ccalib/w0/DaemonData/jobs: 70%
2008-12-28 14:37 - W0Monitor - INFO: current usage of /afs/cern.ch/user/l/l1ccalib/w0/DaemonData/jobs: 70%
2008-12-28 14:42 - W0Monitor - INFO: current usage of /afs/cern.ch/user/l/l1ccalib/w0/DaemonData/jobs: 70%
2008-12-28 14:47 - W0Monitor - INFO: current usage of /afs/cern.ch/user/l/l1ccalib/w0/DaemonData/jobs: 70%
2008-12-28 14:52 - W0Monitor - INFO: current usage of /afs/cern.ch/user/l/l1ccalib/w0/DaemonData/jobs: 70%
2008-12-28 14:57 - W0Monitor - INFO: current usage of /afs/cern.ch/user/l/l1ccalib/w0/DaemonData/jobs: 70%
2008-12-28 15:02 - W0Monitor - INFO: current usage of /afs/cern.ch/user/l/l1ccalib/w0/DaemonData/jobs: 70%
2008-12-28 15:07 - W0Monitor - INFO: current usage of /afs/cern.ch/user/l/l1ccalib/w0/DaemonData/jobs: 70%
2008-12-28 15:12 - W0Monitor - INFO: current usage of /afs/cern.ch/user/l/l1ccalib/w0/DaemonData/jobs: 70%
2008-12-28 15:17 - W0Monitor - INFO: current usage of /afs/cern.ch/user/l/l1ccalib/w0/DaemonData/jobs: 70%
2008-12-28 15:22 - W0Monitor - INFO: current usage of /afs/cern.ch/user/l/l1ccalib/w0/DaemonData/jobs: 70%
2008-12-28 15:27 - W0Monitor - INFO: current usage of /afs/cern.ch/user/l/l1ccalib/w0/DaemonData/jobs: 70%
2008-12-28 15:32 - W0Monitor - INFO: current usage of /afs/cern.ch/user/l/l1ccalib/w0/DaemonData/jobs: 70%
2008-12-28 15:37 - W0Monitor - INFO: current usage of /afs/cern.ch/user/l/l1ccalib/w0/DaemonData/jobs: 70%
2008-12-28 15:42 - W0Monitor - INFO: current usage of /afs/cern.ch/user/l/l1ccalib/w0/DaemonData/jobs: 70%
2008-12-28 15:47 - W0Monitor - INFO: current usage of /afs/cern.ch/user/l/l1ccalib/w0/DaemonData/jobs: 70%
2008-12-28 15:52 - W0Monitor - INFO: current usage of /afs/cern.ch/user/l/l1ccalib/w0/DaemonData/jobs: 70%
2008-12-28 15:57 - W0Monitor - INFO: current usage of /afs/cern.ch/user/l/l1ccalib/w0/DaemonData/jobs: 70%
2008-12-28 16:02 - W0Monitor - INFO: current usage of /afs/cern.ch/user/l/l1ccalib/w0/DaemonData/jobs: 70%
2008-12-28 16:07 - W0Monitor - INFO: current usage of /afs/cern.ch/user/l/l1ccalib/w0/DaemonData/jobs: 70%
2008-12-28 16:12 - W0Monitor - INFO: current usage of /afs/cern.ch/user/l/l1ccalib/w0/DaemonData/jobs: 70%
2008-12-28 16:17 - W0Monitor - INFO: current usage of /afs/cern.ch/user/l/l1ccalib/w0/DaemonData/jobs: 70%
2008-12-28 16:22 - W0Monitor - INFO: current usage of /afs/cern.ch/user/l/l1ccalib/w0/DaemonData/jobs: 70%
2008-12-28 16:27 - W0Monitor - INFO: current usage of /afs/cern.ch/user/l/l1ccalib/w0/DaemonData/jobs: 70%
2008-12-28 16:32 - W0Monitor - INFO: current usage of /afs/cern.ch/user/l/l1ccalib/w0/DaemonData/jobs: 70%
2008-12-28 16:37 - W0Monitor - INFO: current usage of /afs/cern.ch/user/l/l1ccalib/w0/DaemonData/jobs: 70%
2008-12-28 16:42 - W0Monitor - INFO: current usage of /afs/cern.ch/user/l/l1ccalib/w0/DaemonData/jobs: 70%
2008-12-28 16:47 - W0Monitor - INFO: current usage of /afs/cern.ch/user/l/l1ccalib/w0/DaemonData/jobs: 70%
2008-12-28 16:52 - W0Monitor - INFO: current usage of /afs/cern.ch/user/l/l1ccalib/w0/DaemonData/jobs: 70%
2008-12-28 16:57 - W0Monitor - INFO: current usage of /afs/cern.ch/user/l/l1ccalib/w0/DaemonData/jobs: 70%
2008-12-28 17:02 - W0Monitor - INFO: current usage of /afs/cern.ch/user/l/l1ccalib/w0/DaemonData/jobs: 70%
2008-12-28 17:07 - W0Monitor - INFO: current usage of /afs/cern.ch/user/l/l1ccalib/w0/DaemonData/jobs: 70%
2008-12-28 17:12 - W0Monitor - INFO: current usage of /afs/cern.ch/user/l/l1ccalib/w0/DaemonData/jobs: 70%
2008-12-28 17:17 - W0Monitor - INFO: current usage of /afs/cern.ch/user/l/l1ccalib/w0/DaemonData/jobs: 70%
2008-12-28 17:22 - W0Monitor - INFO: current usage of /afs/cern.ch/user/l/l1ccalib/w0/DaemonData/jobs: 70%
2008-12-28 17:27 - W0Monitor - INFO: current usage of /afs/cern.ch/user/l/l1ccalib/w0/DaemonData/jobs: 70%
2008-12-28 17:32 - W0Monitor - INFO: current usage of /afs/cern.ch/user/l/l1ccalib/w0/DaemonData/jobs: 70%
2008-12-28 17:37 - W0Monitor - INFO: current usage of /afs/cern.ch/user/l/l1ccalib/w0/DaemonData/jobs: 70%
2008-12-28 17:42 - W0Monitor - INFO: current usage of /afs/cern.ch/user/l/l1ccalib/w0/DaemonData/jobs: 70%
2008-12-28 17:47 - W0Monitor - INFO: current usage of /afs/cern.ch/user/l/l1ccalib/w0/DaemonData/jobs: 70%
2008-12-28 17:52 - W0Monitor - INFO: current usage of /afs/cern.ch/user/l/l1ccalib/w0/DaemonData/jobs: 70%
2008-12-28 17:57 - W0Monitor - INFO: current usage of /afs/cern.ch/user/l/l1ccalib/w0/DaemonData/jobs: 70%
2008-12-28 18:02 - W0Monitor - INFO: current usage of /afs/cern.ch/user/l/l1ccalib/w0/DaemonData/jobs: 70%
2008-12-28 18:07 - W0Monitor - INFO: current usage of /afs/cern.ch/user/l/l1ccalib/w0/DaemonData/jobs: 70%
2008-12-28 18:12 - W0Monitor - INFO: current usage of /afs/cern.ch/user/l/l1ccalib/w0/DaemonData/jobs: 70%
2008-12-28 18:17 - W0Monitor - INFO: current usage of /afs/cern.ch/user/l/l1ccalib/w0/DaemonData/jobs: 70%
2008-12-28 18:22 - W0Monitor - INFO: current usage of /afs/cern.ch/user/l/l1ccalib/w0/DaemonData/jobs: 70%
2008-12-28 18:27 - W0Monitor - INFO: current usage of /afs/cern.ch/user/l/l1ccalib/w0/DaemonData/jobs: 70%
2008-12-28 18:32 - W0Monitor - INFO: current usage of /afs/cern.ch/user/l/l1ccalib/w0/DaemonData/jobs: 70%
2008-12-28 18:37 - W0Monitor - INFO: current usage of /afs/cern.ch/user/l/l1ccalib/w0/DaemonData/jobs: 70%
2008-12-28 18:42 - W0Monitor - INFO: current usage of /afs/cern.ch/user/l/l1ccalib/w0/DaemonData/jobs: 70%
2008-12-28 18:47 - W0Monitor - INFO: current usage of /afs/cern.ch/user/l/l1ccalib/w0/DaemonData/jobs: 70%
2008-12-28 18:52 - W0Monitor - INFO: current usage of /afs/cern.ch/user/l/l1ccalib/w0/DaemonData/jobs: 70%
2008-12-28 18:57 - W0Monitor - INFO: current usage of /afs/cern.ch/user/l/l1ccalib/w0/DaemonData/jobs: 70%
2008-12-28 19:02 - W0Monitor - INFO: current usage of /afs/cern.ch/user/l/l1ccalib/w0/DaemonData/jobs: 70%
2008-12-28 19:07 - W0Monitor - INFO: current usage of /afs/cern.ch/user/l/l1ccalib/w0/DaemonData/jobs: 70%
2008-12-28 19:12 - W0Monitor - INFO: current usage of /afs/cern.ch/user/l/l1ccalib/w0/DaemonData/jobs: 70%
2008-12-28 19:17 - W0Monitor - INFO: current usage of /afs/cern.ch/user/l/l1ccalib/w0/DaemonData/jobs: 70%
2008-12-28 19:22 - W0Monitor - INFO: current usage of /afs/cern.ch/user/l/l1ccalib/w0/DaemonData/jobs: 70%
2008-12-28 19:27 - W0Monitor - INFO: current usage of /afs/cern.ch/user/l/l1ccalib/w0/DaemonData/jobs: 70%
2008-12-28 19:32 - W0Monitor - INFO: current usage of /afs/cern.ch/user/l/l1ccalib/w0/DaemonData/jobs: 70%
2008-12-28 19:37 - W0Monitor - INFO: current usage of /afs/cern.ch/user/l/l1ccalib/w0/DaemonData/jobs: 70%
2008-12-28 19:42 - W0Monitor - INFO: current usage of /afs/cern.ch/user/l/l1ccalib/w0/DaemonData/jobs: 70%
2008-12-28 19:47 - W0Monitor - INFO: current usage of /afs/cern.ch/user/l/l1ccalib/w0/DaemonData/jobs: 70%
2008-12-28 19:52 - W0Monitor - INFO: current usage of /afs/cern.ch/user/l/l1ccalib/w0/DaemonData/jobs: 70%
2008-12-28 19:57 - W0Monitor - INFO: current usage of /afs/cern.ch/user/l/l1ccalib/w0/DaemonData/jobs: 70%
2008-12-28 20:02 - W0Monitor - INFO: current usage of /afs/cern.ch/user/l/l1ccalib/w0/DaemonData/jobs: 70%
2008-12-28 20:07 - W0Monitor - INFO: current usage of /afs/cern.ch/user/l/l1ccalib/w0/DaemonData/jobs: 70%
2008-12-28 20:12 - W0Monitor - INFO: current usage of /afs/cern.ch/user/l/l1ccalib/w0/DaemonData/jobs: 70%
2008-12-28 20:17 - W0Monitor - INFO: current usage of /afs/cern.ch/user/l/l1ccalib/w0/DaemonData/jobs: 70%
2008-12-28 20:22 - W0Monitor - INFO: current usage of /afs/cern.ch/user/l/l1ccalib/w0/DaemonData/jobs: 70%
2008-12-28 20:27 - W0Monitor - INFO: current usage of /afs/cern.ch/user/l/l1ccalib/w0/DaemonData/jobs: 70%
2008-12-28 20:32 - W0Monitor - INFO: current usage of /afs/cern.ch/user/l/l1ccalib/w0/DaemonData/jobs: 70%
2008-12-28 20:37 - W0Monitor - INFO: current usage of /afs/cern.ch/user/l/l1ccalib/w0/DaemonData/jobs: 70%
2008-12-28 20:42 - W0Monitor - INFO: current usage of /afs/cern.ch/user/l/l1ccalib/w0/DaemonData/jobs: 70%
2008-12-28 20:47 - W0Monitor - INFO: current usage of /afs/cern.ch/user/l/l1ccalib/w0/DaemonData/jobs: 70%
2008-12-28 20:52 - W0Monitor - INFO: current usage of /afs/cern.ch/user/l/l1ccalib/w0/DaemonData/jobs: 70%
2008-12-28 20:57 - W0Monitor - INFO: current usage of /afs/cern.ch/user/l/l1ccalib/w0/DaemonData/jobs: 70%
2008-12-28 21:02 - W0Monitor - INFO: current usage of /afs/cern.ch/user/l/l1ccalib/w0/DaemonData/jobs: 70%
2008-12-28 21:07 - W0Monitor - INFO: current usage of /afs/cern.ch/user/l/l1ccalib/w0/DaemonData/jobs: 70%
2008-12-28 21:12 - W0Monitor - INFO: current usage of /afs/cern.ch/user/l/l1ccalib/w0/DaemonData/jobs: 70%
2008-12-28 21:17 - W0Monitor - INFO: current usage of /afs/cern.ch/user/l/l1ccalib/w0/DaemonData/jobs: 70%
2008-12-28 21:22 - W0Monitor - INFO: current usage of /afs/cern.ch/user/l/l1ccalib/w0/DaemonData/jobs: 70%
2008-12-28 21:27 - W0Monitor - INFO: current usage of /afs/cern.ch/user/l/l1ccalib/w0/DaemonData/jobs: 70%
2008-12-28 21:32 - W0Monitor - INFO: current usage of /afs/cern.ch/user/l/l1ccalib/w0/DaemonData/jobs: 70%
2008-12-28 21:37 - W0Monitor - INFO: current usage of /afs/cern.ch/user/l/l1ccalib/w0/DaemonData/jobs: 70%
2008-12-28 21:42 - W0Monitor - INFO: current usage of /afs/cern.ch/user/l/l1ccalib/w0/DaemonData/jobs: 70%
2008-12-28 21:47 - W0Monitor - INFO: current usage of /afs/cern.ch/user/l/l1ccalib/w0/DaemonData/jobs: 70%
2008-12-28 21:52 - W0Monitor - INFO: current usage of /afs/cern.ch/user/l/l1ccalib/w0/DaemonData/jobs: 70%
2008-12-28 21:57 - W0Monitor - INFO: current usage of /afs/cern.ch/user/l/l1ccalib/w0/DaemonData/jobs: 70%
2008-12-28 22:02 - W0Monitor - INFO: current usage of /afs/cern.ch/user/l/l1ccalib/w0/DaemonData/jobs: 70%
2008-12-28 22:07 - W0Monitor - INFO: current usage of /afs/cern.ch/user/l/l1ccalib/w0/DaemonData/jobs: 70%
2008-12-28 22:12 - W0Monitor - INFO: current usage of /afs/cern.ch/user/l/l1ccalib/w0/DaemonData/jobs: 70%
2008-12-28 22:17 - W0Monitor - INFO: current usage of /afs/cern.ch/user/l/l1ccalib/w0/DaemonData/jobs: 70%
2008-12-28 22:22 - W0Monitor - INFO: current usage of /afs/cern.ch/user/l/l1ccalib/w0/DaemonData/jobs: 70%
2008-12-28 22:27 - W0Monitor - INFO: current usage of /afs/cern.ch/user/l/l1ccalib/w0/DaemonData/jobs: 70%
2008-12-28 22:32 - W0Monitor - INFO: current usage of /afs/cern.ch/user/l/l1ccalib/w0/DaemonData/jobs: 70%
2008-12-28 22:37 - W0Monitor - INFO: current usage of /afs/cern.ch/user/l/l1ccalib/w0/DaemonData/jobs: 70%
2008-12-28 22:42 - W0Monitor - INFO: current usage of /afs/cern.ch/user/l/l1ccalib/w0/DaemonData/jobs: 70%
2008-12-28 22:47 - W0Monitor - INFO: current usage of /afs/cern.ch/user/l/l1ccalib/w0/DaemonData/jobs: 70%
2008-12-28 22:52 - W0Monitor - INFO: current usage of /afs/cern.ch/user/l/l1ccalib/w0/DaemonData/jobs: 70%
2008-12-28 22:57 - W0Monitor - INFO: current usage of /afs/cern.ch/user/l/l1ccalib/w0/DaemonData/jobs: 70%
2008-12-28 23:02 - W0Monitor - INFO: current usage of /afs/cern.ch/user/l/l1ccalib/w0/DaemonData/jobs: 70%
2008-12-28 23:07 - W0Monitor - INFO: current usage of /afs/cern.ch/user/l/l1ccalib/w0/DaemonData/jobs: 70%
2008-12-28 23:12 - W0Monitor - INFO: current usage of /afs/cern.ch/user/l/l1ccalib/w0/DaemonData/jobs: 70%
2008-12-28 23:17 - W0Monitor - INFO: current usage of /afs/cern.ch/user/l/l1ccalib/w0/DaemonData/jobs: 70%
2008-12-28 23:22 - W0Monitor - INFO: current usage of /afs/cern.ch/user/l/l1ccalib/w0/DaemonData/jobs: 70%
2008-12-28 23:27 - W0Monitor - INFO: current usage of /afs/cern.ch/user/l/l1ccalib/w0/DaemonData/jobs: 70%
2008-12-28 23:32 - W0Monitor - INFO: current usage of /afs/cern.ch/user/l/l1ccalib/w0/DaemonData/jobs: 70%
2008-12-28 23:37 - W0Monitor - INFO: current usage of /afs/cern.ch/user/l/l1ccalib/w0/DaemonData/jobs: 70%
2008-12-28 23:42 - W0Monitor - INFO: current usage of /afs/cern.ch/user/l/l1ccalib/w0/DaemonData/jobs: 70%
2008-12-28 23:47 - W0Monitor - INFO: current usage of /afs/cern.ch/user/l/l1ccalib/w0/DaemonData/jobs: 70%
2008-12-28 23:52 - W0Monitor - INFO: current usage of /afs/cern.ch/user/l/l1ccalib/w0/DaemonData/jobs: 70%
2008-12-28 23:57 - W0Monitor - INFO: current usage of /afs/cern.ch/user/l/l1ccalib/w0/DaemonData/jobs: 70%
