2009-01-19 00:01 - W0Monitor - INFO: ========================================
2009-01-19 00:01 - W0Monitor - INFO: W0Monitor in init
2009-01-19 00:01 - W0Monitor - INFO: init file W0MonitorConfig.py was found
2009-01-19 00:01 - W0Monitor - INFO: Watching at: /afs/cern.ch/user/l/l1ccalib/w0/DaemonData/jobs
2009-01-19 00:01 - W0Monitor - INFO: Purge threshold: 75%
2009-01-19 00:01 - W0Monitor - INFO: RemovalOk: False
2009-01-19 00:01 - W0Monitor - INFO: current usage : 70%
2009-01-19 00:01 - W0Monitor - INFO: W0Monitor initialized
2009-01-19 00:01 - W0Monitor - INFO: ========================================
2009-01-19 00:06 - W0Monitor - INFO: current usage of /afs/cern.ch/user/l/l1ccalib/w0/DaemonData/jobs: 70%
2009-01-19 00:11 - W0Monitor - INFO: current usage of /afs/cern.ch/user/l/l1ccalib/w0/DaemonData/jobs: 70%
2009-01-19 00:16 - W0Monitor - INFO: current usage of /afs/cern.ch/user/l/l1ccalib/w0/DaemonData/jobs: 70%
2009-01-19 00:21 - W0Monitor - INFO: current usage of /afs/cern.ch/user/l/l1ccalib/w0/DaemonData/jobs: 70%
2009-01-19 00:26 - W0Monitor - INFO: current usage of /afs/cern.ch/user/l/l1ccalib/w0/DaemonData/jobs: 70%
2009-01-19 00:31 - W0Monitor - INFO: current usage of /afs/cern.ch/user/l/l1ccalib/w0/DaemonData/jobs: 70%
2009-01-19 00:36 - W0Monitor - INFO: current usage of /afs/cern.ch/user/l/l1ccalib/w0/DaemonData/jobs: 70%
2009-01-19 00:41 - W0Monitor - INFO: current usage of /afs/cern.ch/user/l/l1ccalib/w0/DaemonData/jobs: 70%
2009-01-19 00:46 - W0Monitor - INFO: current usage of /afs/cern.ch/user/l/l1ccalib/w0/DaemonData/jobs: 70%
2009-01-19 00:51 - W0Monitor - INFO: current usage of /afs/cern.ch/user/l/l1ccalib/w0/DaemonData/jobs: 70%
2009-01-19 00:56 - W0Monitor - INFO: current usage of /afs/cern.ch/user/l/l1ccalib/w0/DaemonData/jobs: 70%
2009-01-19 01:01 - W0Monitor - INFO: current usage of /afs/cern.ch/user/l/l1ccalib/w0/DaemonData/jobs: 70%
2009-01-19 01:06 - W0Monitor - INFO: current usage of /afs/cern.ch/user/l/l1ccalib/w0/DaemonData/jobs: 70%
2009-01-19 01:11 - W0Monitor - INFO: current usage of /afs/cern.ch/user/l/l1ccalib/w0/DaemonData/jobs: 70%
2009-01-19 01:16 - W0Monitor - INFO: current usage of /afs/cern.ch/user/l/l1ccalib/w0/DaemonData/jobs: 70%
2009-01-19 01:21 - W0Monitor - INFO: current usage of /afs/cern.ch/user/l/l1ccalib/w0/DaemonData/jobs: 70%
2009-01-19 01:26 - W0Monitor - INFO: current usage of /afs/cern.ch/user/l/l1ccalib/w0/DaemonData/jobs: 70%
2009-01-19 01:31 - W0Monitor - INFO: current usage of /afs/cern.ch/user/l/l1ccalib/w0/DaemonData/jobs: 70%
2009-01-19 01:36 - W0Monitor - INFO: current usage of /afs/cern.ch/user/l/l1ccalib/w0/DaemonData/jobs: 70%
2009-01-19 01:41 - W0Monitor - INFO: current usage of /afs/cern.ch/user/l/l1ccalib/w0/DaemonData/jobs: 70%
2009-01-19 01:46 - W0Monitor - INFO: current usage of /afs/cern.ch/user/l/l1ccalib/w0/DaemonData/jobs: 70%
2009-01-19 01:51 - W0Monitor - INFO: current usage of /afs/cern.ch/user/l/l1ccalib/w0/DaemonData/jobs: 70%
2009-01-19 01:56 - W0Monitor - INFO: current usage of /afs/cern.ch/user/l/l1ccalib/w0/DaemonData/jobs: 70%
2009-01-19 02:01 - W0Monitor - INFO: current usage of /afs/cern.ch/user/l/l1ccalib/w0/DaemonData/jobs: 70%
2009-01-19 02:06 - W0Monitor - INFO: current usage of /afs/cern.ch/user/l/l1ccalib/w0/DaemonData/jobs: 70%
2009-01-19 02:11 - W0Monitor - INFO: current usage of /afs/cern.ch/user/l/l1ccalib/w0/DaemonData/jobs: 70%
2009-01-19 02:16 - W0Monitor - INFO: current usage of /afs/cern.ch/user/l/l1ccalib/w0/DaemonData/jobs: 70%
2009-01-19 02:21 - W0Monitor - INFO: current usage of /afs/cern.ch/user/l/l1ccalib/w0/DaemonData/jobs: 70%
2009-01-19 02:26 - W0Monitor - INFO: current usage of /afs/cern.ch/user/l/l1ccalib/w0/DaemonData/jobs: 70%
2009-01-19 02:31 - W0Monitor - INFO: current usage of /afs/cern.ch/user/l/l1ccalib/w0/DaemonData/jobs: 70%
2009-01-19 02:36 - W0Monitor - INFO: current usage of /afs/cern.ch/user/l/l1ccalib/w0/DaemonData/jobs: 70%
2009-01-19 02:41 - W0Monitor - INFO: current usage of /afs/cern.ch/user/l/l1ccalib/w0/DaemonData/jobs: 70%
2009-01-19 02:46 - W0Monitor - INFO: current usage of /afs/cern.ch/user/l/l1ccalib/w0/DaemonData/jobs: 70%
2009-01-19 02:51 - W0Monitor - INFO: current usage of /afs/cern.ch/user/l/l1ccalib/w0/DaemonData/jobs: 70%
2009-01-19 02:56 - W0Monitor - INFO: current usage of /afs/cern.ch/user/l/l1ccalib/w0/DaemonData/jobs: 70%
2009-01-19 03:01 - W0Monitor - INFO: current usage of /afs/cern.ch/user/l/l1ccalib/w0/DaemonData/jobs: 70%
2009-01-19 03:06 - W0Monitor - INFO: current usage of /afs/cern.ch/user/l/l1ccalib/w0/DaemonData/jobs: 70%
2009-01-19 03:11 - W0Monitor - INFO: current usage of /afs/cern.ch/user/l/l1ccalib/w0/DaemonData/jobs: 70%
2009-01-19 03:16 - W0Monitor - INFO: current usage of /afs/cern.ch/user/l/l1ccalib/w0/DaemonData/jobs: 70%
2009-01-19 03:21 - W0Monitor - INFO: current usage of /afs/cern.ch/user/l/l1ccalib/w0/DaemonData/jobs: 70%
2009-01-19 03:26 - W0Monitor - INFO: current usage of /afs/cern.ch/user/l/l1ccalib/w0/DaemonData/jobs: 70%
2009-01-19 03:31 - W0Monitor - INFO: current usage of /afs/cern.ch/user/l/l1ccalib/w0/DaemonData/jobs: 70%
2009-01-19 03:36 - W0Monitor - INFO: current usage of /afs/cern.ch/user/l/l1ccalib/w0/DaemonData/jobs: 70%
2009-01-19 03:41 - W0Monitor - INFO: current usage of /afs/cern.ch/user/l/l1ccalib/w0/DaemonData/jobs: 70%
2009-01-19 03:46 - W0Monitor - INFO: current usage of /afs/cern.ch/user/l/l1ccalib/w0/DaemonData/jobs: 70%
2009-01-19 03:51 - W0Monitor - INFO: current usage of /afs/cern.ch/user/l/l1ccalib/w0/DaemonData/jobs: 70%
2009-01-19 03:56 - W0Monitor - INFO: current usage of /afs/cern.ch/user/l/l1ccalib/w0/DaemonData/jobs: 70%
2009-01-19 04:01 - W0Monitor - INFO: current usage of /afs/cern.ch/user/l/l1ccalib/w0/DaemonData/jobs: 70%
2009-01-19 04:06 - W0Monitor - INFO: current usage of /afs/cern.ch/user/l/l1ccalib/w0/DaemonData/jobs: 70%
2009-01-19 04:11 - W0Monitor - INFO: current usage of /afs/cern.ch/user/l/l1ccalib/w0/DaemonData/jobs: 70%
2009-01-19 04:16 - W0Monitor - INFO: current usage of /afs/cern.ch/user/l/l1ccalib/w0/DaemonData/jobs: 70%
2009-01-19 04:21 - W0Monitor - INFO: current usage of /afs/cern.ch/user/l/l1ccalib/w0/DaemonData/jobs: 70%
2009-01-19 04:26 - W0Monitor - INFO: current usage of /afs/cern.ch/user/l/l1ccalib/w0/DaemonData/jobs: 70%
2009-01-19 04:31 - W0Monitor - INFO: current usage of /afs/cern.ch/user/l/l1ccalib/w0/DaemonData/jobs: 70%
2009-01-19 04:36 - W0Monitor - INFO: current usage of /afs/cern.ch/user/l/l1ccalib/w0/DaemonData/jobs: 70%
2009-01-19 04:41 - W0Monitor - INFO: current usage of /afs/cern.ch/user/l/l1ccalib/w0/DaemonData/jobs: 70%
2009-01-19 04:46 - W0Monitor - INFO: current usage of /afs/cern.ch/user/l/l1ccalib/w0/DaemonData/jobs: 70%
2009-01-19 04:51 - W0Monitor - INFO: current usage of /afs/cern.ch/user/l/l1ccalib/w0/DaemonData/jobs: 70%
2009-01-19 04:56 - W0Monitor - INFO: current usage of /afs/cern.ch/user/l/l1ccalib/w0/DaemonData/jobs: 70%
2009-01-19 05:01 - W0Monitor - INFO: current usage of /afs/cern.ch/user/l/l1ccalib/w0/DaemonData/jobs: 70%
2009-01-19 05:06 - W0Monitor - INFO: current usage of /afs/cern.ch/user/l/l1ccalib/w0/DaemonData/jobs: 70%
2009-01-19 05:11 - W0Monitor - INFO: current usage of /afs/cern.ch/user/l/l1ccalib/w0/DaemonData/jobs: 70%
2009-01-19 05:16 - W0Monitor - INFO: current usage of /afs/cern.ch/user/l/l1ccalib/w0/DaemonData/jobs: 70%
2009-01-19 05:21 - W0Monitor - INFO: current usage of /afs/cern.ch/user/l/l1ccalib/w0/DaemonData/jobs: 70%
2009-01-19 05:26 - W0Monitor - INFO: current usage of /afs/cern.ch/user/l/l1ccalib/w0/DaemonData/jobs: 70%
2009-01-19 05:31 - W0Monitor - INFO: current usage of /afs/cern.ch/user/l/l1ccalib/w0/DaemonData/jobs: 70%
2009-01-19 05:36 - W0Monitor - INFO: current usage of /afs/cern.ch/user/l/l1ccalib/w0/DaemonData/jobs: 70%
2009-01-19 05:41 - W0Monitor - INFO: current usage of /afs/cern.ch/user/l/l1ccalib/w0/DaemonData/jobs: 70%
2009-01-19 05:46 - W0Monitor - INFO: current usage of /afs/cern.ch/user/l/l1ccalib/w0/DaemonData/jobs: 70%
2009-01-19 05:51 - W0Monitor - INFO: current usage of /afs/cern.ch/user/l/l1ccalib/w0/DaemonData/jobs: 70%
2009-01-19 05:56 - W0Monitor - INFO: current usage of /afs/cern.ch/user/l/l1ccalib/w0/DaemonData/jobs: 70%
2009-01-19 06:01 - W0Monitor - INFO: current usage of /afs/cern.ch/user/l/l1ccalib/w0/DaemonData/jobs: 70%
2009-01-19 06:06 - W0Monitor - INFO: current usage of /afs/cern.ch/user/l/l1ccalib/w0/DaemonData/jobs: 70%
2009-01-19 06:11 - W0Monitor - INFO: current usage of /afs/cern.ch/user/l/l1ccalib/w0/DaemonData/jobs: 70%
2009-01-19 06:16 - W0Monitor - INFO: current usage of /afs/cern.ch/user/l/l1ccalib/w0/DaemonData/jobs: 70%
2009-01-19 06:21 - W0Monitor - INFO: current usage of /afs/cern.ch/user/l/l1ccalib/w0/DaemonData/jobs: 70%
2009-01-19 06:26 - W0Monitor - INFO: current usage of /afs/cern.ch/user/l/l1ccalib/w0/DaemonData/jobs: 70%
2009-01-19 06:31 - W0Monitor - INFO: current usage of /afs/cern.ch/user/l/l1ccalib/w0/DaemonData/jobs: 70%
2009-01-19 06:36 - W0Monitor - INFO: current usage of /afs/cern.ch/user/l/l1ccalib/w0/DaemonData/jobs: 70%
2009-01-19 06:41 - W0Monitor - INFO: current usage of /afs/cern.ch/user/l/l1ccalib/w0/DaemonData/jobs: 70%
2009-01-19 06:46 - W0Monitor - INFO: current usage of /afs/cern.ch/user/l/l1ccalib/w0/DaemonData/jobs: 70%
2009-01-19 06:51 - W0Monitor - INFO: current usage of /afs/cern.ch/user/l/l1ccalib/w0/DaemonData/jobs: 70%
2009-01-19 06:56 - W0Monitor - INFO: current usage of /afs/cern.ch/user/l/l1ccalib/w0/DaemonData/jobs: 70%
2009-01-19 07:01 - W0Monitor - INFO: current usage of /afs/cern.ch/user/l/l1ccalib/w0/DaemonData/jobs: 70%
2009-01-19 07:06 - W0Monitor - INFO: current usage of /afs/cern.ch/user/l/l1ccalib/w0/DaemonData/jobs: 70%
2009-01-19 07:11 - W0Monitor - INFO: current usage of /afs/cern.ch/user/l/l1ccalib/w0/DaemonData/jobs: 70%
2009-01-19 07:16 - W0Monitor - INFO: current usage of /afs/cern.ch/user/l/l1ccalib/w0/DaemonData/jobs: 70%
2009-01-19 07:21 - W0Monitor - INFO: current usage of /afs/cern.ch/user/l/l1ccalib/w0/DaemonData/jobs: 70%
2009-01-19 07:26 - W0Monitor - INFO: current usage of /afs/cern.ch/user/l/l1ccalib/w0/DaemonData/jobs: 70%
2009-01-19 07:31 - W0Monitor - INFO: current usage of /afs/cern.ch/user/l/l1ccalib/w0/DaemonData/jobs: 70%
2009-01-19 07:36 - W0Monitor - INFO: current usage of /afs/cern.ch/user/l/l1ccalib/w0/DaemonData/jobs: 70%
2009-01-19 07:41 - W0Monitor - INFO: current usage of /afs/cern.ch/user/l/l1ccalib/w0/DaemonData/jobs: 70%
2009-01-19 07:46 - W0Monitor - INFO: current usage of /afs/cern.ch/user/l/l1ccalib/w0/DaemonData/jobs: 70%
2009-01-19 07:51 - W0Monitor - INFO: current usage of /afs/cern.ch/user/l/l1ccalib/w0/DaemonData/jobs: 70%
2009-01-19 07:56 - W0Monitor - INFO: current usage of /afs/cern.ch/user/l/l1ccalib/w0/DaemonData/jobs: 70%
2009-01-19 08:01 - W0Monitor - INFO: current usage of /afs/cern.ch/user/l/l1ccalib/w0/DaemonData/jobs: 70%
2009-01-19 08:06 - W0Monitor - INFO: current usage of /afs/cern.ch/user/l/l1ccalib/w0/DaemonData/jobs: 70%
2009-01-19 08:11 - W0Monitor - INFO: current usage of /afs/cern.ch/user/l/l1ccalib/w0/DaemonData/jobs: 70%
2009-01-19 08:16 - W0Monitor - INFO: current usage of /afs/cern.ch/user/l/l1ccalib/w0/DaemonData/jobs: 70%
2009-01-19 08:21 - W0Monitor - INFO: current usage of /afs/cern.ch/user/l/l1ccalib/w0/DaemonData/jobs: 70%
2009-01-19 08:26 - W0Monitor - INFO: current usage of /afs/cern.ch/user/l/l1ccalib/w0/DaemonData/jobs: 70%
2009-01-19 08:31 - W0Monitor - INFO: current usage of /afs/cern.ch/user/l/l1ccalib/w0/DaemonData/jobs: 70%
2009-01-19 08:36 - W0Monitor - INFO: current usage of /afs/cern.ch/user/l/l1ccalib/w0/DaemonData/jobs: 70%
2009-01-19 08:41 - W0Monitor - INFO: current usage of /afs/cern.ch/user/l/l1ccalib/w0/DaemonData/jobs: 70%
2009-01-19 08:46 - W0Monitor - INFO: current usage of /afs/cern.ch/user/l/l1ccalib/w0/DaemonData/jobs: 70%
2009-01-19 08:51 - W0Monitor - INFO: current usage of /afs/cern.ch/user/l/l1ccalib/w0/DaemonData/jobs: 70%
2009-01-19 08:56 - W0Monitor - INFO: current usage of /afs/cern.ch/user/l/l1ccalib/w0/DaemonData/jobs: 70%
2009-01-19 09:01 - W0Monitor - INFO: current usage of /afs/cern.ch/user/l/l1ccalib/w0/DaemonData/jobs: 70%
2009-01-19 09:06 - W0Monitor - INFO: current usage of /afs/cern.ch/user/l/l1ccalib/w0/DaemonData/jobs: 70%
2009-01-19 09:11 - W0Monitor - INFO: current usage of /afs/cern.ch/user/l/l1ccalib/w0/DaemonData/jobs: 70%
2009-01-19 09:16 - W0Monitor - INFO: current usage of /afs/cern.ch/user/l/l1ccalib/w0/DaemonData/jobs: 70%
2009-01-19 09:21 - W0Monitor - INFO: current usage of /afs/cern.ch/user/l/l1ccalib/w0/DaemonData/jobs: 70%
2009-01-19 09:26 - W0Monitor - INFO: current usage of /afs/cern.ch/user/l/l1ccalib/w0/DaemonData/jobs: 70%
2009-01-19 09:31 - W0Monitor - INFO: current usage of /afs/cern.ch/user/l/l1ccalib/w0/DaemonData/jobs: 70%
2009-01-19 09:36 - W0Monitor - INFO: current usage of /afs/cern.ch/user/l/l1ccalib/w0/DaemonData/jobs: 70%
2009-01-19 09:41 - W0Monitor - INFO: current usage of /afs/cern.ch/user/l/l1ccalib/w0/DaemonData/jobs: 70%
2009-01-19 09:46 - W0Monitor - INFO: current usage of /afs/cern.ch/user/l/l1ccalib/w0/DaemonData/jobs: 70%
2009-01-19 09:51 - W0Monitor - INFO: current usage of /afs/cern.ch/user/l/l1ccalib/w0/DaemonData/jobs: 70%
2009-01-19 09:56 - W0Monitor - INFO: current usage of /afs/cern.ch/user/l/l1ccalib/w0/DaemonData/jobs: 70%
2009-01-19 10:01 - W0Monitor - INFO: current usage of /afs/cern.ch/user/l/l1ccalib/w0/DaemonData/jobs: 70%
2009-01-19 10:06 - W0Monitor - INFO: current usage of /afs/cern.ch/user/l/l1ccalib/w0/DaemonData/jobs: 70%
2009-01-19 10:11 - W0Monitor - INFO: current usage of /afs/cern.ch/user/l/l1ccalib/w0/DaemonData/jobs: 70%
2009-01-19 10:16 - W0Monitor - INFO: current usage of /afs/cern.ch/user/l/l1ccalib/w0/DaemonData/jobs: 70%
2009-01-19 10:21 - W0Monitor - INFO: current usage of /afs/cern.ch/user/l/l1ccalib/w0/DaemonData/jobs: 70%
2009-01-19 10:26 - W0Monitor - INFO: current usage of /afs/cern.ch/user/l/l1ccalib/w0/DaemonData/jobs: 70%
2009-01-19 10:31 - W0Monitor - INFO: current usage of /afs/cern.ch/user/l/l1ccalib/w0/DaemonData/jobs: 70%
2009-01-19 10:36 - W0Monitor - INFO: current usage of /afs/cern.ch/user/l/l1ccalib/w0/DaemonData/jobs: 70%
2009-01-19 10:41 - W0Monitor - INFO: current usage of /afs/cern.ch/user/l/l1ccalib/w0/DaemonData/jobs: 70%
2009-01-19 10:46 - W0Monitor - INFO: current usage of /afs/cern.ch/user/l/l1ccalib/w0/DaemonData/jobs: 70%
2009-01-19 10:51 - W0Monitor - INFO: current usage of /afs/cern.ch/user/l/l1ccalib/w0/DaemonData/jobs: 70%
2009-01-19 10:56 - W0Monitor - INFO: current usage of /afs/cern.ch/user/l/l1ccalib/w0/DaemonData/jobs: 70%
2009-01-19 11:01 - W0Monitor - INFO: current usage of /afs/cern.ch/user/l/l1ccalib/w0/DaemonData/jobs: 70%
2009-01-19 11:06 - W0Monitor - INFO: current usage of /afs/cern.ch/user/l/l1ccalib/w0/DaemonData/jobs: 70%
2009-01-19 11:11 - W0Monitor - INFO: current usage of /afs/cern.ch/user/l/l1ccalib/w0/DaemonData/jobs: 70%
2009-01-19 11:16 - W0Monitor - INFO: current usage of /afs/cern.ch/user/l/l1ccalib/w0/DaemonData/jobs: 70%
2009-01-19 11:21 - W0Monitor - INFO: current usage of /afs/cern.ch/user/l/l1ccalib/w0/DaemonData/jobs: 70%
2009-01-19 11:26 - W0Monitor - INFO: current usage of /afs/cern.ch/user/l/l1ccalib/w0/DaemonData/jobs: 70%
2009-01-19 11:31 - W0Monitor - INFO: current usage of /afs/cern.ch/user/l/l1ccalib/w0/DaemonData/jobs: 70%
2009-01-19 11:36 - W0Monitor - INFO: current usage of /afs/cern.ch/user/l/l1ccalib/w0/DaemonData/jobs: 70%
2009-01-19 11:41 - W0Monitor - INFO: current usage of /afs/cern.ch/user/l/l1ccalib/w0/DaemonData/jobs: 70%
2009-01-19 11:46 - W0Monitor - INFO: current usage of /afs/cern.ch/user/l/l1ccalib/w0/DaemonData/jobs: 70%
2009-01-19 11:51 - W0Monitor - INFO: current usage of /afs/cern.ch/user/l/l1ccalib/w0/DaemonData/jobs: 70%
2009-01-19 11:56 - W0Monitor - INFO: current usage of /afs/cern.ch/user/l/l1ccalib/w0/DaemonData/jobs: 70%
2009-01-19 12:01 - W0Monitor - INFO: current usage of /afs/cern.ch/user/l/l1ccalib/w0/DaemonData/jobs: 70%
2009-01-19 12:06 - W0Monitor - INFO: current usage of /afs/cern.ch/user/l/l1ccalib/w0/DaemonData/jobs: 70%
2009-01-19 12:11 - W0Monitor - INFO: current usage of /afs/cern.ch/user/l/l1ccalib/w0/DaemonData/jobs: 70%
2009-01-19 12:16 - W0Monitor - INFO: current usage of /afs/cern.ch/user/l/l1ccalib/w0/DaemonData/jobs: 70%
2009-01-19 12:21 - W0Monitor - INFO: current usage of /afs/cern.ch/user/l/l1ccalib/w0/DaemonData/jobs: 70%
2009-01-19 12:26 - W0Monitor - INFO: current usage of /afs/cern.ch/user/l/l1ccalib/w0/DaemonData/jobs: 70%
2009-01-19 12:31 - W0Monitor - INFO: current usage of /afs/cern.ch/user/l/l1ccalib/w0/DaemonData/jobs: 70%
2009-01-19 12:36 - W0Monitor - INFO: current usage of /afs/cern.ch/user/l/l1ccalib/w0/DaemonData/jobs: 70%
2009-01-19 12:41 - W0Monitor - INFO: current usage of /afs/cern.ch/user/l/l1ccalib/w0/DaemonData/jobs: 70%
2009-01-19 12:46 - W0Monitor - INFO: current usage of /afs/cern.ch/user/l/l1ccalib/w0/DaemonData/jobs: 70%
2009-01-19 12:51 - W0Monitor - INFO: current usage of /afs/cern.ch/user/l/l1ccalib/w0/DaemonData/jobs: 70%
2009-01-19 12:56 - W0Monitor - INFO: current usage of /afs/cern.ch/user/l/l1ccalib/w0/DaemonData/jobs: 70%
2009-01-19 13:01 - W0Monitor - INFO: current usage of /afs/cern.ch/user/l/l1ccalib/w0/DaemonData/jobs: 70%
2009-01-19 13:06 - W0Monitor - INFO: current usage of /afs/cern.ch/user/l/l1ccalib/w0/DaemonData/jobs: 70%
2009-01-19 13:11 - W0Monitor - INFO: current usage of /afs/cern.ch/user/l/l1ccalib/w0/DaemonData/jobs: 70%
2009-01-19 13:16 - W0Monitor - INFO: current usage of /afs/cern.ch/user/l/l1ccalib/w0/DaemonData/jobs: 70%
2009-01-19 13:21 - W0Monitor - INFO: current usage of /afs/cern.ch/user/l/l1ccalib/w0/DaemonData/jobs: 70%
2009-01-19 13:26 - W0Monitor - INFO: current usage of /afs/cern.ch/user/l/l1ccalib/w0/DaemonData/jobs: 70%
2009-01-19 13:31 - W0Monitor - INFO: current usage of /afs/cern.ch/user/l/l1ccalib/w0/DaemonData/jobs: 70%
2009-01-19 13:36 - W0Monitor - INFO: current usage of /afs/cern.ch/user/l/l1ccalib/w0/DaemonData/jobs: 70%
2009-01-19 13:41 - W0Monitor - INFO: current usage of /afs/cern.ch/user/l/l1ccalib/w0/DaemonData/jobs: 70%
2009-01-19 13:46 - W0Monitor - INFO: current usage of /afs/cern.ch/user/l/l1ccalib/w0/DaemonData/jobs: 70%
2009-01-19 13:51 - W0Monitor - INFO: current usage of /afs/cern.ch/user/l/l1ccalib/w0/DaemonData/jobs: 70%
2009-01-19 13:56 - W0Monitor - INFO: current usage of /afs/cern.ch/user/l/l1ccalib/w0/DaemonData/jobs: 70%
2009-01-19 14:01 - W0Monitor - INFO: current usage of /afs/cern.ch/user/l/l1ccalib/w0/DaemonData/jobs: 70%
2009-01-19 14:06 - W0Monitor - INFO: current usage of /afs/cern.ch/user/l/l1ccalib/w0/DaemonData/jobs: 70%
2009-01-19 14:11 - W0Monitor - INFO: current usage of /afs/cern.ch/user/l/l1ccalib/w0/DaemonData/jobs: 70%
2009-01-19 14:16 - W0Monitor - INFO: current usage of /afs/cern.ch/user/l/l1ccalib/w0/DaemonData/jobs: 70%
2009-01-19 14:21 - W0Monitor - INFO: current usage of /afs/cern.ch/user/l/l1ccalib/w0/DaemonData/jobs: 70%
2009-01-19 14:26 - W0Monitor - INFO: current usage of /afs/cern.ch/user/l/l1ccalib/w0/DaemonData/jobs: 70%
2009-01-19 14:31 - W0Monitor - INFO: current usage of /afs/cern.ch/user/l/l1ccalib/w0/DaemonData/jobs: 70%
2009-01-19 14:36 - W0Monitor - INFO: current usage of /afs/cern.ch/user/l/l1ccalib/w0/DaemonData/jobs: 70%
2009-01-19 14:41 - W0Monitor - INFO: current usage of /afs/cern.ch/user/l/l1ccalib/w0/DaemonData/jobs: 70%
2009-01-19 14:46 - W0Monitor - INFO: current usage of /afs/cern.ch/user/l/l1ccalib/w0/DaemonData/jobs: 70%
2009-01-19 14:51 - W0Monitor - INFO: current usage of /afs/cern.ch/user/l/l1ccalib/w0/DaemonData/jobs: 70%
2009-01-19 14:56 - W0Monitor - INFO: current usage of /afs/cern.ch/user/l/l1ccalib/w0/DaemonData/jobs: 70%
2009-01-19 15:01 - W0Monitor - INFO: current usage of /afs/cern.ch/user/l/l1ccalib/w0/DaemonData/jobs: 70%
2009-01-19 15:06 - W0Monitor - INFO: current usage of /afs/cern.ch/user/l/l1ccalib/w0/DaemonData/jobs: 70%
2009-01-19 15:11 - W0Monitor - INFO: current usage of /afs/cern.ch/user/l/l1ccalib/w0/DaemonData/jobs: 70%
2009-01-19 15:16 - W0Monitor - INFO: current usage of /afs/cern.ch/user/l/l1ccalib/w0/DaemonData/jobs: 70%
2009-01-19 15:21 - W0Monitor - INFO: current usage of /afs/cern.ch/user/l/l1ccalib/w0/DaemonData/jobs: 70%
2009-01-19 15:26 - W0Monitor - INFO: current usage of /afs/cern.ch/user/l/l1ccalib/w0/DaemonData/jobs: 70%
2009-01-19 15:31 - W0Monitor - INFO: current usage of /afs/cern.ch/user/l/l1ccalib/w0/DaemonData/jobs: 70%
2009-01-19 15:36 - W0Monitor - INFO: current usage of /afs/cern.ch/user/l/l1ccalib/w0/DaemonData/jobs: 70%
2009-01-19 15:41 - W0Monitor - INFO: current usage of /afs/cern.ch/user/l/l1ccalib/w0/DaemonData/jobs: 70%
2009-01-19 15:47 - W0Monitor - INFO: current usage of /afs/cern.ch/user/l/l1ccalib/w0/DaemonData/jobs: 70%
2009-01-19 15:52 - W0Monitor - INFO: current usage of /afs/cern.ch/user/l/l1ccalib/w0/DaemonData/jobs: 70%
2009-01-19 15:57 - W0Monitor - INFO: current usage of /afs/cern.ch/user/l/l1ccalib/w0/DaemonData/jobs: 70%
2009-01-19 16:02 - W0Monitor - INFO: current usage of /afs/cern.ch/user/l/l1ccalib/w0/DaemonData/jobs: 70%
2009-01-19 16:07 - W0Monitor - INFO: current usage of /afs/cern.ch/user/l/l1ccalib/w0/DaemonData/jobs: 70%
2009-01-19 16:12 - W0Monitor - INFO: current usage of /afs/cern.ch/user/l/l1ccalib/w0/DaemonData/jobs: 70%
2009-01-19 16:17 - W0Monitor - INFO: current usage of /afs/cern.ch/user/l/l1ccalib/w0/DaemonData/jobs: 70%
2009-01-19 16:22 - W0Monitor - INFO: current usage of /afs/cern.ch/user/l/l1ccalib/w0/DaemonData/jobs: 70%
2009-01-19 16:27 - W0Monitor - INFO: current usage of /afs/cern.ch/user/l/l1ccalib/w0/DaemonData/jobs: 70%
2009-01-19 16:32 - W0Monitor - INFO: current usage of /afs/cern.ch/user/l/l1ccalib/w0/DaemonData/jobs: 70%
2009-01-19 16:37 - W0Monitor - INFO: current usage of /afs/cern.ch/user/l/l1ccalib/w0/DaemonData/jobs: 70%
2009-01-19 16:42 - W0Monitor - INFO: current usage of /afs/cern.ch/user/l/l1ccalib/w0/DaemonData/jobs: 70%
2009-01-19 16:47 - W0Monitor - INFO: current usage of /afs/cern.ch/user/l/l1ccalib/w0/DaemonData/jobs: 70%
2009-01-19 16:52 - W0Monitor - INFO: current usage of /afs/cern.ch/user/l/l1ccalib/w0/DaemonData/jobs: 70%
2009-01-19 16:57 - W0Monitor - INFO: current usage of /afs/cern.ch/user/l/l1ccalib/w0/DaemonData/jobs: 70%
2009-01-19 17:02 - W0Monitor - INFO: current usage of /afs/cern.ch/user/l/l1ccalib/w0/DaemonData/jobs: 70%
2009-01-19 17:07 - W0Monitor - INFO: current usage of /afs/cern.ch/user/l/l1ccalib/w0/DaemonData/jobs: 70%
2009-01-19 17:12 - W0Monitor - INFO: current usage of /afs/cern.ch/user/l/l1ccalib/w0/DaemonData/jobs: 70%
2009-01-19 17:17 - W0Monitor - INFO: current usage of /afs/cern.ch/user/l/l1ccalib/w0/DaemonData/jobs: 70%
2009-01-19 17:22 - W0Monitor - INFO: current usage of /afs/cern.ch/user/l/l1ccalib/w0/DaemonData/jobs: 70%
2009-01-19 17:27 - W0Monitor - INFO: current usage of /afs/cern.ch/user/l/l1ccalib/w0/DaemonData/jobs: 70%
2009-01-19 17:32 - W0Monitor - INFO: current usage of /afs/cern.ch/user/l/l1ccalib/w0/DaemonData/jobs: 70%
2009-01-19 17:37 - W0Monitor - INFO: current usage of /afs/cern.ch/user/l/l1ccalib/w0/DaemonData/jobs: 70%
2009-01-19 17:42 - W0Monitor - INFO: current usage of /afs/cern.ch/user/l/l1ccalib/w0/DaemonData/jobs: 70%
2009-01-19 17:47 - W0Monitor - INFO: current usage of /afs/cern.ch/user/l/l1ccalib/w0/DaemonData/jobs: 70%
2009-01-19 17:52 - W0Monitor - INFO: current usage of /afs/cern.ch/user/l/l1ccalib/w0/DaemonData/jobs: 70%
2009-01-19 17:57 - W0Monitor - INFO: current usage of /afs/cern.ch/user/l/l1ccalib/w0/DaemonData/jobs: 70%
2009-01-19 18:02 - W0Monitor - INFO: current usage of /afs/cern.ch/user/l/l1ccalib/w0/DaemonData/jobs: 70%
2009-01-19 18:07 - W0Monitor - INFO: current usage of /afs/cern.ch/user/l/l1ccalib/w0/DaemonData/jobs: 70%
2009-01-19 18:12 - W0Monitor - INFO: current usage of /afs/cern.ch/user/l/l1ccalib/w0/DaemonData/jobs: 70%
2009-01-19 18:17 - W0Monitor - INFO: current usage of /afs/cern.ch/user/l/l1ccalib/w0/DaemonData/jobs: 70%
2009-01-19 18:22 - W0Monitor - INFO: current usage of /afs/cern.ch/user/l/l1ccalib/w0/DaemonData/jobs: 70%
2009-01-19 18:27 - W0Monitor - INFO: current usage of /afs/cern.ch/user/l/l1ccalib/w0/DaemonData/jobs: 70%
2009-01-19 18:32 - W0Monitor - INFO: current usage of /afs/cern.ch/user/l/l1ccalib/w0/DaemonData/jobs: 70%
2009-01-19 18:37 - W0Monitor - INFO: current usage of /afs/cern.ch/user/l/l1ccalib/w0/DaemonData/jobs: 70%
2009-01-19 18:42 - W0Monitor - INFO: current usage of /afs/cern.ch/user/l/l1ccalib/w0/DaemonData/jobs: 70%
2009-01-19 18:47 - W0Monitor - INFO: current usage of /afs/cern.ch/user/l/l1ccalib/w0/DaemonData/jobs: 70%
2009-01-19 18:52 - W0Monitor - INFO: current usage of /afs/cern.ch/user/l/l1ccalib/w0/DaemonData/jobs: 70%
2009-01-19 18:57 - W0Monitor - INFO: current usage of /afs/cern.ch/user/l/l1ccalib/w0/DaemonData/jobs: 70%
2009-01-19 19:02 - W0Monitor - INFO: current usage of /afs/cern.ch/user/l/l1ccalib/w0/DaemonData/jobs: 70%
2009-01-19 19:07 - W0Monitor - INFO: current usage of /afs/cern.ch/user/l/l1ccalib/w0/DaemonData/jobs: 70%
2009-01-19 19:12 - W0Monitor - INFO: current usage of /afs/cern.ch/user/l/l1ccalib/w0/DaemonData/jobs: 70%
2009-01-19 19:17 - W0Monitor - INFO: current usage of /afs/cern.ch/user/l/l1ccalib/w0/DaemonData/jobs: 70%
2009-01-19 19:22 - W0Monitor - INFO: current usage of /afs/cern.ch/user/l/l1ccalib/w0/DaemonData/jobs: 70%
2009-01-19 19:27 - W0Monitor - INFO: current usage of /afs/cern.ch/user/l/l1ccalib/w0/DaemonData/jobs: 70%
2009-01-19 19:32 - W0Monitor - INFO: current usage of /afs/cern.ch/user/l/l1ccalib/w0/DaemonData/jobs: 70%
2009-01-19 19:37 - W0Monitor - INFO: current usage of /afs/cern.ch/user/l/l1ccalib/w0/DaemonData/jobs: 70%
2009-01-19 19:42 - W0Monitor - INFO: current usage of /afs/cern.ch/user/l/l1ccalib/w0/DaemonData/jobs: 70%
2009-01-19 19:47 - W0Monitor - INFO: current usage of /afs/cern.ch/user/l/l1ccalib/w0/DaemonData/jobs: 70%
2009-01-19 19:52 - W0Monitor - INFO: current usage of /afs/cern.ch/user/l/l1ccalib/w0/DaemonData/jobs: 70%
2009-01-19 19:57 - W0Monitor - INFO: current usage of /afs/cern.ch/user/l/l1ccalib/w0/DaemonData/jobs: 70%
2009-01-19 20:02 - W0Monitor - INFO: current usage of /afs/cern.ch/user/l/l1ccalib/w0/DaemonData/jobs: 70%
2009-01-19 20:07 - W0Monitor - INFO: current usage of /afs/cern.ch/user/l/l1ccalib/w0/DaemonData/jobs: 70%
2009-01-19 20:12 - W0Monitor - INFO: current usage of /afs/cern.ch/user/l/l1ccalib/w0/DaemonData/jobs: 70%
2009-01-19 20:17 - W0Monitor - INFO: current usage of /afs/cern.ch/user/l/l1ccalib/w0/DaemonData/jobs: 70%
2009-01-19 20:22 - W0Monitor - INFO: current usage of /afs/cern.ch/user/l/l1ccalib/w0/DaemonData/jobs: 70%
2009-01-19 20:27 - W0Monitor - INFO: current usage of /afs/cern.ch/user/l/l1ccalib/w0/DaemonData/jobs: 70%
2009-01-19 20:32 - W0Monitor - INFO: current usage of /afs/cern.ch/user/l/l1ccalib/w0/DaemonData/jobs: 70%
2009-01-19 20:37 - W0Monitor - INFO: current usage of /afs/cern.ch/user/l/l1ccalib/w0/DaemonData/jobs: 70%
2009-01-19 20:42 - W0Monitor - INFO: current usage of /afs/cern.ch/user/l/l1ccalib/w0/DaemonData/jobs: 70%
2009-01-19 20:47 - W0Monitor - INFO: current usage of /afs/cern.ch/user/l/l1ccalib/w0/DaemonData/jobs: 70%
2009-01-19 20:52 - W0Monitor - INFO: current usage of /afs/cern.ch/user/l/l1ccalib/w0/DaemonData/jobs: 70%
2009-01-19 20:57 - W0Monitor - INFO: current usage of /afs/cern.ch/user/l/l1ccalib/w0/DaemonData/jobs: 70%
2009-01-19 21:02 - W0Monitor - INFO: current usage of /afs/cern.ch/user/l/l1ccalib/w0/DaemonData/jobs: 70%
2009-01-19 21:07 - W0Monitor - INFO: current usage of /afs/cern.ch/user/l/l1ccalib/w0/DaemonData/jobs: 70%
2009-01-19 21:12 - W0Monitor - INFO: current usage of /afs/cern.ch/user/l/l1ccalib/w0/DaemonData/jobs: 70%
2009-01-19 21:17 - W0Monitor - INFO: current usage of /afs/cern.ch/user/l/l1ccalib/w0/DaemonData/jobs: 70%
2009-01-19 21:22 - W0Monitor - INFO: current usage of /afs/cern.ch/user/l/l1ccalib/w0/DaemonData/jobs: 70%
2009-01-19 21:27 - W0Monitor - INFO: current usage of /afs/cern.ch/user/l/l1ccalib/w0/DaemonData/jobs: 70%
2009-01-19 21:32 - W0Monitor - INFO: current usage of /afs/cern.ch/user/l/l1ccalib/w0/DaemonData/jobs: 70%
2009-01-19 21:37 - W0Monitor - INFO: current usage of /afs/cern.ch/user/l/l1ccalib/w0/DaemonData/jobs: 70%
2009-01-19 21:42 - W0Monitor - INFO: current usage of /afs/cern.ch/user/l/l1ccalib/w0/DaemonData/jobs: 70%
2009-01-19 21:47 - W0Monitor - INFO: current usage of /afs/cern.ch/user/l/l1ccalib/w0/DaemonData/jobs: 70%
2009-01-19 21:52 - W0Monitor - INFO: current usage of /afs/cern.ch/user/l/l1ccalib/w0/DaemonData/jobs: 70%
2009-01-19 21:57 - W0Monitor - INFO: current usage of /afs/cern.ch/user/l/l1ccalib/w0/DaemonData/jobs: 70%
2009-01-19 22:02 - W0Monitor - INFO: current usage of /afs/cern.ch/user/l/l1ccalib/w0/DaemonData/jobs: 70%
2009-01-19 22:07 - W0Monitor - INFO: current usage of /afs/cern.ch/user/l/l1ccalib/w0/DaemonData/jobs: 70%
2009-01-19 22:12 - W0Monitor - INFO: current usage of /afs/cern.ch/user/l/l1ccalib/w0/DaemonData/jobs: 70%
2009-01-19 22:17 - W0Monitor - INFO: current usage of /afs/cern.ch/user/l/l1ccalib/w0/DaemonData/jobs: 70%
2009-01-19 22:22 - W0Monitor - INFO: current usage of /afs/cern.ch/user/l/l1ccalib/w0/DaemonData/jobs: 70%
2009-01-19 22:27 - W0Monitor - INFO: current usage of /afs/cern.ch/user/l/l1ccalib/w0/DaemonData/jobs: 70%
2009-01-19 22:32 - W0Monitor - INFO: current usage of /afs/cern.ch/user/l/l1ccalib/w0/DaemonData/jobs: 70%
2009-01-19 22:37 - W0Monitor - INFO: current usage of /afs/cern.ch/user/l/l1ccalib/w0/DaemonData/jobs: 70%
2009-01-19 22:42 - W0Monitor - INFO: current usage of /afs/cern.ch/user/l/l1ccalib/w0/DaemonData/jobs: 70%
2009-01-19 22:47 - W0Monitor - INFO: current usage of /afs/cern.ch/user/l/l1ccalib/w0/DaemonData/jobs: 70%
2009-01-19 22:52 - W0Monitor - INFO: current usage of /afs/cern.ch/user/l/l1ccalib/w0/DaemonData/jobs: 70%
2009-01-19 22:57 - W0Monitor - INFO: current usage of /afs/cern.ch/user/l/l1ccalib/w0/DaemonData/jobs: 70%
2009-01-19 23:02 - W0Monitor - INFO: current usage of /afs/cern.ch/user/l/l1ccalib/w0/DaemonData/jobs: 70%
2009-01-19 23:07 - W0Monitor - INFO: current usage of /afs/cern.ch/user/l/l1ccalib/w0/DaemonData/jobs: 70%
2009-01-19 23:12 - W0Monitor - INFO: current usage of /afs/cern.ch/user/l/l1ccalib/w0/DaemonData/jobs: 70%
2009-01-19 23:17 - W0Monitor - INFO: current usage of /afs/cern.ch/user/l/l1ccalib/w0/DaemonData/jobs: 70%
2009-01-19 23:22 - W0Monitor - INFO: current usage of /afs/cern.ch/user/l/l1ccalib/w0/DaemonData/jobs: 70%
2009-01-19 23:27 - W0Monitor - INFO: current usage of /afs/cern.ch/user/l/l1ccalib/w0/DaemonData/jobs: 70%
2009-01-19 23:32 - W0Monitor - INFO: current usage of /afs/cern.ch/user/l/l1ccalib/w0/DaemonData/jobs: 70%
2009-01-19 23:37 - W0Monitor - INFO: current usage of /afs/cern.ch/user/l/l1ccalib/w0/DaemonData/jobs: 70%
2009-01-19 23:42 - W0Monitor - INFO: current usage of /afs/cern.ch/user/l/l1ccalib/w0/DaemonData/jobs: 70%
2009-01-19 23:47 - W0Monitor - INFO: current usage of /afs/cern.ch/user/l/l1ccalib/w0/DaemonData/jobs: 70%
2009-01-19 23:52 - W0Monitor - INFO: current usage of /afs/cern.ch/user/l/l1ccalib/w0/DaemonData/jobs: 70%
2009-01-19 23:57 - W0Monitor - INFO: current usage of /afs/cern.ch/user/l/l1ccalib/w0/DaemonData/jobs: 70%
