2009-05-27 00:01 - W0Monitor - INFO: ========================================
2009-05-27 00:01 - W0Monitor - INFO: W0Monitor in init
2009-05-27 00:01 - W0Monitor - INFO: init file W0MonitorConfig.py was found
2009-05-27 00:01 - W0Monitor - INFO: Watching at: /afs/cern.ch/user/l/l1ccalib/w0/DaemonData/jobs
2009-05-27 00:01 - W0Monitor - INFO: Purge threshold: 75%
2009-05-27 00:01 - W0Monitor - INFO: RemovalOk: False
2009-05-27 00:01 - W0Monitor - INFO: current usage : 74%
2009-05-27 00:01 - W0Monitor - INFO: W0Monitor initialized
2009-05-27 00:01 - W0Monitor - INFO: ========================================
2009-05-27 00:06 - W0Monitor - INFO: current usage of /afs/cern.ch/user/l/l1ccalib/w0/DaemonData/jobs: 74%
2009-05-27 00:11 - W0Monitor - INFO: current usage of /afs/cern.ch/user/l/l1ccalib/w0/DaemonData/jobs: 74%
2009-05-27 00:16 - W0Monitor - INFO: current usage of /afs/cern.ch/user/l/l1ccalib/w0/DaemonData/jobs: 74%
2009-05-27 00:21 - W0Monitor - INFO: current usage of /afs/cern.ch/user/l/l1ccalib/w0/DaemonData/jobs: 74%
2009-05-27 00:26 - W0Monitor - INFO: current usage of /afs/cern.ch/user/l/l1ccalib/w0/DaemonData/jobs: 74%
2009-05-27 00:31 - W0Monitor - INFO: current usage of /afs/cern.ch/user/l/l1ccalib/w0/DaemonData/jobs: 74%
2009-05-27 00:36 - W0Monitor - INFO: current usage of /afs/cern.ch/user/l/l1ccalib/w0/DaemonData/jobs: 74%
2009-05-27 00:41 - W0Monitor - INFO: current usage of /afs/cern.ch/user/l/l1ccalib/w0/DaemonData/jobs: 74%
2009-05-27 00:46 - W0Monitor - INFO: current usage of /afs/cern.ch/user/l/l1ccalib/w0/DaemonData/jobs: 74%
2009-05-27 00:51 - W0Monitor - INFO: current usage of /afs/cern.ch/user/l/l1ccalib/w0/DaemonData/jobs: 74%
2009-05-27 00:56 - W0Monitor - INFO: current usage of /afs/cern.ch/user/l/l1ccalib/w0/DaemonData/jobs: 74%
2009-05-27 01:01 - W0Monitor - INFO: current usage of /afs/cern.ch/user/l/l1ccalib/w0/DaemonData/jobs: 74%
2009-05-27 01:06 - W0Monitor - INFO: current usage of /afs/cern.ch/user/l/l1ccalib/w0/DaemonData/jobs: 74%
2009-05-27 01:11 - W0Monitor - INFO: current usage of /afs/cern.ch/user/l/l1ccalib/w0/DaemonData/jobs: 74%
2009-05-27 01:16 - W0Monitor - INFO: current usage of /afs/cern.ch/user/l/l1ccalib/w0/DaemonData/jobs: 74%
2009-05-27 01:21 - W0Monitor - INFO: current usage of /afs/cern.ch/user/l/l1ccalib/w0/DaemonData/jobs: 74%
2009-05-27 01:26 - W0Monitor - INFO: current usage of /afs/cern.ch/user/l/l1ccalib/w0/DaemonData/jobs: 74%
2009-05-27 01:31 - W0Monitor - INFO: current usage of /afs/cern.ch/user/l/l1ccalib/w0/DaemonData/jobs: 74%
2009-05-27 01:36 - W0Monitor - INFO: current usage of /afs/cern.ch/user/l/l1ccalib/w0/DaemonData/jobs: 74%
2009-05-27 01:41 - W0Monitor - INFO: current usage of /afs/cern.ch/user/l/l1ccalib/w0/DaemonData/jobs: 74%
2009-05-27 01:46 - W0Monitor - INFO: current usage of /afs/cern.ch/user/l/l1ccalib/w0/DaemonData/jobs: 74%
2009-05-27 01:51 - W0Monitor - INFO: current usage of /afs/cern.ch/user/l/l1ccalib/w0/DaemonData/jobs: 74%
2009-05-27 01:56 - W0Monitor - INFO: current usage of /afs/cern.ch/user/l/l1ccalib/w0/DaemonData/jobs: 74%
2009-05-27 02:01 - W0Monitor - INFO: current usage of /afs/cern.ch/user/l/l1ccalib/w0/DaemonData/jobs: 74%
2009-05-27 02:06 - W0Monitor - INFO: current usage of /afs/cern.ch/user/l/l1ccalib/w0/DaemonData/jobs: 74%
2009-05-27 02:11 - W0Monitor - INFO: current usage of /afs/cern.ch/user/l/l1ccalib/w0/DaemonData/jobs: 74%
2009-05-27 02:16 - W0Monitor - INFO: current usage of /afs/cern.ch/user/l/l1ccalib/w0/DaemonData/jobs: 74%
2009-05-27 02:21 - W0Monitor - INFO: current usage of /afs/cern.ch/user/l/l1ccalib/w0/DaemonData/jobs: 74%
2009-05-27 02:26 - W0Monitor - INFO: current usage of /afs/cern.ch/user/l/l1ccalib/w0/DaemonData/jobs: 74%
2009-05-27 02:31 - W0Monitor - INFO: current usage of /afs/cern.ch/user/l/l1ccalib/w0/DaemonData/jobs: 74%
2009-05-27 02:36 - W0Monitor - INFO: current usage of /afs/cern.ch/user/l/l1ccalib/w0/DaemonData/jobs: 74%
2009-05-27 02:41 - W0Monitor - INFO: current usage of /afs/cern.ch/user/l/l1ccalib/w0/DaemonData/jobs: 74%
2009-05-27 02:46 - W0Monitor - INFO: current usage of /afs/cern.ch/user/l/l1ccalib/w0/DaemonData/jobs: 74%
2009-05-27 02:51 - W0Monitor - INFO: current usage of /afs/cern.ch/user/l/l1ccalib/w0/DaemonData/jobs: 74%
2009-05-27 02:56 - W0Monitor - INFO: current usage of /afs/cern.ch/user/l/l1ccalib/w0/DaemonData/jobs: 74%
2009-05-27 03:01 - W0Monitor - INFO: current usage of /afs/cern.ch/user/l/l1ccalib/w0/DaemonData/jobs: 74%
2009-05-27 03:06 - W0Monitor - INFO: current usage of /afs/cern.ch/user/l/l1ccalib/w0/DaemonData/jobs: 74%
2009-05-27 03:11 - W0Monitor - INFO: current usage of /afs/cern.ch/user/l/l1ccalib/w0/DaemonData/jobs: 74%
2009-05-27 03:16 - W0Monitor - INFO: current usage of /afs/cern.ch/user/l/l1ccalib/w0/DaemonData/jobs: 74%
2009-05-27 03:21 - W0Monitor - INFO: current usage of /afs/cern.ch/user/l/l1ccalib/w0/DaemonData/jobs: 74%
2009-05-27 03:26 - W0Monitor - INFO: current usage of /afs/cern.ch/user/l/l1ccalib/w0/DaemonData/jobs: 74%
2009-05-27 03:31 - W0Monitor - INFO: current usage of /afs/cern.ch/user/l/l1ccalib/w0/DaemonData/jobs: 74%
2009-05-27 03:36 - W0Monitor - INFO: current usage of /afs/cern.ch/user/l/l1ccalib/w0/DaemonData/jobs: 74%
2009-05-27 03:41 - W0Monitor - INFO: current usage of /afs/cern.ch/user/l/l1ccalib/w0/DaemonData/jobs: 74%
2009-05-27 03:46 - W0Monitor - INFO: current usage of /afs/cern.ch/user/l/l1ccalib/w0/DaemonData/jobs: 74%
2009-05-27 03:51 - W0Monitor - INFO: current usage of /afs/cern.ch/user/l/l1ccalib/w0/DaemonData/jobs: 74%
2009-05-27 03:56 - W0Monitor - INFO: current usage of /afs/cern.ch/user/l/l1ccalib/w0/DaemonData/jobs: 74%
2009-05-27 04:01 - W0Monitor - INFO: current usage of /afs/cern.ch/user/l/l1ccalib/w0/DaemonData/jobs: 74%
2009-05-27 04:06 - W0Monitor - INFO: current usage of /afs/cern.ch/user/l/l1ccalib/w0/DaemonData/jobs: 74%
2009-05-27 04:11 - W0Monitor - INFO: current usage of /afs/cern.ch/user/l/l1ccalib/w0/DaemonData/jobs: 74%
2009-05-27 04:16 - W0Monitor - INFO: current usage of /afs/cern.ch/user/l/l1ccalib/w0/DaemonData/jobs: 74%
2009-05-27 04:21 - W0Monitor - INFO: current usage of /afs/cern.ch/user/l/l1ccalib/w0/DaemonData/jobs: 74%
2009-05-27 04:26 - W0Monitor - INFO: current usage of /afs/cern.ch/user/l/l1ccalib/w0/DaemonData/jobs: 74%
2009-05-27 04:31 - W0Monitor - INFO: current usage of /afs/cern.ch/user/l/l1ccalib/w0/DaemonData/jobs: 74%
2009-05-27 04:36 - W0Monitor - INFO: current usage of /afs/cern.ch/user/l/l1ccalib/w0/DaemonData/jobs: 74%
2009-05-27 04:41 - W0Monitor - INFO: current usage of /afs/cern.ch/user/l/l1ccalib/w0/DaemonData/jobs: 74%
2009-05-27 04:46 - W0Monitor - INFO: current usage of /afs/cern.ch/user/l/l1ccalib/w0/DaemonData/jobs: 74%
2009-05-27 04:51 - W0Monitor - INFO: current usage of /afs/cern.ch/user/l/l1ccalib/w0/DaemonData/jobs: 74%
2009-05-27 04:56 - W0Monitor - INFO: current usage of /afs/cern.ch/user/l/l1ccalib/w0/DaemonData/jobs: 74%
2009-05-27 05:01 - W0Monitor - INFO: current usage of /afs/cern.ch/user/l/l1ccalib/w0/DaemonData/jobs: 74%
2009-05-27 05:06 - W0Monitor - INFO: current usage of /afs/cern.ch/user/l/l1ccalib/w0/DaemonData/jobs: 74%
2009-05-27 05:11 - W0Monitor - INFO: current usage of /afs/cern.ch/user/l/l1ccalib/w0/DaemonData/jobs: 74%
2009-05-27 05:16 - W0Monitor - INFO: current usage of /afs/cern.ch/user/l/l1ccalib/w0/DaemonData/jobs: 74%
2009-05-27 05:21 - W0Monitor - INFO: current usage of /afs/cern.ch/user/l/l1ccalib/w0/DaemonData/jobs: 74%
2009-05-27 05:26 - W0Monitor - INFO: current usage of /afs/cern.ch/user/l/l1ccalib/w0/DaemonData/jobs: 74%
2009-05-27 05:31 - W0Monitor - INFO: current usage of /afs/cern.ch/user/l/l1ccalib/w0/DaemonData/jobs: 74%
2009-05-27 05:36 - W0Monitor - INFO: current usage of /afs/cern.ch/user/l/l1ccalib/w0/DaemonData/jobs: 74%
2009-05-27 05:41 - W0Monitor - INFO: current usage of /afs/cern.ch/user/l/l1ccalib/w0/DaemonData/jobs: 74%
2009-05-27 05:46 - W0Monitor - INFO: current usage of /afs/cern.ch/user/l/l1ccalib/w0/DaemonData/jobs: 74%
2009-05-27 05:51 - W0Monitor - INFO: current usage of /afs/cern.ch/user/l/l1ccalib/w0/DaemonData/jobs: 74%
2009-05-27 05:56 - W0Monitor - INFO: current usage of /afs/cern.ch/user/l/l1ccalib/w0/DaemonData/jobs: 74%
2009-05-27 06:01 - W0Monitor - INFO: current usage of /afs/cern.ch/user/l/l1ccalib/w0/DaemonData/jobs: 74%
2009-05-27 06:06 - W0Monitor - INFO: current usage of /afs/cern.ch/user/l/l1ccalib/w0/DaemonData/jobs: 74%
2009-05-27 06:11 - W0Monitor - INFO: current usage of /afs/cern.ch/user/l/l1ccalib/w0/DaemonData/jobs: 74%
2009-05-27 06:16 - W0Monitor - INFO: current usage of /afs/cern.ch/user/l/l1ccalib/w0/DaemonData/jobs: 74%
2009-05-27 06:21 - W0Monitor - INFO: current usage of /afs/cern.ch/user/l/l1ccalib/w0/DaemonData/jobs: 74%
2009-05-27 06:26 - W0Monitor - INFO: current usage of /afs/cern.ch/user/l/l1ccalib/w0/DaemonData/jobs: 74%
2009-05-27 06:31 - W0Monitor - INFO: current usage of /afs/cern.ch/user/l/l1ccalib/w0/DaemonData/jobs: 74%
2009-05-27 06:36 - W0Monitor - INFO: current usage of /afs/cern.ch/user/l/l1ccalib/w0/DaemonData/jobs: 74%
2009-05-27 06:41 - W0Monitor - INFO: current usage of /afs/cern.ch/user/l/l1ccalib/w0/DaemonData/jobs: 74%
2009-05-27 06:46 - W0Monitor - INFO: current usage of /afs/cern.ch/user/l/l1ccalib/w0/DaemonData/jobs: 74%
2009-05-27 06:51 - W0Monitor - INFO: current usage of /afs/cern.ch/user/l/l1ccalib/w0/DaemonData/jobs: 74%
2009-05-27 06:56 - W0Monitor - INFO: current usage of /afs/cern.ch/user/l/l1ccalib/w0/DaemonData/jobs: 74%
2009-05-27 07:01 - W0Monitor - INFO: current usage of /afs/cern.ch/user/l/l1ccalib/w0/DaemonData/jobs: 74%
2009-05-27 07:06 - W0Monitor - INFO: current usage of /afs/cern.ch/user/l/l1ccalib/w0/DaemonData/jobs: 74%
2009-05-27 07:11 - W0Monitor - INFO: current usage of /afs/cern.ch/user/l/l1ccalib/w0/DaemonData/jobs: 74%
2009-05-27 07:16 - W0Monitor - INFO: current usage of /afs/cern.ch/user/l/l1ccalib/w0/DaemonData/jobs: 74%
2009-05-27 07:21 - W0Monitor - INFO: current usage of /afs/cern.ch/user/l/l1ccalib/w0/DaemonData/jobs: 74%
2009-05-27 07:26 - W0Monitor - INFO: current usage of /afs/cern.ch/user/l/l1ccalib/w0/DaemonData/jobs: 74%
2009-05-27 07:31 - W0Monitor - INFO: current usage of /afs/cern.ch/user/l/l1ccalib/w0/DaemonData/jobs: 74%
2009-05-27 07:36 - W0Monitor - INFO: current usage of /afs/cern.ch/user/l/l1ccalib/w0/DaemonData/jobs: 74%
2009-05-27 07:41 - W0Monitor - INFO: current usage of /afs/cern.ch/user/l/l1ccalib/w0/DaemonData/jobs: 74%
2009-05-27 07:46 - W0Monitor - INFO: current usage of /afs/cern.ch/user/l/l1ccalib/w0/DaemonData/jobs: 74%
2009-05-27 07:51 - W0Monitor - INFO: current usage of /afs/cern.ch/user/l/l1ccalib/w0/DaemonData/jobs: 74%
2009-05-27 07:56 - W0Monitor - INFO: current usage of /afs/cern.ch/user/l/l1ccalib/w0/DaemonData/jobs: 74%
2009-05-27 08:01 - W0Monitor - INFO: current usage of /afs/cern.ch/user/l/l1ccalib/w0/DaemonData/jobs: 74%
2009-05-27 08:06 - W0Monitor - INFO: current usage of /afs/cern.ch/user/l/l1ccalib/w0/DaemonData/jobs: 74%
2009-05-27 08:11 - W0Monitor - INFO: current usage of /afs/cern.ch/user/l/l1ccalib/w0/DaemonData/jobs: 74%
2009-05-27 08:16 - W0Monitor - INFO: current usage of /afs/cern.ch/user/l/l1ccalib/w0/DaemonData/jobs: 74%
2009-05-27 08:21 - W0Monitor - INFO: current usage of /afs/cern.ch/user/l/l1ccalib/w0/DaemonData/jobs: 74%
2009-05-27 08:26 - W0Monitor - INFO: current usage of /afs/cern.ch/user/l/l1ccalib/w0/DaemonData/jobs: 74%
2009-05-27 08:31 - W0Monitor - INFO: current usage of /afs/cern.ch/user/l/l1ccalib/w0/DaemonData/jobs: 74%
2009-05-27 08:36 - W0Monitor - INFO: current usage of /afs/cern.ch/user/l/l1ccalib/w0/DaemonData/jobs: 74%
2009-05-27 08:41 - W0Monitor - INFO: current usage of /afs/cern.ch/user/l/l1ccalib/w0/DaemonData/jobs: 74%
2009-05-27 08:46 - W0Monitor - INFO: current usage of /afs/cern.ch/user/l/l1ccalib/w0/DaemonData/jobs: 74%
2009-05-27 08:51 - W0Monitor - INFO: current usage of /afs/cern.ch/user/l/l1ccalib/w0/DaemonData/jobs: 74%
2009-05-27 08:56 - W0Monitor - INFO: current usage of /afs/cern.ch/user/l/l1ccalib/w0/DaemonData/jobs: 74%
2009-05-27 09:01 - W0Monitor - INFO: current usage of /afs/cern.ch/user/l/l1ccalib/w0/DaemonData/jobs: 74%
2009-05-27 09:06 - W0Monitor - INFO: current usage of /afs/cern.ch/user/l/l1ccalib/w0/DaemonData/jobs: 74%
2009-05-27 09:11 - W0Monitor - INFO: current usage of /afs/cern.ch/user/l/l1ccalib/w0/DaemonData/jobs: 74%
2009-05-27 09:16 - W0Monitor - INFO: current usage of /afs/cern.ch/user/l/l1ccalib/w0/DaemonData/jobs: 74%
2009-05-27 09:21 - W0Monitor - INFO: current usage of /afs/cern.ch/user/l/l1ccalib/w0/DaemonData/jobs: 74%
2009-05-27 09:26 - W0Monitor - INFO: current usage of /afs/cern.ch/user/l/l1ccalib/w0/DaemonData/jobs: 74%
2009-05-27 09:31 - W0Monitor - INFO: current usage of /afs/cern.ch/user/l/l1ccalib/w0/DaemonData/jobs: 74%
2009-05-27 09:36 - W0Monitor - INFO: current usage of /afs/cern.ch/user/l/l1ccalib/w0/DaemonData/jobs: 74%
2009-05-27 09:41 - W0Monitor - INFO: current usage of /afs/cern.ch/user/l/l1ccalib/w0/DaemonData/jobs: 74%
2009-05-27 09:46 - W0Monitor - INFO: current usage of /afs/cern.ch/user/l/l1ccalib/w0/DaemonData/jobs: 74%
2009-05-27 09:51 - W0Monitor - INFO: current usage of /afs/cern.ch/user/l/l1ccalib/w0/DaemonData/jobs: 74%
2009-05-27 09:56 - W0Monitor - INFO: current usage of /afs/cern.ch/user/l/l1ccalib/w0/DaemonData/jobs: 74%
2009-05-27 10:01 - W0Monitor - INFO: current usage of /afs/cern.ch/user/l/l1ccalib/w0/DaemonData/jobs: 74%
2009-05-27 10:06 - W0Monitor - INFO: current usage of /afs/cern.ch/user/l/l1ccalib/w0/DaemonData/jobs: 74%
2009-05-27 10:11 - W0Monitor - INFO: current usage of /afs/cern.ch/user/l/l1ccalib/w0/DaemonData/jobs: 74%
2009-05-27 10:16 - W0Monitor - INFO: current usage of /afs/cern.ch/user/l/l1ccalib/w0/DaemonData/jobs: 74%
2009-05-27 10:21 - W0Monitor - INFO: current usage of /afs/cern.ch/user/l/l1ccalib/w0/DaemonData/jobs: 74%
2009-05-27 10:26 - W0Monitor - INFO: current usage of /afs/cern.ch/user/l/l1ccalib/w0/DaemonData/jobs: 74%
2009-05-27 10:31 - W0Monitor - INFO: current usage of /afs/cern.ch/user/l/l1ccalib/w0/DaemonData/jobs: 74%
2009-05-27 10:36 - W0Monitor - INFO: current usage of /afs/cern.ch/user/l/l1ccalib/w0/DaemonData/jobs: 74%
2009-05-27 10:41 - W0Monitor - INFO: current usage of /afs/cern.ch/user/l/l1ccalib/w0/DaemonData/jobs: 74%
2009-05-27 10:46 - W0Monitor - INFO: current usage of /afs/cern.ch/user/l/l1ccalib/w0/DaemonData/jobs: 74%
2009-05-27 10:51 - W0Monitor - INFO: current usage of /afs/cern.ch/user/l/l1ccalib/w0/DaemonData/jobs: 74%
2009-05-27 10:56 - W0Monitor - INFO: current usage of /afs/cern.ch/user/l/l1ccalib/w0/DaemonData/jobs: 74%
2009-05-27 11:01 - W0Monitor - INFO: current usage of /afs/cern.ch/user/l/l1ccalib/w0/DaemonData/jobs: 74%
2009-05-27 11:06 - W0Monitor - INFO: current usage of /afs/cern.ch/user/l/l1ccalib/w0/DaemonData/jobs: 74%
2009-05-27 11:11 - W0Monitor - INFO: current usage of /afs/cern.ch/user/l/l1ccalib/w0/DaemonData/jobs: 74%
2009-05-27 11:16 - W0Monitor - INFO: current usage of /afs/cern.ch/user/l/l1ccalib/w0/DaemonData/jobs: 74%
2009-05-27 11:21 - W0Monitor - INFO: current usage of /afs/cern.ch/user/l/l1ccalib/w0/DaemonData/jobs: 74%
2009-05-27 11:26 - W0Monitor - INFO: current usage of /afs/cern.ch/user/l/l1ccalib/w0/DaemonData/jobs: 74%
2009-05-27 11:31 - W0Monitor - INFO: current usage of /afs/cern.ch/user/l/l1ccalib/w0/DaemonData/jobs: 74%
2009-05-27 11:36 - W0Monitor - INFO: current usage of /afs/cern.ch/user/l/l1ccalib/w0/DaemonData/jobs: 74%
2009-05-27 11:41 - W0Monitor - INFO: current usage of /afs/cern.ch/user/l/l1ccalib/w0/DaemonData/jobs: 74%
2009-05-27 11:46 - W0Monitor - INFO: current usage of /afs/cern.ch/user/l/l1ccalib/w0/DaemonData/jobs: 74%
2009-05-27 11:51 - W0Monitor - INFO: current usage of /afs/cern.ch/user/l/l1ccalib/w0/DaemonData/jobs: 74%
2009-05-27 11:56 - W0Monitor - INFO: current usage of /afs/cern.ch/user/l/l1ccalib/w0/DaemonData/jobs: 74%
2009-05-27 12:01 - W0Monitor - INFO: current usage of /afs/cern.ch/user/l/l1ccalib/w0/DaemonData/jobs: 74%
2009-05-27 12:06 - W0Monitor - INFO: current usage of /afs/cern.ch/user/l/l1ccalib/w0/DaemonData/jobs: 74%
2009-05-27 12:11 - W0Monitor - INFO: current usage of /afs/cern.ch/user/l/l1ccalib/w0/DaemonData/jobs: 74%
2009-05-27 12:16 - W0Monitor - INFO: current usage of /afs/cern.ch/user/l/l1ccalib/w0/DaemonData/jobs: 74%
2009-05-27 12:21 - W0Monitor - INFO: current usage of /afs/cern.ch/user/l/l1ccalib/w0/DaemonData/jobs: 74%
2009-05-27 12:26 - W0Monitor - INFO: current usage of /afs/cern.ch/user/l/l1ccalib/w0/DaemonData/jobs: 74%
2009-05-27 12:31 - W0Monitor - INFO: current usage of /afs/cern.ch/user/l/l1ccalib/w0/DaemonData/jobs: 74%
2009-05-27 12:36 - W0Monitor - INFO: current usage of /afs/cern.ch/user/l/l1ccalib/w0/DaemonData/jobs: 74%
2009-05-27 12:41 - W0Monitor - INFO: current usage of /afs/cern.ch/user/l/l1ccalib/w0/DaemonData/jobs: 74%
2009-05-27 12:46 - W0Monitor - INFO: current usage of /afs/cern.ch/user/l/l1ccalib/w0/DaemonData/jobs: 74%
2009-05-27 12:51 - W0Monitor - INFO: current usage of /afs/cern.ch/user/l/l1ccalib/w0/DaemonData/jobs: 74%
2009-05-27 12:56 - W0Monitor - INFO: current usage of /afs/cern.ch/user/l/l1ccalib/w0/DaemonData/jobs: 74%
2009-05-27 13:01 - W0Monitor - INFO: current usage of /afs/cern.ch/user/l/l1ccalib/w0/DaemonData/jobs: 74%
2009-05-27 13:06 - W0Monitor - INFO: current usage of /afs/cern.ch/user/l/l1ccalib/w0/DaemonData/jobs: 74%
2009-05-27 13:11 - W0Monitor - INFO: current usage of /afs/cern.ch/user/l/l1ccalib/w0/DaemonData/jobs: 74%
2009-05-27 13:16 - W0Monitor - INFO: current usage of /afs/cern.ch/user/l/l1ccalib/w0/DaemonData/jobs: 74%
2009-05-27 13:21 - W0Monitor - INFO: current usage of /afs/cern.ch/user/l/l1ccalib/w0/DaemonData/jobs: 74%
2009-05-27 13:26 - W0Monitor - INFO: current usage of /afs/cern.ch/user/l/l1ccalib/w0/DaemonData/jobs: 74%
2009-05-27 13:31 - W0Monitor - INFO: current usage of /afs/cern.ch/user/l/l1ccalib/w0/DaemonData/jobs: 74%
2009-05-27 13:36 - W0Monitor - INFO: current usage of /afs/cern.ch/user/l/l1ccalib/w0/DaemonData/jobs: 74%
2009-05-27 13:41 - W0Monitor - INFO: current usage of /afs/cern.ch/user/l/l1ccalib/w0/DaemonData/jobs: 74%
2009-05-27 13:46 - W0Monitor - INFO: current usage of /afs/cern.ch/user/l/l1ccalib/w0/DaemonData/jobs: 74%
2009-05-27 13:51 - W0Monitor - INFO: current usage of /afs/cern.ch/user/l/l1ccalib/w0/DaemonData/jobs: 74%
2009-05-27 13:56 - W0Monitor - INFO: current usage of /afs/cern.ch/user/l/l1ccalib/w0/DaemonData/jobs: 74%
2009-05-27 14:01 - W0Monitor - INFO: current usage of /afs/cern.ch/user/l/l1ccalib/w0/DaemonData/jobs: 74%
2009-05-27 14:06 - W0Monitor - INFO: current usage of /afs/cern.ch/user/l/l1ccalib/w0/DaemonData/jobs: 74%
2009-05-27 14:11 - W0Monitor - INFO: current usage of /afs/cern.ch/user/l/l1ccalib/w0/DaemonData/jobs: 74%
2009-05-27 14:16 - W0Monitor - INFO: current usage of /afs/cern.ch/user/l/l1ccalib/w0/DaemonData/jobs: 74%
2009-05-27 14:21 - W0Monitor - INFO: current usage of /afs/cern.ch/user/l/l1ccalib/w0/DaemonData/jobs: 74%
2009-05-27 14:26 - W0Monitor - INFO: current usage of /afs/cern.ch/user/l/l1ccalib/w0/DaemonData/jobs: 74%
2009-05-27 14:31 - W0Monitor - INFO: current usage of /afs/cern.ch/user/l/l1ccalib/w0/DaemonData/jobs: 74%
2009-05-27 14:36 - W0Monitor - INFO: current usage of /afs/cern.ch/user/l/l1ccalib/w0/DaemonData/jobs: 74%
2009-05-27 14:41 - W0Monitor - INFO: current usage of /afs/cern.ch/user/l/l1ccalib/w0/DaemonData/jobs: 74%
2009-05-27 14:46 - W0Monitor - INFO: current usage of /afs/cern.ch/user/l/l1ccalib/w0/DaemonData/jobs: 74%
2009-05-27 14:51 - W0Monitor - INFO: current usage of /afs/cern.ch/user/l/l1ccalib/w0/DaemonData/jobs: 74%
2009-05-27 14:56 - W0Monitor - INFO: current usage of /afs/cern.ch/user/l/l1ccalib/w0/DaemonData/jobs: 74%
2009-05-27 15:01 - W0Monitor - INFO: current usage of /afs/cern.ch/user/l/l1ccalib/w0/DaemonData/jobs: 74%
2009-05-27 15:06 - W0Monitor - INFO: current usage of /afs/cern.ch/user/l/l1ccalib/w0/DaemonData/jobs: 74%
2009-05-27 15:11 - W0Monitor - INFO: current usage of /afs/cern.ch/user/l/l1ccalib/w0/DaemonData/jobs: 74%
2009-05-27 15:17 - W0Monitor - INFO: current usage of /afs/cern.ch/user/l/l1ccalib/w0/DaemonData/jobs: 74%
2009-05-27 15:22 - W0Monitor - INFO: current usage of /afs/cern.ch/user/l/l1ccalib/w0/DaemonData/jobs: 74%
2009-05-27 15:27 - W0Monitor - INFO: current usage of /afs/cern.ch/user/l/l1ccalib/w0/DaemonData/jobs: 74%
2009-05-27 15:32 - W0Monitor - INFO: current usage of /afs/cern.ch/user/l/l1ccalib/w0/DaemonData/jobs: 74%
2009-05-27 15:37 - W0Monitor - INFO: current usage of /afs/cern.ch/user/l/l1ccalib/w0/DaemonData/jobs: 74%
2009-05-27 15:42 - W0Monitor - INFO: current usage of /afs/cern.ch/user/l/l1ccalib/w0/DaemonData/jobs: 74%
2009-05-27 15:47 - W0Monitor - INFO: current usage of /afs/cern.ch/user/l/l1ccalib/w0/DaemonData/jobs: 74%
2009-05-27 15:52 - W0Monitor - INFO: current usage of /afs/cern.ch/user/l/l1ccalib/w0/DaemonData/jobs: 74%
2009-05-27 15:57 - W0Monitor - INFO: current usage of /afs/cern.ch/user/l/l1ccalib/w0/DaemonData/jobs: 74%
2009-05-27 16:02 - W0Monitor - INFO: current usage of /afs/cern.ch/user/l/l1ccalib/w0/DaemonData/jobs: 74%
2009-05-27 16:07 - W0Monitor - INFO: current usage of /afs/cern.ch/user/l/l1ccalib/w0/DaemonData/jobs: 74%
2009-05-27 16:12 - W0Monitor - INFO: current usage of /afs/cern.ch/user/l/l1ccalib/w0/DaemonData/jobs: 74%
2009-05-27 16:17 - W0Monitor - INFO: current usage of /afs/cern.ch/user/l/l1ccalib/w0/DaemonData/jobs: 74%
2009-05-27 16:22 - W0Monitor - INFO: current usage of /afs/cern.ch/user/l/l1ccalib/w0/DaemonData/jobs: 74%
2009-05-27 16:27 - W0Monitor - INFO: current usage of /afs/cern.ch/user/l/l1ccalib/w0/DaemonData/jobs: 74%
2009-05-27 16:32 - W0Monitor - INFO: current usage of /afs/cern.ch/user/l/l1ccalib/w0/DaemonData/jobs: 74%
2009-05-27 16:37 - W0Monitor - INFO: current usage of /afs/cern.ch/user/l/l1ccalib/w0/DaemonData/jobs: 74%
2009-05-27 16:42 - W0Monitor - INFO: current usage of /afs/cern.ch/user/l/l1ccalib/w0/DaemonData/jobs: 74%
2009-05-27 16:47 - W0Monitor - INFO: current usage of /afs/cern.ch/user/l/l1ccalib/w0/DaemonData/jobs: 74%
2009-05-27 16:52 - W0Monitor - INFO: current usage of /afs/cern.ch/user/l/l1ccalib/w0/DaemonData/jobs: 74%
2009-05-27 16:57 - W0Monitor - INFO: current usage of /afs/cern.ch/user/l/l1ccalib/w0/DaemonData/jobs: 74%
2009-05-27 17:02 - W0Monitor - INFO: current usage of /afs/cern.ch/user/l/l1ccalib/w0/DaemonData/jobs: 74%
2009-05-27 17:07 - W0Monitor - INFO: current usage of /afs/cern.ch/user/l/l1ccalib/w0/DaemonData/jobs: 74%
2009-05-27 17:12 - W0Monitor - INFO: current usage of /afs/cern.ch/user/l/l1ccalib/w0/DaemonData/jobs: 74%
2009-05-27 17:17 - W0Monitor - INFO: current usage of /afs/cern.ch/user/l/l1ccalib/w0/DaemonData/jobs: 74%
2009-05-27 17:22 - W0Monitor - INFO: current usage of /afs/cern.ch/user/l/l1ccalib/w0/DaemonData/jobs: 74%
2009-05-27 17:27 - W0Monitor - INFO: current usage of /afs/cern.ch/user/l/l1ccalib/w0/DaemonData/jobs: 74%
2009-05-27 17:32 - W0Monitor - INFO: current usage of /afs/cern.ch/user/l/l1ccalib/w0/DaemonData/jobs: 74%
2009-05-27 17:37 - W0Monitor - INFO: current usage of /afs/cern.ch/user/l/l1ccalib/w0/DaemonData/jobs: 74%
2009-05-27 17:42 - W0Monitor - INFO: current usage of /afs/cern.ch/user/l/l1ccalib/w0/DaemonData/jobs: 74%
2009-05-27 17:47 - W0Monitor - INFO: current usage of /afs/cern.ch/user/l/l1ccalib/w0/DaemonData/jobs: 74%
2009-05-27 17:52 - W0Monitor - INFO: current usage of /afs/cern.ch/user/l/l1ccalib/w0/DaemonData/jobs: 78%
2009-05-27 17:52 - W0Monitor - INFO: purging /afs/cern.ch/user/l/l1ccalib/w0/DaemonData/jobs ...
2009-05-27 17:52 - W0Monitor - INFO: /afs/cern.ch/user/l/l1ccalib/w0/DaemonData/jobs/115697_CBNT removed. New quota: 73%
2009-05-27 17:57 - W0Monitor - INFO: current usage of /afs/cern.ch/user/l/l1ccalib/w0/DaemonData/jobs: 83%
2009-05-27 17:57 - W0Monitor - INFO: purging /afs/cern.ch/user/l/l1ccalib/w0/DaemonData/jobs ...
2009-05-27 17:57 - W0Monitor - INFO: /afs/cern.ch/user/l/l1ccalib/w0/DaemonData/jobs/115706_CBNT removed. New quota: 78%
2009-05-27 17:57 - W0Monitor - INFO: /afs/cern.ch/user/l/l1ccalib/w0/DaemonData/jobs/115854_CBNT removed. New quota: 70%
2009-05-27 18:02 - W0Monitor - INFO: current usage of /afs/cern.ch/user/l/l1ccalib/w0/DaemonData/jobs: 70%
2009-05-27 18:07 - W0Monitor - INFO: current usage of /afs/cern.ch/user/l/l1ccalib/w0/DaemonData/jobs: 74%
2009-05-27 18:12 - W0Monitor - INFO: current usage of /afs/cern.ch/user/l/l1ccalib/w0/DaemonData/jobs: 84%
2009-05-27 18:12 - W0Monitor - INFO: purging /afs/cern.ch/user/l/l1ccalib/w0/DaemonData/jobs ...
2009-05-27 18:12 - W0Monitor - INFO: /afs/cern.ch/user/l/l1ccalib/w0/DaemonData/jobs/115874_CBNT removed. New quota: 77%
2009-05-27 18:12 - W0Monitor - INFO: /afs/cern.ch/user/l/l1ccalib/w0/DaemonData/jobs/115872_CBNT removed. New quota: 69%
2009-05-27 18:17 - W0Monitor - INFO: current usage of /afs/cern.ch/user/l/l1ccalib/w0/DaemonData/jobs: 69%
2009-05-27 18:22 - W0Monitor - INFO: current usage of /afs/cern.ch/user/l/l1ccalib/w0/DaemonData/jobs: 69%
2009-05-27 18:27 - W0Monitor - INFO: current usage of /afs/cern.ch/user/l/l1ccalib/w0/DaemonData/jobs: 69%
2009-05-27 18:32 - W0Monitor - INFO: current usage of /afs/cern.ch/user/l/l1ccalib/w0/DaemonData/jobs: 69%
2009-05-27 18:37 - W0Monitor - INFO: current usage of /afs/cern.ch/user/l/l1ccalib/w0/DaemonData/jobs: 69%
2009-05-27 18:42 - W0Monitor - INFO: current usage of /afs/cern.ch/user/l/l1ccalib/w0/DaemonData/jobs: 69%
2009-05-27 18:47 - W0Monitor - INFO: current usage of /afs/cern.ch/user/l/l1ccalib/w0/DaemonData/jobs: 69%
2009-05-27 18:52 - W0Monitor - INFO: current usage of /afs/cern.ch/user/l/l1ccalib/w0/DaemonData/jobs: 69%
2009-05-27 18:57 - W0Monitor - INFO: current usage of /afs/cern.ch/user/l/l1ccalib/w0/DaemonData/jobs: 69%
2009-05-27 19:02 - W0Monitor - INFO: current usage of /afs/cern.ch/user/l/l1ccalib/w0/DaemonData/jobs: 69%
2009-05-27 19:07 - W0Monitor - INFO: current usage of /afs/cern.ch/user/l/l1ccalib/w0/DaemonData/jobs: 69%
2009-05-27 19:12 - W0Monitor - INFO: current usage of /afs/cern.ch/user/l/l1ccalib/w0/DaemonData/jobs: 69%
2009-05-27 19:17 - W0Monitor - INFO: current usage of /afs/cern.ch/user/l/l1ccalib/w0/DaemonData/jobs: 69%
2009-05-27 19:22 - W0Monitor - INFO: current usage of /afs/cern.ch/user/l/l1ccalib/w0/DaemonData/jobs: 69%
2009-05-27 19:27 - W0Monitor - INFO: current usage of /afs/cern.ch/user/l/l1ccalib/w0/DaemonData/jobs: 69%
2009-05-27 19:32 - W0Monitor - INFO: current usage of /afs/cern.ch/user/l/l1ccalib/w0/DaemonData/jobs: 69%
2009-05-27 19:37 - W0Monitor - INFO: current usage of /afs/cern.ch/user/l/l1ccalib/w0/DaemonData/jobs: 69%
2009-05-27 19:42 - W0Monitor - INFO: current usage of /afs/cern.ch/user/l/l1ccalib/w0/DaemonData/jobs: 69%
2009-05-27 19:47 - W0Monitor - INFO: current usage of /afs/cern.ch/user/l/l1ccalib/w0/DaemonData/jobs: 69%
2009-05-27 19:52 - W0Monitor - INFO: current usage of /afs/cern.ch/user/l/l1ccalib/w0/DaemonData/jobs: 69%
2009-05-27 19:57 - W0Monitor - INFO: current usage of /afs/cern.ch/user/l/l1ccalib/w0/DaemonData/jobs: 69%
2009-05-27 20:02 - W0Monitor - INFO: current usage of /afs/cern.ch/user/l/l1ccalib/w0/DaemonData/jobs: 69%
2009-05-27 20:07 - W0Monitor - INFO: current usage of /afs/cern.ch/user/l/l1ccalib/w0/DaemonData/jobs: 69%
2009-05-27 20:12 - W0Monitor - INFO: current usage of /afs/cern.ch/user/l/l1ccalib/w0/DaemonData/jobs: 69%
2009-05-27 20:17 - W0Monitor - INFO: current usage of /afs/cern.ch/user/l/l1ccalib/w0/DaemonData/jobs: 69%
2009-05-27 20:22 - W0Monitor - INFO: current usage of /afs/cern.ch/user/l/l1ccalib/w0/DaemonData/jobs: 69%
2009-05-27 20:27 - W0Monitor - INFO: current usage of /afs/cern.ch/user/l/l1ccalib/w0/DaemonData/jobs: 69%
2009-05-27 20:32 - W0Monitor - INFO: current usage of /afs/cern.ch/user/l/l1ccalib/w0/DaemonData/jobs: 69%
2009-05-27 20:37 - W0Monitor - INFO: current usage of /afs/cern.ch/user/l/l1ccalib/w0/DaemonData/jobs: 69%
2009-05-27 20:42 - W0Monitor - INFO: current usage of /afs/cern.ch/user/l/l1ccalib/w0/DaemonData/jobs: 69%
2009-05-27 20:47 - W0Monitor - INFO: current usage of /afs/cern.ch/user/l/l1ccalib/w0/DaemonData/jobs: 69%
2009-05-27 20:52 - W0Monitor - INFO: current usage of /afs/cern.ch/user/l/l1ccalib/w0/DaemonData/jobs: 69%
2009-05-27 20:57 - W0Monitor - INFO: current usage of /afs/cern.ch/user/l/l1ccalib/w0/DaemonData/jobs: 69%
2009-05-27 21:02 - W0Monitor - INFO: current usage of /afs/cern.ch/user/l/l1ccalib/w0/DaemonData/jobs: 69%
2009-05-27 21:07 - W0Monitor - INFO: current usage of /afs/cern.ch/user/l/l1ccalib/w0/DaemonData/jobs: 69%
2009-05-27 21:12 - W0Monitor - INFO: current usage of /afs/cern.ch/user/l/l1ccalib/w0/DaemonData/jobs: 69%
2009-05-27 21:17 - W0Monitor - INFO: current usage of /afs/cern.ch/user/l/l1ccalib/w0/DaemonData/jobs: 69%
2009-05-27 21:22 - W0Monitor - INFO: current usage of /afs/cern.ch/user/l/l1ccalib/w0/DaemonData/jobs: 69%
2009-05-27 21:27 - W0Monitor - INFO: current usage of /afs/cern.ch/user/l/l1ccalib/w0/DaemonData/jobs: 69%
2009-05-27 21:32 - W0Monitor - INFO: current usage of /afs/cern.ch/user/l/l1ccalib/w0/DaemonData/jobs: 69%
2009-05-27 21:37 - W0Monitor - INFO: current usage of /afs/cern.ch/user/l/l1ccalib/w0/DaemonData/jobs: 69%
2009-05-27 21:42 - W0Monitor - INFO: current usage of /afs/cern.ch/user/l/l1ccalib/w0/DaemonData/jobs: 69%
2009-05-27 21:47 - W0Monitor - INFO: current usage of /afs/cern.ch/user/l/l1ccalib/w0/DaemonData/jobs: 69%
2009-05-27 21:52 - W0Monitor - INFO: current usage of /afs/cern.ch/user/l/l1ccalib/w0/DaemonData/jobs: 69%
2009-05-27 21:57 - W0Monitor - INFO: current usage of /afs/cern.ch/user/l/l1ccalib/w0/DaemonData/jobs: 69%
2009-05-27 22:02 - W0Monitor - INFO: current usage of /afs/cern.ch/user/l/l1ccalib/w0/DaemonData/jobs: 69%
2009-05-27 22:07 - W0Monitor - INFO: current usage of /afs/cern.ch/user/l/l1ccalib/w0/DaemonData/jobs: 69%
2009-05-27 22:12 - W0Monitor - INFO: current usage of /afs/cern.ch/user/l/l1ccalib/w0/DaemonData/jobs: 69%
2009-05-27 22:17 - W0Monitor - INFO: current usage of /afs/cern.ch/user/l/l1ccalib/w0/DaemonData/jobs: 69%
2009-05-27 22:22 - W0Monitor - INFO: current usage of /afs/cern.ch/user/l/l1ccalib/w0/DaemonData/jobs: 69%
2009-05-27 22:27 - W0Monitor - INFO: current usage of /afs/cern.ch/user/l/l1ccalib/w0/DaemonData/jobs: 69%
2009-05-27 22:32 - W0Monitor - INFO: current usage of /afs/cern.ch/user/l/l1ccalib/w0/DaemonData/jobs: 69%
2009-05-27 22:37 - W0Monitor - INFO: current usage of /afs/cern.ch/user/l/l1ccalib/w0/DaemonData/jobs: 69%
2009-05-27 22:42 - W0Monitor - INFO: current usage of /afs/cern.ch/user/l/l1ccalib/w0/DaemonData/jobs: 69%
2009-05-27 22:47 - W0Monitor - INFO: current usage of /afs/cern.ch/user/l/l1ccalib/w0/DaemonData/jobs: 69%
2009-05-27 22:52 - W0Monitor - INFO: current usage of /afs/cern.ch/user/l/l1ccalib/w0/DaemonData/jobs: 69%
2009-05-27 22:57 - W0Monitor - INFO: current usage of /afs/cern.ch/user/l/l1ccalib/w0/DaemonData/jobs: 69%
2009-05-27 23:02 - W0Monitor - INFO: current usage of /afs/cern.ch/user/l/l1ccalib/w0/DaemonData/jobs: 69%
2009-05-27 23:07 - W0Monitor - INFO: current usage of /afs/cern.ch/user/l/l1ccalib/w0/DaemonData/jobs: 69%
2009-05-27 23:12 - W0Monitor - INFO: current usage of /afs/cern.ch/user/l/l1ccalib/w0/DaemonData/jobs: 69%
2009-05-27 23:17 - W0Monitor - INFO: current usage of /afs/cern.ch/user/l/l1ccalib/w0/DaemonData/jobs: 69%
2009-05-27 23:22 - W0Monitor - INFO: current usage of /afs/cern.ch/user/l/l1ccalib/w0/DaemonData/jobs: 69%
2009-05-27 23:27 - W0Monitor - INFO: current usage of /afs/cern.ch/user/l/l1ccalib/w0/DaemonData/jobs: 69%
2009-05-27 23:32 - W0Monitor - INFO: current usage of /afs/cern.ch/user/l/l1ccalib/w0/DaemonData/jobs: 69%
2009-05-27 23:37 - W0Monitor - INFO: current usage of /afs/cern.ch/user/l/l1ccalib/w0/DaemonData/jobs: 69%
2009-05-27 23:42 - W0Monitor - INFO: current usage of /afs/cern.ch/user/l/l1ccalib/w0/DaemonData/jobs: 69%
2009-05-27 23:47 - W0Monitor - INFO: current usage of /afs/cern.ch/user/l/l1ccalib/w0/DaemonData/jobs: 69%
2009-05-27 23:52 - W0Monitor - INFO: current usage of /afs/cern.ch/user/l/l1ccalib/w0/DaemonData/jobs: 69%
2009-05-27 23:57 - W0Monitor - INFO: current usage of /afs/cern.ch/user/l/l1ccalib/w0/DaemonData/jobs: 69%
