2009-03-01 00:00 - W0Monitor - INFO: ========================================
2009-03-01 00:00 - W0Monitor - INFO: W0Monitor in init
2009-03-01 00:00 - W0Monitor - INFO: init file W0MonitorConfig.py was found
2009-03-01 00:00 - W0Monitor - INFO: Watching at: /afs/cern.ch/user/l/l1ccalib/w0/DaemonData/jobs
2009-03-01 00:00 - W0Monitor - INFO: Purge threshold: 75%
2009-03-01 00:00 - W0Monitor - INFO: RemovalOk: False
2009-03-01 00:00 - W0Monitor - INFO: current usage : 57%
2009-03-01 00:00 - W0Monitor - INFO: W0Monitor initialized
2009-03-01 00:00 - W0Monitor - INFO: ========================================
2009-03-01 00:05 - W0Monitor - INFO: current usage of /afs/cern.ch/user/l/l1ccalib/w0/DaemonData/jobs: 57%
2009-03-01 00:10 - W0Monitor - INFO: current usage of /afs/cern.ch/user/l/l1ccalib/w0/DaemonData/jobs: 57%
2009-03-01 00:15 - W0Monitor - INFO: current usage of /afs/cern.ch/user/l/l1ccalib/w0/DaemonData/jobs: 57%
2009-03-01 00:20 - W0Monitor - INFO: current usage of /afs/cern.ch/user/l/l1ccalib/w0/DaemonData/jobs: 57%
2009-03-01 00:25 - W0Monitor - INFO: current usage of /afs/cern.ch/user/l/l1ccalib/w0/DaemonData/jobs: 57%
2009-03-01 00:30 - W0Monitor - INFO: current usage of /afs/cern.ch/user/l/l1ccalib/w0/DaemonData/jobs: 57%
2009-03-01 00:35 - W0Monitor - INFO: current usage of /afs/cern.ch/user/l/l1ccalib/w0/DaemonData/jobs: 57%
2009-03-01 00:40 - W0Monitor - INFO: current usage of /afs/cern.ch/user/l/l1ccalib/w0/DaemonData/jobs: 57%
2009-03-01 00:45 - W0Monitor - INFO: current usage of /afs/cern.ch/user/l/l1ccalib/w0/DaemonData/jobs: 57%
2009-03-01 00:50 - W0Monitor - INFO: current usage of /afs/cern.ch/user/l/l1ccalib/w0/DaemonData/jobs: 57%
2009-03-01 00:55 - W0Monitor - INFO: current usage of /afs/cern.ch/user/l/l1ccalib/w0/DaemonData/jobs: 57%
2009-03-01 01:00 - W0Monitor - INFO: current usage of /afs/cern.ch/user/l/l1ccalib/w0/DaemonData/jobs: 57%
2009-03-01 01:05 - W0Monitor - INFO: current usage of /afs/cern.ch/user/l/l1ccalib/w0/DaemonData/jobs: 57%
2009-03-01 01:10 - W0Monitor - INFO: current usage of /afs/cern.ch/user/l/l1ccalib/w0/DaemonData/jobs: 57%
2009-03-01 01:15 - W0Monitor - INFO: current usage of /afs/cern.ch/user/l/l1ccalib/w0/DaemonData/jobs: 57%
2009-03-01 01:20 - W0Monitor - INFO: current usage of /afs/cern.ch/user/l/l1ccalib/w0/DaemonData/jobs: 57%
2009-03-01 01:25 - W0Monitor - INFO: current usage of /afs/cern.ch/user/l/l1ccalib/w0/DaemonData/jobs: 57%
2009-03-01 01:30 - W0Monitor - INFO: current usage of /afs/cern.ch/user/l/l1ccalib/w0/DaemonData/jobs: 57%
2009-03-01 01:35 - W0Monitor - INFO: current usage of /afs/cern.ch/user/l/l1ccalib/w0/DaemonData/jobs: 57%
2009-03-01 01:40 - W0Monitor - INFO: current usage of /afs/cern.ch/user/l/l1ccalib/w0/DaemonData/jobs: 57%
2009-03-01 01:45 - W0Monitor - INFO: current usage of /afs/cern.ch/user/l/l1ccalib/w0/DaemonData/jobs: 57%
2009-03-01 01:50 - W0Monitor - INFO: current usage of /afs/cern.ch/user/l/l1ccalib/w0/DaemonData/jobs: 57%
2009-03-01 01:55 - W0Monitor - INFO: current usage of /afs/cern.ch/user/l/l1ccalib/w0/DaemonData/jobs: 57%
2009-03-01 02:00 - W0Monitor - INFO: current usage of /afs/cern.ch/user/l/l1ccalib/w0/DaemonData/jobs: 57%
2009-03-01 02:05 - W0Monitor - INFO: current usage of /afs/cern.ch/user/l/l1ccalib/w0/DaemonData/jobs: 57%
2009-03-01 02:10 - W0Monitor - INFO: current usage of /afs/cern.ch/user/l/l1ccalib/w0/DaemonData/jobs: 57%
2009-03-01 02:15 - W0Monitor - INFO: current usage of /afs/cern.ch/user/l/l1ccalib/w0/DaemonData/jobs: 57%
2009-03-01 02:20 - W0Monitor - INFO: current usage of /afs/cern.ch/user/l/l1ccalib/w0/DaemonData/jobs: 57%
2009-03-01 02:25 - W0Monitor - INFO: current usage of /afs/cern.ch/user/l/l1ccalib/w0/DaemonData/jobs: 57%
2009-03-01 02:30 - W0Monitor - INFO: current usage of /afs/cern.ch/user/l/l1ccalib/w0/DaemonData/jobs: 57%
2009-03-01 02:35 - W0Monitor - INFO: current usage of /afs/cern.ch/user/l/l1ccalib/w0/DaemonData/jobs: 57%
2009-03-01 02:40 - W0Monitor - INFO: current usage of /afs/cern.ch/user/l/l1ccalib/w0/DaemonData/jobs: 57%
2009-03-01 02:45 - W0Monitor - INFO: current usage of /afs/cern.ch/user/l/l1ccalib/w0/DaemonData/jobs: 57%
2009-03-01 02:50 - W0Monitor - INFO: current usage of /afs/cern.ch/user/l/l1ccalib/w0/DaemonData/jobs: 57%
2009-03-01 02:55 - W0Monitor - INFO: current usage of /afs/cern.ch/user/l/l1ccalib/w0/DaemonData/jobs: 57%
2009-03-01 03:00 - W0Monitor - INFO: current usage of /afs/cern.ch/user/l/l1ccalib/w0/DaemonData/jobs: 57%
2009-03-01 03:05 - W0Monitor - INFO: current usage of /afs/cern.ch/user/l/l1ccalib/w0/DaemonData/jobs: 57%
2009-03-01 03:10 - W0Monitor - INFO: current usage of /afs/cern.ch/user/l/l1ccalib/w0/DaemonData/jobs: 57%
2009-03-01 03:15 - W0Monitor - INFO: current usage of /afs/cern.ch/user/l/l1ccalib/w0/DaemonData/jobs: 57%
2009-03-01 03:20 - W0Monitor - INFO: current usage of /afs/cern.ch/user/l/l1ccalib/w0/DaemonData/jobs: 57%
2009-03-01 03:25 - W0Monitor - INFO: current usage of /afs/cern.ch/user/l/l1ccalib/w0/DaemonData/jobs: 57%
2009-03-01 03:30 - W0Monitor - INFO: current usage of /afs/cern.ch/user/l/l1ccalib/w0/DaemonData/jobs: 57%
2009-03-01 03:35 - W0Monitor - INFO: current usage of /afs/cern.ch/user/l/l1ccalib/w0/DaemonData/jobs: 57%
2009-03-01 03:40 - W0Monitor - INFO: current usage of /afs/cern.ch/user/l/l1ccalib/w0/DaemonData/jobs: 57%
2009-03-01 03:45 - W0Monitor - INFO: current usage of /afs/cern.ch/user/l/l1ccalib/w0/DaemonData/jobs: 57%
2009-03-01 03:50 - W0Monitor - INFO: current usage of /afs/cern.ch/user/l/l1ccalib/w0/DaemonData/jobs: 57%
2009-03-01 03:55 - W0Monitor - INFO: current usage of /afs/cern.ch/user/l/l1ccalib/w0/DaemonData/jobs: 57%
2009-03-01 04:00 - W0Monitor - INFO: current usage of /afs/cern.ch/user/l/l1ccalib/w0/DaemonData/jobs: 57%
2009-03-01 04:05 - W0Monitor - INFO: current usage of /afs/cern.ch/user/l/l1ccalib/w0/DaemonData/jobs: 57%
2009-03-01 04:10 - W0Monitor - INFO: current usage of /afs/cern.ch/user/l/l1ccalib/w0/DaemonData/jobs: 57%
2009-03-01 04:15 - W0Monitor - INFO: current usage of /afs/cern.ch/user/l/l1ccalib/w0/DaemonData/jobs: 57%
2009-03-01 04:20 - W0Monitor - INFO: current usage of /afs/cern.ch/user/l/l1ccalib/w0/DaemonData/jobs: 57%
2009-03-01 04:25 - W0Monitor - INFO: current usage of /afs/cern.ch/user/l/l1ccalib/w0/DaemonData/jobs: 57%
2009-03-01 04:30 - W0Monitor - INFO: current usage of /afs/cern.ch/user/l/l1ccalib/w0/DaemonData/jobs: 57%
2009-03-01 04:35 - W0Monitor - INFO: current usage of /afs/cern.ch/user/l/l1ccalib/w0/DaemonData/jobs: 57%
2009-03-01 04:40 - W0Monitor - INFO: current usage of /afs/cern.ch/user/l/l1ccalib/w0/DaemonData/jobs: 57%
2009-03-01 04:45 - W0Monitor - INFO: current usage of /afs/cern.ch/user/l/l1ccalib/w0/DaemonData/jobs: 57%
2009-03-01 04:50 - W0Monitor - INFO: current usage of /afs/cern.ch/user/l/l1ccalib/w0/DaemonData/jobs: 57%
2009-03-01 04:55 - W0Monitor - INFO: current usage of /afs/cern.ch/user/l/l1ccalib/w0/DaemonData/jobs: 57%
2009-03-01 05:00 - W0Monitor - INFO: current usage of /afs/cern.ch/user/l/l1ccalib/w0/DaemonData/jobs: 57%
2009-03-01 05:05 - W0Monitor - INFO: current usage of /afs/cern.ch/user/l/l1ccalib/w0/DaemonData/jobs: 57%
2009-03-01 05:10 - W0Monitor - INFO: current usage of /afs/cern.ch/user/l/l1ccalib/w0/DaemonData/jobs: 57%
2009-03-01 05:15 - W0Monitor - INFO: current usage of /afs/cern.ch/user/l/l1ccalib/w0/DaemonData/jobs: 57%
2009-03-01 05:20 - W0Monitor - INFO: current usage of /afs/cern.ch/user/l/l1ccalib/w0/DaemonData/jobs: 57%
2009-03-01 05:25 - W0Monitor - INFO: current usage of /afs/cern.ch/user/l/l1ccalib/w0/DaemonData/jobs: 57%
2009-03-01 05:30 - W0Monitor - INFO: current usage of /afs/cern.ch/user/l/l1ccalib/w0/DaemonData/jobs: 57%
2009-03-01 05:35 - W0Monitor - INFO: current usage of /afs/cern.ch/user/l/l1ccalib/w0/DaemonData/jobs: 57%
2009-03-01 05:40 - W0Monitor - INFO: current usage of /afs/cern.ch/user/l/l1ccalib/w0/DaemonData/jobs: 57%
2009-03-01 05:45 - W0Monitor - INFO: current usage of /afs/cern.ch/user/l/l1ccalib/w0/DaemonData/jobs: 57%
2009-03-01 05:50 - W0Monitor - INFO: current usage of /afs/cern.ch/user/l/l1ccalib/w0/DaemonData/jobs: 57%
2009-03-01 05:55 - W0Monitor - INFO: current usage of /afs/cern.ch/user/l/l1ccalib/w0/DaemonData/jobs: 57%
2009-03-01 06:00 - W0Monitor - INFO: current usage of /afs/cern.ch/user/l/l1ccalib/w0/DaemonData/jobs: 57%
2009-03-01 06:05 - W0Monitor - INFO: current usage of /afs/cern.ch/user/l/l1ccalib/w0/DaemonData/jobs: 57%
2009-03-01 06:10 - W0Monitor - INFO: current usage of /afs/cern.ch/user/l/l1ccalib/w0/DaemonData/jobs: 57%
2009-03-01 06:15 - W0Monitor - INFO: current usage of /afs/cern.ch/user/l/l1ccalib/w0/DaemonData/jobs: 57%
2009-03-01 06:20 - W0Monitor - INFO: current usage of /afs/cern.ch/user/l/l1ccalib/w0/DaemonData/jobs: 57%
2009-03-01 06:25 - W0Monitor - INFO: current usage of /afs/cern.ch/user/l/l1ccalib/w0/DaemonData/jobs: 57%
2009-03-01 06:30 - W0Monitor - INFO: current usage of /afs/cern.ch/user/l/l1ccalib/w0/DaemonData/jobs: 57%
2009-03-01 06:35 - W0Monitor - INFO: current usage of /afs/cern.ch/user/l/l1ccalib/w0/DaemonData/jobs: 57%
2009-03-01 06:40 - W0Monitor - INFO: current usage of /afs/cern.ch/user/l/l1ccalib/w0/DaemonData/jobs: 57%
2009-03-01 06:45 - W0Monitor - INFO: current usage of /afs/cern.ch/user/l/l1ccalib/w0/DaemonData/jobs: 57%
2009-03-01 06:50 - W0Monitor - INFO: current usage of /afs/cern.ch/user/l/l1ccalib/w0/DaemonData/jobs: 57%
2009-03-01 06:55 - W0Monitor - INFO: current usage of /afs/cern.ch/user/l/l1ccalib/w0/DaemonData/jobs: 57%
2009-03-01 07:00 - W0Monitor - INFO: current usage of /afs/cern.ch/user/l/l1ccalib/w0/DaemonData/jobs: 57%
2009-03-01 07:05 - W0Monitor - INFO: current usage of /afs/cern.ch/user/l/l1ccalib/w0/DaemonData/jobs: 57%
2009-03-01 07:10 - W0Monitor - INFO: current usage of /afs/cern.ch/user/l/l1ccalib/w0/DaemonData/jobs: 57%
2009-03-01 07:15 - W0Monitor - INFO: current usage of /afs/cern.ch/user/l/l1ccalib/w0/DaemonData/jobs: 57%
2009-03-01 07:20 - W0Monitor - INFO: current usage of /afs/cern.ch/user/l/l1ccalib/w0/DaemonData/jobs: 57%
2009-03-01 07:25 - W0Monitor - INFO: current usage of /afs/cern.ch/user/l/l1ccalib/w0/DaemonData/jobs: 57%
2009-03-01 07:30 - W0Monitor - INFO: current usage of /afs/cern.ch/user/l/l1ccalib/w0/DaemonData/jobs: 57%
2009-03-01 07:35 - W0Monitor - INFO: current usage of /afs/cern.ch/user/l/l1ccalib/w0/DaemonData/jobs: 57%
2009-03-01 07:40 - W0Monitor - INFO: current usage of /afs/cern.ch/user/l/l1ccalib/w0/DaemonData/jobs: 57%
2009-03-01 07:45 - W0Monitor - INFO: current usage of /afs/cern.ch/user/l/l1ccalib/w0/DaemonData/jobs: 57%
2009-03-01 07:50 - W0Monitor - INFO: current usage of /afs/cern.ch/user/l/l1ccalib/w0/DaemonData/jobs: 57%
2009-03-01 07:55 - W0Monitor - INFO: current usage of /afs/cern.ch/user/l/l1ccalib/w0/DaemonData/jobs: 57%
2009-03-01 08:00 - W0Monitor - INFO: current usage of /afs/cern.ch/user/l/l1ccalib/w0/DaemonData/jobs: 57%
2009-03-01 08:05 - W0Monitor - INFO: current usage of /afs/cern.ch/user/l/l1ccalib/w0/DaemonData/jobs: 57%
2009-03-01 08:10 - W0Monitor - INFO: current usage of /afs/cern.ch/user/l/l1ccalib/w0/DaemonData/jobs: 57%
2009-03-01 08:15 - W0Monitor - INFO: current usage of /afs/cern.ch/user/l/l1ccalib/w0/DaemonData/jobs: 57%
2009-03-01 08:20 - W0Monitor - INFO: current usage of /afs/cern.ch/user/l/l1ccalib/w0/DaemonData/jobs: 57%
2009-03-01 08:25 - W0Monitor - INFO: current usage of /afs/cern.ch/user/l/l1ccalib/w0/DaemonData/jobs: 57%
2009-03-01 08:30 - W0Monitor - INFO: current usage of /afs/cern.ch/user/l/l1ccalib/w0/DaemonData/jobs: 57%
2009-03-01 08:35 - W0Monitor - INFO: current usage of /afs/cern.ch/user/l/l1ccalib/w0/DaemonData/jobs: 57%
2009-03-01 08:40 - W0Monitor - INFO: current usage of /afs/cern.ch/user/l/l1ccalib/w0/DaemonData/jobs: 57%
2009-03-01 08:45 - W0Monitor - INFO: current usage of /afs/cern.ch/user/l/l1ccalib/w0/DaemonData/jobs: 57%
2009-03-01 08:50 - W0Monitor - INFO: current usage of /afs/cern.ch/user/l/l1ccalib/w0/DaemonData/jobs: 57%
2009-03-01 08:55 - W0Monitor - INFO: current usage of /afs/cern.ch/user/l/l1ccalib/w0/DaemonData/jobs: 57%
2009-03-01 09:00 - W0Monitor - INFO: current usage of /afs/cern.ch/user/l/l1ccalib/w0/DaemonData/jobs: 57%
2009-03-01 09:05 - W0Monitor - INFO: current usage of /afs/cern.ch/user/l/l1ccalib/w0/DaemonData/jobs: 57%
2009-03-01 09:10 - W0Monitor - INFO: current usage of /afs/cern.ch/user/l/l1ccalib/w0/DaemonData/jobs: 57%
2009-03-01 09:15 - W0Monitor - INFO: current usage of /afs/cern.ch/user/l/l1ccalib/w0/DaemonData/jobs: 57%
2009-03-01 09:20 - W0Monitor - INFO: current usage of /afs/cern.ch/user/l/l1ccalib/w0/DaemonData/jobs: 57%
2009-03-01 09:25 - W0Monitor - INFO: current usage of /afs/cern.ch/user/l/l1ccalib/w0/DaemonData/jobs: 57%
2009-03-01 09:30 - W0Monitor - INFO: current usage of /afs/cern.ch/user/l/l1ccalib/w0/DaemonData/jobs: 57%
2009-03-01 09:35 - W0Monitor - INFO: current usage of /afs/cern.ch/user/l/l1ccalib/w0/DaemonData/jobs: 57%
2009-03-01 09:40 - W0Monitor - INFO: current usage of /afs/cern.ch/user/l/l1ccalib/w0/DaemonData/jobs: 57%
2009-03-01 09:45 - W0Monitor - INFO: current usage of /afs/cern.ch/user/l/l1ccalib/w0/DaemonData/jobs: 57%
2009-03-01 09:50 - W0Monitor - INFO: current usage of /afs/cern.ch/user/l/l1ccalib/w0/DaemonData/jobs: 57%
2009-03-01 09:55 - W0Monitor - INFO: current usage of /afs/cern.ch/user/l/l1ccalib/w0/DaemonData/jobs: 57%
2009-03-01 10:00 - W0Monitor - INFO: current usage of /afs/cern.ch/user/l/l1ccalib/w0/DaemonData/jobs: 57%
2009-03-01 10:05 - W0Monitor - INFO: current usage of /afs/cern.ch/user/l/l1ccalib/w0/DaemonData/jobs: 57%
2009-03-01 10:10 - W0Monitor - INFO: current usage of /afs/cern.ch/user/l/l1ccalib/w0/DaemonData/jobs: 57%
2009-03-01 10:15 - W0Monitor - INFO: current usage of /afs/cern.ch/user/l/l1ccalib/w0/DaemonData/jobs: 57%
2009-03-01 10:20 - W0Monitor - INFO: current usage of /afs/cern.ch/user/l/l1ccalib/w0/DaemonData/jobs: 57%
2009-03-01 10:25 - W0Monitor - INFO: current usage of /afs/cern.ch/user/l/l1ccalib/w0/DaemonData/jobs: 57%
2009-03-01 10:30 - W0Monitor - INFO: current usage of /afs/cern.ch/user/l/l1ccalib/w0/DaemonData/jobs: 57%
2009-03-01 10:35 - W0Monitor - INFO: current usage of /afs/cern.ch/user/l/l1ccalib/w0/DaemonData/jobs: 57%
2009-03-01 10:40 - W0Monitor - INFO: current usage of /afs/cern.ch/user/l/l1ccalib/w0/DaemonData/jobs: 57%
2009-03-01 10:45 - W0Monitor - INFO: current usage of /afs/cern.ch/user/l/l1ccalib/w0/DaemonData/jobs: 57%
2009-03-01 10:50 - W0Monitor - INFO: current usage of /afs/cern.ch/user/l/l1ccalib/w0/DaemonData/jobs: 57%
2009-03-01 10:55 - W0Monitor - INFO: current usage of /afs/cern.ch/user/l/l1ccalib/w0/DaemonData/jobs: 57%
2009-03-01 11:00 - W0Monitor - INFO: current usage of /afs/cern.ch/user/l/l1ccalib/w0/DaemonData/jobs: 57%
2009-03-01 11:05 - W0Monitor - INFO: current usage of /afs/cern.ch/user/l/l1ccalib/w0/DaemonData/jobs: 57%
2009-03-01 11:10 - W0Monitor - INFO: current usage of /afs/cern.ch/user/l/l1ccalib/w0/DaemonData/jobs: 57%
2009-03-01 11:15 - W0Monitor - INFO: current usage of /afs/cern.ch/user/l/l1ccalib/w0/DaemonData/jobs: 57%
2009-03-01 11:20 - W0Monitor - INFO: current usage of /afs/cern.ch/user/l/l1ccalib/w0/DaemonData/jobs: 57%
2009-03-01 11:25 - W0Monitor - INFO: current usage of /afs/cern.ch/user/l/l1ccalib/w0/DaemonData/jobs: 57%
2009-03-01 11:30 - W0Monitor - INFO: current usage of /afs/cern.ch/user/l/l1ccalib/w0/DaemonData/jobs: 57%
2009-03-01 11:35 - W0Monitor - INFO: current usage of /afs/cern.ch/user/l/l1ccalib/w0/DaemonData/jobs: 57%
2009-03-01 11:40 - W0Monitor - INFO: current usage of /afs/cern.ch/user/l/l1ccalib/w0/DaemonData/jobs: 57%
2009-03-01 11:45 - W0Monitor - INFO: current usage of /afs/cern.ch/user/l/l1ccalib/w0/DaemonData/jobs: 57%
2009-03-01 11:50 - W0Monitor - INFO: current usage of /afs/cern.ch/user/l/l1ccalib/w0/DaemonData/jobs: 57%
2009-03-01 11:55 - W0Monitor - INFO: current usage of /afs/cern.ch/user/l/l1ccalib/w0/DaemonData/jobs: 57%
2009-03-01 12:00 - W0Monitor - INFO: current usage of /afs/cern.ch/user/l/l1ccalib/w0/DaemonData/jobs: 57%
2009-03-01 12:05 - W0Monitor - INFO: current usage of /afs/cern.ch/user/l/l1ccalib/w0/DaemonData/jobs: 57%
2009-03-01 12:10 - W0Monitor - INFO: current usage of /afs/cern.ch/user/l/l1ccalib/w0/DaemonData/jobs: 57%
2009-03-01 12:15 - W0Monitor - INFO: current usage of /afs/cern.ch/user/l/l1ccalib/w0/DaemonData/jobs: 57%
2009-03-01 12:20 - W0Monitor - INFO: current usage of /afs/cern.ch/user/l/l1ccalib/w0/DaemonData/jobs: 57%
2009-03-01 12:25 - W0Monitor - INFO: current usage of /afs/cern.ch/user/l/l1ccalib/w0/DaemonData/jobs: 57%
2009-03-01 12:30 - W0Monitor - INFO: current usage of /afs/cern.ch/user/l/l1ccalib/w0/DaemonData/jobs: 57%
2009-03-01 12:35 - W0Monitor - INFO: current usage of /afs/cern.ch/user/l/l1ccalib/w0/DaemonData/jobs: 57%
2009-03-01 12:40 - W0Monitor - INFO: current usage of /afs/cern.ch/user/l/l1ccalib/w0/DaemonData/jobs: 57%
2009-03-01 12:45 - W0Monitor - INFO: current usage of /afs/cern.ch/user/l/l1ccalib/w0/DaemonData/jobs: 57%
2009-03-01 12:50 - W0Monitor - INFO: current usage of /afs/cern.ch/user/l/l1ccalib/w0/DaemonData/jobs: 57%
2009-03-01 12:55 - W0Monitor - INFO: current usage of /afs/cern.ch/user/l/l1ccalib/w0/DaemonData/jobs: 57%
2009-03-01 13:00 - W0Monitor - INFO: current usage of /afs/cern.ch/user/l/l1ccalib/w0/DaemonData/jobs: 57%
2009-03-01 13:05 - W0Monitor - INFO: current usage of /afs/cern.ch/user/l/l1ccalib/w0/DaemonData/jobs: 57%
2009-03-01 13:10 - W0Monitor - INFO: current usage of /afs/cern.ch/user/l/l1ccalib/w0/DaemonData/jobs: 57%
2009-03-01 13:15 - W0Monitor - INFO: current usage of /afs/cern.ch/user/l/l1ccalib/w0/DaemonData/jobs: 57%
2009-03-01 13:20 - W0Monitor - INFO: current usage of /afs/cern.ch/user/l/l1ccalib/w0/DaemonData/jobs: 57%
2009-03-01 13:25 - W0Monitor - INFO: current usage of /afs/cern.ch/user/l/l1ccalib/w0/DaemonData/jobs: 57%
2009-03-01 13:30 - W0Monitor - INFO: current usage of /afs/cern.ch/user/l/l1ccalib/w0/DaemonData/jobs: 57%
2009-03-01 13:35 - W0Monitor - INFO: current usage of /afs/cern.ch/user/l/l1ccalib/w0/DaemonData/jobs: 57%
2009-03-01 13:40 - W0Monitor - INFO: current usage of /afs/cern.ch/user/l/l1ccalib/w0/DaemonData/jobs: 57%
2009-03-01 13:45 - W0Monitor - INFO: current usage of /afs/cern.ch/user/l/l1ccalib/w0/DaemonData/jobs: 57%
2009-03-01 13:50 - W0Monitor - INFO: current usage of /afs/cern.ch/user/l/l1ccalib/w0/DaemonData/jobs: 57%
2009-03-01 13:55 - W0Monitor - INFO: current usage of /afs/cern.ch/user/l/l1ccalib/w0/DaemonData/jobs: 57%
2009-03-01 14:00 - W0Monitor - INFO: current usage of /afs/cern.ch/user/l/l1ccalib/w0/DaemonData/jobs: 57%
2009-03-01 14:05 - W0Monitor - INFO: current usage of /afs/cern.ch/user/l/l1ccalib/w0/DaemonData/jobs: 57%
2009-03-01 14:10 - W0Monitor - INFO: current usage of /afs/cern.ch/user/l/l1ccalib/w0/DaemonData/jobs: 57%
2009-03-01 14:15 - W0Monitor - INFO: current usage of /afs/cern.ch/user/l/l1ccalib/w0/DaemonData/jobs: 57%
2009-03-01 14:20 - W0Monitor - INFO: current usage of /afs/cern.ch/user/l/l1ccalib/w0/DaemonData/jobs: 57%
2009-03-01 14:25 - W0Monitor - INFO: current usage of /afs/cern.ch/user/l/l1ccalib/w0/DaemonData/jobs: 57%
2009-03-01 14:30 - W0Monitor - INFO: current usage of /afs/cern.ch/user/l/l1ccalib/w0/DaemonData/jobs: 57%
2009-03-01 14:35 - W0Monitor - INFO: current usage of /afs/cern.ch/user/l/l1ccalib/w0/DaemonData/jobs: 57%
2009-03-01 14:40 - W0Monitor - INFO: current usage of /afs/cern.ch/user/l/l1ccalib/w0/DaemonData/jobs: 57%
2009-03-01 14:45 - W0Monitor - INFO: current usage of /afs/cern.ch/user/l/l1ccalib/w0/DaemonData/jobs: 57%
2009-03-01 14:50 - W0Monitor - INFO: current usage of /afs/cern.ch/user/l/l1ccalib/w0/DaemonData/jobs: 57%
2009-03-01 14:55 - W0Monitor - INFO: current usage of /afs/cern.ch/user/l/l1ccalib/w0/DaemonData/jobs: 57%
2009-03-01 15:00 - W0Monitor - INFO: current usage of /afs/cern.ch/user/l/l1ccalib/w0/DaemonData/jobs: 57%
2009-03-01 15:05 - W0Monitor - INFO: current usage of /afs/cern.ch/user/l/l1ccalib/w0/DaemonData/jobs: 57%
2009-03-01 15:10 - W0Monitor - INFO: current usage of /afs/cern.ch/user/l/l1ccalib/w0/DaemonData/jobs: 57%
2009-03-01 15:15 - W0Monitor - INFO: current usage of /afs/cern.ch/user/l/l1ccalib/w0/DaemonData/jobs: 57%
2009-03-01 15:20 - W0Monitor - INFO: current usage of /afs/cern.ch/user/l/l1ccalib/w0/DaemonData/jobs: 57%
2009-03-01 15:25 - W0Monitor - INFO: current usage of /afs/cern.ch/user/l/l1ccalib/w0/DaemonData/jobs: 57%
2009-03-01 15:30 - W0Monitor - INFO: current usage of /afs/cern.ch/user/l/l1ccalib/w0/DaemonData/jobs: 57%
2009-03-01 15:35 - W0Monitor - INFO: current usage of /afs/cern.ch/user/l/l1ccalib/w0/DaemonData/jobs: 57%
2009-03-01 15:40 - W0Monitor - INFO: current usage of /afs/cern.ch/user/l/l1ccalib/w0/DaemonData/jobs: 57%
2009-03-01 15:45 - W0Monitor - INFO: current usage of /afs/cern.ch/user/l/l1ccalib/w0/DaemonData/jobs: 57%
2009-03-01 15:50 - W0Monitor - INFO: current usage of /afs/cern.ch/user/l/l1ccalib/w0/DaemonData/jobs: 57%
2009-03-01 15:55 - W0Monitor - INFO: current usage of /afs/cern.ch/user/l/l1ccalib/w0/DaemonData/jobs: 57%
2009-03-01 16:00 - W0Monitor - INFO: current usage of /afs/cern.ch/user/l/l1ccalib/w0/DaemonData/jobs: 57%
2009-03-01 16:05 - W0Monitor - INFO: current usage of /afs/cern.ch/user/l/l1ccalib/w0/DaemonData/jobs: 57%
2009-03-01 16:10 - W0Monitor - INFO: current usage of /afs/cern.ch/user/l/l1ccalib/w0/DaemonData/jobs: 57%
2009-03-01 16:15 - W0Monitor - INFO: current usage of /afs/cern.ch/user/l/l1ccalib/w0/DaemonData/jobs: 57%
2009-03-01 16:20 - W0Monitor - INFO: current usage of /afs/cern.ch/user/l/l1ccalib/w0/DaemonData/jobs: 57%
2009-03-01 16:25 - W0Monitor - INFO: current usage of /afs/cern.ch/user/l/l1ccalib/w0/DaemonData/jobs: 57%
2009-03-01 16:30 - W0Monitor - INFO: current usage of /afs/cern.ch/user/l/l1ccalib/w0/DaemonData/jobs: 57%
2009-03-01 16:35 - W0Monitor - INFO: current usage of /afs/cern.ch/user/l/l1ccalib/w0/DaemonData/jobs: 57%
2009-03-01 16:40 - W0Monitor - INFO: current usage of /afs/cern.ch/user/l/l1ccalib/w0/DaemonData/jobs: 57%
2009-03-01 16:45 - W0Monitor - INFO: current usage of /afs/cern.ch/user/l/l1ccalib/w0/DaemonData/jobs: 57%
2009-03-01 16:50 - W0Monitor - INFO: current usage of /afs/cern.ch/user/l/l1ccalib/w0/DaemonData/jobs: 57%
2009-03-01 16:55 - W0Monitor - INFO: current usage of /afs/cern.ch/user/l/l1ccalib/w0/DaemonData/jobs: 57%
2009-03-01 17:00 - W0Monitor - INFO: current usage of /afs/cern.ch/user/l/l1ccalib/w0/DaemonData/jobs: 57%
2009-03-01 17:05 - W0Monitor - INFO: current usage of /afs/cern.ch/user/l/l1ccalib/w0/DaemonData/jobs: 57%
2009-03-01 17:10 - W0Monitor - INFO: current usage of /afs/cern.ch/user/l/l1ccalib/w0/DaemonData/jobs: 57%
2009-03-01 17:15 - W0Monitor - INFO: current usage of /afs/cern.ch/user/l/l1ccalib/w0/DaemonData/jobs: 57%
2009-03-01 17:20 - W0Monitor - INFO: current usage of /afs/cern.ch/user/l/l1ccalib/w0/DaemonData/jobs: 57%
2009-03-01 17:25 - W0Monitor - INFO: current usage of /afs/cern.ch/user/l/l1ccalib/w0/DaemonData/jobs: 57%
2009-03-01 17:30 - W0Monitor - INFO: current usage of /afs/cern.ch/user/l/l1ccalib/w0/DaemonData/jobs: 57%
2009-03-01 17:35 - W0Monitor - INFO: current usage of /afs/cern.ch/user/l/l1ccalib/w0/DaemonData/jobs: 57%
2009-03-01 17:40 - W0Monitor - INFO: current usage of /afs/cern.ch/user/l/l1ccalib/w0/DaemonData/jobs: 57%
2009-03-01 17:45 - W0Monitor - INFO: current usage of /afs/cern.ch/user/l/l1ccalib/w0/DaemonData/jobs: 57%
2009-03-01 17:50 - W0Monitor - INFO: current usage of /afs/cern.ch/user/l/l1ccalib/w0/DaemonData/jobs: 57%
2009-03-01 17:55 - W0Monitor - INFO: current usage of /afs/cern.ch/user/l/l1ccalib/w0/DaemonData/jobs: 57%
2009-03-01 18:00 - W0Monitor - INFO: current usage of /afs/cern.ch/user/l/l1ccalib/w0/DaemonData/jobs: 57%
2009-03-01 18:05 - W0Monitor - INFO: current usage of /afs/cern.ch/user/l/l1ccalib/w0/DaemonData/jobs: 57%
2009-03-01 18:10 - W0Monitor - INFO: current usage of /afs/cern.ch/user/l/l1ccalib/w0/DaemonData/jobs: 57%
2009-03-01 18:15 - W0Monitor - INFO: current usage of /afs/cern.ch/user/l/l1ccalib/w0/DaemonData/jobs: 57%
2009-03-01 18:20 - W0Monitor - INFO: current usage of /afs/cern.ch/user/l/l1ccalib/w0/DaemonData/jobs: 57%
2009-03-01 18:25 - W0Monitor - INFO: current usage of /afs/cern.ch/user/l/l1ccalib/w0/DaemonData/jobs: 57%
2009-03-01 18:30 - W0Monitor - INFO: current usage of /afs/cern.ch/user/l/l1ccalib/w0/DaemonData/jobs: 57%
2009-03-01 18:35 - W0Monitor - INFO: current usage of /afs/cern.ch/user/l/l1ccalib/w0/DaemonData/jobs: 57%
2009-03-01 18:40 - W0Monitor - INFO: current usage of /afs/cern.ch/user/l/l1ccalib/w0/DaemonData/jobs: 57%
2009-03-01 18:45 - W0Monitor - INFO: current usage of /afs/cern.ch/user/l/l1ccalib/w0/DaemonData/jobs: 57%
2009-03-01 18:50 - W0Monitor - INFO: current usage of /afs/cern.ch/user/l/l1ccalib/w0/DaemonData/jobs: 57%
2009-03-01 18:55 - W0Monitor - INFO: current usage of /afs/cern.ch/user/l/l1ccalib/w0/DaemonData/jobs: 57%
2009-03-01 19:00 - W0Monitor - INFO: current usage of /afs/cern.ch/user/l/l1ccalib/w0/DaemonData/jobs: 57%
2009-03-01 19:05 - W0Monitor - INFO: current usage of /afs/cern.ch/user/l/l1ccalib/w0/DaemonData/jobs: 57%
2009-03-01 19:10 - W0Monitor - INFO: current usage of /afs/cern.ch/user/l/l1ccalib/w0/DaemonData/jobs: 57%
2009-03-01 19:15 - W0Monitor - INFO: current usage of /afs/cern.ch/user/l/l1ccalib/w0/DaemonData/jobs: 57%
2009-03-01 19:20 - W0Monitor - INFO: current usage of /afs/cern.ch/user/l/l1ccalib/w0/DaemonData/jobs: 57%
2009-03-01 19:25 - W0Monitor - INFO: current usage of /afs/cern.ch/user/l/l1ccalib/w0/DaemonData/jobs: 57%
2009-03-01 19:30 - W0Monitor - INFO: current usage of /afs/cern.ch/user/l/l1ccalib/w0/DaemonData/jobs: 57%
2009-03-01 19:35 - W0Monitor - INFO: current usage of /afs/cern.ch/user/l/l1ccalib/w0/DaemonData/jobs: 57%
2009-03-01 19:40 - W0Monitor - INFO: current usage of /afs/cern.ch/user/l/l1ccalib/w0/DaemonData/jobs: 57%
2009-03-01 19:45 - W0Monitor - INFO: current usage of /afs/cern.ch/user/l/l1ccalib/w0/DaemonData/jobs: 57%
2009-03-01 19:50 - W0Monitor - INFO: current usage of /afs/cern.ch/user/l/l1ccalib/w0/DaemonData/jobs: 57%
2009-03-01 19:55 - W0Monitor - INFO: current usage of /afs/cern.ch/user/l/l1ccalib/w0/DaemonData/jobs: 57%
2009-03-01 20:00 - W0Monitor - INFO: current usage of /afs/cern.ch/user/l/l1ccalib/w0/DaemonData/jobs: 57%
2009-03-01 20:05 - W0Monitor - INFO: current usage of /afs/cern.ch/user/l/l1ccalib/w0/DaemonData/jobs: 57%
2009-03-01 20:10 - W0Monitor - INFO: current usage of /afs/cern.ch/user/l/l1ccalib/w0/DaemonData/jobs: 57%
2009-03-01 20:15 - W0Monitor - INFO: current usage of /afs/cern.ch/user/l/l1ccalib/w0/DaemonData/jobs: 57%
2009-03-01 20:20 - W0Monitor - INFO: current usage of /afs/cern.ch/user/l/l1ccalib/w0/DaemonData/jobs: 57%
2009-03-01 20:25 - W0Monitor - INFO: current usage of /afs/cern.ch/user/l/l1ccalib/w0/DaemonData/jobs: 57%
2009-03-01 20:30 - W0Monitor - INFO: current usage of /afs/cern.ch/user/l/l1ccalib/w0/DaemonData/jobs: 57%
2009-03-01 20:35 - W0Monitor - INFO: current usage of /afs/cern.ch/user/l/l1ccalib/w0/DaemonData/jobs: 57%
2009-03-01 20:40 - W0Monitor - INFO: current usage of /afs/cern.ch/user/l/l1ccalib/w0/DaemonData/jobs: 57%
2009-03-01 20:45 - W0Monitor - INFO: current usage of /afs/cern.ch/user/l/l1ccalib/w0/DaemonData/jobs: 57%
2009-03-01 20:50 - W0Monitor - INFO: current usage of /afs/cern.ch/user/l/l1ccalib/w0/DaemonData/jobs: 57%
2009-03-01 20:55 - W0Monitor - INFO: current usage of /afs/cern.ch/user/l/l1ccalib/w0/DaemonData/jobs: 57%
2009-03-01 21:00 - W0Monitor - INFO: current usage of /afs/cern.ch/user/l/l1ccalib/w0/DaemonData/jobs: 57%
2009-03-01 21:05 - W0Monitor - INFO: current usage of /afs/cern.ch/user/l/l1ccalib/w0/DaemonData/jobs: 57%
2009-03-01 21:10 - W0Monitor - INFO: current usage of /afs/cern.ch/user/l/l1ccalib/w0/DaemonData/jobs: 57%
2009-03-01 21:15 - W0Monitor - INFO: current usage of /afs/cern.ch/user/l/l1ccalib/w0/DaemonData/jobs: 57%
2009-03-01 21:20 - W0Monitor - INFO: current usage of /afs/cern.ch/user/l/l1ccalib/w0/DaemonData/jobs: 57%
2009-03-01 21:25 - W0Monitor - INFO: current usage of /afs/cern.ch/user/l/l1ccalib/w0/DaemonData/jobs: 57%
2009-03-01 21:30 - W0Monitor - INFO: current usage of /afs/cern.ch/user/l/l1ccalib/w0/DaemonData/jobs: 57%
2009-03-01 21:35 - W0Monitor - INFO: current usage of /afs/cern.ch/user/l/l1ccalib/w0/DaemonData/jobs: 57%
2009-03-01 21:40 - W0Monitor - INFO: current usage of /afs/cern.ch/user/l/l1ccalib/w0/DaemonData/jobs: 57%
2009-03-01 21:45 - W0Monitor - INFO: current usage of /afs/cern.ch/user/l/l1ccalib/w0/DaemonData/jobs: 57%
2009-03-01 21:50 - W0Monitor - INFO: current usage of /afs/cern.ch/user/l/l1ccalib/w0/DaemonData/jobs: 57%
2009-03-01 21:55 - W0Monitor - INFO: current usage of /afs/cern.ch/user/l/l1ccalib/w0/DaemonData/jobs: 57%
2009-03-01 22:00 - W0Monitor - INFO: current usage of /afs/cern.ch/user/l/l1ccalib/w0/DaemonData/jobs: 57%
2009-03-01 22:05 - W0Monitor - INFO: current usage of /afs/cern.ch/user/l/l1ccalib/w0/DaemonData/jobs: 57%
2009-03-01 22:10 - W0Monitor - INFO: current usage of /afs/cern.ch/user/l/l1ccalib/w0/DaemonData/jobs: 57%
2009-03-01 22:15 - W0Monitor - INFO: current usage of /afs/cern.ch/user/l/l1ccalib/w0/DaemonData/jobs: 57%
2009-03-01 22:20 - W0Monitor - INFO: current usage of /afs/cern.ch/user/l/l1ccalib/w0/DaemonData/jobs: 57%
2009-03-01 22:25 - W0Monitor - INFO: current usage of /afs/cern.ch/user/l/l1ccalib/w0/DaemonData/jobs: 57%
2009-03-01 22:30 - W0Monitor - INFO: current usage of /afs/cern.ch/user/l/l1ccalib/w0/DaemonData/jobs: 57%
2009-03-01 22:35 - W0Monitor - INFO: current usage of /afs/cern.ch/user/l/l1ccalib/w0/DaemonData/jobs: 57%
2009-03-01 22:40 - W0Monitor - INFO: current usage of /afs/cern.ch/user/l/l1ccalib/w0/DaemonData/jobs: 57%
2009-03-01 22:45 - W0Monitor - INFO: current usage of /afs/cern.ch/user/l/l1ccalib/w0/DaemonData/jobs: 57%
2009-03-01 22:50 - W0Monitor - INFO: current usage of /afs/cern.ch/user/l/l1ccalib/w0/DaemonData/jobs: 57%
2009-03-01 22:55 - W0Monitor - INFO: current usage of /afs/cern.ch/user/l/l1ccalib/w0/DaemonData/jobs: 57%
2009-03-01 23:00 - W0Monitor - INFO: current usage of /afs/cern.ch/user/l/l1ccalib/w0/DaemonData/jobs: 57%
2009-03-01 23:05 - W0Monitor - INFO: current usage of /afs/cern.ch/user/l/l1ccalib/w0/DaemonData/jobs: 57%
2009-03-01 23:10 - W0Monitor - INFO: current usage of /afs/cern.ch/user/l/l1ccalib/w0/DaemonData/jobs: 57%
2009-03-01 23:15 - W0Monitor - INFO: current usage of /afs/cern.ch/user/l/l1ccalib/w0/DaemonData/jobs: 57%
2009-03-01 23:20 - W0Monitor - INFO: current usage of /afs/cern.ch/user/l/l1ccalib/w0/DaemonData/jobs: 57%
2009-03-01 23:25 - W0Monitor - INFO: current usage of /afs/cern.ch/user/l/l1ccalib/w0/DaemonData/jobs: 57%
2009-03-01 23:30 - W0Monitor - INFO: current usage of /afs/cern.ch/user/l/l1ccalib/w0/DaemonData/jobs: 57%
2009-03-01 23:35 - W0Monitor - INFO: current usage of /afs/cern.ch/user/l/l1ccalib/w0/DaemonData/jobs: 57%
2009-03-01 23:40 - W0Monitor - INFO: current usage of /afs/cern.ch/user/l/l1ccalib/w0/DaemonData/jobs: 57%
2009-03-01 23:45 - W0Monitor - INFO: current usage of /afs/cern.ch/user/l/l1ccalib/w0/DaemonData/jobs: 57%
2009-03-01 23:50 - W0Monitor - INFO: current usage of /afs/cern.ch/user/l/l1ccalib/w0/DaemonData/jobs: 57%
2009-03-01 23:55 - W0Monitor - INFO: current usage of /afs/cern.ch/user/l/l1ccalib/w0/DaemonData/jobs: 57%
2009-03-02 00:00 - W0Monitor - INFO: current usage of /afs/cern.ch/user/l/l1ccalib/w0/DaemonData/jobs: 57%
