2008-12-03 23:54 - W0Monitor - INFO: ========================================
2008-12-03 23:54 - W0Monitor - INFO: W0Monitor in init
2008-12-03 23:54 - W0Monitor - INFO: init file W0MonitorConfig.py was found
2008-12-03 23:54 - W0Monitor - INFO: Watching at: /afs/cern.ch/user/l/l1ccalib/w0/reconstruction/calibration
2008-12-03 23:54 - W0Monitor - INFO: Purge threshold: 60%
2008-12-03 23:54 - W0Monitor - INFO: RemovalOk: False
2008-12-03 23:54 - W0Monitor - INFO: current usage : 68%
2008-12-03 23:54 - W0Monitor - INFO: W0Monitor initialized
2008-12-03 23:54 - W0Monitor - INFO: ========================================
2008-12-03 23:59 - W0Monitor - INFO: purging /afs/cern.ch/user/l/l1ccalib/w0/reconstruction/calibration ...
2008-12-03 23:59 - W0Monitor - INFO: /afs/cern.ch/user/l/l1ccalib/w0/reconstruction/calibration/0094921 removed. New quota: 67%
2008-12-03 23:59 - W0Monitor - INFO: /afs/cern.ch/user/l/l1ccalib/w0/reconstruction/calibration/0094922 removed. New quota: 67%
2008-12-03 23:59 - W0Monitor - INFO: /afs/cern.ch/user/l/l1ccalib/w0/reconstruction/calibration/0094911 removed. New quota: 66%
2008-12-03 23:59 - W0Monitor - INFO: /afs/cern.ch/user/l/l1ccalib/w0/reconstruction/calibration/0094927 removed. New quota: 65%
2008-12-03 23:59 - W0Monitor - INFO: /afs/cern.ch/user/l/l1ccalib/w0/reconstruction/calibration/0095574 removed. New quota: 65%
2008-12-03 23:59 - W0Monitor - INFO: /afs/cern.ch/user/l/l1ccalib/w0/reconstruction/calibration/0096315 removed. New quota: 61%
2008-12-03 23:59 - W0Monitor - INFO: /afs/cern.ch/user/l/l1ccalib/w0/reconstruction/calibration/0096303 removed. New quota: 57%
2008-12-04 00:14 - W0Monitor - INFO: purging /afs/cern.ch/user/l/l1ccalib/w0/reconstruction/calibration ...
2008-12-04 00:14 - W0Monitor - INFO: /afs/cern.ch/user/l/l1ccalib/w0/reconstruction/calibration/0096345 removed. New quota: 76%
2008-12-04 00:14 - W0Monitor - INFO: /afs/cern.ch/user/l/l1ccalib/w0/reconstruction/calibration/0094312 removed. New quota: 72%
2008-12-04 00:14 - W0Monitor - INFO: /afs/cern.ch/user/l/l1ccalib/w0/reconstruction/calibration/0096975 removed. New quota: 70%
2008-12-04 00:14 - W0Monitor - INFO: /afs/cern.ch/user/l/l1ccalib/w0/reconstruction/calibration/0096971 removed. New quota: 68%
2008-12-04 00:14 - W0Monitor - INFO: /afs/cern.ch/user/l/l1ccalib/w0/reconstruction/calibration/0096977 removed. New quota: 65%
2008-12-04 00:14 - W0Monitor - INFO: /afs/cern.ch/user/l/l1ccalib/w0/reconstruction/calibration/0096980 removed. New quota: 63%
2008-12-04 00:14 - W0Monitor - INFO: /afs/cern.ch/user/l/l1ccalib/w0/reconstruction/calibration/0096983 removed. New quota: 61%
2008-12-04 00:14 - W0Monitor - INFO: /afs/cern.ch/user/l/l1ccalib/w0/reconstruction/calibration/0097045 removed. New quota: 61%
2008-12-04 00:14 - W0Monitor - INFO: /afs/cern.ch/user/l/l1ccalib/w0/reconstruction/calibration/0097043 removed. New quota: 59%
2008-12-04 00:19 - W0Monitor - INFO: purging /afs/cern.ch/user/l/l1ccalib/w0/reconstruction/calibration ...
2008-12-04 00:19 - W0Monitor - INFO: /afs/cern.ch/user/l/l1ccalib/w0/reconstruction/calibration/0097041 removed. New quota: 66%
2008-12-04 00:19 - W0Monitor - INFO: /afs/cern.ch/user/l/l1ccalib/w0/reconstruction/calibration/0097038 removed. New quota: 65%
2008-12-04 00:19 - W0Monitor - INFO: /afs/cern.ch/user/l/l1ccalib/w0/reconstruction/calibration/0097134 removed. New quota: 60%
2008-12-04 02:19 - W0Monitor - INFO: purging /afs/cern.ch/user/l/l1ccalib/w0/reconstruction/calibration ...
2008-12-04 02:19 - W0Monitor - INFO: /afs/cern.ch/user/l/l1ccalib/w0/reconstruction/calibration/0097145 removed. New quota: 78%
2008-12-04 02:19 - W0Monitor - INFO: /afs/cern.ch/user/l/l1ccalib/w0/reconstruction/calibration/0097144 removed. New quota: 73%
2008-12-04 02:19 - W0Monitor - INFO: /afs/cern.ch/user/l/l1ccalib/w0/reconstruction/calibration/0097138 removed. New quota: 67%
2008-12-04 02:19 - W0Monitor - INFO: /afs/cern.ch/user/l/l1ccalib/w0/reconstruction/calibration/0097161 removed. New quota: 64%
2008-12-04 02:19 - W0Monitor - INFO: /afs/cern.ch/user/l/l1ccalib/w0/reconstruction/calibration/0097157 removed. New quota: 58%
