2009-04-25 00:01 - JobManager - INFO: ========================================
2009-04-25 00:01 - JobManager - INFO: JobManager in init
2009-04-25 00:01 - JobManager - INFO: init file JobOrganizerConfig.py was found
2009-04-25 00:01 - JobManager - INFO: retrieveing Db parameters from JobOrganizerConfig.py file
2009-04-25 00:01 - JobManager - INFO: JobManager initialized
2009-04-25 00:01 - JobManager - INFO: ========================================
2009-04-25 00:01 - JobManager - INFO: Adding new jobs from Db:
2009-04-25 00:03 - JobManager - INFO: Adding new jobs:
2009-04-25 00:03 - JobManager - DEBUG: from processJobs
2009-04-25 00:03 - JobManager - DEBUG: end of processJobs
2009-04-25 00:05 - JobManager - INFO: Adding new jobs:
2009-04-25 00:05 - JobManager - DEBUG: from processJobs
2009-04-25 00:05 - JobManager - DEBUG: end of processJobs
2009-04-25 00:07 - JobManager - INFO: Adding new jobs:
2009-04-25 00:07 - JobManager - DEBUG: from processJobs
2009-04-25 00:07 - JobManager - DEBUG: end of processJobs
2009-04-25 00:09 - JobManager - INFO: Adding new jobs:
2009-04-25 00:09 - JobManager - DEBUG: from processJobs
2009-04-25 00:09 - JobManager - DEBUG: end of processJobs
2009-04-25 00:11 - JobManager - INFO: Adding new jobs:
2009-04-25 00:11 - JobManager - DEBUG: from processJobs
2009-04-25 00:11 - JobManager - DEBUG: end of processJobs
2009-04-25 00:13 - JobManager - INFO: Adding new jobs:
2009-04-25 00:13 - JobManager - DEBUG: from processJobs
2009-04-25 00:13 - JobManager - DEBUG: end of processJobs
2009-04-25 00:16 - JobManager - INFO: Adding new jobs:
2009-04-25 00:16 - JobManager - DEBUG: from processJobs
2009-04-25 00:16 - JobManager - DEBUG: end of processJobs
2009-04-25 00:18 - JobManager - INFO: Adding new jobs:
2009-04-25 00:18 - JobManager - DEBUG: from processJobs
2009-04-25 00:18 - JobManager - DEBUG: end of processJobs
2009-04-25 00:20 - JobManager - INFO: Adding new jobs:
2009-04-25 00:20 - JobManager - DEBUG: from processJobs
2009-04-25 00:20 - JobManager - DEBUG: end of processJobs
2009-04-25 00:22 - JobManager - INFO: Adding new jobs:
2009-04-25 00:22 - JobManager - DEBUG: from processJobs
2009-04-25 00:22 - JobManager - DEBUG: end of processJobs
2009-04-25 00:24 - JobManager - INFO: Adding new jobs:
2009-04-25 00:24 - JobManager - DEBUG: from processJobs
2009-04-25 00:24 - JobManager - DEBUG: end of processJobs
2009-04-25 00:26 - JobManager - INFO: Adding new jobs:
2009-04-25 00:26 - JobManager - DEBUG: from processJobs
2009-04-25 00:26 - JobManager - DEBUG: end of processJobs
2009-04-25 00:28 - JobManager - INFO: Adding new jobs:
2009-04-25 00:28 - JobManager - DEBUG: from processJobs
2009-04-25 00:28 - JobManager - DEBUG: end of processJobs
2009-04-25 00:30 - JobManager - INFO: Adding new jobs:
2009-04-25 00:30 - JobManager - DEBUG: from processJobs
2009-04-25 00:30 - JobManager - DEBUG: end of processJobs
2009-04-25 00:32 - JobManager - INFO: Adding new jobs:
2009-04-25 00:32 - JobManager - DEBUG: from processJobs
2009-04-25 00:32 - JobManager - DEBUG: end of processJobs
2009-04-25 00:34 - JobManager - INFO: Adding new jobs:
2009-04-25 00:34 - JobManager - DEBUG: from processJobs
2009-04-25 00:34 - JobManager - DEBUG: end of processJobs
2009-04-25 00:36 - JobManager - INFO: Adding new jobs:
2009-04-25 00:36 - JobManager - DEBUG: from processJobs
2009-04-25 00:36 - JobManager - DEBUG: end of processJobs
2009-04-25 00:38 - JobManager - INFO: Adding new jobs:
2009-04-25 00:38 - JobManager - DEBUG: from processJobs
2009-04-25 00:38 - JobManager - DEBUG: end of processJobs
2009-04-25 00:40 - JobManager - INFO: Adding new jobs:
2009-04-25 00:40 - JobManager - DEBUG: from processJobs
2009-04-25 00:40 - JobManager - DEBUG: end of processJobs
2009-04-25 00:42 - JobManager - INFO: Adding new jobs:
2009-04-25 00:42 - JobManager - DEBUG: from processJobs
2009-04-25 00:42 - JobManager - DEBUG: end of processJobs
2009-04-25 00:44 - JobManager - INFO: Adding new jobs:
2009-04-25 00:44 - JobManager - DEBUG: from processJobs
2009-04-25 00:44 - JobManager - DEBUG: end of processJobs
2009-04-25 00:46 - JobManager - INFO: Adding new jobs:
2009-04-25 00:46 - JobManager - DEBUG: from processJobs
2009-04-25 00:46 - JobManager - DEBUG: end of processJobs
2009-04-25 00:48 - JobManager - INFO: Adding new jobs:
2009-04-25 00:48 - JobManager - DEBUG: from processJobs
2009-04-25 00:48 - JobManager - DEBUG: end of processJobs
2009-04-25 00:50 - JobManager - INFO: Adding new jobs:
2009-04-25 00:50 - JobManager - DEBUG: from processJobs
2009-04-25 00:50 - JobManager - DEBUG: end of processJobs
2009-04-25 00:52 - JobManager - INFO: Adding new jobs:
2009-04-25 00:52 - JobManager - DEBUG: from processJobs
2009-04-25 00:52 - JobManager - DEBUG: end of processJobs
2009-04-25 00:54 - JobManager - INFO: Adding new jobs:
2009-04-25 00:54 - JobManager - DEBUG: from processJobs
2009-04-25 00:54 - JobManager - DEBUG: end of processJobs
2009-04-25 00:56 - JobManager - INFO: Adding new jobs:
2009-04-25 00:56 - JobManager - DEBUG: from processJobs
2009-04-25 00:56 - JobManager - DEBUG: end of processJobs
2009-04-25 00:58 - JobManager - INFO: Adding new jobs:
2009-04-25 00:58 - JobManager - DEBUG: from processJobs
2009-04-25 00:58 - JobManager - DEBUG: end of processJobs
2009-04-25 01:00 - JobManager - INFO: Adding new jobs:
2009-04-25 01:00 - JobManager - DEBUG: from processJobs
2009-04-25 01:00 - JobManager - DEBUG: end of processJobs
2009-04-25 01:02 - JobManager - INFO: Adding new jobs:
2009-04-25 01:02 - JobManager - DEBUG: from processJobs
2009-04-25 01:02 - JobManager - DEBUG: end of processJobs
2009-04-25 01:04 - JobManager - INFO: Adding new jobs:
2009-04-25 01:04 - JobManager - DEBUG: from processJobs
2009-04-25 01:04 - JobManager - DEBUG: end of processJobs
2009-04-25 01:06 - JobManager - INFO: Adding new jobs:
2009-04-25 01:06 - JobManager - DEBUG: from processJobs
2009-04-25 01:06 - JobManager - DEBUG: end of processJobs
2009-04-25 01:08 - JobManager - INFO: Adding new jobs:
2009-04-25 01:08 - JobManager - DEBUG: from processJobs
2009-04-25 01:08 - JobManager - DEBUG: end of processJobs
2009-04-25 01:10 - JobManager - INFO: Adding new jobs:
2009-04-25 01:10 - JobManager - DEBUG: from processJobs
2009-04-25 01:10 - JobManager - DEBUG: end of processJobs
2009-04-25 01:12 - JobManager - INFO: Adding new jobs:
2009-04-25 01:12 - JobManager - DEBUG: from processJobs
2009-04-25 01:12 - JobManager - DEBUG: end of processJobs
2009-04-25 01:14 - JobManager - INFO: Adding new jobs:
2009-04-25 01:14 - JobManager - DEBUG: from processJobs
2009-04-25 01:14 - JobManager - DEBUG: end of processJobs
2009-04-25 01:16 - JobManager - INFO: Adding new jobs:
2009-04-25 01:16 - JobManager - DEBUG: from processJobs
2009-04-25 01:16 - JobManager - DEBUG: end of processJobs
2009-04-25 01:18 - JobManager - INFO: Adding new jobs:
2009-04-25 01:18 - JobManager - DEBUG: from processJobs
2009-04-25 01:18 - JobManager - DEBUG: end of processJobs
2009-04-25 01:20 - JobManager - INFO: Adding new jobs:
2009-04-25 01:20 - JobManager - DEBUG: from processJobs
2009-04-25 01:20 - JobManager - DEBUG: end of processJobs
2009-04-25 01:22 - JobManager - INFO: Adding new jobs:
2009-04-25 01:22 - JobManager - DEBUG: from processJobs
2009-04-25 01:22 - JobManager - DEBUG: end of processJobs
2009-04-25 01:24 - JobManager - INFO: Adding new jobs:
2009-04-25 01:24 - JobManager - DEBUG: from processJobs
2009-04-25 01:24 - JobManager - DEBUG: end of processJobs
2009-04-25 01:26 - JobManager - INFO: Adding new jobs:
2009-04-25 01:26 - JobManager - DEBUG: from processJobs
2009-04-25 01:26 - JobManager - DEBUG: end of processJobs
2009-04-25 01:28 - JobManager - INFO: Adding new jobs:
2009-04-25 01:28 - JobManager - DEBUG: from processJobs
2009-04-25 01:28 - JobManager - DEBUG: end of processJobs
2009-04-25 01:30 - JobManager - INFO: Adding new jobs:
2009-04-25 01:30 - JobManager - DEBUG: from processJobs
2009-04-25 01:30 - JobManager - DEBUG: end of processJobs
2009-04-25 01:32 - JobManager - INFO: Adding new jobs:
2009-04-25 01:32 - JobManager - DEBUG: from processJobs
2009-04-25 01:32 - JobManager - DEBUG: end of processJobs
2009-04-25 01:34 - JobManager - INFO: Adding new jobs:
2009-04-25 01:34 - JobManager - DEBUG: from processJobs
2009-04-25 01:34 - JobManager - DEBUG: end of processJobs
2009-04-25 01:36 - JobManager - INFO: Adding new jobs:
2009-04-25 01:36 - JobManager - DEBUG: from processJobs
2009-04-25 01:36 - JobManager - DEBUG: end of processJobs
2009-04-25 01:38 - JobManager - INFO: Adding new jobs:
2009-04-25 01:38 - JobManager - DEBUG: from processJobs
2009-04-25 01:38 - JobManager - DEBUG: end of processJobs
2009-04-25 01:40 - JobManager - INFO: Adding new jobs:
2009-04-25 01:40 - JobManager - DEBUG: from processJobs
2009-04-25 01:40 - JobManager - DEBUG: end of processJobs
2009-04-25 01:42 - JobManager - INFO: Adding new jobs:
2009-04-25 01:42 - JobManager - DEBUG: from processJobs
2009-04-25 01:42 - JobManager - DEBUG: end of processJobs
2009-04-25 01:44 - JobManager - INFO: Adding new jobs:
2009-04-25 01:44 - JobManager - DEBUG: from processJobs
2009-04-25 01:44 - JobManager - DEBUG: end of processJobs
2009-04-25 01:46 - JobManager - INFO: Adding new jobs:
2009-04-25 01:46 - JobManager - DEBUG: from processJobs
2009-04-25 01:46 - JobManager - DEBUG: end of processJobs
2009-04-25 01:48 - JobManager - INFO: Adding new jobs:
2009-04-25 01:48 - JobManager - DEBUG: from processJobs
2009-04-25 01:48 - JobManager - DEBUG: end of processJobs
2009-04-25 01:50 - JobManager - INFO: Adding new jobs:
2009-04-25 01:50 - JobManager - DEBUG: from processJobs
2009-04-25 01:50 - JobManager - DEBUG: end of processJobs
2009-04-25 01:52 - JobManager - INFO: Adding new jobs:
2009-04-25 01:52 - JobManager - DEBUG: from processJobs
2009-04-25 01:52 - JobManager - DEBUG: end of processJobs
2009-04-25 01:54 - JobManager - INFO: Adding new jobs:
2009-04-25 01:54 - JobManager - DEBUG: from processJobs
2009-04-25 01:54 - JobManager - DEBUG: end of processJobs
2009-04-25 01:56 - JobManager - INFO: Adding new jobs:
2009-04-25 01:56 - JobManager - DEBUG: from processJobs
2009-04-25 01:56 - JobManager - DEBUG: end of processJobs
2009-04-25 01:58 - JobManager - INFO: Adding new jobs:
2009-04-25 01:58 - JobManager - DEBUG: from processJobs
2009-04-25 01:58 - JobManager - DEBUG: end of processJobs
2009-04-25 02:00 - JobManager - INFO: Adding new jobs:
2009-04-25 02:00 - JobManager - DEBUG: from processJobs
2009-04-25 02:00 - JobManager - DEBUG: end of processJobs
2009-04-25 02:02 - JobManager - INFO: Adding new jobs:
2009-04-25 02:02 - JobManager - DEBUG: from processJobs
2009-04-25 02:02 - JobManager - DEBUG: end of processJobs
2009-04-25 02:05 - JobManager - INFO: Adding new jobs:
2009-04-25 02:05 - JobManager - DEBUG: from processJobs
2009-04-25 02:05 - JobManager - DEBUG: end of processJobs
2009-04-25 02:07 - JobManager - INFO: Adding new jobs:
2009-04-25 02:07 - JobManager - DEBUG: from processJobs
2009-04-25 02:07 - JobManager - DEBUG: end of processJobs
2009-04-25 02:09 - JobManager - INFO: Adding new jobs:
2009-04-25 02:09 - JobManager - DEBUG: from processJobs
2009-04-25 02:09 - JobManager - DEBUG: end of processJobs
2009-04-25 02:11 - JobManager - INFO: Adding new jobs:
2009-04-25 02:11 - JobManager - DEBUG: from processJobs
2009-04-25 02:11 - JobManager - DEBUG: end of processJobs
2009-04-25 02:13 - JobManager - INFO: Adding new jobs:
2009-04-25 02:13 - JobManager - DEBUG: from processJobs
2009-04-25 02:13 - JobManager - DEBUG: end of processJobs
2009-04-25 02:15 - JobManager - INFO: Adding new jobs:
2009-04-25 02:15 - JobManager - DEBUG: from processJobs
2009-04-25 02:15 - JobManager - DEBUG: end of processJobs
2009-04-25 02:17 - JobManager - INFO: Adding new jobs:
2009-04-25 02:17 - JobManager - DEBUG: from processJobs
2009-04-25 02:17 - JobManager - DEBUG: end of processJobs
2009-04-25 02:19 - JobManager - INFO: Adding new jobs:
2009-04-25 02:19 - JobManager - DEBUG: from processJobs
2009-04-25 02:19 - JobManager - DEBUG: end of processJobs
2009-04-25 02:21 - JobManager - INFO: Adding new jobs:
2009-04-25 02:21 - JobManager - DEBUG: from processJobs
2009-04-25 02:21 - JobManager - DEBUG: end of processJobs
2009-04-25 02:23 - JobManager - INFO: Adding new jobs:
2009-04-25 02:23 - JobManager - DEBUG: from processJobs
2009-04-25 02:23 - JobManager - DEBUG: end of processJobs
2009-04-25 02:25 - JobManager - INFO: Adding new jobs:
2009-04-25 02:25 - JobManager - DEBUG: from processJobs
2009-04-25 02:25 - JobManager - DEBUG: end of processJobs
2009-04-25 02:27 - JobManager - INFO: Adding new jobs:
2009-04-25 02:27 - JobManager - DEBUG: from processJobs
2009-04-25 02:27 - JobManager - DEBUG: end of processJobs
2009-04-25 02:29 - JobManager - INFO: Adding new jobs:
2009-04-25 02:29 - JobManager - DEBUG: from processJobs
2009-04-25 02:29 - JobManager - DEBUG: end of processJobs
2009-04-25 02:31 - JobManager - INFO: Adding new jobs:
2009-04-25 02:31 - JobManager - DEBUG: from processJobs
2009-04-25 02:31 - JobManager - DEBUG: end of processJobs
2009-04-25 02:33 - JobManager - INFO: Adding new jobs:
2009-04-25 02:33 - JobManager - DEBUG: from processJobs
2009-04-25 02:33 - JobManager - DEBUG: end of processJobs
2009-04-25 02:35 - JobManager - INFO: Adding new jobs:
2009-04-25 02:35 - JobManager - DEBUG: from processJobs
2009-04-25 02:35 - JobManager - DEBUG: end of processJobs
2009-04-25 02:37 - JobManager - INFO: Adding new jobs:
2009-04-25 02:37 - JobManager - DEBUG: from processJobs
2009-04-25 02:37 - JobManager - DEBUG: end of processJobs
2009-04-25 02:39 - JobManager - INFO: Adding new jobs:
2009-04-25 02:39 - JobManager - DEBUG: from processJobs
2009-04-25 02:39 - JobManager - DEBUG: end of processJobs
2009-04-25 02:41 - JobManager - INFO: Adding new jobs:
2009-04-25 02:41 - JobManager - DEBUG: from processJobs
2009-04-25 02:41 - JobManager - DEBUG: end of processJobs
2009-04-25 02:43 - JobManager - INFO: Adding new jobs:
2009-04-25 02:43 - JobManager - DEBUG: from processJobs
2009-04-25 02:43 - JobManager - DEBUG: end of processJobs
2009-04-25 02:45 - JobManager - INFO: Adding new jobs:
2009-04-25 02:45 - JobManager - DEBUG: from processJobs
2009-04-25 02:45 - JobManager - DEBUG: end of processJobs
2009-04-25 02:47 - JobManager - INFO: Adding new jobs:
2009-04-25 02:47 - JobManager - DEBUG: from processJobs
2009-04-25 02:47 - JobManager - DEBUG: end of processJobs
2009-04-25 02:49 - JobManager - INFO: Adding new jobs:
2009-04-25 02:49 - JobManager - DEBUG: from processJobs
2009-04-25 02:49 - JobManager - DEBUG: end of processJobs
2009-04-25 02:51 - JobManager - INFO: Adding new jobs:
2009-04-25 02:51 - JobManager - DEBUG: from processJobs
2009-04-25 02:51 - JobManager - DEBUG: end of processJobs
2009-04-25 02:53 - JobManager - INFO: Adding new jobs:
2009-04-25 02:53 - JobManager - DEBUG: from processJobs
2009-04-25 02:53 - JobManager - DEBUG: end of processJobs
2009-04-25 02:55 - JobManager - INFO: Adding new jobs:
2009-04-25 02:55 - JobManager - DEBUG: from processJobs
2009-04-25 02:55 - JobManager - DEBUG: end of processJobs
2009-04-25 02:57 - JobManager - INFO: Adding new jobs:
2009-04-25 02:57 - JobManager - DEBUG: from processJobs
2009-04-25 02:57 - JobManager - DEBUG: end of processJobs
2009-04-25 02:59 - JobManager - INFO: Adding new jobs:
2009-04-25 02:59 - JobManager - DEBUG: from processJobs
2009-04-25 02:59 - JobManager - DEBUG: end of processJobs
2009-04-25 03:01 - JobManager - INFO: Adding new jobs:
2009-04-25 03:01 - JobManager - DEBUG: from processJobs
2009-04-25 03:01 - JobManager - DEBUG: end of processJobs
2009-04-25 03:03 - JobManager - INFO: Adding new jobs:
2009-04-25 03:03 - JobManager - DEBUG: from processJobs
2009-04-25 03:03 - JobManager - DEBUG: end of processJobs
2009-04-25 03:06 - JobManager - INFO: Adding new jobs:
2009-04-25 03:06 - JobManager - DEBUG: from processJobs
2009-04-25 03:06 - JobManager - DEBUG: end of processJobs
2009-04-25 03:08 - JobManager - INFO: Adding new jobs:
2009-04-25 03:08 - JobManager - DEBUG: from processJobs
2009-04-25 03:08 - JobManager - DEBUG: end of processJobs
2009-04-25 03:10 - JobManager - INFO: Adding new jobs:
2009-04-25 03:10 - JobManager - DEBUG: from processJobs
2009-04-25 03:10 - JobManager - DEBUG: end of processJobs
2009-04-25 03:12 - JobManager - INFO: Adding new jobs:
2009-04-25 03:12 - JobManager - DEBUG: from processJobs
2009-04-25 03:12 - JobManager - DEBUG: end of processJobs
2009-04-25 03:14 - JobManager - INFO: Adding new jobs:
2009-04-25 03:14 - JobManager - DEBUG: from processJobs
2009-04-25 03:14 - JobManager - DEBUG: end of processJobs
2009-04-25 03:16 - JobManager - INFO: Adding new jobs:
2009-04-25 03:16 - JobManager - DEBUG: from processJobs
2009-04-25 03:16 - JobManager - DEBUG: end of processJobs
2009-04-25 03:18 - JobManager - INFO: Adding new jobs:
2009-04-25 03:18 - JobManager - DEBUG: from processJobs
2009-04-25 03:18 - JobManager - DEBUG: end of processJobs
2009-04-25 03:20 - JobManager - INFO: Adding new jobs:
2009-04-25 03:20 - JobManager - DEBUG: from processJobs
2009-04-25 03:20 - JobManager - DEBUG: end of processJobs
2009-04-25 03:22 - JobManager - INFO: Adding new jobs:
2009-04-25 03:22 - JobManager - DEBUG: from processJobs
2009-04-25 03:22 - JobManager - DEBUG: end of processJobs
2009-04-25 03:24 - JobManager - INFO: Adding new jobs:
2009-04-25 03:24 - JobManager - DEBUG: from processJobs
2009-04-25 03:24 - JobManager - DEBUG: end of processJobs
2009-04-25 03:26 - JobManager - INFO: Adding new jobs:
2009-04-25 03:26 - JobManager - DEBUG: from processJobs
2009-04-25 03:26 - JobManager - DEBUG: end of processJobs
2009-04-25 03:28 - JobManager - INFO: Adding new jobs:
2009-04-25 03:28 - JobManager - DEBUG: from processJobs
2009-04-25 03:28 - JobManager - DEBUG: end of processJobs
2009-04-25 03:30 - JobManager - INFO: Adding new jobs:
2009-04-25 03:30 - JobManager - DEBUG: from processJobs
2009-04-25 03:30 - JobManager - DEBUG: end of processJobs
2009-04-25 03:32 - JobManager - INFO: Adding new jobs:
2009-04-25 03:32 - JobManager - DEBUG: from processJobs
2009-04-25 03:32 - JobManager - DEBUG: end of processJobs
2009-04-25 03:34 - JobManager - INFO: Adding new jobs:
2009-04-25 03:34 - JobManager - DEBUG: from processJobs
2009-04-25 03:34 - JobManager - DEBUG: end of processJobs
2009-04-25 03:36 - JobManager - INFO: Adding new jobs:
2009-04-25 03:36 - JobManager - DEBUG: from processJobs
2009-04-25 03:36 - JobManager - DEBUG: end of processJobs
2009-04-25 03:38 - JobManager - INFO: Adding new jobs:
2009-04-25 03:38 - JobManager - DEBUG: from processJobs
2009-04-25 03:38 - JobManager - DEBUG: end of processJobs
2009-04-25 03:40 - JobManager - INFO: Adding new jobs:
2009-04-25 03:40 - JobManager - DEBUG: from processJobs
2009-04-25 03:40 - JobManager - DEBUG: end of processJobs
2009-04-25 03:42 - JobManager - INFO: Adding new jobs:
2009-04-25 03:42 - JobManager - DEBUG: from processJobs
2009-04-25 03:42 - JobManager - DEBUG: end of processJobs
2009-04-25 03:44 - JobManager - INFO: Adding new jobs:
2009-04-25 03:44 - JobManager - DEBUG: from processJobs
2009-04-25 03:44 - JobManager - DEBUG: end of processJobs
2009-04-25 03:46 - JobManager - INFO: Adding new jobs:
2009-04-25 03:46 - JobManager - DEBUG: from processJobs
2009-04-25 03:46 - JobManager - DEBUG: end of processJobs
2009-04-25 03:48 - JobManager - INFO: Adding new jobs:
2009-04-25 03:48 - JobManager - DEBUG: from processJobs
2009-04-25 03:48 - JobManager - DEBUG: end of processJobs
2009-04-25 03:50 - JobManager - INFO: Adding new jobs:
2009-04-25 03:50 - JobManager - DEBUG: from processJobs
2009-04-25 03:50 - JobManager - DEBUG: end of processJobs
2009-04-25 03:52 - JobManager - INFO: Adding new jobs:
2009-04-25 03:52 - JobManager - DEBUG: from processJobs
2009-04-25 03:52 - JobManager - DEBUG: end of processJobs
2009-04-25 03:54 - JobManager - INFO: Adding new jobs:
2009-04-25 03:54 - JobManager - DEBUG: from processJobs
2009-04-25 03:54 - JobManager - DEBUG: end of processJobs
2009-04-25 03:56 - JobManager - INFO: Adding new jobs:
2009-04-25 03:56 - JobManager - DEBUG: from processJobs
2009-04-25 03:56 - JobManager - DEBUG: end of processJobs
2009-04-25 03:58 - JobManager - INFO: Adding new jobs:
2009-04-25 03:58 - JobManager - DEBUG: from processJobs
2009-04-25 03:58 - JobManager - DEBUG: end of processJobs
2009-04-25 04:00 - JobManager - INFO: Adding new jobs:
2009-04-25 04:00 - JobManager - DEBUG: from processJobs
2009-04-25 04:00 - JobManager - DEBUG: end of processJobs
2009-04-25 04:02 - JobManager - INFO: Adding new jobs:
2009-04-25 04:02 - JobManager - DEBUG: from processJobs
2009-04-25 04:02 - JobManager - DEBUG: end of processJobs
2009-04-25 04:04 - JobManager - INFO: Adding new jobs:
2009-04-25 04:04 - JobManager - DEBUG: from processJobs
2009-04-25 04:04 - JobManager - DEBUG: end of processJobs
2009-04-25 04:06 - JobManager - INFO: Adding new jobs:
2009-04-25 04:06 - JobManager - DEBUG: from processJobs
2009-04-25 04:06 - JobManager - DEBUG: end of processJobs
2009-04-25 04:08 - JobManager - INFO: Adding new jobs:
2009-04-25 04:08 - JobManager - DEBUG: from processJobs
2009-04-25 04:08 - JobManager - DEBUG: end of processJobs
2009-04-25 04:10 - JobManager - INFO: Adding new jobs:
2009-04-25 04:10 - JobManager - DEBUG: from processJobs
2009-04-25 04:10 - JobManager - DEBUG: end of processJobs
2009-04-25 04:12 - JobManager - INFO: Adding new jobs:
2009-04-25 04:12 - JobManager - DEBUG: from processJobs
2009-04-25 04:12 - JobManager - DEBUG: end of processJobs
2009-04-25 04:14 - JobManager - INFO: Adding new jobs:
2009-04-25 04:14 - JobManager - DEBUG: from processJobs
2009-04-25 04:14 - JobManager - DEBUG: end of processJobs
2009-04-25 04:16 - JobManager - INFO: Adding new jobs:
2009-04-25 04:16 - JobManager - DEBUG: from processJobs
2009-04-25 04:16 - JobManager - DEBUG: end of processJobs
2009-04-25 04:18 - JobManager - INFO: Adding new jobs:
2009-04-25 04:18 - JobManager - DEBUG: from processJobs
2009-04-25 04:18 - JobManager - DEBUG: end of processJobs
2009-04-25 04:21 - JobManager - INFO: Adding new jobs:
2009-04-25 04:21 - JobManager - DEBUG: from processJobs
2009-04-25 04:21 - JobManager - DEBUG: end of processJobs
2009-04-25 04:23 - JobManager - INFO: Adding new jobs:
2009-04-25 04:23 - JobManager - DEBUG: from processJobs
2009-04-25 04:23 - JobManager - DEBUG: end of processJobs
2009-04-25 04:25 - JobManager - INFO: Adding new jobs:
2009-04-25 04:25 - JobManager - DEBUG: from processJobs
2009-04-25 04:25 - JobManager - DEBUG: end of processJobs
2009-04-25 04:27 - JobManager - INFO: Adding new jobs:
2009-04-25 04:27 - JobManager - DEBUG: from processJobs
2009-04-25 04:27 - JobManager - DEBUG: end of processJobs
2009-04-25 04:29 - JobManager - INFO: Adding new jobs:
2009-04-25 04:29 - JobManager - DEBUG: from processJobs
2009-04-25 04:29 - JobManager - DEBUG: end of processJobs
2009-04-25 04:31 - JobManager - INFO: Adding new jobs:
2009-04-25 04:31 - JobManager - DEBUG: from processJobs
2009-04-25 04:31 - JobManager - DEBUG: end of processJobs
2009-04-25 04:33 - JobManager - INFO: Adding new jobs:
2009-04-25 04:33 - JobManager - DEBUG: from processJobs
2009-04-25 04:33 - JobManager - DEBUG: end of processJobs
2009-04-25 04:35 - JobManager - INFO: Adding new jobs:
2009-04-25 04:35 - JobManager - DEBUG: from processJobs
2009-04-25 04:35 - JobManager - DEBUG: end of processJobs
2009-04-25 04:37 - JobManager - INFO: Adding new jobs:
2009-04-25 04:37 - JobManager - DEBUG: from processJobs
2009-04-25 04:37 - JobManager - DEBUG: end of processJobs
2009-04-25 04:39 - JobManager - INFO: Adding new jobs:
2009-04-25 04:39 - JobManager - DEBUG: from processJobs
2009-04-25 04:39 - JobManager - DEBUG: end of processJobs
2009-04-25 04:41 - JobManager - INFO: Adding new jobs:
2009-04-25 04:41 - JobManager - DEBUG: from processJobs
2009-04-25 04:41 - JobManager - DEBUG: end of processJobs
2009-04-25 04:43 - JobManager - INFO: Adding new jobs:
2009-04-25 04:43 - JobManager - DEBUG: from processJobs
2009-04-25 04:43 - JobManager - DEBUG: end of processJobs
2009-04-25 04:45 - JobManager - INFO: Adding new jobs:
2009-04-25 04:45 - JobManager - DEBUG: from processJobs
2009-04-25 04:45 - JobManager - DEBUG: end of processJobs
2009-04-25 04:47 - JobManager - INFO: Adding new jobs:
2009-04-25 04:47 - JobManager - DEBUG: from processJobs
2009-04-25 04:47 - JobManager - DEBUG: end of processJobs
2009-04-25 04:49 - JobManager - INFO: Adding new jobs:
2009-04-25 04:49 - JobManager - DEBUG: from processJobs
2009-04-25 04:49 - JobManager - DEBUG: end of processJobs
2009-04-25 04:51 - JobManager - INFO: Adding new jobs:
2009-04-25 04:51 - JobManager - DEBUG: from processJobs
2009-04-25 04:51 - JobManager - DEBUG: end of processJobs
2009-04-25 04:53 - JobManager - INFO: Adding new jobs:
2009-04-25 04:53 - JobManager - DEBUG: from processJobs
2009-04-25 04:53 - JobManager - DEBUG: end of processJobs
2009-04-25 04:55 - JobManager - INFO: Adding new jobs:
2009-04-25 04:55 - JobManager - DEBUG: from processJobs
2009-04-25 04:55 - JobManager - DEBUG: end of processJobs
2009-04-25 04:57 - JobManager - INFO: Adding new jobs:
2009-04-25 04:57 - JobManager - DEBUG: from processJobs
2009-04-25 04:57 - JobManager - DEBUG: end of processJobs
2009-04-25 04:59 - JobManager - INFO: Adding new jobs:
2009-04-25 04:59 - JobManager - DEBUG: from processJobs
2009-04-25 04:59 - JobManager - DEBUG: end of processJobs
2009-04-25 05:01 - JobManager - INFO: Adding new jobs:
2009-04-25 05:01 - JobManager - DEBUG: from processJobs
2009-04-25 05:01 - JobManager - DEBUG: end of processJobs
2009-04-25 05:03 - JobManager - INFO: Adding new jobs:
2009-04-25 05:03 - JobManager - DEBUG: from processJobs
2009-04-25 05:03 - JobManager - DEBUG: end of processJobs
2009-04-25 05:05 - JobManager - INFO: Adding new jobs:
2009-04-25 05:05 - JobManager - DEBUG: from processJobs
2009-04-25 05:05 - JobManager - DEBUG: end of processJobs
2009-04-25 05:07 - JobManager - INFO: Adding new jobs:
2009-04-25 05:07 - JobManager - DEBUG: from processJobs
2009-04-25 05:07 - JobManager - DEBUG: end of processJobs
2009-04-25 05:09 - JobManager - INFO: Adding new jobs:
2009-04-25 05:09 - JobManager - DEBUG: from processJobs
2009-04-25 05:09 - JobManager - DEBUG: end of processJobs
2009-04-25 05:12 - JobManager - INFO: Adding new jobs:
2009-04-25 05:12 - JobManager - DEBUG: from processJobs
2009-04-25 05:12 - JobManager - DEBUG: end of processJobs
2009-04-25 05:14 - JobManager - INFO: Adding new jobs:
2009-04-25 05:14 - JobManager - DEBUG: from processJobs
2009-04-25 05:14 - JobManager - DEBUG: end of processJobs
2009-04-25 05:16 - JobManager - INFO: Adding new jobs:
2009-04-25 05:16 - JobManager - DEBUG: from processJobs
2009-04-25 05:16 - JobManager - DEBUG: end of processJobs
2009-04-25 05:18 - JobManager - INFO: Adding new jobs:
2009-04-25 05:18 - JobManager - DEBUG: from processJobs
2009-04-25 05:18 - JobManager - DEBUG: end of processJobs
2009-04-25 05:20 - JobManager - INFO: Adding new jobs:
2009-04-25 05:20 - JobManager - DEBUG: from processJobs
2009-04-25 05:20 - JobManager - DEBUG: end of processJobs
2009-04-25 05:22 - JobManager - INFO: Adding new jobs:
2009-04-25 05:22 - JobManager - DEBUG: from processJobs
2009-04-25 05:22 - JobManager - DEBUG: end of processJobs
2009-04-25 05:24 - JobManager - INFO: Adding new jobs:
2009-04-25 05:24 - JobManager - DEBUG: from processJobs
2009-04-25 05:24 - JobManager - DEBUG: end of processJobs
2009-04-25 05:26 - JobManager - INFO: Adding new jobs:
2009-04-25 05:26 - JobManager - DEBUG: from processJobs
2009-04-25 05:26 - JobManager - DEBUG: end of processJobs
2009-04-25 05:28 - JobManager - INFO: Adding new jobs:
2009-04-25 05:28 - JobManager - DEBUG: from processJobs
2009-04-25 05:28 - JobManager - DEBUG: end of processJobs
2009-04-25 05:30 - JobManager - INFO: Adding new jobs:
2009-04-25 05:30 - JobManager - DEBUG: from processJobs
2009-04-25 05:30 - JobManager - DEBUG: end of processJobs
2009-04-25 05:32 - JobManager - INFO: Adding new jobs:
2009-04-25 05:32 - JobManager - DEBUG: from processJobs
2009-04-25 05:32 - JobManager - DEBUG: end of processJobs
2009-04-25 05:34 - JobManager - INFO: Adding new jobs:
2009-04-25 05:34 - JobManager - DEBUG: from processJobs
2009-04-25 05:34 - JobManager - DEBUG: end of processJobs
2009-04-25 05:36 - JobManager - INFO: Adding new jobs:
2009-04-25 05:36 - JobManager - DEBUG: from processJobs
2009-04-25 05:36 - JobManager - DEBUG: end of processJobs
2009-04-25 05:38 - JobManager - INFO: Adding new jobs:
2009-04-25 05:38 - JobManager - DEBUG: from processJobs
2009-04-25 05:38 - JobManager - DEBUG: end of processJobs
2009-04-25 05:40 - JobManager - INFO: Adding new jobs:
2009-04-25 05:40 - JobManager - DEBUG: from processJobs
2009-04-25 05:40 - JobManager - DEBUG: end of processJobs
2009-04-25 05:42 - JobManager - INFO: Adding new jobs:
2009-04-25 05:42 - JobManager - DEBUG: from processJobs
2009-04-25 05:42 - JobManager - DEBUG: end of processJobs
2009-04-25 05:44 - JobManager - INFO: Adding new jobs:
2009-04-25 05:44 - JobManager - DEBUG: from processJobs
2009-04-25 05:44 - JobManager - DEBUG: end of processJobs
2009-04-25 05:46 - JobManager - INFO: Adding new jobs:
2009-04-25 05:46 - JobManager - DEBUG: from processJobs
2009-04-25 05:46 - JobManager - DEBUG: end of processJobs
2009-04-25 05:48 - JobManager - INFO: Adding new jobs:
2009-04-25 05:48 - JobManager - DEBUG: from processJobs
2009-04-25 05:48 - JobManager - DEBUG: end of processJobs
2009-04-25 05:50 - JobManager - INFO: Adding new jobs:
2009-04-25 05:50 - JobManager - DEBUG: from processJobs
2009-04-25 05:50 - JobManager - DEBUG: end of processJobs
2009-04-25 05:52 - JobManager - INFO: Adding new jobs:
2009-04-25 05:52 - JobManager - DEBUG: from processJobs
2009-04-25 05:52 - JobManager - DEBUG: end of processJobs
2009-04-25 05:54 - JobManager - INFO: Adding new jobs:
2009-04-25 05:54 - JobManager - DEBUG: from processJobs
2009-04-25 05:54 - JobManager - DEBUG: end of processJobs
2009-04-25 05:56 - JobManager - INFO: Adding new jobs:
2009-04-25 05:56 - JobManager - DEBUG: from processJobs
2009-04-25 05:56 - JobManager - DEBUG: end of processJobs
2009-04-25 05:58 - JobManager - INFO: Adding new jobs:
2009-04-25 05:58 - JobManager - DEBUG: from processJobs
2009-04-25 05:58 - JobManager - DEBUG: end of processJobs
2009-04-25 06:00 - JobManager - INFO: Adding new jobs:
2009-04-25 06:00 - JobManager - DEBUG: from processJobs
2009-04-25 06:00 - JobManager - DEBUG: end of processJobs
2009-04-25 06:02 - JobManager - INFO: Adding new jobs:
2009-04-25 06:02 - JobManager - DEBUG: from processJobs
2009-04-25 06:02 - JobManager - DEBUG: end of processJobs
2009-04-25 06:04 - JobManager - INFO: Adding new jobs:
2009-04-25 06:04 - JobManager - DEBUG: from processJobs
2009-04-25 06:04 - JobManager - DEBUG: end of processJobs
2009-04-25 06:06 - JobManager - INFO: Adding new jobs:
2009-04-25 06:06 - JobManager - DEBUG: from processJobs
2009-04-25 06:06 - JobManager - DEBUG: end of processJobs
2009-04-25 06:08 - JobManager - INFO: Adding new jobs:
2009-04-25 06:08 - JobManager - DEBUG: from processJobs
2009-04-25 06:08 - JobManager - DEBUG: end of processJobs
2009-04-25 06:10 - JobManager - INFO: Adding new jobs:
2009-04-25 06:10 - JobManager - DEBUG: from processJobs
2009-04-25 06:10 - JobManager - DEBUG: end of processJobs
2009-04-25 06:12 - JobManager - INFO: Adding new jobs:
2009-04-25 06:12 - JobManager - DEBUG: from processJobs
2009-04-25 06:12 - JobManager - DEBUG: end of processJobs
2009-04-25 06:14 - JobManager - INFO: Adding new jobs:
2009-04-25 06:14 - JobManager - DEBUG: from processJobs
2009-04-25 06:14 - JobManager - DEBUG: end of processJobs
2009-04-25 06:16 - JobManager - INFO: Adding new jobs:
2009-04-25 06:16 - JobManager - DEBUG: from processJobs
2009-04-25 06:16 - JobManager - DEBUG: end of processJobs
2009-04-25 06:19 - JobManager - INFO: Adding new jobs:
2009-04-25 06:19 - JobManager - DEBUG: from processJobs
2009-04-25 06:19 - JobManager - DEBUG: end of processJobs
2009-04-25 06:21 - JobManager - INFO: Adding new jobs:
2009-04-25 06:21 - JobManager - DEBUG: from processJobs
2009-04-25 06:21 - JobManager - DEBUG: end of processJobs
2009-04-25 06:23 - JobManager - INFO: Adding new jobs:
2009-04-25 06:23 - JobManager - DEBUG: from processJobs
2009-04-25 06:23 - JobManager - DEBUG: end of processJobs
2009-04-25 06:25 - JobManager - INFO: Adding new jobs:
2009-04-25 06:25 - JobManager - DEBUG: from processJobs
2009-04-25 06:25 - JobManager - DEBUG: end of processJobs
2009-04-25 06:27 - JobManager - INFO: Adding new jobs:
2009-04-25 06:27 - JobManager - DEBUG: from processJobs
2009-04-25 06:27 - JobManager - DEBUG: end of processJobs
2009-04-25 06:29 - JobManager - INFO: Adding new jobs:
2009-04-25 06:29 - JobManager - DEBUG: from processJobs
2009-04-25 06:29 - JobManager - DEBUG: end of processJobs
2009-04-25 06:31 - JobManager - INFO: Adding new jobs:
2009-04-25 06:31 - JobManager - DEBUG: from processJobs
2009-04-25 06:31 - JobManager - DEBUG: end of processJobs
2009-04-25 06:33 - JobManager - INFO: Adding new jobs:
2009-04-25 06:33 - JobManager - DEBUG: from processJobs
2009-04-25 06:33 - JobManager - DEBUG: end of processJobs
2009-04-25 06:35 - JobManager - INFO: Adding new jobs:
2009-04-25 06:35 - JobManager - DEBUG: from processJobs
2009-04-25 06:35 - JobManager - DEBUG: end of processJobs
2009-04-25 06:37 - JobManager - INFO: Adding new jobs:
2009-04-25 06:37 - JobManager - DEBUG: from processJobs
2009-04-25 06:37 - JobManager - DEBUG: end of processJobs
2009-04-25 06:39 - JobManager - INFO: Adding new jobs:
2009-04-25 06:39 - JobManager - DEBUG: from processJobs
2009-04-25 06:39 - JobManager - DEBUG: end of processJobs
2009-04-25 06:41 - JobManager - INFO: Adding new jobs:
2009-04-25 06:41 - JobManager - DEBUG: from processJobs
2009-04-25 06:41 - JobManager - DEBUG: end of processJobs
2009-04-25 06:43 - JobManager - INFO: Adding new jobs:
2009-04-25 06:43 - JobManager - DEBUG: from processJobs
2009-04-25 06:43 - JobManager - DEBUG: end of processJobs
2009-04-25 06:45 - JobManager - INFO: Adding new jobs:
2009-04-25 06:45 - JobManager - DEBUG: from processJobs
2009-04-25 06:45 - JobManager - DEBUG: end of processJobs
2009-04-25 06:47 - JobManager - INFO: Adding new jobs:
2009-04-25 06:47 - JobManager - DEBUG: from processJobs
2009-04-25 06:47 - JobManager - DEBUG: end of processJobs
2009-04-25 06:49 - JobManager - INFO: Adding new jobs:
2009-04-25 06:49 - JobManager - DEBUG: from processJobs
2009-04-25 06:49 - JobManager - DEBUG: end of processJobs
2009-04-25 06:51 - JobManager - INFO: Adding new jobs:
2009-04-25 06:51 - JobManager - DEBUG: from processJobs
2009-04-25 06:51 - JobManager - DEBUG: end of processJobs
2009-04-25 06:53 - JobManager - INFO: Adding new jobs:
2009-04-25 06:53 - JobManager - DEBUG: from processJobs
2009-04-25 06:53 - JobManager - DEBUG: end of processJobs
2009-04-25 06:55 - JobManager - INFO: Adding new jobs:
2009-04-25 06:55 - JobManager - DEBUG: from processJobs
2009-04-25 06:55 - JobManager - DEBUG: end of processJobs
2009-04-25 06:57 - JobManager - INFO: Adding new jobs:
2009-04-25 06:57 - JobManager - DEBUG: from processJobs
2009-04-25 06:57 - JobManager - DEBUG: end of processJobs
2009-04-25 06:59 - JobManager - INFO: Adding new jobs:
2009-04-25 06:59 - JobManager - DEBUG: from processJobs
2009-04-25 06:59 - JobManager - DEBUG: end of processJobs
2009-04-25 07:01 - JobManager - INFO: Adding new jobs:
2009-04-25 07:01 - JobManager - DEBUG: from processJobs
2009-04-25 07:01 - JobManager - DEBUG: end of processJobs
2009-04-25 07:03 - JobManager - INFO: Adding new jobs:
2009-04-25 07:03 - JobManager - DEBUG: from processJobs
2009-04-25 07:03 - JobManager - DEBUG: end of processJobs
2009-04-25 07:05 - JobManager - INFO: Adding new jobs:
2009-04-25 07:05 - JobManager - DEBUG: from processJobs
2009-04-25 07:05 - JobManager - DEBUG: end of processJobs
2009-04-25 07:07 - JobManager - INFO: Adding new jobs:
2009-04-25 07:07 - JobManager - DEBUG: from processJobs
2009-04-25 07:07 - JobManager - DEBUG: end of processJobs
2009-04-25 07:09 - JobManager - INFO: Adding new jobs:
2009-04-25 07:09 - JobManager - DEBUG: from processJobs
2009-04-25 07:09 - JobManager - DEBUG: end of processJobs
2009-04-25 07:11 - JobManager - INFO: Adding new jobs:
2009-04-25 07:11 - JobManager - DEBUG: from processJobs
2009-04-25 07:11 - JobManager - DEBUG: end of processJobs
2009-04-25 07:13 - JobManager - INFO: Adding new jobs:
2009-04-25 07:13 - JobManager - DEBUG: from processJobs
2009-04-25 07:13 - JobManager - DEBUG: end of processJobs
2009-04-25 07:15 - JobManager - INFO: Adding new jobs:
2009-04-25 07:15 - JobManager - DEBUG: from processJobs
2009-04-25 07:15 - JobManager - DEBUG: end of processJobs
2009-04-25 07:17 - JobManager - INFO: Adding new jobs:
2009-04-25 07:17 - JobManager - DEBUG: from processJobs
2009-04-25 07:17 - JobManager - DEBUG: end of processJobs
2009-04-25 07:19 - JobManager - INFO: Adding new jobs:
2009-04-25 07:19 - JobManager - DEBUG: from processJobs
2009-04-25 07:19 - JobManager - DEBUG: end of processJobs
2009-04-25 07:21 - JobManager - INFO: Adding new jobs:
2009-04-25 07:21 - JobManager - DEBUG: from processJobs
2009-04-25 07:21 - JobManager - DEBUG: end of processJobs
2009-04-25 07:23 - JobManager - INFO: Adding new jobs:
2009-04-25 07:23 - JobManager - DEBUG: from processJobs
2009-04-25 07:23 - JobManager - DEBUG: end of processJobs
2009-04-25 07:25 - JobManager - INFO: Adding new jobs:
2009-04-25 07:25 - JobManager - DEBUG: from processJobs
2009-04-25 07:25 - JobManager - DEBUG: end of processJobs
2009-04-25 07:27 - JobManager - INFO: Adding new jobs:
2009-04-25 07:27 - JobManager - DEBUG: from processJobs
2009-04-25 07:27 - JobManager - DEBUG: end of processJobs
2009-04-25 07:29 - JobManager - INFO: Adding new jobs:
2009-04-25 07:29 - JobManager - DEBUG: from processJobs
2009-04-25 07:29 - JobManager - DEBUG: end of processJobs
2009-04-25 07:31 - JobManager - INFO: Adding new jobs:
2009-04-25 07:31 - JobManager - DEBUG: from processJobs
2009-04-25 07:31 - JobManager - DEBUG: end of processJobs
2009-04-25 07:33 - JobManager - INFO: Adding new jobs:
2009-04-25 07:33 - JobManager - DEBUG: from processJobs
2009-04-25 07:33 - JobManager - DEBUG: end of processJobs
2009-04-25 07:35 - JobManager - INFO: Adding new jobs:
2009-04-25 07:35 - JobManager - DEBUG: from processJobs
2009-04-25 07:35 - JobManager - DEBUG: end of processJobs
2009-04-25 07:37 - JobManager - INFO: Adding new jobs:
2009-04-25 07:37 - JobManager - DEBUG: from processJobs
2009-04-25 07:37 - JobManager - DEBUG: end of processJobs
2009-04-25 07:39 - JobManager - INFO: Adding new jobs:
2009-04-25 07:39 - JobManager - DEBUG: from processJobs
2009-04-25 07:39 - JobManager - DEBUG: end of processJobs
2009-04-25 07:42 - JobManager - INFO: Adding new jobs:
2009-04-25 07:42 - JobManager - DEBUG: from processJobs
2009-04-25 07:42 - JobManager - DEBUG: end of processJobs
2009-04-25 07:44 - JobManager - INFO: Adding new jobs:
2009-04-25 07:44 - JobManager - DEBUG: from processJobs
2009-04-25 07:44 - JobManager - DEBUG: end of processJobs
2009-04-25 07:46 - JobManager - INFO: Adding new jobs:
2009-04-25 07:46 - JobManager - DEBUG: from processJobs
2009-04-25 07:46 - JobManager - DEBUG: end of processJobs
2009-04-25 07:48 - JobManager - INFO: Adding new jobs:
2009-04-25 07:48 - JobManager - DEBUG: from processJobs
2009-04-25 07:48 - JobManager - DEBUG: end of processJobs
2009-04-25 07:50 - JobManager - INFO: Adding new jobs:
2009-04-25 07:50 - JobManager - DEBUG: from processJobs
2009-04-25 07:50 - JobManager - DEBUG: end of processJobs
2009-04-25 07:52 - JobManager - INFO: Adding new jobs:
2009-04-25 07:52 - JobManager - DEBUG: from processJobs
2009-04-25 07:52 - JobManager - DEBUG: end of processJobs
2009-04-25 07:54 - JobManager - INFO: Adding new jobs:
2009-04-25 07:54 - JobManager - DEBUG: from processJobs
2009-04-25 07:54 - JobManager - DEBUG: end of processJobs
2009-04-25 07:56 - JobManager - INFO: Adding new jobs:
2009-04-25 07:56 - JobManager - DEBUG: from processJobs
2009-04-25 07:56 - JobManager - DEBUG: end of processJobs
2009-04-25 07:58 - JobManager - INFO: Adding new jobs:
2009-04-25 07:58 - JobManager - DEBUG: from processJobs
2009-04-25 07:58 - JobManager - DEBUG: end of processJobs
2009-04-25 08:00 - JobManager - INFO: Adding new jobs:
2009-04-25 08:00 - JobManager - DEBUG: from processJobs
2009-04-25 08:00 - JobManager - DEBUG: end of processJobs
2009-04-25 08:02 - JobManager - INFO: Adding new jobs:
2009-04-25 08:02 - JobManager - DEBUG: from processJobs
2009-04-25 08:02 - JobManager - DEBUG: end of processJobs
2009-04-25 08:04 - JobManager - INFO: Adding new jobs:
2009-04-25 08:04 - JobManager - DEBUG: from processJobs
2009-04-25 08:04 - JobManager - DEBUG: end of processJobs
2009-04-25 08:06 - JobManager - INFO: Adding new jobs:
2009-04-25 08:06 - JobManager - DEBUG: from processJobs
2009-04-25 08:06 - JobManager - DEBUG: end of processJobs
2009-04-25 08:08 - JobManager - INFO: Adding new jobs:
2009-04-25 08:08 - JobManager - DEBUG: from processJobs
2009-04-25 08:08 - JobManager - DEBUG: end of processJobs
2009-04-25 08:10 - JobManager - INFO: Adding new jobs:
2009-04-25 08:10 - JobManager - DEBUG: from processJobs
2009-04-25 08:10 - JobManager - DEBUG: end of processJobs
2009-04-25 08:12 - JobManager - INFO: Adding new jobs:
2009-04-25 08:12 - JobManager - DEBUG: from processJobs
2009-04-25 08:12 - JobManager - DEBUG: end of processJobs
2009-04-25 08:14 - JobManager - INFO: Adding new jobs:
2009-04-25 08:14 - JobManager - DEBUG: from processJobs
2009-04-25 08:14 - JobManager - DEBUG: end of processJobs
2009-04-25 08:16 - JobManager - INFO: Adding new jobs:
2009-04-25 08:16 - JobManager - DEBUG: from processJobs
2009-04-25 08:16 - JobManager - DEBUG: end of processJobs
2009-04-25 08:18 - JobManager - INFO: Adding new jobs:
2009-04-25 08:18 - JobManager - DEBUG: from processJobs
2009-04-25 08:18 - JobManager - DEBUG: end of processJobs
2009-04-25 08:20 - JobManager - INFO: Adding new jobs:
2009-04-25 08:20 - JobManager - DEBUG: from processJobs
2009-04-25 08:20 - JobManager - DEBUG: end of processJobs
2009-04-25 08:22 - JobManager - INFO: Adding new jobs:
2009-04-25 08:22 - JobManager - DEBUG: from processJobs
2009-04-25 08:22 - JobManager - DEBUG: end of processJobs
2009-04-25 08:24 - JobManager - INFO: Adding new jobs:
2009-04-25 08:24 - JobManager - DEBUG: from processJobs
2009-04-25 08:24 - JobManager - DEBUG: end of processJobs
2009-04-25 08:26 - JobManager - INFO: Adding new jobs:
2009-04-25 08:26 - JobManager - DEBUG: from processJobs
2009-04-25 08:26 - JobManager - DEBUG: end of processJobs
2009-04-25 08:28 - JobManager - INFO: Adding new jobs:
2009-04-25 08:28 - JobManager - DEBUG: from processJobs
2009-04-25 08:28 - JobManager - DEBUG: end of processJobs
2009-04-25 08:30 - JobManager - INFO: Adding new jobs:
2009-04-25 08:30 - JobManager - DEBUG: from processJobs
2009-04-25 08:30 - JobManager - DEBUG: end of processJobs
2009-04-25 08:32 - JobManager - INFO: Adding new jobs:
2009-04-25 08:32 - JobManager - DEBUG: from processJobs
2009-04-25 08:32 - JobManager - DEBUG: end of processJobs
2009-04-25 08:34 - JobManager - INFO: Adding new jobs:
2009-04-25 08:34 - JobManager - DEBUG: from processJobs
2009-04-25 08:34 - JobManager - DEBUG: end of processJobs
2009-04-25 08:36 - JobManager - INFO: Adding new jobs:
2009-04-25 08:36 - JobManager - DEBUG: from processJobs
2009-04-25 08:36 - JobManager - DEBUG: end of processJobs
2009-04-25 08:38 - JobManager - INFO: Adding new jobs:
2009-04-25 08:38 - JobManager - DEBUG: from processJobs
2009-04-25 08:38 - JobManager - DEBUG: end of processJobs
2009-04-25 08:40 - JobManager - INFO: Adding new jobs:
2009-04-25 08:40 - JobManager - DEBUG: from processJobs
2009-04-25 08:40 - JobManager - DEBUG: end of processJobs
2009-04-25 08:42 - JobManager - INFO: Adding new jobs:
2009-04-25 08:42 - JobManager - DEBUG: from processJobs
2009-04-25 08:42 - JobManager - DEBUG: end of processJobs
2009-04-25 08:44 - JobManager - INFO: Adding new jobs:
2009-04-25 08:44 - JobManager - DEBUG: from processJobs
2009-04-25 08:44 - JobManager - DEBUG: end of processJobs
2009-04-25 08:46 - JobManager - INFO: Adding new jobs:
2009-04-25 08:46 - JobManager - DEBUG: from processJobs
2009-04-25 08:46 - JobManager - DEBUG: end of processJobs
2009-04-25 08:48 - JobManager - INFO: Adding new jobs:
2009-04-25 08:48 - JobManager - DEBUG: from processJobs
2009-04-25 08:48 - JobManager - DEBUG: end of processJobs
2009-04-25 08:50 - JobManager - INFO: Adding new jobs:
2009-04-25 08:50 - JobManager - DEBUG: from processJobs
2009-04-25 08:50 - JobManager - DEBUG: end of processJobs
2009-04-25 08:52 - JobManager - INFO: Adding new jobs:
2009-04-25 08:52 - JobManager - DEBUG: from processJobs
2009-04-25 08:52 - JobManager - DEBUG: end of processJobs
2009-04-25 08:54 - JobManager - INFO: Adding new jobs:
2009-04-25 08:54 - JobManager - DEBUG: from processJobs
2009-04-25 08:54 - JobManager - DEBUG: end of processJobs
2009-04-25 08:56 - JobManager - INFO: Adding new jobs:
2009-04-25 08:56 - JobManager - DEBUG: from processJobs
2009-04-25 08:56 - JobManager - DEBUG: end of processJobs
2009-04-25 08:58 - JobManager - INFO: Adding new jobs:
2009-04-25 08:58 - JobManager - DEBUG: from processJobs
2009-04-25 08:58 - JobManager - DEBUG: end of processJobs
2009-04-25 09:00 - JobManager - INFO: Adding new jobs:
2009-04-25 09:00 - JobManager - DEBUG: from processJobs
2009-04-25 09:00 - JobManager - DEBUG: end of processJobs
2009-04-25 09:02 - JobManager - INFO: Adding new jobs:
2009-04-25 09:02 - JobManager - DEBUG: from processJobs
2009-04-25 09:02 - JobManager - DEBUG: end of processJobs
2009-04-25 09:04 - JobManager - INFO: Adding new jobs:
2009-04-25 09:04 - JobManager - DEBUG: from processJobs
2009-04-25 09:04 - JobManager - DEBUG: end of processJobs
2009-04-25 09:06 - JobManager - INFO: Adding new jobs:
2009-04-25 09:06 - JobManager - DEBUG: from processJobs
2009-04-25 09:06 - JobManager - DEBUG: end of processJobs
2009-04-25 09:08 - JobManager - INFO: Adding new jobs:
2009-04-25 09:08 - JobManager - DEBUG: from processJobs
2009-04-25 09:08 - JobManager - DEBUG: end of processJobs
2009-04-25 09:10 - JobManager - INFO: Adding new jobs:
2009-04-25 09:10 - JobManager - DEBUG: from processJobs
2009-04-25 09:10 - JobManager - DEBUG: end of processJobs
2009-04-25 09:12 - JobManager - INFO: Adding new jobs:
2009-04-25 09:12 - JobManager - DEBUG: from processJobs
2009-04-25 09:12 - JobManager - DEBUG: end of processJobs
2009-04-25 09:14 - JobManager - INFO: Adding new jobs:
2009-04-25 09:14 - JobManager - DEBUG: from processJobs
2009-04-25 09:14 - JobManager - DEBUG: end of processJobs
2009-04-25 09:16 - JobManager - INFO: Adding new jobs:
2009-04-25 09:16 - JobManager - DEBUG: from processJobs
2009-04-25 09:16 - JobManager - DEBUG: end of processJobs
2009-04-25 09:18 - JobManager - INFO: Adding new jobs:
2009-04-25 09:18 - JobManager - DEBUG: from processJobs
2009-04-25 09:18 - JobManager - DEBUG: end of processJobs
2009-04-25 09:20 - JobManager - INFO: Adding new jobs:
2009-04-25 09:20 - JobManager - DEBUG: from processJobs
2009-04-25 09:20 - JobManager - DEBUG: end of processJobs
2009-04-25 09:22 - JobManager - INFO: Adding new jobs:
2009-04-25 09:22 - JobManager - DEBUG: from processJobs
2009-04-25 09:22 - JobManager - DEBUG: end of processJobs
2009-04-25 09:24 - JobManager - INFO: Adding new jobs:
2009-04-25 09:24 - JobManager - DEBUG: from processJobs
2009-04-25 09:24 - JobManager - DEBUG: end of processJobs
2009-04-25 09:26 - JobManager - INFO: Adding new jobs:
2009-04-25 09:26 - JobManager - DEBUG: from processJobs
2009-04-25 09:26 - JobManager - DEBUG: end of processJobs
2009-04-25 09:28 - JobManager - INFO: Adding new jobs:
2009-04-25 09:28 - JobManager - DEBUG: from processJobs
2009-04-25 09:28 - JobManager - DEBUG: end of processJobs
2009-04-25 09:30 - JobManager - INFO: Adding new jobs:
2009-04-25 09:30 - JobManager - DEBUG: from processJobs
2009-04-25 09:30 - JobManager - DEBUG: end of processJobs
2009-04-25 09:32 - JobManager - INFO: Adding new jobs:
2009-04-25 09:32 - JobManager - DEBUG: from processJobs
2009-04-25 09:32 - JobManager - DEBUG: end of processJobs
2009-04-25 09:34 - JobManager - INFO: Adding new jobs:
2009-04-25 09:34 - JobManager - DEBUG: from processJobs
2009-04-25 09:34 - JobManager - DEBUG: end of processJobs
2009-04-25 09:36 - JobManager - INFO: Adding new jobs:
2009-04-25 09:36 - JobManager - DEBUG: from processJobs
2009-04-25 09:36 - JobManager - DEBUG: end of processJobs
2009-04-25 09:38 - JobManager - INFO: Adding new jobs:
2009-04-25 09:38 - JobManager - DEBUG: from processJobs
2009-04-25 09:38 - JobManager - DEBUG: end of processJobs
2009-04-25 09:40 - JobManager - INFO: Adding new jobs:
2009-04-25 09:40 - JobManager - DEBUG: from processJobs
2009-04-25 09:40 - JobManager - DEBUG: end of processJobs
2009-04-25 09:42 - JobManager - INFO: Adding new jobs:
2009-04-25 09:42 - JobManager - DEBUG: from processJobs
2009-04-25 09:42 - JobManager - DEBUG: end of processJobs
2009-04-25 09:44 - JobManager - INFO: Adding new jobs:
2009-04-25 09:44 - JobManager - DEBUG: from processJobs
2009-04-25 09:44 - JobManager - DEBUG: end of processJobs
2009-04-25 09:46 - JobManager - INFO: Adding new jobs:
2009-04-25 09:46 - JobManager - DEBUG: from processJobs
2009-04-25 09:46 - JobManager - DEBUG: end of processJobs
2009-04-25 09:48 - JobManager - INFO: Adding new jobs:
2009-04-25 09:48 - JobManager - DEBUG: from processJobs
2009-04-25 09:48 - JobManager - DEBUG: end of processJobs
2009-04-25 09:50 - JobManager - INFO: Adding new jobs:
2009-04-25 09:50 - JobManager - DEBUG: from processJobs
2009-04-25 09:50 - JobManager - DEBUG: end of processJobs
2009-04-25 09:52 - JobManager - INFO: Adding new jobs:
2009-04-25 09:52 - JobManager - DEBUG: from processJobs
2009-04-25 09:52 - JobManager - DEBUG: end of processJobs
2009-04-25 09:54 - JobManager - INFO: Adding new jobs:
2009-04-25 09:54 - JobManager - DEBUG: from processJobs
2009-04-25 09:54 - JobManager - DEBUG: end of processJobs
2009-04-25 09:56 - JobManager - INFO: Adding new jobs:
2009-04-25 09:56 - JobManager - DEBUG: from processJobs
2009-04-25 09:56 - JobManager - DEBUG: end of processJobs
2009-04-25 09:59 - JobManager - INFO: Adding new jobs:
2009-04-25 09:59 - JobManager - DEBUG: from processJobs
2009-04-25 09:59 - JobManager - DEBUG: end of processJobs
2009-04-25 10:01 - JobManager - INFO: Adding new jobs:
2009-04-25 10:01 - JobManager - DEBUG: from processJobs
2009-04-25 10:01 - JobManager - DEBUG: end of processJobs
2009-04-25 10:03 - JobManager - INFO: Adding new jobs:
2009-04-25 10:03 - JobManager - DEBUG: from processJobs
2009-04-25 10:03 - JobManager - DEBUG: end of processJobs
2009-04-25 10:05 - JobManager - INFO: Adding new jobs:
2009-04-25 10:05 - JobManager - DEBUG: from processJobs
2009-04-25 10:05 - JobManager - DEBUG: end of processJobs
2009-04-25 10:07 - JobManager - INFO: Adding new jobs:
2009-04-25 10:07 - JobManager - DEBUG: from processJobs
2009-04-25 10:07 - JobManager - DEBUG: end of processJobs
2009-04-25 10:09 - JobManager - INFO: Adding new jobs:
2009-04-25 10:09 - JobManager - DEBUG: from processJobs
2009-04-25 10:09 - JobManager - DEBUG: end of processJobs
2009-04-25 10:11 - JobManager - INFO: Adding new jobs:
2009-04-25 10:11 - JobManager - DEBUG: from processJobs
2009-04-25 10:11 - JobManager - DEBUG: end of processJobs
2009-04-25 10:13 - JobManager - INFO: Adding new jobs:
2009-04-25 10:13 - JobManager - DEBUG: from processJobs
2009-04-25 10:13 - JobManager - DEBUG: end of processJobs
2009-04-25 10:15 - JobManager - INFO: Adding new jobs:
2009-04-25 10:15 - JobManager - DEBUG: from processJobs
2009-04-25 10:15 - JobManager - DEBUG: end of processJobs
2009-04-25 10:17 - JobManager - INFO: Adding new jobs:
2009-04-25 10:17 - JobManager - DEBUG: from processJobs
2009-04-25 10:17 - JobManager - DEBUG: end of processJobs
2009-04-25 10:19 - JobManager - INFO: Adding new jobs:
2009-04-25 10:19 - JobManager - DEBUG: from processJobs
2009-04-25 10:19 - JobManager - DEBUG: end of processJobs
2009-04-25 10:21 - JobManager - INFO: Adding new jobs:
2009-04-25 10:21 - JobManager - DEBUG: from processJobs
2009-04-25 10:21 - JobManager - DEBUG: end of processJobs
2009-04-25 10:23 - JobManager - INFO: Adding new jobs:
2009-04-25 10:23 - JobManager - DEBUG: from processJobs
2009-04-25 10:23 - JobManager - DEBUG: end of processJobs
2009-04-25 10:25 - JobManager - INFO: Adding new jobs:
2009-04-25 10:25 - JobManager - DEBUG: from processJobs
2009-04-25 10:25 - JobManager - DEBUG: end of processJobs
2009-04-25 10:27 - JobManager - INFO: Adding new jobs:
2009-04-25 10:27 - JobManager - DEBUG: from processJobs
2009-04-25 10:27 - JobManager - DEBUG: end of processJobs
2009-04-25 10:29 - JobManager - INFO: Adding new jobs:
2009-04-25 10:29 - JobManager - DEBUG: from processJobs
2009-04-25 10:29 - JobManager - DEBUG: end of processJobs
2009-04-25 10:31 - JobManager - INFO: Adding new jobs:
2009-04-25 10:31 - JobManager - DEBUG: from processJobs
2009-04-25 10:31 - JobManager - DEBUG: end of processJobs
2009-04-25 10:33 - JobManager - INFO: Adding new jobs:
2009-04-25 10:33 - JobManager - DEBUG: from processJobs
2009-04-25 10:33 - JobManager - DEBUG: end of processJobs
2009-04-25 10:35 - JobManager - INFO: Adding new jobs:
2009-04-25 10:35 - JobManager - DEBUG: from processJobs
2009-04-25 10:35 - JobManager - DEBUG: end of processJobs
2009-04-25 10:37 - JobManager - INFO: Adding new jobs:
2009-04-25 10:37 - JobManager - DEBUG: from processJobs
2009-04-25 10:37 - JobManager - DEBUG: end of processJobs
2009-04-25 10:39 - JobManager - INFO: Adding new jobs:
2009-04-25 10:39 - JobManager - DEBUG: from processJobs
2009-04-25 10:39 - JobManager - DEBUG: end of processJobs
2009-04-25 10:41 - JobManager - INFO: Adding new jobs:
2009-04-25 10:41 - JobManager - DEBUG: from processJobs
2009-04-25 10:41 - JobManager - DEBUG: end of processJobs
2009-04-25 10:43 - JobManager - INFO: Adding new jobs:
2009-04-25 10:43 - JobManager - DEBUG: from processJobs
2009-04-25 10:43 - JobManager - DEBUG: end of processJobs
2009-04-25 10:45 - JobManager - INFO: Adding new jobs:
2009-04-25 10:45 - JobManager - DEBUG: from processJobs
2009-04-25 10:45 - JobManager - DEBUG: end of processJobs
2009-04-25 10:47 - JobManager - INFO: Adding new jobs:
2009-04-25 10:47 - JobManager - DEBUG: from processJobs
2009-04-25 10:47 - JobManager - DEBUG: end of processJobs
2009-04-25 10:49 - JobManager - INFO: Adding new jobs:
2009-04-25 10:49 - JobManager - DEBUG: from processJobs
2009-04-25 10:49 - JobManager - DEBUG: end of processJobs
2009-04-25 10:51 - JobManager - INFO: Adding new jobs:
2009-04-25 10:51 - JobManager - DEBUG: from processJobs
2009-04-25 10:51 - JobManager - DEBUG: end of processJobs
2009-04-25 10:53 - JobManager - INFO: Adding new jobs:
2009-04-25 10:53 - JobManager - DEBUG: from processJobs
2009-04-25 10:53 - JobManager - DEBUG: end of processJobs
2009-04-25 10:55 - JobManager - INFO: Adding new jobs:
2009-04-25 10:55 - JobManager - DEBUG: from processJobs
2009-04-25 10:55 - JobManager - DEBUG: end of processJobs
2009-04-25 10:57 - JobManager - INFO: Adding new jobs:
2009-04-25 10:57 - JobManager - DEBUG: from processJobs
2009-04-25 10:57 - JobManager - DEBUG: end of processJobs
2009-04-25 10:59 - JobManager - INFO: Adding new jobs:
2009-04-25 10:59 - JobManager - DEBUG: from processJobs
2009-04-25 10:59 - JobManager - DEBUG: end of processJobs
2009-04-25 11:01 - JobManager - INFO: Adding new jobs:
2009-04-25 11:01 - JobManager - DEBUG: from processJobs
2009-04-25 11:01 - JobManager - DEBUG: end of processJobs
2009-04-25 11:03 - JobManager - INFO: Adding new jobs:
2009-04-25 11:03 - JobManager - DEBUG: from processJobs
2009-04-25 11:03 - JobManager - DEBUG: end of processJobs
2009-04-25 11:05 - JobManager - INFO: Adding new jobs:
2009-04-25 11:05 - JobManager - DEBUG: from processJobs
2009-04-25 11:05 - JobManager - DEBUG: end of processJobs
2009-04-25 11:07 - JobManager - INFO: Adding new jobs:
2009-04-25 11:07 - JobManager - DEBUG: from processJobs
2009-04-25 11:07 - JobManager - DEBUG: end of processJobs
2009-04-25 11:09 - JobManager - INFO: Adding new jobs:
2009-04-25 11:09 - JobManager - DEBUG: from processJobs
2009-04-25 11:09 - JobManager - DEBUG: end of processJobs
2009-04-25 11:11 - JobManager - INFO: Adding new jobs:
2009-04-25 11:11 - JobManager - DEBUG: from processJobs
2009-04-25 11:11 - JobManager - DEBUG: end of processJobs
2009-04-25 11:13 - JobManager - INFO: Adding new jobs:
2009-04-25 11:13 - JobManager - DEBUG: from processJobs
2009-04-25 11:13 - JobManager - DEBUG: end of processJobs
2009-04-25 11:15 - JobManager - INFO: Adding new jobs:
2009-04-25 11:15 - JobManager - DEBUG: from processJobs
2009-04-25 11:15 - JobManager - DEBUG: end of processJobs
2009-04-25 11:17 - JobManager - INFO: Adding new jobs:
2009-04-25 11:17 - JobManager - DEBUG: from processJobs
2009-04-25 11:17 - JobManager - DEBUG: end of processJobs
2009-04-25 11:19 - JobManager - INFO: Adding new jobs:
2009-04-25 11:19 - JobManager - DEBUG: from processJobs
2009-04-25 11:19 - JobManager - DEBUG: end of processJobs
2009-04-25 11:21 - JobManager - INFO: Adding new jobs:
2009-04-25 11:21 - JobManager - DEBUG: from processJobs
2009-04-25 11:21 - JobManager - DEBUG: end of processJobs
2009-04-25 11:23 - JobManager - INFO: Adding new jobs:
2009-04-25 11:23 - JobManager - DEBUG: from processJobs
2009-04-25 11:23 - JobManager - DEBUG: end of processJobs
2009-04-25 11:25 - JobManager - INFO: Adding new jobs:
2009-04-25 11:25 - JobManager - DEBUG: from processJobs
2009-04-25 11:25 - JobManager - DEBUG: end of processJobs
2009-04-25 11:27 - JobManager - INFO: Adding new jobs:
2009-04-25 11:27 - JobManager - DEBUG: from processJobs
2009-04-25 11:27 - JobManager - DEBUG: end of processJobs
2009-04-25 11:29 - JobManager - INFO: Adding new jobs:
2009-04-25 11:29 - JobManager - DEBUG: from processJobs
2009-04-25 11:29 - JobManager - DEBUG: end of processJobs
2009-04-25 11:31 - JobManager - INFO: Adding new jobs:
2009-04-25 11:31 - JobManager - DEBUG: from processJobs
2009-04-25 11:31 - JobManager - DEBUG: end of processJobs
2009-04-25 11:33 - JobManager - INFO: Adding new jobs:
2009-04-25 11:33 - JobManager - DEBUG: from processJobs
2009-04-25 11:33 - JobManager - DEBUG: end of processJobs
2009-04-25 11:35 - JobManager - INFO: Adding new jobs:
2009-04-25 11:35 - JobManager - DEBUG: from processJobs
2009-04-25 11:35 - JobManager - DEBUG: end of processJobs
2009-04-25 11:37 - JobManager - INFO: Adding new jobs:
2009-04-25 11:37 - JobManager - DEBUG: from processJobs
2009-04-25 11:37 - JobManager - DEBUG: end of processJobs
2009-04-25 11:39 - JobManager - INFO: Adding new jobs:
2009-04-25 11:39 - JobManager - DEBUG: from processJobs
2009-04-25 11:39 - JobManager - DEBUG: end of processJobs
2009-04-25 11:41 - JobManager - INFO: Adding new jobs:
2009-04-25 11:41 - JobManager - DEBUG: from processJobs
2009-04-25 11:41 - JobManager - DEBUG: end of processJobs
2009-04-25 11:43 - JobManager - INFO: Adding new jobs:
2009-04-25 11:43 - JobManager - DEBUG: from processJobs
2009-04-25 11:43 - JobManager - DEBUG: end of processJobs
2009-04-25 11:45 - JobManager - INFO: Adding new jobs:
2009-04-25 11:45 - JobManager - DEBUG: from processJobs
2009-04-25 11:45 - JobManager - DEBUG: end of processJobs
2009-04-25 11:47 - JobManager - INFO: Adding new jobs:
2009-04-25 11:47 - JobManager - DEBUG: from processJobs
2009-04-25 11:47 - JobManager - DEBUG: end of processJobs
2009-04-25 11:49 - JobManager - INFO: Adding new jobs:
2009-04-25 11:49 - JobManager - DEBUG: from processJobs
2009-04-25 11:49 - JobManager - DEBUG: end of processJobs
2009-04-25 11:51 - JobManager - INFO: Adding new jobs:
2009-04-25 11:51 - JobManager - DEBUG: from processJobs
2009-04-25 11:51 - JobManager - DEBUG: end of processJobs
2009-04-25 11:53 - JobManager - INFO: Adding new jobs:
2009-04-25 11:53 - JobManager - DEBUG: from processJobs
2009-04-25 11:53 - JobManager - DEBUG: end of processJobs
2009-04-25 11:55 - JobManager - INFO: Adding new jobs:
2009-04-25 11:55 - JobManager - DEBUG: from processJobs
2009-04-25 11:55 - JobManager - DEBUG: end of processJobs
