2009-04-27 15:49 - JobManager - INFO: ========================================
2009-04-27 15:49 - JobManager - INFO: JobManager in init
2009-04-27 15:49 - JobManager - INFO: init file JobOrganizerConfig.py was found
2009-04-27 15:49 - JobManager - INFO: retrieveing Db parameters from JobOrganizerConfig.py file
2009-04-27 15:49 - JobManager - INFO: JobManager initialized
2009-04-27 15:49 - JobManager - INFO: ========================================
2009-04-27 15:49 - JobManager - INFO: Adding new jobs from Db:
2009-04-27 15:51 - JobManager - INFO: Adding new jobs:
2009-04-27 15:51 - JobManager - DEBUG: from processJobs
2009-04-27 15:51 - JobManager - DEBUG: end of processJobs
2009-04-27 15:53 - JobManager - INFO: Adding new jobs:
2009-04-27 15:53 - JobManager - DEBUG: from processJobs
2009-04-27 15:53 - JobManager - DEBUG: end of processJobs
2009-04-27 15:55 - JobManager - INFO: Adding new jobs:
2009-04-27 15:55 - JobManager - DEBUG: from processJobs
2009-04-27 15:55 - JobManager - DEBUG: end of processJobs
2009-04-27 15:57 - JobManager - INFO: Adding new jobs:
2009-04-27 15:57 - JobManager - DEBUG: from processJobs
2009-04-27 15:57 - JobManager - DEBUG: end of processJobs
2009-04-27 15:59 - JobManager - INFO: Adding new jobs:
2009-04-27 15:59 - JobManager - DEBUG: from processJobs
2009-04-27 15:59 - JobManager - DEBUG: end of processJobs
2009-04-27 16:01 - JobManager - INFO: Adding new jobs:
2009-04-27 16:01 - JobManager - DEBUG: from processJobs
2009-04-27 16:01 - JobManager - DEBUG: end of processJobs
2009-04-27 16:03 - JobManager - INFO: Adding new jobs:
2009-04-27 16:03 - JobManager - DEBUG: from processJobs
2009-04-27 16:03 - JobManager - DEBUG: end of processJobs
2009-04-27 16:05 - JobManager - INFO: Adding new jobs:
2009-04-27 16:05 - JobManager - DEBUG: from processJobs
2009-04-27 16:05 - JobManager - DEBUG: end of processJobs
2009-04-27 16:07 - JobManager - INFO: Adding new jobs:
2009-04-27 16:07 - JobManager - DEBUG: from processJobs
2009-04-27 16:07 - JobManager - DEBUG: end of processJobs
2009-04-27 16:10 - JobManager - INFO: Adding new jobs:
2009-04-27 16:10 - JobManager - DEBUG: from processJobs
2009-04-27 16:10 - JobManager - DEBUG: end of processJobs
2009-04-27 16:12 - JobManager - INFO: Adding new jobs:
2009-04-27 16:12 - JobManager - DEBUG: from processJobs
2009-04-27 16:12 - JobManager - DEBUG: end of processJobs
