2009-05-07 09:29 - JobOrganizer - INFO: ========================================
2009-05-07 09:29 - JobOrganizer - INFO: JobOrganizer in init
2009-05-07 09:29 - JobOrganizer - INFO: init file JobOrganizerConfig.py was found
2009-05-07 09:29 - JobOrganizer - INFO: retrieveing Db parameters from JobOrganizerConfig.py file
2009-05-07 09:29 - JobOrganizer - INFO: creating job configurations from JobOrganizerConfig.py file
2009-05-07 09:29 - JobOrganizer - INFO: JobOrganizer initialized
2009-05-07 09:29 - JobOrganizer - INFO: ========================================
2009-05-07 09:31 - JobOrganizer - INFO: Updating jobInformation list
2009-05-07 09:33 - JobOrganizer - INFO: Updating jobInformation list
2009-05-07 09:35 - JobOrganizer - INFO: Updating jobInformation list
2009-05-07 09:37 - JobOrganizer - INFO: Updating jobInformation list
2009-05-07 09:39 - JobOrganizer - INFO: Updating jobInformation list
2009-05-07 09:41 - JobOrganizer - INFO: Updating jobInformation list
2009-05-07 09:43 - JobOrganizer - INFO: Updating jobInformation list
2009-05-07 09:45 - JobOrganizer - INFO: Updating jobInformation list
2009-05-07 09:47 - JobOrganizer - INFO: Updating jobInformation list
2009-05-07 09:49 - JobOrganizer - INFO: Updating jobInformation list
2009-05-07 09:51 - JobOrganizer - INFO: Updating jobInformation list
2009-05-07 09:53 - JobOrganizer - INFO: Updating jobInformation list
2009-05-07 09:55 - JobOrganizer - INFO: Updating jobInformation list
2009-05-07 09:57 - JobOrganizer - INFO: Updating jobInformation list
2009-05-07 09:59 - JobOrganizer - INFO: Updating jobInformation list
2009-05-07 10:01 - JobOrganizer - INFO: Updating jobInformation list
2009-05-07 10:03 - JobOrganizer - INFO: Updating jobInformation list
2009-05-07 10:05 - JobOrganizer - INFO: Updating jobInformation list
2009-05-07 10:07 - JobOrganizer - INFO: Updating jobInformation list
2009-05-07 10:09 - JobOrganizer - INFO: Updating jobInformation list
2009-05-07 10:11 - JobOrganizer - INFO: Updating jobInformation list
2009-05-07 10:13 - JobOrganizer - INFO: Updating jobInformation list
2009-05-07 10:15 - JobOrganizer - INFO: Updating jobInformation list
2009-05-07 10:17 - JobOrganizer - INFO: Updating jobInformation list
2009-05-07 10:19 - JobOrganizer - INFO: Updating jobInformation list
2009-05-07 10:21 - JobOrganizer - INFO: Updating jobInformation list
2009-05-07 10:23 - JobOrganizer - INFO: Updating jobInformation list
2009-05-07 10:25 - JobOrganizer - INFO: Updating jobInformation list
2009-05-07 10:27 - JobOrganizer - INFO: Updating jobInformation list
2009-05-07 10:29 - JobOrganizer - INFO: Updating jobInformation list
2009-05-07 10:31 - JobOrganizer - INFO: Updating jobInformation list
2009-05-07 10:33 - JobOrganizer - INFO: Updating jobInformation list
2009-05-07 10:35 - JobOrganizer - INFO: Updating jobInformation list
2009-05-07 10:37 - JobOrganizer - INFO: Updating jobInformation list
2009-05-07 10:39 - JobOrganizer - INFO: Updating jobInformation list
2009-05-07 10:41 - JobOrganizer - INFO: Updating jobInformation list
2009-05-07 10:43 - JobOrganizer - INFO: Updating jobInformation list
2009-05-07 10:45 - JobOrganizer - INFO: Updating jobInformation list
2009-05-07 10:47 - JobOrganizer - INFO: Updating jobInformation list
2009-05-07 10:49 - JobOrganizer - INFO: Updating jobInformation list
2009-05-07 10:51 - JobOrganizer - INFO: Updating jobInformation list
2009-05-07 10:53 - JobOrganizer - INFO: Updating jobInformation list
2009-05-07 10:56 - JobOrganizer - INFO: Updating jobInformation list
2009-05-07 10:58 - JobOrganizer - INFO: Updating jobInformation list
2009-05-07 11:00 - JobOrganizer - INFO: Updating jobInformation list
2009-05-07 11:02 - JobOrganizer - INFO: Updating jobInformation list
2009-05-07 11:04 - JobOrganizer - INFO: Updating jobInformation list
2009-05-07 11:06 - JobOrganizer - INFO: Updating jobInformation list
2009-05-07 11:08 - JobOrganizer - INFO: Updating jobInformation list
2009-05-07 11:10 - JobOrganizer - INFO: Updating jobInformation list
2009-05-07 11:12 - JobOrganizer - INFO: Updating jobInformation list
2009-05-07 11:14 - JobOrganizer - INFO: Updating jobInformation list
2009-05-07 11:16 - JobOrganizer - INFO: Updating jobInformation list
2009-05-07 11:18 - JobOrganizer - INFO: Updating jobInformation list
2009-05-07 11:20 - JobOrganizer - INFO: Updating jobInformation list
2009-05-07 11:22 - JobOrganizer - INFO: Updating jobInformation list
2009-05-07 11:24 - JobOrganizer - INFO: Updating jobInformation list
2009-05-07 11:26 - JobOrganizer - INFO: Updating jobInformation list
2009-05-07 11:28 - JobOrganizer - INFO: Updating jobInformation list
2009-05-07 11:30 - JobOrganizer - INFO: Updating jobInformation list
2009-05-07 11:32 - JobOrganizer - INFO: Updating jobInformation list
2009-05-07 11:34 - JobOrganizer - INFO: Updating jobInformation list
2009-05-07 11:36 - JobOrganizer - INFO: Updating jobInformation list
2009-05-07 11:38 - JobOrganizer - INFO: Updating jobInformation list
2009-05-07 11:40 - JobOrganizer - INFO: Updating jobInformation list
2009-05-07 11:42 - JobOrganizer - INFO: Updating jobInformation list
2009-05-07 11:44 - JobOrganizer - INFO: Updating jobInformation list
2009-05-07 11:46 - JobOrganizer - INFO: Updating jobInformation list
2009-05-07 11:48 - JobOrganizer - INFO: Updating jobInformation list
2009-05-07 11:50 - JobOrganizer - INFO: Updating jobInformation list
2009-05-07 11:52 - JobOrganizer - INFO: Updating jobInformation list
2009-05-07 11:54 - JobOrganizer - INFO: Updating jobInformation list
2009-05-07 11:56 - JobOrganizer - INFO: Updating jobInformation list
2009-05-07 11:58 - JobOrganizer - INFO: Updating jobInformation list
2009-05-07 12:00 - JobOrganizer - INFO: Updating jobInformation list
2009-05-07 12:02 - JobOrganizer - INFO: Updating jobInformation list
2009-05-07 12:04 - JobOrganizer - INFO: Updating jobInformation list
2009-05-07 12:06 - JobOrganizer - INFO: Updating jobInformation list
2009-05-07 12:08 - JobOrganizer - INFO: Updating jobInformation list
2009-05-07 12:10 - JobOrganizer - INFO: Updating jobInformation list
2009-05-07 12:12 - JobOrganizer - INFO: Updating jobInformation list
2009-05-07 12:14 - JobOrganizer - INFO: Updating jobInformation list
2009-05-07 12:16 - JobOrganizer - INFO: Updating jobInformation list
2009-05-07 12:18 - JobOrganizer - INFO: Updating jobInformation list
2009-05-07 12:20 - JobOrganizer - INFO: Updating jobInformation list
2009-05-07 12:22 - JobOrganizer - INFO: Updating jobInformation list
2009-05-07 12:24 - JobOrganizer - INFO: Updating jobInformation list
2009-05-07 12:26 - JobOrganizer - INFO: Updating jobInformation list
2009-05-07 12:28 - JobOrganizer - INFO: Updating jobInformation list
2009-05-07 12:30 - JobOrganizer - INFO: Updating jobInformation list
2009-05-07 12:32 - JobOrganizer - INFO: Updating jobInformation list
2009-05-07 12:34 - JobOrganizer - INFO: Updating jobInformation list
2009-05-07 12:36 - JobOrganizer - INFO: Updating jobInformation list
2009-05-07 12:38 - JobOrganizer - INFO: Updating jobInformation list
2009-05-07 12:40 - JobOrganizer - INFO: Updating jobInformation list
2009-05-07 12:42 - JobOrganizer - INFO: Updating jobInformation list
2009-05-07 12:44 - JobOrganizer - INFO: Updating jobInformation list
2009-05-07 12:46 - JobOrganizer - INFO: Updating jobInformation list
2009-05-07 12:48 - JobOrganizer - INFO: Updating jobInformation list
2009-05-07 12:50 - JobOrganizer - INFO: Updating jobInformation list
2009-05-07 12:52 - JobOrganizer - INFO: Updating jobInformation list
2009-05-07 12:54 - JobOrganizer - INFO: Updating jobInformation list
2009-05-07 12:56 - JobOrganizer - INFO: Updating jobInformation list
2009-05-07 12:58 - JobOrganizer - INFO: Updating jobInformation list
2009-05-07 13:00 - JobOrganizer - INFO: Updating jobInformation list
2009-05-07 13:02 - JobOrganizer - INFO: Updating jobInformation list
2009-05-07 13:04 - JobOrganizer - INFO: Updating jobInformation list
2009-05-07 13:06 - JobOrganizer - INFO: Updating jobInformation list
2009-05-07 13:08 - JobOrganizer - INFO: Updating jobInformation list
2009-05-07 13:10 - JobOrganizer - INFO: Updating jobInformation list
2009-05-07 13:12 - JobOrganizer - INFO: Updating jobInformation list
2009-05-07 13:14 - JobOrganizer - INFO: Updating jobInformation list
2009-05-07 13:16 - JobOrganizer - INFO: Updating jobInformation list
2009-05-07 13:18 - JobOrganizer - INFO: Updating jobInformation list
2009-05-07 13:20 - JobOrganizer - INFO: Updating jobInformation list
2009-05-07 13:22 - JobOrganizer - INFO: Updating jobInformation list
2009-05-07 13:24 - JobOrganizer - INFO: Updating jobInformation list
2009-05-07 13:26 - JobOrganizer - INFO: Updating jobInformation list
2009-05-07 13:28 - JobOrganizer - INFO: Updating jobInformation list
2009-05-07 13:30 - JobOrganizer - INFO: Updating jobInformation list
2009-05-07 13:32 - JobOrganizer - INFO: Updating jobInformation list
2009-05-07 13:34 - JobOrganizer - INFO: Updating jobInformation list
2009-05-07 13:36 - JobOrganizer - INFO: Updating jobInformation list
2009-05-07 13:38 - JobOrganizer - INFO: Updating jobInformation list
2009-05-07 13:40 - JobOrganizer - INFO: Updating jobInformation list
2009-05-07 13:42 - JobOrganizer - INFO: Updating jobInformation list
2009-05-07 13:44 - JobOrganizer - INFO: Updating jobInformation list
2009-05-07 13:46 - JobOrganizer - INFO: Updating jobInformation list
2009-05-07 13:48 - JobOrganizer - INFO: Updating jobInformation list
2009-05-07 13:50 - JobOrganizer - INFO: Updating jobInformation list
2009-05-07 13:52 - JobOrganizer - INFO: Updating jobInformation list
2009-05-07 13:54 - JobOrganizer - INFO: Updating jobInformation list
2009-05-07 13:56 - JobOrganizer - INFO: Updating jobInformation list
2009-05-07 13:58 - JobOrganizer - INFO: Updating jobInformation list
2009-05-07 14:00 - JobOrganizer - INFO: Updating jobInformation list
2009-05-07 14:02 - JobOrganizer - INFO: Updating jobInformation list
2009-05-07 14:04 - JobOrganizer - INFO: Updating jobInformation list
2009-05-07 14:07 - JobOrganizer - INFO: Updating jobInformation list
2009-05-07 14:09 - JobOrganizer - INFO: Updating jobInformation list
2009-05-07 14:11 - JobOrganizer - INFO: Updating jobInformation list
2009-05-07 14:13 - JobOrganizer - INFO: Updating jobInformation list
2009-05-07 14:15 - JobOrganizer - INFO: Updating jobInformation list
2009-05-07 14:17 - JobOrganizer - INFO: Updating jobInformation list
2009-05-07 14:19 - JobOrganizer - INFO: Updating jobInformation list
2009-05-07 14:21 - JobOrganizer - INFO: Updating jobInformation list
2009-05-07 14:23 - JobOrganizer - INFO: Updating jobInformation list
2009-05-07 14:25 - JobOrganizer - INFO: Updating jobInformation list
2009-05-07 14:27 - JobOrganizer - INFO: Updating jobInformation list
2009-05-07 14:29 - JobOrganizer - INFO: Updating jobInformation list
2009-05-07 14:31 - JobOrganizer - INFO: Updating jobInformation list
2009-05-07 14:33 - JobOrganizer - INFO: Updating jobInformation list
2009-05-07 14:35 - JobOrganizer - INFO: Updating jobInformation list
2009-05-07 14:37 - JobOrganizer - INFO: Updating jobInformation list
2009-05-07 14:39 - JobOrganizer - INFO: Updating jobInformation list
2009-05-07 14:41 - JobOrganizer - INFO: Updating jobInformation list
2009-05-07 14:43 - JobOrganizer - INFO: Updating jobInformation list
2009-05-07 14:45 - JobOrganizer - INFO: Updating jobInformation list
2009-05-07 14:47 - JobOrganizer - INFO: Updating jobInformation list
2009-05-07 14:49 - JobOrganizer - INFO: Updating jobInformation list
2009-05-07 14:51 - JobOrganizer - INFO: Updating jobInformation list
2009-05-07 14:53 - JobOrganizer - INFO: Updating jobInformation list
2009-05-07 14:55 - JobOrganizer - INFO: Updating jobInformation list
2009-05-07 14:57 - JobOrganizer - INFO: Updating jobInformation list
2009-05-07 14:59 - JobOrganizer - INFO: Updating jobInformation list
2009-05-07 15:01 - JobOrganizer - INFO: Updating jobInformation list
2009-05-07 15:03 - JobOrganizer - INFO: Updating jobInformation list
2009-05-07 15:05 - JobOrganizer - INFO: Updating jobInformation list
2009-05-07 15:07 - JobOrganizer - INFO: Updating jobInformation list
2009-05-07 15:09 - JobOrganizer - INFO: Updating jobInformation list
2009-05-07 15:11 - JobOrganizer - INFO: Updating jobInformation list
2009-05-07 15:13 - JobOrganizer - INFO: Updating jobInformation list
2009-05-07 15:15 - JobOrganizer - INFO: Updating jobInformation list
2009-05-07 15:17 - JobOrganizer - INFO: Updating jobInformation list
2009-05-07 15:19 - JobOrganizer - INFO: Updating jobInformation list
2009-05-07 15:21 - JobOrganizer - INFO: Updating jobInformation list
2009-05-07 15:23 - JobOrganizer - INFO: Updating jobInformation list
2009-05-07 15:25 - JobOrganizer - INFO: Updating jobInformation list
2009-05-07 15:27 - JobOrganizer - INFO: Updating jobInformation list
2009-05-07 15:29 - JobOrganizer - INFO: Updating jobInformation list
2009-05-07 15:31 - JobOrganizer - INFO: Updating jobInformation list
2009-05-07 15:33 - JobOrganizer - INFO: Updating jobInformation list
2009-05-07 15:35 - JobOrganizer - INFO: Updating jobInformation list
2009-05-07 15:37 - JobOrganizer - INFO: Updating jobInformation list
2009-05-07 15:39 - JobOrganizer - INFO: Updating jobInformation list
2009-05-07 15:41 - JobOrganizer - INFO: Updating jobInformation list
2009-05-07 15:43 - JobOrganizer - INFO: Updating jobInformation list
2009-05-07 15:45 - JobOrganizer - INFO: Updating jobInformation list
2009-05-07 15:47 - JobOrganizer - INFO: Updating jobInformation list
2009-05-07 15:49 - JobOrganizer - INFO: Updating jobInformation list
2009-05-07 15:51 - JobOrganizer - INFO: Updating jobInformation list
2009-05-07 15:53 - JobOrganizer - INFO: Updating jobInformation list
2009-05-07 15:55 - JobOrganizer - INFO: Updating jobInformation list
2009-05-07 15:57 - JobOrganizer - INFO: Updating jobInformation list
2009-05-07 15:59 - JobOrganizer - INFO: Updating jobInformation list
2009-05-07 16:01 - JobOrganizer - INFO: Updating jobInformation list
2009-05-07 16:03 - JobOrganizer - INFO: Updating jobInformation list
2009-05-07 16:05 - JobOrganizer - INFO: Updating jobInformation list
2009-05-07 16:07 - JobOrganizer - INFO: Updating jobInformation list
2009-05-07 16:09 - JobOrganizer - INFO: Updating jobInformation list
2009-05-07 16:11 - JobOrganizer - INFO: Updating jobInformation list
2009-05-07 16:13 - JobOrganizer - INFO: Updating jobInformation list
2009-05-07 16:15 - JobOrganizer - INFO: Updating jobInformation list
2009-05-07 16:17 - JobOrganizer - INFO: Updating jobInformation list
2009-05-07 16:19 - JobOrganizer - INFO: Updating jobInformation list
2009-05-07 16:21 - JobOrganizer - INFO: Updating jobInformation list
2009-05-07 16:23 - JobOrganizer - INFO: Updating jobInformation list
2009-05-07 16:25 - JobOrganizer - INFO: Updating jobInformation list
2009-05-07 16:27 - JobOrganizer - INFO: Updating jobInformation list
2009-05-07 16:29 - JobOrganizer - INFO: Updating jobInformation list
2009-05-07 16:31 - JobOrganizer - INFO: Updating jobInformation list
2009-05-07 16:33 - JobOrganizer - INFO: Updating jobInformation list
2009-05-07 16:35 - JobOrganizer - INFO: Updating jobInformation list
2009-05-07 16:37 - JobOrganizer - INFO: Updating jobInformation list
2009-05-07 16:39 - JobOrganizer - INFO: Updating jobInformation list
2009-05-07 16:41 - JobOrganizer - INFO: Updating jobInformation list
2009-05-07 16:43 - JobOrganizer - INFO: Updating jobInformation list
2009-05-07 16:45 - JobOrganizer - INFO: Updating jobInformation list
2009-05-07 16:47 - JobOrganizer - INFO: Updating jobInformation list
2009-05-07 16:49 - JobOrganizer - INFO: Updating jobInformation list
2009-05-07 16:51 - JobOrganizer - INFO: Updating jobInformation list
2009-05-07 16:54 - JobOrganizer - INFO: Updating jobInformation list
2009-05-07 16:56 - JobOrganizer - INFO: Updating jobInformation list
2009-05-07 16:58 - JobOrganizer - INFO: Updating jobInformation list
2009-05-07 17:00 - JobOrganizer - INFO: Updating jobInformation list
2009-05-07 17:02 - JobOrganizer - INFO: Updating jobInformation list
2009-05-07 17:04 - JobOrganizer - INFO: Updating jobInformation list
2009-05-07 17:06 - JobOrganizer - INFO: Updating jobInformation list
2009-05-07 17:08 - JobOrganizer - INFO: Updating jobInformation list
2009-05-07 17:10 - JobOrganizer - INFO: Updating jobInformation list
2009-05-07 17:12 - JobOrganizer - INFO: Updating jobInformation list
2009-05-07 17:14 - JobOrganizer - INFO: Updating jobInformation list
2009-05-07 17:16 - JobOrganizer - INFO: Updating jobInformation list
2009-05-07 17:18 - JobOrganizer - INFO: Updating jobInformation list
2009-05-07 17:20 - JobOrganizer - INFO: Updating jobInformation list
2009-05-07 17:22 - JobOrganizer - INFO: Updating jobInformation list
2009-05-07 17:24 - JobOrganizer - INFO: Updating jobInformation list
2009-05-07 17:26 - JobOrganizer - INFO: Updating jobInformation list
2009-05-07 17:28 - JobOrganizer - INFO: Updating jobInformation list
2009-05-07 17:30 - JobOrganizer - INFO: Updating jobInformation list
2009-05-07 17:32 - JobOrganizer - INFO: Updating jobInformation list
2009-05-07 17:34 - JobOrganizer - INFO: Updating jobInformation list
2009-05-07 17:36 - JobOrganizer - INFO: Updating jobInformation list
2009-05-07 17:38 - JobOrganizer - INFO: Updating jobInformation list
2009-05-07 17:40 - JobOrganizer - INFO: Updating jobInformation list
2009-05-07 17:42 - JobOrganizer - INFO: Updating jobInformation list
2009-05-07 17:44 - JobOrganizer - INFO: Updating jobInformation list
2009-05-07 17:46 - JobOrganizer - INFO: Updating jobInformation list
2009-05-07 17:48 - JobOrganizer - INFO: Updating jobInformation list
2009-05-07 17:50 - JobOrganizer - INFO: Updating jobInformation list
2009-05-07 17:52 - JobOrganizer - INFO: Updating jobInformation list
2009-05-07 17:54 - JobOrganizer - INFO: Updating jobInformation list
2009-05-07 17:56 - JobOrganizer - INFO: Updating jobInformation list
2009-05-07 17:58 - JobOrganizer - INFO: Updating jobInformation list
2009-05-07 18:00 - JobOrganizer - INFO: Updating jobInformation list
2009-05-07 18:02 - JobOrganizer - INFO: Updating jobInformation list
2009-05-07 18:04 - JobOrganizer - INFO: Updating jobInformation list
2009-05-07 18:06 - JobOrganizer - INFO: Updating jobInformation list
2009-05-07 18:08 - JobOrganizer - INFO: Updating jobInformation list
2009-05-07 18:10 - JobOrganizer - INFO: Updating jobInformation list
2009-05-07 18:12 - JobOrganizer - INFO: Updating jobInformation list
2009-05-07 18:14 - JobOrganizer - INFO: Updating jobInformation list
2009-05-07 18:16 - JobOrganizer - INFO: Updating jobInformation list
2009-05-07 18:18 - JobOrganizer - INFO: Updating jobInformation list
2009-05-07 18:20 - JobOrganizer - INFO: Updating jobInformation list
2009-05-07 18:22 - JobOrganizer - INFO: Updating jobInformation list
2009-05-07 18:24 - JobOrganizer - INFO: Updating jobInformation list
2009-05-07 18:26 - JobOrganizer - INFO: Updating jobInformation list
2009-05-07 18:28 - JobOrganizer - INFO: Updating jobInformation list
2009-05-07 18:30 - JobOrganizer - INFO: Updating jobInformation list
2009-05-07 18:32 - JobOrganizer - INFO: Updating jobInformation list
2009-05-07 18:34 - JobOrganizer - INFO: Updating jobInformation list
2009-05-07 18:36 - JobOrganizer - INFO: Updating jobInformation list
2009-05-07 18:38 - JobOrganizer - INFO: Updating jobInformation list
2009-05-07 18:40 - JobOrganizer - INFO: Updating jobInformation list
2009-05-07 18:42 - JobOrganizer - INFO: Updating jobInformation list
2009-05-07 18:44 - JobOrganizer - INFO: Updating jobInformation list
2009-05-07 18:46 - JobOrganizer - INFO: Updating jobInformation list
2009-05-07 18:48 - JobOrganizer - INFO: Updating jobInformation list
2009-05-07 18:50 - JobOrganizer - INFO: Updating jobInformation list
2009-05-07 18:52 - JobOrganizer - INFO: Updating jobInformation list
2009-05-07 18:54 - JobOrganizer - INFO: Updating jobInformation list
2009-05-07 18:56 - JobOrganizer - INFO: Updating jobInformation list
2009-05-07 18:58 - JobOrganizer - INFO: Updating jobInformation list
2009-05-07 19:00 - JobOrganizer - INFO: Updating jobInformation list
2009-05-07 19:02 - JobOrganizer - INFO: Updating jobInformation list
2009-05-07 19:04 - JobOrganizer - INFO: Updating jobInformation list
2009-05-07 19:06 - JobOrganizer - INFO: Updating jobInformation list
2009-05-07 19:08 - JobOrganizer - INFO: Updating jobInformation list
2009-05-07 19:10 - JobOrganizer - INFO: Updating jobInformation list
2009-05-07 19:12 - JobOrganizer - INFO: Updating jobInformation list
2009-05-07 19:14 - JobOrganizer - INFO: Updating jobInformation list
2009-05-07 19:16 - JobOrganizer - INFO: Updating jobInformation list
2009-05-07 19:18 - JobOrganizer - INFO: Updating jobInformation list
2009-05-07 19:20 - JobOrganizer - INFO: Updating jobInformation list
2009-05-07 19:22 - JobOrganizer - INFO: Updating jobInformation list
2009-05-07 19:24 - JobOrganizer - INFO: Updating jobInformation list
2009-05-07 19:27 - JobOrganizer - INFO: Updating jobInformation list
2009-05-07 19:29 - JobOrganizer - INFO: Updating jobInformation list
2009-05-07 19:31 - JobOrganizer - INFO: Updating jobInformation list
2009-05-07 19:33 - JobOrganizer - INFO: Updating jobInformation list
2009-05-07 19:35 - JobOrganizer - INFO: Updating jobInformation list
2009-05-07 19:37 - JobOrganizer - INFO: Updating jobInformation list
2009-05-07 19:39 - JobOrganizer - INFO: Updating jobInformation list
2009-05-07 19:41 - JobOrganizer - INFO: Updating jobInformation list
2009-05-07 19:43 - JobOrganizer - INFO: Updating jobInformation list
2009-05-07 19:45 - JobOrganizer - INFO: Updating jobInformation list
2009-05-07 19:47 - JobOrganizer - INFO: Updating jobInformation list
2009-05-07 19:49 - JobOrganizer - INFO: Updating jobInformation list
2009-05-07 19:51 - JobOrganizer - INFO: Updating jobInformation list
2009-05-07 19:53 - JobOrganizer - INFO: Updating jobInformation list
2009-05-07 19:55 - JobOrganizer - INFO: Updating jobInformation list
2009-05-07 19:57 - JobOrganizer - INFO: Updating jobInformation list
2009-05-07 19:59 - JobOrganizer - INFO: Updating jobInformation list
2009-05-07 20:01 - JobOrganizer - INFO: Updating jobInformation list
2009-05-07 20:03 - JobOrganizer - INFO: Updating jobInformation list
2009-05-07 20:05 - JobOrganizer - INFO: Updating jobInformation list
2009-05-07 20:07 - JobOrganizer - INFO: Updating jobInformation list
2009-05-07 20:09 - JobOrganizer - INFO: Updating jobInformation list
2009-05-07 20:11 - JobOrganizer - INFO: Updating jobInformation list
2009-05-07 20:13 - JobOrganizer - INFO: Updating jobInformation list
2009-05-07 20:15 - JobOrganizer - INFO: Updating jobInformation list
2009-05-07 20:17 - JobOrganizer - INFO: Updating jobInformation list
2009-05-07 20:19 - JobOrganizer - INFO: Updating jobInformation list
2009-05-07 20:21 - JobOrganizer - INFO: Updating jobInformation list
2009-05-07 20:23 - JobOrganizer - INFO: Updating jobInformation list
2009-05-07 20:25 - JobOrganizer - INFO: Updating jobInformation list
2009-05-07 20:27 - JobOrganizer - INFO: Updating jobInformation list
2009-05-07 20:29 - JobOrganizer - INFO: Updating jobInformation list
2009-05-07 20:31 - JobOrganizer - INFO: Updating jobInformation list
2009-05-07 20:33 - JobOrganizer - INFO: Updating jobInformation list
2009-05-07 20:35 - JobOrganizer - INFO: Updating jobInformation list
2009-05-07 20:37 - JobOrganizer - INFO: Updating jobInformation list
2009-05-07 20:39 - JobOrganizer - INFO: Updating jobInformation list
2009-05-07 20:41 - JobOrganizer - INFO: Updating jobInformation list
2009-05-07 20:43 - JobOrganizer - INFO: Updating jobInformation list
2009-05-07 20:45 - JobOrganizer - INFO: Updating jobInformation list
2009-05-07 20:47 - JobOrganizer - INFO: Updating jobInformation list
2009-05-07 20:49 - JobOrganizer - INFO: Updating jobInformation list
2009-05-07 20:51 - JobOrganizer - INFO: Updating jobInformation list
2009-05-07 20:53 - JobOrganizer - INFO: Updating jobInformation list
2009-05-07 20:55 - JobOrganizer - INFO: Updating jobInformation list
2009-05-07 20:57 - JobOrganizer - INFO: Updating jobInformation list
2009-05-07 20:59 - JobOrganizer - INFO: Updating jobInformation list
2009-05-07 21:01 - JobOrganizer - INFO: Updating jobInformation list
2009-05-07 21:03 - JobOrganizer - INFO: Updating jobInformation list
2009-05-07 21:05 - JobOrganizer - INFO: Updating jobInformation list
2009-05-07 21:07 - JobOrganizer - INFO: Updating jobInformation list
2009-05-07 21:09 - JobOrganizer - INFO: Updating jobInformation list
2009-05-07 21:11 - JobOrganizer - INFO: Updating jobInformation list
2009-05-07 21:13 - JobOrganizer - INFO: Updating jobInformation list
2009-05-07 21:15 - JobOrganizer - INFO: Updating jobInformation list
2009-05-07 21:17 - JobOrganizer - INFO: Updating jobInformation list
2009-05-07 21:19 - JobOrganizer - INFO: Updating jobInformation list
2009-05-07 21:21 - JobOrganizer - INFO: Updating jobInformation list
2009-05-07 21:23 - JobOrganizer - INFO: Updating jobInformation list
2009-05-07 21:25 - JobOrganizer - INFO: Updating jobInformation list
2009-05-07 21:27 - JobOrganizer - INFO: Updating jobInformation list
2009-05-07 21:29 - JobOrganizer - INFO: Updating jobInformation list
2009-05-07 21:31 - JobOrganizer - INFO: Updating jobInformation list
2009-05-07 21:33 - JobOrganizer - INFO: Updating jobInformation list
2009-05-07 21:35 - JobOrganizer - INFO: Updating jobInformation list
2009-05-07 21:37 - JobOrganizer - INFO: Updating jobInformation list
2009-05-07 21:39 - JobOrganizer - INFO: Updating jobInformation list
2009-05-07 21:41 - JobOrganizer - INFO: Updating jobInformation list
2009-05-07 21:43 - JobOrganizer - INFO: Updating jobInformation list
2009-05-07 21:45 - JobOrganizer - INFO: Updating jobInformation list
2009-05-07 21:47 - JobOrganizer - INFO: Updating jobInformation list
2009-05-07 21:49 - JobOrganizer - INFO: Updating jobInformation list
2009-05-07 21:51 - JobOrganizer - INFO: Updating jobInformation list
2009-05-07 21:53 - JobOrganizer - INFO: Updating jobInformation list
2009-05-07 21:55 - JobOrganizer - INFO: Updating jobInformation list
2009-05-07 21:57 - JobOrganizer - INFO: Updating jobInformation list
2009-05-07 21:59 - JobOrganizer - INFO: Updating jobInformation list
2009-05-07 22:01 - JobOrganizer - INFO: Updating jobInformation list
2009-05-07 22:03 - JobOrganizer - INFO: Updating jobInformation list
2009-05-07 22:05 - JobOrganizer - INFO: Updating jobInformation list
2009-05-07 22:07 - JobOrganizer - INFO: Updating jobInformation list
2009-05-07 22:09 - JobOrganizer - INFO: Updating jobInformation list
2009-05-07 22:11 - JobOrganizer - INFO: Updating jobInformation list
2009-05-07 22:13 - JobOrganizer - INFO: Updating jobInformation list
2009-05-07 22:16 - JobOrganizer - INFO: Updating jobInformation list
2009-05-07 22:18 - JobOrganizer - INFO: Updating jobInformation list
2009-05-07 22:20 - JobOrganizer - INFO: Updating jobInformation list
2009-05-07 22:22 - JobOrganizer - INFO: Updating jobInformation list
2009-05-07 22:24 - JobOrganizer - INFO: Updating jobInformation list
2009-05-07 22:26 - JobOrganizer - INFO: Updating jobInformation list
2009-05-07 22:28 - JobOrganizer - INFO: Updating jobInformation list
2009-05-07 22:30 - JobOrganizer - INFO: Updating jobInformation list
2009-05-07 22:32 - JobOrganizer - INFO: Updating jobInformation list
2009-05-07 22:34 - JobOrganizer - INFO: Updating jobInformation list
2009-05-07 22:36 - JobOrganizer - INFO: Updating jobInformation list
2009-05-07 22:38 - JobOrganizer - INFO: Updating jobInformation list
2009-05-07 22:40 - JobOrganizer - INFO: Updating jobInformation list
2009-05-07 22:42 - JobOrganizer - INFO: Updating jobInformation list
2009-05-07 22:44 - JobOrganizer - INFO: Updating jobInformation list
2009-05-07 22:46 - JobOrganizer - INFO: Updating jobInformation list
2009-05-07 22:48 - JobOrganizer - INFO: Updating jobInformation list
2009-05-07 22:50 - JobOrganizer - INFO: Updating jobInformation list
2009-05-07 22:52 - JobOrganizer - INFO: Updating jobInformation list
2009-05-07 22:54 - JobOrganizer - INFO: Updating jobInformation list
2009-05-07 22:56 - JobOrganizer - INFO: Updating jobInformation list
2009-05-07 22:58 - JobOrganizer - INFO: Updating jobInformation list
2009-05-07 23:00 - JobOrganizer - INFO: Updating jobInformation list
2009-05-07 23:02 - JobOrganizer - INFO: Updating jobInformation list
2009-05-07 23:04 - JobOrganizer - INFO: Updating jobInformation list
2009-05-07 23:06 - JobOrganizer - INFO: Updating jobInformation list
2009-05-07 23:08 - JobOrganizer - INFO: Updating jobInformation list
2009-05-07 23:10 - JobOrganizer - INFO: Updating jobInformation list
2009-05-07 23:12 - JobOrganizer - INFO: Updating jobInformation list
2009-05-07 23:14 - JobOrganizer - INFO: Updating jobInformation list
2009-05-07 23:16 - JobOrganizer - INFO: Updating jobInformation list
2009-05-07 23:18 - JobOrganizer - INFO: Updating jobInformation list
2009-05-07 23:20 - JobOrganizer - INFO: Updating jobInformation list
2009-05-07 23:22 - JobOrganizer - INFO: Updating jobInformation list
2009-05-07 23:24 - JobOrganizer - INFO: Updating jobInformation list
2009-05-07 23:26 - JobOrganizer - INFO: Updating jobInformation list
2009-05-07 23:28 - JobOrganizer - INFO: Updating jobInformation list
2009-05-07 23:30 - JobOrganizer - INFO: Updating jobInformation list
2009-05-07 23:32 - JobOrganizer - INFO: Updating jobInformation list
2009-05-07 23:34 - JobOrganizer - INFO: Updating jobInformation list
2009-05-07 23:36 - JobOrganizer - INFO: Updating jobInformation list
2009-05-07 23:38 - JobOrganizer - INFO: Updating jobInformation list
2009-05-07 23:40 - JobOrganizer - INFO: Updating jobInformation list
2009-05-07 23:42 - JobOrganizer - INFO: Updating jobInformation list
2009-05-07 23:44 - JobOrganizer - INFO: Updating jobInformation list
2009-05-07 23:46 - JobOrganizer - INFO: Updating jobInformation list
2009-05-07 23:48 - JobOrganizer - INFO: Updating jobInformation list
2009-05-07 23:50 - JobOrganizer - INFO: Updating jobInformation list
2009-05-07 23:52 - JobOrganizer - INFO: Updating jobInformation list
2009-05-07 23:54 - JobOrganizer - INFO: Updating jobInformation list
2009-05-07 23:56 - JobOrganizer - INFO: Updating jobInformation list
2009-05-07 23:58 - JobOrganizer - INFO: Updating jobInformation list
2009-05-08 00:00 - JobOrganizer - INFO: Updating jobInformation list
