2009-04-11 00:01 - JobOrganizer - INFO: ========================================
2009-04-11 00:01 - JobOrganizer - INFO: JobOrganizer in init
2009-04-11 00:01 - JobOrganizer - INFO: init file JobOrganizerConfig.py was found
2009-04-11 00:01 - JobOrganizer - INFO: retrieveing Db parameters from JobOrganizerConfig.py file
2009-04-11 00:01 - JobOrganizer - INFO: creating job configurations from JobOrganizerConfig.py file
2009-04-11 00:01 - JobOrganizer - INFO: JobOrganizer initialized
2009-04-11 00:01 - JobOrganizer - INFO: ========================================
2009-04-11 00:03 - JobOrganizer - INFO: Updating jobInformation list
2009-04-11 00:05 - JobOrganizer - INFO: Updating jobInformation list
2009-04-11 00:07 - JobOrganizer - INFO: Updating jobInformation list
2009-04-11 00:10 - JobOrganizer - INFO: Updating jobInformation list
2009-04-11 00:12 - JobOrganizer - INFO: Updating jobInformation list
2009-04-11 00:14 - JobOrganizer - INFO: Updating jobInformation list
2009-04-11 00:16 - JobOrganizer - INFO: Updating jobInformation list
2009-04-11 00:18 - JobOrganizer - INFO: Updating jobInformation list
2009-04-11 00:20 - JobOrganizer - INFO: Updating jobInformation list
2009-04-11 00:22 - JobOrganizer - INFO: Updating jobInformation list
2009-04-11 00:24 - JobOrganizer - INFO: Updating jobInformation list
2009-04-11 00:26 - JobOrganizer - INFO: Updating jobInformation list
2009-04-11 00:28 - JobOrganizer - INFO: Updating jobInformation list
2009-04-11 00:30 - JobOrganizer - INFO: Updating jobInformation list
2009-04-11 00:32 - JobOrganizer - INFO: Updating jobInformation list
2009-04-11 00:34 - JobOrganizer - INFO: Updating jobInformation list
2009-04-11 00:36 - JobOrganizer - INFO: Updating jobInformation list
2009-04-11 00:38 - JobOrganizer - INFO: Updating jobInformation list
2009-04-11 00:40 - JobOrganizer - INFO: Updating jobInformation list
2009-04-11 00:42 - JobOrganizer - INFO: Updating jobInformation list
2009-04-11 00:44 - JobOrganizer - INFO: Updating jobInformation list
2009-04-11 00:46 - JobOrganizer - INFO: Updating jobInformation list
2009-04-11 00:48 - JobOrganizer - INFO: Updating jobInformation list
2009-04-11 00:50 - JobOrganizer - INFO: Updating jobInformation list
2009-04-11 00:52 - JobOrganizer - INFO: Updating jobInformation list
2009-04-11 00:54 - JobOrganizer - INFO: Updating jobInformation list
2009-04-11 00:56 - JobOrganizer - INFO: Updating jobInformation list
2009-04-11 00:58 - JobOrganizer - INFO: Updating jobInformation list
2009-04-11 01:00 - JobOrganizer - INFO: Updating jobInformation list
2009-04-11 01:02 - JobOrganizer - INFO: Updating jobInformation list
2009-04-11 01:04 - JobOrganizer - INFO: Updating jobInformation list
2009-04-11 01:06 - JobOrganizer - INFO: Updating jobInformation list
2009-04-11 01:08 - JobOrganizer - INFO: Updating jobInformation list
2009-04-11 01:10 - JobOrganizer - INFO: Updating jobInformation list
2009-04-11 01:12 - JobOrganizer - INFO: Updating jobInformation list
2009-04-11 01:15 - JobOrganizer - INFO: Updating jobInformation list
2009-04-11 01:17 - JobOrganizer - INFO: Updating jobInformation list
2009-04-11 01:19 - JobOrganizer - INFO: Updating jobInformation list
2009-04-11 01:21 - JobOrganizer - INFO: Updating jobInformation list
2009-04-11 01:23 - JobOrganizer - INFO: Updating jobInformation list
2009-04-11 01:25 - JobOrganizer - INFO: Updating jobInformation list
2009-04-11 01:27 - JobOrganizer - INFO: Updating jobInformation list
2009-04-11 01:29 - JobOrganizer - INFO: Updating jobInformation list
2009-04-11 01:31 - JobOrganizer - INFO: Updating jobInformation list
2009-04-11 01:33 - JobOrganizer - INFO: Updating jobInformation list
2009-04-11 01:35 - JobOrganizer - INFO: Updating jobInformation list
2009-04-11 01:37 - JobOrganizer - INFO: Updating jobInformation list
2009-04-11 01:39 - JobOrganizer - INFO: Updating jobInformation list
2009-04-11 01:41 - JobOrganizer - INFO: Updating jobInformation list
2009-04-11 01:43 - JobOrganizer - INFO: Updating jobInformation list
2009-04-11 01:45 - JobOrganizer - INFO: Updating jobInformation list
2009-04-11 01:47 - JobOrganizer - INFO: Updating jobInformation list
2009-04-11 01:49 - JobOrganizer - INFO: Updating jobInformation list
2009-04-11 01:51 - JobOrganizer - INFO: Updating jobInformation list
2009-04-11 01:53 - JobOrganizer - INFO: Updating jobInformation list
2009-04-11 01:55 - JobOrganizer - INFO: Updating jobInformation list
2009-04-11 01:57 - JobOrganizer - INFO: Updating jobInformation list
2009-04-11 01:59 - JobOrganizer - INFO: Updating jobInformation list
2009-04-11 02:01 - JobOrganizer - INFO: Updating jobInformation list
2009-04-11 02:03 - JobOrganizer - INFO: Updating jobInformation list
2009-04-11 02:05 - JobOrganizer - INFO: Updating jobInformation list
2009-04-11 02:07 - JobOrganizer - INFO: Updating jobInformation list
2009-04-11 02:09 - JobOrganizer - INFO: Updating jobInformation list
2009-04-11 02:11 - JobOrganizer - INFO: Updating jobInformation list
2009-04-11 02:13 - JobOrganizer - INFO: Updating jobInformation list
2009-04-11 02:15 - JobOrganizer - INFO: Updating jobInformation list
2009-04-11 02:17 - JobOrganizer - INFO: Updating jobInformation list
2009-04-11 02:19 - JobOrganizer - INFO: Updating jobInformation list
2009-04-11 02:21 - JobOrganizer - INFO: Updating jobInformation list
2009-04-11 02:23 - JobOrganizer - INFO: Updating jobInformation list
2009-04-11 02:25 - JobOrganizer - INFO: Updating jobInformation list
2009-04-11 02:27 - JobOrganizer - INFO: Updating jobInformation list
2009-04-11 02:29 - JobOrganizer - INFO: Updating jobInformation list
2009-04-11 02:31 - JobOrganizer - INFO: Updating jobInformation list
2009-04-11 02:33 - JobOrganizer - INFO: Updating jobInformation list
2009-04-11 02:35 - JobOrganizer - INFO: Updating jobInformation list
2009-04-11 02:37 - JobOrganizer - INFO: Updating jobInformation list
2009-04-11 02:39 - JobOrganizer - INFO: Updating jobInformation list
2009-04-11 02:41 - JobOrganizer - INFO: Updating jobInformation list
2009-04-11 02:43 - JobOrganizer - INFO: Updating jobInformation list
2009-04-11 02:45 - JobOrganizer - INFO: Updating jobInformation list
2009-04-11 02:47 - JobOrganizer - INFO: Updating jobInformation list
2009-04-11 02:49 - JobOrganizer - INFO: Updating jobInformation list
2009-04-11 02:51 - JobOrganizer - INFO: Updating jobInformation list
2009-04-11 02:53 - JobOrganizer - INFO: Updating jobInformation list
2009-04-11 02:55 - JobOrganizer - INFO: Updating jobInformation list
2009-04-11 02:57 - JobOrganizer - INFO: Updating jobInformation list
2009-04-11 02:59 - JobOrganizer - INFO: Updating jobInformation list
2009-04-11 03:01 - JobOrganizer - INFO: Updating jobInformation list
2009-04-11 03:03 - JobOrganizer - INFO: Updating jobInformation list
2009-04-11 03:05 - JobOrganizer - INFO: Updating jobInformation list
2009-04-11 03:07 - JobOrganizer - INFO: Updating jobInformation list
2009-04-11 03:09 - JobOrganizer - INFO: Updating jobInformation list
2009-04-11 03:11 - JobOrganizer - INFO: Updating jobInformation list
2009-04-11 03:13 - JobOrganizer - INFO: Updating jobInformation list
2009-04-11 03:15 - JobOrganizer - INFO: Updating jobInformation list
2009-04-11 03:17 - JobOrganizer - INFO: Updating jobInformation list
2009-04-11 03:19 - JobOrganizer - INFO: Updating jobInformation list
2009-04-11 03:21 - JobOrganizer - INFO: Updating jobInformation list
2009-04-11 03:23 - JobOrganizer - INFO: Updating jobInformation list
2009-04-11 03:25 - JobOrganizer - INFO: Updating jobInformation list
2009-04-11 03:27 - JobOrganizer - INFO: Updating jobInformation list
2009-04-11 03:29 - JobOrganizer - INFO: Updating jobInformation list
2009-04-11 03:31 - JobOrganizer - INFO: Updating jobInformation list
2009-04-11 03:33 - JobOrganizer - INFO: Updating jobInformation list
2009-04-11 03:35 - JobOrganizer - INFO: Updating jobInformation list
2009-04-11 03:37 - JobOrganizer - INFO: Updating jobInformation list
2009-04-11 03:39 - JobOrganizer - INFO: Updating jobInformation list
2009-04-11 03:41 - JobOrganizer - INFO: Updating jobInformation list
2009-04-11 03:43 - JobOrganizer - INFO: Updating jobInformation list
2009-04-11 03:45 - JobOrganizer - INFO: Updating jobInformation list
2009-04-11 03:47 - JobOrganizer - INFO: Updating jobInformation list
2009-04-11 03:49 - JobOrganizer - INFO: Updating jobInformation list
2009-04-11 03:51 - JobOrganizer - INFO: Updating jobInformation list
2009-04-11 03:53 - JobOrganizer - INFO: Updating jobInformation list
2009-04-11 03:55 - JobOrganizer - INFO: Updating jobInformation list
2009-04-11 03:57 - JobOrganizer - INFO: Updating jobInformation list
2009-04-11 03:59 - JobOrganizer - INFO: Updating jobInformation list
2009-04-11 04:01 - JobOrganizer - INFO: Updating jobInformation list
2009-04-11 04:03 - JobOrganizer - INFO: Updating jobInformation list
2009-04-11 04:05 - JobOrganizer - INFO: Updating jobInformation list
2009-04-11 04:07 - JobOrganizer - INFO: Updating jobInformation list
2009-04-11 04:09 - JobOrganizer - INFO: Updating jobInformation list
2009-04-11 04:11 - JobOrganizer - INFO: Updating jobInformation list
2009-04-11 04:13 - JobOrganizer - INFO: Updating jobInformation list
2009-04-11 04:15 - JobOrganizer - INFO: Updating jobInformation list
2009-04-11 04:17 - JobOrganizer - INFO: Updating jobInformation list
2009-04-11 04:19 - JobOrganizer - INFO: Updating jobInformation list
2009-04-11 04:21 - JobOrganizer - INFO: Updating jobInformation list
2009-04-11 04:23 - JobOrganizer - INFO: Updating jobInformation list
2009-04-11 04:25 - JobOrganizer - INFO: Updating jobInformation list
2009-04-11 04:28 - JobOrganizer - INFO: Updating jobInformation list
2009-04-11 04:30 - JobOrganizer - INFO: Updating jobInformation list
2009-04-11 04:32 - JobOrganizer - INFO: Updating jobInformation list
2009-04-11 04:34 - JobOrganizer - INFO: Updating jobInformation list
2009-04-11 04:36 - JobOrganizer - INFO: Updating jobInformation list
2009-04-11 04:38 - JobOrganizer - INFO: Updating jobInformation list
2009-04-11 04:40 - JobOrganizer - INFO: Updating jobInformation list
2009-04-11 04:42 - JobOrganizer - INFO: Updating jobInformation list
2009-04-11 04:44 - JobOrganizer - INFO: Updating jobInformation list
2009-04-11 04:46 - JobOrganizer - INFO: Updating jobInformation list
2009-04-11 04:48 - JobOrganizer - INFO: Updating jobInformation list
2009-04-11 04:50 - JobOrganizer - INFO: Updating jobInformation list
2009-04-11 04:52 - JobOrganizer - INFO: Updating jobInformation list
2009-04-11 04:54 - JobOrganizer - INFO: Updating jobInformation list
2009-04-11 04:56 - JobOrganizer - INFO: Updating jobInformation list
2009-04-11 04:58 - JobOrganizer - INFO: Updating jobInformation list
2009-04-11 05:00 - JobOrganizer - INFO: Updating jobInformation list
2009-04-11 05:02 - JobOrganizer - INFO: Updating jobInformation list
2009-04-11 05:04 - JobOrganizer - INFO: Updating jobInformation list
2009-04-11 05:06 - JobOrganizer - INFO: Updating jobInformation list
2009-04-11 05:08 - JobOrganizer - INFO: Updating jobInformation list
2009-04-11 05:10 - JobOrganizer - INFO: Updating jobInformation list
2009-04-11 05:12 - JobOrganizer - INFO: Updating jobInformation list
2009-04-11 05:14 - JobOrganizer - INFO: Updating jobInformation list
2009-04-11 05:16 - JobOrganizer - INFO: Updating jobInformation list
2009-04-11 05:18 - JobOrganizer - INFO: Updating jobInformation list
2009-04-11 05:20 - JobOrganizer - INFO: Updating jobInformation list
2009-04-11 05:22 - JobOrganizer - INFO: Updating jobInformation list
2009-04-11 05:24 - JobOrganizer - INFO: Updating jobInformation list
2009-04-11 05:26 - JobOrganizer - INFO: Updating jobInformation list
2009-04-11 05:28 - JobOrganizer - INFO: Updating jobInformation list
2009-04-11 05:30 - JobOrganizer - INFO: Updating jobInformation list
2009-04-11 05:32 - JobOrganizer - INFO: Updating jobInformation list
2009-04-11 05:34 - JobOrganizer - INFO: Updating jobInformation list
2009-04-11 05:36 - JobOrganizer - INFO: Updating jobInformation list
2009-04-11 05:38 - JobOrganizer - INFO: Updating jobInformation list
2009-04-11 05:40 - JobOrganizer - INFO: Updating jobInformation list
2009-04-11 05:42 - JobOrganizer - INFO: Updating jobInformation list
2009-04-11 05:44 - JobOrganizer - INFO: Updating jobInformation list
2009-04-11 05:46 - JobOrganizer - INFO: Updating jobInformation list
2009-04-11 05:48 - JobOrganizer - INFO: Updating jobInformation list
2009-04-11 05:50 - JobOrganizer - INFO: Updating jobInformation list
2009-04-11 05:52 - JobOrganizer - INFO: Updating jobInformation list
2009-04-11 05:54 - JobOrganizer - INFO: Updating jobInformation list
2009-04-11 05:56 - JobOrganizer - INFO: Updating jobInformation list
2009-04-11 05:58 - JobOrganizer - INFO: Updating jobInformation list
2009-04-11 06:00 - JobOrganizer - INFO: Updating jobInformation list
2009-04-11 06:02 - JobOrganizer - INFO: Updating jobInformation list
2009-04-11 06:04 - JobOrganizer - INFO: Updating jobInformation list
2009-04-11 06:06 - JobOrganizer - INFO: Updating jobInformation list
2009-04-11 06:08 - JobOrganizer - INFO: Updating jobInformation list
2009-04-11 06:10 - JobOrganizer - INFO: Updating jobInformation list
2009-04-11 06:12 - JobOrganizer - INFO: Updating jobInformation list
2009-04-11 06:14 - JobOrganizer - INFO: Updating jobInformation list
2009-04-11 06:16 - JobOrganizer - INFO: Updating jobInformation list
2009-04-11 06:18 - JobOrganizer - INFO: Updating jobInformation list
2009-04-11 06:20 - JobOrganizer - INFO: Updating jobInformation list
2009-04-11 06:22 - JobOrganizer - INFO: Updating jobInformation list
2009-04-11 06:24 - JobOrganizer - INFO: Updating jobInformation list
2009-04-11 06:26 - JobOrganizer - INFO: Updating jobInformation list
2009-04-11 06:28 - JobOrganizer - INFO: Updating jobInformation list
2009-04-11 06:30 - JobOrganizer - INFO: Updating jobInformation list
2009-04-11 06:32 - JobOrganizer - INFO: Updating jobInformation list
2009-04-11 06:34 - JobOrganizer - INFO: Updating jobInformation list
2009-04-11 06:36 - JobOrganizer - INFO: Updating jobInformation list
2009-04-11 06:38 - JobOrganizer - INFO: Updating jobInformation list
2009-04-11 06:40 - JobOrganizer - INFO: Updating jobInformation list
2009-04-11 06:42 - JobOrganizer - INFO: Updating jobInformation list
2009-04-11 06:44 - JobOrganizer - INFO: Updating jobInformation list
2009-04-11 06:46 - JobOrganizer - INFO: Updating jobInformation list
2009-04-11 06:48 - JobOrganizer - INFO: Updating jobInformation list
2009-04-11 06:50 - JobOrganizer - INFO: Updating jobInformation list
2009-04-11 06:52 - JobOrganizer - INFO: Updating jobInformation list
2009-04-11 06:54 - JobOrganizer - INFO: Updating jobInformation list
2009-04-11 06:56 - JobOrganizer - INFO: Updating jobInformation list
2009-04-11 06:58 - JobOrganizer - INFO: Updating jobInformation list
2009-04-11 07:00 - JobOrganizer - INFO: Updating jobInformation list
2009-04-11 07:02 - JobOrganizer - INFO: Updating jobInformation list
2009-04-11 07:04 - JobOrganizer - INFO: Updating jobInformation list
2009-04-11 07:06 - JobOrganizer - INFO: Updating jobInformation list
2009-04-11 07:08 - JobOrganizer - INFO: Updating jobInformation list
2009-04-11 07:10 - JobOrganizer - INFO: Updating jobInformation list
2009-04-11 07:12 - JobOrganizer - INFO: Updating jobInformation list
2009-04-11 07:14 - JobOrganizer - INFO: Updating jobInformation list
2009-04-11 07:16 - JobOrganizer - INFO: Updating jobInformation list
2009-04-11 07:18 - JobOrganizer - INFO: Updating jobInformation list
2009-04-11 07:20 - JobOrganizer - INFO: Updating jobInformation list
2009-04-11 07:22 - JobOrganizer - INFO: Updating jobInformation list
2009-04-11 07:24 - JobOrganizer - INFO: Updating jobInformation list
2009-04-11 07:26 - JobOrganizer - INFO: Updating jobInformation list
2009-04-11 07:28 - JobOrganizer - INFO: Updating jobInformation list
2009-04-11 07:30 - JobOrganizer - INFO: Updating jobInformation list
2009-04-11 07:32 - JobOrganizer - INFO: Updating jobInformation list
2009-04-11 07:34 - JobOrganizer - INFO: Updating jobInformation list
2009-04-11 07:36 - JobOrganizer - INFO: Updating jobInformation list
2009-04-11 07:38 - JobOrganizer - INFO: Updating jobInformation list
2009-04-11 07:40 - JobOrganizer - INFO: Updating jobInformation list
2009-04-11 07:42 - JobOrganizer - INFO: Updating jobInformation list
2009-04-11 07:44 - JobOrganizer - INFO: Updating jobInformation list
2009-04-11 07:46 - JobOrganizer - INFO: Updating jobInformation list
2009-04-11 07:48 - JobOrganizer - INFO: Updating jobInformation list
2009-04-11 07:50 - JobOrganizer - INFO: Updating jobInformation list
2009-04-11 07:52 - JobOrganizer - INFO: Updating jobInformation list
2009-04-11 07:54 - JobOrganizer - INFO: Updating jobInformation list
2009-04-11 07:56 - JobOrganizer - INFO: Updating jobInformation list
2009-04-11 07:58 - JobOrganizer - INFO: Updating jobInformation list
2009-04-11 08:00 - JobOrganizer - INFO: Updating jobInformation list
2009-04-11 08:02 - JobOrganizer - INFO: Updating jobInformation list
2009-04-11 08:04 - JobOrganizer - INFO: Updating jobInformation list
2009-04-11 08:06 - JobOrganizer - INFO: Updating jobInformation list
2009-04-11 08:08 - JobOrganizer - INFO: Updating jobInformation list
2009-04-11 08:10 - JobOrganizer - INFO: Updating jobInformation list
2009-04-11 08:12 - JobOrganizer - INFO: Updating jobInformation list
2009-04-11 08:14 - JobOrganizer - INFO: Updating jobInformation list
2009-04-11 08:16 - JobOrganizer - INFO: Updating jobInformation list
2009-04-11 08:18 - JobOrganizer - INFO: Updating jobInformation list
2009-04-11 08:20 - JobOrganizer - INFO: Updating jobInformation list
2009-04-11 08:22 - JobOrganizer - INFO: Updating jobInformation list
2009-04-11 08:24 - JobOrganizer - INFO: Updating jobInformation list
2009-04-11 08:26 - JobOrganizer - INFO: Updating jobInformation list
2009-04-11 08:28 - JobOrganizer - INFO: Updating jobInformation list
2009-04-11 08:30 - JobOrganizer - INFO: Updating jobInformation list
2009-04-11 08:32 - JobOrganizer - INFO: Updating jobInformation list
2009-04-11 08:34 - JobOrganizer - INFO: Updating jobInformation list
2009-04-11 08:36 - JobOrganizer - INFO: Updating jobInformation list
2009-04-11 08:38 - JobOrganizer - INFO: Updating jobInformation list
2009-04-11 08:40 - JobOrganizer - INFO: Updating jobInformation list
2009-04-11 08:42 - JobOrganizer - INFO: Updating jobInformation list
2009-04-11 08:44 - JobOrganizer - INFO: Updating jobInformation list
2009-04-11 08:46 - JobOrganizer - INFO: Updating jobInformation list
2009-04-11 08:48 - JobOrganizer - INFO: Updating jobInformation list
2009-04-11 08:50 - JobOrganizer - INFO: Updating jobInformation list
2009-04-11 08:52 - JobOrganizer - INFO: Updating jobInformation list
2009-04-11 08:54 - JobOrganizer - INFO: Updating jobInformation list
2009-04-11 08:57 - JobOrganizer - INFO: Updating jobInformation list
2009-04-11 08:59 - JobOrganizer - INFO: Updating jobInformation list
2009-04-11 09:01 - JobOrganizer - INFO: Updating jobInformation list
2009-04-11 09:03 - JobOrganizer - INFO: Updating jobInformation list
2009-04-11 09:05 - JobOrganizer - INFO: Updating jobInformation list
2009-04-11 09:07 - JobOrganizer - INFO: Updating jobInformation list
2009-04-11 09:09 - JobOrganizer - INFO: Updating jobInformation list
2009-04-11 09:11 - JobOrganizer - INFO: Updating jobInformation list
2009-04-11 09:13 - JobOrganizer - INFO: Updating jobInformation list
2009-04-11 09:15 - JobOrganizer - INFO: Updating jobInformation list
2009-04-11 09:17 - JobOrganizer - INFO: Updating jobInformation list
2009-04-11 09:19 - JobOrganizer - INFO: Updating jobInformation list
2009-04-11 09:21 - JobOrganizer - INFO: Updating jobInformation list
2009-04-11 09:23 - JobOrganizer - INFO: Updating jobInformation list
2009-04-11 09:25 - JobOrganizer - INFO: Updating jobInformation list
2009-04-11 09:27 - JobOrganizer - INFO: Updating jobInformation list
2009-04-11 09:29 - JobOrganizer - INFO: Updating jobInformation list
2009-04-11 09:31 - JobOrganizer - INFO: Updating jobInformation list
2009-04-11 09:33 - JobOrganizer - INFO: Updating jobInformation list
2009-04-11 09:35 - JobOrganizer - INFO: Updating jobInformation list
2009-04-11 09:37 - JobOrganizer - INFO: Updating jobInformation list
2009-04-11 09:39 - JobOrganizer - INFO: Updating jobInformation list
2009-04-11 09:41 - JobOrganizer - INFO: Updating jobInformation list
2009-04-11 09:43 - JobOrganizer - INFO: Updating jobInformation list
2009-04-11 09:45 - JobOrganizer - INFO: Updating jobInformation list
2009-04-11 09:47 - JobOrganizer - INFO: Updating jobInformation list
2009-04-11 09:49 - JobOrganizer - INFO: Updating jobInformation list
2009-04-11 09:51 - JobOrganizer - INFO: Updating jobInformation list
2009-04-11 09:53 - JobOrganizer - INFO: Updating jobInformation list
2009-04-11 09:55 - JobOrganizer - INFO: Updating jobInformation list
2009-04-11 09:57 - JobOrganizer - INFO: Updating jobInformation list
2009-04-11 09:59 - JobOrganizer - INFO: Updating jobInformation list
2009-04-11 10:01 - JobOrganizer - INFO: Updating jobInformation list
2009-04-11 10:03 - JobOrganizer - INFO: Updating jobInformation list
2009-04-11 10:05 - JobOrganizer - INFO: Updating jobInformation list
2009-04-11 10:07 - JobOrganizer - INFO: Updating jobInformation list
2009-04-11 10:09 - JobOrganizer - INFO: Updating jobInformation list
2009-04-11 10:11 - JobOrganizer - INFO: Updating jobInformation list
2009-04-11 10:13 - JobOrganizer - INFO: Updating jobInformation list
2009-04-11 10:15 - JobOrganizer - INFO: Updating jobInformation list
2009-04-11 10:17 - JobOrganizer - INFO: Updating jobInformation list
2009-04-11 10:19 - JobOrganizer - INFO: Updating jobInformation list
2009-04-11 10:21 - JobOrganizer - INFO: Updating jobInformation list
2009-04-11 10:23 - JobOrganizer - INFO: Updating jobInformation list
2009-04-11 10:25 - JobOrganizer - INFO: Updating jobInformation list
2009-04-11 10:27 - JobOrganizer - INFO: Updating jobInformation list
2009-04-11 10:29 - JobOrganizer - INFO: Updating jobInformation list
2009-04-11 10:31 - JobOrganizer - INFO: Updating jobInformation list
2009-04-11 10:33 - JobOrganizer - INFO: Updating jobInformation list
2009-04-11 10:35 - JobOrganizer - INFO: Updating jobInformation list
2009-04-11 10:37 - JobOrganizer - INFO: Updating jobInformation list
2009-04-11 10:39 - JobOrganizer - INFO: Updating jobInformation list
2009-04-11 10:41 - JobOrganizer - INFO: Updating jobInformation list
2009-04-11 10:43 - JobOrganizer - INFO: Updating jobInformation list
2009-04-11 10:45 - JobOrganizer - INFO: Updating jobInformation list
2009-04-11 10:47 - JobOrganizer - INFO: Updating jobInformation list
2009-04-11 10:49 - JobOrganizer - INFO: Updating jobInformation list
2009-04-11 10:51 - JobOrganizer - INFO: Updating jobInformation list
2009-04-11 10:53 - JobOrganizer - INFO: Updating jobInformation list
2009-04-11 10:55 - JobOrganizer - INFO: Updating jobInformation list
2009-04-11 10:57 - JobOrganizer - INFO: Updating jobInformation list
2009-04-11 10:59 - JobOrganizer - INFO: Updating jobInformation list
2009-04-11 11:01 - JobOrganizer - INFO: Updating jobInformation list
2009-04-11 11:03 - JobOrganizer - INFO: Updating jobInformation list
2009-04-11 11:05 - JobOrganizer - INFO: Updating jobInformation list
2009-04-11 11:07 - JobOrganizer - INFO: Updating jobInformation list
2009-04-11 11:09 - JobOrganizer - INFO: Updating jobInformation list
2009-04-11 11:11 - JobOrganizer - INFO: Updating jobInformation list
2009-04-11 11:13 - JobOrganizer - INFO: Updating jobInformation list
2009-04-11 11:15 - JobOrganizer - INFO: Updating jobInformation list
2009-04-11 11:18 - JobOrganizer - INFO: Updating jobInformation list
2009-04-11 11:20 - JobOrganizer - INFO: Updating jobInformation list
2009-04-11 11:22 - JobOrganizer - INFO: Updating jobInformation list
2009-04-11 11:24 - JobOrganizer - INFO: Updating jobInformation list
2009-04-11 11:26 - JobOrganizer - INFO: Updating jobInformation list
2009-04-11 11:28 - JobOrganizer - INFO: Updating jobInformation list
2009-04-11 11:30 - JobOrganizer - INFO: Updating jobInformation list
2009-04-11 11:32 - JobOrganizer - INFO: Updating jobInformation list
2009-04-11 11:34 - JobOrganizer - INFO: Updating jobInformation list
2009-04-11 11:36 - JobOrganizer - INFO: Updating jobInformation list
2009-04-11 11:38 - JobOrganizer - INFO: Updating jobInformation list
2009-04-11 11:40 - JobOrganizer - INFO: Updating jobInformation list
2009-04-11 11:42 - JobOrganizer - INFO: Updating jobInformation list
2009-04-11 11:44 - JobOrganizer - INFO: Updating jobInformation list
2009-04-11 11:46 - JobOrganizer - INFO: Updating jobInformation list
2009-04-11 11:48 - JobOrganizer - INFO: Updating jobInformation list
2009-04-11 11:50 - JobOrganizer - INFO: Updating jobInformation list
2009-04-11 11:52 - JobOrganizer - INFO: Updating jobInformation list
2009-04-11 11:54 - JobOrganizer - INFO: Updating jobInformation list
2009-04-11 11:56 - JobOrganizer - INFO: Updating jobInformation list
2009-04-11 11:58 - JobOrganizer - INFO: Updating jobInformation list
2009-04-11 12:00 - JobOrganizer - INFO: Updating jobInformation list
2009-04-11 12:02 - JobOrganizer - INFO: Updating jobInformation list
2009-04-11 12:04 - JobOrganizer - INFO: Updating jobInformation list
2009-04-11 12:06 - JobOrganizer - INFO: Updating jobInformation list
2009-04-11 12:08 - JobOrganizer - INFO: Updating jobInformation list
2009-04-11 12:10 - JobOrganizer - INFO: Updating jobInformation list
2009-04-11 12:12 - JobOrganizer - INFO: Updating jobInformation list
2009-04-11 12:14 - JobOrganizer - INFO: Updating jobInformation list
2009-04-11 12:16 - JobOrganizer - INFO: Updating jobInformation list
2009-04-11 12:18 - JobOrganizer - INFO: Updating jobInformation list
2009-04-11 12:20 - JobOrganizer - INFO: Updating jobInformation list
2009-04-11 12:22 - JobOrganizer - INFO: Updating jobInformation list
2009-04-11 12:24 - JobOrganizer - INFO: Updating jobInformation list
2009-04-11 12:26 - JobOrganizer - INFO: Updating jobInformation list
2009-04-11 12:28 - JobOrganizer - INFO: Updating jobInformation list
2009-04-11 12:30 - JobOrganizer - INFO: Updating jobInformation list
2009-04-11 12:32 - JobOrganizer - INFO: Updating jobInformation list
2009-04-11 12:34 - JobOrganizer - INFO: Updating jobInformation list
2009-04-11 12:36 - JobOrganizer - INFO: Updating jobInformation list
2009-04-11 12:38 - JobOrganizer - INFO: Updating jobInformation list
2009-04-11 12:40 - JobOrganizer - INFO: Updating jobInformation list
2009-04-11 12:43 - JobOrganizer - INFO: Updating jobInformation list
2009-04-11 12:45 - JobOrganizer - INFO: Updating jobInformation list
2009-04-11 12:47 - JobOrganizer - INFO: Updating jobInformation list
2009-04-11 12:49 - JobOrganizer - INFO: Updating jobInformation list
2009-04-11 12:51 - JobOrganizer - INFO: Updating jobInformation list
2009-04-11 12:53 - JobOrganizer - INFO: Updating jobInformation list
2009-04-11 12:55 - JobOrganizer - INFO: Updating jobInformation list
2009-04-11 12:57 - JobOrganizer - INFO: Updating jobInformation list
2009-04-11 12:59 - JobOrganizer - INFO: Updating jobInformation list
2009-04-11 13:01 - JobOrganizer - INFO: Updating jobInformation list
2009-04-11 13:03 - JobOrganizer - INFO: Updating jobInformation list
2009-04-11 13:05 - JobOrganizer - INFO: Updating jobInformation list
2009-04-11 13:07 - JobOrganizer - INFO: Updating jobInformation list
2009-04-11 13:09 - JobOrganizer - INFO: Updating jobInformation list
2009-04-11 13:11 - JobOrganizer - INFO: Updating jobInformation list
2009-04-11 13:13 - JobOrganizer - INFO: Updating jobInformation list
2009-04-11 13:15 - JobOrganizer - INFO: Updating jobInformation list
2009-04-11 13:17 - JobOrganizer - INFO: Updating jobInformation list
2009-04-11 13:19 - JobOrganizer - INFO: Updating jobInformation list
2009-04-11 13:21 - JobOrganizer - INFO: Updating jobInformation list
2009-04-11 13:23 - JobOrganizer - INFO: Updating jobInformation list
2009-04-11 13:25 - JobOrganizer - INFO: Updating jobInformation list
2009-04-11 13:27 - JobOrganizer - INFO: Updating jobInformation list
2009-04-11 13:29 - JobOrganizer - INFO: Updating jobInformation list
2009-04-11 13:31 - JobOrganizer - INFO: Updating jobInformation list
2009-04-11 13:33 - JobOrganizer - INFO: Updating jobInformation list
2009-04-11 13:35 - JobOrganizer - INFO: Updating jobInformation list
2009-04-11 13:37 - JobOrganizer - INFO: Updating jobInformation list
2009-04-11 13:39 - JobOrganizer - INFO: Updating jobInformation list
2009-04-11 13:41 - JobOrganizer - INFO: Updating jobInformation list
2009-04-11 13:43 - JobOrganizer - INFO: Updating jobInformation list
2009-04-11 13:45 - JobOrganizer - INFO: Updating jobInformation list
2009-04-11 13:47 - JobOrganizer - INFO: Updating jobInformation list
2009-04-11 13:49 - JobOrganizer - INFO: Updating jobInformation list
2009-04-11 13:51 - JobOrganizer - INFO: Updating jobInformation list
2009-04-11 13:53 - JobOrganizer - INFO: Updating jobInformation list
2009-04-11 13:55 - JobOrganizer - INFO: Updating jobInformation list
2009-04-11 13:57 - JobOrganizer - INFO: Updating jobInformation list
2009-04-11 14:00 - JobOrganizer - INFO: Updating jobInformation list
2009-04-11 14:02 - JobOrganizer - INFO: Updating jobInformation list
2009-04-11 14:04 - JobOrganizer - INFO: Updating jobInformation list
2009-04-11 14:06 - JobOrganizer - INFO: Updating jobInformation list
2009-04-11 14:08 - JobOrganizer - INFO: Updating jobInformation list
2009-04-11 14:10 - JobOrganizer - INFO: Updating jobInformation list
2009-04-11 14:12 - JobOrganizer - INFO: Updating jobInformation list
2009-04-11 14:14 - JobOrganizer - INFO: Updating jobInformation list
2009-04-11 14:16 - JobOrganizer - INFO: Updating jobInformation list
2009-04-11 14:18 - JobOrganizer - INFO: Updating jobInformation list
2009-04-11 14:20 - JobOrganizer - INFO: Updating jobInformation list
2009-04-11 14:22 - JobOrganizer - INFO: Updating jobInformation list
2009-04-11 14:24 - JobOrganizer - INFO: Updating jobInformation list
2009-04-11 14:26 - JobOrganizer - INFO: Updating jobInformation list
2009-04-11 14:28 - JobOrganizer - INFO: Updating jobInformation list
2009-04-11 14:30 - JobOrganizer - INFO: Updating jobInformation list
2009-04-11 14:32 - JobOrganizer - INFO: Updating jobInformation list
2009-04-11 14:34 - JobOrganizer - INFO: Updating jobInformation list
2009-04-11 14:36 - JobOrganizer - INFO: Updating jobInformation list
2009-04-11 14:38 - JobOrganizer - INFO: Updating jobInformation list
2009-04-11 14:40 - JobOrganizer - INFO: Updating jobInformation list
2009-04-11 14:42 - JobOrganizer - INFO: Updating jobInformation list
2009-04-11 14:44 - JobOrganizer - INFO: Updating jobInformation list
2009-04-11 14:46 - JobOrganizer - INFO: Updating jobInformation list
2009-04-11 14:48 - JobOrganizer - INFO: Updating jobInformation list
2009-04-11 14:50 - JobOrganizer - INFO: Updating jobInformation list
2009-04-11 14:52 - JobOrganizer - INFO: Updating jobInformation list
2009-04-11 14:54 - JobOrganizer - INFO: Updating jobInformation list
2009-04-11 14:56 - JobOrganizer - INFO: Updating jobInformation list
2009-04-11 14:58 - JobOrganizer - INFO: Updating jobInformation list
2009-04-11 15:00 - JobOrganizer - INFO: Updating jobInformation list
2009-04-11 15:02 - JobOrganizer - INFO: Updating jobInformation list
2009-04-11 15:04 - JobOrganizer - INFO: Updating jobInformation list
2009-04-11 15:06 - JobOrganizer - INFO: Updating jobInformation list
2009-04-11 15:08 - JobOrganizer - INFO: Updating jobInformation list
2009-04-11 15:10 - JobOrganizer - INFO: Updating jobInformation list
2009-04-11 15:12 - JobOrganizer - INFO: Updating jobInformation list
2009-04-11 15:14 - JobOrganizer - INFO: Updating jobInformation list
2009-04-11 15:17 - JobOrganizer - INFO: Updating jobInformation list
2009-04-11 15:19 - JobOrganizer - INFO: Updating jobInformation list
2009-04-11 15:21 - JobOrganizer - INFO: Updating jobInformation list
2009-04-11 15:23 - JobOrganizer - INFO: Updating jobInformation list
2009-04-11 15:25 - JobOrganizer - INFO: Updating jobInformation list
2009-04-11 15:27 - JobOrganizer - INFO: Updating jobInformation list
2009-04-11 15:29 - JobOrganizer - INFO: Updating jobInformation list
2009-04-11 15:31 - JobOrganizer - INFO: Updating jobInformation list
2009-04-11 15:33 - JobOrganizer - INFO: Updating jobInformation list
2009-04-11 15:35 - JobOrganizer - INFO: Updating jobInformation list
2009-04-11 15:37 - JobOrganizer - INFO: Updating jobInformation list
2009-04-11 15:39 - JobOrganizer - INFO: Updating jobInformation list
2009-04-11 15:41 - JobOrganizer - INFO: Updating jobInformation list
2009-04-11 15:43 - JobOrganizer - INFO: Updating jobInformation list
2009-04-11 15:45 - JobOrganizer - INFO: Updating jobInformation list
2009-04-11 15:47 - JobOrganizer - INFO: Updating jobInformation list
2009-04-11 15:49 - JobOrganizer - INFO: Updating jobInformation list
2009-04-11 15:51 - JobOrganizer - INFO: Updating jobInformation list
2009-04-11 15:53 - JobOrganizer - INFO: Updating jobInformation list
2009-04-11 15:55 - JobOrganizer - INFO: Updating jobInformation list
2009-04-11 15:57 - JobOrganizer - INFO: Updating jobInformation list
2009-04-11 15:59 - JobOrganizer - INFO: Updating jobInformation list
2009-04-11 16:01 - JobOrganizer - INFO: Updating jobInformation list
2009-04-11 16:03 - JobOrganizer - INFO: Updating jobInformation list
2009-04-11 16:05 - JobOrganizer - INFO: Updating jobInformation list
2009-04-11 16:07 - JobOrganizer - INFO: Updating jobInformation list
2009-04-11 16:09 - JobOrganizer - INFO: Updating jobInformation list
2009-04-11 16:11 - JobOrganizer - INFO: Updating jobInformation list
2009-04-11 16:13 - JobOrganizer - INFO: Updating jobInformation list
2009-04-11 16:15 - JobOrganizer - INFO: Updating jobInformation list
2009-04-11 16:17 - JobOrganizer - INFO: Updating jobInformation list
2009-04-11 16:19 - JobOrganizer - INFO: Updating jobInformation list
2009-04-11 16:21 - JobOrganizer - INFO: Updating jobInformation list
2009-04-11 16:23 - JobOrganizer - INFO: Updating jobInformation list
2009-04-11 16:25 - JobOrganizer - INFO: Updating jobInformation list
2009-04-11 16:27 - JobOrganizer - INFO: Updating jobInformation list
2009-04-11 16:29 - JobOrganizer - INFO: Updating jobInformation list
2009-04-11 16:31 - JobOrganizer - INFO: Updating jobInformation list
2009-04-11 16:33 - JobOrganizer - INFO: Updating jobInformation list
2009-04-11 16:35 - JobOrganizer - INFO: Updating jobInformation list
2009-04-11 16:37 - JobOrganizer - INFO: Updating jobInformation list
2009-04-11 16:39 - JobOrganizer - INFO: Updating jobInformation list
2009-04-11 16:41 - JobOrganizer - INFO: Updating jobInformation list
2009-04-11 16:43 - JobOrganizer - INFO: Updating jobInformation list
2009-04-11 16:45 - JobOrganizer - INFO: Updating jobInformation list
2009-04-11 16:47 - JobOrganizer - INFO: Updating jobInformation list
2009-04-11 16:49 - JobOrganizer - INFO: Updating jobInformation list
2009-04-11 16:51 - JobOrganizer - INFO: Updating jobInformation list
2009-04-11 16:53 - JobOrganizer - INFO: Updating jobInformation list
2009-04-11 16:55 - JobOrganizer - INFO: Updating jobInformation list
2009-04-11 16:57 - JobOrganizer - INFO: Updating jobInformation list
2009-04-11 16:59 - JobOrganizer - INFO: Updating jobInformation list
2009-04-11 17:01 - JobOrganizer - INFO: Updating jobInformation list
2009-04-11 17:03 - JobOrganizer - INFO: Updating jobInformation list
2009-04-11 17:05 - JobOrganizer - INFO: Updating jobInformation list
2009-04-11 17:07 - JobOrganizer - INFO: Updating jobInformation list
2009-04-11 17:09 - JobOrganizer - INFO: Updating jobInformation list
2009-04-11 17:12 - JobOrganizer - INFO: Updating jobInformation list
2009-04-11 17:14 - JobOrganizer - INFO: Updating jobInformation list
2009-04-11 17:16 - JobOrganizer - INFO: Updating jobInformation list
2009-04-11 17:18 - JobOrganizer - INFO: Updating jobInformation list
2009-04-11 17:20 - JobOrganizer - INFO: Updating jobInformation list
2009-04-11 17:22 - JobOrganizer - INFO: Updating jobInformation list
2009-04-11 17:24 - JobOrganizer - INFO: Updating jobInformation list
2009-04-11 17:26 - JobOrganizer - INFO: Updating jobInformation list
2009-04-11 17:28 - JobOrganizer - INFO: Updating jobInformation list
2009-04-11 17:30 - JobOrganizer - INFO: Updating jobInformation list
2009-04-11 17:32 - JobOrganizer - INFO: Updating jobInformation list
2009-04-11 17:34 - JobOrganizer - INFO: Updating jobInformation list
2009-04-11 17:36 - JobOrganizer - INFO: Updating jobInformation list
2009-04-11 17:38 - JobOrganizer - INFO: Updating jobInformation list
2009-04-11 17:40 - JobOrganizer - INFO: Updating jobInformation list
2009-04-11 17:42 - JobOrganizer - INFO: Updating jobInformation list
2009-04-11 17:44 - JobOrganizer - INFO: Updating jobInformation list
2009-04-11 17:46 - JobOrganizer - INFO: Updating jobInformation list
2009-04-11 17:48 - JobOrganizer - INFO: Updating jobInformation list
2009-04-11 17:50 - JobOrganizer - INFO: Updating jobInformation list
2009-04-11 17:52 - JobOrganizer - INFO: Updating jobInformation list
2009-04-11 17:54 - JobOrganizer - INFO: Updating jobInformation list
2009-04-11 17:56 - JobOrganizer - INFO: Updating jobInformation list
2009-04-11 17:58 - JobOrganizer - INFO: Updating jobInformation list
2009-04-11 18:00 - JobOrganizer - INFO: Updating jobInformation list
2009-04-11 18:02 - JobOrganizer - INFO: Updating jobInformation list
2009-04-11 18:04 - JobOrganizer - INFO: Updating jobInformation list
2009-04-11 18:06 - JobOrganizer - INFO: Updating jobInformation list
2009-04-11 18:08 - JobOrganizer - INFO: Updating jobInformation list
2009-04-11 18:10 - JobOrganizer - INFO: Updating jobInformation list
2009-04-11 18:12 - JobOrganizer - INFO: Updating jobInformation list
2009-04-11 18:14 - JobOrganizer - INFO: Updating jobInformation list
2009-04-11 18:16 - JobOrganizer - INFO: Updating jobInformation list
2009-04-11 18:18 - JobOrganizer - INFO: Updating jobInformation list
2009-04-11 18:20 - JobOrganizer - INFO: Updating jobInformation list
2009-04-11 18:22 - JobOrganizer - INFO: Updating jobInformation list
2009-04-11 18:24 - JobOrganizer - INFO: Updating jobInformation list
2009-04-11 18:27 - JobOrganizer - INFO: Updating jobInformation list
2009-04-11 18:29 - JobOrganizer - INFO: Updating jobInformation list
2009-04-11 18:31 - JobOrganizer - INFO: Updating jobInformation list
2009-04-11 18:33 - JobOrganizer - INFO: Updating jobInformation list
2009-04-11 18:35 - JobOrganizer - INFO: Updating jobInformation list
2009-04-11 18:37 - JobOrganizer - INFO: Updating jobInformation list
2009-04-11 18:39 - JobOrganizer - INFO: Updating jobInformation list
2009-04-11 18:41 - JobOrganizer - INFO: Updating jobInformation list
2009-04-11 18:43 - JobOrganizer - INFO: Updating jobInformation list
2009-04-11 18:45 - JobOrganizer - INFO: Updating jobInformation list
2009-04-11 18:47 - JobOrganizer - INFO: Updating jobInformation list
2009-04-11 18:49 - JobOrganizer - INFO: Updating jobInformation list
2009-04-11 18:51 - JobOrganizer - INFO: Updating jobInformation list
2009-04-11 18:53 - JobOrganizer - INFO: Updating jobInformation list
2009-04-11 18:55 - JobOrganizer - INFO: Updating jobInformation list
2009-04-11 18:57 - JobOrganizer - INFO: Updating jobInformation list
2009-04-11 18:59 - JobOrganizer - INFO: Updating jobInformation list
2009-04-11 19:01 - JobOrganizer - INFO: Updating jobInformation list
2009-04-11 19:03 - JobOrganizer - INFO: Updating jobInformation list
2009-04-11 19:05 - JobOrganizer - INFO: Updating jobInformation list
2009-04-11 19:07 - JobOrganizer - INFO: Updating jobInformation list
2009-04-11 19:09 - JobOrganizer - INFO: Updating jobInformation list
2009-04-11 19:11 - JobOrganizer - INFO: Updating jobInformation list
2009-04-11 19:13 - JobOrganizer - INFO: Updating jobInformation list
2009-04-11 19:15 - JobOrganizer - INFO: Updating jobInformation list
2009-04-11 19:17 - JobOrganizer - INFO: Updating jobInformation list
2009-04-11 19:19 - JobOrganizer - INFO: Updating jobInformation list
2009-04-11 19:21 - JobOrganizer - INFO: Updating jobInformation list
2009-04-11 19:23 - JobOrganizer - INFO: Updating jobInformation list
2009-04-11 19:25 - JobOrganizer - INFO: Updating jobInformation list
2009-04-11 19:27 - JobOrganizer - INFO: Updating jobInformation list
2009-04-11 19:29 - JobOrganizer - INFO: Updating jobInformation list
2009-04-11 19:31 - JobOrganizer - INFO: Updating jobInformation list
2009-04-11 19:33 - JobOrganizer - INFO: Updating jobInformation list
2009-04-11 19:35 - JobOrganizer - INFO: Updating jobInformation list
2009-04-11 19:37 - JobOrganizer - INFO: Updating jobInformation list
2009-04-11 19:39 - JobOrganizer - INFO: Updating jobInformation list
2009-04-11 19:41 - JobOrganizer - INFO: Updating jobInformation list
2009-04-11 19:43 - JobOrganizer - INFO: Updating jobInformation list
2009-04-11 19:45 - JobOrganizer - INFO: Updating jobInformation list
2009-04-11 19:47 - JobOrganizer - INFO: Updating jobInformation list
2009-04-11 19:50 - JobOrganizer - INFO: Updating jobInformation list
2009-04-11 19:52 - JobOrganizer - INFO: Updating jobInformation list
2009-04-11 19:54 - JobOrganizer - INFO: Updating jobInformation list
2009-04-11 19:56 - JobOrganizer - INFO: Updating jobInformation list
2009-04-11 19:58 - JobOrganizer - INFO: Updating jobInformation list
2009-04-11 20:00 - JobOrganizer - INFO: Updating jobInformation list
2009-04-11 20:02 - JobOrganizer - INFO: Updating jobInformation list
2009-04-11 20:04 - JobOrganizer - INFO: Updating jobInformation list
2009-04-11 20:06 - JobOrganizer - INFO: Updating jobInformation list
2009-04-11 20:08 - JobOrganizer - INFO: Updating jobInformation list
2009-04-11 20:10 - JobOrganizer - INFO: Updating jobInformation list
2009-04-11 20:12 - JobOrganizer - INFO: Updating jobInformation list
2009-04-11 20:14 - JobOrganizer - INFO: Updating jobInformation list
2009-04-11 20:16 - JobOrganizer - INFO: Updating jobInformation list
2009-04-11 20:18 - JobOrganizer - INFO: Updating jobInformation list
2009-04-11 20:20 - JobOrganizer - INFO: Updating jobInformation list
2009-04-11 20:22 - JobOrganizer - INFO: Updating jobInformation list
2009-04-11 20:24 - JobOrganizer - INFO: Updating jobInformation list
2009-04-11 20:26 - JobOrganizer - INFO: Updating jobInformation list
2009-04-11 20:28 - JobOrganizer - INFO: Updating jobInformation list
2009-04-11 20:30 - JobOrganizer - INFO: Updating jobInformation list
2009-04-11 20:32 - JobOrganizer - INFO: Updating jobInformation list
2009-04-11 20:34 - JobOrganizer - INFO: Updating jobInformation list
2009-04-11 20:36 - JobOrganizer - INFO: Updating jobInformation list
2009-04-11 20:38 - JobOrganizer - INFO: Updating jobInformation list
2009-04-11 20:40 - JobOrganizer - INFO: Updating jobInformation list
2009-04-11 20:42 - JobOrganizer - INFO: Updating jobInformation list
2009-04-11 20:44 - JobOrganizer - INFO: Updating jobInformation list
2009-04-11 20:46 - JobOrganizer - INFO: Updating jobInformation list
2009-04-11 20:48 - JobOrganizer - INFO: Updating jobInformation list
2009-04-11 20:50 - JobOrganizer - INFO: Updating jobInformation list
2009-04-11 20:52 - JobOrganizer - INFO: Updating jobInformation list
2009-04-11 20:54 - JobOrganizer - INFO: Updating jobInformation list
2009-04-11 20:56 - JobOrganizer - INFO: Updating jobInformation list
2009-04-11 20:58 - JobOrganizer - INFO: Updating jobInformation list
2009-04-11 21:00 - JobOrganizer - INFO: Updating jobInformation list
2009-04-11 21:02 - JobOrganizer - INFO: Updating jobInformation list
2009-04-11 21:04 - JobOrganizer - INFO: Updating jobInformation list
2009-04-11 21:06 - JobOrganizer - INFO: Updating jobInformation list
2009-04-11 21:08 - JobOrganizer - INFO: Updating jobInformation list
2009-04-11 21:10 - JobOrganizer - INFO: Updating jobInformation list
2009-04-11 21:13 - JobOrganizer - INFO: Updating jobInformation list
2009-04-11 21:15 - JobOrganizer - INFO: Updating jobInformation list
2009-04-11 21:17 - JobOrganizer - INFO: Updating jobInformation list
2009-04-11 21:19 - JobOrganizer - INFO: Updating jobInformation list
2009-04-11 21:21 - JobOrganizer - INFO: Updating jobInformation list
2009-04-11 21:23 - JobOrganizer - INFO: Updating jobInformation list
2009-04-11 21:25 - JobOrganizer - INFO: Updating jobInformation list
2009-04-11 21:27 - JobOrganizer - INFO: Updating jobInformation list
2009-04-11 21:29 - JobOrganizer - INFO: Updating jobInformation list
2009-04-11 21:31 - JobOrganizer - INFO: Updating jobInformation list
2009-04-11 21:33 - JobOrganizer - INFO: Updating jobInformation list
2009-04-11 21:35 - JobOrganizer - INFO: Updating jobInformation list
2009-04-11 21:37 - JobOrganizer - INFO: Updating jobInformation list
2009-04-11 21:39 - JobOrganizer - INFO: Updating jobInformation list
2009-04-11 21:41 - JobOrganizer - INFO: Updating jobInformation list
2009-04-11 21:43 - JobOrganizer - INFO: Updating jobInformation list
2009-04-11 21:45 - JobOrganizer - INFO: Updating jobInformation list
2009-04-11 21:47 - JobOrganizer - INFO: Updating jobInformation list
2009-04-11 21:49 - JobOrganizer - INFO: Updating jobInformation list
2009-04-11 21:51 - JobOrganizer - INFO: Updating jobInformation list
2009-04-11 21:53 - JobOrganizer - INFO: Updating jobInformation list
2009-04-11 21:55 - JobOrganizer - INFO: Updating jobInformation list
2009-04-11 21:57 - JobOrganizer - INFO: Updating jobInformation list
2009-04-11 21:59 - JobOrganizer - INFO: Updating jobInformation list
2009-04-11 22:01 - JobOrganizer - INFO: Updating jobInformation list
2009-04-11 22:03 - JobOrganizer - INFO: Updating jobInformation list
2009-04-11 22:05 - JobOrganizer - INFO: Updating jobInformation list
2009-04-11 22:07 - JobOrganizer - INFO: Updating jobInformation list
2009-04-11 22:09 - JobOrganizer - INFO: Updating jobInformation list
2009-04-11 22:11 - JobOrganizer - INFO: Updating jobInformation list
2009-04-11 22:13 - JobOrganizer - INFO: Updating jobInformation list
2009-04-11 22:15 - JobOrganizer - INFO: Updating jobInformation list
2009-04-11 22:17 - JobOrganizer - INFO: Updating jobInformation list
2009-04-11 22:19 - JobOrganizer - INFO: Updating jobInformation list
2009-04-11 22:21 - JobOrganizer - INFO: Updating jobInformation list
2009-04-11 22:23 - JobOrganizer - INFO: Updating jobInformation list
2009-04-11 22:25 - JobOrganizer - INFO: Updating jobInformation list
2009-04-11 22:27 - JobOrganizer - INFO: Updating jobInformation list
2009-04-11 22:29 - JobOrganizer - INFO: Updating jobInformation list
2009-04-11 22:31 - JobOrganizer - INFO: Updating jobInformation list
2009-04-11 22:33 - JobOrganizer - INFO: Updating jobInformation list
2009-04-11 22:35 - JobOrganizer - INFO: Updating jobInformation list
2009-04-11 22:37 - JobOrganizer - INFO: Updating jobInformation list
2009-04-11 22:39 - JobOrganizer - INFO: Updating jobInformation list
2009-04-11 22:41 - JobOrganizer - INFO: Updating jobInformation list
2009-04-11 22:43 - JobOrganizer - INFO: Updating jobInformation list
2009-04-11 22:45 - JobOrganizer - INFO: Updating jobInformation list
2009-04-11 22:47 - JobOrganizer - INFO: Updating jobInformation list
2009-04-11 22:49 - JobOrganizer - INFO: Updating jobInformation list
2009-04-11 22:51 - JobOrganizer - INFO: Updating jobInformation list
2009-04-11 22:53 - JobOrganizer - INFO: Updating jobInformation list
2009-04-11 22:55 - JobOrganizer - INFO: Updating jobInformation list
2009-04-11 22:57 - JobOrganizer - INFO: Updating jobInformation list
2009-04-11 22:59 - JobOrganizer - INFO: Updating jobInformation list
2009-04-11 23:01 - JobOrganizer - INFO: Updating jobInformation list
2009-04-11 23:03 - JobOrganizer - INFO: Updating jobInformation list
2009-04-11 23:05 - JobOrganizer - INFO: Updating jobInformation list
2009-04-11 23:07 - JobOrganizer - INFO: Updating jobInformation list
2009-04-11 23:09 - JobOrganizer - INFO: Updating jobInformation list
2009-04-11 23:11 - JobOrganizer - INFO: Updating jobInformation list
2009-04-11 23:13 - JobOrganizer - INFO: Updating jobInformation list
2009-04-11 23:15 - JobOrganizer - INFO: Updating jobInformation list
2009-04-11 23:17 - JobOrganizer - INFO: Updating jobInformation list
2009-04-11 23:19 - JobOrganizer - INFO: Updating jobInformation list
2009-04-11 23:21 - JobOrganizer - INFO: Updating jobInformation list
2009-04-11 23:23 - JobOrganizer - INFO: Updating jobInformation list
2009-04-11 23:25 - JobOrganizer - INFO: Updating jobInformation list
2009-04-11 23:27 - JobOrganizer - INFO: Updating jobInformation list
2009-04-11 23:29 - JobOrganizer - INFO: Updating jobInformation list
2009-04-11 23:31 - JobOrganizer - INFO: Updating jobInformation list
2009-04-11 23:33 - JobOrganizer - INFO: Updating jobInformation list
2009-04-11 23:35 - JobOrganizer - INFO: Updating jobInformation list
2009-04-11 23:37 - JobOrganizer - INFO: Updating jobInformation list
2009-04-11 23:39 - JobOrganizer - INFO: Updating jobInformation list
2009-04-11 23:41 - JobOrganizer - INFO: Updating jobInformation list
2009-04-11 23:43 - JobOrganizer - INFO: Updating jobInformation list
2009-04-11 23:45 - JobOrganizer - INFO: Updating jobInformation list
2009-04-11 23:47 - JobOrganizer - INFO: Updating jobInformation list
2009-04-11 23:49 - JobOrganizer - INFO: Updating jobInformation list
2009-04-11 23:51 - JobOrganizer - INFO: Updating jobInformation list
2009-04-11 23:53 - JobOrganizer - INFO: Updating jobInformation list
2009-04-11 23:55 - JobOrganizer - INFO: Updating jobInformation list
2009-04-11 23:57 - JobOrganizer - INFO: Updating jobInformation list
2009-04-11 23:59 - JobOrganizer - INFO: Updating jobInformation list
