2009-04-21 00:01 - JobOrganizer - INFO: ========================================
2009-04-21 00:01 - JobOrganizer - INFO: JobOrganizer in init
2009-04-21 00:01 - JobOrganizer - INFO: init file JobOrganizerConfig.py was found
2009-04-21 00:01 - JobOrganizer - INFO: retrieveing Db parameters from JobOrganizerConfig.py file
2009-04-21 00:01 - JobOrganizer - INFO: creating job configurations from JobOrganizerConfig.py file
2009-04-21 00:01 - JobOrganizer - INFO: JobOrganizer initialized
2009-04-21 00:01 - JobOrganizer - INFO: ========================================
2009-04-21 00:03 - JobOrganizer - INFO: Updating jobInformation list
2009-04-21 00:05 - JobOrganizer - INFO: Updating jobInformation list
2009-04-21 00:07 - JobOrganizer - INFO: Updating jobInformation list
2009-04-21 00:09 - JobOrganizer - INFO: Updating jobInformation list
2009-04-21 00:11 - JobOrganizer - INFO: Updating jobInformation list
2009-04-21 00:13 - JobOrganizer - INFO: Updating jobInformation list
2009-04-21 00:15 - JobOrganizer - INFO: Updating jobInformation list
2009-04-21 00:17 - JobOrganizer - INFO: Updating jobInformation list
2009-04-21 00:19 - JobOrganizer - INFO: Updating jobInformation list
2009-04-21 00:21 - JobOrganizer - INFO: Updating jobInformation list
2009-04-21 00:23 - JobOrganizer - INFO: Updating jobInformation list
2009-04-21 00:25 - JobOrganizer - INFO: Updating jobInformation list
2009-04-21 00:27 - JobOrganizer - INFO: Updating jobInformation list
2009-04-21 00:29 - JobOrganizer - INFO: Updating jobInformation list
2009-04-21 00:31 - JobOrganizer - INFO: Updating jobInformation list
2009-04-21 00:33 - JobOrganizer - INFO: Updating jobInformation list
2009-04-21 00:35 - JobOrganizer - INFO: Updating jobInformation list
2009-04-21 00:37 - JobOrganizer - INFO: Updating jobInformation list
2009-04-21 00:39 - JobOrganizer - INFO: Updating jobInformation list
2009-04-21 00:41 - JobOrganizer - INFO: Updating jobInformation list
2009-04-21 00:43 - JobOrganizer - INFO: Updating jobInformation list
2009-04-21 00:45 - JobOrganizer - INFO: Updating jobInformation list
2009-04-21 00:47 - JobOrganizer - INFO: Updating jobInformation list
2009-04-21 00:49 - JobOrganizer - INFO: Updating jobInformation list
2009-04-21 00:51 - JobOrganizer - INFO: Updating jobInformation list
2009-04-21 00:53 - JobOrganizer - INFO: Updating jobInformation list
2009-04-21 00:55 - JobOrganizer - INFO: Updating jobInformation list
2009-04-21 00:57 - JobOrganizer - INFO: Updating jobInformation list
2009-04-21 00:59 - JobOrganizer - INFO: Updating jobInformation list
2009-04-21 01:01 - JobOrganizer - INFO: Updating jobInformation list
2009-04-21 01:03 - JobOrganizer - INFO: Updating jobInformation list
2009-04-21 01:05 - JobOrganizer - INFO: Updating jobInformation list
2009-04-21 01:07 - JobOrganizer - INFO: Updating jobInformation list
2009-04-21 01:09 - JobOrganizer - INFO: Updating jobInformation list
2009-04-21 01:11 - JobOrganizer - INFO: Updating jobInformation list
2009-04-21 01:13 - JobOrganizer - INFO: Updating jobInformation list
2009-04-21 01:15 - JobOrganizer - INFO: Updating jobInformation list
2009-04-21 01:17 - JobOrganizer - INFO: Updating jobInformation list
2009-04-21 01:19 - JobOrganizer - INFO: Updating jobInformation list
2009-04-21 01:21 - JobOrganizer - INFO: Updating jobInformation list
2009-04-21 01:23 - JobOrganizer - INFO: Updating jobInformation list
2009-04-21 01:25 - JobOrganizer - INFO: Updating jobInformation list
2009-04-21 01:27 - JobOrganizer - INFO: Updating jobInformation list
2009-04-21 01:29 - JobOrganizer - INFO: Updating jobInformation list
2009-04-21 01:31 - JobOrganizer - INFO: Updating jobInformation list
2009-04-21 01:33 - JobOrganizer - INFO: Updating jobInformation list
2009-04-21 01:36 - JobOrganizer - INFO: Updating jobInformation list
2009-04-21 01:38 - JobOrganizer - INFO: Updating jobInformation list
2009-04-21 01:40 - JobOrganizer - INFO: Updating jobInformation list
2009-04-21 01:42 - JobOrganizer - INFO: Updating jobInformation list
2009-04-21 01:44 - JobOrganizer - INFO: Updating jobInformation list
2009-04-21 01:46 - JobOrganizer - INFO: Updating jobInformation list
2009-04-21 01:48 - JobOrganizer - INFO: Updating jobInformation list
2009-04-21 01:50 - JobOrganizer - INFO: Updating jobInformation list
2009-04-21 01:52 - JobOrganizer - INFO: Updating jobInformation list
2009-04-21 01:54 - JobOrganizer - INFO: Updating jobInformation list
2009-04-21 01:56 - JobOrganizer - INFO: Updating jobInformation list
2009-04-21 01:58 - JobOrganizer - INFO: Updating jobInformation list
2009-04-21 02:00 - JobOrganizer - INFO: Updating jobInformation list
2009-04-21 02:02 - JobOrganizer - INFO: Updating jobInformation list
2009-04-21 02:04 - JobOrganizer - INFO: Updating jobInformation list
2009-04-21 02:06 - JobOrganizer - INFO: Updating jobInformation list
2009-04-21 02:08 - JobOrganizer - INFO: Updating jobInformation list
2009-04-21 02:10 - JobOrganizer - INFO: Updating jobInformation list
2009-04-21 02:12 - JobOrganizer - INFO: Updating jobInformation list
2009-04-21 02:14 - JobOrganizer - INFO: Updating jobInformation list
2009-04-21 02:16 - JobOrganizer - INFO: Updating jobInformation list
2009-04-21 02:18 - JobOrganizer - INFO: Updating jobInformation list
2009-04-21 02:20 - JobOrganizer - INFO: Updating jobInformation list
2009-04-21 02:22 - JobOrganizer - INFO: Updating jobInformation list
2009-04-21 02:24 - JobOrganizer - INFO: Updating jobInformation list
2009-04-21 02:26 - JobOrganizer - INFO: Updating jobInformation list
2009-04-21 02:28 - JobOrganizer - INFO: Updating jobInformation list
2009-04-21 02:30 - JobOrganizer - INFO: Updating jobInformation list
2009-04-21 02:32 - JobOrganizer - INFO: Updating jobInformation list
2009-04-21 02:34 - JobOrganizer - INFO: Updating jobInformation list
2009-04-21 02:36 - JobOrganizer - INFO: Updating jobInformation list
2009-04-21 02:38 - JobOrganizer - INFO: Updating jobInformation list
2009-04-21 02:40 - JobOrganizer - INFO: Updating jobInformation list
2009-04-21 02:42 - JobOrganizer - INFO: Updating jobInformation list
2009-04-21 02:44 - JobOrganizer - INFO: Updating jobInformation list
2009-04-21 02:46 - JobOrganizer - INFO: Updating jobInformation list
2009-04-21 02:48 - JobOrganizer - INFO: Updating jobInformation list
2009-04-21 02:50 - JobOrganizer - INFO: Updating jobInformation list
2009-04-21 02:52 - JobOrganizer - INFO: Updating jobInformation list
2009-04-21 02:54 - JobOrganizer - INFO: Updating jobInformation list
2009-04-21 02:56 - JobOrganizer - INFO: Updating jobInformation list
2009-04-21 02:58 - JobOrganizer - INFO: Updating jobInformation list
2009-04-21 03:00 - JobOrganizer - INFO: Updating jobInformation list
2009-04-21 03:02 - JobOrganizer - INFO: Updating jobInformation list
2009-04-21 03:04 - JobOrganizer - INFO: Updating jobInformation list
2009-04-21 03:06 - JobOrganizer - INFO: Updating jobInformation list
2009-04-21 03:08 - JobOrganizer - INFO: Updating jobInformation list
2009-04-21 03:10 - JobOrganizer - INFO: Updating jobInformation list
2009-04-21 03:12 - JobOrganizer - INFO: Updating jobInformation list
2009-04-21 03:14 - JobOrganizer - INFO: Updating jobInformation list
2009-04-21 03:16 - JobOrganizer - INFO: Updating jobInformation list
2009-04-21 03:18 - JobOrganizer - INFO: Updating jobInformation list
2009-04-21 03:20 - JobOrganizer - INFO: Updating jobInformation list
2009-04-21 03:22 - JobOrganizer - INFO: Updating jobInformation list
2009-04-21 03:24 - JobOrganizer - INFO: Updating jobInformation list
2009-04-21 03:26 - JobOrganizer - INFO: Updating jobInformation list
2009-04-21 03:28 - JobOrganizer - INFO: Updating jobInformation list
2009-04-21 03:30 - JobOrganizer - INFO: Updating jobInformation list
2009-04-21 03:32 - JobOrganizer - INFO: Updating jobInformation list
2009-04-21 03:34 - JobOrganizer - INFO: Updating jobInformation list
2009-04-21 03:36 - JobOrganizer - INFO: Updating jobInformation list
2009-04-21 03:38 - JobOrganizer - INFO: Updating jobInformation list
2009-04-21 03:40 - JobOrganizer - INFO: Updating jobInformation list
2009-04-21 03:42 - JobOrganizer - INFO: Updating jobInformation list
2009-04-21 03:44 - JobOrganizer - INFO: Updating jobInformation list
2009-04-21 03:46 - JobOrganizer - INFO: Updating jobInformation list
2009-04-21 03:48 - JobOrganizer - INFO: Updating jobInformation list
2009-04-21 03:50 - JobOrganizer - INFO: Updating jobInformation list
2009-04-21 03:52 - JobOrganizer - INFO: Updating jobInformation list
2009-04-21 03:54 - JobOrganizer - INFO: Updating jobInformation list
2009-04-21 03:56 - JobOrganizer - INFO: Updating jobInformation list
2009-04-21 03:58 - JobOrganizer - INFO: Updating jobInformation list
2009-04-21 04:00 - JobOrganizer - INFO: Updating jobInformation list
2009-04-21 04:02 - JobOrganizer - INFO: Updating jobInformation list
2009-04-21 04:04 - JobOrganizer - INFO: Updating jobInformation list
2009-04-21 04:06 - JobOrganizer - INFO: Updating jobInformation list
2009-04-21 04:08 - JobOrganizer - INFO: Updating jobInformation list
2009-04-21 04:10 - JobOrganizer - INFO: Updating jobInformation list
2009-04-21 04:12 - JobOrganizer - INFO: Updating jobInformation list
2009-04-21 04:14 - JobOrganizer - INFO: Updating jobInformation list
2009-04-21 04:16 - JobOrganizer - INFO: Updating jobInformation list
2009-04-21 04:18 - JobOrganizer - INFO: Updating jobInformation list
2009-04-21 04:20 - JobOrganizer - INFO: Updating jobInformation list
2009-04-21 04:22 - JobOrganizer - INFO: Updating jobInformation list
2009-04-21 04:24 - JobOrganizer - INFO: Updating jobInformation list
2009-04-21 04:26 - JobOrganizer - INFO: Updating jobInformation list
2009-04-21 04:28 - JobOrganizer - INFO: Updating jobInformation list
2009-04-21 04:30 - JobOrganizer - INFO: Updating jobInformation list
2009-04-21 04:32 - JobOrganizer - INFO: Updating jobInformation list
2009-04-21 04:34 - JobOrganizer - INFO: Updating jobInformation list
2009-04-21 04:36 - JobOrganizer - INFO: Updating jobInformation list
2009-04-21 04:38 - JobOrganizer - INFO: Updating jobInformation list
2009-04-21 04:40 - JobOrganizer - INFO: Updating jobInformation list
2009-04-21 04:42 - JobOrganizer - INFO: Updating jobInformation list
2009-04-21 04:44 - JobOrganizer - INFO: Updating jobInformation list
2009-04-21 04:46 - JobOrganizer - INFO: Updating jobInformation list
2009-04-21 04:48 - JobOrganizer - INFO: Updating jobInformation list
2009-04-21 04:50 - JobOrganizer - INFO: Updating jobInformation list
2009-04-21 04:52 - JobOrganizer - INFO: Updating jobInformation list
2009-04-21 04:54 - JobOrganizer - INFO: Updating jobInformation list
2009-04-21 04:56 - JobOrganizer - INFO: Updating jobInformation list
2009-04-21 04:58 - JobOrganizer - INFO: Updating jobInformation list
2009-04-21 05:00 - JobOrganizer - INFO: Updating jobInformation list
2009-04-21 05:02 - JobOrganizer - INFO: Updating jobInformation list
2009-04-21 05:04 - JobOrganizer - INFO: Updating jobInformation list
2009-04-21 05:06 - JobOrganizer - INFO: Updating jobInformation list
2009-04-21 05:08 - JobOrganizer - INFO: Updating jobInformation list
2009-04-21 05:10 - JobOrganizer - INFO: Updating jobInformation list
2009-04-21 05:12 - JobOrganizer - INFO: Updating jobInformation list
2009-04-21 05:14 - JobOrganizer - INFO: Updating jobInformation list
2009-04-21 05:16 - JobOrganizer - INFO: Updating jobInformation list
2009-04-21 05:18 - JobOrganizer - INFO: Updating jobInformation list
2009-04-21 05:20 - JobOrganizer - INFO: Updating jobInformation list
2009-04-21 05:22 - JobOrganizer - INFO: Updating jobInformation list
2009-04-21 05:24 - JobOrganizer - INFO: Updating jobInformation list
2009-04-21 05:26 - JobOrganizer - INFO: Updating jobInformation list
2009-04-21 05:28 - JobOrganizer - INFO: Updating jobInformation list
2009-04-21 05:30 - JobOrganizer - INFO: Updating jobInformation list
2009-04-21 05:33 - JobOrganizer - INFO: Updating jobInformation list
2009-04-21 05:35 - JobOrganizer - INFO: Updating jobInformation list
2009-04-21 05:37 - JobOrganizer - INFO: Updating jobInformation list
2009-04-21 05:39 - JobOrganizer - INFO: Updating jobInformation list
2009-04-21 05:41 - JobOrganizer - INFO: Updating jobInformation list
2009-04-21 05:43 - JobOrganizer - INFO: Updating jobInformation list
2009-04-21 05:45 - JobOrganizer - INFO: Updating jobInformation list
2009-04-21 05:47 - JobOrganizer - INFO: Updating jobInformation list
2009-04-21 05:49 - JobOrganizer - INFO: Updating jobInformation list
2009-04-21 05:51 - JobOrganizer - INFO: Updating jobInformation list
2009-04-21 05:53 - JobOrganizer - INFO: Updating jobInformation list
2009-04-21 05:55 - JobOrganizer - INFO: Updating jobInformation list
2009-04-21 05:57 - JobOrganizer - INFO: Updating jobInformation list
2009-04-21 05:59 - JobOrganizer - INFO: Updating jobInformation list
2009-04-21 06:01 - JobOrganizer - INFO: Updating jobInformation list
2009-04-21 06:03 - JobOrganizer - INFO: Updating jobInformation list
2009-04-21 06:05 - JobOrganizer - INFO: Updating jobInformation list
2009-04-21 06:07 - JobOrganizer - INFO: Updating jobInformation list
2009-04-21 06:09 - JobOrganizer - INFO: Updating jobInformation list
2009-04-21 06:11 - JobOrganizer - INFO: Updating jobInformation list
2009-04-21 06:13 - JobOrganizer - INFO: Updating jobInformation list
2009-04-21 06:15 - JobOrganizer - INFO: Updating jobInformation list
2009-04-21 06:17 - JobOrganizer - INFO: Updating jobInformation list
2009-04-21 06:19 - JobOrganizer - INFO: Updating jobInformation list
2009-04-21 06:21 - JobOrganizer - INFO: Updating jobInformation list
2009-04-21 06:23 - JobOrganizer - INFO: Updating jobInformation list
2009-04-21 06:25 - JobOrganizer - INFO: Updating jobInformation list
2009-04-21 06:27 - JobOrganizer - INFO: Updating jobInformation list
2009-04-21 06:29 - JobOrganizer - INFO: Updating jobInformation list
2009-04-21 06:31 - JobOrganizer - INFO: Updating jobInformation list
2009-04-21 06:33 - JobOrganizer - INFO: Updating jobInformation list
2009-04-21 06:35 - JobOrganizer - INFO: Updating jobInformation list
2009-04-21 06:37 - JobOrganizer - INFO: Updating jobInformation list
2009-04-21 06:39 - JobOrganizer - INFO: Updating jobInformation list
2009-04-21 06:41 - JobOrganizer - INFO: Updating jobInformation list
2009-04-21 06:43 - JobOrganizer - INFO: Updating jobInformation list
2009-04-21 06:45 - JobOrganizer - INFO: Updating jobInformation list
2009-04-21 06:47 - JobOrganizer - INFO: Updating jobInformation list
2009-04-21 06:49 - JobOrganizer - INFO: Updating jobInformation list
2009-04-21 06:51 - JobOrganizer - INFO: Updating jobInformation list
2009-04-21 06:53 - JobOrganizer - INFO: Updating jobInformation list
2009-04-21 06:55 - JobOrganizer - INFO: Updating jobInformation list
2009-04-21 06:57 - JobOrganizer - INFO: Updating jobInformation list
2009-04-21 06:59 - JobOrganizer - INFO: Updating jobInformation list
2009-04-21 07:01 - JobOrganizer - INFO: Updating jobInformation list
2009-04-21 07:03 - JobOrganizer - INFO: Updating jobInformation list
2009-04-21 07:05 - JobOrganizer - INFO: Updating jobInformation list
2009-04-21 07:07 - JobOrganizer - INFO: Updating jobInformation list
2009-04-21 07:09 - JobOrganizer - INFO: Updating jobInformation list
2009-04-21 07:11 - JobOrganizer - INFO: Updating jobInformation list
2009-04-21 07:13 - JobOrganizer - INFO: Updating jobInformation list
2009-04-21 07:15 - JobOrganizer - INFO: Updating jobInformation list
2009-04-21 07:17 - JobOrganizer - INFO: Updating jobInformation list
2009-04-21 07:19 - JobOrganizer - INFO: Updating jobInformation list
2009-04-21 07:21 - JobOrganizer - INFO: Updating jobInformation list
2009-04-21 07:23 - JobOrganizer - INFO: Updating jobInformation list
2009-04-21 07:25 - JobOrganizer - INFO: Updating jobInformation list
2009-04-21 07:27 - JobOrganizer - INFO: Updating jobInformation list
2009-04-21 07:29 - JobOrganizer - INFO: Updating jobInformation list
2009-04-21 07:31 - JobOrganizer - INFO: Updating jobInformation list
2009-04-21 07:33 - JobOrganizer - INFO: Updating jobInformation list
2009-04-21 07:35 - JobOrganizer - INFO: Updating jobInformation list
2009-04-21 07:37 - JobOrganizer - INFO: Updating jobInformation list
2009-04-21 07:39 - JobOrganizer - INFO: Updating jobInformation list
2009-04-21 07:41 - JobOrganizer - INFO: Updating jobInformation list
2009-04-21 07:43 - JobOrganizer - INFO: Updating jobInformation list
2009-04-21 07:45 - JobOrganizer - INFO: Updating jobInformation list
2009-04-21 07:47 - JobOrganizer - INFO: Updating jobInformation list
2009-04-21 07:49 - JobOrganizer - INFO: Updating jobInformation list
2009-04-21 07:51 - JobOrganizer - INFO: Updating jobInformation list
2009-04-21 07:53 - JobOrganizer - INFO: Updating jobInformation list
2009-04-21 07:55 - JobOrganizer - INFO: Updating jobInformation list
2009-04-21 07:57 - JobOrganizer - INFO: Updating jobInformation list
2009-04-21 07:59 - JobOrganizer - INFO: Updating jobInformation list
2009-04-21 08:01 - JobOrganizer - INFO: Updating jobInformation list
2009-04-21 08:03 - JobOrganizer - INFO: Updating jobInformation list
2009-04-21 08:05 - JobOrganizer - INFO: Updating jobInformation list
2009-04-21 08:07 - JobOrganizer - INFO: Updating jobInformation list
2009-04-21 08:09 - JobOrganizer - INFO: Updating jobInformation list
2009-04-21 08:11 - JobOrganizer - INFO: Updating jobInformation list
2009-04-21 08:13 - JobOrganizer - INFO: Updating jobInformation list
2009-04-21 08:15 - JobOrganizer - INFO: Updating jobInformation list
2009-04-21 08:17 - JobOrganizer - INFO: Updating jobInformation list
2009-04-21 08:19 - JobOrganizer - INFO: Updating jobInformation list
2009-04-21 08:21 - JobOrganizer - INFO: Updating jobInformation list
2009-04-21 08:23 - JobOrganizer - INFO: Updating jobInformation list
2009-04-21 08:25 - JobOrganizer - INFO: Updating jobInformation list
2009-04-21 08:27 - JobOrganizer - INFO: Updating jobInformation list
2009-04-21 08:29 - JobOrganizer - INFO: Updating jobInformation list
2009-04-21 08:31 - JobOrganizer - INFO: Updating jobInformation list
2009-04-21 08:33 - JobOrganizer - INFO: Updating jobInformation list
2009-04-21 08:35 - JobOrganizer - INFO: Updating jobInformation list
2009-04-21 08:37 - JobOrganizer - INFO: Updating jobInformation list
2009-04-21 08:39 - JobOrganizer - INFO: Updating jobInformation list
2009-04-21 08:41 - JobOrganizer - INFO: Updating jobInformation list
2009-04-21 08:43 - JobOrganizer - INFO: Updating jobInformation list
2009-04-21 08:45 - JobOrganizer - INFO: Updating jobInformation list
2009-04-21 08:47 - JobOrganizer - INFO: Updating jobInformation list
2009-04-21 08:49 - JobOrganizer - INFO: Updating jobInformation list
2009-04-21 08:51 - JobOrganizer - INFO: Updating jobInformation list
2009-04-21 08:54 - JobOrganizer - INFO: Updating jobInformation list
2009-04-21 08:56 - JobOrganizer - INFO: Updating jobInformation list
2009-04-21 08:58 - JobOrganizer - INFO: Updating jobInformation list
2009-04-21 09:00 - JobOrganizer - INFO: Updating jobInformation list
2009-04-21 09:02 - JobOrganizer - INFO: Updating jobInformation list
2009-04-21 09:04 - JobOrganizer - INFO: Updating jobInformation list
2009-04-21 09:06 - JobOrganizer - INFO: Updating jobInformation list
2009-04-21 09:08 - JobOrganizer - INFO: Updating jobInformation list
2009-04-21 09:10 - JobOrganizer - INFO: Updating jobInformation list
2009-04-21 09:12 - JobOrganizer - INFO: Updating jobInformation list
2009-04-21 09:14 - JobOrganizer - INFO: Updating jobInformation list
2009-04-21 09:16 - JobOrganizer - INFO: Updating jobInformation list
2009-04-21 09:18 - JobOrganizer - INFO: Updating jobInformation list
2009-04-21 09:20 - JobOrganizer - INFO: Updating jobInformation list
2009-04-21 09:22 - JobOrganizer - INFO: Updating jobInformation list
2009-04-21 09:24 - JobOrganizer - INFO: Updating jobInformation list
2009-04-21 09:26 - JobOrganizer - INFO: Updating jobInformation list
2009-04-21 09:28 - JobOrganizer - INFO: Updating jobInformation list
2009-04-21 09:30 - JobOrganizer - INFO: Updating jobInformation list
2009-04-21 09:32 - JobOrganizer - INFO: Updating jobInformation list
2009-04-21 09:34 - JobOrganizer - INFO: Updating jobInformation list
2009-04-21 09:36 - JobOrganizer - INFO: Updating jobInformation list
2009-04-21 09:38 - JobOrganizer - INFO: Updating jobInformation list
2009-04-21 09:40 - JobOrganizer - INFO: Updating jobInformation list
2009-04-21 09:42 - JobOrganizer - INFO: Updating jobInformation list
2009-04-21 09:44 - JobOrganizer - INFO: Updating jobInformation list
2009-04-21 09:46 - JobOrganizer - INFO: Updating jobInformation list
2009-04-21 09:48 - JobOrganizer - INFO: Updating jobInformation list
2009-04-21 09:50 - JobOrganizer - INFO: Updating jobInformation list
2009-04-21 09:52 - JobOrganizer - INFO: Updating jobInformation list
2009-04-21 09:54 - JobOrganizer - INFO: Updating jobInformation list
2009-04-21 09:56 - JobOrganizer - INFO: Updating jobInformation list
2009-04-21 09:58 - JobOrganizer - INFO: Updating jobInformation list
2009-04-21 10:00 - JobOrganizer - INFO: Updating jobInformation list
2009-04-21 10:02 - JobOrganizer - INFO: Updating jobInformation list
2009-04-21 10:04 - JobOrganizer - INFO: Updating jobInformation list
2009-04-21 10:06 - JobOrganizer - INFO: Updating jobInformation list
2009-04-21 10:08 - JobOrganizer - INFO: Updating jobInformation list
2009-04-21 10:10 - JobOrganizer - INFO: Updating jobInformation list
2009-04-21 10:12 - JobOrganizer - INFO: Updating jobInformation list
2009-04-21 10:14 - JobOrganizer - INFO: Updating jobInformation list
2009-04-21 10:16 - JobOrganizer - INFO: Updating jobInformation list
2009-04-21 10:18 - JobOrganizer - INFO: Updating jobInformation list
2009-04-21 10:20 - JobOrganizer - INFO: Updating jobInformation list
2009-04-21 10:22 - JobOrganizer - INFO: Updating jobInformation list
2009-04-21 10:24 - JobOrganizer - INFO: Updating jobInformation list
2009-04-21 10:26 - JobOrganizer - INFO: Updating jobInformation list
2009-04-21 10:28 - JobOrganizer - INFO: Updating jobInformation list
2009-04-21 10:30 - JobOrganizer - INFO: Updating jobInformation list
2009-04-21 10:32 - JobOrganizer - INFO: Updating jobInformation list
2009-04-21 10:34 - JobOrganizer - INFO: Updating jobInformation list
2009-04-21 10:36 - JobOrganizer - INFO: Updating jobInformation list
2009-04-21 10:39 - JobOrganizer - INFO: Updating jobInformation list
2009-04-21 10:41 - JobOrganizer - INFO: Updating jobInformation list
2009-04-21 10:43 - JobOrganizer - INFO: Updating jobInformation list
2009-04-21 10:45 - JobOrganizer - INFO: Updating jobInformation list
2009-04-21 10:47 - JobOrganizer - INFO: Updating jobInformation list
2009-04-21 10:49 - JobOrganizer - INFO: Updating jobInformation list
2009-04-21 10:51 - JobOrganizer - INFO: Updating jobInformation list
2009-04-21 10:53 - JobOrganizer - INFO: Updating jobInformation list
2009-04-21 10:55 - JobOrganizer - INFO: Updating jobInformation list
2009-04-21 10:57 - JobOrganizer - INFO: Updating jobInformation list
2009-04-21 10:59 - JobOrganizer - INFO: Updating jobInformation list
2009-04-21 11:01 - JobOrganizer - INFO: Updating jobInformation list
2009-04-21 11:03 - JobOrganizer - INFO: Updating jobInformation list
2009-04-21 11:05 - JobOrganizer - INFO: Updating jobInformation list
2009-04-21 11:07 - JobOrganizer - INFO: Updating jobInformation list
2009-04-21 11:09 - JobOrganizer - INFO: Updating jobInformation list
2009-04-21 11:11 - JobOrganizer - INFO: Updating jobInformation list
2009-04-21 11:13 - JobOrganizer - INFO: Updating jobInformation list
2009-04-21 11:15 - JobOrganizer - INFO: Updating jobInformation list
2009-04-21 11:17 - JobOrganizer - INFO: Updating jobInformation list
2009-04-21 11:19 - JobOrganizer - INFO: Updating jobInformation list
2009-04-21 11:21 - JobOrganizer - INFO: Updating jobInformation list
2009-04-21 11:23 - JobOrganizer - INFO: Updating jobInformation list
2009-04-21 11:25 - JobOrganizer - INFO: Updating jobInformation list
2009-04-21 11:27 - JobOrganizer - INFO: Updating jobInformation list
2009-04-21 11:29 - JobOrganizer - INFO: Updating jobInformation list
2009-04-21 11:31 - JobOrganizer - INFO: Updating jobInformation list
2009-04-21 11:33 - JobOrganizer - INFO: Updating jobInformation list
2009-04-21 11:35 - JobOrganizer - INFO: Updating jobInformation list
2009-04-21 11:37 - JobOrganizer - INFO: Updating jobInformation list
2009-04-21 11:39 - JobOrganizer - INFO: Updating jobInformation list
2009-04-21 11:41 - JobOrganizer - INFO: Updating jobInformation list
2009-04-21 11:43 - JobOrganizer - INFO: Updating jobInformation list
2009-04-21 11:45 - JobOrganizer - INFO: Updating jobInformation list
2009-04-21 11:47 - JobOrganizer - INFO: Updating jobInformation list
2009-04-21 11:49 - JobOrganizer - INFO: Updating jobInformation list
2009-04-21 11:51 - JobOrganizer - INFO: Updating jobInformation list
2009-04-21 11:53 - JobOrganizer - INFO: Updating jobInformation list
2009-04-21 11:55 - JobOrganizer - INFO: Updating jobInformation list
2009-04-21 11:57 - JobOrganizer - INFO: Updating jobInformation list
2009-04-21 11:59 - JobOrganizer - INFO: Updating jobInformation list
2009-04-21 12:01 - JobOrganizer - INFO: Updating jobInformation list
2009-04-21 12:03 - JobOrganizer - INFO: Updating jobInformation list
2009-04-21 12:05 - JobOrganizer - INFO: Updating jobInformation list
2009-04-21 12:07 - JobOrganizer - INFO: Updating jobInformation list
2009-04-21 12:09 - JobOrganizer - INFO: Updating jobInformation list
2009-04-21 12:11 - JobOrganizer - INFO: Updating jobInformation list
2009-04-21 12:13 - JobOrganizer - INFO: Updating jobInformation list
2009-04-21 12:15 - JobOrganizer - INFO: Updating jobInformation list
2009-04-21 12:17 - JobOrganizer - INFO: Updating jobInformation list
2009-04-21 12:19 - JobOrganizer - INFO: Updating jobInformation list
2009-04-21 12:22 - JobOrganizer - INFO: Updating jobInformation list
2009-04-21 12:24 - JobOrganizer - INFO: Updating jobInformation list
2009-04-21 12:26 - JobOrganizer - INFO: Updating jobInformation list
2009-04-21 12:28 - JobOrganizer - INFO: Updating jobInformation list
2009-04-21 12:30 - JobOrganizer - INFO: Updating jobInformation list
2009-04-21 12:32 - JobOrganizer - INFO: Updating jobInformation list
2009-04-21 12:34 - JobOrganizer - INFO: Updating jobInformation list
2009-04-21 12:36 - JobOrganizer - INFO: Updating jobInformation list
2009-04-21 12:38 - JobOrganizer - INFO: Updating jobInformation list
2009-04-21 12:40 - JobOrganizer - INFO: Updating jobInformation list
2009-04-21 12:42 - JobOrganizer - INFO: Updating jobInformation list
2009-04-21 12:44 - JobOrganizer - INFO: Updating jobInformation list
2009-04-21 12:46 - JobOrganizer - INFO: Updating jobInformation list
2009-04-21 12:48 - JobOrganizer - INFO: Updating jobInformation list
2009-04-21 12:50 - JobOrganizer - INFO: Updating jobInformation list
2009-04-21 12:52 - JobOrganizer - INFO: Updating jobInformation list
2009-04-21 12:54 - JobOrganizer - INFO: Updating jobInformation list
2009-04-21 12:56 - JobOrganizer - INFO: Updating jobInformation list
2009-04-21 12:58 - JobOrganizer - INFO: Updating jobInformation list
2009-04-21 13:00 - JobOrganizer - INFO: Updating jobInformation list
2009-04-21 13:02 - JobOrganizer - INFO: Updating jobInformation list
2009-04-21 13:04 - JobOrganizer - INFO: Updating jobInformation list
2009-04-21 13:07 - JobOrganizer - INFO: Updating jobInformation list
2009-04-21 13:09 - JobOrganizer - INFO: Updating jobInformation list
2009-04-21 13:11 - JobOrganizer - INFO: Updating jobInformation list
2009-04-21 13:13 - JobOrganizer - INFO: Updating jobInformation list
2009-04-21 13:15 - JobOrganizer - INFO: Updating jobInformation list
2009-04-21 13:17 - JobOrganizer - INFO: Updating jobInformation list
2009-04-21 13:19 - JobOrganizer - INFO: Updating jobInformation list
2009-04-21 13:21 - JobOrganizer - INFO: Updating jobInformation list
2009-04-21 13:23 - JobOrganizer - INFO: Updating jobInformation list
2009-04-21 13:25 - JobOrganizer - INFO: Updating jobInformation list
2009-04-21 13:27 - JobOrganizer - INFO: Updating jobInformation list
2009-04-21 13:29 - JobOrganizer - INFO: Updating jobInformation list
2009-04-21 13:31 - JobOrganizer - INFO: Updating jobInformation list
2009-04-21 13:33 - JobOrganizer - INFO: Updating jobInformation list
2009-04-21 13:35 - JobOrganizer - INFO: Updating jobInformation list
2009-04-21 13:37 - JobOrganizer - INFO: Updating jobInformation list
2009-04-21 13:39 - JobOrganizer - INFO: Updating jobInformation list
2009-04-21 13:41 - JobOrganizer - INFO: Updating jobInformation list
2009-04-21 13:43 - JobOrganizer - INFO: Updating jobInformation list
2009-04-21 13:45 - JobOrganizer - INFO: Updating jobInformation list
2009-04-21 13:47 - JobOrganizer - INFO: Updating jobInformation list
2009-04-21 13:49 - JobOrganizer - INFO: Updating jobInformation list
2009-04-21 13:51 - JobOrganizer - INFO: Updating jobInformation list
2009-04-21 13:53 - JobOrganizer - INFO: Updating jobInformation list
2009-04-21 13:55 - JobOrganizer - INFO: Updating jobInformation list
2009-04-21 13:57 - JobOrganizer - INFO: Updating jobInformation list
2009-04-21 13:59 - JobOrganizer - INFO: Updating jobInformation list
2009-04-21 14:01 - JobOrganizer - INFO: Updating jobInformation list
2009-04-21 14:03 - JobOrganizer - INFO: Updating jobInformation list
2009-04-21 14:05 - JobOrganizer - INFO: Updating jobInformation list
2009-04-21 14:07 - JobOrganizer - INFO: Updating jobInformation list
2009-04-21 14:09 - JobOrganizer - INFO: Updating jobInformation list
2009-04-21 14:11 - JobOrganizer - INFO: Updating jobInformation list
2009-04-21 14:13 - JobOrganizer - INFO: Updating jobInformation list
2009-04-21 14:15 - JobOrganizer - INFO: Updating jobInformation list
2009-04-21 14:17 - JobOrganizer - INFO: Updating jobInformation list
2009-04-21 14:19 - JobOrganizer - INFO: Updating jobInformation list
2009-04-21 14:21 - JobOrganizer - INFO: Updating jobInformation list
2009-04-21 14:23 - JobOrganizer - INFO: Updating jobInformation list
2009-04-21 14:25 - JobOrganizer - INFO: Updating jobInformation list
2009-04-21 14:27 - JobOrganizer - INFO: Updating jobInformation list
2009-04-21 14:29 - JobOrganizer - INFO: Updating jobInformation list
2009-04-21 14:31 - JobOrganizer - INFO: Updating jobInformation list
2009-04-21 14:33 - JobOrganizer - INFO: Updating jobInformation list
2009-04-21 14:35 - JobOrganizer - INFO: Updating jobInformation list
2009-04-21 14:37 - JobOrganizer - INFO: Updating jobInformation list
2009-04-21 14:39 - JobOrganizer - INFO: Updating jobInformation list
2009-04-21 14:41 - JobOrganizer - INFO: Updating jobInformation list
2009-04-21 14:43 - JobOrganizer - INFO: Updating jobInformation list
2009-04-21 14:45 - JobOrganizer - INFO: Updating jobInformation list
2009-04-21 14:47 - JobOrganizer - INFO: Updating jobInformation list
2009-04-21 14:49 - JobOrganizer - INFO: Updating jobInformation list
2009-04-21 14:51 - JobOrganizer - INFO: Updating jobInformation list
2009-04-21 14:53 - JobOrganizer - INFO: Updating jobInformation list
2009-04-21 14:55 - JobOrganizer - INFO: Updating jobInformation list
2009-04-21 14:57 - JobOrganizer - INFO: Updating jobInformation list
2009-04-21 14:59 - JobOrganizer - INFO: Updating jobInformation list
2009-04-21 15:01 - JobOrganizer - INFO: Updating jobInformation list
2009-04-21 15:04 - JobOrganizer - INFO: Updating jobInformation list
2009-04-21 15:06 - JobOrganizer - INFO: Updating jobInformation list
2009-04-21 15:08 - JobOrganizer - INFO: Updating jobInformation list
2009-04-21 15:10 - JobOrganizer - INFO: Updating jobInformation list
2009-04-21 15:12 - JobOrganizer - INFO: Updating jobInformation list
2009-04-21 15:14 - JobOrganizer - INFO: Updating jobInformation list
2009-04-21 15:16 - JobOrganizer - INFO: Updating jobInformation list
2009-04-21 15:18 - JobOrganizer - INFO: Updating jobInformation list
2009-04-21 15:20 - JobOrganizer - INFO: Updating jobInformation list
2009-04-21 15:22 - JobOrganizer - INFO: Updating jobInformation list
2009-04-21 15:24 - JobOrganizer - INFO: Updating jobInformation list
2009-04-21 15:26 - JobOrganizer - INFO: Updating jobInformation list
2009-04-21 15:28 - JobOrganizer - INFO: Updating jobInformation list
2009-04-21 15:30 - JobOrganizer - INFO: Updating jobInformation list
2009-04-21 15:32 - JobOrganizer - INFO: Updating jobInformation list
2009-04-21 15:34 - JobOrganizer - INFO: Updating jobInformation list
2009-04-21 15:36 - JobOrganizer - INFO: Updating jobInformation list
2009-04-21 15:38 - JobOrganizer - INFO: Updating jobInformation list
2009-04-21 15:40 - JobOrganizer - INFO: Updating jobInformation list
2009-04-21 15:42 - JobOrganizer - INFO: Updating jobInformation list
2009-04-21 15:44 - JobOrganizer - INFO: Updating jobInformation list
2009-04-21 15:46 - JobOrganizer - INFO: Updating jobInformation list
2009-04-21 15:48 - JobOrganizer - INFO: Updating jobInformation list
2009-04-21 15:50 - JobOrganizer - INFO: Updating jobInformation list
2009-04-21 15:52 - JobOrganizer - INFO: Updating jobInformation list
2009-04-21 15:54 - JobOrganizer - INFO: Updating jobInformation list
2009-04-21 15:56 - JobOrganizer - INFO: Updating jobInformation list
2009-04-21 15:58 - JobOrganizer - INFO: Updating jobInformation list
2009-04-21 16:00 - JobOrganizer - INFO: Updating jobInformation list
2009-04-21 16:02 - JobOrganizer - INFO: Updating jobInformation list
2009-04-21 16:04 - JobOrganizer - INFO: Updating jobInformation list
2009-04-21 16:06 - JobOrganizer - INFO: Updating jobInformation list
2009-04-21 16:08 - JobOrganizer - INFO: Updating jobInformation list
2009-04-21 16:10 - JobOrganizer - INFO: Updating jobInformation list
2009-04-21 16:12 - JobOrganizer - INFO: Updating jobInformation list
2009-04-21 16:14 - JobOrganizer - INFO: Updating jobInformation list
2009-04-21 16:16 - JobOrganizer - INFO: Updating jobInformation list
2009-04-21 16:18 - JobOrganizer - INFO: Updating jobInformation list
2009-04-21 16:20 - JobOrganizer - INFO: Updating jobInformation list
2009-04-21 16:22 - JobOrganizer - INFO: Updating jobInformation list
2009-04-21 16:24 - JobOrganizer - INFO: Updating jobInformation list
2009-04-21 16:26 - JobOrganizer - INFO: Updating jobInformation list
2009-04-21 16:28 - JobOrganizer - INFO: Updating jobInformation list
2009-04-21 16:30 - JobOrganizer - INFO: Updating jobInformation list
2009-04-21 16:32 - JobOrganizer - INFO: Updating jobInformation list
2009-04-21 16:34 - JobOrganizer - INFO: Updating jobInformation list
2009-04-21 16:36 - JobOrganizer - INFO: Updating jobInformation list
2009-04-21 16:38 - JobOrganizer - INFO: Updating jobInformation list
2009-04-21 16:40 - JobOrganizer - INFO: Updating jobInformation list
2009-04-21 16:42 - JobOrganizer - INFO: Updating jobInformation list
2009-04-21 16:44 - JobOrganizer - INFO: Updating jobInformation list
2009-04-21 16:46 - JobOrganizer - INFO: Updating jobInformation list
2009-04-21 16:48 - JobOrganizer - INFO: Updating jobInformation list
2009-04-21 16:50 - JobOrganizer - INFO: Updating jobInformation list
2009-04-21 16:52 - JobOrganizer - INFO: Updating jobInformation list
2009-04-21 16:54 - JobOrganizer - INFO: Updating jobInformation list
2009-04-21 16:56 - JobOrganizer - INFO: Updating jobInformation list
2009-04-21 16:58 - JobOrganizer - INFO: Updating jobInformation list
2009-04-21 17:00 - JobOrganizer - INFO: Updating jobInformation list
2009-04-21 17:02 - JobOrganizer - INFO: Updating jobInformation list
2009-04-21 17:04 - JobOrganizer - INFO: Updating jobInformation list
2009-04-21 17:06 - JobOrganizer - INFO: Updating jobInformation list
2009-04-21 17:08 - JobOrganizer - INFO: Updating jobInformation list
2009-04-21 17:10 - JobOrganizer - INFO: Updating jobInformation list
2009-04-21 17:12 - JobOrganizer - INFO: Updating jobInformation list
2009-04-21 17:14 - JobOrganizer - INFO: Updating jobInformation list
2009-04-21 17:16 - JobOrganizer - INFO: Updating jobInformation list
2009-04-21 17:18 - JobOrganizer - INFO: Updating jobInformation list
2009-04-21 17:20 - JobOrganizer - INFO: Updating jobInformation list
2009-04-21 17:22 - JobOrganizer - INFO: Updating jobInformation list
2009-04-21 17:24 - JobOrganizer - INFO: Updating jobInformation list
2009-04-21 17:26 - JobOrganizer - INFO: Updating jobInformation list
2009-04-21 17:28 - JobOrganizer - INFO: Updating jobInformation list
2009-04-21 17:30 - JobOrganizer - INFO: Updating jobInformation list
2009-04-21 17:32 - JobOrganizer - INFO: Updating jobInformation list
2009-04-21 17:34 - JobOrganizer - INFO: Updating jobInformation list
2009-04-21 17:36 - JobOrganizer - INFO: Updating jobInformation list
2009-04-21 17:38 - JobOrganizer - INFO: Updating jobInformation list
2009-04-21 17:40 - JobOrganizer - INFO: Updating jobInformation list
2009-04-21 17:42 - JobOrganizer - INFO: Updating jobInformation list
2009-04-21 17:44 - JobOrganizer - INFO: Updating jobInformation list
2009-04-21 17:46 - JobOrganizer - INFO: Updating jobInformation list
2009-04-21 17:48 - JobOrganizer - INFO: Updating jobInformation list
2009-04-21 17:50 - JobOrganizer - INFO: Updating jobInformation list
2009-04-21 17:52 - JobOrganizer - INFO: Updating jobInformation list
2009-04-21 17:54 - JobOrganizer - INFO: Updating jobInformation list
2009-04-21 17:56 - JobOrganizer - INFO: Updating jobInformation list
2009-04-21 17:58 - JobOrganizer - INFO: Updating jobInformation list
2009-04-21 18:00 - JobOrganizer - INFO: Updating jobInformation list
2009-04-21 18:02 - JobOrganizer - INFO: Updating jobInformation list
2009-04-21 18:04 - JobOrganizer - INFO: Updating jobInformation list
2009-04-21 18:06 - JobOrganizer - INFO: Updating jobInformation list
2009-04-21 18:09 - JobOrganizer - INFO: Updating jobInformation list
2009-04-21 18:11 - JobOrganizer - INFO: Updating jobInformation list
2009-04-21 18:13 - JobOrganizer - INFO: Updating jobInformation list
2009-04-21 18:15 - JobOrganizer - INFO: Updating jobInformation list
2009-04-21 18:17 - JobOrganizer - INFO: Updating jobInformation list
2009-04-21 18:19 - JobOrganizer - INFO: Updating jobInformation list
2009-04-21 18:21 - JobOrganizer - INFO: Updating jobInformation list
2009-04-21 18:23 - JobOrganizer - INFO: Updating jobInformation list
2009-04-21 18:25 - JobOrganizer - INFO: Updating jobInformation list
2009-04-21 18:27 - JobOrganizer - INFO: Updating jobInformation list
2009-04-21 18:29 - JobOrganizer - INFO: Updating jobInformation list
2009-04-21 18:31 - JobOrganizer - INFO: Updating jobInformation list
2009-04-21 18:33 - JobOrganizer - INFO: Updating jobInformation list
2009-04-21 18:35 - JobOrganizer - INFO: Updating jobInformation list
2009-04-21 18:37 - JobOrganizer - INFO: Updating jobInformation list
2009-04-21 18:39 - JobOrganizer - INFO: Updating jobInformation list
2009-04-21 18:41 - JobOrganizer - INFO: Updating jobInformation list
2009-04-21 18:43 - JobOrganizer - INFO: Updating jobInformation list
2009-04-21 18:45 - JobOrganizer - INFO: Updating jobInformation list
2009-04-21 18:47 - JobOrganizer - INFO: Updating jobInformation list
2009-04-21 18:49 - JobOrganizer - INFO: Updating jobInformation list
2009-04-21 18:51 - JobOrganizer - INFO: Updating jobInformation list
2009-04-21 18:53 - JobOrganizer - INFO: Updating jobInformation list
2009-04-21 18:55 - JobOrganizer - INFO: Updating jobInformation list
2009-04-21 18:57 - JobOrganizer - INFO: Updating jobInformation list
2009-04-21 18:59 - JobOrganizer - INFO: Updating jobInformation list
2009-04-21 19:01 - JobOrganizer - INFO: Updating jobInformation list
2009-04-21 19:03 - JobOrganizer - INFO: Updating jobInformation list
2009-04-21 19:05 - JobOrganizer - INFO: Updating jobInformation list
2009-04-21 19:07 - JobOrganizer - INFO: Updating jobInformation list
2009-04-21 19:09 - JobOrganizer - INFO: Updating jobInformation list
2009-04-21 19:11 - JobOrganizer - INFO: Updating jobInformation list
2009-04-21 19:13 - JobOrganizer - INFO: Updating jobInformation list
2009-04-21 19:15 - JobOrganizer - INFO: Updating jobInformation list
2009-04-21 19:17 - JobOrganizer - INFO: Updating jobInformation list
2009-04-21 19:19 - JobOrganizer - INFO: Updating jobInformation list
2009-04-21 19:21 - JobOrganizer - INFO: Updating jobInformation list
2009-04-21 19:23 - JobOrganizer - INFO: Updating jobInformation list
2009-04-21 19:25 - JobOrganizer - INFO: Updating jobInformation list
2009-04-21 19:27 - JobOrganizer - INFO: Updating jobInformation list
2009-04-21 19:29 - JobOrganizer - INFO: Updating jobInformation list
2009-04-21 19:31 - JobOrganizer - INFO: Updating jobInformation list
2009-04-21 19:33 - JobOrganizer - INFO: Updating jobInformation list
2009-04-21 19:35 - JobOrganizer - INFO: Updating jobInformation list
2009-04-21 19:37 - JobOrganizer - INFO: Updating jobInformation list
2009-04-21 19:39 - JobOrganizer - INFO: Updating jobInformation list
2009-04-21 19:41 - JobOrganizer - INFO: Updating jobInformation list
2009-04-21 19:43 - JobOrganizer - INFO: Updating jobInformation list
2009-04-21 19:45 - JobOrganizer - INFO: Updating jobInformation list
2009-04-21 19:47 - JobOrganizer - INFO: Updating jobInformation list
2009-04-21 19:49 - JobOrganizer - INFO: Updating jobInformation list
2009-04-21 19:51 - JobOrganizer - INFO: Updating jobInformation list
2009-04-21 19:53 - JobOrganizer - INFO: Updating jobInformation list
2009-04-21 19:55 - JobOrganizer - INFO: Updating jobInformation list
2009-04-21 19:57 - JobOrganizer - INFO: Updating jobInformation list
2009-04-21 19:59 - JobOrganizer - INFO: Updating jobInformation list
2009-04-21 20:01 - JobOrganizer - INFO: Updating jobInformation list
2009-04-21 20:03 - JobOrganizer - INFO: Updating jobInformation list
2009-04-21 20:05 - JobOrganizer - INFO: Updating jobInformation list
2009-04-21 20:07 - JobOrganizer - INFO: Updating jobInformation list
2009-04-21 20:09 - JobOrganizer - INFO: Updating jobInformation list
2009-04-21 20:11 - JobOrganizer - INFO: Updating jobInformation list
2009-04-21 20:13 - JobOrganizer - INFO: Updating jobInformation list
2009-04-21 20:15 - JobOrganizer - INFO: Updating jobInformation list
2009-04-21 20:17 - JobOrganizer - INFO: Updating jobInformation list
2009-04-21 20:19 - JobOrganizer - INFO: Updating jobInformation list
2009-04-21 20:21 - JobOrganizer - INFO: Updating jobInformation list
2009-04-21 20:23 - JobOrganizer - INFO: Updating jobInformation list
2009-04-21 20:25 - JobOrganizer - INFO: Updating jobInformation list
2009-04-21 20:27 - JobOrganizer - INFO: Updating jobInformation list
2009-04-21 20:29 - JobOrganizer - INFO: Updating jobInformation list
2009-04-21 20:31 - JobOrganizer - INFO: Updating jobInformation list
2009-04-21 20:33 - JobOrganizer - INFO: Updating jobInformation list
2009-04-21 20:35 - JobOrganizer - INFO: Updating jobInformation list
2009-04-21 20:37 - JobOrganizer - INFO: Updating jobInformation list
2009-04-21 20:39 - JobOrganizer - INFO: Updating jobInformation list
2009-04-21 20:42 - JobOrganizer - INFO: Updating jobInformation list
2009-04-21 20:44 - JobOrganizer - INFO: Updating jobInformation list
2009-04-21 20:46 - JobOrganizer - INFO: Updating jobInformation list
2009-04-21 20:48 - JobOrganizer - INFO: Updating jobInformation list
2009-04-21 20:50 - JobOrganizer - INFO: Updating jobInformation list
2009-04-21 20:52 - JobOrganizer - INFO: Updating jobInformation list
2009-04-21 20:54 - JobOrganizer - INFO: Updating jobInformation list
2009-04-21 20:56 - JobOrganizer - INFO: Updating jobInformation list
2009-04-21 20:58 - JobOrganizer - INFO: Updating jobInformation list
2009-04-21 21:00 - JobOrganizer - INFO: Updating jobInformation list
2009-04-21 21:02 - JobOrganizer - INFO: Updating jobInformation list
2009-04-21 21:04 - JobOrganizer - INFO: Updating jobInformation list
2009-04-21 21:06 - JobOrganizer - INFO: Updating jobInformation list
2009-04-21 21:08 - JobOrganizer - INFO: Updating jobInformation list
2009-04-21 21:10 - JobOrganizer - INFO: Updating jobInformation list
2009-04-21 21:12 - JobOrganizer - INFO: Updating jobInformation list
2009-04-21 21:14 - JobOrganizer - INFO: Updating jobInformation list
2009-04-21 21:16 - JobOrganizer - INFO: Updating jobInformation list
2009-04-21 21:18 - JobOrganizer - INFO: Updating jobInformation list
2009-04-21 21:20 - JobOrganizer - INFO: Updating jobInformation list
2009-04-21 21:22 - JobOrganizer - INFO: Updating jobInformation list
2009-04-21 21:24 - JobOrganizer - INFO: Updating jobInformation list
2009-04-21 21:26 - JobOrganizer - INFO: Updating jobInformation list
2009-04-21 21:28 - JobOrganizer - INFO: Updating jobInformation list
2009-04-21 21:30 - JobOrganizer - INFO: Updating jobInformation list
2009-04-21 21:32 - JobOrganizer - INFO: Updating jobInformation list
2009-04-21 21:34 - JobOrganizer - INFO: Updating jobInformation list
2009-04-21 21:36 - JobOrganizer - INFO: Updating jobInformation list
2009-04-21 21:38 - JobOrganizer - INFO: Updating jobInformation list
2009-04-21 21:40 - JobOrganizer - INFO: Updating jobInformation list
2009-04-21 21:42 - JobOrganizer - INFO: Updating jobInformation list
2009-04-21 21:44 - JobOrganizer - INFO: Updating jobInformation list
2009-04-21 21:46 - JobOrganizer - INFO: Updating jobInformation list
2009-04-21 21:48 - JobOrganizer - INFO: Updating jobInformation list
2009-04-21 21:50 - JobOrganizer - INFO: Updating jobInformation list
2009-04-21 21:52 - JobOrganizer - INFO: Updating jobInformation list
2009-04-21 21:55 - JobOrganizer - INFO: Updating jobInformation list
2009-04-21 21:57 - JobOrganizer - INFO: Updating jobInformation list
2009-04-21 21:59 - JobOrganizer - INFO: Updating jobInformation list
2009-04-21 22:01 - JobOrganizer - INFO: Updating jobInformation list
2009-04-21 22:03 - JobOrganizer - INFO: Updating jobInformation list
2009-04-21 22:05 - JobOrganizer - INFO: Updating jobInformation list
2009-04-21 22:07 - JobOrganizer - INFO: Updating jobInformation list
2009-04-21 22:09 - JobOrganizer - INFO: Updating jobInformation list
2009-04-21 22:11 - JobOrganizer - INFO: Updating jobInformation list
2009-04-21 22:13 - JobOrganizer - INFO: Updating jobInformation list
2009-04-21 22:15 - JobOrganizer - INFO: Updating jobInformation list
2009-04-21 22:17 - JobOrganizer - INFO: Updating jobInformation list
2009-04-21 22:19 - JobOrganizer - INFO: Updating jobInformation list
2009-04-21 22:21 - JobOrganizer - INFO: Updating jobInformation list
2009-04-21 22:23 - JobOrganizer - INFO: Updating jobInformation list
2009-04-21 22:25 - JobOrganizer - INFO: Updating jobInformation list
2009-04-21 22:27 - JobOrganizer - INFO: Updating jobInformation list
2009-04-21 22:29 - JobOrganizer - INFO: Updating jobInformation list
2009-04-21 22:31 - JobOrganizer - INFO: Updating jobInformation list
2009-04-21 22:33 - JobOrganizer - INFO: Updating jobInformation list
2009-04-21 22:35 - JobOrganizer - INFO: Updating jobInformation list
2009-04-21 22:37 - JobOrganizer - INFO: Updating jobInformation list
2009-04-21 22:39 - JobOrganizer - INFO: Updating jobInformation list
2009-04-21 22:41 - JobOrganizer - INFO: Updating jobInformation list
2009-04-21 22:43 - JobOrganizer - INFO: Updating jobInformation list
2009-04-21 22:45 - JobOrganizer - INFO: Updating jobInformation list
2009-04-21 22:47 - JobOrganizer - INFO: Updating jobInformation list
2009-04-21 22:49 - JobOrganizer - INFO: Updating jobInformation list
2009-04-21 22:51 - JobOrganizer - INFO: Updating jobInformation list
2009-04-21 22:53 - JobOrganizer - INFO: Updating jobInformation list
2009-04-21 22:55 - JobOrganizer - INFO: Updating jobInformation list
2009-04-21 22:57 - JobOrganizer - INFO: Updating jobInformation list
2009-04-21 22:59 - JobOrganizer - INFO: Updating jobInformation list
2009-04-21 23:01 - JobOrganizer - INFO: Updating jobInformation list
2009-04-21 23:03 - JobOrganizer - INFO: Updating jobInformation list
2009-04-21 23:05 - JobOrganizer - INFO: Updating jobInformation list
2009-04-21 23:07 - JobOrganizer - INFO: Updating jobInformation list
2009-04-21 23:09 - JobOrganizer - INFO: Updating jobInformation list
2009-04-21 23:11 - JobOrganizer - INFO: Updating jobInformation list
2009-04-21 23:13 - JobOrganizer - INFO: Updating jobInformation list
2009-04-21 23:15 - JobOrganizer - INFO: Updating jobInformation list
2009-04-21 23:18 - JobOrganizer - INFO: Updating jobInformation list
2009-04-21 23:20 - JobOrganizer - INFO: Updating jobInformation list
2009-04-21 23:22 - JobOrganizer - INFO: Updating jobInformation list
2009-04-21 23:24 - JobOrganizer - INFO: Updating jobInformation list
2009-04-21 23:26 - JobOrganizer - INFO: Updating jobInformation list
2009-04-21 23:28 - JobOrganizer - INFO: Updating jobInformation list
2009-04-21 23:30 - JobOrganizer - INFO: Updating jobInformation list
2009-04-21 23:32 - JobOrganizer - INFO: Updating jobInformation list
2009-04-21 23:34 - JobOrganizer - INFO: Updating jobInformation list
2009-04-21 23:36 - JobOrganizer - INFO: Updating jobInformation list
2009-04-21 23:38 - JobOrganizer - INFO: Updating jobInformation list
2009-04-21 23:40 - JobOrganizer - INFO: Updating jobInformation list
2009-04-21 23:42 - JobOrganizer - INFO: Updating jobInformation list
2009-04-21 23:44 - JobOrganizer - INFO: Updating jobInformation list
2009-04-21 23:46 - JobOrganizer - INFO: Updating jobInformation list
2009-04-21 23:48 - JobOrganizer - INFO: Updating jobInformation list
2009-04-21 23:50 - JobOrganizer - INFO: Updating jobInformation list
2009-04-21 23:52 - JobOrganizer - INFO: Updating jobInformation list
2009-04-21 23:54 - JobOrganizer - INFO: Updating jobInformation list
2009-04-21 23:56 - JobOrganizer - INFO: Updating jobInformation list
2009-04-21 23:58 - JobOrganizer - INFO: Updating jobInformation list
2009-04-22 00:00 - JobOrganizer - INFO: Updating jobInformation list
