2009-04-12 00:00 - JobOrganizer - INFO: ========================================
2009-04-12 00:00 - JobOrganizer - INFO: JobOrganizer in init
2009-04-12 00:00 - JobOrganizer - INFO: init file JobOrganizerConfig.py was found
2009-04-12 00:00 - JobOrganizer - INFO: retrieveing Db parameters from JobOrganizerConfig.py file
2009-04-12 00:00 - JobOrganizer - INFO: creating job configurations from JobOrganizerConfig.py file
2009-04-12 00:00 - JobOrganizer - INFO: JobOrganizer initialized
2009-04-12 00:00 - JobOrganizer - INFO: ========================================
2009-04-12 00:02 - JobOrganizer - INFO: Updating jobInformation list
2009-04-12 00:04 - JobOrganizer - INFO: Updating jobInformation list
2009-04-12 00:06 - JobOrganizer - INFO: Updating jobInformation list
2009-04-12 00:08 - JobOrganizer - INFO: Updating jobInformation list
2009-04-12 00:10 - JobOrganizer - INFO: Updating jobInformation list
2009-04-12 00:12 - JobOrganizer - INFO: Updating jobInformation list
2009-04-12 00:14 - JobOrganizer - INFO: Updating jobInformation list
2009-04-12 00:16 - JobOrganizer - INFO: Updating jobInformation list
2009-04-12 00:18 - JobOrganizer - INFO: Updating jobInformation list
2009-04-12 00:20 - JobOrganizer - INFO: Updating jobInformation list
2009-04-12 00:22 - JobOrganizer - INFO: Updating jobInformation list
2009-04-12 00:24 - JobOrganizer - INFO: Updating jobInformation list
2009-04-12 00:27 - JobOrganizer - INFO: Updating jobInformation list
2009-04-12 00:29 - JobOrganizer - INFO: Updating jobInformation list
2009-04-12 00:31 - JobOrganizer - INFO: Updating jobInformation list
2009-04-12 00:33 - JobOrganizer - INFO: Updating jobInformation list
2009-04-12 00:35 - JobOrganizer - INFO: Updating jobInformation list
2009-04-12 00:37 - JobOrganizer - INFO: Updating jobInformation list
2009-04-12 00:39 - JobOrganizer - INFO: Updating jobInformation list
2009-04-12 00:41 - JobOrganizer - INFO: Updating jobInformation list
2009-04-12 00:43 - JobOrganizer - INFO: Updating jobInformation list
2009-04-12 00:45 - JobOrganizer - INFO: Updating jobInformation list
2009-04-12 00:47 - JobOrganizer - INFO: Updating jobInformation list
2009-04-12 00:49 - JobOrganizer - INFO: Updating jobInformation list
2009-04-12 00:51 - JobOrganizer - INFO: Updating jobInformation list
2009-04-12 00:53 - JobOrganizer - INFO: Updating jobInformation list
2009-04-12 00:55 - JobOrganizer - INFO: Updating jobInformation list
2009-04-12 00:57 - JobOrganizer - INFO: Updating jobInformation list
2009-04-12 00:59 - JobOrganizer - INFO: Updating jobInformation list
2009-04-12 01:01 - JobOrganizer - INFO: Updating jobInformation list
2009-04-12 01:03 - JobOrganizer - INFO: Updating jobInformation list
2009-04-12 01:05 - JobOrganizer - INFO: Updating jobInformation list
2009-04-12 01:07 - JobOrganizer - INFO: Updating jobInformation list
2009-04-12 01:09 - JobOrganizer - INFO: Updating jobInformation list
2009-04-12 01:11 - JobOrganizer - INFO: Updating jobInformation list
2009-04-12 01:13 - JobOrganizer - INFO: Updating jobInformation list
2009-04-12 01:15 - JobOrganizer - INFO: Updating jobInformation list
2009-04-12 01:17 - JobOrganizer - INFO: Updating jobInformation list
2009-04-12 01:19 - JobOrganizer - INFO: Updating jobInformation list
2009-04-12 01:21 - JobOrganizer - INFO: Updating jobInformation list
2009-04-12 01:23 - JobOrganizer - INFO: Updating jobInformation list
2009-04-12 01:25 - JobOrganizer - INFO: Updating jobInformation list
2009-04-12 01:27 - JobOrganizer - INFO: Updating jobInformation list
2009-04-12 01:29 - JobOrganizer - INFO: Updating jobInformation list
2009-04-12 01:31 - JobOrganizer - INFO: Updating jobInformation list
2009-04-12 01:33 - JobOrganizer - INFO: Updating jobInformation list
2009-04-12 01:35 - JobOrganizer - INFO: Updating jobInformation list
2009-04-12 01:37 - JobOrganizer - INFO: Updating jobInformation list
2009-04-12 01:39 - JobOrganizer - INFO: Updating jobInformation list
2009-04-12 01:41 - JobOrganizer - INFO: Updating jobInformation list
2009-04-12 01:43 - JobOrganizer - INFO: Updating jobInformation list
2009-04-12 01:45 - JobOrganizer - INFO: Updating jobInformation list
2009-04-12 01:47 - JobOrganizer - INFO: Updating jobInformation list
2009-04-12 01:49 - JobOrganizer - INFO: Updating jobInformation list
2009-04-12 01:51 - JobOrganizer - INFO: Updating jobInformation list
2009-04-12 01:53 - JobOrganizer - INFO: Updating jobInformation list
2009-04-12 01:55 - JobOrganizer - INFO: Updating jobInformation list
2009-04-12 01:57 - JobOrganizer - INFO: Updating jobInformation list
2009-04-12 01:59 - JobOrganizer - INFO: Updating jobInformation list
2009-04-12 02:01 - JobOrganizer - INFO: Updating jobInformation list
2009-04-12 02:03 - JobOrganizer - INFO: Updating jobInformation list
2009-04-12 02:05 - JobOrganizer - INFO: Updating jobInformation list
2009-04-12 02:07 - JobOrganizer - INFO: Updating jobInformation list
2009-04-12 02:09 - JobOrganizer - INFO: Updating jobInformation list
2009-04-12 02:11 - JobOrganizer - INFO: Updating jobInformation list
2009-04-12 02:13 - JobOrganizer - INFO: Updating jobInformation list
2009-04-12 02:15 - JobOrganizer - INFO: Updating jobInformation list
2009-04-12 02:17 - JobOrganizer - INFO: Updating jobInformation list
2009-04-12 02:19 - JobOrganizer - INFO: Updating jobInformation list
2009-04-12 02:21 - JobOrganizer - INFO: Updating jobInformation list
2009-04-12 02:23 - JobOrganizer - INFO: Updating jobInformation list
2009-04-12 02:25 - JobOrganizer - INFO: Updating jobInformation list
2009-04-12 02:27 - JobOrganizer - INFO: Updating jobInformation list
2009-04-12 02:29 - JobOrganizer - INFO: Updating jobInformation list
2009-04-12 02:31 - JobOrganizer - INFO: Updating jobInformation list
2009-04-12 02:33 - JobOrganizer - INFO: Updating jobInformation list
2009-04-12 02:35 - JobOrganizer - INFO: Updating jobInformation list
2009-04-12 02:37 - JobOrganizer - INFO: Updating jobInformation list
2009-04-12 02:39 - JobOrganizer - INFO: Updating jobInformation list
2009-04-12 02:41 - JobOrganizer - INFO: Updating jobInformation list
2009-04-12 02:43 - JobOrganizer - INFO: Updating jobInformation list
2009-04-12 02:45 - JobOrganizer - INFO: Updating jobInformation list
2009-04-12 02:47 - JobOrganizer - INFO: Updating jobInformation list
2009-04-12 02:49 - JobOrganizer - INFO: Updating jobInformation list
2009-04-12 02:51 - JobOrganizer - INFO: Updating jobInformation list
2009-04-12 02:53 - JobOrganizer - INFO: Updating jobInformation list
2009-04-12 02:55 - JobOrganizer - INFO: Updating jobInformation list
2009-04-12 02:57 - JobOrganizer - INFO: Updating jobInformation list
2009-04-12 02:59 - JobOrganizer - INFO: Updating jobInformation list
2009-04-12 03:02 - JobOrganizer - INFO: Updating jobInformation list
2009-04-12 03:04 - JobOrganizer - INFO: Updating jobInformation list
2009-04-12 03:06 - JobOrganizer - INFO: Updating jobInformation list
2009-04-12 03:08 - JobOrganizer - INFO: Updating jobInformation list
2009-04-12 03:10 - JobOrganizer - INFO: Updating jobInformation list
2009-04-12 03:12 - JobOrganizer - INFO: Updating jobInformation list
2009-04-12 03:14 - JobOrganizer - INFO: Updating jobInformation list
2009-04-12 03:16 - JobOrganizer - INFO: Updating jobInformation list
2009-04-12 03:18 - JobOrganizer - INFO: Updating jobInformation list
2009-04-12 03:20 - JobOrganizer - INFO: Updating jobInformation list
2009-04-12 03:22 - JobOrganizer - INFO: Updating jobInformation list
2009-04-12 03:24 - JobOrganizer - INFO: Updating jobInformation list
2009-04-12 03:26 - JobOrganizer - INFO: Updating jobInformation list
2009-04-12 03:28 - JobOrganizer - INFO: Updating jobInformation list
2009-04-12 03:30 - JobOrganizer - INFO: Updating jobInformation list
2009-04-12 03:32 - JobOrganizer - INFO: Updating jobInformation list
2009-04-12 03:34 - JobOrganizer - INFO: Updating jobInformation list
2009-04-12 03:36 - JobOrganizer - INFO: Updating jobInformation list
2009-04-12 03:38 - JobOrganizer - INFO: Updating jobInformation list
2009-04-12 03:40 - JobOrganizer - INFO: Updating jobInformation list
2009-04-12 03:42 - JobOrganizer - INFO: Updating jobInformation list
2009-04-12 03:44 - JobOrganizer - INFO: Updating jobInformation list
2009-04-12 03:46 - JobOrganizer - INFO: Updating jobInformation list
2009-04-12 03:48 - JobOrganizer - INFO: Updating jobInformation list
2009-04-12 03:50 - JobOrganizer - INFO: Updating jobInformation list
2009-04-12 03:52 - JobOrganizer - INFO: Updating jobInformation list
2009-04-12 03:54 - JobOrganizer - INFO: Updating jobInformation list
2009-04-12 03:56 - JobOrganizer - INFO: Updating jobInformation list
2009-04-12 03:58 - JobOrganizer - INFO: Updating jobInformation list
2009-04-12 04:00 - JobOrganizer - INFO: Updating jobInformation list
2009-04-12 04:02 - JobOrganizer - INFO: Updating jobInformation list
2009-04-12 04:04 - JobOrganizer - INFO: Updating jobInformation list
2009-04-12 04:06 - JobOrganizer - INFO: Updating jobInformation list
2009-04-12 04:09 - JobOrganizer - INFO: Updating jobInformation list
2009-04-12 04:11 - JobOrganizer - INFO: Updating jobInformation list
2009-04-12 04:13 - JobOrganizer - INFO: Updating jobInformation list
2009-04-12 04:15 - JobOrganizer - INFO: Updating jobInformation list
2009-04-12 04:18 - JobOrganizer - INFO: Updating jobInformation list
2009-04-12 04:20 - JobOrganizer - INFO: Updating jobInformation list
2009-04-12 04:22 - JobOrganizer - INFO: Updating jobInformation list
2009-04-12 04:24 - JobOrganizer - INFO: Updating jobInformation list
2009-04-12 04:26 - JobOrganizer - INFO: Updating jobInformation list
2009-04-12 04:28 - JobOrganizer - INFO: Updating jobInformation list
2009-04-12 04:30 - JobOrganizer - INFO: Updating jobInformation list
2009-04-12 04:32 - JobOrganizer - INFO: Updating jobInformation list
2009-04-12 04:34 - JobOrganizer - INFO: Updating jobInformation list
2009-04-12 04:36 - JobOrganizer - INFO: Updating jobInformation list
2009-04-12 04:38 - JobOrganizer - INFO: Updating jobInformation list
2009-04-12 04:40 - JobOrganizer - INFO: Updating jobInformation list
2009-04-12 04:42 - JobOrganizer - INFO: Updating jobInformation list
2009-04-12 04:44 - JobOrganizer - INFO: Updating jobInformation list
2009-04-12 04:46 - JobOrganizer - INFO: Updating jobInformation list
2009-04-12 04:48 - JobOrganizer - INFO: Updating jobInformation list
2009-04-12 04:50 - JobOrganizer - INFO: Updating jobInformation list
2009-04-12 04:52 - JobOrganizer - INFO: Updating jobInformation list
2009-04-12 04:54 - JobOrganizer - INFO: Updating jobInformation list
2009-04-12 04:56 - JobOrganizer - INFO: Updating jobInformation list
2009-04-12 04:58 - JobOrganizer - INFO: Updating jobInformation list
2009-04-12 05:00 - JobOrganizer - INFO: Updating jobInformation list
2009-04-12 05:02 - JobOrganizer - INFO: Updating jobInformation list
2009-04-12 05:04 - JobOrganizer - INFO: Updating jobInformation list
2009-04-12 05:06 - JobOrganizer - INFO: Updating jobInformation list
2009-04-12 05:08 - JobOrganizer - INFO: Updating jobInformation list
2009-04-12 05:10 - JobOrganizer - INFO: Updating jobInformation list
2009-04-12 05:12 - JobOrganizer - INFO: Updating jobInformation list
2009-04-12 05:14 - JobOrganizer - INFO: Updating jobInformation list
2009-04-12 05:16 - JobOrganizer - INFO: Updating jobInformation list
2009-04-12 05:18 - JobOrganizer - INFO: Updating jobInformation list
2009-04-12 05:20 - JobOrganizer - INFO: Updating jobInformation list
2009-04-12 05:22 - JobOrganizer - INFO: Updating jobInformation list
2009-04-12 05:24 - JobOrganizer - INFO: Updating jobInformation list
2009-04-12 05:26 - JobOrganizer - INFO: Updating jobInformation list
2009-04-12 05:28 - JobOrganizer - INFO: Updating jobInformation list
2009-04-12 05:30 - JobOrganizer - INFO: Updating jobInformation list
2009-04-12 05:32 - JobOrganizer - INFO: Updating jobInformation list
2009-04-12 05:34 - JobOrganizer - INFO: Updating jobInformation list
2009-04-12 05:36 - JobOrganizer - INFO: Updating jobInformation list
2009-04-12 05:38 - JobOrganizer - INFO: Updating jobInformation list
2009-04-12 05:40 - JobOrganizer - INFO: Updating jobInformation list
2009-04-12 05:42 - JobOrganizer - INFO: Updating jobInformation list
2009-04-12 05:44 - JobOrganizer - INFO: Updating jobInformation list
2009-04-12 05:46 - JobOrganizer - INFO: Updating jobInformation list
2009-04-12 05:48 - JobOrganizer - INFO: Updating jobInformation list
2009-04-12 05:50 - JobOrganizer - INFO: Updating jobInformation list
2009-04-12 05:52 - JobOrganizer - INFO: Updating jobInformation list
2009-04-12 05:54 - JobOrganizer - INFO: Updating jobInformation list
2009-04-12 05:56 - JobOrganizer - INFO: Updating jobInformation list
2009-04-12 05:58 - JobOrganizer - INFO: Updating jobInformation list
2009-04-12 06:00 - JobOrganizer - INFO: Updating jobInformation list
2009-04-12 06:02 - JobOrganizer - INFO: Updating jobInformation list
2009-04-12 06:04 - JobOrganizer - INFO: Updating jobInformation list
2009-04-12 06:06 - JobOrganizer - INFO: Updating jobInformation list
2009-04-12 06:08 - JobOrganizer - INFO: Updating jobInformation list
2009-04-12 06:10 - JobOrganizer - INFO: Updating jobInformation list
2009-04-12 06:12 - JobOrganizer - INFO: Updating jobInformation list
2009-04-12 06:14 - JobOrganizer - INFO: Updating jobInformation list
2009-04-12 06:16 - JobOrganizer - INFO: Updating jobInformation list
2009-04-12 06:18 - JobOrganizer - INFO: Updating jobInformation list
2009-04-12 06:20 - JobOrganizer - INFO: Updating jobInformation list
2009-04-12 06:22 - JobOrganizer - INFO: Updating jobInformation list
2009-04-12 06:24 - JobOrganizer - INFO: Updating jobInformation list
2009-04-12 06:26 - JobOrganizer - INFO: Updating jobInformation list
2009-04-12 06:28 - JobOrganizer - INFO: Updating jobInformation list
2009-04-12 06:30 - JobOrganizer - INFO: Updating jobInformation list
2009-04-12 06:32 - JobOrganizer - INFO: Updating jobInformation list
2009-04-12 06:34 - JobOrganizer - INFO: Updating jobInformation list
2009-04-12 06:36 - JobOrganizer - INFO: Updating jobInformation list
2009-04-12 06:39 - JobOrganizer - INFO: Updating jobInformation list
2009-04-12 06:41 - JobOrganizer - INFO: Updating jobInformation list
2009-04-12 06:43 - JobOrganizer - INFO: Updating jobInformation list
2009-04-12 06:45 - JobOrganizer - INFO: Updating jobInformation list
2009-04-12 06:47 - JobOrganizer - INFO: Updating jobInformation list
2009-04-12 06:49 - JobOrganizer - INFO: Updating jobInformation list
2009-04-12 06:51 - JobOrganizer - INFO: Updating jobInformation list
2009-04-12 06:53 - JobOrganizer - INFO: Updating jobInformation list
2009-04-12 06:55 - JobOrganizer - INFO: Updating jobInformation list
2009-04-12 06:57 - JobOrganizer - INFO: Updating jobInformation list
2009-04-12 06:59 - JobOrganizer - INFO: Updating jobInformation list
2009-04-12 07:01 - JobOrganizer - INFO: Updating jobInformation list
2009-04-12 07:03 - JobOrganizer - INFO: Updating jobInformation list
2009-04-12 07:05 - JobOrganizer - INFO: Updating jobInformation list
2009-04-12 07:07 - JobOrganizer - INFO: Updating jobInformation list
2009-04-12 07:09 - JobOrganizer - INFO: Updating jobInformation list
2009-04-12 07:11 - JobOrganizer - INFO: Updating jobInformation list
2009-04-12 07:13 - JobOrganizer - INFO: Updating jobInformation list
2009-04-12 07:15 - JobOrganizer - INFO: Updating jobInformation list
2009-04-12 07:17 - JobOrganizer - INFO: Updating jobInformation list
2009-04-12 07:19 - JobOrganizer - INFO: Updating jobInformation list
2009-04-12 07:21 - JobOrganizer - INFO: Updating jobInformation list
2009-04-12 07:23 - JobOrganizer - INFO: Updating jobInformation list
2009-04-12 07:25 - JobOrganizer - INFO: Updating jobInformation list
2009-04-12 07:27 - JobOrganizer - INFO: Updating jobInformation list
2009-04-12 07:29 - JobOrganizer - INFO: Updating jobInformation list
2009-04-12 07:31 - JobOrganizer - INFO: Updating jobInformation list
2009-04-12 07:33 - JobOrganizer - INFO: Updating jobInformation list
2009-04-12 07:35 - JobOrganizer - INFO: Updating jobInformation list
2009-04-12 07:37 - JobOrganizer - INFO: Updating jobInformation list
2009-04-12 07:39 - JobOrganizer - INFO: Updating jobInformation list
2009-04-12 07:41 - JobOrganizer - INFO: Updating jobInformation list
2009-04-12 07:43 - JobOrganizer - INFO: Updating jobInformation list
2009-04-12 07:45 - JobOrganizer - INFO: Updating jobInformation list
2009-04-12 07:47 - JobOrganizer - INFO: Updating jobInformation list
2009-04-12 07:49 - JobOrganizer - INFO: Updating jobInformation list
2009-04-12 07:51 - JobOrganizer - INFO: Updating jobInformation list
2009-04-12 07:53 - JobOrganizer - INFO: Updating jobInformation list
2009-04-12 07:55 - JobOrganizer - INFO: Updating jobInformation list
2009-04-12 07:57 - JobOrganizer - INFO: Updating jobInformation list
2009-04-12 07:59 - JobOrganizer - INFO: Updating jobInformation list
2009-04-12 08:01 - JobOrganizer - INFO: Updating jobInformation list
2009-04-12 08:03 - JobOrganizer - INFO: Updating jobInformation list
2009-04-12 08:05 - JobOrganizer - INFO: Updating jobInformation list
2009-04-12 08:07 - JobOrganizer - INFO: Updating jobInformation list
2009-04-12 08:09 - JobOrganizer - INFO: Updating jobInformation list
2009-04-12 08:11 - JobOrganizer - INFO: Updating jobInformation list
2009-04-12 08:13 - JobOrganizer - INFO: Updating jobInformation list
2009-04-12 08:15 - JobOrganizer - INFO: Updating jobInformation list
2009-04-12 08:17 - JobOrganizer - INFO: Updating jobInformation list
2009-04-12 08:19 - JobOrganizer - INFO: Updating jobInformation list
2009-04-12 08:21 - JobOrganizer - INFO: Updating jobInformation list
2009-04-12 08:23 - JobOrganizer - INFO: Updating jobInformation list
2009-04-12 08:25 - JobOrganizer - INFO: Updating jobInformation list
2009-04-12 08:27 - JobOrganizer - INFO: Updating jobInformation list
2009-04-12 08:29 - JobOrganizer - INFO: Updating jobInformation list
2009-04-12 08:31 - JobOrganizer - INFO: Updating jobInformation list
2009-04-12 08:33 - JobOrganizer - INFO: Updating jobInformation list
2009-04-12 08:35 - JobOrganizer - INFO: Updating jobInformation list
2009-04-12 08:37 - JobOrganizer - INFO: Updating jobInformation list
2009-04-12 08:39 - JobOrganizer - INFO: Updating jobInformation list
2009-04-12 08:41 - JobOrganizer - INFO: Updating jobInformation list
2009-04-12 08:44 - JobOrganizer - INFO: Updating jobInformation list
2009-04-12 08:46 - JobOrganizer - INFO: Updating jobInformation list
2009-04-12 08:48 - JobOrganizer - INFO: Updating jobInformation list
2009-04-12 08:50 - JobOrganizer - INFO: Updating jobInformation list
2009-04-12 08:52 - JobOrganizer - INFO: Updating jobInformation list
2009-04-12 08:54 - JobOrganizer - INFO: Updating jobInformation list
2009-04-12 08:56 - JobOrganizer - INFO: Updating jobInformation list
2009-04-12 08:58 - JobOrganizer - INFO: Updating jobInformation list
2009-04-12 09:00 - JobOrganizer - INFO: Updating jobInformation list
2009-04-12 09:02 - JobOrganizer - INFO: Updating jobInformation list
2009-04-12 09:04 - JobOrganizer - INFO: Updating jobInformation list
2009-04-12 09:06 - JobOrganizer - INFO: Updating jobInformation list
2009-04-12 09:08 - JobOrganizer - INFO: Updating jobInformation list
2009-04-12 09:10 - JobOrganizer - INFO: Updating jobInformation list
2009-04-12 09:12 - JobOrganizer - INFO: Updating jobInformation list
2009-04-12 09:14 - JobOrganizer - INFO: Updating jobInformation list
2009-04-12 09:16 - JobOrganizer - INFO: Updating jobInformation list
2009-04-12 09:18 - JobOrganizer - INFO: Updating jobInformation list
2009-04-12 09:20 - JobOrganizer - INFO: Updating jobInformation list
2009-04-12 09:22 - JobOrganizer - INFO: Updating jobInformation list
2009-04-12 09:24 - JobOrganizer - INFO: Updating jobInformation list
2009-04-12 09:26 - JobOrganizer - INFO: Updating jobInformation list
2009-04-12 09:28 - JobOrganizer - INFO: Updating jobInformation list
2009-04-12 09:30 - JobOrganizer - INFO: Updating jobInformation list
2009-04-12 09:32 - JobOrganizer - INFO: Updating jobInformation list
2009-04-12 09:34 - JobOrganizer - INFO: Updating jobInformation list
2009-04-12 09:36 - JobOrganizer - INFO: Updating jobInformation list
2009-04-12 09:38 - JobOrganizer - INFO: Updating jobInformation list
2009-04-12 09:40 - JobOrganizer - INFO: Updating jobInformation list
2009-04-12 09:42 - JobOrganizer - INFO: Updating jobInformation list
2009-04-12 09:44 - JobOrganizer - INFO: Updating jobInformation list
2009-04-12 09:46 - JobOrganizer - INFO: Updating jobInformation list
2009-04-12 09:48 - JobOrganizer - INFO: Updating jobInformation list
2009-04-12 09:50 - JobOrganizer - INFO: Updating jobInformation list
2009-04-12 09:52 - JobOrganizer - INFO: Updating jobInformation list
2009-04-12 09:54 - JobOrganizer - INFO: Updating jobInformation list
2009-04-12 09:56 - JobOrganizer - INFO: Updating jobInformation list
2009-04-12 09:58 - JobOrganizer - INFO: Updating jobInformation list
2009-04-12 10:00 - JobOrganizer - INFO: Updating jobInformation list
2009-04-12 10:02 - JobOrganizer - INFO: Updating jobInformation list
2009-04-12 10:04 - JobOrganizer - INFO: Updating jobInformation list
2009-04-12 10:06 - JobOrganizer - INFO: Updating jobInformation list
2009-04-12 10:08 - JobOrganizer - INFO: Updating jobInformation list
2009-04-12 10:10 - JobOrganizer - INFO: Updating jobInformation list
2009-04-12 10:12 - JobOrganizer - INFO: Updating jobInformation list
2009-04-12 10:14 - JobOrganizer - INFO: Updating jobInformation list
2009-04-12 10:16 - JobOrganizer - INFO: Updating jobInformation list
2009-04-12 10:18 - JobOrganizer - INFO: Updating jobInformation list
2009-04-12 10:20 - JobOrganizer - INFO: Updating jobInformation list
2009-04-12 10:22 - JobOrganizer - INFO: Updating jobInformation list
2009-04-12 10:24 - JobOrganizer - INFO: Updating jobInformation list
2009-04-12 10:26 - JobOrganizer - INFO: Updating jobInformation list
2009-04-12 10:28 - JobOrganizer - INFO: Updating jobInformation list
2009-04-12 10:30 - JobOrganizer - INFO: Updating jobInformation list
2009-04-12 10:32 - JobOrganizer - INFO: Updating jobInformation list
2009-04-12 10:34 - JobOrganizer - INFO: Updating jobInformation list
2009-04-12 10:36 - JobOrganizer - INFO: Updating jobInformation list
2009-04-12 10:38 - JobOrganizer - INFO: Updating jobInformation list
2009-04-12 10:40 - JobOrganizer - INFO: Updating jobInformation list
2009-04-12 10:42 - JobOrganizer - INFO: Updating jobInformation list
2009-04-12 10:44 - JobOrganizer - INFO: Updating jobInformation list
2009-04-12 10:46 - JobOrganizer - INFO: Updating jobInformation list
2009-04-12 10:48 - JobOrganizer - INFO: Updating jobInformation list
2009-04-12 10:50 - JobOrganizer - INFO: Updating jobInformation list
2009-04-12 10:52 - JobOrganizer - INFO: Updating jobInformation list
2009-04-12 10:54 - JobOrganizer - INFO: Updating jobInformation list
2009-04-12 10:56 - JobOrganizer - INFO: Updating jobInformation list
2009-04-12 10:58 - JobOrganizer - INFO: Updating jobInformation list
2009-04-12 11:00 - JobOrganizer - INFO: Updating jobInformation list
2009-04-12 11:02 - JobOrganizer - INFO: Updating jobInformation list
2009-04-12 11:04 - JobOrganizer - INFO: Updating jobInformation list
2009-04-12 11:07 - JobOrganizer - INFO: Updating jobInformation list
2009-04-12 11:09 - JobOrganizer - INFO: Updating jobInformation list
2009-04-12 11:11 - JobOrganizer - INFO: Updating jobInformation list
2009-04-12 11:13 - JobOrganizer - INFO: Updating jobInformation list
2009-04-12 11:15 - JobOrganizer - INFO: Updating jobInformation list
2009-04-12 11:17 - JobOrganizer - INFO: Updating jobInformation list
2009-04-12 11:19 - JobOrganizer - INFO: Updating jobInformation list
2009-04-12 11:21 - JobOrganizer - INFO: Updating jobInformation list
2009-04-12 11:23 - JobOrganizer - INFO: Updating jobInformation list
2009-04-12 11:25 - JobOrganizer - INFO: Updating jobInformation list
2009-04-12 11:27 - JobOrganizer - INFO: Updating jobInformation list
2009-04-12 11:29 - JobOrganizer - INFO: Updating jobInformation list
2009-04-12 11:31 - JobOrganizer - INFO: Updating jobInformation list
2009-04-12 11:33 - JobOrganizer - INFO: Updating jobInformation list
2009-04-12 11:35 - JobOrganizer - INFO: Updating jobInformation list
2009-04-12 11:37 - JobOrganizer - INFO: Updating jobInformation list
2009-04-12 11:39 - JobOrganizer - INFO: Updating jobInformation list
2009-04-12 11:41 - JobOrganizer - INFO: Updating jobInformation list
2009-04-12 11:43 - JobOrganizer - INFO: Updating jobInformation list
2009-04-12 11:45 - JobOrganizer - INFO: Updating jobInformation list
2009-04-12 11:47 - JobOrganizer - INFO: Updating jobInformation list
2009-04-12 11:49 - JobOrganizer - INFO: Updating jobInformation list
2009-04-12 11:51 - JobOrganizer - INFO: Updating jobInformation list
2009-04-12 11:53 - JobOrganizer - INFO: Updating jobInformation list
2009-04-12 11:55 - JobOrganizer - INFO: Updating jobInformation list
2009-04-12 11:57 - JobOrganizer - INFO: Updating jobInformation list
2009-04-12 11:59 - JobOrganizer - INFO: Updating jobInformation list
2009-04-12 12:01 - JobOrganizer - INFO: Updating jobInformation list
2009-04-12 12:03 - JobOrganizer - INFO: Updating jobInformation list
2009-04-12 12:05 - JobOrganizer - INFO: Updating jobInformation list
2009-04-12 12:07 - JobOrganizer - INFO: Updating jobInformation list
2009-04-12 12:10 - JobOrganizer - INFO: Updating jobInformation list
2009-04-12 12:12 - JobOrganizer - INFO: Updating jobInformation list
2009-04-12 12:14 - JobOrganizer - INFO: Updating jobInformation list
2009-04-12 12:16 - JobOrganizer - INFO: Updating jobInformation list
2009-04-12 12:18 - JobOrganizer - INFO: Updating jobInformation list
2009-04-12 12:20 - JobOrganizer - INFO: Updating jobInformation list
2009-04-12 12:22 - JobOrganizer - INFO: Updating jobInformation list
2009-04-12 12:24 - JobOrganizer - INFO: Updating jobInformation list
2009-04-12 12:26 - JobOrganizer - INFO: Updating jobInformation list
2009-04-12 12:28 - JobOrganizer - INFO: Updating jobInformation list
2009-04-12 12:30 - JobOrganizer - INFO: Updating jobInformation list
2009-04-12 12:32 - JobOrganizer - INFO: Updating jobInformation list
2009-04-12 12:34 - JobOrganizer - INFO: Updating jobInformation list
2009-04-12 12:36 - JobOrganizer - INFO: Updating jobInformation list
2009-04-12 12:38 - JobOrganizer - INFO: Updating jobInformation list
2009-04-12 12:40 - JobOrganizer - INFO: Updating jobInformation list
2009-04-12 12:42 - JobOrganizer - INFO: Updating jobInformation list
2009-04-12 12:44 - JobOrganizer - INFO: Updating jobInformation list
2009-04-12 12:46 - JobOrganizer - INFO: Updating jobInformation list
2009-04-12 12:48 - JobOrganizer - INFO: Updating jobInformation list
2009-04-12 12:50 - JobOrganizer - INFO: Updating jobInformation list
2009-04-12 12:52 - JobOrganizer - INFO: Updating jobInformation list
2009-04-12 12:54 - JobOrganizer - INFO: Updating jobInformation list
2009-04-12 12:56 - JobOrganizer - INFO: Updating jobInformation list
2009-04-12 12:58 - JobOrganizer - INFO: Updating jobInformation list
2009-04-12 13:00 - JobOrganizer - INFO: Updating jobInformation list
2009-04-12 13:02 - JobOrganizer - INFO: Updating jobInformation list
2009-04-12 13:04 - JobOrganizer - INFO: Updating jobInformation list
2009-04-12 13:06 - JobOrganizer - INFO: Updating jobInformation list
2009-04-12 13:08 - JobOrganizer - INFO: Updating jobInformation list
2009-04-12 13:10 - JobOrganizer - INFO: Updating jobInformation list
2009-04-12 13:12 - JobOrganizer - INFO: Updating jobInformation list
2009-04-12 13:14 - JobOrganizer - INFO: Updating jobInformation list
2009-04-12 13:16 - JobOrganizer - INFO: Updating jobInformation list
2009-04-12 13:18 - JobOrganizer - INFO: Updating jobInformation list
2009-04-12 13:20 - JobOrganizer - INFO: Updating jobInformation list
2009-04-12 13:22 - JobOrganizer - INFO: Updating jobInformation list
2009-04-12 13:24 - JobOrganizer - INFO: Updating jobInformation list
2009-04-12 13:26 - JobOrganizer - INFO: Updating jobInformation list
2009-04-12 13:28 - JobOrganizer - INFO: Updating jobInformation list
2009-04-12 13:30 - JobOrganizer - INFO: Updating jobInformation list
2009-04-12 13:32 - JobOrganizer - INFO: Updating jobInformation list
2009-04-12 13:34 - JobOrganizer - INFO: Updating jobInformation list
2009-04-12 13:36 - JobOrganizer - INFO: Updating jobInformation list
2009-04-12 13:38 - JobOrganizer - INFO: Updating jobInformation list
2009-04-12 13:41 - JobOrganizer - INFO: Updating jobInformation list
2009-04-12 13:43 - JobOrganizer - INFO: Updating jobInformation list
2009-04-12 13:45 - JobOrganizer - INFO: Updating jobInformation list
2009-04-12 13:47 - JobOrganizer - INFO: Updating jobInformation list
2009-04-12 13:49 - JobOrganizer - INFO: Updating jobInformation list
2009-04-12 13:51 - JobOrganizer - INFO: Updating jobInformation list
2009-04-12 13:53 - JobOrganizer - INFO: Updating jobInformation list
2009-04-12 13:55 - JobOrganizer - INFO: Updating jobInformation list
2009-04-12 13:57 - JobOrganizer - INFO: Updating jobInformation list
2009-04-12 13:59 - JobOrganizer - INFO: Updating jobInformation list
2009-04-12 14:01 - JobOrganizer - INFO: Updating jobInformation list
2009-04-12 14:03 - JobOrganizer - INFO: Updating jobInformation list
2009-04-12 14:05 - JobOrganizer - INFO: Updating jobInformation list
2009-04-12 14:07 - JobOrganizer - INFO: Updating jobInformation list
2009-04-12 14:09 - JobOrganizer - INFO: Updating jobInformation list
2009-04-12 14:11 - JobOrganizer - INFO: Updating jobInformation list
2009-04-12 14:13 - JobOrganizer - INFO: Updating jobInformation list
2009-04-12 14:15 - JobOrganizer - INFO: Updating jobInformation list
2009-04-12 14:17 - JobOrganizer - INFO: Updating jobInformation list
2009-04-12 14:19 - JobOrganizer - INFO: Updating jobInformation list
2009-04-12 14:21 - JobOrganizer - INFO: Updating jobInformation list
2009-04-12 14:23 - JobOrganizer - INFO: Updating jobInformation list
2009-04-12 14:25 - JobOrganizer - INFO: Updating jobInformation list
2009-04-12 14:27 - JobOrganizer - INFO: Updating jobInformation list
2009-04-12 14:29 - JobOrganizer - INFO: Updating jobInformation list
2009-04-12 14:31 - JobOrganizer - INFO: Updating jobInformation list
2009-04-12 14:33 - JobOrganizer - INFO: Updating jobInformation list
2009-04-12 14:35 - JobOrganizer - INFO: Updating jobInformation list
2009-04-12 14:37 - JobOrganizer - INFO: Updating jobInformation list
2009-04-12 14:39 - JobOrganizer - INFO: Updating jobInformation list
2009-04-12 14:41 - JobOrganizer - INFO: Updating jobInformation list
2009-04-12 14:43 - JobOrganizer - INFO: Updating jobInformation list
2009-04-12 14:45 - JobOrganizer - INFO: Updating jobInformation list
2009-04-12 14:47 - JobOrganizer - INFO: Updating jobInformation list
2009-04-12 14:49 - JobOrganizer - INFO: Updating jobInformation list
2009-04-12 14:51 - JobOrganizer - INFO: Updating jobInformation list
2009-04-12 14:53 - JobOrganizer - INFO: Updating jobInformation list
2009-04-12 14:55 - JobOrganizer - INFO: Updating jobInformation list
2009-04-12 14:57 - JobOrganizer - INFO: Updating jobInformation list
2009-04-12 14:59 - JobOrganizer - INFO: Updating jobInformation list
2009-04-12 15:01 - JobOrganizer - INFO: Updating jobInformation list
2009-04-12 15:03 - JobOrganizer - INFO: Updating jobInformation list
2009-04-12 15:05 - JobOrganizer - INFO: Updating jobInformation list
2009-04-12 15:07 - JobOrganizer - INFO: Updating jobInformation list
2009-04-12 15:09 - JobOrganizer - INFO: Updating jobInformation list
2009-04-12 15:11 - JobOrganizer - INFO: Updating jobInformation list
2009-04-12 15:13 - JobOrganizer - INFO: Updating jobInformation list
2009-04-12 15:15 - JobOrganizer - INFO: Updating jobInformation list
2009-04-12 15:18 - JobOrganizer - INFO: Updating jobInformation list
2009-04-12 15:20 - JobOrganizer - INFO: Updating jobInformation list
2009-04-12 15:22 - JobOrganizer - INFO: Updating jobInformation list
2009-04-12 15:24 - JobOrganizer - INFO: Updating jobInformation list
2009-04-12 15:26 - JobOrganizer - INFO: Updating jobInformation list
2009-04-12 15:28 - JobOrganizer - INFO: Updating jobInformation list
2009-04-12 15:30 - JobOrganizer - INFO: Updating jobInformation list
2009-04-12 15:32 - JobOrganizer - INFO: Updating jobInformation list
2009-04-12 15:34 - JobOrganizer - INFO: Updating jobInformation list
2009-04-12 15:36 - JobOrganizer - INFO: Updating jobInformation list
2009-04-12 15:38 - JobOrganizer - INFO: Updating jobInformation list
2009-04-12 15:40 - JobOrganizer - INFO: Updating jobInformation list
2009-04-12 15:42 - JobOrganizer - INFO: Updating jobInformation list
2009-04-12 15:44 - JobOrganizer - INFO: Updating jobInformation list
2009-04-12 15:46 - JobOrganizer - INFO: Updating jobInformation list
2009-04-12 15:48 - JobOrganizer - INFO: Updating jobInformation list
2009-04-12 15:50 - JobOrganizer - INFO: Updating jobInformation list
2009-04-12 15:52 - JobOrganizer - INFO: Updating jobInformation list
2009-04-12 15:54 - JobOrganizer - INFO: Updating jobInformation list
2009-04-12 15:56 - JobOrganizer - INFO: Updating jobInformation list
2009-04-12 15:58 - JobOrganizer - INFO: Updating jobInformation list
2009-04-12 16:00 - JobOrganizer - INFO: Updating jobInformation list
2009-04-12 16:02 - JobOrganizer - INFO: Updating jobInformation list
2009-04-12 16:04 - JobOrganizer - INFO: Updating jobInformation list
2009-04-12 16:06 - JobOrganizer - INFO: Updating jobInformation list
2009-04-12 16:08 - JobOrganizer - INFO: Updating jobInformation list
2009-04-12 16:10 - JobOrganizer - INFO: Updating jobInformation list
2009-04-12 16:12 - JobOrganizer - INFO: Updating jobInformation list
2009-04-12 16:14 - JobOrganizer - INFO: Updating jobInformation list
2009-04-12 16:16 - JobOrganizer - INFO: Updating jobInformation list
2009-04-12 16:18 - JobOrganizer - INFO: Updating jobInformation list
2009-04-12 16:20 - JobOrganizer - INFO: Updating jobInformation list
2009-04-12 16:22 - JobOrganizer - INFO: Updating jobInformation list
2009-04-12 16:24 - JobOrganizer - INFO: Updating jobInformation list
2009-04-12 16:26 - JobOrganizer - INFO: Updating jobInformation list
2009-04-12 16:28 - JobOrganizer - INFO: Updating jobInformation list
2009-04-12 16:30 - JobOrganizer - INFO: Updating jobInformation list
2009-04-12 16:32 - JobOrganizer - INFO: Updating jobInformation list
2009-04-12 16:34 - JobOrganizer - INFO: Updating jobInformation list
2009-04-12 16:36 - JobOrganizer - INFO: Updating jobInformation list
2009-04-12 16:38 - JobOrganizer - INFO: Updating jobInformation list
2009-04-12 16:40 - JobOrganizer - INFO: Updating jobInformation list
2009-04-12 16:42 - JobOrganizer - INFO: Updating jobInformation list
2009-04-12 16:44 - JobOrganizer - INFO: Updating jobInformation list
2009-04-12 16:46 - JobOrganizer - INFO: Updating jobInformation list
2009-04-12 16:48 - JobOrganizer - INFO: Updating jobInformation list
2009-04-12 16:50 - JobOrganizer - INFO: Updating jobInformation list
2009-04-12 16:52 - JobOrganizer - INFO: Updating jobInformation list
2009-04-12 16:54 - JobOrganizer - INFO: Updating jobInformation list
2009-04-12 16:56 - JobOrganizer - INFO: Updating jobInformation list
2009-04-12 16:58 - JobOrganizer - INFO: Updating jobInformation list
2009-04-12 17:00 - JobOrganizer - INFO: Updating jobInformation list
2009-04-12 17:02 - JobOrganizer - INFO: Updating jobInformation list
2009-04-12 17:04 - JobOrganizer - INFO: Updating jobInformation list
2009-04-12 17:06 - JobOrganizer - INFO: Updating jobInformation list
2009-04-12 17:08 - JobOrganizer - INFO: Updating jobInformation list
2009-04-12 17:10 - JobOrganizer - INFO: Updating jobInformation list
2009-04-12 17:12 - JobOrganizer - INFO: Updating jobInformation list
2009-04-12 17:15 - JobOrganizer - INFO: Updating jobInformation list
2009-04-12 17:17 - JobOrganizer - INFO: Updating jobInformation list
2009-04-12 17:19 - JobOrganizer - INFO: Updating jobInformation list
2009-04-12 17:21 - JobOrganizer - INFO: Updating jobInformation list
2009-04-12 17:23 - JobOrganizer - INFO: Updating jobInformation list
2009-04-12 17:25 - JobOrganizer - INFO: Updating jobInformation list
2009-04-12 17:27 - JobOrganizer - INFO: Updating jobInformation list
2009-04-12 17:29 - JobOrganizer - INFO: Updating jobInformation list
2009-04-12 17:31 - JobOrganizer - INFO: Updating jobInformation list
2009-04-12 17:33 - JobOrganizer - INFO: Updating jobInformation list
2009-04-12 17:35 - JobOrganizer - INFO: Updating jobInformation list
2009-04-12 17:37 - JobOrganizer - INFO: Updating jobInformation list
2009-04-12 17:39 - JobOrganizer - INFO: Updating jobInformation list
2009-04-12 17:41 - JobOrganizer - INFO: Updating jobInformation list
2009-04-12 17:43 - JobOrganizer - INFO: Updating jobInformation list
2009-04-12 17:45 - JobOrganizer - INFO: Updating jobInformation list
2009-04-12 17:47 - JobOrganizer - INFO: Updating jobInformation list
2009-04-12 17:49 - JobOrganizer - INFO: Updating jobInformation list
2009-04-12 17:51 - JobOrganizer - INFO: Updating jobInformation list
2009-04-12 17:53 - JobOrganizer - INFO: Updating jobInformation list
2009-04-12 17:55 - JobOrganizer - INFO: Updating jobInformation list
2009-04-12 17:57 - JobOrganizer - INFO: Updating jobInformation list
2009-04-12 17:59 - JobOrganizer - INFO: Updating jobInformation list
2009-04-12 18:01 - JobOrganizer - INFO: Updating jobInformation list
2009-04-12 18:03 - JobOrganizer - INFO: Updating jobInformation list
2009-04-12 18:05 - JobOrganizer - INFO: Updating jobInformation list
2009-04-12 18:07 - JobOrganizer - INFO: Updating jobInformation list
2009-04-12 18:09 - JobOrganizer - INFO: Updating jobInformation list
2009-04-12 18:11 - JobOrganizer - INFO: Updating jobInformation list
2009-04-12 18:13 - JobOrganizer - INFO: Updating jobInformation list
2009-04-12 18:15 - JobOrganizer - INFO: Updating jobInformation list
2009-04-12 18:17 - JobOrganizer - INFO: Updating jobInformation list
2009-04-12 18:19 - JobOrganizer - INFO: Updating jobInformation list
2009-04-12 18:22 - JobOrganizer - INFO: Updating jobInformation list
2009-04-12 18:24 - JobOrganizer - INFO: Updating jobInformation list
2009-04-12 18:26 - JobOrganizer - INFO: Updating jobInformation list
2009-04-12 18:28 - JobOrganizer - INFO: Updating jobInformation list
2009-04-12 18:30 - JobOrganizer - INFO: Updating jobInformation list
2009-04-12 18:32 - JobOrganizer - INFO: Updating jobInformation list
2009-04-12 18:34 - JobOrganizer - INFO: Updating jobInformation list
2009-04-12 18:36 - JobOrganizer - INFO: Updating jobInformation list
2009-04-12 18:38 - JobOrganizer - INFO: Updating jobInformation list
2009-04-12 18:40 - JobOrganizer - INFO: Updating jobInformation list
2009-04-12 18:42 - JobOrganizer - INFO: Updating jobInformation list
2009-04-12 18:44 - JobOrganizer - INFO: Updating jobInformation list
2009-04-12 18:46 - JobOrganizer - INFO: Updating jobInformation list
2009-04-12 18:48 - JobOrganizer - INFO: Updating jobInformation list
2009-04-12 18:50 - JobOrganizer - INFO: Updating jobInformation list
2009-04-12 18:52 - JobOrganizer - INFO: Updating jobInformation list
2009-04-12 18:54 - JobOrganizer - INFO: Updating jobInformation list
2009-04-12 18:56 - JobOrganizer - INFO: Updating jobInformation list
2009-04-12 18:58 - JobOrganizer - INFO: Updating jobInformation list
2009-04-12 19:00 - JobOrganizer - INFO: Updating jobInformation list
2009-04-12 19:02 - JobOrganizer - INFO: Updating jobInformation list
2009-04-12 19:04 - JobOrganizer - INFO: Updating jobInformation list
2009-04-12 19:06 - JobOrganizer - INFO: Updating jobInformation list
2009-04-12 19:08 - JobOrganizer - INFO: Updating jobInformation list
2009-04-12 19:10 - JobOrganizer - INFO: Updating jobInformation list
2009-04-12 19:13 - JobOrganizer - INFO: Updating jobInformation list
2009-04-12 19:15 - JobOrganizer - INFO: Updating jobInformation list
2009-04-12 19:17 - JobOrganizer - INFO: Updating jobInformation list
2009-04-12 19:19 - JobOrganizer - INFO: Updating jobInformation list
2009-04-12 19:21 - JobOrganizer - INFO: Updating jobInformation list
2009-04-12 19:23 - JobOrganizer - INFO: Updating jobInformation list
2009-04-12 19:25 - JobOrganizer - INFO: Updating jobInformation list
2009-04-12 19:27 - JobOrganizer - INFO: Updating jobInformation list
2009-04-12 19:29 - JobOrganizer - INFO: Updating jobInformation list
2009-04-12 19:31 - JobOrganizer - INFO: Updating jobInformation list
2009-04-12 19:33 - JobOrganizer - INFO: Updating jobInformation list
2009-04-12 19:35 - JobOrganizer - INFO: Updating jobInformation list
2009-04-12 19:37 - JobOrganizer - INFO: Updating jobInformation list
2009-04-12 19:39 - JobOrganizer - INFO: Updating jobInformation list
2009-04-12 19:41 - JobOrganizer - INFO: Updating jobInformation list
2009-04-12 19:43 - JobOrganizer - INFO: Updating jobInformation list
2009-04-12 19:45 - JobOrganizer - INFO: Updating jobInformation list
2009-04-12 19:47 - JobOrganizer - INFO: Updating jobInformation list
2009-04-12 19:49 - JobOrganizer - INFO: Updating jobInformation list
2009-04-12 19:51 - JobOrganizer - INFO: Updating jobInformation list
2009-04-12 19:53 - JobOrganizer - INFO: Updating jobInformation list
2009-04-12 19:55 - JobOrganizer - INFO: Updating jobInformation list
2009-04-12 19:57 - JobOrganizer - INFO: Updating jobInformation list
2009-04-12 19:59 - JobOrganizer - INFO: Updating jobInformation list
2009-04-12 20:01 - JobOrganizer - INFO: Updating jobInformation list
2009-04-12 20:03 - JobOrganizer - INFO: Updating jobInformation list
2009-04-12 20:05 - JobOrganizer - INFO: Updating jobInformation list
2009-04-12 20:07 - JobOrganizer - INFO: Updating jobInformation list
2009-04-12 20:09 - JobOrganizer - INFO: Updating jobInformation list
2009-04-12 20:11 - JobOrganizer - INFO: Updating jobInformation list
2009-04-12 20:13 - JobOrganizer - INFO: Updating jobInformation list
2009-04-12 20:15 - JobOrganizer - INFO: Updating jobInformation list
2009-04-12 20:17 - JobOrganizer - INFO: Updating jobInformation list
2009-04-12 20:19 - JobOrganizer - INFO: Updating jobInformation list
2009-04-12 20:21 - JobOrganizer - INFO: Updating jobInformation list
2009-04-12 20:23 - JobOrganizer - INFO: Updating jobInformation list
2009-04-12 20:25 - JobOrganizer - INFO: Updating jobInformation list
2009-04-12 20:27 - JobOrganizer - INFO: Updating jobInformation list
2009-04-12 20:29 - JobOrganizer - INFO: Updating jobInformation list
2009-04-12 20:31 - JobOrganizer - INFO: Updating jobInformation list
2009-04-12 20:33 - JobOrganizer - INFO: Updating jobInformation list
2009-04-12 20:35 - JobOrganizer - INFO: Updating jobInformation list
2009-04-12 20:37 - JobOrganizer - INFO: Updating jobInformation list
2009-04-12 20:39 - JobOrganizer - INFO: Updating jobInformation list
2009-04-12 20:41 - JobOrganizer - INFO: Updating jobInformation list
2009-04-12 20:43 - JobOrganizer - INFO: Updating jobInformation list
2009-04-12 20:45 - JobOrganizer - INFO: Updating jobInformation list
2009-04-12 20:47 - JobOrganizer - INFO: Updating jobInformation list
2009-04-12 20:49 - JobOrganizer - INFO: Updating jobInformation list
2009-04-12 20:51 - JobOrganizer - INFO: Updating jobInformation list
2009-04-12 20:53 - JobOrganizer - INFO: Updating jobInformation list
2009-04-12 20:55 - JobOrganizer - INFO: Updating jobInformation list
2009-04-12 20:57 - JobOrganizer - INFO: Updating jobInformation list
2009-04-12 20:59 - JobOrganizer - INFO: Updating jobInformation list
2009-04-12 21:01 - JobOrganizer - INFO: Updating jobInformation list
2009-04-12 21:03 - JobOrganizer - INFO: Updating jobInformation list
2009-04-12 21:05 - JobOrganizer - INFO: Updating jobInformation list
2009-04-12 21:07 - JobOrganizer - INFO: Updating jobInformation list
2009-04-12 21:09 - JobOrganizer - INFO: Updating jobInformation list
2009-04-12 21:11 - JobOrganizer - INFO: Updating jobInformation list
2009-04-12 21:13 - JobOrganizer - INFO: Updating jobInformation list
2009-04-12 21:15 - JobOrganizer - INFO: Updating jobInformation list
2009-04-12 21:17 - JobOrganizer - INFO: Updating jobInformation list
2009-04-12 21:19 - JobOrganizer - INFO: Updating jobInformation list
2009-04-12 21:21 - JobOrganizer - INFO: Updating jobInformation list
2009-04-12 21:23 - JobOrganizer - INFO: Updating jobInformation list
2009-04-12 21:25 - JobOrganizer - INFO: Updating jobInformation list
2009-04-12 21:27 - JobOrganizer - INFO: Updating jobInformation list
2009-04-12 21:29 - JobOrganizer - INFO: Updating jobInformation list
2009-04-12 21:31 - JobOrganizer - INFO: Updating jobInformation list
2009-04-12 21:33 - JobOrganizer - INFO: Updating jobInformation list
2009-04-12 21:35 - JobOrganizer - INFO: Updating jobInformation list
2009-04-12 21:37 - JobOrganizer - INFO: Updating jobInformation list
2009-04-12 21:39 - JobOrganizer - INFO: Updating jobInformation list
2009-04-12 21:41 - JobOrganizer - INFO: Updating jobInformation list
2009-04-12 21:44 - JobOrganizer - INFO: Updating jobInformation list
2009-04-12 21:46 - JobOrganizer - INFO: Updating jobInformation list
2009-04-12 21:48 - JobOrganizer - INFO: Updating jobInformation list
2009-04-12 21:50 - JobOrganizer - INFO: Updating jobInformation list
2009-04-12 21:52 - JobOrganizer - INFO: Updating jobInformation list
2009-04-12 21:54 - JobOrganizer - INFO: Updating jobInformation list
2009-04-12 21:56 - JobOrganizer - INFO: Updating jobInformation list
2009-04-12 21:58 - JobOrganizer - INFO: Updating jobInformation list
2009-04-12 22:00 - JobOrganizer - INFO: Updating jobInformation list
2009-04-12 22:02 - JobOrganizer - INFO: Updating jobInformation list
2009-04-12 22:04 - JobOrganizer - INFO: Updating jobInformation list
2009-04-12 22:06 - JobOrganizer - INFO: Updating jobInformation list
2009-04-12 22:08 - JobOrganizer - INFO: Updating jobInformation list
2009-04-12 22:10 - JobOrganizer - INFO: Updating jobInformation list
2009-04-12 22:12 - JobOrganizer - INFO: Updating jobInformation list
2009-04-12 22:14 - JobOrganizer - INFO: Updating jobInformation list
2009-04-12 22:16 - JobOrganizer - INFO: Updating jobInformation list
2009-04-12 22:18 - JobOrganizer - INFO: Updating jobInformation list
2009-04-12 22:20 - JobOrganizer - INFO: Updating jobInformation list
2009-04-12 22:22 - JobOrganizer - INFO: Updating jobInformation list
2009-04-12 22:24 - JobOrganizer - INFO: Updating jobInformation list
2009-04-12 22:26 - JobOrganizer - INFO: Updating jobInformation list
2009-04-12 22:28 - JobOrganizer - INFO: Updating jobInformation list
2009-04-12 22:30 - JobOrganizer - INFO: Updating jobInformation list
2009-04-12 22:32 - JobOrganizer - INFO: Updating jobInformation list
2009-04-12 22:34 - JobOrganizer - INFO: Updating jobInformation list
2009-04-12 22:36 - JobOrganizer - INFO: Updating jobInformation list
2009-04-12 22:38 - JobOrganizer - INFO: Updating jobInformation list
2009-04-12 22:40 - JobOrganizer - INFO: Updating jobInformation list
2009-04-12 22:42 - JobOrganizer - INFO: Updating jobInformation list
2009-04-12 22:44 - JobOrganizer - INFO: Updating jobInformation list
2009-04-12 22:46 - JobOrganizer - INFO: Updating jobInformation list
2009-04-12 22:48 - JobOrganizer - INFO: Updating jobInformation list
2009-04-12 22:50 - JobOrganizer - INFO: Updating jobInformation list
2009-04-12 22:52 - JobOrganizer - INFO: Updating jobInformation list
2009-04-12 22:54 - JobOrganizer - INFO: Updating jobInformation list
2009-04-12 22:56 - JobOrganizer - INFO: Updating jobInformation list
2009-04-12 22:58 - JobOrganizer - INFO: Updating jobInformation list
2009-04-12 23:00 - JobOrganizer - INFO: Updating jobInformation list
2009-04-12 23:02 - JobOrganizer - INFO: Updating jobInformation list
2009-04-12 23:04 - JobOrganizer - INFO: Updating jobInformation list
2009-04-12 23:06 - JobOrganizer - INFO: Updating jobInformation list
2009-04-12 23:08 - JobOrganizer - INFO: Updating jobInformation list
2009-04-12 23:10 - JobOrganizer - INFO: Updating jobInformation list
2009-04-12 23:13 - JobOrganizer - INFO: Updating jobInformation list
2009-04-12 23:15 - JobOrganizer - INFO: Updating jobInformation list
2009-04-12 23:17 - JobOrganizer - INFO: Updating jobInformation list
2009-04-12 23:19 - JobOrganizer - INFO: Updating jobInformation list
2009-04-12 23:21 - JobOrganizer - INFO: Updating jobInformation list
2009-04-12 23:23 - JobOrganizer - INFO: Updating jobInformation list
2009-04-12 23:25 - JobOrganizer - INFO: Updating jobInformation list
2009-04-12 23:27 - JobOrganizer - INFO: Updating jobInformation list
2009-04-12 23:29 - JobOrganizer - INFO: Updating jobInformation list
2009-04-12 23:31 - JobOrganizer - INFO: Updating jobInformation list
2009-04-12 23:33 - JobOrganizer - INFO: Updating jobInformation list
2009-04-12 23:35 - JobOrganizer - INFO: Updating jobInformation list
2009-04-12 23:37 - JobOrganizer - INFO: Updating jobInformation list
2009-04-12 23:39 - JobOrganizer - INFO: Updating jobInformation list
2009-04-12 23:41 - JobOrganizer - INFO: Updating jobInformation list
2009-04-12 23:43 - JobOrganizer - INFO: Updating jobInformation list
2009-04-12 23:45 - JobOrganizer - INFO: Updating jobInformation list
2009-04-12 23:47 - JobOrganizer - INFO: Updating jobInformation list
2009-04-12 23:49 - JobOrganizer - INFO: Updating jobInformation list
2009-04-12 23:51 - JobOrganizer - INFO: Updating jobInformation list
2009-04-12 23:53 - JobOrganizer - INFO: Updating jobInformation list
2009-04-12 23:55 - JobOrganizer - INFO: Updating jobInformation list
2009-04-12 23:57 - JobOrganizer - INFO: Updating jobInformation list
2009-04-12 23:59 - JobOrganizer - INFO: Updating jobInformation list
2009-04-13 00:01 - JobOrganizer - INFO: Updating jobInformation list
