2009-06-09 00:01 - JobOrganizer - INFO: ========================================
2009-06-09 00:01 - JobOrganizer - INFO: JobOrganizer in init
2009-06-09 00:01 - JobOrganizer - INFO: init file JobOrganizerConfig.py was found
2009-06-09 00:01 - JobOrganizer - INFO: retrieveing Db parameters from JobOrganizerConfig.py file
2009-06-09 00:01 - JobOrganizer - INFO: creating job configurations from JobOrganizerConfig.py file
2009-06-09 00:01 - JobOrganizer - INFO: JobOrganizer initialized
2009-06-09 00:01 - JobOrganizer - INFO: ========================================
2009-06-09 00:03 - JobOrganizer - INFO: Updating jobInformation list
2009-06-09 00:05 - JobOrganizer - INFO: Updating jobInformation list
2009-06-09 00:07 - JobOrganizer - INFO: Updating jobInformation list
2009-06-09 00:09 - JobOrganizer - INFO: Updating jobInformation list
2009-06-09 00:11 - JobOrganizer - INFO: Updating jobInformation list
2009-06-09 00:13 - JobOrganizer - INFO: Updating jobInformation list
2009-06-09 00:15 - JobOrganizer - INFO: Updating jobInformation list
2009-06-09 00:17 - JobOrganizer - INFO: Updating jobInformation list
2009-06-09 00:19 - JobOrganizer - INFO: Updating jobInformation list
2009-06-09 00:21 - JobOrganizer - INFO: Updating jobInformation list
2009-06-09 00:23 - JobOrganizer - INFO: Updating jobInformation list
2009-06-09 00:25 - JobOrganizer - INFO: Updating jobInformation list
2009-06-09 00:27 - JobOrganizer - INFO: Updating jobInformation list
2009-06-09 00:29 - JobOrganizer - INFO: Updating jobInformation list
2009-06-09 00:31 - JobOrganizer - INFO: Updating jobInformation list
2009-06-09 00:33 - JobOrganizer - INFO: Updating jobInformation list
2009-06-09 00:35 - JobOrganizer - INFO: Updating jobInformation list
2009-06-09 00:37 - JobOrganizer - INFO: Updating jobInformation list
2009-06-09 00:39 - JobOrganizer - INFO: Updating jobInformation list
2009-06-09 00:41 - JobOrganizer - INFO: Updating jobInformation list
2009-06-09 00:43 - JobOrganizer - INFO: Updating jobInformation list
2009-06-09 00:45 - JobOrganizer - INFO: Updating jobInformation list
2009-06-09 00:47 - JobOrganizer - INFO: Updating jobInformation list
2009-06-09 00:49 - JobOrganizer - INFO: Updating jobInformation list
2009-06-09 00:51 - JobOrganizer - INFO: Updating jobInformation list
2009-06-09 00:53 - JobOrganizer - INFO: Updating jobInformation list
2009-06-09 00:55 - JobOrganizer - INFO: Updating jobInformation list
2009-06-09 00:57 - JobOrganizer - INFO: Updating jobInformation list
2009-06-09 00:59 - JobOrganizer - INFO: Updating jobInformation list
2009-06-09 01:01 - JobOrganizer - INFO: Updating jobInformation list
2009-06-09 01:03 - JobOrganizer - INFO: Updating jobInformation list
2009-06-09 01:05 - JobOrganizer - INFO: Updating jobInformation list
2009-06-09 01:07 - JobOrganizer - INFO: Updating jobInformation list
2009-06-09 01:09 - JobOrganizer - INFO: Updating jobInformation list
2009-06-09 01:11 - JobOrganizer - INFO: Updating jobInformation list
2009-06-09 01:13 - JobOrganizer - INFO: Updating jobInformation list
2009-06-09 01:15 - JobOrganizer - INFO: Updating jobInformation list
2009-06-09 01:17 - JobOrganizer - INFO: Updating jobInformation list
2009-06-09 01:19 - JobOrganizer - INFO: Updating jobInformation list
2009-06-09 01:21 - JobOrganizer - INFO: Updating jobInformation list
2009-06-09 01:23 - JobOrganizer - INFO: Updating jobInformation list
2009-06-09 01:25 - JobOrganizer - INFO: Updating jobInformation list
2009-06-09 01:27 - JobOrganizer - INFO: Updating jobInformation list
2009-06-09 01:29 - JobOrganizer - INFO: Updating jobInformation list
2009-06-09 01:31 - JobOrganizer - INFO: Updating jobInformation list
2009-06-09 01:33 - JobOrganizer - INFO: Updating jobInformation list
2009-06-09 01:35 - JobOrganizer - INFO: Updating jobInformation list
2009-06-09 01:37 - JobOrganizer - INFO: Updating jobInformation list
2009-06-09 01:39 - JobOrganizer - INFO: Updating jobInformation list
2009-06-09 01:41 - JobOrganizer - INFO: Updating jobInformation list
2009-06-09 01:43 - JobOrganizer - INFO: Updating jobInformation list
2009-06-09 01:45 - JobOrganizer - INFO: Updating jobInformation list
2009-06-09 01:47 - JobOrganizer - INFO: Updating jobInformation list
2009-06-09 01:49 - JobOrganizer - INFO: Updating jobInformation list
2009-06-09 01:51 - JobOrganizer - INFO: Updating jobInformation list
2009-06-09 01:53 - JobOrganizer - INFO: Updating jobInformation list
2009-06-09 01:55 - JobOrganizer - INFO: Updating jobInformation list
2009-06-09 01:57 - JobOrganizer - INFO: Updating jobInformation list
2009-06-09 01:59 - JobOrganizer - INFO: Updating jobInformation list
2009-06-09 02:01 - JobOrganizer - INFO: Updating jobInformation list
2009-06-09 02:03 - JobOrganizer - INFO: Updating jobInformation list
2009-06-09 02:05 - JobOrganizer - INFO: Updating jobInformation list
2009-06-09 02:07 - JobOrganizer - INFO: Updating jobInformation list
2009-06-09 02:09 - JobOrganizer - INFO: Updating jobInformation list
2009-06-09 02:11 - JobOrganizer - INFO: Updating jobInformation list
2009-06-09 02:13 - JobOrganizer - INFO: Updating jobInformation list
2009-06-09 02:15 - JobOrganizer - INFO: Updating jobInformation list
2009-06-09 02:17 - JobOrganizer - INFO: Updating jobInformation list
2009-06-09 02:19 - JobOrganizer - INFO: Updating jobInformation list
2009-06-09 02:21 - JobOrganizer - INFO: Updating jobInformation list
2009-06-09 02:23 - JobOrganizer - INFO: Updating jobInformation list
2009-06-09 02:25 - JobOrganizer - INFO: Updating jobInformation list
2009-06-09 02:27 - JobOrganizer - INFO: Updating jobInformation list
2009-06-09 02:29 - JobOrganizer - INFO: Updating jobInformation list
2009-06-09 02:31 - JobOrganizer - INFO: Updating jobInformation list
2009-06-09 02:33 - JobOrganizer - INFO: Updating jobInformation list
2009-06-09 02:35 - JobOrganizer - INFO: Updating jobInformation list
2009-06-09 02:38 - JobOrganizer - INFO: Updating jobInformation list
2009-06-09 02:40 - JobOrganizer - INFO: Updating jobInformation list
2009-06-09 02:42 - JobOrganizer - INFO: Updating jobInformation list
2009-06-09 02:44 - JobOrganizer - INFO: Updating jobInformation list
2009-06-09 02:46 - JobOrganizer - INFO: Updating jobInformation list
2009-06-09 02:48 - JobOrganizer - INFO: Updating jobInformation list
2009-06-09 02:50 - JobOrganizer - INFO: Updating jobInformation list
2009-06-09 02:52 - JobOrganizer - INFO: Updating jobInformation list
2009-06-09 02:54 - JobOrganizer - INFO: Updating jobInformation list
2009-06-09 02:56 - JobOrganizer - INFO: Updating jobInformation list
2009-06-09 02:58 - JobOrganizer - INFO: Updating jobInformation list
2009-06-09 03:00 - JobOrganizer - INFO: Updating jobInformation list
2009-06-09 03:02 - JobOrganizer - INFO: Updating jobInformation list
2009-06-09 03:04 - JobOrganizer - INFO: Updating jobInformation list
2009-06-09 03:06 - JobOrganizer - INFO: Updating jobInformation list
2009-06-09 03:08 - JobOrganizer - INFO: Updating jobInformation list
2009-06-09 03:10 - JobOrganizer - INFO: Updating jobInformation list
2009-06-09 03:12 - JobOrganizer - INFO: Updating jobInformation list
2009-06-09 03:14 - JobOrganizer - INFO: Updating jobInformation list
2009-06-09 03:16 - JobOrganizer - INFO: Updating jobInformation list
2009-06-09 03:18 - JobOrganizer - INFO: Updating jobInformation list
2009-06-09 03:20 - JobOrganizer - INFO: Updating jobInformation list
2009-06-09 03:22 - JobOrganizer - INFO: Updating jobInformation list
2009-06-09 03:24 - JobOrganizer - INFO: Updating jobInformation list
2009-06-09 03:26 - JobOrganizer - INFO: Updating jobInformation list
2009-06-09 03:28 - JobOrganizer - INFO: Updating jobInformation list
2009-06-09 03:30 - JobOrganizer - INFO: Updating jobInformation list
2009-06-09 03:32 - JobOrganizer - INFO: Updating jobInformation list
2009-06-09 03:34 - JobOrganizer - INFO: Updating jobInformation list
2009-06-09 03:36 - JobOrganizer - INFO: Updating jobInformation list
2009-06-09 03:38 - JobOrganizer - INFO: Updating jobInformation list
2009-06-09 03:40 - JobOrganizer - INFO: Updating jobInformation list
2009-06-09 03:42 - JobOrganizer - INFO: Updating jobInformation list
2009-06-09 03:44 - JobOrganizer - INFO: Updating jobInformation list
2009-06-09 03:46 - JobOrganizer - INFO: Updating jobInformation list
2009-06-09 03:48 - JobOrganizer - INFO: Updating jobInformation list
2009-06-09 03:50 - JobOrganizer - INFO: Updating jobInformation list
2009-06-09 03:52 - JobOrganizer - INFO: Updating jobInformation list
2009-06-09 03:54 - JobOrganizer - INFO: Updating jobInformation list
2009-06-09 03:56 - JobOrganizer - INFO: Updating jobInformation list
2009-06-09 03:58 - JobOrganizer - INFO: Updating jobInformation list
2009-06-09 04:00 - JobOrganizer - INFO: Updating jobInformation list
2009-06-09 04:02 - JobOrganizer - INFO: Updating jobInformation list
2009-06-09 04:04 - JobOrganizer - INFO: Updating jobInformation list
2009-06-09 04:06 - JobOrganizer - INFO: Updating jobInformation list
2009-06-09 04:08 - JobOrganizer - INFO: Updating jobInformation list
2009-06-09 04:10 - JobOrganizer - INFO: Updating jobInformation list
2009-06-09 04:12 - JobOrganizer - INFO: Updating jobInformation list
2009-06-09 04:14 - JobOrganizer - INFO: Updating jobInformation list
2009-06-09 04:16 - JobOrganizer - INFO: Updating jobInformation list
2009-06-09 04:18 - JobOrganizer - INFO: Updating jobInformation list
2009-06-09 04:20 - JobOrganizer - INFO: Updating jobInformation list
2009-06-09 04:22 - JobOrganizer - INFO: Updating jobInformation list
2009-06-09 04:24 - JobOrganizer - INFO: Updating jobInformation list
2009-06-09 04:26 - JobOrganizer - INFO: Updating jobInformation list
2009-06-09 04:28 - JobOrganizer - INFO: Updating jobInformation list
2009-06-09 04:30 - JobOrganizer - INFO: Updating jobInformation list
2009-06-09 04:32 - JobOrganizer - INFO: Updating jobInformation list
2009-06-09 04:34 - JobOrganizer - INFO: Updating jobInformation list
2009-06-09 04:36 - JobOrganizer - INFO: Updating jobInformation list
2009-06-09 04:38 - JobOrganizer - INFO: Updating jobInformation list
2009-06-09 04:40 - JobOrganizer - INFO: Updating jobInformation list
2009-06-09 04:42 - JobOrganizer - INFO: Updating jobInformation list
2009-06-09 04:44 - JobOrganizer - INFO: Updating jobInformation list
2009-06-09 04:46 - JobOrganizer - INFO: Updating jobInformation list
2009-06-09 04:48 - JobOrganizer - INFO: Updating jobInformation list
2009-06-09 04:50 - JobOrganizer - INFO: Updating jobInformation list
2009-06-09 04:52 - JobOrganizer - INFO: Updating jobInformation list
2009-06-09 04:54 - JobOrganizer - INFO: Updating jobInformation list
2009-06-09 04:56 - JobOrganizer - INFO: Updating jobInformation list
2009-06-09 04:58 - JobOrganizer - INFO: Updating jobInformation list
2009-06-09 05:00 - JobOrganizer - INFO: Updating jobInformation list
2009-06-09 05:02 - JobOrganizer - INFO: Updating jobInformation list
2009-06-09 05:04 - JobOrganizer - INFO: Updating jobInformation list
2009-06-09 05:06 - JobOrganizer - INFO: Updating jobInformation list
2009-06-09 05:08 - JobOrganizer - INFO: Updating jobInformation list
2009-06-09 05:10 - JobOrganizer - INFO: Updating jobInformation list
2009-06-09 05:12 - JobOrganizer - INFO: Updating jobInformation list
2009-06-09 05:14 - JobOrganizer - INFO: Updating jobInformation list
2009-06-09 05:16 - JobOrganizer - INFO: Updating jobInformation list
2009-06-09 05:18 - JobOrganizer - INFO: Updating jobInformation list
2009-06-09 05:20 - JobOrganizer - INFO: Updating jobInformation list
2009-06-09 05:22 - JobOrganizer - INFO: Updating jobInformation list
2009-06-09 05:24 - JobOrganizer - INFO: Updating jobInformation list
2009-06-09 05:26 - JobOrganizer - INFO: Updating jobInformation list
2009-06-09 05:28 - JobOrganizer - INFO: Updating jobInformation list
2009-06-09 05:30 - JobOrganizer - INFO: Updating jobInformation list
2009-06-09 05:32 - JobOrganizer - INFO: Updating jobInformation list
2009-06-09 05:34 - JobOrganizer - INFO: Updating jobInformation list
2009-06-09 05:36 - JobOrganizer - INFO: Updating jobInformation list
2009-06-09 05:38 - JobOrganizer - INFO: Updating jobInformation list
2009-06-09 05:40 - JobOrganizer - INFO: Updating jobInformation list
2009-06-09 05:42 - JobOrganizer - INFO: Updating jobInformation list
2009-06-09 05:44 - JobOrganizer - INFO: Updating jobInformation list
2009-06-09 05:46 - JobOrganizer - INFO: Updating jobInformation list
2009-06-09 05:48 - JobOrganizer - INFO: Updating jobInformation list
2009-06-09 05:50 - JobOrganizer - INFO: Updating jobInformation list
2009-06-09 05:52 - JobOrganizer - INFO: Updating jobInformation list
2009-06-09 05:54 - JobOrganizer - INFO: Updating jobInformation list
2009-06-09 05:56 - JobOrganizer - INFO: Updating jobInformation list
2009-06-09 05:58 - JobOrganizer - INFO: Updating jobInformation list
2009-06-09 06:00 - JobOrganizer - INFO: Updating jobInformation list
2009-06-09 06:02 - JobOrganizer - INFO: Updating jobInformation list
2009-06-09 06:04 - JobOrganizer - INFO: Updating jobInformation list
2009-06-09 06:06 - JobOrganizer - INFO: Updating jobInformation list
2009-06-09 06:08 - JobOrganizer - INFO: Updating jobInformation list
2009-06-09 06:10 - JobOrganizer - INFO: Updating jobInformation list
2009-06-09 06:12 - JobOrganizer - INFO: Updating jobInformation list
2009-06-09 06:14 - JobOrganizer - INFO: Updating jobInformation list
2009-06-09 06:17 - JobOrganizer - INFO: Updating jobInformation list
2009-06-09 06:19 - JobOrganizer - INFO: Updating jobInformation list
2009-06-09 06:21 - JobOrganizer - INFO: Updating jobInformation list
2009-06-09 06:23 - JobOrganizer - INFO: Updating jobInformation list
2009-06-09 06:25 - JobOrganizer - INFO: Updating jobInformation list
2009-06-09 06:27 - JobOrganizer - INFO: Updating jobInformation list
2009-06-09 06:29 - JobOrganizer - INFO: Updating jobInformation list
2009-06-09 06:31 - JobOrganizer - INFO: Updating jobInformation list
2009-06-09 06:33 - JobOrganizer - INFO: Updating jobInformation list
2009-06-09 06:35 - JobOrganizer - INFO: Updating jobInformation list
2009-06-09 06:37 - JobOrganizer - INFO: Updating jobInformation list
2009-06-09 06:39 - JobOrganizer - INFO: Updating jobInformation list
2009-06-09 06:41 - JobOrganizer - INFO: Updating jobInformation list
2009-06-09 06:43 - JobOrganizer - INFO: Updating jobInformation list
2009-06-09 06:45 - JobOrganizer - INFO: Updating jobInformation list
2009-06-09 06:47 - JobOrganizer - INFO: Updating jobInformation list
2009-06-09 06:49 - JobOrganizer - INFO: Updating jobInformation list
2009-06-09 06:51 - JobOrganizer - INFO: Updating jobInformation list
2009-06-09 06:53 - JobOrganizer - INFO: Updating jobInformation list
2009-06-09 06:55 - JobOrganizer - INFO: Updating jobInformation list
2009-06-09 06:57 - JobOrganizer - INFO: Updating jobInformation list
2009-06-09 06:59 - JobOrganizer - INFO: Updating jobInformation list
2009-06-09 07:01 - JobOrganizer - INFO: Updating jobInformation list
2009-06-09 07:03 - JobOrganizer - INFO: Updating jobInformation list
2009-06-09 07:05 - JobOrganizer - INFO: Updating jobInformation list
2009-06-09 07:07 - JobOrganizer - INFO: Updating jobInformation list
2009-06-09 07:09 - JobOrganizer - INFO: Updating jobInformation list
2009-06-09 07:11 - JobOrganizer - INFO: Updating jobInformation list
2009-06-09 07:13 - JobOrganizer - INFO: Updating jobInformation list
2009-06-09 07:15 - JobOrganizer - INFO: Updating jobInformation list
2009-06-09 07:17 - JobOrganizer - INFO: Updating jobInformation list
2009-06-09 07:19 - JobOrganizer - INFO: Updating jobInformation list
2009-06-09 07:21 - JobOrganizer - INFO: Updating jobInformation list
2009-06-09 07:23 - JobOrganizer - INFO: Updating jobInformation list
2009-06-09 07:25 - JobOrganizer - INFO: Updating jobInformation list
2009-06-09 07:27 - JobOrganizer - INFO: Updating jobInformation list
2009-06-09 07:29 - JobOrganizer - INFO: Updating jobInformation list
2009-06-09 07:31 - JobOrganizer - INFO: Updating jobInformation list
2009-06-09 07:33 - JobOrganizer - INFO: Updating jobInformation list
2009-06-09 07:35 - JobOrganizer - INFO: Updating jobInformation list
2009-06-09 07:37 - JobOrganizer - INFO: Updating jobInformation list
2009-06-09 07:39 - JobOrganizer - INFO: Updating jobInformation list
2009-06-09 07:41 - JobOrganizer - INFO: Updating jobInformation list
2009-06-09 07:43 - JobOrganizer - INFO: Updating jobInformation list
2009-06-09 07:45 - JobOrganizer - INFO: Updating jobInformation list
2009-06-09 07:47 - JobOrganizer - INFO: Updating jobInformation list
2009-06-09 07:49 - JobOrganizer - INFO: Updating jobInformation list
2009-06-09 07:51 - JobOrganizer - INFO: Updating jobInformation list
2009-06-09 07:53 - JobOrganizer - INFO: Updating jobInformation list
2009-06-09 07:55 - JobOrganizer - INFO: Updating jobInformation list
2009-06-09 07:57 - JobOrganizer - INFO: Updating jobInformation list
2009-06-09 07:59 - JobOrganizer - INFO: Updating jobInformation list
2009-06-09 08:01 - JobOrganizer - INFO: Updating jobInformation list
2009-06-09 08:03 - JobOrganizer - INFO: Updating jobInformation list
2009-06-09 08:05 - JobOrganizer - INFO: Updating jobInformation list
2009-06-09 08:07 - JobOrganizer - INFO: Updating jobInformation list
2009-06-09 08:09 - JobOrganizer - INFO: Updating jobInformation list
2009-06-09 08:11 - JobOrganizer - INFO: Updating jobInformation list
2009-06-09 08:13 - JobOrganizer - INFO: Updating jobInformation list
2009-06-09 08:15 - JobOrganizer - INFO: Updating jobInformation list
2009-06-09 08:17 - JobOrganizer - INFO: Updating jobInformation list
2009-06-09 08:19 - JobOrganizer - INFO: Updating jobInformation list
2009-06-09 08:21 - JobOrganizer - INFO: Updating jobInformation list
2009-06-09 08:23 - JobOrganizer - INFO: Updating jobInformation list
2009-06-09 08:25 - JobOrganizer - INFO: Updating jobInformation list
2009-06-09 08:27 - JobOrganizer - INFO: Updating jobInformation list
2009-06-09 08:29 - JobOrganizer - INFO: Updating jobInformation list
2009-06-09 08:31 - JobOrganizer - INFO: Updating jobInformation list
2009-06-09 08:33 - JobOrganizer - INFO: Updating jobInformation list
2009-06-09 08:35 - JobOrganizer - INFO: Updating jobInformation list
2009-06-09 08:37 - JobOrganizer - INFO: Updating jobInformation list
2009-06-09 08:39 - JobOrganizer - INFO: Updating jobInformation list
2009-06-09 08:41 - JobOrganizer - INFO: Updating jobInformation list
2009-06-09 08:43 - JobOrganizer - INFO: Updating jobInformation list
2009-06-09 08:45 - JobOrganizer - INFO: Updating jobInformation list
2009-06-09 08:47 - JobOrganizer - INFO: Updating jobInformation list
2009-06-09 08:49 - JobOrganizer - INFO: Updating jobInformation list
2009-06-09 08:51 - JobOrganizer - INFO: Updating jobInformation list
2009-06-09 08:53 - JobOrganizer - INFO: Updating jobInformation list
2009-06-09 08:55 - JobOrganizer - INFO: Updating jobInformation list
2009-06-09 08:57 - JobOrganizer - INFO: Updating jobInformation list
2009-06-09 08:59 - JobOrganizer - INFO: Updating jobInformation list
2009-06-09 09:01 - JobOrganizer - INFO: Updating jobInformation list
2009-06-09 09:03 - JobOrganizer - INFO: Updating jobInformation list
2009-06-09 09:05 - JobOrganizer - INFO: Updating jobInformation list
2009-06-09 09:07 - JobOrganizer - INFO: Updating jobInformation list
2009-06-09 09:09 - JobOrganizer - INFO: Updating jobInformation list
2009-06-09 09:11 - JobOrganizer - INFO: Updating jobInformation list
2009-06-09 09:13 - JobOrganizer - INFO: Updating jobInformation list
2009-06-09 09:15 - JobOrganizer - INFO: Updating jobInformation list
2009-06-09 09:17 - JobOrganizer - INFO: Updating jobInformation list
2009-06-09 09:19 - JobOrganizer - INFO: Updating jobInformation list
2009-06-09 09:21 - JobOrganizer - INFO: Updating jobInformation list
2009-06-09 09:23 - JobOrganizer - INFO: Updating jobInformation list
2009-06-09 09:25 - JobOrganizer - INFO: Updating jobInformation list
2009-06-09 09:27 - JobOrganizer - INFO: Updating jobInformation list
2009-06-09 09:29 - JobOrganizer - INFO: Updating jobInformation list
2009-06-09 09:31 - JobOrganizer - INFO: Updating jobInformation list
2009-06-09 09:33 - JobOrganizer - INFO: Updating jobInformation list
2009-06-09 09:35 - JobOrganizer - INFO: Updating jobInformation list
2009-06-09 09:37 - JobOrganizer - INFO: Updating jobInformation list
2009-06-09 09:39 - JobOrganizer - INFO: Updating jobInformation list
2009-06-09 09:41 - JobOrganizer - INFO: Updating jobInformation list
2009-06-09 09:43 - JobOrganizer - INFO: Updating jobInformation list
2009-06-09 09:45 - JobOrganizer - INFO: Updating jobInformation list
2009-06-09 09:47 - JobOrganizer - INFO: Updating jobInformation list
2009-06-09 09:49 - JobOrganizer - INFO: Updating jobInformation list
2009-06-09 09:51 - JobOrganizer - INFO: Updating jobInformation list
2009-06-09 09:53 - JobOrganizer - INFO: Updating jobInformation list
2009-06-09 09:55 - JobOrganizer - INFO: Updating jobInformation list
2009-06-09 09:57 - JobOrganizer - INFO: Updating jobInformation list
2009-06-09 10:00 - JobOrganizer - INFO: Updating jobInformation list
2009-06-09 10:02 - JobOrganizer - INFO: Updating jobInformation list
2009-06-09 10:04 - JobOrganizer - INFO: Updating jobInformation list
2009-06-09 10:06 - JobOrganizer - INFO: Updating jobInformation list
2009-06-09 10:08 - JobOrganizer - INFO: Updating jobInformation list
2009-06-09 10:10 - JobOrganizer - INFO: Updating jobInformation list
2009-06-09 10:12 - JobOrganizer - INFO: Updating jobInformation list
2009-06-09 10:14 - JobOrganizer - INFO: Updating jobInformation list
2009-06-09 10:16 - JobOrganizer - INFO: Updating jobInformation list
2009-06-09 10:18 - JobOrganizer - INFO: Updating jobInformation list
2009-06-09 10:20 - JobOrganizer - INFO: Updating jobInformation list
2009-06-09 10:22 - JobOrganizer - INFO: Updating jobInformation list
2009-06-09 10:24 - JobOrganizer - INFO: Updating jobInformation list
2009-06-09 10:26 - JobOrganizer - INFO: Updating jobInformation list
2009-06-09 10:28 - JobOrganizer - INFO: Updating jobInformation list
2009-06-09 10:30 - JobOrganizer - INFO: Updating jobInformation list
2009-06-09 10:32 - JobOrganizer - INFO: Updating jobInformation list
2009-06-09 10:34 - JobOrganizer - INFO: Updating jobInformation list
2009-06-09 10:36 - JobOrganizer - INFO: Updating jobInformation list
2009-06-09 10:38 - JobOrganizer - INFO: Updating jobInformation list
2009-06-09 10:40 - JobOrganizer - INFO: Updating jobInformation list
2009-06-09 10:42 - JobOrganizer - INFO: Updating jobInformation list
2009-06-09 10:44 - JobOrganizer - INFO: Updating jobInformation list
2009-06-09 10:46 - JobOrganizer - INFO: Updating jobInformation list
2009-06-09 10:48 - JobOrganizer - INFO: Updating jobInformation list
2009-06-09 10:50 - JobOrganizer - INFO: Updating jobInformation list
2009-06-09 10:52 - JobOrganizer - INFO: Updating jobInformation list
2009-06-09 10:54 - JobOrganizer - INFO: Updating jobInformation list
2009-06-09 10:56 - JobOrganizer - INFO: Updating jobInformation list
2009-06-09 10:58 - JobOrganizer - INFO: Updating jobInformation list
2009-06-09 11:00 - JobOrganizer - INFO: Updating jobInformation list
2009-06-09 11:02 - JobOrganizer - INFO: Updating jobInformation list
2009-06-09 11:04 - JobOrganizer - INFO: Updating jobInformation list
2009-06-09 11:06 - JobOrganizer - INFO: Updating jobInformation list
2009-06-09 11:08 - JobOrganizer - INFO: Updating jobInformation list
2009-06-09 11:10 - JobOrganizer - INFO: Updating jobInformation list
2009-06-09 11:12 - JobOrganizer - INFO: Updating jobInformation list
2009-06-09 11:14 - JobOrganizer - INFO: Updating jobInformation list
2009-06-09 11:16 - JobOrganizer - INFO: Updating jobInformation list
2009-06-09 11:18 - JobOrganizer - INFO: Updating jobInformation list
2009-06-09 11:20 - JobOrganizer - INFO: Updating jobInformation list
2009-06-09 11:22 - JobOrganizer - INFO: Updating jobInformation list
2009-06-09 11:24 - JobOrganizer - INFO: Updating jobInformation list
2009-06-09 11:26 - JobOrganizer - INFO: Updating jobInformation list
2009-06-09 11:28 - JobOrganizer - INFO: Updating jobInformation list
2009-06-09 11:30 - JobOrganizer - INFO: Updating jobInformation list
2009-06-09 11:32 - JobOrganizer - INFO: Updating jobInformation list
2009-06-09 11:34 - JobOrganizer - INFO: Updating jobInformation list
2009-06-09 11:36 - JobOrganizer - INFO: Updating jobInformation list
2009-06-09 11:38 - JobOrganizer - INFO: Updating jobInformation list
2009-06-09 11:40 - JobOrganizer - INFO: Updating jobInformation list
2009-06-09 11:42 - JobOrganizer - INFO: Updating jobInformation list
2009-06-09 11:44 - JobOrganizer - INFO: Updating jobInformation list
2009-06-09 11:46 - JobOrganizer - INFO: Updating jobInformation list
2009-06-09 11:48 - JobOrganizer - INFO: Updating jobInformation list
2009-06-09 11:50 - JobOrganizer - INFO: Updating jobInformation list
2009-06-09 11:52 - JobOrganizer - INFO: Updating jobInformation list
2009-06-09 11:54 - JobOrganizer - INFO: Updating jobInformation list
2009-06-09 11:56 - JobOrganizer - INFO: Updating jobInformation list
2009-06-09 11:58 - JobOrganizer - INFO: Updating jobInformation list
2009-06-09 12:00 - JobOrganizer - INFO: Updating jobInformation list
2009-06-09 12:02 - JobOrganizer - INFO: Updating jobInformation list
2009-06-09 12:04 - JobOrganizer - INFO: Updating jobInformation list
2009-06-09 12:06 - JobOrganizer - INFO: Updating jobInformation list
2009-06-09 12:08 - JobOrganizer - INFO: Updating jobInformation list
2009-06-09 12:10 - JobOrganizer - INFO: Updating jobInformation list
2009-06-09 12:12 - JobOrganizer - INFO: Updating jobInformation list
2009-06-09 12:14 - JobOrganizer - INFO: Updating jobInformation list
2009-06-09 12:16 - JobOrganizer - INFO: Updating jobInformation list
2009-06-09 12:18 - JobOrganizer - INFO: Updating jobInformation list
2009-06-09 12:20 - JobOrganizer - INFO: Updating jobInformation list
2009-06-09 12:22 - JobOrganizer - INFO: Updating jobInformation list
2009-06-09 12:24 - JobOrganizer - INFO: Updating jobInformation list
2009-06-09 12:26 - JobOrganizer - INFO: Updating jobInformation list
2009-06-09 12:28 - JobOrganizer - INFO: Updating jobInformation list
2009-06-09 12:30 - JobOrganizer - INFO: Updating jobInformation list
2009-06-09 12:32 - JobOrganizer - INFO: Updating jobInformation list
2009-06-09 12:34 - JobOrganizer - INFO: Updating jobInformation list
2009-06-09 12:36 - JobOrganizer - INFO: Updating jobInformation list
2009-06-09 12:38 - JobOrganizer - INFO: Updating jobInformation list
2009-06-09 12:40 - JobOrganizer - INFO: Updating jobInformation list
2009-06-09 12:42 - JobOrganizer - INFO: Updating jobInformation list
2009-06-09 12:44 - JobOrganizer - INFO: Updating jobInformation list
2009-06-09 12:46 - JobOrganizer - INFO: Updating jobInformation list
2009-06-09 12:48 - JobOrganizer - INFO: Updating jobInformation list
2009-06-09 12:50 - JobOrganizer - INFO: Updating jobInformation list
2009-06-09 12:52 - JobOrganizer - INFO: Updating jobInformation list
2009-06-09 12:54 - JobOrganizer - INFO: Updating jobInformation list
2009-06-09 12:56 - JobOrganizer - INFO: Updating jobInformation list
2009-06-09 12:58 - JobOrganizer - INFO: Updating jobInformation list
2009-06-09 13:00 - JobOrganizer - INFO: Updating jobInformation list
2009-06-09 13:02 - JobOrganizer - INFO: Updating jobInformation list
2009-06-09 13:04 - JobOrganizer - INFO: Updating jobInformation list
2009-06-09 13:06 - JobOrganizer - INFO: Updating jobInformation list
2009-06-09 13:08 - JobOrganizer - INFO: Updating jobInformation list
2009-06-09 13:10 - JobOrganizer - INFO: Updating jobInformation list
2009-06-09 13:12 - JobOrganizer - INFO: Updating jobInformation list
2009-06-09 13:14 - JobOrganizer - INFO: Updating jobInformation list
2009-06-09 13:16 - JobOrganizer - INFO: Updating jobInformation list
2009-06-09 13:18 - JobOrganizer - INFO: Updating jobInformation list
2009-06-09 13:21 - JobOrganizer - INFO: Updating jobInformation list
2009-06-09 13:23 - JobOrganizer - INFO: Updating jobInformation list
2009-06-09 13:25 - JobOrganizer - INFO: Updating jobInformation list
2009-06-09 13:27 - JobOrganizer - INFO: Updating jobInformation list
2009-06-09 13:29 - JobOrganizer - INFO: Updating jobInformation list
2009-06-09 13:31 - JobOrganizer - INFO: Updating jobInformation list
2009-06-09 13:33 - JobOrganizer - INFO: Updating jobInformation list
2009-06-09 13:35 - JobOrganizer - INFO: Updating jobInformation list
2009-06-09 13:37 - JobOrganizer - INFO: Updating jobInformation list
2009-06-09 13:39 - JobOrganizer - INFO: Updating jobInformation list
2009-06-09 13:41 - JobOrganizer - INFO: Updating jobInformation list
2009-06-09 13:43 - JobOrganizer - INFO: Updating jobInformation list
2009-06-09 13:45 - JobOrganizer - INFO: Updating jobInformation list
2009-06-09 13:47 - JobOrganizer - INFO: Updating jobInformation list
2009-06-09 13:49 - JobOrganizer - INFO: Updating jobInformation list
2009-06-09 13:51 - JobOrganizer - INFO: Updating jobInformation list
2009-06-09 13:53 - JobOrganizer - INFO: Updating jobInformation list
2009-06-09 13:55 - JobOrganizer - INFO: Updating jobInformation list
2009-06-09 13:57 - JobOrganizer - INFO: Updating jobInformation list
2009-06-09 13:59 - JobOrganizer - INFO: Updating jobInformation list
2009-06-09 14:01 - JobOrganizer - INFO: Updating jobInformation list
2009-06-09 14:03 - JobOrganizer - INFO: Updating jobInformation list
2009-06-09 14:05 - JobOrganizer - INFO: Updating jobInformation list
2009-06-09 14:07 - JobOrganizer - INFO: Updating jobInformation list
2009-06-09 14:09 - JobOrganizer - INFO: Updating jobInformation list
2009-06-09 14:11 - JobOrganizer - INFO: Updating jobInformation list
2009-06-09 14:13 - JobOrganizer - INFO: Updating jobInformation list
2009-06-09 14:15 - JobOrganizer - INFO: Updating jobInformation list
2009-06-09 14:17 - JobOrganizer - INFO: Updating jobInformation list
2009-06-09 14:19 - JobOrganizer - INFO: Updating jobInformation list
2009-06-09 14:21 - JobOrganizer - INFO: Updating jobInformation list
2009-06-09 14:23 - JobOrganizer - INFO: Updating jobInformation list
2009-06-09 14:25 - JobOrganizer - INFO: Updating jobInformation list
2009-06-09 14:27 - JobOrganizer - INFO: Updating jobInformation list
2009-06-09 14:29 - JobOrganizer - INFO: Updating jobInformation list
2009-06-09 14:31 - JobOrganizer - INFO: Updating jobInformation list
2009-06-09 14:33 - JobOrganizer - INFO: Updating jobInformation list
2009-06-09 14:35 - JobOrganizer - INFO: Updating jobInformation list
2009-06-09 14:37 - JobOrganizer - INFO: Updating jobInformation list
2009-06-09 14:39 - JobOrganizer - INFO: Updating jobInformation list
2009-06-09 14:41 - JobOrganizer - INFO: Updating jobInformation list
2009-06-09 14:43 - JobOrganizer - INFO: Updating jobInformation list
2009-06-09 14:45 - JobOrganizer - INFO: Updating jobInformation list
2009-06-09 14:47 - JobOrganizer - INFO: Updating jobInformation list
2009-06-09 14:49 - JobOrganizer - INFO: Updating jobInformation list
2009-06-09 14:51 - JobOrganizer - INFO: Updating jobInformation list
2009-06-09 14:53 - JobOrganizer - INFO: Updating jobInformation list
2009-06-09 14:55 - JobOrganizer - INFO: Updating jobInformation list
2009-06-09 14:57 - JobOrganizer - INFO: Updating jobInformation list
2009-06-09 14:59 - JobOrganizer - INFO: Updating jobInformation list
2009-06-09 15:01 - JobOrganizer - INFO: Updating jobInformation list
2009-06-09 15:03 - JobOrganizer - INFO: Updating jobInformation list
2009-06-09 15:05 - JobOrganizer - INFO: Updating jobInformation list
2009-06-09 15:07 - JobOrganizer - INFO: Updating jobInformation list
2009-06-09 15:09 - JobOrganizer - INFO: Updating jobInformation list
2009-06-09 15:11 - JobOrganizer - INFO: Updating jobInformation list
2009-06-09 15:13 - JobOrganizer - INFO: Updating jobInformation list
2009-06-09 15:15 - JobOrganizer - INFO: Updating jobInformation list
2009-06-09 15:17 - JobOrganizer - INFO: Updating jobInformation list
2009-06-09 15:19 - JobOrganizer - INFO: Updating jobInformation list
2009-06-09 15:22 - JobOrganizer - INFO: Updating jobInformation list
2009-06-09 15:24 - JobOrganizer - INFO: Updating jobInformation list
2009-06-09 15:26 - JobOrganizer - INFO: Updating jobInformation list
2009-06-09 15:28 - JobOrganizer - INFO: Updating jobInformation list
2009-06-09 15:30 - JobOrganizer - INFO: Updating jobInformation list
2009-06-09 15:32 - JobOrganizer - INFO: Updating jobInformation list
2009-06-09 15:34 - JobOrganizer - INFO: Updating jobInformation list
2009-06-09 15:36 - JobOrganizer - INFO: Updating jobInformation list
2009-06-09 15:38 - JobOrganizer - INFO: Updating jobInformation list
2009-06-09 15:40 - JobOrganizer - INFO: Updating jobInformation list
2009-06-09 15:42 - JobOrganizer - INFO: Updating jobInformation list
2009-06-09 15:44 - JobOrganizer - INFO: Updating jobInformation list
2009-06-09 15:46 - JobOrganizer - INFO: Updating jobInformation list
2009-06-09 15:48 - JobOrganizer - INFO: Updating jobInformation list
2009-06-09 15:50 - JobOrganizer - INFO: Updating jobInformation list
2009-06-09 15:52 - JobOrganizer - INFO: Updating jobInformation list
2009-06-09 15:54 - JobOrganizer - INFO: Updating jobInformation list
2009-06-09 15:56 - JobOrganizer - INFO: Updating jobInformation list
2009-06-09 15:58 - JobOrganizer - INFO: Updating jobInformation list
2009-06-09 16:00 - JobOrganizer - INFO: Updating jobInformation list
2009-06-09 16:02 - JobOrganizer - INFO: Updating jobInformation list
2009-06-09 16:04 - JobOrganizer - INFO: Updating jobInformation list
2009-06-09 16:06 - JobOrganizer - INFO: Updating jobInformation list
2009-06-09 16:08 - JobOrganizer - INFO: Updating jobInformation list
2009-06-09 16:10 - JobOrganizer - INFO: Updating jobInformation list
2009-06-09 16:12 - JobOrganizer - INFO: Updating jobInformation list
2009-06-09 16:14 - JobOrganizer - INFO: Updating jobInformation list
2009-06-09 16:16 - JobOrganizer - INFO: Updating jobInformation list
2009-06-09 16:18 - JobOrganizer - INFO: Updating jobInformation list
2009-06-09 16:20 - JobOrganizer - INFO: Updating jobInformation list
2009-06-09 16:22 - JobOrganizer - INFO: Updating jobInformation list
2009-06-09 16:24 - JobOrganizer - INFO: Updating jobInformation list
2009-06-09 16:26 - JobOrganizer - INFO: Updating jobInformation list
2009-06-09 16:28 - JobOrganizer - INFO: Updating jobInformation list
2009-06-09 16:30 - JobOrganizer - INFO: Updating jobInformation list
2009-06-09 16:32 - JobOrganizer - INFO: Updating jobInformation list
2009-06-09 16:34 - JobOrganizer - INFO: Updating jobInformation list
2009-06-09 16:36 - JobOrganizer - INFO: Updating jobInformation list
2009-06-09 16:38 - JobOrganizer - INFO: Updating jobInformation list
2009-06-09 16:40 - JobOrganizer - INFO: Updating jobInformation list
2009-06-09 16:42 - JobOrganizer - INFO: Updating jobInformation list
2009-06-09 16:44 - JobOrganizer - INFO: Updating jobInformation list
2009-06-09 16:46 - JobOrganizer - INFO: Updating jobInformation list
2009-06-09 16:48 - JobOrganizer - INFO: Updating jobInformation list
2009-06-09 16:50 - JobOrganizer - INFO: Updating jobInformation list
2009-06-09 16:52 - JobOrganizer - INFO: Updating jobInformation list
2009-06-09 16:54 - JobOrganizer - INFO: Updating jobInformation list
2009-06-09 16:56 - JobOrganizer - INFO: Updating jobInformation list
2009-06-09 16:58 - JobOrganizer - INFO: Updating jobInformation list
2009-06-09 17:00 - JobOrganizer - INFO: Updating jobInformation list
2009-06-09 17:02 - JobOrganizer - INFO: Updating jobInformation list
2009-06-09 17:04 - JobOrganizer - INFO: Updating jobInformation list
2009-06-09 17:06 - JobOrganizer - INFO: Updating jobInformation list
2009-06-09 17:08 - JobOrganizer - INFO: Updating jobInformation list
2009-06-09 17:10 - JobOrganizer - INFO: Updating jobInformation list
2009-06-09 17:12 - JobOrganizer - INFO: Updating jobInformation list
2009-06-09 17:14 - JobOrganizer - INFO: Updating jobInformation list
2009-06-09 17:16 - JobOrganizer - INFO: Updating jobInformation list
2009-06-09 17:18 - JobOrganizer - INFO: Updating jobInformation list
2009-06-09 17:20 - JobOrganizer - INFO: Updating jobInformation list
2009-06-09 17:22 - JobOrganizer - INFO: Updating jobInformation list
2009-06-09 17:24 - JobOrganizer - INFO: Updating jobInformation list
2009-06-09 17:26 - JobOrganizer - INFO: Updating jobInformation list
2009-06-09 17:28 - JobOrganizer - INFO: Updating jobInformation list
2009-06-09 17:30 - JobOrganizer - INFO: Updating jobInformation list
2009-06-09 17:32 - JobOrganizer - INFO: Updating jobInformation list
2009-06-09 17:34 - JobOrganizer - INFO: Updating jobInformation list
2009-06-09 17:36 - JobOrganizer - INFO: Updating jobInformation list
2009-06-09 17:38 - JobOrganizer - INFO: Updating jobInformation list
2009-06-09 17:40 - JobOrganizer - INFO: Updating jobInformation list
2009-06-09 17:42 - JobOrganizer - INFO: Updating jobInformation list
2009-06-09 17:44 - JobOrganizer - INFO: Updating jobInformation list
2009-06-09 17:46 - JobOrganizer - INFO: Updating jobInformation list
2009-06-09 17:48 - JobOrganizer - INFO: Updating jobInformation list
2009-06-09 17:50 - JobOrganizer - INFO: Updating jobInformation list
2009-06-09 17:52 - JobOrganizer - INFO: Updating jobInformation list
2009-06-09 17:55 - JobOrganizer - INFO: Updating jobInformation list
2009-06-09 17:57 - JobOrganizer - INFO: Updating jobInformation list
2009-06-09 17:59 - JobOrganizer - INFO: Updating jobInformation list
2009-06-09 18:01 - JobOrganizer - INFO: Updating jobInformation list
2009-06-09 18:03 - JobOrganizer - INFO: Updating jobInformation list
2009-06-09 18:05 - JobOrganizer - INFO: Updating jobInformation list
2009-06-09 18:07 - JobOrganizer - INFO: Updating jobInformation list
2009-06-09 18:09 - JobOrganizer - INFO: Updating jobInformation list
2009-06-09 18:11 - JobOrganizer - INFO: Updating jobInformation list
2009-06-09 18:13 - JobOrganizer - INFO: Updating jobInformation list
2009-06-09 18:15 - JobOrganizer - INFO: Updating jobInformation list
2009-06-09 18:17 - JobOrganizer - INFO: Updating jobInformation list
2009-06-09 18:19 - JobOrganizer - INFO: Updating jobInformation list
2009-06-09 18:21 - JobOrganizer - INFO: Updating jobInformation list
2009-06-09 18:23 - JobOrganizer - INFO: Updating jobInformation list
2009-06-09 18:25 - JobOrganizer - INFO: Updating jobInformation list
2009-06-09 18:27 - JobOrganizer - INFO: Updating jobInformation list
2009-06-09 18:29 - JobOrganizer - INFO: Updating jobInformation list
2009-06-09 18:31 - JobOrganizer - INFO: Updating jobInformation list
2009-06-09 18:33 - JobOrganizer - INFO: Updating jobInformation list
2009-06-09 18:35 - JobOrganizer - INFO: Updating jobInformation list
2009-06-09 18:37 - JobOrganizer - INFO: Updating jobInformation list
2009-06-09 18:39 - JobOrganizer - INFO: Updating jobInformation list
2009-06-09 18:41 - JobOrganizer - INFO: Updating jobInformation list
2009-06-09 18:43 - JobOrganizer - INFO: Updating jobInformation list
2009-06-09 18:45 - JobOrganizer - INFO: Updating jobInformation list
2009-06-09 18:47 - JobOrganizer - INFO: Updating jobInformation list
2009-06-09 18:49 - JobOrganizer - INFO: Updating jobInformation list
2009-06-09 18:51 - JobOrganizer - INFO: Updating jobInformation list
2009-06-09 18:53 - JobOrganizer - INFO: Updating jobInformation list
2009-06-09 18:55 - JobOrganizer - INFO: Updating jobInformation list
2009-06-09 18:57 - JobOrganizer - INFO: Updating jobInformation list
2009-06-09 18:59 - JobOrganizer - INFO: Updating jobInformation list
2009-06-09 19:01 - JobOrganizer - INFO: Updating jobInformation list
2009-06-09 19:03 - JobOrganizer - INFO: Updating jobInformation list
2009-06-09 19:05 - JobOrganizer - INFO: Updating jobInformation list
2009-06-09 19:07 - JobOrganizer - INFO: Updating jobInformation list
2009-06-09 19:09 - JobOrganizer - INFO: Updating jobInformation list
2009-06-09 19:11 - JobOrganizer - INFO: Updating jobInformation list
2009-06-09 19:13 - JobOrganizer - INFO: Updating jobInformation list
2009-06-09 19:15 - JobOrganizer - INFO: Updating jobInformation list
2009-06-09 19:17 - JobOrganizer - INFO: Updating jobInformation list
2009-06-09 19:19 - JobOrganizer - INFO: Updating jobInformation list
2009-06-09 19:22 - JobOrganizer - INFO: Updating jobInformation list
2009-06-09 19:24 - JobOrganizer - INFO: Updating jobInformation list
2009-06-09 19:26 - JobOrganizer - INFO: Updating jobInformation list
2009-06-09 19:28 - JobOrganizer - INFO: Updating jobInformation list
2009-06-09 19:30 - JobOrganizer - INFO: Updating jobInformation list
2009-06-09 19:32 - JobOrganizer - INFO: Updating jobInformation list
2009-06-09 19:34 - JobOrganizer - INFO: Updating jobInformation list
2009-06-09 19:36 - JobOrganizer - INFO: Updating jobInformation list
2009-06-09 19:38 - JobOrganizer - INFO: Updating jobInformation list
2009-06-09 19:40 - JobOrganizer - INFO: Updating jobInformation list
2009-06-09 19:42 - JobOrganizer - INFO: Updating jobInformation list
2009-06-09 19:44 - JobOrganizer - INFO: Updating jobInformation list
2009-06-09 19:46 - JobOrganizer - INFO: Updating jobInformation list
2009-06-09 19:48 - JobOrganizer - INFO: Updating jobInformation list
2009-06-09 19:50 - JobOrganizer - INFO: Updating jobInformation list
2009-06-09 19:52 - JobOrganizer - INFO: Updating jobInformation list
2009-06-09 19:54 - JobOrganizer - INFO: Updating jobInformation list
2009-06-09 19:56 - JobOrganizer - INFO: Updating jobInformation list
2009-06-09 19:58 - JobOrganizer - INFO: Updating jobInformation list
2009-06-09 20:00 - JobOrganizer - INFO: Updating jobInformation list
2009-06-09 20:02 - JobOrganizer - INFO: Updating jobInformation list
2009-06-09 20:04 - JobOrganizer - INFO: Updating jobInformation list
2009-06-09 20:06 - JobOrganizer - INFO: Updating jobInformation list
2009-06-09 20:08 - JobOrganizer - INFO: Updating jobInformation list
2009-06-09 20:10 - JobOrganizer - INFO: Updating jobInformation list
2009-06-09 20:12 - JobOrganizer - INFO: Updating jobInformation list
2009-06-09 20:14 - JobOrganizer - INFO: Updating jobInformation list
2009-06-09 20:16 - JobOrganizer - INFO: Updating jobInformation list
2009-06-09 20:18 - JobOrganizer - INFO: Updating jobInformation list
2009-06-09 20:20 - JobOrganizer - INFO: Updating jobInformation list
2009-06-09 20:22 - JobOrganizer - INFO: Updating jobInformation list
2009-06-09 20:24 - JobOrganizer - INFO: Updating jobInformation list
2009-06-09 20:26 - JobOrganizer - INFO: Updating jobInformation list
2009-06-09 20:28 - JobOrganizer - INFO: Updating jobInformation list
2009-06-09 20:30 - JobOrganizer - INFO: Updating jobInformation list
2009-06-09 20:32 - JobOrganizer - INFO: Updating jobInformation list
2009-06-09 20:34 - JobOrganizer - INFO: Updating jobInformation list
2009-06-09 20:36 - JobOrganizer - INFO: Updating jobInformation list
2009-06-09 20:38 - JobOrganizer - INFO: Updating jobInformation list
2009-06-09 20:40 - JobOrganizer - INFO: Updating jobInformation list
2009-06-09 20:42 - JobOrganizer - INFO: Updating jobInformation list
2009-06-09 20:44 - JobOrganizer - INFO: Updating jobInformation list
2009-06-09 20:46 - JobOrganizer - INFO: Updating jobInformation list
2009-06-09 20:48 - JobOrganizer - INFO: Updating jobInformation list
2009-06-09 20:50 - JobOrganizer - INFO: Updating jobInformation list
2009-06-09 20:52 - JobOrganizer - INFO: Updating jobInformation list
2009-06-09 20:54 - JobOrganizer - INFO: Updating jobInformation list
2009-06-09 20:56 - JobOrganizer - INFO: Updating jobInformation list
2009-06-09 20:58 - JobOrganizer - INFO: Updating jobInformation list
2009-06-09 21:00 - JobOrganizer - INFO: Updating jobInformation list
2009-06-09 21:02 - JobOrganizer - INFO: Updating jobInformation list
2009-06-09 21:04 - JobOrganizer - INFO: Updating jobInformation list
2009-06-09 21:06 - JobOrganizer - INFO: Updating jobInformation list
2009-06-09 21:08 - JobOrganizer - INFO: Updating jobInformation list
2009-06-09 21:10 - JobOrganizer - INFO: Updating jobInformation list
2009-06-09 21:12 - JobOrganizer - INFO: Updating jobInformation list
2009-06-09 21:14 - JobOrganizer - INFO: Updating jobInformation list
2009-06-09 21:16 - JobOrganizer - INFO: Updating jobInformation list
2009-06-09 21:18 - JobOrganizer - INFO: Updating jobInformation list
2009-06-09 21:20 - JobOrganizer - INFO: Updating jobInformation list
2009-06-09 21:22 - JobOrganizer - INFO: Updating jobInformation list
2009-06-09 21:24 - JobOrganizer - INFO: Updating jobInformation list
2009-06-09 21:26 - JobOrganizer - INFO: Updating jobInformation list
2009-06-09 21:28 - JobOrganizer - INFO: Updating jobInformation list
2009-06-09 21:30 - JobOrganizer - INFO: Updating jobInformation list
2009-06-09 21:32 - JobOrganizer - INFO: Updating jobInformation list
2009-06-09 21:34 - JobOrganizer - INFO: Updating jobInformation list
2009-06-09 21:36 - JobOrganizer - INFO: Updating jobInformation list
2009-06-09 21:38 - JobOrganizer - INFO: Updating jobInformation list
2009-06-09 21:40 - JobOrganizer - INFO: Updating jobInformation list
2009-06-09 21:42 - JobOrganizer - INFO: Updating jobInformation list
2009-06-09 21:44 - JobOrganizer - INFO: Updating jobInformation list
2009-06-09 21:46 - JobOrganizer - INFO: Updating jobInformation list
2009-06-09 21:48 - JobOrganizer - INFO: Updating jobInformation list
2009-06-09 21:50 - JobOrganizer - INFO: Updating jobInformation list
2009-06-09 21:52 - JobOrganizer - INFO: Updating jobInformation list
2009-06-09 21:54 - JobOrganizer - INFO: Updating jobInformation list
2009-06-09 21:56 - JobOrganizer - INFO: Updating jobInformation list
2009-06-09 21:58 - JobOrganizer - INFO: Updating jobInformation list
2009-06-09 22:00 - JobOrganizer - INFO: Updating jobInformation list
2009-06-09 22:02 - JobOrganizer - INFO: Updating jobInformation list
2009-06-09 22:04 - JobOrganizer - INFO: Updating jobInformation list
2009-06-09 22:06 - JobOrganizer - INFO: Updating jobInformation list
2009-06-09 22:08 - JobOrganizer - INFO: Updating jobInformation list
2009-06-09 22:10 - JobOrganizer - INFO: Updating jobInformation list
2009-06-09 22:12 - JobOrganizer - INFO: Updating jobInformation list
2009-06-09 22:14 - JobOrganizer - INFO: Updating jobInformation list
2009-06-09 22:16 - JobOrganizer - INFO: Updating jobInformation list
2009-06-09 22:18 - JobOrganizer - INFO: Updating jobInformation list
2009-06-09 22:20 - JobOrganizer - INFO: Updating jobInformation list
2009-06-09 22:22 - JobOrganizer - INFO: Updating jobInformation list
2009-06-09 22:25 - JobOrganizer - INFO: Updating jobInformation list
2009-06-09 22:27 - JobOrganizer - INFO: Updating jobInformation list
2009-06-09 22:29 - JobOrganizer - INFO: Updating jobInformation list
2009-06-09 22:31 - JobOrganizer - INFO: Updating jobInformation list
2009-06-09 22:33 - JobOrganizer - INFO: Updating jobInformation list
2009-06-09 22:35 - JobOrganizer - INFO: Updating jobInformation list
2009-06-09 22:37 - JobOrganizer - INFO: Updating jobInformation list
2009-06-09 22:39 - JobOrganizer - INFO: Updating jobInformation list
2009-06-09 22:41 - JobOrganizer - INFO: Updating jobInformation list
2009-06-09 22:43 - JobOrganizer - INFO: Updating jobInformation list
2009-06-09 22:45 - JobOrganizer - INFO: Updating jobInformation list
2009-06-09 22:47 - JobOrganizer - INFO: Updating jobInformation list
2009-06-09 22:49 - JobOrganizer - INFO: Updating jobInformation list
2009-06-09 22:51 - JobOrganizer - INFO: Updating jobInformation list
2009-06-09 22:53 - JobOrganizer - INFO: Updating jobInformation list
2009-06-09 22:55 - JobOrganizer - INFO: Updating jobInformation list
2009-06-09 22:57 - JobOrganizer - INFO: Updating jobInformation list
2009-06-09 22:59 - JobOrganizer - INFO: Updating jobInformation list
2009-06-09 23:01 - JobOrganizer - INFO: Updating jobInformation list
2009-06-09 23:03 - JobOrganizer - INFO: Updating jobInformation list
2009-06-09 23:05 - JobOrganizer - INFO: Updating jobInformation list
2009-06-09 23:07 - JobOrganizer - INFO: Updating jobInformation list
2009-06-09 23:09 - JobOrganizer - INFO: Updating jobInformation list
2009-06-09 23:11 - JobOrganizer - INFO: Updating jobInformation list
2009-06-09 23:13 - JobOrganizer - INFO: Updating jobInformation list
2009-06-09 23:15 - JobOrganizer - INFO: Updating jobInformation list
2009-06-09 23:17 - JobOrganizer - INFO: Updating jobInformation list
2009-06-09 23:19 - JobOrganizer - INFO: Updating jobInformation list
2009-06-09 23:21 - JobOrganizer - INFO: Updating jobInformation list
2009-06-09 23:23 - JobOrganizer - INFO: Updating jobInformation list
2009-06-09 23:25 - JobOrganizer - INFO: Updating jobInformation list
2009-06-09 23:27 - JobOrganizer - INFO: Updating jobInformation list
2009-06-09 23:29 - JobOrganizer - INFO: Updating jobInformation list
2009-06-09 23:31 - JobOrganizer - INFO: Updating jobInformation list
2009-06-09 23:33 - JobOrganizer - INFO: Updating jobInformation list
2009-06-09 23:35 - JobOrganizer - INFO: Updating jobInformation list
2009-06-09 23:37 - JobOrganizer - INFO: Updating jobInformation list
2009-06-09 23:39 - JobOrganizer - INFO: Updating jobInformation list
2009-06-09 23:41 - JobOrganizer - INFO: Updating jobInformation list
2009-06-09 23:43 - JobOrganizer - INFO: Updating jobInformation list
2009-06-09 23:45 - JobOrganizer - INFO: Updating jobInformation list
2009-06-09 23:47 - JobOrganizer - INFO: Updating jobInformation list
2009-06-09 23:49 - JobOrganizer - INFO: Updating jobInformation list
2009-06-09 23:51 - JobOrganizer - INFO: Updating jobInformation list
2009-06-09 23:53 - JobOrganizer - INFO: Updating jobInformation list
2009-06-09 23:55 - JobOrganizer - INFO: Updating jobInformation list
2009-06-09 23:57 - JobOrganizer - INFO: Updating jobInformation list
2009-06-09 23:59 - JobOrganizer - INFO: Updating jobInformation list
