2009-04-13 00:01 - JobOrganizer - INFO: ========================================
2009-04-13 00:01 - JobOrganizer - INFO: JobOrganizer in init
2009-04-13 00:01 - JobOrganizer - INFO: init file JobOrganizerConfig.py was found
2009-04-13 00:01 - JobOrganizer - INFO: retrieveing Db parameters from JobOrganizerConfig.py file
2009-04-13 00:01 - JobOrganizer - INFO: creating job configurations from JobOrganizerConfig.py file
2009-04-13 00:01 - JobOrganizer - INFO: JobOrganizer initialized
2009-04-13 00:01 - JobOrganizer - INFO: ========================================
2009-04-13 00:03 - JobOrganizer - INFO: Updating jobInformation list
2009-04-13 00:05 - JobOrganizer - INFO: Updating jobInformation list
2009-04-13 00:07 - JobOrganizer - INFO: Updating jobInformation list
2009-04-13 00:09 - JobOrganizer - INFO: Updating jobInformation list
2009-04-13 00:11 - JobOrganizer - INFO: Updating jobInformation list
2009-04-13 00:13 - JobOrganizer - INFO: Updating jobInformation list
2009-04-13 00:15 - JobOrganizer - INFO: Updating jobInformation list
2009-04-13 00:17 - JobOrganizer - INFO: Updating jobInformation list
2009-04-13 00:20 - JobOrganizer - INFO: Updating jobInformation list
2009-04-13 00:22 - JobOrganizer - INFO: Updating jobInformation list
2009-04-13 00:24 - JobOrganizer - INFO: Updating jobInformation list
2009-04-13 00:26 - JobOrganizer - INFO: Updating jobInformation list
2009-04-13 00:28 - JobOrganizer - INFO: Updating jobInformation list
2009-04-13 00:30 - JobOrganizer - INFO: Updating jobInformation list
2009-04-13 00:32 - JobOrganizer - INFO: Updating jobInformation list
2009-04-13 00:34 - JobOrganizer - INFO: Updating jobInformation list
2009-04-13 00:36 - JobOrganizer - INFO: Updating jobInformation list
2009-04-13 00:38 - JobOrganizer - INFO: Updating jobInformation list
2009-04-13 00:40 - JobOrganizer - INFO: Updating jobInformation list
2009-04-13 00:42 - JobOrganizer - INFO: Updating jobInformation list
2009-04-13 00:44 - JobOrganizer - INFO: Updating jobInformation list
2009-04-13 00:46 - JobOrganizer - INFO: Updating jobInformation list
2009-04-13 00:48 - JobOrganizer - INFO: Updating jobInformation list
2009-04-13 00:50 - JobOrganizer - INFO: Updating jobInformation list
2009-04-13 00:52 - JobOrganizer - INFO: Updating jobInformation list
2009-04-13 00:54 - JobOrganizer - INFO: Updating jobInformation list
2009-04-13 00:56 - JobOrganizer - INFO: Updating jobInformation list
2009-04-13 00:58 - JobOrganizer - INFO: Updating jobInformation list
2009-04-13 01:00 - JobOrganizer - INFO: Updating jobInformation list
2009-04-13 01:02 - JobOrganizer - INFO: Updating jobInformation list
2009-04-13 01:04 - JobOrganizer - INFO: Updating jobInformation list
2009-04-13 01:06 - JobOrganizer - INFO: Updating jobInformation list
2009-04-13 01:08 - JobOrganizer - INFO: Updating jobInformation list
2009-04-13 01:10 - JobOrganizer - INFO: Updating jobInformation list
2009-04-13 01:12 - JobOrganizer - INFO: Updating jobInformation list
2009-04-13 01:14 - JobOrganizer - INFO: Updating jobInformation list
2009-04-13 01:16 - JobOrganizer - INFO: Updating jobInformation list
2009-04-13 01:18 - JobOrganizer - INFO: Updating jobInformation list
2009-04-13 01:20 - JobOrganizer - INFO: Updating jobInformation list
2009-04-13 01:22 - JobOrganizer - INFO: Updating jobInformation list
2009-04-13 01:24 - JobOrganizer - INFO: Updating jobInformation list
2009-04-13 01:26 - JobOrganizer - INFO: Updating jobInformation list
2009-04-13 01:28 - JobOrganizer - INFO: Updating jobInformation list
2009-04-13 01:30 - JobOrganizer - INFO: Updating jobInformation list
2009-04-13 01:32 - JobOrganizer - INFO: Updating jobInformation list
2009-04-13 01:34 - JobOrganizer - INFO: Updating jobInformation list
2009-04-13 01:36 - JobOrganizer - INFO: Updating jobInformation list
2009-04-13 01:38 - JobOrganizer - INFO: Updating jobInformation list
2009-04-13 01:40 - JobOrganizer - INFO: Updating jobInformation list
2009-04-13 01:42 - JobOrganizer - INFO: Updating jobInformation list
2009-04-13 01:44 - JobOrganizer - INFO: Updating jobInformation list
2009-04-13 01:46 - JobOrganizer - INFO: Updating jobInformation list
2009-04-13 01:48 - JobOrganizer - INFO: Updating jobInformation list
2009-04-13 01:50 - JobOrganizer - INFO: Updating jobInformation list
2009-04-13 01:52 - JobOrganizer - INFO: Updating jobInformation list
2009-04-13 01:54 - JobOrganizer - INFO: Updating jobInformation list
2009-04-13 01:56 - JobOrganizer - INFO: Updating jobInformation list
2009-04-13 01:58 - JobOrganizer - INFO: Updating jobInformation list
2009-04-13 02:00 - JobOrganizer - INFO: Updating jobInformation list
2009-04-13 02:02 - JobOrganizer - INFO: Updating jobInformation list
2009-04-13 02:04 - JobOrganizer - INFO: Updating jobInformation list
2009-04-13 02:06 - JobOrganizer - INFO: Updating jobInformation list
2009-04-13 02:08 - JobOrganizer - INFO: Updating jobInformation list
2009-04-13 02:10 - JobOrganizer - INFO: Updating jobInformation list
2009-04-13 02:12 - JobOrganizer - INFO: Updating jobInformation list
2009-04-13 02:14 - JobOrganizer - INFO: Updating jobInformation list
2009-04-13 02:16 - JobOrganizer - INFO: Updating jobInformation list
2009-04-13 02:18 - JobOrganizer - INFO: Updating jobInformation list
2009-04-13 02:20 - JobOrganizer - INFO: Updating jobInformation list
2009-04-13 02:22 - JobOrganizer - INFO: Updating jobInformation list
2009-04-13 02:24 - JobOrganizer - INFO: Updating jobInformation list
2009-04-13 02:26 - JobOrganizer - INFO: Updating jobInformation list
2009-04-13 02:28 - JobOrganizer - INFO: Updating jobInformation list
2009-04-13 02:30 - JobOrganizer - INFO: Updating jobInformation list
2009-04-13 02:32 - JobOrganizer - INFO: Updating jobInformation list
2009-04-13 02:34 - JobOrganizer - INFO: Updating jobInformation list
2009-04-13 02:36 - JobOrganizer - INFO: Updating jobInformation list
2009-04-13 02:38 - JobOrganizer - INFO: Updating jobInformation list
2009-04-13 02:40 - JobOrganizer - INFO: Updating jobInformation list
2009-04-13 02:42 - JobOrganizer - INFO: Updating jobInformation list
2009-04-13 02:44 - JobOrganizer - INFO: Updating jobInformation list
2009-04-13 02:46 - JobOrganizer - INFO: Updating jobInformation list
2009-04-13 02:48 - JobOrganizer - INFO: Updating jobInformation list
2009-04-13 02:50 - JobOrganizer - INFO: Updating jobInformation list
2009-04-13 02:52 - JobOrganizer - INFO: Updating jobInformation list
2009-04-13 02:54 - JobOrganizer - INFO: Updating jobInformation list
2009-04-13 02:56 - JobOrganizer - INFO: Updating jobInformation list
2009-04-13 02:58 - JobOrganizer - INFO: Updating jobInformation list
2009-04-13 03:00 - JobOrganizer - INFO: Updating jobInformation list
2009-04-13 03:02 - JobOrganizer - INFO: Updating jobInformation list
2009-04-13 03:04 - JobOrganizer - INFO: Updating jobInformation list
2009-04-13 03:06 - JobOrganizer - INFO: Updating jobInformation list
2009-04-13 03:08 - JobOrganizer - INFO: Updating jobInformation list
2009-04-13 03:10 - JobOrganizer - INFO: Updating jobInformation list
2009-04-13 03:12 - JobOrganizer - INFO: Updating jobInformation list
2009-04-13 03:14 - JobOrganizer - INFO: Updating jobInformation list
2009-04-13 03:16 - JobOrganizer - INFO: Updating jobInformation list
2009-04-13 03:18 - JobOrganizer - INFO: Updating jobInformation list
2009-04-13 03:20 - JobOrganizer - INFO: Updating jobInformation list
2009-04-13 03:22 - JobOrganizer - INFO: Updating jobInformation list
2009-04-13 03:24 - JobOrganizer - INFO: Updating jobInformation list
2009-04-13 03:26 - JobOrganizer - INFO: Updating jobInformation list
2009-04-13 03:29 - JobOrganizer - INFO: Updating jobInformation list
2009-04-13 03:31 - JobOrganizer - INFO: Updating jobInformation list
2009-04-13 03:33 - JobOrganizer - INFO: Updating jobInformation list
2009-04-13 03:35 - JobOrganizer - INFO: Updating jobInformation list
2009-04-13 03:37 - JobOrganizer - INFO: Updating jobInformation list
2009-04-13 03:39 - JobOrganizer - INFO: Updating jobInformation list
2009-04-13 03:41 - JobOrganizer - INFO: Updating jobInformation list
2009-04-13 03:43 - JobOrganizer - INFO: Updating jobInformation list
2009-04-13 03:46 - JobOrganizer - INFO: Updating jobInformation list
2009-04-13 03:48 - JobOrganizer - INFO: Updating jobInformation list
2009-04-13 03:50 - JobOrganizer - INFO: Updating jobInformation list
2009-04-13 03:52 - JobOrganizer - INFO: Updating jobInformation list
2009-04-13 03:54 - JobOrganizer - INFO: Updating jobInformation list
2009-04-13 03:56 - JobOrganizer - INFO: Updating jobInformation list
2009-04-13 03:58 - JobOrganizer - INFO: Updating jobInformation list
2009-04-13 04:00 - JobOrganizer - INFO: Updating jobInformation list
2009-04-13 04:02 - JobOrganizer - INFO: Updating jobInformation list
2009-04-13 04:04 - JobOrganizer - INFO: Updating jobInformation list
2009-04-13 04:06 - JobOrganizer - INFO: Updating jobInformation list
2009-04-13 04:08 - JobOrganizer - INFO: Updating jobInformation list
2009-04-13 04:10 - JobOrganizer - INFO: Updating jobInformation list
2009-04-13 04:12 - JobOrganizer - INFO: Updating jobInformation list
2009-04-13 04:14 - JobOrganizer - INFO: Updating jobInformation list
2009-04-13 04:16 - JobOrganizer - INFO: Updating jobInformation list
2009-04-13 04:18 - JobOrganizer - INFO: Updating jobInformation list
2009-04-13 04:20 - JobOrganizer - INFO: Updating jobInformation list
2009-04-13 04:22 - JobOrganizer - INFO: Updating jobInformation list
2009-04-13 04:24 - JobOrganizer - INFO: Updating jobInformation list
2009-04-13 04:26 - JobOrganizer - INFO: Updating jobInformation list
2009-04-13 04:28 - JobOrganizer - INFO: Updating jobInformation list
2009-04-13 04:30 - JobOrganizer - INFO: Updating jobInformation list
2009-04-13 04:32 - JobOrganizer - INFO: Updating jobInformation list
2009-04-13 04:34 - JobOrganizer - INFO: Updating jobInformation list
2009-04-13 04:36 - JobOrganizer - INFO: Updating jobInformation list
2009-04-13 04:38 - JobOrganizer - INFO: Updating jobInformation list
2009-04-13 04:40 - JobOrganizer - INFO: Updating jobInformation list
2009-04-13 04:42 - JobOrganizer - INFO: Updating jobInformation list
2009-04-13 04:44 - JobOrganizer - INFO: Updating jobInformation list
2009-04-13 04:46 - JobOrganizer - INFO: Updating jobInformation list
2009-04-13 04:48 - JobOrganizer - INFO: Updating jobInformation list
2009-04-13 04:50 - JobOrganizer - INFO: Updating jobInformation list
2009-04-13 04:52 - JobOrganizer - INFO: Updating jobInformation list
2009-04-13 04:54 - JobOrganizer - INFO: Updating jobInformation list
2009-04-13 04:56 - JobOrganizer - INFO: Updating jobInformation list
2009-04-13 04:58 - JobOrganizer - INFO: Updating jobInformation list
2009-04-13 05:00 - JobOrganizer - INFO: Updating jobInformation list
2009-04-13 05:02 - JobOrganizer - INFO: Updating jobInformation list
2009-04-13 05:04 - JobOrganizer - INFO: Updating jobInformation list
2009-04-13 05:06 - JobOrganizer - INFO: Updating jobInformation list
2009-04-13 05:08 - JobOrganizer - INFO: Updating jobInformation list
2009-04-13 05:10 - JobOrganizer - INFO: Updating jobInformation list
2009-04-13 05:12 - JobOrganizer - INFO: Updating jobInformation list
2009-04-13 05:14 - JobOrganizer - INFO: Updating jobInformation list
2009-04-13 05:16 - JobOrganizer - INFO: Updating jobInformation list
2009-04-13 05:18 - JobOrganizer - INFO: Updating jobInformation list
2009-04-13 05:20 - JobOrganizer - INFO: Updating jobInformation list
2009-04-13 05:22 - JobOrganizer - INFO: Updating jobInformation list
2009-04-13 05:24 - JobOrganizer - INFO: Updating jobInformation list
2009-04-13 05:26 - JobOrganizer - INFO: Updating jobInformation list
2009-04-13 05:28 - JobOrganizer - INFO: Updating jobInformation list
2009-04-13 05:30 - JobOrganizer - INFO: Updating jobInformation list
2009-04-13 05:32 - JobOrganizer - INFO: Updating jobInformation list
2009-04-13 05:34 - JobOrganizer - INFO: Updating jobInformation list
2009-04-13 05:36 - JobOrganizer - INFO: Updating jobInformation list
2009-04-13 05:38 - JobOrganizer - INFO: Updating jobInformation list
2009-04-13 05:40 - JobOrganizer - INFO: Updating jobInformation list
2009-04-13 05:42 - JobOrganizer - INFO: Updating jobInformation list
2009-04-13 05:44 - JobOrganizer - INFO: Updating jobInformation list
2009-04-13 05:46 - JobOrganizer - INFO: Updating jobInformation list
2009-04-13 05:48 - JobOrganizer - INFO: Updating jobInformation list
2009-04-13 05:50 - JobOrganizer - INFO: Updating jobInformation list
2009-04-13 05:52 - JobOrganizer - INFO: Updating jobInformation list
2009-04-13 05:54 - JobOrganizer - INFO: Updating jobInformation list
2009-04-13 05:56 - JobOrganizer - INFO: Updating jobInformation list
2009-04-13 05:58 - JobOrganizer - INFO: Updating jobInformation list
2009-04-13 06:00 - JobOrganizer - INFO: Updating jobInformation list
2009-04-13 06:02 - JobOrganizer - INFO: Updating jobInformation list
2009-04-13 06:04 - JobOrganizer - INFO: Updating jobInformation list
2009-04-13 06:06 - JobOrganizer - INFO: Updating jobInformation list
2009-04-13 06:08 - JobOrganizer - INFO: Updating jobInformation list
2009-04-13 06:10 - JobOrganizer - INFO: Updating jobInformation list
2009-04-13 06:12 - JobOrganizer - INFO: Updating jobInformation list
2009-04-13 06:14 - JobOrganizer - INFO: Updating jobInformation list
2009-04-13 06:16 - JobOrganizer - INFO: Updating jobInformation list
2009-04-13 06:18 - JobOrganizer - INFO: Updating jobInformation list
2009-04-13 06:20 - JobOrganizer - INFO: Updating jobInformation list
2009-04-13 06:22 - JobOrganizer - INFO: Updating jobInformation list
2009-04-13 06:24 - JobOrganizer - INFO: Updating jobInformation list
2009-04-13 06:26 - JobOrganizer - INFO: Updating jobInformation list
2009-04-13 06:28 - JobOrganizer - INFO: Updating jobInformation list
2009-04-13 06:30 - JobOrganizer - INFO: Updating jobInformation list
2009-04-13 06:32 - JobOrganizer - INFO: Updating jobInformation list
2009-04-13 06:34 - JobOrganizer - INFO: Updating jobInformation list
2009-04-13 06:36 - JobOrganizer - INFO: Updating jobInformation list
2009-04-13 06:38 - JobOrganizer - INFO: Updating jobInformation list
2009-04-13 06:40 - JobOrganizer - INFO: Updating jobInformation list
2009-04-13 06:42 - JobOrganizer - INFO: Updating jobInformation list
2009-04-13 06:44 - JobOrganizer - INFO: Updating jobInformation list
2009-04-13 06:46 - JobOrganizer - INFO: Updating jobInformation list
2009-04-13 06:48 - JobOrganizer - INFO: Updating jobInformation list
2009-04-13 06:50 - JobOrganizer - INFO: Updating jobInformation list
2009-04-13 06:52 - JobOrganizer - INFO: Updating jobInformation list
2009-04-13 06:54 - JobOrganizer - INFO: Updating jobInformation list
2009-04-13 06:56 - JobOrganizer - INFO: Updating jobInformation list
2009-04-13 06:58 - JobOrganizer - INFO: Updating jobInformation list
2009-04-13 07:00 - JobOrganizer - INFO: Updating jobInformation list
2009-04-13 07:02 - JobOrganizer - INFO: Updating jobInformation list
2009-04-13 07:04 - JobOrganizer - INFO: Updating jobInformation list
2009-04-13 07:06 - JobOrganizer - INFO: Updating jobInformation list
2009-04-13 07:08 - JobOrganizer - INFO: Updating jobInformation list
2009-04-13 07:10 - JobOrganizer - INFO: Updating jobInformation list
2009-04-13 07:12 - JobOrganizer - INFO: Updating jobInformation list
2009-04-13 07:14 - JobOrganizer - INFO: Updating jobInformation list
2009-04-13 07:16 - JobOrganizer - INFO: Updating jobInformation list
2009-04-13 07:18 - JobOrganizer - INFO: Updating jobInformation list
2009-04-13 07:20 - JobOrganizer - INFO: Updating jobInformation list
2009-04-13 07:22 - JobOrganizer - INFO: Updating jobInformation list
2009-04-13 07:24 - JobOrganizer - INFO: Updating jobInformation list
2009-04-13 07:26 - JobOrganizer - INFO: Updating jobInformation list
2009-04-13 07:28 - JobOrganizer - INFO: Updating jobInformation list
2009-04-13 07:30 - JobOrganizer - INFO: Updating jobInformation list
2009-04-13 07:32 - JobOrganizer - INFO: Updating jobInformation list
2009-04-13 07:34 - JobOrganizer - INFO: Updating jobInformation list
2009-04-13 07:36 - JobOrganizer - INFO: Updating jobInformation list
2009-04-13 07:38 - JobOrganizer - INFO: Updating jobInformation list
2009-04-13 07:40 - JobOrganizer - INFO: Updating jobInformation list
2009-04-13 07:42 - JobOrganizer - INFO: Updating jobInformation list
2009-04-13 07:44 - JobOrganizer - INFO: Updating jobInformation list
2009-04-13 07:46 - JobOrganizer - INFO: Updating jobInformation list
2009-04-13 07:48 - JobOrganizer - INFO: Updating jobInformation list
2009-04-13 07:50 - JobOrganizer - INFO: Updating jobInformation list
2009-04-13 07:53 - JobOrganizer - INFO: Updating jobInformation list
2009-04-13 07:55 - JobOrganizer - INFO: Updating jobInformation list
2009-04-13 07:57 - JobOrganizer - INFO: Updating jobInformation list
2009-04-13 07:59 - JobOrganizer - INFO: Updating jobInformation list
2009-04-13 08:01 - JobOrganizer - INFO: Updating jobInformation list
2009-04-13 08:03 - JobOrganizer - INFO: Updating jobInformation list
2009-04-13 08:05 - JobOrganizer - INFO: Updating jobInformation list
2009-04-13 08:07 - JobOrganizer - INFO: Updating jobInformation list
2009-04-13 08:09 - JobOrganizer - INFO: Updating jobInformation list
2009-04-13 08:11 - JobOrganizer - INFO: Updating jobInformation list
2009-04-13 08:13 - JobOrganizer - INFO: Updating jobInformation list
2009-04-13 08:15 - JobOrganizer - INFO: Updating jobInformation list
2009-04-13 08:17 - JobOrganizer - INFO: Updating jobInformation list
2009-04-13 08:19 - JobOrganizer - INFO: Updating jobInformation list
2009-04-13 08:21 - JobOrganizer - INFO: Updating jobInformation list
2009-04-13 08:23 - JobOrganizer - INFO: Updating jobInformation list
2009-04-13 08:25 - JobOrganizer - INFO: Updating jobInformation list
2009-04-13 08:27 - JobOrganizer - INFO: Updating jobInformation list
2009-04-13 08:29 - JobOrganizer - INFO: Updating jobInformation list
2009-04-13 08:31 - JobOrganizer - INFO: Updating jobInformation list
2009-04-13 08:33 - JobOrganizer - INFO: Updating jobInformation list
2009-04-13 08:35 - JobOrganizer - INFO: Updating jobInformation list
2009-04-13 08:37 - JobOrganizer - INFO: Updating jobInformation list
2009-04-13 08:39 - JobOrganizer - INFO: Updating jobInformation list
2009-04-13 08:41 - JobOrganizer - INFO: Updating jobInformation list
2009-04-13 08:43 - JobOrganizer - INFO: Updating jobInformation list
2009-04-13 08:45 - JobOrganizer - INFO: Updating jobInformation list
2009-04-13 08:47 - JobOrganizer - INFO: Updating jobInformation list
2009-04-13 08:49 - JobOrganizer - INFO: Updating jobInformation list
2009-04-13 08:51 - JobOrganizer - INFO: Updating jobInformation list
2009-04-13 08:53 - JobOrganizer - INFO: Updating jobInformation list
2009-04-13 08:55 - JobOrganizer - INFO: Updating jobInformation list
2009-04-13 08:57 - JobOrganizer - INFO: Updating jobInformation list
2009-04-13 08:59 - JobOrganizer - INFO: Updating jobInformation list
2009-04-13 09:01 - JobOrganizer - INFO: Updating jobInformation list
2009-04-13 09:03 - JobOrganizer - INFO: Updating jobInformation list
2009-04-13 09:05 - JobOrganizer - INFO: Updating jobInformation list
2009-04-13 09:07 - JobOrganizer - INFO: Updating jobInformation list
2009-04-13 09:09 - JobOrganizer - INFO: Updating jobInformation list
2009-04-13 09:11 - JobOrganizer - INFO: Updating jobInformation list
2009-04-13 09:13 - JobOrganizer - INFO: Updating jobInformation list
2009-04-13 09:15 - JobOrganizer - INFO: Updating jobInformation list
2009-04-13 09:17 - JobOrganizer - INFO: Updating jobInformation list
2009-04-13 09:19 - JobOrganizer - INFO: Updating jobInformation list
2009-04-13 09:21 - JobOrganizer - INFO: Updating jobInformation list
2009-04-13 09:23 - JobOrganizer - INFO: Updating jobInformation list
2009-04-13 09:25 - JobOrganizer - INFO: Updating jobInformation list
2009-04-13 09:27 - JobOrganizer - INFO: Updating jobInformation list
2009-04-13 09:29 - JobOrganizer - INFO: Updating jobInformation list
2009-04-13 09:31 - JobOrganizer - INFO: Updating jobInformation list
2009-04-13 09:33 - JobOrganizer - INFO: Updating jobInformation list
2009-04-13 09:35 - JobOrganizer - INFO: Updating jobInformation list
2009-04-13 09:37 - JobOrganizer - INFO: Updating jobInformation list
2009-04-13 09:39 - JobOrganizer - INFO: Updating jobInformation list
2009-04-13 09:41 - JobOrganizer - INFO: Updating jobInformation list
2009-04-13 09:43 - JobOrganizer - INFO: Updating jobInformation list
2009-04-13 09:45 - JobOrganizer - INFO: Updating jobInformation list
2009-04-13 09:47 - JobOrganizer - INFO: Updating jobInformation list
2009-04-13 09:49 - JobOrganizer - INFO: Updating jobInformation list
2009-04-13 09:51 - JobOrganizer - INFO: Updating jobInformation list
2009-04-13 09:53 - JobOrganizer - INFO: Updating jobInformation list
2009-04-13 09:55 - JobOrganizer - INFO: Updating jobInformation list
2009-04-13 09:57 - JobOrganizer - INFO: Updating jobInformation list
2009-04-13 09:59 - JobOrganizer - INFO: Updating jobInformation list
2009-04-13 10:01 - JobOrganizer - INFO: Updating jobInformation list
2009-04-13 10:03 - JobOrganizer - INFO: Updating jobInformation list
2009-04-13 10:05 - JobOrganizer - INFO: Updating jobInformation list
2009-04-13 10:07 - JobOrganizer - INFO: Updating jobInformation list
2009-04-13 10:09 - JobOrganizer - INFO: Updating jobInformation list
2009-04-13 10:11 - JobOrganizer - INFO: Updating jobInformation list
2009-04-13 10:13 - JobOrganizer - INFO: Updating jobInformation list
2009-04-13 10:15 - JobOrganizer - INFO: Updating jobInformation list
2009-04-13 10:17 - JobOrganizer - INFO: Updating jobInformation list
2009-04-13 10:19 - JobOrganizer - INFO: Updating jobInformation list
2009-04-13 10:21 - JobOrganizer - INFO: Updating jobInformation list
2009-04-13 10:23 - JobOrganizer - INFO: Updating jobInformation list
2009-04-13 10:25 - JobOrganizer - INFO: Updating jobInformation list
2009-04-13 10:27 - JobOrganizer - INFO: Updating jobInformation list
2009-04-13 10:29 - JobOrganizer - INFO: Updating jobInformation list
2009-04-13 10:31 - JobOrganizer - INFO: Updating jobInformation list
2009-04-13 10:33 - JobOrganizer - INFO: Updating jobInformation list
2009-04-13 10:35 - JobOrganizer - INFO: Updating jobInformation list
2009-04-13 10:37 - JobOrganizer - INFO: Updating jobInformation list
2009-04-13 10:39 - JobOrganizer - INFO: Updating jobInformation list
2009-04-13 10:41 - JobOrganizer - INFO: Updating jobInformation list
2009-04-13 10:43 - JobOrganizer - INFO: Updating jobInformation list
2009-04-13 10:45 - JobOrganizer - INFO: Updating jobInformation list
2009-04-13 10:47 - JobOrganizer - INFO: Updating jobInformation list
2009-04-13 10:49 - JobOrganizer - INFO: Updating jobInformation list
2009-04-13 10:51 - JobOrganizer - INFO: Updating jobInformation list
2009-04-13 10:53 - JobOrganizer - INFO: Updating jobInformation list
2009-04-13 10:55 - JobOrganizer - INFO: Updating jobInformation list
2009-04-13 10:57 - JobOrganizer - INFO: Updating jobInformation list
2009-04-13 10:59 - JobOrganizer - INFO: Updating jobInformation list
2009-04-13 11:01 - JobOrganizer - INFO: Updating jobInformation list
2009-04-13 11:03 - JobOrganizer - INFO: Updating jobInformation list
2009-04-13 11:05 - JobOrganizer - INFO: Updating jobInformation list
2009-04-13 11:07 - JobOrganizer - INFO: Updating jobInformation list
2009-04-13 11:09 - JobOrganizer - INFO: Updating jobInformation list
2009-04-13 11:11 - JobOrganizer - INFO: Updating jobInformation list
2009-04-13 11:13 - JobOrganizer - INFO: Updating jobInformation list
2009-04-13 11:15 - JobOrganizer - INFO: Updating jobInformation list
2009-04-13 11:18 - JobOrganizer - INFO: Updating jobInformation list
2009-04-13 11:20 - JobOrganizer - INFO: Updating jobInformation list
2009-04-13 11:22 - JobOrganizer - INFO: Updating jobInformation list
2009-04-13 11:24 - JobOrganizer - INFO: Updating jobInformation list
2009-04-13 11:26 - JobOrganizer - INFO: Updating jobInformation list
2009-04-13 11:28 - JobOrganizer - INFO: Updating jobInformation list
2009-04-13 11:30 - JobOrganizer - INFO: Updating jobInformation list
2009-04-13 11:32 - JobOrganizer - INFO: Updating jobInformation list
2009-04-13 11:34 - JobOrganizer - INFO: Updating jobInformation list
2009-04-13 11:36 - JobOrganizer - INFO: Updating jobInformation list
2009-04-13 11:38 - JobOrganizer - INFO: Updating jobInformation list
2009-04-13 11:40 - JobOrganizer - INFO: Updating jobInformation list
2009-04-13 11:42 - JobOrganizer - INFO: Updating jobInformation list
2009-04-13 11:44 - JobOrganizer - INFO: Updating jobInformation list
2009-04-13 11:46 - JobOrganizer - INFO: Updating jobInformation list
2009-04-13 11:48 - JobOrganizer - INFO: Updating jobInformation list
2009-04-13 11:50 - JobOrganizer - INFO: Updating jobInformation list
2009-04-13 11:52 - JobOrganizer - INFO: Updating jobInformation list
2009-04-13 11:54 - JobOrganizer - INFO: Updating jobInformation list
2009-04-13 11:56 - JobOrganizer - INFO: Updating jobInformation list
2009-04-13 11:58 - JobOrganizer - INFO: Updating jobInformation list
2009-04-13 12:00 - JobOrganizer - INFO: Updating jobInformation list
2009-04-13 12:02 - JobOrganizer - INFO: Updating jobInformation list
2009-04-13 12:04 - JobOrganizer - INFO: Updating jobInformation list
2009-04-13 12:06 - JobOrganizer - INFO: Updating jobInformation list
2009-04-13 12:08 - JobOrganizer - INFO: Updating jobInformation list
2009-04-13 12:10 - JobOrganizer - INFO: Updating jobInformation list
2009-04-13 12:12 - JobOrganizer - INFO: Updating jobInformation list
2009-04-13 12:14 - JobOrganizer - INFO: Updating jobInformation list
2009-04-13 12:16 - JobOrganizer - INFO: Updating jobInformation list
2009-04-13 12:19 - JobOrganizer - INFO: Updating jobInformation list
2009-04-13 12:21 - JobOrganizer - INFO: Updating jobInformation list
2009-04-13 12:23 - JobOrganizer - INFO: Updating jobInformation list
2009-04-13 12:25 - JobOrganizer - INFO: Updating jobInformation list
2009-04-13 12:27 - JobOrganizer - INFO: Updating jobInformation list
2009-04-13 12:29 - JobOrganizer - INFO: Updating jobInformation list
2009-04-13 12:31 - JobOrganizer - INFO: Updating jobInformation list
2009-04-13 12:33 - JobOrganizer - INFO: Updating jobInformation list
2009-04-13 12:35 - JobOrganizer - INFO: Updating jobInformation list
2009-04-13 12:37 - JobOrganizer - INFO: Updating jobInformation list
2009-04-13 12:39 - JobOrganizer - INFO: Updating jobInformation list
2009-04-13 12:41 - JobOrganizer - INFO: Updating jobInformation list
2009-04-13 12:43 - JobOrganizer - INFO: Updating jobInformation list
2009-04-13 12:45 - JobOrganizer - INFO: Updating jobInformation list
2009-04-13 12:47 - JobOrganizer - INFO: Updating jobInformation list
2009-04-13 12:49 - JobOrganizer - INFO: Updating jobInformation list
2009-04-13 12:51 - JobOrganizer - INFO: Updating jobInformation list
2009-04-13 12:53 - JobOrganizer - INFO: Updating jobInformation list
2009-04-13 12:55 - JobOrganizer - INFO: Updating jobInformation list
2009-04-13 12:57 - JobOrganizer - INFO: Updating jobInformation list
2009-04-13 12:59 - JobOrganizer - INFO: Updating jobInformation list
2009-04-13 13:01 - JobOrganizer - INFO: Updating jobInformation list
2009-04-13 13:03 - JobOrganizer - INFO: Updating jobInformation list
2009-04-13 13:05 - JobOrganizer - INFO: Updating jobInformation list
2009-04-13 13:07 - JobOrganizer - INFO: Updating jobInformation list
2009-04-13 13:09 - JobOrganizer - INFO: Updating jobInformation list
2009-04-13 13:11 - JobOrganizer - INFO: Updating jobInformation list
2009-04-13 13:13 - JobOrganizer - INFO: Updating jobInformation list
2009-04-13 13:15 - JobOrganizer - INFO: Updating jobInformation list
2009-04-13 13:17 - JobOrganizer - INFO: Updating jobInformation list
2009-04-13 13:19 - JobOrganizer - INFO: Updating jobInformation list
2009-04-13 13:21 - JobOrganizer - INFO: Updating jobInformation list
2009-04-13 13:24 - JobOrganizer - INFO: Updating jobInformation list
2009-04-13 13:26 - JobOrganizer - INFO: Updating jobInformation list
2009-04-13 13:28 - JobOrganizer - INFO: Updating jobInformation list
2009-04-13 13:30 - JobOrganizer - INFO: Updating jobInformation list
2009-04-13 13:32 - JobOrganizer - INFO: Updating jobInformation list
2009-04-13 13:34 - JobOrganizer - INFO: Updating jobInformation list
2009-04-13 13:36 - JobOrganizer - INFO: Updating jobInformation list
2009-04-13 13:38 - JobOrganizer - INFO: Updating jobInformation list
2009-04-13 13:40 - JobOrganizer - INFO: Updating jobInformation list
2009-04-13 13:42 - JobOrganizer - INFO: Updating jobInformation list
2009-04-13 13:44 - JobOrganizer - INFO: Updating jobInformation list
2009-04-13 13:46 - JobOrganizer - INFO: Updating jobInformation list
2009-04-13 13:48 - JobOrganizer - INFO: Updating jobInformation list
2009-04-13 13:50 - JobOrganizer - INFO: Updating jobInformation list
2009-04-13 13:52 - JobOrganizer - INFO: Updating jobInformation list
2009-04-13 13:54 - JobOrganizer - INFO: Updating jobInformation list
2009-04-13 13:56 - JobOrganizer - INFO: Updating jobInformation list
2009-04-13 13:58 - JobOrganizer - INFO: Updating jobInformation list
2009-04-13 14:00 - JobOrganizer - INFO: Updating jobInformation list
2009-04-13 14:02 - JobOrganizer - INFO: Updating jobInformation list
2009-04-13 14:04 - JobOrganizer - INFO: Updating jobInformation list
2009-04-13 14:06 - JobOrganizer - INFO: Updating jobInformation list
2009-04-13 14:08 - JobOrganizer - INFO: Updating jobInformation list
2009-04-13 14:10 - JobOrganizer - INFO: Updating jobInformation list
2009-04-13 14:12 - JobOrganizer - INFO: Updating jobInformation list
2009-04-13 14:14 - JobOrganizer - INFO: Updating jobInformation list
2009-04-13 14:16 - JobOrganizer - INFO: Updating jobInformation list
2009-04-13 14:18 - JobOrganizer - INFO: Updating jobInformation list
2009-04-13 14:20 - JobOrganizer - INFO: Updating jobInformation list
2009-04-13 14:22 - JobOrganizer - INFO: Updating jobInformation list
2009-04-13 14:24 - JobOrganizer - INFO: Updating jobInformation list
2009-04-13 14:26 - JobOrganizer - INFO: Updating jobInformation list
2009-04-13 14:28 - JobOrganizer - INFO: Updating jobInformation list
2009-04-13 14:30 - JobOrganizer - INFO: Updating jobInformation list
2009-04-13 14:32 - JobOrganizer - INFO: Updating jobInformation list
2009-04-13 14:34 - JobOrganizer - INFO: Updating jobInformation list
2009-04-13 14:36 - JobOrganizer - INFO: Updating jobInformation list
2009-04-13 14:38 - JobOrganizer - INFO: Updating jobInformation list
2009-04-13 14:40 - JobOrganizer - INFO: Updating jobInformation list
2009-04-13 14:42 - JobOrganizer - INFO: Updating jobInformation list
2009-04-13 14:44 - JobOrganizer - INFO: Updating jobInformation list
2009-04-13 14:46 - JobOrganizer - INFO: Updating jobInformation list
2009-04-13 14:48 - JobOrganizer - INFO: Updating jobInformation list
2009-04-13 14:50 - JobOrganizer - INFO: Updating jobInformation list
2009-04-13 14:52 - JobOrganizer - INFO: Updating jobInformation list
2009-04-13 14:54 - JobOrganizer - INFO: Updating jobInformation list
2009-04-13 14:56 - JobOrganizer - INFO: Updating jobInformation list
2009-04-13 14:58 - JobOrganizer - INFO: Updating jobInformation list
2009-04-13 15:00 - JobOrganizer - INFO: Updating jobInformation list
2009-04-13 15:02 - JobOrganizer - INFO: Updating jobInformation list
2009-04-13 15:04 - JobOrganizer - INFO: Updating jobInformation list
2009-04-13 15:06 - JobOrganizer - INFO: Updating jobInformation list
2009-04-13 15:08 - JobOrganizer - INFO: Updating jobInformation list
2009-04-13 15:10 - JobOrganizer - INFO: Updating jobInformation list
2009-04-13 15:12 - JobOrganizer - INFO: Updating jobInformation list
2009-04-13 15:14 - JobOrganizer - INFO: Updating jobInformation list
2009-04-13 15:16 - JobOrganizer - INFO: Updating jobInformation list
2009-04-13 15:18 - JobOrganizer - INFO: Updating jobInformation list
2009-04-13 15:20 - JobOrganizer - INFO: Updating jobInformation list
2009-04-13 15:22 - JobOrganizer - INFO: Updating jobInformation list
2009-04-13 15:24 - JobOrganizer - INFO: Updating jobInformation list
2009-04-13 15:26 - JobOrganizer - INFO: Updating jobInformation list
2009-04-13 15:28 - JobOrganizer - INFO: Updating jobInformation list
2009-04-13 15:30 - JobOrganizer - INFO: Updating jobInformation list
2009-04-13 15:32 - JobOrganizer - INFO: Updating jobInformation list
2009-04-13 15:34 - JobOrganizer - INFO: Updating jobInformation list
2009-04-13 15:36 - JobOrganizer - INFO: Updating jobInformation list
2009-04-13 15:38 - JobOrganizer - INFO: Updating jobInformation list
2009-04-13 15:40 - JobOrganizer - INFO: Updating jobInformation list
2009-04-13 15:42 - JobOrganizer - INFO: Updating jobInformation list
2009-04-13 15:45 - JobOrganizer - INFO: Updating jobInformation list
2009-04-13 15:47 - JobOrganizer - INFO: Updating jobInformation list
2009-04-13 15:49 - JobOrganizer - INFO: Updating jobInformation list
2009-04-13 15:51 - JobOrganizer - INFO: Updating jobInformation list
2009-04-13 15:53 - JobOrganizer - INFO: Updating jobInformation list
2009-04-13 15:55 - JobOrganizer - INFO: Updating jobInformation list
2009-04-13 15:57 - JobOrganizer - INFO: Updating jobInformation list
2009-04-13 15:59 - JobOrganizer - INFO: Updating jobInformation list
2009-04-13 16:01 - JobOrganizer - INFO: Updating jobInformation list
2009-04-13 16:03 - JobOrganizer - INFO: Updating jobInformation list
2009-04-13 16:05 - JobOrganizer - INFO: Updating jobInformation list
2009-04-13 16:07 - JobOrganizer - INFO: Updating jobInformation list
2009-04-13 16:09 - JobOrganizer - INFO: Updating jobInformation list
2009-04-13 16:11 - JobOrganizer - INFO: Updating jobInformation list
2009-04-13 16:13 - JobOrganizer - INFO: Updating jobInformation list
2009-04-13 16:15 - JobOrganizer - INFO: Updating jobInformation list
2009-04-13 16:17 - JobOrganizer - INFO: Updating jobInformation list
2009-04-13 16:19 - JobOrganizer - INFO: Updating jobInformation list
2009-04-13 16:21 - JobOrganizer - INFO: Updating jobInformation list
2009-04-13 16:23 - JobOrganizer - INFO: Updating jobInformation list
2009-04-13 16:25 - JobOrganizer - INFO: Updating jobInformation list
2009-04-13 16:27 - JobOrganizer - INFO: Updating jobInformation list
2009-04-13 16:29 - JobOrganizer - INFO: Updating jobInformation list
2009-04-13 16:31 - JobOrganizer - INFO: Updating jobInformation list
2009-04-13 16:33 - JobOrganizer - INFO: Updating jobInformation list
2009-04-13 16:35 - JobOrganizer - INFO: Updating jobInformation list
2009-04-13 16:37 - JobOrganizer - INFO: Updating jobInformation list
2009-04-13 16:39 - JobOrganizer - INFO: Updating jobInformation list
2009-04-13 16:41 - JobOrganizer - INFO: Updating jobInformation list
2009-04-13 16:43 - JobOrganizer - INFO: Updating jobInformation list
2009-04-13 16:45 - JobOrganizer - INFO: Updating jobInformation list
2009-04-13 16:47 - JobOrganizer - INFO: Updating jobInformation list
2009-04-13 16:49 - JobOrganizer - INFO: Updating jobInformation list
2009-04-13 16:51 - JobOrganizer - INFO: Updating jobInformation list
2009-04-13 16:53 - JobOrganizer - INFO: Updating jobInformation list
2009-04-13 16:55 - JobOrganizer - INFO: Updating jobInformation list
2009-04-13 16:57 - JobOrganizer - INFO: Updating jobInformation list
2009-04-13 16:59 - JobOrganizer - INFO: Updating jobInformation list
2009-04-13 17:01 - JobOrganizer - INFO: Updating jobInformation list
2009-04-13 17:03 - JobOrganizer - INFO: Updating jobInformation list
2009-04-13 17:05 - JobOrganizer - INFO: Updating jobInformation list
2009-04-13 17:07 - JobOrganizer - INFO: Updating jobInformation list
2009-04-13 17:09 - JobOrganizer - INFO: Updating jobInformation list
2009-04-13 17:11 - JobOrganizer - INFO: Updating jobInformation list
2009-04-13 17:13 - JobOrganizer - INFO: Updating jobInformation list
2009-04-13 17:15 - JobOrganizer - INFO: Updating jobInformation list
2009-04-13 17:17 - JobOrganizer - INFO: Updating jobInformation list
2009-04-13 17:19 - JobOrganizer - INFO: Updating jobInformation list
2009-04-13 17:21 - JobOrganizer - INFO: Updating jobInformation list
2009-04-13 17:23 - JobOrganizer - INFO: Updating jobInformation list
2009-04-13 17:25 - JobOrganizer - INFO: Updating jobInformation list
2009-04-13 17:27 - JobOrganizer - INFO: Updating jobInformation list
2009-04-13 17:29 - JobOrganizer - INFO: Updating jobInformation list
2009-04-13 17:31 - JobOrganizer - INFO: Updating jobInformation list
2009-04-13 17:33 - JobOrganizer - INFO: Updating jobInformation list
2009-04-13 17:35 - JobOrganizer - INFO: Updating jobInformation list
2009-04-13 17:37 - JobOrganizer - INFO: Updating jobInformation list
2009-04-13 17:39 - JobOrganizer - INFO: Updating jobInformation list
2009-04-13 17:41 - JobOrganizer - INFO: Updating jobInformation list
2009-04-13 17:43 - JobOrganizer - INFO: Updating jobInformation list
2009-04-13 17:45 - JobOrganizer - INFO: Updating jobInformation list
2009-04-13 17:47 - JobOrganizer - INFO: Updating jobInformation list
2009-04-13 17:49 - JobOrganizer - INFO: Updating jobInformation list
2009-04-13 17:51 - JobOrganizer - INFO: Updating jobInformation list
2009-04-13 17:53 - JobOrganizer - INFO: Updating jobInformation list
2009-04-13 17:55 - JobOrganizer - INFO: Updating jobInformation list
2009-04-13 17:57 - JobOrganizer - INFO: Updating jobInformation list
2009-04-13 17:59 - JobOrganizer - INFO: Updating jobInformation list
2009-04-13 18:01 - JobOrganizer - INFO: Updating jobInformation list
2009-04-13 18:03 - JobOrganizer - INFO: Updating jobInformation list
2009-04-13 18:05 - JobOrganizer - INFO: Updating jobInformation list
2009-04-13 18:07 - JobOrganizer - INFO: Updating jobInformation list
2009-04-13 18:09 - JobOrganizer - INFO: Updating jobInformation list
2009-04-13 18:11 - JobOrganizer - INFO: Updating jobInformation list
2009-04-13 18:13 - JobOrganizer - INFO: Updating jobInformation list
2009-04-13 18:15 - JobOrganizer - INFO: Updating jobInformation list
2009-04-13 18:17 - JobOrganizer - INFO: Updating jobInformation list
2009-04-13 18:19 - JobOrganizer - INFO: Updating jobInformation list
2009-04-13 18:21 - JobOrganizer - INFO: Updating jobInformation list
2009-04-13 18:23 - JobOrganizer - INFO: Updating jobInformation list
2009-04-13 18:25 - JobOrganizer - INFO: Updating jobInformation list
2009-04-13 18:27 - JobOrganizer - INFO: Updating jobInformation list
2009-04-13 18:29 - JobOrganizer - INFO: Updating jobInformation list
2009-04-13 18:31 - JobOrganizer - INFO: Updating jobInformation list
2009-04-13 18:33 - JobOrganizer - INFO: Updating jobInformation list
2009-04-13 18:35 - JobOrganizer - INFO: Updating jobInformation list
2009-04-13 18:37 - JobOrganizer - INFO: Updating jobInformation list
2009-04-13 18:39 - JobOrganizer - INFO: Updating jobInformation list
2009-04-13 18:41 - JobOrganizer - INFO: Updating jobInformation list
2009-04-13 18:43 - JobOrganizer - INFO: Updating jobInformation list
2009-04-13 18:45 - JobOrganizer - INFO: Updating jobInformation list
2009-04-13 18:47 - JobOrganizer - INFO: Updating jobInformation list
2009-04-13 18:49 - JobOrganizer - INFO: Updating jobInformation list
2009-04-13 18:51 - JobOrganizer - INFO: Updating jobInformation list
2009-04-13 18:53 - JobOrganizer - INFO: Updating jobInformation list
2009-04-13 18:55 - JobOrganizer - INFO: Updating jobInformation list
2009-04-13 18:57 - JobOrganizer - INFO: Updating jobInformation list
2009-04-13 18:59 - JobOrganizer - INFO: Updating jobInformation list
2009-04-13 19:01 - JobOrganizer - INFO: Updating jobInformation list
2009-04-13 19:03 - JobOrganizer - INFO: Updating jobInformation list
2009-04-13 19:05 - JobOrganizer - INFO: Updating jobInformation list
2009-04-13 19:07 - JobOrganizer - INFO: Updating jobInformation list
2009-04-13 19:09 - JobOrganizer - INFO: Updating jobInformation list
2009-04-13 19:11 - JobOrganizer - INFO: Updating jobInformation list
2009-04-13 19:13 - JobOrganizer - INFO: Updating jobInformation list
2009-04-13 19:15 - JobOrganizer - INFO: Updating jobInformation list
2009-04-13 19:17 - JobOrganizer - INFO: Updating jobInformation list
2009-04-13 19:19 - JobOrganizer - INFO: Updating jobInformation list
2009-04-13 19:21 - JobOrganizer - INFO: Updating jobInformation list
2009-04-13 19:23 - JobOrganizer - INFO: Updating jobInformation list
2009-04-13 19:25 - JobOrganizer - INFO: Updating jobInformation list
2009-04-13 19:27 - JobOrganizer - INFO: Updating jobInformation list
2009-04-13 19:29 - JobOrganizer - INFO: Updating jobInformation list
2009-04-13 19:31 - JobOrganizer - INFO: Updating jobInformation list
2009-04-13 19:33 - JobOrganizer - INFO: Updating jobInformation list
2009-04-13 19:35 - JobOrganizer - INFO: Updating jobInformation list
2009-04-13 19:38 - JobOrganizer - INFO: Updating jobInformation list
2009-04-13 19:40 - JobOrganizer - INFO: Updating jobInformation list
2009-04-13 19:42 - JobOrganizer - INFO: Updating jobInformation list
2009-04-13 19:44 - JobOrganizer - INFO: Updating jobInformation list
2009-04-13 19:46 - JobOrganizer - INFO: Updating jobInformation list
2009-04-13 19:48 - JobOrganizer - INFO: Updating jobInformation list
2009-04-13 19:50 - JobOrganizer - INFO: Updating jobInformation list
2009-04-13 19:52 - JobOrganizer - INFO: Updating jobInformation list
2009-04-13 19:54 - JobOrganizer - INFO: Updating jobInformation list
2009-04-13 19:56 - JobOrganizer - INFO: Updating jobInformation list
2009-04-13 19:58 - JobOrganizer - INFO: Updating jobInformation list
2009-04-13 20:00 - JobOrganizer - INFO: Updating jobInformation list
2009-04-13 20:02 - JobOrganizer - INFO: Updating jobInformation list
2009-04-13 20:04 - JobOrganizer - INFO: Updating jobInformation list
2009-04-13 20:06 - JobOrganizer - INFO: Updating jobInformation list
2009-04-13 20:08 - JobOrganizer - INFO: Updating jobInformation list
2009-04-13 20:10 - JobOrganizer - INFO: Updating jobInformation list
2009-04-13 20:12 - JobOrganizer - INFO: Updating jobInformation list
2009-04-13 20:14 - JobOrganizer - INFO: Updating jobInformation list
2009-04-13 20:16 - JobOrganizer - INFO: Updating jobInformation list
2009-04-13 20:18 - JobOrganizer - INFO: Updating jobInformation list
2009-04-13 20:20 - JobOrganizer - INFO: Updating jobInformation list
2009-04-13 20:22 - JobOrganizer - INFO: Updating jobInformation list
2009-04-13 20:24 - JobOrganizer - INFO: Updating jobInformation list
2009-04-13 20:26 - JobOrganizer - INFO: Updating jobInformation list
2009-04-13 20:28 - JobOrganizer - INFO: Updating jobInformation list
2009-04-13 20:30 - JobOrganizer - INFO: Updating jobInformation list
2009-04-13 20:32 - JobOrganizer - INFO: Updating jobInformation list
2009-04-13 20:34 - JobOrganizer - INFO: Updating jobInformation list
2009-04-13 20:36 - JobOrganizer - INFO: Updating jobInformation list
2009-04-13 20:38 - JobOrganizer - INFO: Updating jobInformation list
2009-04-13 20:40 - JobOrganizer - INFO: Updating jobInformation list
2009-04-13 20:42 - JobOrganizer - INFO: Updating jobInformation list
2009-04-13 20:44 - JobOrganizer - INFO: Updating jobInformation list
2009-04-13 20:46 - JobOrganizer - INFO: Updating jobInformation list
2009-04-13 20:48 - JobOrganizer - INFO: Updating jobInformation list
2009-04-13 20:50 - JobOrganizer - INFO: Updating jobInformation list
2009-04-13 20:52 - JobOrganizer - INFO: Updating jobInformation list
2009-04-13 20:54 - JobOrganizer - INFO: Updating jobInformation list
2009-04-13 20:56 - JobOrganizer - INFO: Updating jobInformation list
2009-04-13 20:58 - JobOrganizer - INFO: Updating jobInformation list
2009-04-13 21:00 - JobOrganizer - INFO: Updating jobInformation list
2009-04-13 21:02 - JobOrganizer - INFO: Updating jobInformation list
2009-04-13 21:04 - JobOrganizer - INFO: Updating jobInformation list
2009-04-13 21:06 - JobOrganizer - INFO: Updating jobInformation list
2009-04-13 21:08 - JobOrganizer - INFO: Updating jobInformation list
2009-04-13 21:10 - JobOrganizer - INFO: Updating jobInformation list
2009-04-13 21:12 - JobOrganizer - INFO: Updating jobInformation list
2009-04-13 21:14 - JobOrganizer - INFO: Updating jobInformation list
2009-04-13 21:16 - JobOrganizer - INFO: Updating jobInformation list
2009-04-13 21:18 - JobOrganizer - INFO: Updating jobInformation list
2009-04-13 21:20 - JobOrganizer - INFO: Updating jobInformation list
2009-04-13 21:22 - JobOrganizer - INFO: Updating jobInformation list
2009-04-13 21:24 - JobOrganizer - INFO: Updating jobInformation list
2009-04-13 21:26 - JobOrganizer - INFO: Updating jobInformation list
2009-04-13 21:28 - JobOrganizer - INFO: Updating jobInformation list
2009-04-13 21:30 - JobOrganizer - INFO: Updating jobInformation list
2009-04-13 21:32 - JobOrganizer - INFO: Updating jobInformation list
2009-04-13 21:34 - JobOrganizer - INFO: Updating jobInformation list
2009-04-13 21:36 - JobOrganizer - INFO: Updating jobInformation list
2009-04-13 21:38 - JobOrganizer - INFO: Updating jobInformation list
2009-04-13 21:40 - JobOrganizer - INFO: Updating jobInformation list
2009-04-13 21:42 - JobOrganizer - INFO: Updating jobInformation list
2009-04-13 21:44 - JobOrganizer - INFO: Updating jobInformation list
2009-04-13 21:46 - JobOrganizer - INFO: Updating jobInformation list
2009-04-13 21:48 - JobOrganizer - INFO: Updating jobInformation list
2009-04-13 21:50 - JobOrganizer - INFO: Updating jobInformation list
2009-04-13 21:52 - JobOrganizer - INFO: Updating jobInformation list
2009-04-13 21:54 - JobOrganizer - INFO: Updating jobInformation list
2009-04-13 21:56 - JobOrganizer - INFO: Updating jobInformation list
2009-04-13 21:58 - JobOrganizer - INFO: Updating jobInformation list
2009-04-13 22:00 - JobOrganizer - INFO: Updating jobInformation list
2009-04-13 22:02 - JobOrganizer - INFO: Updating jobInformation list
2009-04-13 22:04 - JobOrganizer - INFO: Updating jobInformation list
2009-04-13 22:06 - JobOrganizer - INFO: Updating jobInformation list
2009-04-13 22:08 - JobOrganizer - INFO: Updating jobInformation list
2009-04-13 22:10 - JobOrganizer - INFO: Updating jobInformation list
2009-04-13 22:13 - JobOrganizer - INFO: Updating jobInformation list
2009-04-13 22:15 - JobOrganizer - INFO: Updating jobInformation list
2009-04-13 22:17 - JobOrganizer - INFO: Updating jobInformation list
2009-04-13 22:19 - JobOrganizer - INFO: Updating jobInformation list
2009-04-13 22:21 - JobOrganizer - INFO: Updating jobInformation list
2009-04-13 22:23 - JobOrganizer - INFO: Updating jobInformation list
2009-04-13 22:25 - JobOrganizer - INFO: Updating jobInformation list
2009-04-13 22:27 - JobOrganizer - INFO: Updating jobInformation list
2009-04-13 22:29 - JobOrganizer - INFO: Updating jobInformation list
2009-04-13 22:31 - JobOrganizer - INFO: Updating jobInformation list
2009-04-13 22:33 - JobOrganizer - INFO: Updating jobInformation list
2009-04-13 22:35 - JobOrganizer - INFO: Updating jobInformation list
2009-04-13 22:37 - JobOrganizer - INFO: Updating jobInformation list
2009-04-13 22:39 - JobOrganizer - INFO: Updating jobInformation list
2009-04-13 22:41 - JobOrganizer - INFO: Updating jobInformation list
2009-04-13 22:43 - JobOrganizer - INFO: Updating jobInformation list
2009-04-13 22:45 - JobOrganizer - INFO: Updating jobInformation list
2009-04-13 22:47 - JobOrganizer - INFO: Updating jobInformation list
2009-04-13 22:49 - JobOrganizer - INFO: Updating jobInformation list
2009-04-13 22:51 - JobOrganizer - INFO: Updating jobInformation list
2009-04-13 22:53 - JobOrganizer - INFO: Updating jobInformation list
2009-04-13 22:55 - JobOrganizer - INFO: Updating jobInformation list
2009-04-13 22:57 - JobOrganizer - INFO: Updating jobInformation list
2009-04-13 22:59 - JobOrganizer - INFO: Updating jobInformation list
2009-04-13 23:01 - JobOrganizer - INFO: Updating jobInformation list
2009-04-13 23:03 - JobOrganizer - INFO: Updating jobInformation list
2009-04-13 23:05 - JobOrganizer - INFO: Updating jobInformation list
2009-04-13 23:07 - JobOrganizer - INFO: Updating jobInformation list
2009-04-13 23:09 - JobOrganizer - INFO: Updating jobInformation list
2009-04-13 23:11 - JobOrganizer - INFO: Updating jobInformation list
2009-04-13 23:13 - JobOrganizer - INFO: Updating jobInformation list
2009-04-13 23:15 - JobOrganizer - INFO: Updating jobInformation list
2009-04-13 23:17 - JobOrganizer - INFO: Updating jobInformation list
2009-04-13 23:19 - JobOrganizer - INFO: Updating jobInformation list
2009-04-13 23:21 - JobOrganizer - INFO: Updating jobInformation list
2009-04-13 23:23 - JobOrganizer - INFO: Updating jobInformation list
2009-04-13 23:25 - JobOrganizer - INFO: Updating jobInformation list
2009-04-13 23:27 - JobOrganizer - INFO: Updating jobInformation list
2009-04-13 23:29 - JobOrganizer - INFO: Updating jobInformation list
2009-04-13 23:31 - JobOrganizer - INFO: Updating jobInformation list
2009-04-13 23:33 - JobOrganizer - INFO: Updating jobInformation list
2009-04-13 23:35 - JobOrganizer - INFO: Updating jobInformation list
2009-04-13 23:37 - JobOrganizer - INFO: Updating jobInformation list
2009-04-13 23:39 - JobOrganizer - INFO: Updating jobInformation list
2009-04-13 23:41 - JobOrganizer - INFO: Updating jobInformation list
2009-04-13 23:43 - JobOrganizer - INFO: Updating jobInformation list
2009-04-13 23:45 - JobOrganizer - INFO: Updating jobInformation list
2009-04-13 23:47 - JobOrganizer - INFO: Updating jobInformation list
2009-04-13 23:49 - JobOrganizer - INFO: Updating jobInformation list
2009-04-13 23:51 - JobOrganizer - INFO: Updating jobInformation list
2009-04-13 23:53 - JobOrganizer - INFO: Updating jobInformation list
2009-04-13 23:55 - JobOrganizer - INFO: Updating jobInformation list
2009-04-13 23:57 - JobOrganizer - INFO: Updating jobInformation list
2009-04-13 23:59 - JobOrganizer - INFO: Updating jobInformation list
