2009-06-19 00:01 - JobOrganizer - INFO: ========================================
2009-06-19 00:01 - JobOrganizer - INFO: JobOrganizer in init
2009-06-19 00:01 - JobOrganizer - INFO: init file JobOrganizerConfig.py was found
2009-06-19 00:01 - JobOrganizer - INFO: retrieveing Db parameters from JobOrganizerConfig.py file
2009-06-19 00:01 - JobOrganizer - INFO: creating job configurations from JobOrganizerConfig.py file
2009-06-19 00:01 - JobOrganizer - INFO: JobOrganizer initialized
2009-06-19 00:01 - JobOrganizer - INFO: ========================================
2009-06-19 00:03 - JobOrganizer - INFO: Updating jobInformation list
2009-06-19 00:05 - JobOrganizer - INFO: Updating jobInformation list
2009-06-19 00:07 - JobOrganizer - INFO: Updating jobInformation list
2009-06-19 00:09 - JobOrganizer - INFO: Updating jobInformation list
2009-06-19 00:11 - JobOrganizer - INFO: Updating jobInformation list
2009-06-19 00:13 - JobOrganizer - INFO: Updating jobInformation list
2009-06-19 00:15 - JobOrganizer - INFO: Updating jobInformation list
2009-06-19 00:17 - JobOrganizer - INFO: Updating jobInformation list
2009-06-19 00:19 - JobOrganizer - INFO: Updating jobInformation list
2009-06-19 00:21 - JobOrganizer - INFO: Updating jobInformation list
2009-06-19 00:23 - JobOrganizer - INFO: Updating jobInformation list
2009-06-19 00:25 - JobOrganizer - INFO: Updating jobInformation list
2009-06-19 00:27 - JobOrganizer - INFO: Updating jobInformation list
2009-06-19 00:29 - JobOrganizer - INFO: Updating jobInformation list
2009-06-19 00:31 - JobOrganizer - INFO: Updating jobInformation list
2009-06-19 00:33 - JobOrganizer - INFO: Updating jobInformation list
2009-06-19 00:35 - JobOrganizer - INFO: Updating jobInformation list
2009-06-19 00:37 - JobOrganizer - INFO: Updating jobInformation list
2009-06-19 00:39 - JobOrganizer - INFO: Updating jobInformation list
2009-06-19 00:41 - JobOrganizer - INFO: Updating jobInformation list
2009-06-19 00:43 - JobOrganizer - INFO: Updating jobInformation list
2009-06-19 00:45 - JobOrganizer - INFO: Updating jobInformation list
2009-06-19 00:47 - JobOrganizer - INFO: Updating jobInformation list
2009-06-19 00:49 - JobOrganizer - INFO: Updating jobInformation list
2009-06-19 00:51 - JobOrganizer - INFO: Updating jobInformation list
2009-06-19 00:53 - JobOrganizer - INFO: Updating jobInformation list
2009-06-19 00:55 - JobOrganizer - INFO: Updating jobInformation list
2009-06-19 00:57 - JobOrganizer - INFO: Updating jobInformation list
2009-06-19 00:59 - JobOrganizer - INFO: Updating jobInformation list
2009-06-19 01:01 - JobOrganizer - INFO: Updating jobInformation list
2009-06-19 01:03 - JobOrganizer - INFO: Updating jobInformation list
2009-06-19 01:05 - JobOrganizer - INFO: Updating jobInformation list
2009-06-19 01:07 - JobOrganizer - INFO: Updating jobInformation list
2009-06-19 01:09 - JobOrganizer - INFO: Updating jobInformation list
2009-06-19 01:11 - JobOrganizer - INFO: Updating jobInformation list
2009-06-19 01:13 - JobOrganizer - INFO: Updating jobInformation list
2009-06-19 01:15 - JobOrganizer - INFO: Updating jobInformation list
2009-06-19 01:17 - JobOrganizer - INFO: Updating jobInformation list
2009-06-19 01:19 - JobOrganizer - INFO: Updating jobInformation list
2009-06-19 01:21 - JobOrganizer - INFO: Updating jobInformation list
2009-06-19 01:23 - JobOrganizer - INFO: Updating jobInformation list
2009-06-19 01:25 - JobOrganizer - INFO: Updating jobInformation list
2009-06-19 01:27 - JobOrganizer - INFO: Updating jobInformation list
2009-06-19 01:29 - JobOrganizer - INFO: Updating jobInformation list
2009-06-19 01:31 - JobOrganizer - INFO: Updating jobInformation list
2009-06-19 01:33 - JobOrganizer - INFO: Updating jobInformation list
2009-06-19 01:35 - JobOrganizer - INFO: Updating jobInformation list
2009-06-19 01:37 - JobOrganizer - INFO: Updating jobInformation list
2009-06-19 01:39 - JobOrganizer - INFO: Updating jobInformation list
2009-06-19 01:41 - JobOrganizer - INFO: Updating jobInformation list
2009-06-19 01:43 - JobOrganizer - INFO: Updating jobInformation list
2009-06-19 01:45 - JobOrganizer - INFO: Updating jobInformation list
2009-06-19 01:47 - JobOrganizer - INFO: Updating jobInformation list
2009-06-19 01:49 - JobOrganizer - INFO: Updating jobInformation list
2009-06-19 01:51 - JobOrganizer - INFO: Updating jobInformation list
2009-06-19 01:53 - JobOrganizer - INFO: Updating jobInformation list
2009-06-19 01:55 - JobOrganizer - INFO: Updating jobInformation list
2009-06-19 01:57 - JobOrganizer - INFO: Updating jobInformation list
2009-06-19 01:59 - JobOrganizer - INFO: Updating jobInformation list
2009-06-19 02:01 - JobOrganizer - INFO: Updating jobInformation list
2009-06-19 02:03 - JobOrganizer - INFO: Updating jobInformation list
2009-06-19 02:05 - JobOrganizer - INFO: Updating jobInformation list
2009-06-19 02:07 - JobOrganizer - INFO: Updating jobInformation list
2009-06-19 02:09 - JobOrganizer - INFO: Updating jobInformation list
2009-06-19 02:12 - JobOrganizer - INFO: Updating jobInformation list
2009-06-19 02:14 - JobOrganizer - INFO: Updating jobInformation list
2009-06-19 02:16 - JobOrganizer - INFO: Updating jobInformation list
2009-06-19 02:18 - JobOrganizer - INFO: Updating jobInformation list
2009-06-19 02:20 - JobOrganizer - INFO: Updating jobInformation list
2009-06-19 02:22 - JobOrganizer - INFO: Updating jobInformation list
2009-06-19 02:24 - JobOrganizer - INFO: Updating jobInformation list
2009-06-19 02:26 - JobOrganizer - INFO: Updating jobInformation list
2009-06-19 02:28 - JobOrganizer - INFO: Updating jobInformation list
2009-06-19 02:30 - JobOrganizer - INFO: Updating jobInformation list
2009-06-19 02:32 - JobOrganizer - INFO: Updating jobInformation list
2009-06-19 02:34 - JobOrganizer - INFO: Updating jobInformation list
2009-06-19 02:36 - JobOrganizer - INFO: Updating jobInformation list
2009-06-19 02:38 - JobOrganizer - INFO: Updating jobInformation list
2009-06-19 02:40 - JobOrganizer - INFO: Updating jobInformation list
2009-06-19 02:42 - JobOrganizer - INFO: Updating jobInformation list
2009-06-19 02:44 - JobOrganizer - INFO: Updating jobInformation list
2009-06-19 02:46 - JobOrganizer - INFO: Updating jobInformation list
2009-06-19 02:48 - JobOrganizer - INFO: Updating jobInformation list
2009-06-19 02:50 - JobOrganizer - INFO: Updating jobInformation list
2009-06-19 02:52 - JobOrganizer - INFO: Updating jobInformation list
2009-06-19 02:54 - JobOrganizer - INFO: Updating jobInformation list
2009-06-19 02:56 - JobOrganizer - INFO: Updating jobInformation list
2009-06-19 02:58 - JobOrganizer - INFO: Updating jobInformation list
2009-06-19 03:00 - JobOrganizer - INFO: Updating jobInformation list
2009-06-19 03:02 - JobOrganizer - INFO: Updating jobInformation list
2009-06-19 03:04 - JobOrganizer - INFO: Updating jobInformation list
2009-06-19 03:06 - JobOrganizer - INFO: Updating jobInformation list
2009-06-19 03:08 - JobOrganizer - INFO: Updating jobInformation list
2009-06-19 03:10 - JobOrganizer - INFO: Updating jobInformation list
2009-06-19 03:12 - JobOrganizer - INFO: Updating jobInformation list
2009-06-19 03:14 - JobOrganizer - INFO: Updating jobInformation list
2009-06-19 03:16 - JobOrganizer - INFO: Updating jobInformation list
2009-06-19 03:18 - JobOrganizer - INFO: Updating jobInformation list
2009-06-19 03:20 - JobOrganizer - INFO: Updating jobInformation list
2009-06-19 03:22 - JobOrganizer - INFO: Updating jobInformation list
2009-06-19 03:24 - JobOrganizer - INFO: Updating jobInformation list
2009-06-19 03:26 - JobOrganizer - INFO: Updating jobInformation list
2009-06-19 03:28 - JobOrganizer - INFO: Updating jobInformation list
2009-06-19 03:30 - JobOrganizer - INFO: Updating jobInformation list
2009-06-19 03:32 - JobOrganizer - INFO: Updating jobInformation list
2009-06-19 03:34 - JobOrganizer - INFO: Updating jobInformation list
2009-06-19 03:36 - JobOrganizer - INFO: Updating jobInformation list
2009-06-19 03:38 - JobOrganizer - INFO: Updating jobInformation list
2009-06-19 03:40 - JobOrganizer - INFO: Updating jobInformation list
2009-06-19 03:42 - JobOrganizer - INFO: Updating jobInformation list
2009-06-19 03:44 - JobOrganizer - INFO: Updating jobInformation list
2009-06-19 03:46 - JobOrganizer - INFO: Updating jobInformation list
2009-06-19 03:48 - JobOrganizer - INFO: Updating jobInformation list
2009-06-19 03:50 - JobOrganizer - INFO: Updating jobInformation list
2009-06-19 03:52 - JobOrganizer - INFO: Updating jobInformation list
2009-06-19 03:54 - JobOrganizer - INFO: Updating jobInformation list
2009-06-19 03:56 - JobOrganizer - INFO: Updating jobInformation list
2009-06-19 03:58 - JobOrganizer - INFO: Updating jobInformation list
2009-06-19 04:00 - JobOrganizer - INFO: Updating jobInformation list
2009-06-19 04:02 - JobOrganizer - INFO: Updating jobInformation list
2009-06-19 04:04 - JobOrganizer - INFO: Updating jobInformation list
2009-06-19 04:06 - JobOrganizer - INFO: Updating jobInformation list
2009-06-19 04:08 - JobOrganizer - INFO: Updating jobInformation list
2009-06-19 04:10 - JobOrganizer - INFO: Updating jobInformation list
2009-06-19 04:12 - JobOrganizer - INFO: Updating jobInformation list
2009-06-19 04:14 - JobOrganizer - INFO: Updating jobInformation list
2009-06-19 04:16 - JobOrganizer - INFO: Updating jobInformation list
2009-06-19 04:18 - JobOrganizer - INFO: Updating jobInformation list
2009-06-19 04:20 - JobOrganizer - INFO: Updating jobInformation list
2009-06-19 04:22 - JobOrganizer - INFO: Updating jobInformation list
2009-06-19 04:24 - JobOrganizer - INFO: Updating jobInformation list
2009-06-19 04:26 - JobOrganizer - INFO: Updating jobInformation list
2009-06-19 04:28 - JobOrganizer - INFO: Updating jobInformation list
2009-06-19 04:30 - JobOrganizer - INFO: Updating jobInformation list
2009-06-19 04:32 - JobOrganizer - INFO: Updating jobInformation list
2009-06-19 04:34 - JobOrganizer - INFO: Updating jobInformation list
2009-06-19 04:36 - JobOrganizer - INFO: Updating jobInformation list
2009-06-19 04:38 - JobOrganizer - INFO: Updating jobInformation list
2009-06-19 04:40 - JobOrganizer - INFO: Updating jobInformation list
2009-06-19 04:42 - JobOrganizer - INFO: Updating jobInformation list
2009-06-19 04:44 - JobOrganizer - INFO: Updating jobInformation list
2009-06-19 04:46 - JobOrganizer - INFO: Updating jobInformation list
2009-06-19 04:48 - JobOrganizer - INFO: Updating jobInformation list
2009-06-19 04:50 - JobOrganizer - INFO: Updating jobInformation list
2009-06-19 04:52 - JobOrganizer - INFO: Updating jobInformation list
2009-06-19 04:54 - JobOrganizer - INFO: Updating jobInformation list
2009-06-19 04:56 - JobOrganizer - INFO: Updating jobInformation list
2009-06-19 04:58 - JobOrganizer - INFO: Updating jobInformation list
2009-06-19 05:00 - JobOrganizer - INFO: Updating jobInformation list
2009-06-19 05:02 - JobOrganizer - INFO: Updating jobInformation list
2009-06-19 05:04 - JobOrganizer - INFO: Updating jobInformation list
2009-06-19 05:06 - JobOrganizer - INFO: Updating jobInformation list
2009-06-19 05:08 - JobOrganizer - INFO: Updating jobInformation list
2009-06-19 05:10 - JobOrganizer - INFO: Updating jobInformation list
2009-06-19 05:12 - JobOrganizer - INFO: Updating jobInformation list
2009-06-19 05:14 - JobOrganizer - INFO: Updating jobInformation list
2009-06-19 05:16 - JobOrganizer - INFO: Updating jobInformation list
2009-06-19 05:18 - JobOrganizer - INFO: Updating jobInformation list
2009-06-19 05:20 - JobOrganizer - INFO: Updating jobInformation list
2009-06-19 05:22 - JobOrganizer - INFO: Updating jobInformation list
2009-06-19 05:24 - JobOrganizer - INFO: Updating jobInformation list
2009-06-19 05:26 - JobOrganizer - INFO: Updating jobInformation list
2009-06-19 05:28 - JobOrganizer - INFO: Updating jobInformation list
2009-06-19 05:30 - JobOrganizer - INFO: Updating jobInformation list
2009-06-19 05:32 - JobOrganizer - INFO: Updating jobInformation list
2009-06-19 05:34 - JobOrganizer - INFO: Updating jobInformation list
2009-06-19 05:36 - JobOrganizer - INFO: Updating jobInformation list
2009-06-19 05:38 - JobOrganizer - INFO: Updating jobInformation list
2009-06-19 05:40 - JobOrganizer - INFO: Updating jobInformation list
2009-06-19 05:42 - JobOrganizer - INFO: Updating jobInformation list
2009-06-19 05:45 - JobOrganizer - INFO: Updating jobInformation list
2009-06-19 05:47 - JobOrganizer - INFO: Updating jobInformation list
2009-06-19 05:49 - JobOrganizer - INFO: Updating jobInformation list
2009-06-19 05:51 - JobOrganizer - INFO: Updating jobInformation list
2009-06-19 05:53 - JobOrganizer - INFO: Updating jobInformation list
2009-06-19 05:55 - JobOrganizer - INFO: Updating jobInformation list
2009-06-19 05:57 - JobOrganizer - INFO: Updating jobInformation list
2009-06-19 05:59 - JobOrganizer - INFO: Updating jobInformation list
2009-06-19 06:01 - JobOrganizer - INFO: Updating jobInformation list
2009-06-19 06:03 - JobOrganizer - INFO: Updating jobInformation list
2009-06-19 06:05 - JobOrganizer - INFO: Updating jobInformation list
2009-06-19 06:07 - JobOrganizer - INFO: Updating jobInformation list
2009-06-19 06:09 - JobOrganizer - INFO: Updating jobInformation list
2009-06-19 06:11 - JobOrganizer - INFO: Updating jobInformation list
2009-06-19 06:13 - JobOrganizer - INFO: Updating jobInformation list
2009-06-19 06:15 - JobOrganizer - INFO: Updating jobInformation list
2009-06-19 06:17 - JobOrganizer - INFO: Updating jobInformation list
2009-06-19 06:19 - JobOrganizer - INFO: Updating jobInformation list
2009-06-19 06:21 - JobOrganizer - INFO: Updating jobInformation list
2009-06-19 06:23 - JobOrganizer - INFO: Updating jobInformation list
2009-06-19 06:25 - JobOrganizer - INFO: Updating jobInformation list
2009-06-19 06:27 - JobOrganizer - INFO: Updating jobInformation list
2009-06-19 06:29 - JobOrganizer - INFO: Updating jobInformation list
2009-06-19 06:31 - JobOrganizer - INFO: Updating jobInformation list
2009-06-19 06:33 - JobOrganizer - INFO: Updating jobInformation list
2009-06-19 06:35 - JobOrganizer - INFO: Updating jobInformation list
2009-06-19 06:37 - JobOrganizer - INFO: Updating jobInformation list
2009-06-19 06:39 - JobOrganizer - INFO: Updating jobInformation list
2009-06-19 06:41 - JobOrganizer - INFO: Updating jobInformation list
2009-06-19 06:43 - JobOrganizer - INFO: Updating jobInformation list
2009-06-19 06:45 - JobOrganizer - INFO: Updating jobInformation list
2009-06-19 06:47 - JobOrganizer - INFO: Updating jobInformation list
2009-06-19 06:49 - JobOrganizer - INFO: Updating jobInformation list
2009-06-19 06:51 - JobOrganizer - INFO: Updating jobInformation list
2009-06-19 06:53 - JobOrganizer - INFO: Updating jobInformation list
2009-06-19 06:55 - JobOrganizer - INFO: Updating jobInformation list
2009-06-19 06:57 - JobOrganizer - INFO: Updating jobInformation list
2009-06-19 06:59 - JobOrganizer - INFO: Updating jobInformation list
2009-06-19 07:01 - JobOrganizer - INFO: Updating jobInformation list
2009-06-19 07:03 - JobOrganizer - INFO: Updating jobInformation list
2009-06-19 07:05 - JobOrganizer - INFO: Updating jobInformation list
2009-06-19 07:07 - JobOrganizer - INFO: Updating jobInformation list
2009-06-19 07:09 - JobOrganizer - INFO: Updating jobInformation list
2009-06-19 07:11 - JobOrganizer - INFO: Updating jobInformation list
2009-06-19 07:13 - JobOrganizer - INFO: Updating jobInformation list
2009-06-19 07:15 - JobOrganizer - INFO: Updating jobInformation list
2009-06-19 07:17 - JobOrganizer - INFO: Updating jobInformation list
2009-06-19 07:19 - JobOrganizer - INFO: Updating jobInformation list
2009-06-19 07:21 - JobOrganizer - INFO: Updating jobInformation list
2009-06-19 07:23 - JobOrganizer - INFO: Updating jobInformation list
2009-06-19 07:25 - JobOrganizer - INFO: Updating jobInformation list
2009-06-19 07:27 - JobOrganizer - INFO: Updating jobInformation list
2009-06-19 07:29 - JobOrganizer - INFO: Updating jobInformation list
2009-06-19 07:31 - JobOrganizer - INFO: Updating jobInformation list
2009-06-19 07:33 - JobOrganizer - INFO: Updating jobInformation list
2009-06-19 07:35 - JobOrganizer - INFO: Updating jobInformation list
2009-06-19 07:37 - JobOrganizer - INFO: Updating jobInformation list
2009-06-19 07:39 - JobOrganizer - INFO: Updating jobInformation list
2009-06-19 07:41 - JobOrganizer - INFO: Updating jobInformation list
2009-06-19 07:43 - JobOrganizer - INFO: Updating jobInformation list
2009-06-19 07:45 - JobOrganizer - INFO: Updating jobInformation list
2009-06-19 07:47 - JobOrganizer - INFO: Updating jobInformation list
2009-06-19 07:49 - JobOrganizer - INFO: Updating jobInformation list
2009-06-19 07:51 - JobOrganizer - INFO: Updating jobInformation list
2009-06-19 07:53 - JobOrganizer - INFO: Updating jobInformation list
2009-06-19 07:55 - JobOrganizer - INFO: Updating jobInformation list
2009-06-19 07:57 - JobOrganizer - INFO: Updating jobInformation list
2009-06-19 07:59 - JobOrganizer - INFO: Updating jobInformation list
2009-06-19 08:01 - JobOrganizer - INFO: Updating jobInformation list
2009-06-19 08:03 - JobOrganizer - INFO: Updating jobInformation list
2009-06-19 08:05 - JobOrganizer - INFO: Updating jobInformation list
2009-06-19 08:07 - JobOrganizer - INFO: Updating jobInformation list
2009-06-19 08:09 - JobOrganizer - INFO: Updating jobInformation list
2009-06-19 08:11 - JobOrganizer - INFO: Updating jobInformation list
2009-06-19 08:13 - JobOrganizer - INFO: Updating jobInformation list
2009-06-19 08:15 - JobOrganizer - INFO: Updating jobInformation list
2009-06-19 08:17 - JobOrganizer - INFO: Updating jobInformation list
2009-06-19 08:19 - JobOrganizer - INFO: Updating jobInformation list
2009-06-19 08:21 - JobOrganizer - INFO: Updating jobInformation list
2009-06-19 08:23 - JobOrganizer - INFO: Updating jobInformation list
2009-06-19 08:25 - JobOrganizer - INFO: Updating jobInformation list
2009-06-19 08:27 - JobOrganizer - INFO: Updating jobInformation list
2009-06-19 08:29 - JobOrganizer - INFO: Updating jobInformation list
2009-06-19 08:31 - JobOrganizer - INFO: Updating jobInformation list
2009-06-19 08:33 - JobOrganizer - INFO: Updating jobInformation list
2009-06-19 08:35 - JobOrganizer - INFO: Updating jobInformation list
2009-06-19 08:37 - JobOrganizer - INFO: Updating jobInformation list
2009-06-19 08:39 - JobOrganizer - INFO: Updating jobInformation list
2009-06-19 08:41 - JobOrganizer - INFO: Updating jobInformation list
2009-06-19 08:43 - JobOrganizer - INFO: Updating jobInformation list
2009-06-19 08:45 - JobOrganizer - INFO: Updating jobInformation list
2009-06-19 08:47 - JobOrganizer - INFO: Updating jobInformation list
2009-06-19 08:49 - JobOrganizer - INFO: Updating jobInformation list
2009-06-19 08:51 - JobOrganizer - INFO: Updating jobInformation list
2009-06-19 08:53 - JobOrganizer - INFO: Updating jobInformation list
2009-06-19 08:55 - JobOrganizer - INFO: Updating jobInformation list
2009-06-19 08:57 - JobOrganizer - INFO: Updating jobInformation list
2009-06-19 08:59 - JobOrganizer - INFO: Updating jobInformation list
2009-06-19 09:01 - JobOrganizer - INFO: Updating jobInformation list
2009-06-19 09:03 - JobOrganizer - INFO: Updating jobInformation list
2009-06-19 09:05 - JobOrganizer - INFO: Updating jobInformation list
2009-06-19 09:07 - JobOrganizer - INFO: Updating jobInformation list
2009-06-19 09:09 - JobOrganizer - INFO: Updating jobInformation list
2009-06-19 09:11 - JobOrganizer - INFO: Updating jobInformation list
2009-06-19 09:13 - JobOrganizer - INFO: Updating jobInformation list
2009-06-19 09:15 - JobOrganizer - INFO: Updating jobInformation list
2009-06-19 09:17 - JobOrganizer - INFO: Updating jobInformation list
2009-06-19 09:19 - JobOrganizer - INFO: Updating jobInformation list
2009-06-19 09:22 - JobOrganizer - INFO: Updating jobInformation list
2009-06-19 09:24 - JobOrganizer - INFO: Updating jobInformation list
2009-06-19 09:26 - JobOrganizer - INFO: Updating jobInformation list
2009-06-19 09:28 - JobOrganizer - INFO: Updating jobInformation list
2009-06-19 09:30 - JobOrganizer - INFO: Updating jobInformation list
2009-06-19 09:32 - JobOrganizer - INFO: Updating jobInformation list
2009-06-19 09:34 - JobOrganizer - INFO: Updating jobInformation list
2009-06-19 09:36 - JobOrganizer - INFO: Updating jobInformation list
2009-06-19 09:38 - JobOrganizer - INFO: Updating jobInformation list
2009-06-19 09:40 - JobOrganizer - INFO: Updating jobInformation list
2009-06-19 09:42 - JobOrganizer - INFO: Updating jobInformation list
2009-06-19 09:44 - JobOrganizer - INFO: Updating jobInformation list
2009-06-19 09:46 - JobOrganizer - INFO: Updating jobInformation list
2009-06-19 09:48 - JobOrganizer - INFO: Updating jobInformation list
2009-06-19 09:50 - JobOrganizer - INFO: Updating jobInformation list
2009-06-19 09:52 - JobOrganizer - INFO: Updating jobInformation list
2009-06-19 09:54 - JobOrganizer - INFO: Updating jobInformation list
2009-06-19 09:56 - JobOrganizer - INFO: Updating jobInformation list
2009-06-19 09:58 - JobOrganizer - INFO: Updating jobInformation list
2009-06-19 10:00 - JobOrganizer - INFO: Updating jobInformation list
2009-06-19 10:02 - JobOrganizer - INFO: Updating jobInformation list
2009-06-19 10:04 - JobOrganizer - INFO: Updating jobInformation list
2009-06-19 10:06 - JobOrganizer - INFO: Updating jobInformation list
2009-06-19 10:08 - JobOrganizer - INFO: Updating jobInformation list
2009-06-19 10:10 - JobOrganizer - INFO: Updating jobInformation list
2009-06-19 10:12 - JobOrganizer - INFO: Updating jobInformation list
2009-06-19 10:12 - JobOrganizer - INFO: validate job: True
2009-06-19 10:12 - JobOrganizer - INFO: jobInfo.validation: WAITING
2009-06-19 10:12 - JobOrganizer - INFO: 120194_L1CaloStandalone added to jobInformation list
2009-06-19 10:12 - JobOrganizer - INFO: validate job: True
2009-06-19 10:12 - JobOrganizer - INFO: jobInfo.validation: WAITING
2009-06-19 10:12 - JobOrganizer - INFO: 120195_L1CaloStandalone added to jobInformation list
2009-06-19 10:14 - JobOrganizer - INFO: Updating jobInformation list
2009-06-19 10:16 - JobOrganizer - INFO: Updating jobInformation list
2009-06-19 10:18 - JobOrganizer - INFO: Updating jobInformation list
2009-06-19 10:20 - JobOrganizer - INFO: Updating jobInformation list
2009-06-19 10:22 - JobOrganizer - INFO: Updating jobInformation list
2009-06-19 10:24 - JobOrganizer - INFO: Updating jobInformation list
2009-06-19 10:26 - JobOrganizer - INFO: Updating jobInformation list
2009-06-19 10:28 - JobOrganizer - INFO: Updating jobInformation list
2009-06-19 10:28 - JobOrganizer - INFO: validate job: True
2009-06-19 10:28 - JobOrganizer - INFO: jobInfo.validation: WAITING
2009-06-19 10:28 - JobOrganizer - INFO: 120197_L1CaloStandalone added to jobInformation list
2009-06-19 10:30 - JobOrganizer - INFO: Updating jobInformation list
2009-06-19 10:32 - JobOrganizer - INFO: Updating jobInformation list
2009-06-19 10:34 - JobOrganizer - INFO: Updating jobInformation list
2009-06-19 10:36 - JobOrganizer - INFO: Updating jobInformation list
2009-06-19 10:38 - JobOrganizer - INFO: Updating jobInformation list
2009-06-19 10:40 - JobOrganizer - INFO: Updating jobInformation list
2009-06-19 10:42 - JobOrganizer - INFO: Updating jobInformation list
2009-06-19 10:44 - JobOrganizer - INFO: Updating jobInformation list
2009-06-19 10:46 - JobOrganizer - INFO: Updating jobInformation list
2009-06-19 10:48 - JobOrganizer - INFO: Updating jobInformation list
2009-06-19 10:50 - JobOrganizer - INFO: Updating jobInformation list
2009-06-19 10:52 - JobOrganizer - INFO: Updating jobInformation list
2009-06-19 10:54 - JobOrganizer - INFO: Updating jobInformation list
2009-06-19 10:56 - JobOrganizer - INFO: Updating jobInformation list
2009-06-19 10:58 - JobOrganizer - INFO: Updating jobInformation list
2009-06-19 11:00 - JobOrganizer - INFO: Updating jobInformation list
2009-06-19 11:02 - JobOrganizer - INFO: Updating jobInformation list
2009-06-19 11:04 - JobOrganizer - INFO: Updating jobInformation list
2009-06-19 11:06 - JobOrganizer - INFO: Updating jobInformation list
2009-06-19 11:08 - JobOrganizer - INFO: Updating jobInformation list
2009-06-19 11:10 - JobOrganizer - INFO: Updating jobInformation list
2009-06-19 11:12 - JobOrganizer - INFO: Updating jobInformation list
2009-06-19 11:14 - JobOrganizer - INFO: Updating jobInformation list
2009-06-19 11:16 - JobOrganizer - INFO: Updating jobInformation list
2009-06-19 11:18 - JobOrganizer - INFO: Updating jobInformation list
2009-06-19 11:20 - JobOrganizer - INFO: Updating jobInformation list
2009-06-19 11:22 - JobOrganizer - INFO: Updating jobInformation list
2009-06-19 11:24 - JobOrganizer - INFO: Updating jobInformation list
2009-06-19 11:26 - JobOrganizer - INFO: Updating jobInformation list
2009-06-19 11:28 - JobOrganizer - INFO: Updating jobInformation list
2009-06-19 11:30 - JobOrganizer - INFO: Updating jobInformation list
2009-06-19 11:32 - JobOrganizer - INFO: Updating jobInformation list
2009-06-19 11:34 - JobOrganizer - INFO: Updating jobInformation list
2009-06-19 11:36 - JobOrganizer - INFO: Updating jobInformation list
2009-06-19 11:38 - JobOrganizer - INFO: Updating jobInformation list
2009-06-19 11:40 - JobOrganizer - INFO: Updating jobInformation list
2009-06-19 11:42 - JobOrganizer - INFO: Updating jobInformation list
2009-06-19 11:44 - JobOrganizer - INFO: Updating jobInformation list
2009-06-19 11:46 - JobOrganizer - INFO: Updating jobInformation list
2009-06-19 11:48 - JobOrganizer - INFO: Updating jobInformation list
2009-06-19 11:50 - JobOrganizer - INFO: Updating jobInformation list
2009-06-19 11:52 - JobOrganizer - INFO: Updating jobInformation list
2009-06-19 11:54 - JobOrganizer - INFO: Updating jobInformation list
2009-06-19 11:56 - JobOrganizer - INFO: Updating jobInformation list
2009-06-19 11:58 - JobOrganizer - INFO: Updating jobInformation list
2009-06-19 12:00 - JobOrganizer - INFO: Updating jobInformation list
2009-06-19 12:02 - JobOrganizer - INFO: Updating jobInformation list
2009-06-19 12:04 - JobOrganizer - INFO: Updating jobInformation list
2009-06-19 12:06 - JobOrganizer - INFO: Updating jobInformation list
2009-06-19 12:08 - JobOrganizer - INFO: Updating jobInformation list
2009-06-19 12:10 - JobOrganizer - INFO: Updating jobInformation list
2009-06-19 12:12 - JobOrganizer - INFO: Updating jobInformation list
2009-06-19 12:14 - JobOrganizer - INFO: Updating jobInformation list
2009-06-19 12:16 - JobOrganizer - INFO: Updating jobInformation list
2009-06-19 12:18 - JobOrganizer - INFO: Updating jobInformation list
2009-06-19 12:20 - JobOrganizer - INFO: Updating jobInformation list
2009-06-19 12:22 - JobOrganizer - INFO: Updating jobInformation list
2009-06-19 12:24 - JobOrganizer - INFO: Updating jobInformation list
2009-06-19 12:27 - JobOrganizer - INFO: Updating jobInformation list
2009-06-19 12:29 - JobOrganizer - INFO: Updating jobInformation list
2009-06-19 12:29 - JobOrganizer - INFO: validate job: False
2009-06-19 12:29 - JobOrganizer - INFO: jobInfo.validation: NONE
2009-06-19 12:29 - JobOrganizer - INFO: 120223_CBNT added to jobInformation list
2009-06-19 12:29 - JobOrganizer - INFO: validate job: False
2009-06-19 12:29 - JobOrganizer - INFO: jobInfo.validation: NONE
2009-06-19 12:29 - JobOrganizer - INFO: 120224_CBNT added to jobInformation list
2009-06-19 12:31 - JobOrganizer - INFO: Updating jobInformation list
2009-06-19 12:33 - JobOrganizer - INFO: Updating jobInformation list
2009-06-19 12:35 - JobOrganizer - INFO: Updating jobInformation list
2009-06-19 12:37 - JobOrganizer - INFO: Updating jobInformation list
2009-06-19 12:39 - JobOrganizer - INFO: Updating jobInformation list
2009-06-19 12:41 - JobOrganizer - INFO: Updating jobInformation list
2009-06-19 12:43 - JobOrganizer - INFO: Updating jobInformation list
2009-06-19 12:43 - JobOrganizer - INFO: validate job: False
2009-06-19 12:43 - JobOrganizer - INFO: jobInfo.validation: NONE
2009-06-19 12:43 - JobOrganizer - INFO: 120225_CBNT added to jobInformation list
2009-06-19 12:43 - JobOrganizer - INFO: validate job: False
2009-06-19 12:43 - JobOrganizer - INFO: jobInfo.validation: NONE
2009-06-19 12:43 - JobOrganizer - INFO: 120229_CBNT added to jobInformation list
2009-06-19 12:45 - JobOrganizer - INFO: Updating jobInformation list
2009-06-19 12:47 - JobOrganizer - INFO: Updating jobInformation list
2009-06-19 12:50 - JobOrganizer - INFO: Updating jobInformation list
2009-06-19 12:52 - JobOrganizer - INFO: Updating jobInformation list
2009-06-19 12:54 - JobOrganizer - INFO: Updating jobInformation list
2009-06-19 12:56 - JobOrganizer - INFO: Updating jobInformation list
2009-06-19 12:58 - JobOrganizer - INFO: Updating jobInformation list
2009-06-19 13:00 - JobOrganizer - INFO: Updating jobInformation list
2009-06-19 13:02 - JobOrganizer - INFO: Updating jobInformation list
2009-06-19 13:04 - JobOrganizer - INFO: Updating jobInformation list
2009-06-19 13:06 - JobOrganizer - INFO: Updating jobInformation list
2009-06-19 13:08 - JobOrganizer - INFO: Updating jobInformation list
2009-06-19 13:10 - JobOrganizer - INFO: Updating jobInformation list
2009-06-19 13:12 - JobOrganizer - INFO: Updating jobInformation list
2009-06-19 13:14 - JobOrganizer - INFO: Updating jobInformation list
2009-06-19 13:16 - JobOrganizer - INFO: Updating jobInformation list
2009-06-19 13:18 - JobOrganizer - INFO: Updating jobInformation list
2009-06-19 13:20 - JobOrganizer - INFO: Updating jobInformation list
2009-06-19 13:22 - JobOrganizer - INFO: Updating jobInformation list
2009-06-19 13:24 - JobOrganizer - INFO: Updating jobInformation list
2009-06-19 13:26 - JobOrganizer - INFO: Updating jobInformation list
2009-06-19 13:28 - JobOrganizer - INFO: Updating jobInformation list
2009-06-19 13:30 - JobOrganizer - INFO: Updating jobInformation list
2009-06-19 13:32 - JobOrganizer - INFO: Updating jobInformation list
2009-06-19 13:34 - JobOrganizer - INFO: Updating jobInformation list
2009-06-19 13:36 - JobOrganizer - INFO: Updating jobInformation list
2009-06-19 13:38 - JobOrganizer - INFO: Updating jobInformation list
2009-06-19 13:40 - JobOrganizer - INFO: Updating jobInformation list
2009-06-19 13:42 - JobOrganizer - INFO: Updating jobInformation list
2009-06-19 13:44 - JobOrganizer - INFO: Updating jobInformation list
2009-06-19 13:46 - JobOrganizer - INFO: Updating jobInformation list
2009-06-19 13:48 - JobOrganizer - INFO: Updating jobInformation list
2009-06-19 13:50 - JobOrganizer - INFO: Updating jobInformation list
2009-06-19 13:52 - JobOrganizer - INFO: Updating jobInformation list
2009-06-19 13:54 - JobOrganizer - INFO: Updating jobInformation list
2009-06-19 13:56 - JobOrganizer - INFO: Updating jobInformation list
2009-06-19 13:58 - JobOrganizer - INFO: Updating jobInformation list
2009-06-19 14:00 - JobOrganizer - INFO: Updating jobInformation list
2009-06-19 14:02 - JobOrganizer - INFO: Updating jobInformation list
2009-06-19 14:04 - JobOrganizer - INFO: Updating jobInformation list
2009-06-19 14:06 - JobOrganizer - INFO: Updating jobInformation list
2009-06-19 14:08 - JobOrganizer - INFO: Updating jobInformation list
2009-06-19 14:10 - JobOrganizer - INFO: Updating jobInformation list
2009-06-19 14:12 - JobOrganizer - INFO: Updating jobInformation list
2009-06-19 14:14 - JobOrganizer - INFO: Updating jobInformation list
2009-06-19 14:16 - JobOrganizer - INFO: Updating jobInformation list
2009-06-19 14:18 - JobOrganizer - INFO: Updating jobInformation list
2009-06-19 14:20 - JobOrganizer - INFO: Updating jobInformation list
2009-06-19 14:22 - JobOrganizer - INFO: Updating jobInformation list
2009-06-19 14:25 - JobOrganizer - INFO: Updating jobInformation list
2009-06-19 14:27 - JobOrganizer - INFO: Updating jobInformation list
2009-06-19 14:29 - JobOrganizer - INFO: Updating jobInformation list
2009-06-19 14:31 - JobOrganizer - INFO: Updating jobInformation list
2009-06-19 14:31 - JobOrganizer - INFO: validate job: False
2009-06-19 14:31 - JobOrganizer - INFO: jobInfo.validation: NONE
2009-06-19 14:31 - JobOrganizer - INFO: 120257_CBNT added to jobInformation list
2009-06-19 14:33 - JobOrganizer - INFO: Updating jobInformation list
2009-06-19 14:35 - JobOrganizer - INFO: Updating jobInformation list
2009-06-19 14:37 - JobOrganizer - INFO: Updating jobInformation list
2009-06-19 14:39 - JobOrganizer - INFO: Updating jobInformation list
2009-06-19 14:41 - JobOrganizer - INFO: Updating jobInformation list
2009-06-19 14:43 - JobOrganizer - INFO: Updating jobInformation list
2009-06-19 14:45 - JobOrganizer - INFO: Updating jobInformation list
2009-06-19 14:47 - JobOrganizer - INFO: Updating jobInformation list
2009-06-19 14:49 - JobOrganizer - INFO: Updating jobInformation list
2009-06-19 14:51 - JobOrganizer - INFO: Updating jobInformation list
2009-06-19 14:53 - JobOrganizer - INFO: Updating jobInformation list
2009-06-19 14:55 - JobOrganizer - INFO: Updating jobInformation list
2009-06-19 14:57 - JobOrganizer - INFO: Updating jobInformation list
2009-06-19 14:59 - JobOrganizer - INFO: Updating jobInformation list
2009-06-19 15:01 - JobOrganizer - INFO: Updating jobInformation list
2009-06-19 15:03 - JobOrganizer - INFO: Updating jobInformation list
2009-06-19 15:05 - JobOrganizer - INFO: Updating jobInformation list
2009-06-19 15:07 - JobOrganizer - INFO: Updating jobInformation list
2009-06-19 15:09 - JobOrganizer - INFO: Updating jobInformation list
2009-06-19 15:11 - JobOrganizer - INFO: Updating jobInformation list
2009-06-19 15:13 - JobOrganizer - INFO: Updating jobInformation list
2009-06-19 15:15 - JobOrganizer - INFO: Updating jobInformation list
2009-06-19 15:17 - JobOrganizer - INFO: Updating jobInformation list
2009-06-19 15:19 - JobOrganizer - INFO: Updating jobInformation list
2009-06-19 15:21 - JobOrganizer - INFO: Updating jobInformation list
2009-06-19 15:23 - JobOrganizer - INFO: Updating jobInformation list
2009-06-19 15:25 - JobOrganizer - INFO: Updating jobInformation list
2009-06-19 15:27 - JobOrganizer - INFO: Updating jobInformation list
2009-06-19 15:29 - JobOrganizer - INFO: Updating jobInformation list
2009-06-19 15:31 - JobOrganizer - INFO: Updating jobInformation list
2009-06-19 15:31 - JobOrganizer - INFO: validate job: False
2009-06-19 15:31 - JobOrganizer - INFO: jobInfo.validation: NONE
2009-06-19 15:31 - JobOrganizer - INFO: 120282_CBNT added to jobInformation list
2009-06-19 15:33 - JobOrganizer - INFO: Updating jobInformation list
2009-06-19 15:35 - JobOrganizer - INFO: Updating jobInformation list
2009-06-19 15:37 - JobOrganizer - INFO: Updating jobInformation list
2009-06-19 15:39 - JobOrganizer - INFO: Updating jobInformation list
2009-06-19 15:41 - JobOrganizer - INFO: Updating jobInformation list
2009-06-19 15:43 - JobOrganizer - INFO: Updating jobInformation list
2009-06-19 15:45 - JobOrganizer - INFO: Updating jobInformation list
2009-06-19 15:47 - JobOrganizer - INFO: Updating jobInformation list
2009-06-19 15:49 - JobOrganizer - INFO: Updating jobInformation list
2009-06-19 15:51 - JobOrganizer - INFO: Updating jobInformation list
2009-06-19 15:53 - JobOrganizer - INFO: Updating jobInformation list
2009-06-19 15:56 - JobOrganizer - INFO: Updating jobInformation list
2009-06-19 15:58 - JobOrganizer - INFO: Updating jobInformation list
2009-06-19 16:00 - JobOrganizer - INFO: Updating jobInformation list
2009-06-19 16:02 - JobOrganizer - INFO: Updating jobInformation list
2009-06-19 16:04 - JobOrganizer - INFO: Updating jobInformation list
2009-06-19 16:06 - JobOrganizer - INFO: Updating jobInformation list
2009-06-19 16:08 - JobOrganizer - INFO: Updating jobInformation list
2009-06-19 16:10 - JobOrganizer - INFO: Updating jobInformation list
2009-06-19 16:12 - JobOrganizer - INFO: Updating jobInformation list
2009-06-19 16:14 - JobOrganizer - INFO: Updating jobInformation list
2009-06-19 16:16 - JobOrganizer - INFO: Updating jobInformation list
2009-06-19 16:18 - JobOrganizer - INFO: Updating jobInformation list
2009-06-19 16:20 - JobOrganizer - INFO: Updating jobInformation list
2009-06-19 16:22 - JobOrganizer - INFO: Updating jobInformation list
2009-06-19 16:24 - JobOrganizer - INFO: Updating jobInformation list
2009-06-19 16:26 - JobOrganizer - INFO: Updating jobInformation list
2009-06-19 16:28 - JobOrganizer - INFO: Updating jobInformation list
2009-06-19 16:30 - JobOrganizer - INFO: Updating jobInformation list
2009-06-19 16:32 - JobOrganizer - INFO: Updating jobInformation list
2009-06-19 16:35 - JobOrganizer - INFO: Updating jobInformation list
2009-06-19 16:37 - JobOrganizer - INFO: Updating jobInformation list
2009-06-19 16:39 - JobOrganizer - INFO: Updating jobInformation list
2009-06-19 16:41 - JobOrganizer - INFO: Updating jobInformation list
2009-06-19 16:43 - JobOrganizer - INFO: Updating jobInformation list
2009-06-19 16:45 - JobOrganizer - INFO: Updating jobInformation list
2009-06-19 16:47 - JobOrganizer - INFO: Updating jobInformation list
2009-06-19 16:47 - JobOrganizer - INFO: validate job: True
2009-06-19 16:47 - JobOrganizer - INFO: jobInfo.validation: WAITING
2009-06-19 16:47 - JobOrganizer - INFO: 120315_L1CaloStandalone added to jobInformation list
2009-06-19 16:49 - JobOrganizer - INFO: Updating jobInformation list
2009-06-19 16:52 - JobOrganizer - INFO: Updating jobInformation list
2009-06-19 16:54 - JobOrganizer - INFO: Updating jobInformation list
2009-06-19 16:56 - JobOrganizer - INFO: Updating jobInformation list
2009-06-19 16:58 - JobOrganizer - INFO: Updating jobInformation list
2009-06-19 17:00 - JobOrganizer - INFO: Updating jobInformation list
2009-06-19 17:02 - JobOrganizer - INFO: Updating jobInformation list
2009-06-19 17:04 - JobOrganizer - INFO: Updating jobInformation list
2009-06-19 17:06 - JobOrganizer - INFO: Updating jobInformation list
2009-06-19 17:08 - JobOrganizer - INFO: Updating jobInformation list
2009-06-19 17:10 - JobOrganizer - INFO: Updating jobInformation list
2009-06-19 17:12 - JobOrganizer - INFO: Updating jobInformation list
2009-06-19 17:14 - JobOrganizer - INFO: Updating jobInformation list
2009-06-19 17:16 - JobOrganizer - INFO: Updating jobInformation list
2009-06-19 17:18 - JobOrganizer - INFO: Updating jobInformation list
2009-06-19 17:20 - JobOrganizer - INFO: Updating jobInformation list
2009-06-19 17:22 - JobOrganizer - INFO: Updating jobInformation list
2009-06-19 17:24 - JobOrganizer - INFO: Updating jobInformation list
2009-06-19 17:26 - JobOrganizer - INFO: Updating jobInformation list
2009-06-19 17:28 - JobOrganizer - INFO: Updating jobInformation list
2009-06-19 17:30 - JobOrganizer - INFO: Updating jobInformation list
2009-06-19 17:32 - JobOrganizer - INFO: Updating jobInformation list
2009-06-19 17:32 - JobOrganizer - INFO: validate job: False
2009-06-19 17:32 - JobOrganizer - INFO: jobInfo.validation: NONE
2009-06-19 17:32 - JobOrganizer - INFO: 120331_CBNT added to jobInformation list
2009-06-19 17:34 - JobOrganizer - INFO: Updating jobInformation list
2009-06-19 17:36 - JobOrganizer - INFO: Updating jobInformation list
2009-06-19 17:38 - JobOrganizer - INFO: Updating jobInformation list
2009-06-19 17:40 - JobOrganizer - INFO: Updating jobInformation list
2009-06-19 17:42 - JobOrganizer - INFO: Updating jobInformation list
2009-06-19 17:44 - JobOrganizer - INFO: Updating jobInformation list
2009-06-19 17:46 - JobOrganizer - INFO: Updating jobInformation list
2009-06-19 17:48 - JobOrganizer - INFO: Updating jobInformation list
2009-06-19 17:50 - JobOrganizer - INFO: Updating jobInformation list
2009-06-19 17:52 - JobOrganizer - INFO: Updating jobInformation list
2009-06-19 17:54 - JobOrganizer - INFO: Updating jobInformation list
2009-06-19 17:57 - JobOrganizer - INFO: Updating jobInformation list
2009-06-19 17:59 - JobOrganizer - INFO: Updating jobInformation list
2009-06-19 18:01 - JobOrganizer - INFO: Updating jobInformation list
2009-06-19 18:03 - JobOrganizer - INFO: Updating jobInformation list
2009-06-19 18:05 - JobOrganizer - INFO: Updating jobInformation list
2009-06-19 18:07 - JobOrganizer - INFO: Updating jobInformation list
2009-06-19 18:09 - JobOrganizer - INFO: Updating jobInformation list
2009-06-19 18:11 - JobOrganizer - INFO: Updating jobInformation list
2009-06-19 18:13 - JobOrganizer - INFO: Updating jobInformation list
2009-06-19 18:15 - JobOrganizer - INFO: Updating jobInformation list
2009-06-19 18:17 - JobOrganizer - INFO: Updating jobInformation list
2009-06-19 18:19 - JobOrganizer - INFO: Updating jobInformation list
2009-06-19 18:21 - JobOrganizer - INFO: Updating jobInformation list
2009-06-19 18:23 - JobOrganizer - INFO: Updating jobInformation list
2009-06-19 18:25 - JobOrganizer - INFO: Updating jobInformation list
2009-06-19 18:27 - JobOrganizer - INFO: Updating jobInformation list
2009-06-19 18:29 - JobOrganizer - INFO: Updating jobInformation list
2009-06-19 18:31 - JobOrganizer - INFO: Updating jobInformation list
2009-06-19 18:33 - JobOrganizer - INFO: Updating jobInformation list
2009-06-19 18:35 - JobOrganizer - INFO: Updating jobInformation list
2009-06-19 18:37 - JobOrganizer - INFO: Updating jobInformation list
2009-06-19 18:39 - JobOrganizer - INFO: Updating jobInformation list
2009-06-19 18:41 - JobOrganizer - INFO: Updating jobInformation list
2009-06-19 18:43 - JobOrganizer - INFO: Updating jobInformation list
2009-06-19 18:45 - JobOrganizer - INFO: Updating jobInformation list
2009-06-19 18:47 - JobOrganizer - INFO: Updating jobInformation list
2009-06-19 18:49 - JobOrganizer - INFO: Updating jobInformation list
2009-06-19 18:49 - JobOrganizer - INFO: validate job: False
2009-06-19 18:49 - JobOrganizer - INFO: jobInfo.validation: NONE
2009-06-19 18:49 - JobOrganizer - INFO: 120360_CBNT added to jobInformation list
2009-06-19 18:51 - JobOrganizer - INFO: Updating jobInformation list
2009-06-19 18:53 - JobOrganizer - INFO: Updating jobInformation list
2009-06-19 18:55 - JobOrganizer - INFO: Updating jobInformation list
2009-06-19 18:57 - JobOrganizer - INFO: Updating jobInformation list
2009-06-19 18:59 - JobOrganizer - INFO: Updating jobInformation list
2009-06-19 19:01 - JobOrganizer - INFO: Updating jobInformation list
2009-06-19 19:03 - JobOrganizer - INFO: Updating jobInformation list
2009-06-19 19:05 - JobOrganizer - INFO: Updating jobInformation list
2009-06-19 19:07 - JobOrganizer - INFO: Updating jobInformation list
2009-06-19 19:09 - JobOrganizer - INFO: Updating jobInformation list
2009-06-19 19:11 - JobOrganizer - INFO: Updating jobInformation list
2009-06-19 19:13 - JobOrganizer - INFO: Updating jobInformation list
2009-06-19 19:16 - JobOrganizer - INFO: Updating jobInformation list
2009-06-19 19:18 - JobOrganizer - INFO: Updating jobInformation list
2009-06-19 19:20 - JobOrganizer - INFO: Updating jobInformation list
2009-06-19 19:22 - JobOrganizer - INFO: Updating jobInformation list
2009-06-19 19:25 - JobOrganizer - INFO: Updating jobInformation list
2009-06-19 19:27 - JobOrganizer - INFO: Updating jobInformation list
2009-06-19 19:29 - JobOrganizer - INFO: Updating jobInformation list
2009-06-19 19:31 - JobOrganizer - INFO: Updating jobInformation list
2009-06-19 19:33 - JobOrganizer - INFO: Updating jobInformation list
2009-06-19 19:35 - JobOrganizer - INFO: Updating jobInformation list
2009-06-19 19:37 - JobOrganizer - INFO: Updating jobInformation list
2009-06-19 19:39 - JobOrganizer - INFO: Updating jobInformation list
2009-06-19 19:41 - JobOrganizer - INFO: Updating jobInformation list
2009-06-19 19:43 - JobOrganizer - INFO: Updating jobInformation list
2009-06-19 19:45 - JobOrganizer - INFO: Updating jobInformation list
2009-06-19 19:47 - JobOrganizer - INFO: Updating jobInformation list
2009-06-19 19:49 - JobOrganizer - INFO: Updating jobInformation list
2009-06-19 19:51 - JobOrganizer - INFO: Updating jobInformation list
2009-06-19 19:53 - JobOrganizer - INFO: Updating jobInformation list
2009-06-19 19:55 - JobOrganizer - INFO: Updating jobInformation list
2009-06-19 19:57 - JobOrganizer - INFO: Updating jobInformation list
2009-06-19 19:59 - JobOrganizer - INFO: Updating jobInformation list
2009-06-19 20:01 - JobOrganizer - INFO: Updating jobInformation list
2009-06-19 20:03 - JobOrganizer - INFO: Updating jobInformation list
2009-06-19 20:05 - JobOrganizer - INFO: Updating jobInformation list
2009-06-19 20:07 - JobOrganizer - INFO: Updating jobInformation list
2009-06-19 20:09 - JobOrganizer - INFO: Updating jobInformation list
2009-06-19 20:11 - JobOrganizer - INFO: Updating jobInformation list
2009-06-19 20:13 - JobOrganizer - INFO: Updating jobInformation list
2009-06-19 20:15 - JobOrganizer - INFO: Updating jobInformation list
2009-06-19 20:17 - JobOrganizer - INFO: Updating jobInformation list
2009-06-19 20:19 - JobOrganizer - INFO: Updating jobInformation list
2009-06-19 20:21 - JobOrganizer - INFO: Updating jobInformation list
2009-06-19 20:23 - JobOrganizer - INFO: Updating jobInformation list
2009-06-19 20:25 - JobOrganizer - INFO: Updating jobInformation list
2009-06-19 20:27 - JobOrganizer - INFO: Updating jobInformation list
2009-06-19 20:29 - JobOrganizer - INFO: Updating jobInformation list
2009-06-19 20:31 - JobOrganizer - INFO: Updating jobInformation list
2009-06-19 20:33 - JobOrganizer - INFO: Updating jobInformation list
2009-06-19 20:35 - JobOrganizer - INFO: Updating jobInformation list
2009-06-19 20:37 - JobOrganizer - INFO: Updating jobInformation list
2009-06-19 20:39 - JobOrganizer - INFO: Updating jobInformation list
2009-06-19 20:41 - JobOrganizer - INFO: Updating jobInformation list
2009-06-19 20:43 - JobOrganizer - INFO: Updating jobInformation list
2009-06-19 20:45 - JobOrganizer - INFO: Updating jobInformation list
2009-06-19 20:47 - JobOrganizer - INFO: Updating jobInformation list
2009-06-19 20:49 - JobOrganizer - INFO: Updating jobInformation list
2009-06-19 20:51 - JobOrganizer - INFO: Updating jobInformation list
2009-06-19 20:53 - JobOrganizer - INFO: Updating jobInformation list
2009-06-19 20:55 - JobOrganizer - INFO: Updating jobInformation list
2009-06-19 20:57 - JobOrganizer - INFO: Updating jobInformation list
2009-06-19 20:59 - JobOrganizer - INFO: Updating jobInformation list
2009-06-19 21:01 - JobOrganizer - INFO: Updating jobInformation list
2009-06-19 21:03 - JobOrganizer - INFO: Updating jobInformation list
2009-06-19 21:05 - JobOrganizer - INFO: Updating jobInformation list
2009-06-19 21:07 - JobOrganizer - INFO: Updating jobInformation list
2009-06-19 21:09 - JobOrganizer - INFO: Updating jobInformation list
2009-06-19 21:11 - JobOrganizer - INFO: Updating jobInformation list
2009-06-19 21:13 - JobOrganizer - INFO: Updating jobInformation list
2009-06-19 21:15 - JobOrganizer - INFO: Updating jobInformation list
2009-06-19 21:17 - JobOrganizer - INFO: Updating jobInformation list
2009-06-19 21:19 - JobOrganizer - INFO: Updating jobInformation list
2009-06-19 21:21 - JobOrganizer - INFO: Updating jobInformation list
2009-06-19 21:23 - JobOrganizer - INFO: Updating jobInformation list
2009-06-19 21:25 - JobOrganizer - INFO: Updating jobInformation list
2009-06-19 21:27 - JobOrganizer - INFO: Updating jobInformation list
2009-06-19 21:29 - JobOrganizer - INFO: Updating jobInformation list
2009-06-19 21:31 - JobOrganizer - INFO: Updating jobInformation list
2009-06-19 21:33 - JobOrganizer - INFO: Updating jobInformation list
2009-06-19 21:35 - JobOrganizer - INFO: Updating jobInformation list
2009-06-19 21:37 - JobOrganizer - INFO: Updating jobInformation list
2009-06-19 21:39 - JobOrganizer - INFO: Updating jobInformation list
2009-06-19 21:41 - JobOrganizer - INFO: Updating jobInformation list
2009-06-19 21:43 - JobOrganizer - INFO: Updating jobInformation list
2009-06-19 21:45 - JobOrganizer - INFO: Updating jobInformation list
2009-06-19 21:47 - JobOrganizer - INFO: Updating jobInformation list
2009-06-19 21:49 - JobOrganizer - INFO: Updating jobInformation list
2009-06-19 21:51 - JobOrganizer - INFO: Updating jobInformation list
2009-06-19 21:53 - JobOrganizer - INFO: Updating jobInformation list
2009-06-19 21:55 - JobOrganizer - INFO: Updating jobInformation list
2009-06-19 21:57 - JobOrganizer - INFO: Updating jobInformation list
2009-06-19 21:59 - JobOrganizer - INFO: Updating jobInformation list
2009-06-19 22:01 - JobOrganizer - INFO: Updating jobInformation list
2009-06-19 22:03 - JobOrganizer - INFO: Updating jobInformation list
2009-06-19 22:05 - JobOrganizer - INFO: Updating jobInformation list
2009-06-19 22:07 - JobOrganizer - INFO: Updating jobInformation list
2009-06-19 22:09 - JobOrganizer - INFO: Updating jobInformation list
2009-06-19 22:11 - JobOrganizer - INFO: Updating jobInformation list
2009-06-19 22:13 - JobOrganizer - INFO: Updating jobInformation list
2009-06-19 22:15 - JobOrganizer - INFO: Updating jobInformation list
2009-06-19 22:17 - JobOrganizer - INFO: Updating jobInformation list
2009-06-19 22:19 - JobOrganizer - INFO: Updating jobInformation list
2009-06-19 22:21 - JobOrganizer - INFO: Updating jobInformation list
2009-06-19 22:23 - JobOrganizer - INFO: Updating jobInformation list
2009-06-19 22:25 - JobOrganizer - INFO: Updating jobInformation list
2009-06-19 22:27 - JobOrganizer - INFO: Updating jobInformation list
2009-06-19 22:30 - JobOrganizer - INFO: Updating jobInformation list
2009-06-19 22:32 - JobOrganizer - INFO: Updating jobInformation list
2009-06-19 22:34 - JobOrganizer - INFO: Updating jobInformation list
2009-06-19 22:36 - JobOrganizer - INFO: Updating jobInformation list
2009-06-19 22:38 - JobOrganizer - INFO: Updating jobInformation list
2009-06-19 22:40 - JobOrganizer - INFO: Updating jobInformation list
2009-06-19 22:42 - JobOrganizer - INFO: Updating jobInformation list
2009-06-19 22:44 - JobOrganizer - INFO: Updating jobInformation list
2009-06-19 22:46 - JobOrganizer - INFO: Updating jobInformation list
2009-06-19 22:48 - JobOrganizer - INFO: Updating jobInformation list
2009-06-19 22:50 - JobOrganizer - INFO: Updating jobInformation list
2009-06-19 22:52 - JobOrganizer - INFO: Updating jobInformation list
2009-06-19 22:54 - JobOrganizer - INFO: Updating jobInformation list
2009-06-19 22:56 - JobOrganizer - INFO: Updating jobInformation list
2009-06-19 22:58 - JobOrganizer - INFO: Updating jobInformation list
2009-06-19 23:00 - JobOrganizer - INFO: Updating jobInformation list
2009-06-19 23:02 - JobOrganizer - INFO: Updating jobInformation list
2009-06-19 23:04 - JobOrganizer - INFO: Updating jobInformation list
2009-06-19 23:06 - JobOrganizer - INFO: Updating jobInformation list
2009-06-19 23:08 - JobOrganizer - INFO: Updating jobInformation list
2009-06-19 23:10 - JobOrganizer - INFO: Updating jobInformation list
2009-06-19 23:12 - JobOrganizer - INFO: Updating jobInformation list
2009-06-19 23:14 - JobOrganizer - INFO: Updating jobInformation list
2009-06-19 23:16 - JobOrganizer - INFO: Updating jobInformation list
2009-06-19 23:18 - JobOrganizer - INFO: Updating jobInformation list
2009-06-19 23:20 - JobOrganizer - INFO: Updating jobInformation list
2009-06-19 23:22 - JobOrganizer - INFO: Updating jobInformation list
2009-06-19 23:24 - JobOrganizer - INFO: Updating jobInformation list
2009-06-19 23:26 - JobOrganizer - INFO: Updating jobInformation list
2009-06-19 23:28 - JobOrganizer - INFO: Updating jobInformation list
2009-06-19 23:30 - JobOrganizer - INFO: Updating jobInformation list
2009-06-19 23:32 - JobOrganizer - INFO: Updating jobInformation list
2009-06-19 23:34 - JobOrganizer - INFO: Updating jobInformation list
2009-06-19 23:36 - JobOrganizer - INFO: Updating jobInformation list
2009-06-19 23:38 - JobOrganizer - INFO: Updating jobInformation list
2009-06-19 23:40 - JobOrganizer - INFO: Updating jobInformation list
2009-06-19 23:42 - JobOrganizer - INFO: Updating jobInformation list
2009-06-19 23:44 - JobOrganizer - INFO: Updating jobInformation list
2009-06-19 23:46 - JobOrganizer - INFO: Updating jobInformation list
2009-06-19 23:48 - JobOrganizer - INFO: Updating jobInformation list
2009-06-19 23:50 - JobOrganizer - INFO: Updating jobInformation list
2009-06-19 23:52 - JobOrganizer - INFO: Updating jobInformation list
2009-06-19 23:54 - JobOrganizer - INFO: Updating jobInformation list
2009-06-19 23:56 - JobOrganizer - INFO: Updating jobInformation list
2009-06-19 23:58 - JobOrganizer - INFO: Updating jobInformation list
2009-06-20 00:00 - JobOrganizer - INFO: Updating jobInformation list
