2009-05-05 00:01 - JobOrganizer - INFO: ========================================
2009-05-05 00:01 - JobOrganizer - INFO: JobOrganizer in init
2009-05-05 00:01 - JobOrganizer - INFO: init file JobOrganizerConfig.py was found
2009-05-05 00:01 - JobOrganizer - INFO: retrieveing Db parameters from JobOrganizerConfig.py file
2009-05-05 00:01 - JobOrganizer - INFO: creating job configurations from JobOrganizerConfig.py file
2009-05-05 00:01 - JobOrganizer - INFO: JobOrganizer initialized
2009-05-05 00:01 - JobOrganizer - INFO: ========================================
2009-05-05 00:03 - JobOrganizer - INFO: Updating jobInformation list
2009-05-05 00:05 - JobOrganizer - INFO: Updating jobInformation list
2009-05-05 00:07 - JobOrganizer - INFO: Updating jobInformation list
2009-05-05 00:09 - JobOrganizer - INFO: Updating jobInformation list
2009-05-05 00:11 - JobOrganizer - INFO: Updating jobInformation list
2009-05-05 00:13 - JobOrganizer - INFO: Updating jobInformation list
2009-05-05 00:15 - JobOrganizer - INFO: Updating jobInformation list
2009-05-05 00:17 - JobOrganizer - INFO: Updating jobInformation list
2009-05-05 00:19 - JobOrganizer - INFO: Updating jobInformation list
2009-05-05 00:21 - JobOrganizer - INFO: Updating jobInformation list
2009-05-05 00:23 - JobOrganizer - INFO: Updating jobInformation list
2009-05-05 00:25 - JobOrganizer - INFO: Updating jobInformation list
2009-05-05 00:27 - JobOrganizer - INFO: Updating jobInformation list
2009-05-05 00:29 - JobOrganizer - INFO: Updating jobInformation list
2009-05-05 00:31 - JobOrganizer - INFO: Updating jobInformation list
2009-05-05 00:33 - JobOrganizer - INFO: Updating jobInformation list
2009-05-05 00:35 - JobOrganizer - INFO: Updating jobInformation list
2009-05-05 00:37 - JobOrganizer - INFO: Updating jobInformation list
2009-05-05 00:39 - JobOrganizer - INFO: Updating jobInformation list
2009-05-05 00:41 - JobOrganizer - INFO: Updating jobInformation list
2009-05-05 00:43 - JobOrganizer - INFO: Updating jobInformation list
2009-05-05 00:45 - JobOrganizer - INFO: Updating jobInformation list
2009-05-05 00:47 - JobOrganizer - INFO: Updating jobInformation list
2009-05-05 00:49 - JobOrganizer - INFO: Updating jobInformation list
2009-05-05 00:51 - JobOrganizer - INFO: Updating jobInformation list
2009-05-05 00:53 - JobOrganizer - INFO: Updating jobInformation list
2009-05-05 00:55 - JobOrganizer - INFO: Updating jobInformation list
2009-05-05 00:57 - JobOrganizer - INFO: Updating jobInformation list
2009-05-05 00:59 - JobOrganizer - INFO: Updating jobInformation list
2009-05-05 01:01 - JobOrganizer - INFO: Updating jobInformation list
2009-05-05 01:03 - JobOrganizer - INFO: Updating jobInformation list
2009-05-05 01:05 - JobOrganizer - INFO: Updating jobInformation list
2009-05-05 01:07 - JobOrganizer - INFO: Updating jobInformation list
2009-05-05 01:09 - JobOrganizer - INFO: Updating jobInformation list
2009-05-05 01:11 - JobOrganizer - INFO: Updating jobInformation list
2009-05-05 01:13 - JobOrganizer - INFO: Updating jobInformation list
2009-05-05 01:15 - JobOrganizer - INFO: Updating jobInformation list
2009-05-05 01:17 - JobOrganizer - INFO: Updating jobInformation list
2009-05-05 01:19 - JobOrganizer - INFO: Updating jobInformation list
2009-05-05 01:22 - JobOrganizer - INFO: Updating jobInformation list
2009-05-05 01:24 - JobOrganizer - INFO: Updating jobInformation list
2009-05-05 01:26 - JobOrganizer - INFO: Updating jobInformation list
2009-05-05 01:28 - JobOrganizer - INFO: Updating jobInformation list
2009-05-05 01:30 - JobOrganizer - INFO: Updating jobInformation list
2009-05-05 01:32 - JobOrganizer - INFO: Updating jobInformation list
2009-05-05 01:34 - JobOrganizer - INFO: Updating jobInformation list
2009-05-05 01:36 - JobOrganizer - INFO: Updating jobInformation list
2009-05-05 01:38 - JobOrganizer - INFO: Updating jobInformation list
2009-05-05 01:40 - JobOrganizer - INFO: Updating jobInformation list
2009-05-05 01:42 - JobOrganizer - INFO: Updating jobInformation list
2009-05-05 01:44 - JobOrganizer - INFO: Updating jobInformation list
2009-05-05 01:46 - JobOrganizer - INFO: Updating jobInformation list
2009-05-05 01:48 - JobOrganizer - INFO: Updating jobInformation list
2009-05-05 01:50 - JobOrganizer - INFO: Updating jobInformation list
2009-05-05 01:52 - JobOrganizer - INFO: Updating jobInformation list
2009-05-05 01:54 - JobOrganizer - INFO: Updating jobInformation list
2009-05-05 01:56 - JobOrganizer - INFO: Updating jobInformation list
2009-05-05 01:58 - JobOrganizer - INFO: Updating jobInformation list
2009-05-05 02:00 - JobOrganizer - INFO: Updating jobInformation list
2009-05-05 02:02 - JobOrganizer - INFO: Updating jobInformation list
2009-05-05 02:04 - JobOrganizer - INFO: Updating jobInformation list
2009-05-05 02:06 - JobOrganizer - INFO: Updating jobInformation list
2009-05-05 02:08 - JobOrganizer - INFO: Updating jobInformation list
2009-05-05 02:10 - JobOrganizer - INFO: Updating jobInformation list
2009-05-05 02:12 - JobOrganizer - INFO: Updating jobInformation list
2009-05-05 02:14 - JobOrganizer - INFO: Updating jobInformation list
2009-05-05 02:16 - JobOrganizer - INFO: Updating jobInformation list
2009-05-05 02:18 - JobOrganizer - INFO: Updating jobInformation list
2009-05-05 02:20 - JobOrganizer - INFO: Updating jobInformation list
2009-05-05 02:22 - JobOrganizer - INFO: Updating jobInformation list
2009-05-05 02:24 - JobOrganizer - INFO: Updating jobInformation list
2009-05-05 02:26 - JobOrganizer - INFO: Updating jobInformation list
2009-05-05 02:28 - JobOrganizer - INFO: Updating jobInformation list
2009-05-05 02:30 - JobOrganizer - INFO: Updating jobInformation list
2009-05-05 02:32 - JobOrganizer - INFO: Updating jobInformation list
2009-05-05 02:34 - JobOrganizer - INFO: Updating jobInformation list
2009-05-05 02:36 - JobOrganizer - INFO: Updating jobInformation list
2009-05-05 02:38 - JobOrganizer - INFO: Updating jobInformation list
2009-05-05 02:40 - JobOrganizer - INFO: Updating jobInformation list
2009-05-05 02:42 - JobOrganizer - INFO: Updating jobInformation list
2009-05-05 02:44 - JobOrganizer - INFO: Updating jobInformation list
2009-05-05 02:46 - JobOrganizer - INFO: Updating jobInformation list
2009-05-05 02:48 - JobOrganizer - INFO: Updating jobInformation list
2009-05-05 02:50 - JobOrganizer - INFO: Updating jobInformation list
2009-05-05 02:52 - JobOrganizer - INFO: Updating jobInformation list
2009-05-05 02:54 - JobOrganizer - INFO: Updating jobInformation list
2009-05-05 02:56 - JobOrganizer - INFO: Updating jobInformation list
2009-05-05 02:58 - JobOrganizer - INFO: Updating jobInformation list
2009-05-05 03:00 - JobOrganizer - INFO: Updating jobInformation list
2009-05-05 03:02 - JobOrganizer - INFO: Updating jobInformation list
2009-05-05 03:04 - JobOrganizer - INFO: Updating jobInformation list
2009-05-05 03:06 - JobOrganizer - INFO: Updating jobInformation list
2009-05-05 03:08 - JobOrganizer - INFO: Updating jobInformation list
2009-05-05 03:10 - JobOrganizer - INFO: Updating jobInformation list
2009-05-05 03:12 - JobOrganizer - INFO: Updating jobInformation list
2009-05-05 03:14 - JobOrganizer - INFO: Updating jobInformation list
2009-05-05 03:16 - JobOrganizer - INFO: Updating jobInformation list
2009-05-05 03:18 - JobOrganizer - INFO: Updating jobInformation list
2009-05-05 03:20 - JobOrganizer - INFO: Updating jobInformation list
2009-05-05 03:22 - JobOrganizer - INFO: Updating jobInformation list
2009-05-05 03:24 - JobOrganizer - INFO: Updating jobInformation list
2009-05-05 03:26 - JobOrganizer - INFO: Updating jobInformation list
2009-05-05 03:28 - JobOrganizer - INFO: Updating jobInformation list
2009-05-05 03:30 - JobOrganizer - INFO: Updating jobInformation list
2009-05-05 03:32 - JobOrganizer - INFO: Updating jobInformation list
2009-05-05 03:34 - JobOrganizer - INFO: Updating jobInformation list
2009-05-05 03:36 - JobOrganizer - INFO: Updating jobInformation list
2009-05-05 03:38 - JobOrganizer - INFO: Updating jobInformation list
2009-05-05 03:40 - JobOrganizer - INFO: Updating jobInformation list
2009-05-05 03:42 - JobOrganizer - INFO: Updating jobInformation list
2009-05-05 03:44 - JobOrganizer - INFO: Updating jobInformation list
2009-05-05 03:46 - JobOrganizer - INFO: Updating jobInformation list
2009-05-05 03:48 - JobOrganizer - INFO: Updating jobInformation list
2009-05-05 03:50 - JobOrganizer - INFO: Updating jobInformation list
2009-05-05 03:52 - JobOrganizer - INFO: Updating jobInformation list
2009-05-05 03:54 - JobOrganizer - INFO: Updating jobInformation list
2009-05-05 03:56 - JobOrganizer - INFO: Updating jobInformation list
2009-05-05 03:58 - JobOrganizer - INFO: Updating jobInformation list
2009-05-05 04:00 - JobOrganizer - INFO: Updating jobInformation list
2009-05-05 04:02 - JobOrganizer - INFO: Updating jobInformation list
2009-05-05 04:04 - JobOrganizer - INFO: Updating jobInformation list
2009-05-05 04:06 - JobOrganizer - INFO: Updating jobInformation list
2009-05-05 04:08 - JobOrganizer - INFO: Updating jobInformation list
2009-05-05 04:10 - JobOrganizer - INFO: Updating jobInformation list
2009-05-05 04:12 - JobOrganizer - INFO: Updating jobInformation list
2009-05-05 04:14 - JobOrganizer - INFO: Updating jobInformation list
2009-05-05 04:16 - JobOrganizer - INFO: Updating jobInformation list
2009-05-05 04:18 - JobOrganizer - INFO: Updating jobInformation list
2009-05-05 04:20 - JobOrganizer - INFO: Updating jobInformation list
2009-05-05 04:22 - JobOrganizer - INFO: Updating jobInformation list
2009-05-05 04:24 - JobOrganizer - INFO: Updating jobInformation list
2009-05-05 04:26 - JobOrganizer - INFO: Updating jobInformation list
2009-05-05 04:28 - JobOrganizer - INFO: Updating jobInformation list
2009-05-05 04:30 - JobOrganizer - INFO: Updating jobInformation list
2009-05-05 04:32 - JobOrganizer - INFO: Updating jobInformation list
2009-05-05 04:34 - JobOrganizer - INFO: Updating jobInformation list
2009-05-05 04:36 - JobOrganizer - INFO: Updating jobInformation list
2009-05-05 04:38 - JobOrganizer - INFO: Updating jobInformation list
2009-05-05 04:40 - JobOrganizer - INFO: Updating jobInformation list
2009-05-05 04:42 - JobOrganizer - INFO: Updating jobInformation list
2009-05-05 04:44 - JobOrganizer - INFO: Updating jobInformation list
2009-05-05 04:46 - JobOrganizer - INFO: Updating jobInformation list
2009-05-05 04:48 - JobOrganizer - INFO: Updating jobInformation list
2009-05-05 04:50 - JobOrganizer - INFO: Updating jobInformation list
2009-05-05 04:52 - JobOrganizer - INFO: Updating jobInformation list
2009-05-05 04:54 - JobOrganizer - INFO: Updating jobInformation list
2009-05-05 04:56 - JobOrganizer - INFO: Updating jobInformation list
2009-05-05 04:58 - JobOrganizer - INFO: Updating jobInformation list
2009-05-05 05:00 - JobOrganizer - INFO: Updating jobInformation list
2009-05-05 05:02 - JobOrganizer - INFO: Updating jobInformation list
2009-05-05 05:04 - JobOrganizer - INFO: Updating jobInformation list
2009-05-05 05:06 - JobOrganizer - INFO: Updating jobInformation list
2009-05-05 05:08 - JobOrganizer - INFO: Updating jobInformation list
2009-05-05 05:10 - JobOrganizer - INFO: Updating jobInformation list
2009-05-05 05:12 - JobOrganizer - INFO: Updating jobInformation list
2009-05-05 05:14 - JobOrganizer - INFO: Updating jobInformation list
2009-05-05 05:16 - JobOrganizer - INFO: Updating jobInformation list
2009-05-05 05:18 - JobOrganizer - INFO: Updating jobInformation list
2009-05-05 05:20 - JobOrganizer - INFO: Updating jobInformation list
2009-05-05 05:22 - JobOrganizer - INFO: Updating jobInformation list
2009-05-05 05:24 - JobOrganizer - INFO: Updating jobInformation list
2009-05-05 05:26 - JobOrganizer - INFO: Updating jobInformation list
2009-05-05 05:28 - JobOrganizer - INFO: Updating jobInformation list
2009-05-05 05:30 - JobOrganizer - INFO: Updating jobInformation list
2009-05-05 05:32 - JobOrganizer - INFO: Updating jobInformation list
2009-05-05 05:34 - JobOrganizer - INFO: Updating jobInformation list
2009-05-05 05:37 - JobOrganizer - INFO: Updating jobInformation list
2009-05-05 05:39 - JobOrganizer - INFO: Updating jobInformation list
2009-05-05 05:41 - JobOrganizer - INFO: Updating jobInformation list
2009-05-05 05:43 - JobOrganizer - INFO: Updating jobInformation list
2009-05-05 05:45 - JobOrganizer - INFO: Updating jobInformation list
2009-05-05 05:47 - JobOrganizer - INFO: Updating jobInformation list
2009-05-05 05:49 - JobOrganizer - INFO: Updating jobInformation list
2009-05-05 05:51 - JobOrganizer - INFO: Updating jobInformation list
2009-05-05 05:53 - JobOrganizer - INFO: Updating jobInformation list
2009-05-05 05:55 - JobOrganizer - INFO: Updating jobInformation list
2009-05-05 05:57 - JobOrganizer - INFO: Updating jobInformation list
2009-05-05 05:59 - JobOrganizer - INFO: Updating jobInformation list
2009-05-05 06:01 - JobOrganizer - INFO: Updating jobInformation list
2009-05-05 06:03 - JobOrganizer - INFO: Updating jobInformation list
2009-05-05 06:05 - JobOrganizer - INFO: Updating jobInformation list
2009-05-05 06:07 - JobOrganizer - INFO: Updating jobInformation list
2009-05-05 06:09 - JobOrganizer - INFO: Updating jobInformation list
2009-05-05 06:11 - JobOrganizer - INFO: Updating jobInformation list
2009-05-05 06:13 - JobOrganizer - INFO: Updating jobInformation list
2009-05-05 06:15 - JobOrganizer - INFO: Updating jobInformation list
2009-05-05 06:17 - JobOrganizer - INFO: Updating jobInformation list
2009-05-05 06:19 - JobOrganizer - INFO: Updating jobInformation list
2009-05-05 06:21 - JobOrganizer - INFO: Updating jobInformation list
2009-05-05 06:23 - JobOrganizer - INFO: Updating jobInformation list
2009-05-05 06:25 - JobOrganizer - INFO: Updating jobInformation list
2009-05-05 06:27 - JobOrganizer - INFO: Updating jobInformation list
2009-05-05 06:29 - JobOrganizer - INFO: Updating jobInformation list
2009-05-05 06:31 - JobOrganizer - INFO: Updating jobInformation list
2009-05-05 06:33 - JobOrganizer - INFO: Updating jobInformation list
2009-05-05 06:35 - JobOrganizer - INFO: Updating jobInformation list
2009-05-05 06:37 - JobOrganizer - INFO: Updating jobInformation list
2009-05-05 06:39 - JobOrganizer - INFO: Updating jobInformation list
2009-05-05 06:41 - JobOrganizer - INFO: Updating jobInformation list
2009-05-05 06:43 - JobOrganizer - INFO: Updating jobInformation list
2009-05-05 06:45 - JobOrganizer - INFO: Updating jobInformation list
2009-05-05 06:47 - JobOrganizer - INFO: Updating jobInformation list
2009-05-05 06:49 - JobOrganizer - INFO: Updating jobInformation list
2009-05-05 06:51 - JobOrganizer - INFO: Updating jobInformation list
2009-05-05 06:53 - JobOrganizer - INFO: Updating jobInformation list
2009-05-05 06:55 - JobOrganizer - INFO: Updating jobInformation list
2009-05-05 06:57 - JobOrganizer - INFO: Updating jobInformation list
2009-05-05 06:59 - JobOrganizer - INFO: Updating jobInformation list
2009-05-05 07:01 - JobOrganizer - INFO: Updating jobInformation list
2009-05-05 07:03 - JobOrganizer - INFO: Updating jobInformation list
2009-05-05 07:05 - JobOrganizer - INFO: Updating jobInformation list
2009-05-05 07:07 - JobOrganizer - INFO: Updating jobInformation list
2009-05-05 07:09 - JobOrganizer - INFO: Updating jobInformation list
2009-05-05 07:11 - JobOrganizer - INFO: Updating jobInformation list
2009-05-05 07:13 - JobOrganizer - INFO: Updating jobInformation list
2009-05-05 07:15 - JobOrganizer - INFO: Updating jobInformation list
2009-05-05 07:17 - JobOrganizer - INFO: Updating jobInformation list
2009-05-05 07:19 - JobOrganizer - INFO: Updating jobInformation list
2009-05-05 07:21 - JobOrganizer - INFO: Updating jobInformation list
2009-05-05 07:23 - JobOrganizer - INFO: Updating jobInformation list
2009-05-05 07:25 - JobOrganizer - INFO: Updating jobInformation list
2009-05-05 07:27 - JobOrganizer - INFO: Updating jobInformation list
2009-05-05 07:29 - JobOrganizer - INFO: Updating jobInformation list
2009-05-05 07:31 - JobOrganizer - INFO: Updating jobInformation list
2009-05-05 07:33 - JobOrganizer - INFO: Updating jobInformation list
2009-05-05 07:35 - JobOrganizer - INFO: Updating jobInformation list
2009-05-05 07:37 - JobOrganizer - INFO: Updating jobInformation list
2009-05-05 07:39 - JobOrganizer - INFO: Updating jobInformation list
2009-05-05 07:41 - JobOrganizer - INFO: Updating jobInformation list
2009-05-05 07:43 - JobOrganizer - INFO: Updating jobInformation list
2009-05-05 07:45 - JobOrganizer - INFO: Updating jobInformation list
2009-05-05 07:47 - JobOrganizer - INFO: Updating jobInformation list
2009-05-05 07:49 - JobOrganizer - INFO: Updating jobInformation list
2009-05-05 07:51 - JobOrganizer - INFO: Updating jobInformation list
2009-05-05 07:53 - JobOrganizer - INFO: Updating jobInformation list
2009-05-05 07:55 - JobOrganizer - INFO: Updating jobInformation list
2009-05-05 07:57 - JobOrganizer - INFO: Updating jobInformation list
2009-05-05 07:59 - JobOrganizer - INFO: Updating jobInformation list
2009-05-05 08:01 - JobOrganizer - INFO: Updating jobInformation list
2009-05-05 08:03 - JobOrganizer - INFO: Updating jobInformation list
2009-05-05 08:05 - JobOrganizer - INFO: Updating jobInformation list
2009-05-05 08:07 - JobOrganizer - INFO: Updating jobInformation list
2009-05-05 08:09 - JobOrganizer - INFO: Updating jobInformation list
2009-05-05 08:11 - JobOrganizer - INFO: Updating jobInformation list
2009-05-05 08:13 - JobOrganizer - INFO: Updating jobInformation list
2009-05-05 08:15 - JobOrganizer - INFO: Updating jobInformation list
2009-05-05 08:17 - JobOrganizer - INFO: Updating jobInformation list
2009-05-05 08:19 - JobOrganizer - INFO: Updating jobInformation list
2009-05-05 08:21 - JobOrganizer - INFO: Updating jobInformation list
2009-05-05 08:23 - JobOrganizer - INFO: Updating jobInformation list
2009-05-05 08:25 - JobOrganizer - INFO: Updating jobInformation list
2009-05-05 08:27 - JobOrganizer - INFO: Updating jobInformation list
2009-05-05 08:29 - JobOrganizer - INFO: Updating jobInformation list
2009-05-05 08:31 - JobOrganizer - INFO: Updating jobInformation list
2009-05-05 08:33 - JobOrganizer - INFO: Updating jobInformation list
2009-05-05 08:35 - JobOrganizer - INFO: Updating jobInformation list
2009-05-05 08:37 - JobOrganizer - INFO: Updating jobInformation list
2009-05-05 08:39 - JobOrganizer - INFO: Updating jobInformation list
2009-05-05 08:41 - JobOrganizer - INFO: Updating jobInformation list
2009-05-05 08:43 - JobOrganizer - INFO: Updating jobInformation list
2009-05-05 08:45 - JobOrganizer - INFO: Updating jobInformation list
2009-05-05 08:47 - JobOrganizer - INFO: Updating jobInformation list
2009-05-05 08:49 - JobOrganizer - INFO: Updating jobInformation list
2009-05-05 08:51 - JobOrganizer - INFO: Updating jobInformation list
2009-05-05 08:53 - JobOrganizer - INFO: Updating jobInformation list
2009-05-05 08:55 - JobOrganizer - INFO: Updating jobInformation list
2009-05-05 08:57 - JobOrganizer - INFO: Updating jobInformation list
2009-05-05 08:59 - JobOrganizer - INFO: Updating jobInformation list
2009-05-05 09:01 - JobOrganizer - INFO: Updating jobInformation list
2009-05-05 09:03 - JobOrganizer - INFO: Updating jobInformation list
2009-05-05 09:05 - JobOrganizer - INFO: Updating jobInformation list
2009-05-05 09:07 - JobOrganizer - INFO: Updating jobInformation list
2009-05-05 09:09 - JobOrganizer - INFO: Updating jobInformation list
2009-05-05 09:11 - JobOrganizer - INFO: Updating jobInformation list
2009-05-05 09:13 - JobOrganizer - INFO: Updating jobInformation list
2009-05-05 09:15 - JobOrganizer - INFO: Updating jobInformation list
2009-05-05 09:17 - JobOrganizer - INFO: Updating jobInformation list
2009-05-05 09:19 - JobOrganizer - INFO: Updating jobInformation list
2009-05-05 09:21 - JobOrganizer - INFO: Updating jobInformation list
2009-05-05 09:23 - JobOrganizer - INFO: Updating jobInformation list
2009-05-05 09:25 - JobOrganizer - INFO: Updating jobInformation list
2009-05-05 09:27 - JobOrganizer - INFO: Updating jobInformation list
2009-05-05 09:29 - JobOrganizer - INFO: Updating jobInformation list
2009-05-05 09:31 - JobOrganizer - INFO: Updating jobInformation list
2009-05-05 09:33 - JobOrganizer - INFO: Updating jobInformation list
2009-05-05 09:35 - JobOrganizer - INFO: Updating jobInformation list
2009-05-05 09:37 - JobOrganizer - INFO: Updating jobInformation list
2009-05-05 09:39 - JobOrganizer - INFO: Updating jobInformation list
2009-05-05 09:41 - JobOrganizer - INFO: Updating jobInformation list
2009-05-05 09:43 - JobOrganizer - INFO: Updating jobInformation list
2009-05-05 09:45 - JobOrganizer - INFO: Updating jobInformation list
2009-05-05 09:47 - JobOrganizer - INFO: Updating jobInformation list
2009-05-05 09:49 - JobOrganizer - INFO: Updating jobInformation list
2009-05-05 09:51 - JobOrganizer - INFO: Updating jobInformation list
2009-05-05 09:54 - JobOrganizer - INFO: Updating jobInformation list
2009-05-05 09:56 - JobOrganizer - INFO: Updating jobInformation list
2009-05-05 09:58 - JobOrganizer - INFO: Updating jobInformation list
2009-05-05 10:00 - JobOrganizer - INFO: Updating jobInformation list
2009-05-05 10:02 - JobOrganizer - INFO: Updating jobInformation list
2009-05-05 10:04 - JobOrganizer - INFO: Updating jobInformation list
2009-05-05 10:06 - JobOrganizer - INFO: Updating jobInformation list
2009-05-05 10:08 - JobOrganizer - INFO: Updating jobInformation list
2009-05-05 10:10 - JobOrganizer - INFO: Updating jobInformation list
2009-05-05 10:12 - JobOrganizer - INFO: Updating jobInformation list
2009-05-05 10:14 - JobOrganizer - INFO: Updating jobInformation list
2009-05-05 10:16 - JobOrganizer - INFO: Updating jobInformation list
2009-05-05 10:18 - JobOrganizer - INFO: Updating jobInformation list
2009-05-05 10:20 - JobOrganizer - INFO: Updating jobInformation list
2009-05-05 10:22 - JobOrganizer - INFO: Updating jobInformation list
2009-05-05 10:24 - JobOrganizer - INFO: Updating jobInformation list
2009-05-05 10:26 - JobOrganizer - INFO: Updating jobInformation list
2009-05-05 10:28 - JobOrganizer - INFO: Updating jobInformation list
2009-05-05 10:30 - JobOrganizer - INFO: Updating jobInformation list
2009-05-05 10:32 - JobOrganizer - INFO: Updating jobInformation list
2009-05-05 10:34 - JobOrganizer - INFO: Updating jobInformation list
2009-05-05 10:36 - JobOrganizer - INFO: Updating jobInformation list
2009-05-05 10:38 - JobOrganizer - INFO: Updating jobInformation list
2009-05-05 10:40 - JobOrganizer - INFO: Updating jobInformation list
2009-05-05 10:42 - JobOrganizer - INFO: Updating jobInformation list
2009-05-05 10:44 - JobOrganizer - INFO: Updating jobInformation list
2009-05-05 10:46 - JobOrganizer - INFO: Updating jobInformation list
2009-05-05 10:48 - JobOrganizer - INFO: Updating jobInformation list
2009-05-05 10:50 - JobOrganizer - INFO: Updating jobInformation list
2009-05-05 10:52 - JobOrganizer - INFO: Updating jobInformation list
2009-05-05 10:54 - JobOrganizer - INFO: Updating jobInformation list
2009-05-05 10:56 - JobOrganizer - INFO: Updating jobInformation list
2009-05-05 10:58 - JobOrganizer - INFO: Updating jobInformation list
2009-05-05 11:00 - JobOrganizer - INFO: Updating jobInformation list
2009-05-05 11:02 - JobOrganizer - INFO: Updating jobInformation list
2009-05-05 11:04 - JobOrganizer - INFO: Updating jobInformation list
2009-05-05 11:06 - JobOrganizer - INFO: Updating jobInformation list
2009-05-05 11:08 - JobOrganizer - INFO: Updating jobInformation list
2009-05-05 11:10 - JobOrganizer - INFO: Updating jobInformation list
2009-05-05 11:12 - JobOrganizer - INFO: Updating jobInformation list
2009-05-05 11:14 - JobOrganizer - INFO: Updating jobInformation list
2009-05-05 11:16 - JobOrganizer - INFO: Updating jobInformation list
2009-05-05 11:18 - JobOrganizer - INFO: Updating jobInformation list
2009-05-05 11:20 - JobOrganizer - INFO: Updating jobInformation list
2009-05-05 11:22 - JobOrganizer - INFO: Updating jobInformation list
2009-05-05 11:24 - JobOrganizer - INFO: Updating jobInformation list
2009-05-05 11:26 - JobOrganizer - INFO: Updating jobInformation list
2009-05-05 11:28 - JobOrganizer - INFO: Updating jobInformation list
2009-05-05 11:30 - JobOrganizer - INFO: Updating jobInformation list
2009-05-05 11:32 - JobOrganizer - INFO: Updating jobInformation list
2009-05-05 11:34 - JobOrganizer - INFO: Updating jobInformation list
2009-05-05 11:36 - JobOrganizer - INFO: Updating jobInformation list
2009-05-05 11:38 - JobOrganizer - INFO: Updating jobInformation list
2009-05-05 11:40 - JobOrganizer - INFO: Updating jobInformation list
2009-05-05 11:42 - JobOrganizer - INFO: Updating jobInformation list
2009-05-05 11:44 - JobOrganizer - INFO: Updating jobInformation list
2009-05-05 11:46 - JobOrganizer - INFO: Updating jobInformation list
2009-05-05 11:48 - JobOrganizer - INFO: Updating jobInformation list
2009-05-05 11:50 - JobOrganizer - INFO: Updating jobInformation list
2009-05-05 11:52 - JobOrganizer - INFO: Updating jobInformation list
2009-05-05 11:54 - JobOrganizer - INFO: Updating jobInformation list
2009-05-05 11:56 - JobOrganizer - INFO: Updating jobInformation list
2009-05-05 11:58 - JobOrganizer - INFO: Updating jobInformation list
2009-05-05 12:00 - JobOrganizer - INFO: Updating jobInformation list
2009-05-05 12:02 - JobOrganizer - INFO: Updating jobInformation list
2009-05-05 12:04 - JobOrganizer - INFO: Updating jobInformation list
2009-05-05 12:06 - JobOrganizer - INFO: Updating jobInformation list
2009-05-05 12:09 - JobOrganizer - INFO: Updating jobInformation list
2009-05-05 12:11 - JobOrganizer - INFO: Updating jobInformation list
2009-05-05 12:13 - JobOrganizer - INFO: Updating jobInformation list
2009-05-05 12:15 - JobOrganizer - INFO: Updating jobInformation list
2009-05-05 12:17 - JobOrganizer - INFO: Updating jobInformation list
2009-05-05 12:19 - JobOrganizer - INFO: Updating jobInformation list
2009-05-05 12:21 - JobOrganizer - INFO: Updating jobInformation list
2009-05-05 12:23 - JobOrganizer - INFO: Updating jobInformation list
2009-05-05 12:25 - JobOrganizer - INFO: Updating jobInformation list
2009-05-05 12:27 - JobOrganizer - INFO: Updating jobInformation list
2009-05-05 12:29 - JobOrganizer - INFO: Updating jobInformation list
2009-05-05 12:31 - JobOrganizer - INFO: Updating jobInformation list
2009-05-05 12:33 - JobOrganizer - INFO: Updating jobInformation list
2009-05-05 12:35 - JobOrganizer - INFO: Updating jobInformation list
2009-05-05 12:37 - JobOrganizer - INFO: Updating jobInformation list
2009-05-05 12:39 - JobOrganizer - INFO: Updating jobInformation list
2009-05-05 12:41 - JobOrganizer - INFO: Updating jobInformation list
2009-05-05 12:43 - JobOrganizer - INFO: Updating jobInformation list
2009-05-05 12:45 - JobOrganizer - INFO: Updating jobInformation list
2009-05-05 12:47 - JobOrganizer - INFO: Updating jobInformation list
2009-05-05 12:49 - JobOrganizer - INFO: Updating jobInformation list
2009-05-05 12:51 - JobOrganizer - INFO: Updating jobInformation list
2009-05-05 12:53 - JobOrganizer - INFO: Updating jobInformation list
2009-05-05 12:55 - JobOrganizer - INFO: Updating jobInformation list
2009-05-05 12:57 - JobOrganizer - INFO: Updating jobInformation list
2009-05-05 12:59 - JobOrganizer - INFO: Updating jobInformation list
2009-05-05 13:01 - JobOrganizer - INFO: Updating jobInformation list
2009-05-05 13:03 - JobOrganizer - INFO: Updating jobInformation list
2009-05-05 13:05 - JobOrganizer - INFO: Updating jobInformation list
2009-05-05 13:07 - JobOrganizer - INFO: Updating jobInformation list
2009-05-05 13:09 - JobOrganizer - INFO: Updating jobInformation list
2009-05-05 13:11 - JobOrganizer - INFO: Updating jobInformation list
2009-05-05 13:13 - JobOrganizer - INFO: Updating jobInformation list
2009-05-05 13:15 - JobOrganizer - INFO: Updating jobInformation list
2009-05-05 13:17 - JobOrganizer - INFO: Updating jobInformation list
2009-05-05 13:19 - JobOrganizer - INFO: Updating jobInformation list
2009-05-05 13:21 - JobOrganizer - INFO: Updating jobInformation list
2009-05-05 13:23 - JobOrganizer - INFO: Updating jobInformation list
2009-05-05 13:25 - JobOrganizer - INFO: Updating jobInformation list
2009-05-05 13:27 - JobOrganizer - INFO: Updating jobInformation list
2009-05-05 13:29 - JobOrganizer - INFO: Updating jobInformation list
2009-05-05 13:31 - JobOrganizer - INFO: Updating jobInformation list
2009-05-05 13:33 - JobOrganizer - INFO: Updating jobInformation list
2009-05-05 13:35 - JobOrganizer - INFO: Updating jobInformation list
2009-05-05 13:37 - JobOrganizer - INFO: Updating jobInformation list
2009-05-05 13:39 - JobOrganizer - INFO: Updating jobInformation list
2009-05-05 13:41 - JobOrganizer - INFO: Updating jobInformation list
2009-05-05 13:43 - JobOrganizer - INFO: Updating jobInformation list
2009-05-05 13:45 - JobOrganizer - INFO: Updating jobInformation list
2009-05-05 13:47 - JobOrganizer - INFO: Updating jobInformation list
2009-05-05 13:49 - JobOrganizer - INFO: Updating jobInformation list
2009-05-05 13:51 - JobOrganizer - INFO: Updating jobInformation list
2009-05-05 13:53 - JobOrganizer - INFO: Updating jobInformation list
2009-05-05 13:55 - JobOrganizer - INFO: Updating jobInformation list
2009-05-05 13:57 - JobOrganizer - INFO: Updating jobInformation list
2009-05-05 13:59 - JobOrganizer - INFO: Updating jobInformation list
2009-05-05 14:01 - JobOrganizer - INFO: Updating jobInformation list
2009-05-05 14:03 - JobOrganizer - INFO: Updating jobInformation list
2009-05-05 14:05 - JobOrganizer - INFO: Updating jobInformation list
2009-05-05 14:07 - JobOrganizer - INFO: Updating jobInformation list
2009-05-05 14:09 - JobOrganizer - INFO: Updating jobInformation list
2009-05-05 14:11 - JobOrganizer - INFO: Updating jobInformation list
2009-05-05 14:13 - JobOrganizer - INFO: Updating jobInformation list
2009-05-05 14:15 - JobOrganizer - INFO: Updating jobInformation list
2009-05-05 14:17 - JobOrganizer - INFO: Updating jobInformation list
2009-05-05 14:19 - JobOrganizer - INFO: Updating jobInformation list
2009-05-05 14:21 - JobOrganizer - INFO: Updating jobInformation list
2009-05-05 14:23 - JobOrganizer - INFO: Updating jobInformation list
2009-05-05 14:25 - JobOrganizer - INFO: Updating jobInformation list
2009-05-05 14:27 - JobOrganizer - INFO: Updating jobInformation list
2009-05-05 14:29 - JobOrganizer - INFO: Updating jobInformation list
2009-05-05 14:31 - JobOrganizer - INFO: Updating jobInformation list
2009-05-05 14:33 - JobOrganizer - INFO: Updating jobInformation list
2009-05-05 14:35 - JobOrganizer - INFO: Updating jobInformation list
2009-05-05 14:37 - JobOrganizer - INFO: Updating jobInformation list
2009-05-05 14:39 - JobOrganizer - INFO: Updating jobInformation list
2009-05-05 14:41 - JobOrganizer - INFO: Updating jobInformation list
2009-05-05 14:43 - JobOrganizer - INFO: Updating jobInformation list
2009-05-05 14:45 - JobOrganizer - INFO: Updating jobInformation list
2009-05-05 14:47 - JobOrganizer - INFO: Updating jobInformation list
2009-05-05 14:49 - JobOrganizer - INFO: Updating jobInformation list
2009-05-05 14:51 - JobOrganizer - INFO: Updating jobInformation list
2009-05-05 14:54 - JobOrganizer - INFO: Updating jobInformation list
2009-05-05 14:56 - JobOrganizer - INFO: Updating jobInformation list
2009-05-05 14:58 - JobOrganizer - INFO: Updating jobInformation list
2009-05-05 15:00 - JobOrganizer - INFO: Updating jobInformation list
2009-05-05 15:02 - JobOrganizer - INFO: Updating jobInformation list
2009-05-05 15:04 - JobOrganizer - INFO: Updating jobInformation list
2009-05-05 15:06 - JobOrganizer - INFO: Updating jobInformation list
2009-05-05 15:08 - JobOrganizer - INFO: Updating jobInformation list
2009-05-05 15:10 - JobOrganizer - INFO: Updating jobInformation list
2009-05-05 15:12 - JobOrganizer - INFO: Updating jobInformation list
2009-05-05 15:14 - JobOrganizer - INFO: Updating jobInformation list
2009-05-05 15:16 - JobOrganizer - INFO: Updating jobInformation list
2009-05-05 15:18 - JobOrganizer - INFO: Updating jobInformation list
2009-05-05 15:20 - JobOrganizer - INFO: Updating jobInformation list
2009-05-05 15:22 - JobOrganizer - INFO: Updating jobInformation list
2009-05-05 15:24 - JobOrganizer - INFO: Updating jobInformation list
2009-05-05 15:26 - JobOrganizer - INFO: Updating jobInformation list
2009-05-05 15:28 - JobOrganizer - INFO: Updating jobInformation list
2009-05-05 15:30 - JobOrganizer - INFO: Updating jobInformation list
2009-05-05 15:32 - JobOrganizer - INFO: Updating jobInformation list
2009-05-05 15:34 - JobOrganizer - INFO: Updating jobInformation list
2009-05-05 15:36 - JobOrganizer - INFO: Updating jobInformation list
2009-05-05 15:38 - JobOrganizer - INFO: Updating jobInformation list
2009-05-05 15:40 - JobOrganizer - INFO: Updating jobInformation list
2009-05-05 15:42 - JobOrganizer - INFO: Updating jobInformation list
2009-05-05 15:44 - JobOrganizer - INFO: Updating jobInformation list
2009-05-05 15:46 - JobOrganizer - INFO: Updating jobInformation list
2009-05-05 15:48 - JobOrganizer - INFO: Updating jobInformation list
2009-05-05 15:50 - JobOrganizer - INFO: Updating jobInformation list
2009-05-05 15:52 - JobOrganizer - INFO: Updating jobInformation list
2009-05-05 15:54 - JobOrganizer - INFO: Updating jobInformation list
2009-05-05 15:56 - JobOrganizer - INFO: Updating jobInformation list
2009-05-05 15:58 - JobOrganizer - INFO: Updating jobInformation list
2009-05-05 16:00 - JobOrganizer - INFO: Updating jobInformation list
2009-05-05 16:02 - JobOrganizer - INFO: Updating jobInformation list
2009-05-05 16:04 - JobOrganizer - INFO: Updating jobInformation list
2009-05-05 16:06 - JobOrganizer - INFO: Updating jobInformation list
2009-05-05 16:08 - JobOrganizer - INFO: Updating jobInformation list
2009-05-05 16:10 - JobOrganizer - INFO: Updating jobInformation list
2009-05-05 16:12 - JobOrganizer - INFO: Updating jobInformation list
2009-05-05 16:14 - JobOrganizer - INFO: Updating jobInformation list
2009-05-05 16:16 - JobOrganizer - INFO: Updating jobInformation list
2009-05-05 16:18 - JobOrganizer - INFO: Updating jobInformation list
2009-05-05 16:20 - JobOrganizer - INFO: Updating jobInformation list
2009-05-05 16:22 - JobOrganizer - INFO: Updating jobInformation list
2009-05-05 16:24 - JobOrganizer - INFO: Updating jobInformation list
2009-05-05 16:26 - JobOrganizer - INFO: Updating jobInformation list
2009-05-05 16:28 - JobOrganizer - INFO: Updating jobInformation list
2009-05-05 16:30 - JobOrganizer - INFO: Updating jobInformation list
2009-05-05 16:32 - JobOrganizer - INFO: Updating jobInformation list
2009-05-05 16:34 - JobOrganizer - INFO: Updating jobInformation list
2009-05-05 16:36 - JobOrganizer - INFO: Updating jobInformation list
2009-05-05 16:38 - JobOrganizer - INFO: Updating jobInformation list
2009-05-05 16:40 - JobOrganizer - INFO: Updating jobInformation list
2009-05-05 16:42 - JobOrganizer - INFO: Updating jobInformation list
2009-05-05 16:44 - JobOrganizer - INFO: Updating jobInformation list
2009-05-05 16:46 - JobOrganizer - INFO: Updating jobInformation list
2009-05-05 16:48 - JobOrganizer - INFO: Updating jobInformation list
2009-05-05 16:50 - JobOrganizer - INFO: Updating jobInformation list
2009-05-05 16:52 - JobOrganizer - INFO: Updating jobInformation list
2009-05-05 16:54 - JobOrganizer - INFO: Updating jobInformation list
2009-05-05 16:56 - JobOrganizer - INFO: Updating jobInformation list
2009-05-05 16:58 - JobOrganizer - INFO: Updating jobInformation list
2009-05-05 17:00 - JobOrganizer - INFO: Updating jobInformation list
2009-05-05 17:02 - JobOrganizer - INFO: Updating jobInformation list
2009-05-05 17:04 - JobOrganizer - INFO: Updating jobInformation list
2009-05-05 17:06 - JobOrganizer - INFO: Updating jobInformation list
2009-05-05 17:08 - JobOrganizer - INFO: Updating jobInformation list
2009-05-05 17:10 - JobOrganizer - INFO: Updating jobInformation list
2009-05-05 17:12 - JobOrganizer - INFO: Updating jobInformation list
2009-05-05 17:14 - JobOrganizer - INFO: Updating jobInformation list
2009-05-05 17:16 - JobOrganizer - INFO: Updating jobInformation list
2009-05-05 17:18 - JobOrganizer - INFO: Updating jobInformation list
2009-05-05 17:20 - JobOrganizer - INFO: Updating jobInformation list
2009-05-05 17:22 - JobOrganizer - INFO: Updating jobInformation list
2009-05-05 17:24 - JobOrganizer - INFO: Updating jobInformation list
2009-05-05 17:26 - JobOrganizer - INFO: Updating jobInformation list
2009-05-05 17:28 - JobOrganizer - INFO: Updating jobInformation list
2009-05-05 17:30 - JobOrganizer - INFO: Updating jobInformation list
2009-05-05 17:32 - JobOrganizer - INFO: Updating jobInformation list
2009-05-05 17:34 - JobOrganizer - INFO: Updating jobInformation list
2009-05-05 17:36 - JobOrganizer - INFO: Updating jobInformation list
2009-05-05 17:38 - JobOrganizer - INFO: Updating jobInformation list
2009-05-05 17:40 - JobOrganizer - INFO: Updating jobInformation list
2009-05-05 17:42 - JobOrganizer - INFO: Updating jobInformation list
2009-05-05 17:44 - JobOrganizer - INFO: Updating jobInformation list
2009-05-05 17:46 - JobOrganizer - INFO: Updating jobInformation list
2009-05-05 17:48 - JobOrganizer - INFO: Updating jobInformation list
2009-05-05 17:51 - JobOrganizer - INFO: Updating jobInformation list
2009-05-05 17:53 - JobOrganizer - INFO: Updating jobInformation list
2009-05-05 17:55 - JobOrganizer - INFO: Updating jobInformation list
2009-05-05 17:57 - JobOrganizer - INFO: Updating jobInformation list
2009-05-05 17:59 - JobOrganizer - INFO: Updating jobInformation list
2009-05-05 18:01 - JobOrganizer - INFO: Updating jobInformation list
2009-05-05 18:03 - JobOrganizer - INFO: Updating jobInformation list
2009-05-05 18:05 - JobOrganizer - INFO: Updating jobInformation list
2009-05-05 18:07 - JobOrganizer - INFO: Updating jobInformation list
2009-05-05 18:09 - JobOrganizer - INFO: Updating jobInformation list
2009-05-05 18:11 - JobOrganizer - INFO: Updating jobInformation list
2009-05-05 18:13 - JobOrganizer - INFO: Updating jobInformation list
2009-05-05 18:15 - JobOrganizer - INFO: Updating jobInformation list
2009-05-05 18:17 - JobOrganizer - INFO: Updating jobInformation list
2009-05-05 18:19 - JobOrganizer - INFO: Updating jobInformation list
2009-05-05 18:21 - JobOrganizer - INFO: Updating jobInformation list
2009-05-05 18:23 - JobOrganizer - INFO: Updating jobInformation list
2009-05-05 18:25 - JobOrganizer - INFO: Updating jobInformation list
2009-05-05 18:27 - JobOrganizer - INFO: Updating jobInformation list
2009-05-05 18:29 - JobOrganizer - INFO: Updating jobInformation list
2009-05-05 18:31 - JobOrganizer - INFO: Updating jobInformation list
2009-05-05 18:33 - JobOrganizer - INFO: Updating jobInformation list
2009-05-05 18:35 - JobOrganizer - INFO: Updating jobInformation list
2009-05-05 18:37 - JobOrganizer - INFO: Updating jobInformation list
2009-05-05 18:39 - JobOrganizer - INFO: Updating jobInformation list
2009-05-05 18:41 - JobOrganizer - INFO: Updating jobInformation list
2009-05-05 18:43 - JobOrganizer - INFO: Updating jobInformation list
2009-05-05 18:45 - JobOrganizer - INFO: Updating jobInformation list
2009-05-05 18:47 - JobOrganizer - INFO: Updating jobInformation list
2009-05-05 18:49 - JobOrganizer - INFO: Updating jobInformation list
2009-05-05 18:51 - JobOrganizer - INFO: Updating jobInformation list
2009-05-05 18:53 - JobOrganizer - INFO: Updating jobInformation list
2009-05-05 18:55 - JobOrganizer - INFO: Updating jobInformation list
2009-05-05 18:57 - JobOrganizer - INFO: Updating jobInformation list
2009-05-05 18:59 - JobOrganizer - INFO: Updating jobInformation list
2009-05-05 19:01 - JobOrganizer - INFO: Updating jobInformation list
2009-05-05 19:03 - JobOrganizer - INFO: Updating jobInformation list
2009-05-05 19:05 - JobOrganizer - INFO: Updating jobInformation list
2009-05-05 19:07 - JobOrganizer - INFO: Updating jobInformation list
2009-05-05 19:09 - JobOrganizer - INFO: Updating jobInformation list
2009-05-05 19:11 - JobOrganizer - INFO: Updating jobInformation list
2009-05-05 19:13 - JobOrganizer - INFO: Updating jobInformation list
2009-05-05 19:15 - JobOrganizer - INFO: Updating jobInformation list
2009-05-05 19:17 - JobOrganizer - INFO: Updating jobInformation list
2009-05-05 19:19 - JobOrganizer - INFO: Updating jobInformation list
2009-05-05 19:21 - JobOrganizer - INFO: Updating jobInformation list
2009-05-05 19:23 - JobOrganizer - INFO: Updating jobInformation list
2009-05-05 19:25 - JobOrganizer - INFO: Updating jobInformation list
2009-05-05 19:27 - JobOrganizer - INFO: Updating jobInformation list
2009-05-05 19:29 - JobOrganizer - INFO: Updating jobInformation list
2009-05-05 19:31 - JobOrganizer - INFO: Updating jobInformation list
2009-05-05 19:33 - JobOrganizer - INFO: Updating jobInformation list
2009-05-05 19:35 - JobOrganizer - INFO: Updating jobInformation list
2009-05-05 19:37 - JobOrganizer - INFO: Updating jobInformation list
2009-05-05 19:39 - JobOrganizer - INFO: Updating jobInformation list
2009-05-05 19:41 - JobOrganizer - INFO: Updating jobInformation list
2009-05-05 19:43 - JobOrganizer - INFO: Updating jobInformation list
2009-05-05 19:45 - JobOrganizer - INFO: Updating jobInformation list
2009-05-05 19:47 - JobOrganizer - INFO: Updating jobInformation list
2009-05-05 19:49 - JobOrganizer - INFO: Updating jobInformation list
2009-05-05 19:51 - JobOrganizer - INFO: Updating jobInformation list
2009-05-05 19:53 - JobOrganizer - INFO: Updating jobInformation list
2009-05-05 19:55 - JobOrganizer - INFO: Updating jobInformation list
2009-05-05 19:57 - JobOrganizer - INFO: Updating jobInformation list
2009-05-05 19:59 - JobOrganizer - INFO: Updating jobInformation list
2009-05-05 20:01 - JobOrganizer - INFO: Updating jobInformation list
2009-05-05 20:03 - JobOrganizer - INFO: Updating jobInformation list
2009-05-05 20:05 - JobOrganizer - INFO: Updating jobInformation list
2009-05-05 20:07 - JobOrganizer - INFO: Updating jobInformation list
2009-05-05 20:09 - JobOrganizer - INFO: Updating jobInformation list
2009-05-05 20:11 - JobOrganizer - INFO: Updating jobInformation list
2009-05-05 20:13 - JobOrganizer - INFO: Updating jobInformation list
2009-05-05 20:15 - JobOrganizer - INFO: Updating jobInformation list
2009-05-05 20:17 - JobOrganizer - INFO: Updating jobInformation list
2009-05-05 20:19 - JobOrganizer - INFO: Updating jobInformation list
2009-05-05 20:21 - JobOrganizer - INFO: Updating jobInformation list
2009-05-05 20:23 - JobOrganizer - INFO: Updating jobInformation list
2009-05-05 20:25 - JobOrganizer - INFO: Updating jobInformation list
2009-05-05 20:27 - JobOrganizer - INFO: Updating jobInformation list
2009-05-05 20:29 - JobOrganizer - INFO: Updating jobInformation list
2009-05-05 20:31 - JobOrganizer - INFO: Updating jobInformation list
2009-05-05 20:33 - JobOrganizer - INFO: Updating jobInformation list
2009-05-05 20:35 - JobOrganizer - INFO: Updating jobInformation list
2009-05-05 20:37 - JobOrganizer - INFO: Updating jobInformation list
2009-05-05 20:39 - JobOrganizer - INFO: Updating jobInformation list
2009-05-05 20:41 - JobOrganizer - INFO: Updating jobInformation list
2009-05-05 20:43 - JobOrganizer - INFO: Updating jobInformation list
2009-05-05 20:45 - JobOrganizer - INFO: Updating jobInformation list
2009-05-05 20:47 - JobOrganizer - INFO: Updating jobInformation list
2009-05-05 20:49 - JobOrganizer - INFO: Updating jobInformation list
2009-05-05 20:51 - JobOrganizer - INFO: Updating jobInformation list
2009-05-05 20:53 - JobOrganizer - INFO: Updating jobInformation list
2009-05-05 20:55 - JobOrganizer - INFO: Updating jobInformation list
2009-05-05 20:57 - JobOrganizer - INFO: Updating jobInformation list
2009-05-05 20:59 - JobOrganizer - INFO: Updating jobInformation list
2009-05-05 21:01 - JobOrganizer - INFO: Updating jobInformation list
2009-05-05 21:03 - JobOrganizer - INFO: Updating jobInformation list
2009-05-05 21:05 - JobOrganizer - INFO: Updating jobInformation list
2009-05-05 21:07 - JobOrganizer - INFO: Updating jobInformation list
2009-05-05 21:09 - JobOrganizer - INFO: Updating jobInformation list
2009-05-05 21:11 - JobOrganizer - INFO: Updating jobInformation list
2009-05-05 21:13 - JobOrganizer - INFO: Updating jobInformation list
2009-05-05 21:15 - JobOrganizer - INFO: Updating jobInformation list
2009-05-05 21:17 - JobOrganizer - INFO: Updating jobInformation list
2009-05-05 21:19 - JobOrganizer - INFO: Updating jobInformation list
2009-05-05 21:21 - JobOrganizer - INFO: Updating jobInformation list
2009-05-05 21:23 - JobOrganizer - INFO: Updating jobInformation list
2009-05-05 21:25 - JobOrganizer - INFO: Updating jobInformation list
2009-05-05 21:27 - JobOrganizer - INFO: Updating jobInformation list
2009-05-05 21:29 - JobOrganizer - INFO: Updating jobInformation list
2009-05-05 21:31 - JobOrganizer - INFO: Updating jobInformation list
2009-05-05 21:34 - JobOrganizer - INFO: Updating jobInformation list
2009-05-05 21:36 - JobOrganizer - INFO: Updating jobInformation list
2009-05-05 21:38 - JobOrganizer - INFO: Updating jobInformation list
2009-05-05 21:40 - JobOrganizer - INFO: Updating jobInformation list
2009-05-05 21:42 - JobOrganizer - INFO: Updating jobInformation list
2009-05-05 21:44 - JobOrganizer - INFO: Updating jobInformation list
2009-05-05 21:46 - JobOrganizer - INFO: Updating jobInformation list
2009-05-05 21:48 - JobOrganizer - INFO: Updating jobInformation list
2009-05-05 21:50 - JobOrganizer - INFO: Updating jobInformation list
2009-05-05 21:52 - JobOrganizer - INFO: Updating jobInformation list
2009-05-05 21:54 - JobOrganizer - INFO: Updating jobInformation list
2009-05-05 21:56 - JobOrganizer - INFO: Updating jobInformation list
2009-05-05 21:58 - JobOrganizer - INFO: Updating jobInformation list
2009-05-05 22:00 - JobOrganizer - INFO: Updating jobInformation list
2009-05-05 22:02 - JobOrganizer - INFO: Updating jobInformation list
2009-05-05 22:04 - JobOrganizer - INFO: Updating jobInformation list
2009-05-05 22:06 - JobOrganizer - INFO: Updating jobInformation list
2009-05-05 22:08 - JobOrganizer - INFO: Updating jobInformation list
2009-05-05 22:10 - JobOrganizer - INFO: Updating jobInformation list
2009-05-05 22:12 - JobOrganizer - INFO: Updating jobInformation list
2009-05-05 22:14 - JobOrganizer - INFO: Updating jobInformation list
2009-05-05 22:16 - JobOrganizer - INFO: Updating jobInformation list
2009-05-05 22:18 - JobOrganizer - INFO: Updating jobInformation list
2009-05-05 22:20 - JobOrganizer - INFO: Updating jobInformation list
2009-05-05 22:22 - JobOrganizer - INFO: Updating jobInformation list
2009-05-05 22:24 - JobOrganizer - INFO: Updating jobInformation list
2009-05-05 22:26 - JobOrganizer - INFO: Updating jobInformation list
2009-05-05 22:28 - JobOrganizer - INFO: Updating jobInformation list
2009-05-05 22:30 - JobOrganizer - INFO: Updating jobInformation list
2009-05-05 22:32 - JobOrganizer - INFO: Updating jobInformation list
2009-05-05 22:34 - JobOrganizer - INFO: Updating jobInformation list
2009-05-05 22:36 - JobOrganizer - INFO: Updating jobInformation list
2009-05-05 22:38 - JobOrganizer - INFO: Updating jobInformation list
2009-05-05 22:40 - JobOrganizer - INFO: Updating jobInformation list
2009-05-05 22:42 - JobOrganizer - INFO: Updating jobInformation list
2009-05-05 22:44 - JobOrganizer - INFO: Updating jobInformation list
2009-05-05 22:46 - JobOrganizer - INFO: Updating jobInformation list
2009-05-05 22:48 - JobOrganizer - INFO: Updating jobInformation list
2009-05-05 22:50 - JobOrganizer - INFO: Updating jobInformation list
2009-05-05 22:52 - JobOrganizer - INFO: Updating jobInformation list
2009-05-05 22:54 - JobOrganizer - INFO: Updating jobInformation list
2009-05-05 22:56 - JobOrganizer - INFO: Updating jobInformation list
2009-05-05 22:58 - JobOrganizer - INFO: Updating jobInformation list
2009-05-05 23:00 - JobOrganizer - INFO: Updating jobInformation list
2009-05-05 23:02 - JobOrganizer - INFO: Updating jobInformation list
2009-05-05 23:04 - JobOrganizer - INFO: Updating jobInformation list
2009-05-05 23:06 - JobOrganizer - INFO: Updating jobInformation list
2009-05-05 23:08 - JobOrganizer - INFO: Updating jobInformation list
2009-05-05 23:10 - JobOrganizer - INFO: Updating jobInformation list
2009-05-05 23:12 - JobOrganizer - INFO: Updating jobInformation list
2009-05-05 23:14 - JobOrganizer - INFO: Updating jobInformation list
2009-05-05 23:16 - JobOrganizer - INFO: Updating jobInformation list
2009-05-05 23:18 - JobOrganizer - INFO: Updating jobInformation list
2009-05-05 23:20 - JobOrganizer - INFO: Updating jobInformation list
2009-05-05 23:22 - JobOrganizer - INFO: Updating jobInformation list
2009-05-05 23:24 - JobOrganizer - INFO: Updating jobInformation list
2009-05-05 23:26 - JobOrganizer - INFO: Updating jobInformation list
2009-05-05 23:28 - JobOrganizer - INFO: Updating jobInformation list
2009-05-05 23:30 - JobOrganizer - INFO: Updating jobInformation list
2009-05-05 23:32 - JobOrganizer - INFO: Updating jobInformation list
2009-05-05 23:34 - JobOrganizer - INFO: Updating jobInformation list
2009-05-05 23:36 - JobOrganizer - INFO: Updating jobInformation list
2009-05-05 23:38 - JobOrganizer - INFO: Updating jobInformation list
2009-05-05 23:40 - JobOrganizer - INFO: Updating jobInformation list
2009-05-05 23:42 - JobOrganizer - INFO: Updating jobInformation list
2009-05-05 23:44 - JobOrganizer - INFO: Updating jobInformation list
2009-05-05 23:46 - JobOrganizer - INFO: Updating jobInformation list
2009-05-05 23:48 - JobOrganizer - INFO: Updating jobInformation list
2009-05-05 23:50 - JobOrganizer - INFO: Updating jobInformation list
2009-05-05 23:52 - JobOrganizer - INFO: Updating jobInformation list
2009-05-05 23:54 - JobOrganizer - INFO: Updating jobInformation list
2009-05-05 23:56 - JobOrganizer - INFO: Updating jobInformation list
2009-05-05 23:58 - JobOrganizer - INFO: Updating jobInformation list
2009-05-06 00:00 - JobOrganizer - INFO: Updating jobInformation list
