2009-05-14 00:01 - JobOrganizer - INFO: ========================================
2009-05-14 00:01 - JobOrganizer - INFO: JobOrganizer in init
2009-05-14 00:01 - JobOrganizer - INFO: init file JobOrganizerConfig.py was found
2009-05-14 00:01 - JobOrganizer - INFO: retrieveing Db parameters from JobOrganizerConfig.py file
2009-05-14 00:01 - JobOrganizer - INFO: creating job configurations from JobOrganizerConfig.py file
2009-05-14 00:01 - JobOrganizer - INFO: JobOrganizer initialized
2009-05-14 00:01 - JobOrganizer - INFO: ========================================
2009-05-14 00:03 - JobOrganizer - INFO: Updating jobInformation list
2009-05-14 00:05 - JobOrganizer - INFO: Updating jobInformation list
2009-05-14 00:07 - JobOrganizer - INFO: Updating jobInformation list
2009-05-14 00:09 - JobOrganizer - INFO: Updating jobInformation list
2009-05-14 00:11 - JobOrganizer - INFO: Updating jobInformation list
2009-05-14 00:13 - JobOrganizer - INFO: Updating jobInformation list
2009-05-14 00:15 - JobOrganizer - INFO: Updating jobInformation list
2009-05-14 00:17 - JobOrganizer - INFO: Updating jobInformation list
2009-05-14 00:19 - JobOrganizer - INFO: Updating jobInformation list
2009-05-14 00:21 - JobOrganizer - INFO: Updating jobInformation list
2009-05-14 00:23 - JobOrganizer - INFO: Updating jobInformation list
2009-05-14 00:25 - JobOrganizer - INFO: Updating jobInformation list
2009-05-14 00:27 - JobOrganizer - INFO: Updating jobInformation list
2009-05-14 00:29 - JobOrganizer - INFO: Updating jobInformation list
2009-05-14 00:31 - JobOrganizer - INFO: Updating jobInformation list
2009-05-14 00:33 - JobOrganizer - INFO: Updating jobInformation list
2009-05-14 00:35 - JobOrganizer - INFO: Updating jobInformation list
2009-05-14 00:37 - JobOrganizer - INFO: Updating jobInformation list
2009-05-14 00:39 - JobOrganizer - INFO: Updating jobInformation list
2009-05-14 00:42 - JobOrganizer - INFO: Updating jobInformation list
2009-05-14 00:44 - JobOrganizer - INFO: Updating jobInformation list
2009-05-14 00:46 - JobOrganizer - INFO: Updating jobInformation list
2009-05-14 00:48 - JobOrganizer - INFO: Updating jobInformation list
2009-05-14 00:50 - JobOrganizer - INFO: Updating jobInformation list
2009-05-14 00:52 - JobOrganizer - INFO: Updating jobInformation list
2009-05-14 00:54 - JobOrganizer - INFO: Updating jobInformation list
2009-05-14 00:56 - JobOrganizer - INFO: Updating jobInformation list
2009-05-14 00:58 - JobOrganizer - INFO: Updating jobInformation list
2009-05-14 01:00 - JobOrganizer - INFO: Updating jobInformation list
2009-05-14 01:02 - JobOrganizer - INFO: Updating jobInformation list
2009-05-14 01:04 - JobOrganizer - INFO: Updating jobInformation list
2009-05-14 01:06 - JobOrganizer - INFO: Updating jobInformation list
2009-05-14 01:08 - JobOrganizer - INFO: Updating jobInformation list
2009-05-14 01:10 - JobOrganizer - INFO: Updating jobInformation list
2009-05-14 01:12 - JobOrganizer - INFO: Updating jobInformation list
2009-05-14 01:14 - JobOrganizer - INFO: Updating jobInformation list
2009-05-14 01:16 - JobOrganizer - INFO: Updating jobInformation list
2009-05-14 01:18 - JobOrganizer - INFO: Updating jobInformation list
2009-05-14 01:20 - JobOrganizer - INFO: Updating jobInformation list
2009-05-14 01:22 - JobOrganizer - INFO: Updating jobInformation list
2009-05-14 01:24 - JobOrganizer - INFO: Updating jobInformation list
2009-05-14 01:26 - JobOrganizer - INFO: Updating jobInformation list
2009-05-14 01:28 - JobOrganizer - INFO: Updating jobInformation list
2009-05-14 01:30 - JobOrganizer - INFO: Updating jobInformation list
2009-05-14 01:32 - JobOrganizer - INFO: Updating jobInformation list
2009-05-14 01:34 - JobOrganizer - INFO: Updating jobInformation list
2009-05-14 01:36 - JobOrganizer - INFO: Updating jobInformation list
2009-05-14 01:38 - JobOrganizer - INFO: Updating jobInformation list
2009-05-14 01:40 - JobOrganizer - INFO: Updating jobInformation list
2009-05-14 01:42 - JobOrganizer - INFO: Updating jobInformation list
2009-05-14 01:44 - JobOrganizer - INFO: Updating jobInformation list
2009-05-14 01:46 - JobOrganizer - INFO: Updating jobInformation list
2009-05-14 01:48 - JobOrganizer - INFO: Updating jobInformation list
2009-05-14 01:50 - JobOrganizer - INFO: Updating jobInformation list
2009-05-14 01:52 - JobOrganizer - INFO: Updating jobInformation list
2009-05-14 01:54 - JobOrganizer - INFO: Updating jobInformation list
2009-05-14 01:56 - JobOrganizer - INFO: Updating jobInformation list
2009-05-14 01:58 - JobOrganizer - INFO: Updating jobInformation list
2009-05-14 02:00 - JobOrganizer - INFO: Updating jobInformation list
2009-05-14 02:02 - JobOrganizer - INFO: Updating jobInformation list
2009-05-14 02:04 - JobOrganizer - INFO: Updating jobInformation list
2009-05-14 02:06 - JobOrganizer - INFO: Updating jobInformation list
2009-05-14 02:08 - JobOrganizer - INFO: Updating jobInformation list
2009-05-14 02:10 - JobOrganizer - INFO: Updating jobInformation list
2009-05-14 02:12 - JobOrganizer - INFO: Updating jobInformation list
2009-05-14 02:14 - JobOrganizer - INFO: Updating jobInformation list
2009-05-14 02:16 - JobOrganizer - INFO: Updating jobInformation list
2009-05-14 02:18 - JobOrganizer - INFO: Updating jobInformation list
2009-05-14 02:20 - JobOrganizer - INFO: Updating jobInformation list
2009-05-14 02:22 - JobOrganizer - INFO: Updating jobInformation list
2009-05-14 02:24 - JobOrganizer - INFO: Updating jobInformation list
2009-05-14 02:26 - JobOrganizer - INFO: Updating jobInformation list
2009-05-14 02:28 - JobOrganizer - INFO: Updating jobInformation list
2009-05-14 02:30 - JobOrganizer - INFO: Updating jobInformation list
2009-05-14 02:32 - JobOrganizer - INFO: Updating jobInformation list
2009-05-14 02:34 - JobOrganizer - INFO: Updating jobInformation list
2009-05-14 02:36 - JobOrganizer - INFO: Updating jobInformation list
2009-05-14 02:38 - JobOrganizer - INFO: Updating jobInformation list
2009-05-14 02:40 - JobOrganizer - INFO: Updating jobInformation list
2009-05-14 02:42 - JobOrganizer - INFO: Updating jobInformation list
2009-05-14 02:44 - JobOrganizer - INFO: Updating jobInformation list
2009-05-14 02:46 - JobOrganizer - INFO: Updating jobInformation list
2009-05-14 02:48 - JobOrganizer - INFO: Updating jobInformation list
2009-05-14 02:50 - JobOrganizer - INFO: Updating jobInformation list
2009-05-14 02:52 - JobOrganizer - INFO: Updating jobInformation list
2009-05-14 02:54 - JobOrganizer - INFO: Updating jobInformation list
2009-05-14 02:56 - JobOrganizer - INFO: Updating jobInformation list
2009-05-14 02:58 - JobOrganizer - INFO: Updating jobInformation list
2009-05-14 03:00 - JobOrganizer - INFO: Updating jobInformation list
2009-05-14 03:02 - JobOrganizer - INFO: Updating jobInformation list
2009-05-14 03:04 - JobOrganizer - INFO: Updating jobInformation list
2009-05-14 03:06 - JobOrganizer - INFO: Updating jobInformation list
2009-05-14 03:08 - JobOrganizer - INFO: Updating jobInformation list
2009-05-14 03:10 - JobOrganizer - INFO: Updating jobInformation list
2009-05-14 03:12 - JobOrganizer - INFO: Updating jobInformation list
2009-05-14 03:14 - JobOrganizer - INFO: Updating jobInformation list
2009-05-14 03:16 - JobOrganizer - INFO: Updating jobInformation list
2009-05-14 03:18 - JobOrganizer - INFO: Updating jobInformation list
2009-05-14 03:20 - JobOrganizer - INFO: Updating jobInformation list
2009-05-14 03:22 - JobOrganizer - INFO: Updating jobInformation list
2009-05-14 03:24 - JobOrganizer - INFO: Updating jobInformation list
2009-05-14 03:26 - JobOrganizer - INFO: Updating jobInformation list
2009-05-14 03:28 - JobOrganizer - INFO: Updating jobInformation list
2009-05-14 03:30 - JobOrganizer - INFO: Updating jobInformation list
2009-05-14 03:32 - JobOrganizer - INFO: Updating jobInformation list
2009-05-14 03:34 - JobOrganizer - INFO: Updating jobInformation list
2009-05-14 03:36 - JobOrganizer - INFO: Updating jobInformation list
2009-05-14 03:38 - JobOrganizer - INFO: Updating jobInformation list
2009-05-14 03:40 - JobOrganizer - INFO: Updating jobInformation list
2009-05-14 03:42 - JobOrganizer - INFO: Updating jobInformation list
2009-05-14 03:44 - JobOrganizer - INFO: Updating jobInformation list
2009-05-14 03:46 - JobOrganizer - INFO: Updating jobInformation list
2009-05-14 03:48 - JobOrganizer - INFO: Updating jobInformation list
2009-05-14 03:50 - JobOrganizer - INFO: Updating jobInformation list
2009-05-14 03:52 - JobOrganizer - INFO: Updating jobInformation list
2009-05-14 03:54 - JobOrganizer - INFO: Updating jobInformation list
2009-05-14 03:56 - JobOrganizer - INFO: Updating jobInformation list
2009-05-14 03:58 - JobOrganizer - INFO: Updating jobInformation list
2009-05-14 04:00 - JobOrganizer - INFO: Updating jobInformation list
2009-05-14 04:02 - JobOrganizer - INFO: Updating jobInformation list
2009-05-14 04:04 - JobOrganizer - INFO: Updating jobInformation list
2009-05-14 04:06 - JobOrganizer - INFO: Updating jobInformation list
2009-05-14 04:08 - JobOrganizer - INFO: Updating jobInformation list
2009-05-14 04:10 - JobOrganizer - INFO: Updating jobInformation list
2009-05-14 04:12 - JobOrganizer - INFO: Updating jobInformation list
2009-05-14 04:14 - JobOrganizer - INFO: Updating jobInformation list
2009-05-14 04:16 - JobOrganizer - INFO: Updating jobInformation list
2009-05-14 04:18 - JobOrganizer - INFO: Updating jobInformation list
2009-05-14 04:20 - JobOrganizer - INFO: Updating jobInformation list
2009-05-14 04:22 - JobOrganizer - INFO: Updating jobInformation list
2009-05-14 04:24 - JobOrganizer - INFO: Updating jobInformation list
2009-05-14 04:26 - JobOrganizer - INFO: Updating jobInformation list
2009-05-14 04:28 - JobOrganizer - INFO: Updating jobInformation list
2009-05-14 04:30 - JobOrganizer - INFO: Updating jobInformation list
2009-05-14 04:32 - JobOrganizer - INFO: Updating jobInformation list
2009-05-14 04:34 - JobOrganizer - INFO: Updating jobInformation list
2009-05-14 04:36 - JobOrganizer - INFO: Updating jobInformation list
2009-05-14 04:38 - JobOrganizer - INFO: Updating jobInformation list
2009-05-14 04:40 - JobOrganizer - INFO: Updating jobInformation list
2009-05-14 04:42 - JobOrganizer - INFO: Updating jobInformation list
2009-05-14 04:44 - JobOrganizer - INFO: Updating jobInformation list
2009-05-14 04:46 - JobOrganizer - INFO: Updating jobInformation list
2009-05-14 04:49 - JobOrganizer - INFO: Updating jobInformation list
2009-05-14 04:51 - JobOrganizer - INFO: Updating jobInformation list
2009-05-14 04:53 - JobOrganizer - INFO: Updating jobInformation list
2009-05-14 04:55 - JobOrganizer - INFO: Updating jobInformation list
2009-05-14 04:57 - JobOrganizer - INFO: Updating jobInformation list
2009-05-14 04:59 - JobOrganizer - INFO: Updating jobInformation list
2009-05-14 05:01 - JobOrganizer - INFO: Updating jobInformation list
2009-05-14 05:03 - JobOrganizer - INFO: Updating jobInformation list
2009-05-14 05:05 - JobOrganizer - INFO: Updating jobInformation list
2009-05-14 05:07 - JobOrganizer - INFO: Updating jobInformation list
2009-05-14 05:09 - JobOrganizer - INFO: Updating jobInformation list
2009-05-14 05:11 - JobOrganizer - INFO: Updating jobInformation list
2009-05-14 05:13 - JobOrganizer - INFO: Updating jobInformation list
2009-05-14 05:15 - JobOrganizer - INFO: Updating jobInformation list
2009-05-14 05:17 - JobOrganizer - INFO: Updating jobInformation list
2009-05-14 05:19 - JobOrganizer - INFO: Updating jobInformation list
2009-05-14 05:21 - JobOrganizer - INFO: Updating jobInformation list
2009-05-14 05:23 - JobOrganizer - INFO: Updating jobInformation list
2009-05-14 05:25 - JobOrganizer - INFO: Updating jobInformation list
2009-05-14 05:27 - JobOrganizer - INFO: Updating jobInformation list
2009-05-14 05:29 - JobOrganizer - INFO: Updating jobInformation list
2009-05-14 05:31 - JobOrganizer - INFO: Updating jobInformation list
2009-05-14 05:33 - JobOrganizer - INFO: Updating jobInformation list
2009-05-14 05:35 - JobOrganizer - INFO: Updating jobInformation list
2009-05-14 05:37 - JobOrganizer - INFO: Updating jobInformation list
2009-05-14 05:39 - JobOrganizer - INFO: Updating jobInformation list
2009-05-14 05:41 - JobOrganizer - INFO: Updating jobInformation list
2009-05-14 05:43 - JobOrganizer - INFO: Updating jobInformation list
2009-05-14 05:45 - JobOrganizer - INFO: Updating jobInformation list
2009-05-14 05:47 - JobOrganizer - INFO: Updating jobInformation list
2009-05-14 05:49 - JobOrganizer - INFO: Updating jobInformation list
2009-05-14 05:51 - JobOrganizer - INFO: Updating jobInformation list
2009-05-14 05:53 - JobOrganizer - INFO: Updating jobInformation list
2009-05-14 05:55 - JobOrganizer - INFO: Updating jobInformation list
2009-05-14 05:57 - JobOrganizer - INFO: Updating jobInformation list
2009-05-14 05:59 - JobOrganizer - INFO: Updating jobInformation list
2009-05-14 06:01 - JobOrganizer - INFO: Updating jobInformation list
2009-05-14 06:03 - JobOrganizer - INFO: Updating jobInformation list
2009-05-14 06:05 - JobOrganizer - INFO: Updating jobInformation list
2009-05-14 06:07 - JobOrganizer - INFO: Updating jobInformation list
2009-05-14 06:09 - JobOrganizer - INFO: Updating jobInformation list
2009-05-14 06:11 - JobOrganizer - INFO: Updating jobInformation list
2009-05-14 06:13 - JobOrganizer - INFO: Updating jobInformation list
2009-05-14 06:15 - JobOrganizer - INFO: Updating jobInformation list
2009-05-14 06:17 - JobOrganizer - INFO: Updating jobInformation list
2009-05-14 06:19 - JobOrganizer - INFO: Updating jobInformation list
2009-05-14 06:21 - JobOrganizer - INFO: Updating jobInformation list
2009-05-14 06:23 - JobOrganizer - INFO: Updating jobInformation list
2009-05-14 06:25 - JobOrganizer - INFO: Updating jobInformation list
2009-05-14 06:27 - JobOrganizer - INFO: Updating jobInformation list
2009-05-14 06:29 - JobOrganizer - INFO: Updating jobInformation list
2009-05-14 06:31 - JobOrganizer - INFO: Updating jobInformation list
2009-05-14 06:33 - JobOrganizer - INFO: Updating jobInformation list
2009-05-14 06:35 - JobOrganizer - INFO: Updating jobInformation list
2009-05-14 06:37 - JobOrganizer - INFO: Updating jobInformation list
2009-05-14 06:39 - JobOrganizer - INFO: Updating jobInformation list
2009-05-14 06:41 - JobOrganizer - INFO: Updating jobInformation list
2009-05-14 06:43 - JobOrganizer - INFO: Updating jobInformation list
2009-05-14 06:45 - JobOrganizer - INFO: Updating jobInformation list
2009-05-14 06:47 - JobOrganizer - INFO: Updating jobInformation list
2009-05-14 06:49 - JobOrganizer - INFO: Updating jobInformation list
2009-05-14 06:51 - JobOrganizer - INFO: Updating jobInformation list
2009-05-14 06:53 - JobOrganizer - INFO: Updating jobInformation list
2009-05-14 06:55 - JobOrganizer - INFO: Updating jobInformation list
2009-05-14 06:57 - JobOrganizer - INFO: Updating jobInformation list
2009-05-14 06:59 - JobOrganizer - INFO: Updating jobInformation list
2009-05-14 07:01 - JobOrganizer - INFO: Updating jobInformation list
2009-05-14 07:03 - JobOrganizer - INFO: Updating jobInformation list
2009-05-14 07:05 - JobOrganizer - INFO: Updating jobInformation list
2009-05-14 07:07 - JobOrganizer - INFO: Updating jobInformation list
2009-05-14 07:09 - JobOrganizer - INFO: Updating jobInformation list
2009-05-14 07:11 - JobOrganizer - INFO: Updating jobInformation list
2009-05-14 07:13 - JobOrganizer - INFO: Updating jobInformation list
2009-05-14 07:15 - JobOrganizer - INFO: Updating jobInformation list
2009-05-14 07:17 - JobOrganizer - INFO: Updating jobInformation list
2009-05-14 07:19 - JobOrganizer - INFO: Updating jobInformation list
2009-05-14 07:21 - JobOrganizer - INFO: Updating jobInformation list
2009-05-14 07:23 - JobOrganizer - INFO: Updating jobInformation list
2009-05-14 07:25 - JobOrganizer - INFO: Updating jobInformation list
2009-05-14 07:27 - JobOrganizer - INFO: Updating jobInformation list
2009-05-14 07:29 - JobOrganizer - INFO: Updating jobInformation list
2009-05-14 07:31 - JobOrganizer - INFO: Updating jobInformation list
2009-05-14 07:33 - JobOrganizer - INFO: Updating jobInformation list
2009-05-14 07:35 - JobOrganizer - INFO: Updating jobInformation list
2009-05-14 07:37 - JobOrganizer - INFO: Updating jobInformation list
2009-05-14 07:39 - JobOrganizer - INFO: Updating jobInformation list
2009-05-14 07:41 - JobOrganizer - INFO: Updating jobInformation list
2009-05-14 07:43 - JobOrganizer - INFO: Updating jobInformation list
2009-05-14 07:45 - JobOrganizer - INFO: Updating jobInformation list
2009-05-14 07:47 - JobOrganizer - INFO: Updating jobInformation list
2009-05-14 07:49 - JobOrganizer - INFO: Updating jobInformation list
2009-05-14 07:51 - JobOrganizer - INFO: Updating jobInformation list
2009-05-14 07:53 - JobOrganizer - INFO: Updating jobInformation list
2009-05-14 07:55 - JobOrganizer - INFO: Updating jobInformation list
2009-05-14 07:57 - JobOrganizer - INFO: Updating jobInformation list
2009-05-14 07:59 - JobOrganizer - INFO: Updating jobInformation list
2009-05-14 08:01 - JobOrganizer - INFO: Updating jobInformation list
2009-05-14 08:03 - JobOrganizer - INFO: Updating jobInformation list
2009-05-14 08:05 - JobOrganizer - INFO: Updating jobInformation list
2009-05-14 08:07 - JobOrganizer - INFO: Updating jobInformation list
2009-05-14 08:09 - JobOrganizer - INFO: Updating jobInformation list
2009-05-14 08:11 - JobOrganizer - INFO: Updating jobInformation list
2009-05-14 08:13 - JobOrganizer - INFO: Updating jobInformation list
2009-05-14 08:15 - JobOrganizer - INFO: Updating jobInformation list
2009-05-14 08:17 - JobOrganizer - INFO: Updating jobInformation list
2009-05-14 08:19 - JobOrganizer - INFO: Updating jobInformation list
2009-05-14 08:21 - JobOrganizer - INFO: Updating jobInformation list
2009-05-14 08:23 - JobOrganizer - INFO: Updating jobInformation list
2009-05-14 08:25 - JobOrganizer - INFO: Updating jobInformation list
2009-05-14 08:27 - JobOrganizer - INFO: Updating jobInformation list
2009-05-14 08:29 - JobOrganizer - INFO: Updating jobInformation list
2009-05-14 08:31 - JobOrganizer - INFO: Updating jobInformation list
2009-05-14 08:33 - JobOrganizer - INFO: Updating jobInformation list
2009-05-14 08:35 - JobOrganizer - INFO: Updating jobInformation list
2009-05-14 08:37 - JobOrganizer - INFO: Updating jobInformation list
2009-05-14 08:39 - JobOrganizer - INFO: Updating jobInformation list
2009-05-14 08:41 - JobOrganizer - INFO: Updating jobInformation list
2009-05-14 08:43 - JobOrganizer - INFO: Updating jobInformation list
2009-05-14 08:45 - JobOrganizer - INFO: Updating jobInformation list
2009-05-14 08:47 - JobOrganizer - INFO: Updating jobInformation list
2009-05-14 08:49 - JobOrganizer - INFO: Updating jobInformation list
2009-05-14 08:51 - JobOrganizer - INFO: Updating jobInformation list
2009-05-14 08:53 - JobOrganizer - INFO: Updating jobInformation list
2009-05-14 08:55 - JobOrganizer - INFO: Updating jobInformation list
2009-05-14 08:57 - JobOrganizer - INFO: Updating jobInformation list
2009-05-14 08:59 - JobOrganizer - INFO: Updating jobInformation list
2009-05-14 09:02 - JobOrganizer - INFO: Updating jobInformation list
2009-05-14 09:04 - JobOrganizer - INFO: Updating jobInformation list
2009-05-14 09:06 - JobOrganizer - INFO: Updating jobInformation list
2009-05-14 09:08 - JobOrganizer - INFO: Updating jobInformation list
2009-05-14 09:10 - JobOrganizer - INFO: Updating jobInformation list
2009-05-14 09:12 - JobOrganizer - INFO: Updating jobInformation list
2009-05-14 09:14 - JobOrganizer - INFO: Updating jobInformation list
2009-05-14 09:16 - JobOrganizer - INFO: Updating jobInformation list
2009-05-14 09:18 - JobOrganizer - INFO: Updating jobInformation list
2009-05-14 09:20 - JobOrganizer - INFO: Updating jobInformation list
2009-05-14 09:22 - JobOrganizer - INFO: Updating jobInformation list
2009-05-14 09:24 - JobOrganizer - INFO: Updating jobInformation list
2009-05-14 09:26 - JobOrganizer - INFO: Updating jobInformation list
2009-05-14 09:28 - JobOrganizer - INFO: Updating jobInformation list
2009-05-14 09:30 - JobOrganizer - INFO: Updating jobInformation list
2009-05-14 09:32 - JobOrganizer - INFO: Updating jobInformation list
2009-05-14 09:34 - JobOrganizer - INFO: Updating jobInformation list
2009-05-14 09:36 - JobOrganizer - INFO: Updating jobInformation list
2009-05-14 09:38 - JobOrganizer - INFO: Updating jobInformation list
2009-05-14 09:40 - JobOrganizer - INFO: Updating jobInformation list
2009-05-14 09:42 - JobOrganizer - INFO: Updating jobInformation list
2009-05-14 09:44 - JobOrganizer - INFO: Updating jobInformation list
2009-05-14 09:46 - JobOrganizer - INFO: Updating jobInformation list
2009-05-14 09:48 - JobOrganizer - INFO: Updating jobInformation list
2009-05-14 09:50 - JobOrganizer - INFO: Updating jobInformation list
2009-05-14 09:52 - JobOrganizer - INFO: Updating jobInformation list
2009-05-14 09:54 - JobOrganizer - INFO: Updating jobInformation list
2009-05-14 09:56 - JobOrganizer - INFO: Updating jobInformation list
2009-05-14 09:58 - JobOrganizer - INFO: Updating jobInformation list
2009-05-14 10:00 - JobOrganizer - INFO: Updating jobInformation list
2009-05-14 10:02 - JobOrganizer - INFO: Updating jobInformation list
2009-05-14 10:04 - JobOrganizer - INFO: Updating jobInformation list
2009-05-14 10:06 - JobOrganizer - INFO: Updating jobInformation list
2009-05-14 10:08 - JobOrganizer - INFO: Updating jobInformation list
2009-05-14 10:10 - JobOrganizer - INFO: Updating jobInformation list
2009-05-14 10:12 - JobOrganizer - INFO: Updating jobInformation list
2009-05-14 10:14 - JobOrganizer - INFO: Updating jobInformation list
2009-05-14 10:16 - JobOrganizer - INFO: Updating jobInformation list
2009-05-14 10:18 - JobOrganizer - INFO: Updating jobInformation list
2009-05-14 10:20 - JobOrganizer - INFO: Updating jobInformation list
2009-05-14 10:22 - JobOrganizer - INFO: Updating jobInformation list
2009-05-14 10:24 - JobOrganizer - INFO: Updating jobInformation list
2009-05-14 10:26 - JobOrganizer - INFO: Updating jobInformation list
2009-05-14 10:28 - JobOrganizer - INFO: Updating jobInformation list
2009-05-14 10:30 - JobOrganizer - INFO: Updating jobInformation list
2009-05-14 10:32 - JobOrganizer - INFO: Updating jobInformation list
2009-05-14 10:34 - JobOrganizer - INFO: Updating jobInformation list
2009-05-14 10:36 - JobOrganizer - INFO: Updating jobInformation list
2009-05-14 10:38 - JobOrganizer - INFO: Updating jobInformation list
2009-05-14 10:40 - JobOrganizer - INFO: Updating jobInformation list
2009-05-14 10:42 - JobOrganizer - INFO: Updating jobInformation list
2009-05-14 10:44 - JobOrganizer - INFO: Updating jobInformation list
2009-05-14 10:46 - JobOrganizer - INFO: Updating jobInformation list
2009-05-14 10:48 - JobOrganizer - INFO: Updating jobInformation list
2009-05-14 10:50 - JobOrganizer - INFO: Updating jobInformation list
2009-05-14 10:52 - JobOrganizer - INFO: Updating jobInformation list
2009-05-14 10:54 - JobOrganizer - INFO: Updating jobInformation list
2009-05-14 10:56 - JobOrganizer - INFO: Updating jobInformation list
2009-05-14 10:58 - JobOrganizer - INFO: Updating jobInformation list
2009-05-14 11:00 - JobOrganizer - INFO: Updating jobInformation list
2009-05-14 11:02 - JobOrganizer - INFO: Updating jobInformation list
2009-05-14 11:04 - JobOrganizer - INFO: Updating jobInformation list
2009-05-14 11:06 - JobOrganizer - INFO: Updating jobInformation list
2009-05-14 11:08 - JobOrganizer - INFO: Updating jobInformation list
2009-05-14 11:10 - JobOrganizer - INFO: Updating jobInformation list
2009-05-14 11:12 - JobOrganizer - INFO: Updating jobInformation list
2009-05-14 11:14 - JobOrganizer - INFO: Updating jobInformation list
2009-05-14 11:16 - JobOrganizer - INFO: Updating jobInformation list
2009-05-14 11:18 - JobOrganizer - INFO: Updating jobInformation list
2009-05-14 11:20 - JobOrganizer - INFO: Updating jobInformation list
2009-05-14 11:22 - JobOrganizer - INFO: Updating jobInformation list
2009-05-14 11:24 - JobOrganizer - INFO: Updating jobInformation list
2009-05-14 11:26 - JobOrganizer - INFO: Updating jobInformation list
2009-05-14 11:28 - JobOrganizer - INFO: Updating jobInformation list
2009-05-14 11:30 - JobOrganizer - INFO: Updating jobInformation list
2009-05-14 11:32 - JobOrganizer - INFO: Updating jobInformation list
2009-05-14 11:34 - JobOrganizer - INFO: Updating jobInformation list
2009-05-14 11:36 - JobOrganizer - INFO: Updating jobInformation list
2009-05-14 11:38 - JobOrganizer - INFO: Updating jobInformation list
2009-05-14 11:40 - JobOrganizer - INFO: Updating jobInformation list
2009-05-14 11:42 - JobOrganizer - INFO: Updating jobInformation list
2009-05-14 11:44 - JobOrganizer - INFO: Updating jobInformation list
2009-05-14 11:46 - JobOrganizer - INFO: Updating jobInformation list
2009-05-14 11:48 - JobOrganizer - INFO: Updating jobInformation list
2009-05-14 11:50 - JobOrganizer - INFO: Updating jobInformation list
2009-05-14 11:52 - JobOrganizer - INFO: Updating jobInformation list
2009-05-14 11:54 - JobOrganizer - INFO: Updating jobInformation list
2009-05-14 11:56 - JobOrganizer - INFO: Updating jobInformation list
2009-05-14 11:58 - JobOrganizer - INFO: Updating jobInformation list
2009-05-14 12:00 - JobOrganizer - INFO: Updating jobInformation list
2009-05-14 12:02 - JobOrganizer - INFO: Updating jobInformation list
2009-05-14 12:04 - JobOrganizer - INFO: Updating jobInformation list
2009-05-14 12:06 - JobOrganizer - INFO: Updating jobInformation list
2009-05-14 12:08 - JobOrganizer - INFO: Updating jobInformation list
2009-05-14 12:10 - JobOrganizer - INFO: Updating jobInformation list
2009-05-14 12:12 - JobOrganizer - INFO: Updating jobInformation list
2009-05-14 12:14 - JobOrganizer - INFO: Updating jobInformation list
2009-05-14 12:16 - JobOrganizer - INFO: Updating jobInformation list
2009-05-14 12:18 - JobOrganizer - INFO: Updating jobInformation list
2009-05-14 12:20 - JobOrganizer - INFO: Updating jobInformation list
2009-05-14 12:22 - JobOrganizer - INFO: Updating jobInformation list
2009-05-14 12:24 - JobOrganizer - INFO: Updating jobInformation list
2009-05-14 12:26 - JobOrganizer - INFO: Updating jobInformation list
2009-05-14 12:28 - JobOrganizer - INFO: Updating jobInformation list
2009-05-14 12:30 - JobOrganizer - INFO: Updating jobInformation list
2009-05-14 12:32 - JobOrganizer - INFO: Updating jobInformation list
2009-05-14 12:34 - JobOrganizer - INFO: Updating jobInformation list
2009-05-14 12:37 - JobOrganizer - INFO: Updating jobInformation list
2009-05-14 12:39 - JobOrganizer - INFO: Updating jobInformation list
2009-05-14 12:41 - JobOrganizer - INFO: Updating jobInformation list
2009-05-14 12:43 - JobOrganizer - INFO: Updating jobInformation list
2009-05-14 12:45 - JobOrganizer - INFO: Updating jobInformation list
2009-05-14 12:47 - JobOrganizer - INFO: Updating jobInformation list
2009-05-14 12:49 - JobOrganizer - INFO: Updating jobInformation list
2009-05-14 12:51 - JobOrganizer - INFO: Updating jobInformation list
2009-05-14 12:53 - JobOrganizer - INFO: Updating jobInformation list
2009-05-14 12:55 - JobOrganizer - INFO: Updating jobInformation list
2009-05-14 12:57 - JobOrganizer - INFO: Updating jobInformation list
2009-05-14 12:59 - JobOrganizer - INFO: Updating jobInformation list
2009-05-14 13:01 - JobOrganizer - INFO: Updating jobInformation list
2009-05-14 13:03 - JobOrganizer - INFO: Updating jobInformation list
2009-05-14 13:05 - JobOrganizer - INFO: Updating jobInformation list
2009-05-14 13:07 - JobOrganizer - INFO: Updating jobInformation list
2009-05-14 13:09 - JobOrganizer - INFO: Updating jobInformation list
2009-05-14 13:11 - JobOrganizer - INFO: Updating jobInformation list
2009-05-14 13:13 - JobOrganizer - INFO: Updating jobInformation list
2009-05-14 13:15 - JobOrganizer - INFO: Updating jobInformation list
2009-05-14 13:17 - JobOrganizer - INFO: Updating jobInformation list
2009-05-14 13:19 - JobOrganizer - INFO: Updating jobInformation list
2009-05-14 13:21 - JobOrganizer - INFO: Updating jobInformation list
2009-05-14 13:23 - JobOrganizer - INFO: Updating jobInformation list
2009-05-14 13:25 - JobOrganizer - INFO: Updating jobInformation list
2009-05-14 13:27 - JobOrganizer - INFO: Updating jobInformation list
2009-05-14 13:29 - JobOrganizer - INFO: Updating jobInformation list
2009-05-14 13:31 - JobOrganizer - INFO: Updating jobInformation list
2009-05-14 13:33 - JobOrganizer - INFO: Updating jobInformation list
2009-05-14 13:35 - JobOrganizer - INFO: Updating jobInformation list
2009-05-14 13:37 - JobOrganizer - INFO: Updating jobInformation list
2009-05-14 13:39 - JobOrganizer - INFO: Updating jobInformation list
2009-05-14 13:41 - JobOrganizer - INFO: Updating jobInformation list
2009-05-14 13:43 - JobOrganizer - INFO: Updating jobInformation list
2009-05-14 13:45 - JobOrganizer - INFO: Updating jobInformation list
2009-05-14 13:47 - JobOrganizer - INFO: Updating jobInformation list
2009-05-14 13:49 - JobOrganizer - INFO: Updating jobInformation list
2009-05-14 13:51 - JobOrganizer - INFO: Updating jobInformation list
2009-05-14 13:53 - JobOrganizer - INFO: Updating jobInformation list
2009-05-14 13:55 - JobOrganizer - INFO: Updating jobInformation list
2009-05-14 13:57 - JobOrganizer - INFO: Updating jobInformation list
2009-05-14 13:59 - JobOrganizer - INFO: Updating jobInformation list
2009-05-14 14:01 - JobOrganizer - INFO: Updating jobInformation list
2009-05-14 14:03 - JobOrganizer - INFO: Updating jobInformation list
2009-05-14 14:05 - JobOrganizer - INFO: Updating jobInformation list
2009-05-14 14:07 - JobOrganizer - INFO: Updating jobInformation list
2009-05-14 14:09 - JobOrganizer - INFO: Updating jobInformation list
2009-05-14 14:11 - JobOrganizer - INFO: Updating jobInformation list
2009-05-14 14:13 - JobOrganizer - INFO: Updating jobInformation list
2009-05-14 14:15 - JobOrganizer - INFO: Updating jobInformation list
2009-05-14 14:17 - JobOrganizer - INFO: Updating jobInformation list
2009-05-14 14:19 - JobOrganizer - INFO: Updating jobInformation list
2009-05-14 14:21 - JobOrganizer - INFO: Updating jobInformation list
2009-05-14 14:23 - JobOrganizer - INFO: Updating jobInformation list
2009-05-14 14:25 - JobOrganizer - INFO: Updating jobInformation list
2009-05-14 14:27 - JobOrganizer - INFO: Updating jobInformation list
2009-05-14 14:29 - JobOrganizer - INFO: Updating jobInformation list
2009-05-14 14:31 - JobOrganizer - INFO: Updating jobInformation list
2009-05-14 14:33 - JobOrganizer - INFO: Updating jobInformation list
2009-05-14 14:35 - JobOrganizer - INFO: Updating jobInformation list
2009-05-14 14:37 - JobOrganizer - INFO: Updating jobInformation list
2009-05-14 14:39 - JobOrganizer - INFO: Updating jobInformation list
2009-05-14 14:41 - JobOrganizer - INFO: Updating jobInformation list
2009-05-14 14:43 - JobOrganizer - INFO: Updating jobInformation list
2009-05-14 14:45 - JobOrganizer - INFO: Updating jobInformation list
2009-05-14 14:47 - JobOrganizer - INFO: Updating jobInformation list
2009-05-14 14:49 - JobOrganizer - INFO: Updating jobInformation list
2009-05-14 14:51 - JobOrganizer - INFO: Updating jobInformation list
2009-05-14 14:53 - JobOrganizer - INFO: Updating jobInformation list
2009-05-14 14:55 - JobOrganizer - INFO: Updating jobInformation list
2009-05-14 14:57 - JobOrganizer - INFO: Updating jobInformation list
2009-05-14 14:59 - JobOrganizer - INFO: Updating jobInformation list
2009-05-14 15:01 - JobOrganizer - INFO: Updating jobInformation list
2009-05-14 15:03 - JobOrganizer - INFO: Updating jobInformation list
2009-05-14 15:05 - JobOrganizer - INFO: Updating jobInformation list
2009-05-14 15:07 - JobOrganizer - INFO: Updating jobInformation list
2009-05-14 15:09 - JobOrganizer - INFO: Updating jobInformation list
2009-05-14 15:11 - JobOrganizer - INFO: Updating jobInformation list
2009-05-14 15:13 - JobOrganizer - INFO: Updating jobInformation list
2009-05-14 15:15 - JobOrganizer - INFO: Updating jobInformation list
2009-05-14 15:17 - JobOrganizer - INFO: Updating jobInformation list
2009-05-14 15:19 - JobOrganizer - INFO: Updating jobInformation list
2009-05-14 15:21 - JobOrganizer - INFO: Updating jobInformation list
2009-05-14 15:23 - JobOrganizer - INFO: Updating jobInformation list
2009-05-14 15:25 - JobOrganizer - INFO: Updating jobInformation list
2009-05-14 15:27 - JobOrganizer - INFO: Updating jobInformation list
2009-05-14 15:29 - JobOrganizer - INFO: Updating jobInformation list
2009-05-14 15:31 - JobOrganizer - INFO: Updating jobInformation list
2009-05-14 15:33 - JobOrganizer - INFO: Updating jobInformation list
2009-05-14 15:35 - JobOrganizer - INFO: Updating jobInformation list
2009-05-14 15:37 - JobOrganizer - INFO: Updating jobInformation list
2009-05-14 15:39 - JobOrganizer - INFO: Updating jobInformation list
2009-05-14 15:42 - JobOrganizer - INFO: Updating jobInformation list
2009-05-14 15:44 - JobOrganizer - INFO: Updating jobInformation list
2009-05-14 15:46 - JobOrganizer - INFO: Updating jobInformation list
2009-05-14 15:48 - JobOrganizer - INFO: Updating jobInformation list
2009-05-14 15:50 - JobOrganizer - INFO: Updating jobInformation list
2009-05-14 15:52 - JobOrganizer - INFO: Updating jobInformation list
2009-05-14 15:54 - JobOrganizer - INFO: Updating jobInformation list
2009-05-14 15:56 - JobOrganizer - INFO: Updating jobInformation list
2009-05-14 15:58 - JobOrganizer - INFO: Updating jobInformation list
2009-05-14 16:00 - JobOrganizer - INFO: Updating jobInformation list
2009-05-14 16:02 - JobOrganizer - INFO: Updating jobInformation list
2009-05-14 16:04 - JobOrganizer - INFO: Updating jobInformation list
2009-05-14 16:06 - JobOrganizer - INFO: Updating jobInformation list
2009-05-14 16:08 - JobOrganizer - INFO: Updating jobInformation list
2009-05-14 16:10 - JobOrganizer - INFO: Updating jobInformation list
2009-05-14 16:12 - JobOrganizer - INFO: Updating jobInformation list
2009-05-14 16:14 - JobOrganizer - INFO: Updating jobInformation list
2009-05-14 16:16 - JobOrganizer - INFO: Updating jobInformation list
2009-05-14 16:18 - JobOrganizer - INFO: Updating jobInformation list
2009-05-14 16:20 - JobOrganizer - INFO: Updating jobInformation list
2009-05-14 16:22 - JobOrganizer - INFO: Updating jobInformation list
2009-05-14 16:24 - JobOrganizer - INFO: Updating jobInformation list
2009-05-14 16:26 - JobOrganizer - INFO: Updating jobInformation list
2009-05-14 16:28 - JobOrganizer - INFO: Updating jobInformation list
2009-05-14 16:30 - JobOrganizer - INFO: Updating jobInformation list
2009-05-14 16:32 - JobOrganizer - INFO: Updating jobInformation list
2009-05-14 16:34 - JobOrganizer - INFO: Updating jobInformation list
2009-05-14 16:36 - JobOrganizer - INFO: Updating jobInformation list
2009-05-14 16:38 - JobOrganizer - INFO: Updating jobInformation list
2009-05-14 16:40 - JobOrganizer - INFO: Updating jobInformation list
2009-05-14 16:42 - JobOrganizer - INFO: Updating jobInformation list
2009-05-14 16:44 - JobOrganizer - INFO: Updating jobInformation list
2009-05-14 16:46 - JobOrganizer - INFO: Updating jobInformation list
2009-05-14 16:48 - JobOrganizer - INFO: Updating jobInformation list
2009-05-14 16:50 - JobOrganizer - INFO: Updating jobInformation list
2009-05-14 16:52 - JobOrganizer - INFO: Updating jobInformation list
2009-05-14 16:54 - JobOrganizer - INFO: Updating jobInformation list
2009-05-14 16:56 - JobOrganizer - INFO: Updating jobInformation list
2009-05-14 16:58 - JobOrganizer - INFO: Updating jobInformation list
2009-05-14 17:00 - JobOrganizer - INFO: Updating jobInformation list
2009-05-14 17:02 - JobOrganizer - INFO: Updating jobInformation list
2009-05-14 17:04 - JobOrganizer - INFO: Updating jobInformation list
2009-05-14 17:06 - JobOrganizer - INFO: Updating jobInformation list
2009-05-14 17:08 - JobOrganizer - INFO: Updating jobInformation list
2009-05-14 17:10 - JobOrganizer - INFO: Updating jobInformation list
2009-05-14 17:12 - JobOrganizer - INFO: Updating jobInformation list
2009-05-14 17:14 - JobOrganizer - INFO: Updating jobInformation list
2009-05-14 17:16 - JobOrganizer - INFO: Updating jobInformation list
2009-05-14 17:18 - JobOrganizer - INFO: Updating jobInformation list
2009-05-14 17:20 - JobOrganizer - INFO: Updating jobInformation list
2009-05-14 17:22 - JobOrganizer - INFO: Updating jobInformation list
2009-05-14 17:24 - JobOrganizer - INFO: Updating jobInformation list
2009-05-14 17:26 - JobOrganizer - INFO: Updating jobInformation list
2009-05-14 17:28 - JobOrganizer - INFO: Updating jobInformation list
2009-05-14 17:30 - JobOrganizer - INFO: Updating jobInformation list
2009-05-14 17:32 - JobOrganizer - INFO: Updating jobInformation list
2009-05-14 17:34 - JobOrganizer - INFO: Updating jobInformation list
2009-05-14 17:36 - JobOrganizer - INFO: Updating jobInformation list
2009-05-14 17:38 - JobOrganizer - INFO: Updating jobInformation list
2009-05-14 17:40 - JobOrganizer - INFO: Updating jobInformation list
2009-05-14 17:42 - JobOrganizer - INFO: Updating jobInformation list
2009-05-14 17:44 - JobOrganizer - INFO: Updating jobInformation list
2009-05-14 17:46 - JobOrganizer - INFO: Updating jobInformation list
2009-05-14 17:48 - JobOrganizer - INFO: Updating jobInformation list
2009-05-14 17:50 - JobOrganizer - INFO: Updating jobInformation list
2009-05-14 17:52 - JobOrganizer - INFO: Updating jobInformation list
2009-05-14 17:54 - JobOrganizer - INFO: Updating jobInformation list
2009-05-14 17:56 - JobOrganizer - INFO: Updating jobInformation list
2009-05-14 17:58 - JobOrganizer - INFO: Updating jobInformation list
2009-05-14 18:00 - JobOrganizer - INFO: Updating jobInformation list
2009-05-14 18:02 - JobOrganizer - INFO: Updating jobInformation list
2009-05-14 18:04 - JobOrganizer - INFO: Updating jobInformation list
2009-05-14 18:06 - JobOrganizer - INFO: Updating jobInformation list
2009-05-14 18:08 - JobOrganizer - INFO: Updating jobInformation list
2009-05-14 18:10 - JobOrganizer - INFO: Updating jobInformation list
2009-05-14 18:12 - JobOrganizer - INFO: Updating jobInformation list
2009-05-14 18:14 - JobOrganizer - INFO: Updating jobInformation list
2009-05-14 18:16 - JobOrganizer - INFO: Updating jobInformation list
2009-05-14 18:18 - JobOrganizer - INFO: Updating jobInformation list
2009-05-14 18:20 - JobOrganizer - INFO: Updating jobInformation list
2009-05-14 18:22 - JobOrganizer - INFO: Updating jobInformation list
2009-05-14 18:24 - JobOrganizer - INFO: Updating jobInformation list
2009-05-14 18:26 - JobOrganizer - INFO: Updating jobInformation list
2009-05-14 18:28 - JobOrganizer - INFO: Updating jobInformation list
2009-05-14 18:30 - JobOrganizer - INFO: Updating jobInformation list
2009-05-14 18:32 - JobOrganizer - INFO: Updating jobInformation list
2009-05-14 18:34 - JobOrganizer - INFO: Updating jobInformation list
2009-05-14 18:36 - JobOrganizer - INFO: Updating jobInformation list
2009-05-14 18:38 - JobOrganizer - INFO: Updating jobInformation list
2009-05-14 18:40 - JobOrganizer - INFO: Updating jobInformation list
2009-05-14 18:42 - JobOrganizer - INFO: Updating jobInformation list
2009-05-14 18:44 - JobOrganizer - INFO: Updating jobInformation list
2009-05-14 18:47 - JobOrganizer - INFO: Updating jobInformation list
2009-05-14 18:49 - JobOrganizer - INFO: Updating jobInformation list
2009-05-14 18:51 - JobOrganizer - INFO: Updating jobInformation list
2009-05-14 18:53 - JobOrganizer - INFO: Updating jobInformation list
2009-05-14 18:55 - JobOrganizer - INFO: Updating jobInformation list
2009-05-14 18:57 - JobOrganizer - INFO: Updating jobInformation list
2009-05-14 18:59 - JobOrganizer - INFO: Updating jobInformation list
2009-05-14 19:01 - JobOrganizer - INFO: Updating jobInformation list
2009-05-14 19:03 - JobOrganizer - INFO: Updating jobInformation list
2009-05-14 19:05 - JobOrganizer - INFO: Updating jobInformation list
2009-05-14 19:07 - JobOrganizer - INFO: Updating jobInformation list
2009-05-14 19:09 - JobOrganizer - INFO: Updating jobInformation list
2009-05-14 19:11 - JobOrganizer - INFO: Updating jobInformation list
2009-05-14 19:13 - JobOrganizer - INFO: Updating jobInformation list
2009-05-14 19:15 - JobOrganizer - INFO: Updating jobInformation list
2009-05-14 19:17 - JobOrganizer - INFO: Updating jobInformation list
2009-05-14 19:19 - JobOrganizer - INFO: Updating jobInformation list
2009-05-14 19:21 - JobOrganizer - INFO: Updating jobInformation list
2009-05-14 19:23 - JobOrganizer - INFO: Updating jobInformation list
2009-05-14 19:25 - JobOrganizer - INFO: Updating jobInformation list
2009-05-14 19:27 - JobOrganizer - INFO: Updating jobInformation list
2009-05-14 19:29 - JobOrganizer - INFO: Updating jobInformation list
2009-05-14 19:31 - JobOrganizer - INFO: Updating jobInformation list
2009-05-14 19:33 - JobOrganizer - INFO: Updating jobInformation list
2009-05-14 19:35 - JobOrganizer - INFO: Updating jobInformation list
2009-05-14 19:37 - JobOrganizer - INFO: Updating jobInformation list
2009-05-14 19:39 - JobOrganizer - INFO: Updating jobInformation list
2009-05-14 19:41 - JobOrganizer - INFO: Updating jobInformation list
2009-05-14 19:43 - JobOrganizer - INFO: Updating jobInformation list
2009-05-14 19:45 - JobOrganizer - INFO: Updating jobInformation list
2009-05-14 19:47 - JobOrganizer - INFO: Updating jobInformation list
2009-05-14 19:49 - JobOrganizer - INFO: Updating jobInformation list
2009-05-14 19:51 - JobOrganizer - INFO: Updating jobInformation list
2009-05-14 19:53 - JobOrganizer - INFO: Updating jobInformation list
2009-05-14 19:55 - JobOrganizer - INFO: Updating jobInformation list
2009-05-14 19:57 - JobOrganizer - INFO: Updating jobInformation list
2009-05-14 19:59 - JobOrganizer - INFO: Updating jobInformation list
2009-05-14 20:01 - JobOrganizer - INFO: Updating jobInformation list
2009-05-14 20:03 - JobOrganizer - INFO: Updating jobInformation list
2009-05-14 20:05 - JobOrganizer - INFO: Updating jobInformation list
2009-05-14 20:07 - JobOrganizer - INFO: Updating jobInformation list
2009-05-14 20:09 - JobOrganizer - INFO: Updating jobInformation list
2009-05-14 20:11 - JobOrganizer - INFO: Updating jobInformation list
2009-05-14 20:13 - JobOrganizer - INFO: Updating jobInformation list
2009-05-14 20:15 - JobOrganizer - INFO: Updating jobInformation list
2009-05-14 20:17 - JobOrganizer - INFO: Updating jobInformation list
2009-05-14 20:19 - JobOrganizer - INFO: Updating jobInformation list
2009-05-14 20:21 - JobOrganizer - INFO: Updating jobInformation list
2009-05-14 20:23 - JobOrganizer - INFO: Updating jobInformation list
2009-05-14 20:25 - JobOrganizer - INFO: Updating jobInformation list
2009-05-14 20:27 - JobOrganizer - INFO: Updating jobInformation list
2009-05-14 20:29 - JobOrganizer - INFO: Updating jobInformation list
2009-05-14 20:31 - JobOrganizer - INFO: Updating jobInformation list
2009-05-14 20:33 - JobOrganizer - INFO: Updating jobInformation list
2009-05-14 20:35 - JobOrganizer - INFO: Updating jobInformation list
2009-05-14 20:37 - JobOrganizer - INFO: Updating jobInformation list
2009-05-14 20:39 - JobOrganizer - INFO: Updating jobInformation list
2009-05-14 20:41 - JobOrganizer - INFO: Updating jobInformation list
2009-05-14 20:43 - JobOrganizer - INFO: Updating jobInformation list
2009-05-14 20:45 - JobOrganizer - INFO: Updating jobInformation list
2009-05-14 20:47 - JobOrganizer - INFO: Updating jobInformation list
2009-05-14 20:49 - JobOrganizer - INFO: Updating jobInformation list
2009-05-14 20:51 - JobOrganizer - INFO: Updating jobInformation list
2009-05-14 20:53 - JobOrganizer - INFO: Updating jobInformation list
2009-05-14 20:55 - JobOrganizer - INFO: Updating jobInformation list
2009-05-14 20:57 - JobOrganizer - INFO: Updating jobInformation list
2009-05-14 20:59 - JobOrganizer - INFO: Updating jobInformation list
2009-05-14 21:01 - JobOrganizer - INFO: Updating jobInformation list
2009-05-14 21:03 - JobOrganizer - INFO: Updating jobInformation list
2009-05-14 21:05 - JobOrganizer - INFO: Updating jobInformation list
2009-05-14 21:07 - JobOrganizer - INFO: Updating jobInformation list
2009-05-14 21:09 - JobOrganizer - INFO: Updating jobInformation list
2009-05-14 21:11 - JobOrganizer - INFO: Updating jobInformation list
2009-05-14 21:13 - JobOrganizer - INFO: Updating jobInformation list
2009-05-14 21:15 - JobOrganizer - INFO: Updating jobInformation list
2009-05-14 21:17 - JobOrganizer - INFO: Updating jobInformation list
2009-05-14 21:19 - JobOrganizer - INFO: Updating jobInformation list
2009-05-14 21:21 - JobOrganizer - INFO: Updating jobInformation list
2009-05-14 21:23 - JobOrganizer - INFO: Updating jobInformation list
2009-05-14 21:25 - JobOrganizer - INFO: Updating jobInformation list
2009-05-14 21:27 - JobOrganizer - INFO: Updating jobInformation list
2009-05-14 21:29 - JobOrganizer - INFO: Updating jobInformation list
2009-05-14 21:31 - JobOrganizer - INFO: Updating jobInformation list
2009-05-14 21:33 - JobOrganizer - INFO: Updating jobInformation list
2009-05-14 21:35 - JobOrganizer - INFO: Updating jobInformation list
2009-05-14 21:37 - JobOrganizer - INFO: Updating jobInformation list
2009-05-14 21:39 - JobOrganizer - INFO: Updating jobInformation list
2009-05-14 21:41 - JobOrganizer - INFO: Updating jobInformation list
2009-05-14 21:43 - JobOrganizer - INFO: Updating jobInformation list
2009-05-14 21:45 - JobOrganizer - INFO: Updating jobInformation list
2009-05-14 21:47 - JobOrganizer - INFO: Updating jobInformation list
2009-05-14 21:49 - JobOrganizer - INFO: Updating jobInformation list
2009-05-14 21:51 - JobOrganizer - INFO: Updating jobInformation list
2009-05-14 21:53 - JobOrganizer - INFO: Updating jobInformation list
2009-05-14 21:55 - JobOrganizer - INFO: Updating jobInformation list
2009-05-14 21:57 - JobOrganizer - INFO: Updating jobInformation list
2009-05-14 21:59 - JobOrganizer - INFO: Updating jobInformation list
2009-05-14 22:01 - JobOrganizer - INFO: Updating jobInformation list
2009-05-14 22:03 - JobOrganizer - INFO: Updating jobInformation list
2009-05-14 22:05 - JobOrganizer - INFO: Updating jobInformation list
2009-05-14 22:07 - JobOrganizer - INFO: Updating jobInformation list
2009-05-14 22:09 - JobOrganizer - INFO: Updating jobInformation list
2009-05-14 22:11 - JobOrganizer - INFO: Updating jobInformation list
2009-05-14 22:13 - JobOrganizer - INFO: Updating jobInformation list
2009-05-14 22:15 - JobOrganizer - INFO: Updating jobInformation list
2009-05-14 22:17 - JobOrganizer - INFO: Updating jobInformation list
2009-05-14 22:19 - JobOrganizer - INFO: Updating jobInformation list
2009-05-14 22:22 - JobOrganizer - INFO: Updating jobInformation list
2009-05-14 22:24 - JobOrganizer - INFO: Updating jobInformation list
2009-05-14 22:26 - JobOrganizer - INFO: Updating jobInformation list
2009-05-14 22:28 - JobOrganizer - INFO: Updating jobInformation list
2009-05-14 22:30 - JobOrganizer - INFO: Updating jobInformation list
2009-05-14 22:32 - JobOrganizer - INFO: Updating jobInformation list
2009-05-14 22:34 - JobOrganizer - INFO: Updating jobInformation list
2009-05-14 22:36 - JobOrganizer - INFO: Updating jobInformation list
2009-05-14 22:38 - JobOrganizer - INFO: Updating jobInformation list
2009-05-14 22:40 - JobOrganizer - INFO: Updating jobInformation list
2009-05-14 22:42 - JobOrganizer - INFO: Updating jobInformation list
2009-05-14 22:44 - JobOrganizer - INFO: Updating jobInformation list
2009-05-14 22:46 - JobOrganizer - INFO: Updating jobInformation list
2009-05-14 22:48 - JobOrganizer - INFO: Updating jobInformation list
2009-05-14 22:50 - JobOrganizer - INFO: Updating jobInformation list
2009-05-14 22:52 - JobOrganizer - INFO: Updating jobInformation list
2009-05-14 22:54 - JobOrganizer - INFO: Updating jobInformation list
2009-05-14 22:56 - JobOrganizer - INFO: Updating jobInformation list
2009-05-14 22:58 - JobOrganizer - INFO: Updating jobInformation list
2009-05-14 23:00 - JobOrganizer - INFO: Updating jobInformation list
2009-05-14 23:02 - JobOrganizer - INFO: Updating jobInformation list
2009-05-14 23:04 - JobOrganizer - INFO: Updating jobInformation list
2009-05-14 23:06 - JobOrganizer - INFO: Updating jobInformation list
2009-05-14 23:08 - JobOrganizer - INFO: Updating jobInformation list
2009-05-14 23:10 - JobOrganizer - INFO: Updating jobInformation list
2009-05-14 23:12 - JobOrganizer - INFO: Updating jobInformation list
2009-05-14 23:14 - JobOrganizer - INFO: Updating jobInformation list
2009-05-14 23:16 - JobOrganizer - INFO: Updating jobInformation list
2009-05-14 23:18 - JobOrganizer - INFO: Updating jobInformation list
2009-05-14 23:20 - JobOrganizer - INFO: Updating jobInformation list
2009-05-14 23:22 - JobOrganizer - INFO: Updating jobInformation list
2009-05-14 23:24 - JobOrganizer - INFO: Updating jobInformation list
2009-05-14 23:26 - JobOrganizer - INFO: Updating jobInformation list
2009-05-14 23:28 - JobOrganizer - INFO: Updating jobInformation list
2009-05-14 23:30 - JobOrganizer - INFO: Updating jobInformation list
2009-05-14 23:32 - JobOrganizer - INFO: Updating jobInformation list
2009-05-14 23:34 - JobOrganizer - INFO: Updating jobInformation list
2009-05-14 23:36 - JobOrganizer - INFO: Updating jobInformation list
2009-05-14 23:38 - JobOrganizer - INFO: Updating jobInformation list
2009-05-14 23:40 - JobOrganizer - INFO: Updating jobInformation list
2009-05-14 23:42 - JobOrganizer - INFO: Updating jobInformation list
2009-05-14 23:44 - JobOrganizer - INFO: Updating jobInformation list
2009-05-14 23:46 - JobOrganizer - INFO: Updating jobInformation list
2009-05-14 23:48 - JobOrganizer - INFO: Updating jobInformation list
2009-05-14 23:50 - JobOrganizer - INFO: Updating jobInformation list
2009-05-14 23:52 - JobOrganizer - INFO: Updating jobInformation list
2009-05-14 23:54 - JobOrganizer - INFO: Updating jobInformation list
2009-05-14 23:56 - JobOrganizer - INFO: Updating jobInformation list
2009-05-14 23:58 - JobOrganizer - INFO: Updating jobInformation list
2009-05-15 00:00 - JobOrganizer - INFO: Updating jobInformation list
