2009-04-27 00:01 - JobOrganizer - INFO: ========================================
2009-04-27 00:01 - JobOrganizer - INFO: JobOrganizer in init
2009-04-27 00:01 - JobOrganizer - INFO: init file JobOrganizerConfig.py was found
2009-04-27 00:01 - JobOrganizer - INFO: retrieveing Db parameters from JobOrganizerConfig.py file
2009-04-27 00:01 - JobOrganizer - INFO: creating job configurations from JobOrganizerConfig.py file
2009-04-27 00:01 - JobOrganizer - INFO: JobOrganizer initialized
2009-04-27 00:01 - JobOrganizer - INFO: ========================================
2009-04-27 00:03 - JobOrganizer - INFO: Updating jobInformation list
2009-04-27 00:05 - JobOrganizer - INFO: Updating jobInformation list
2009-04-27 00:07 - JobOrganizer - INFO: Updating jobInformation list
2009-04-27 00:09 - JobOrganizer - INFO: Updating jobInformation list
2009-04-27 00:11 - JobOrganizer - INFO: Updating jobInformation list
2009-04-27 00:13 - JobOrganizer - INFO: Updating jobInformation list
2009-04-27 00:15 - JobOrganizer - INFO: Updating jobInformation list
2009-04-27 00:17 - JobOrganizer - INFO: Updating jobInformation list
2009-04-27 00:19 - JobOrganizer - INFO: Updating jobInformation list
2009-04-27 00:21 - JobOrganizer - INFO: Updating jobInformation list
2009-04-27 00:23 - JobOrganizer - INFO: Updating jobInformation list
2009-04-27 00:25 - JobOrganizer - INFO: Updating jobInformation list
2009-04-27 00:27 - JobOrganizer - INFO: Updating jobInformation list
2009-04-27 00:29 - JobOrganizer - INFO: Updating jobInformation list
2009-04-27 00:31 - JobOrganizer - INFO: Updating jobInformation list
2009-04-27 00:33 - JobOrganizer - INFO: Updating jobInformation list
2009-04-27 00:35 - JobOrganizer - INFO: Updating jobInformation list
2009-04-27 00:37 - JobOrganizer - INFO: Updating jobInformation list
2009-04-27 00:39 - JobOrganizer - INFO: Updating jobInformation list
2009-04-27 00:41 - JobOrganizer - INFO: Updating jobInformation list
2009-04-27 00:43 - JobOrganizer - INFO: Updating jobInformation list
2009-04-27 00:45 - JobOrganizer - INFO: Updating jobInformation list
2009-04-27 00:47 - JobOrganizer - INFO: Updating jobInformation list
2009-04-27 00:49 - JobOrganizer - INFO: Updating jobInformation list
2009-04-27 00:51 - JobOrganizer - INFO: Updating jobInformation list
2009-04-27 00:53 - JobOrganizer - INFO: Updating jobInformation list
2009-04-27 00:55 - JobOrganizer - INFO: Updating jobInformation list
2009-04-27 00:57 - JobOrganizer - INFO: Updating jobInformation list
2009-04-27 00:59 - JobOrganizer - INFO: Updating jobInformation list
2009-04-27 01:01 - JobOrganizer - INFO: Updating jobInformation list
2009-04-27 01:03 - JobOrganizer - INFO: Updating jobInformation list
2009-04-27 01:05 - JobOrganizer - INFO: Updating jobInformation list
2009-04-27 01:07 - JobOrganizer - INFO: Updating jobInformation list
2009-04-27 01:09 - JobOrganizer - INFO: Updating jobInformation list
2009-04-27 01:11 - JobOrganizer - INFO: Updating jobInformation list
2009-04-27 01:13 - JobOrganizer - INFO: Updating jobInformation list
2009-04-27 01:15 - JobOrganizer - INFO: Updating jobInformation list
2009-04-27 01:17 - JobOrganizer - INFO: Updating jobInformation list
2009-04-27 01:19 - JobOrganizer - INFO: Updating jobInformation list
2009-04-27 01:21 - JobOrganizer - INFO: Updating jobInformation list
2009-04-27 01:23 - JobOrganizer - INFO: Updating jobInformation list
2009-04-27 01:25 - JobOrganizer - INFO: Updating jobInformation list
2009-04-27 01:27 - JobOrganizer - INFO: Updating jobInformation list
2009-04-27 01:29 - JobOrganizer - INFO: Updating jobInformation list
2009-04-27 01:31 - JobOrganizer - INFO: Updating jobInformation list
2009-04-27 01:33 - JobOrganizer - INFO: Updating jobInformation list
2009-04-27 01:35 - JobOrganizer - INFO: Updating jobInformation list
2009-04-27 01:37 - JobOrganizer - INFO: Updating jobInformation list
2009-04-27 01:39 - JobOrganizer - INFO: Updating jobInformation list
2009-04-27 01:41 - JobOrganizer - INFO: Updating jobInformation list
2009-04-27 01:43 - JobOrganizer - INFO: Updating jobInformation list
2009-04-27 01:45 - JobOrganizer - INFO: Updating jobInformation list
2009-04-27 01:48 - JobOrganizer - INFO: Updating jobInformation list
2009-04-27 01:50 - JobOrganizer - INFO: Updating jobInformation list
2009-04-27 01:52 - JobOrganizer - INFO: Updating jobInformation list
2009-04-27 01:54 - JobOrganizer - INFO: Updating jobInformation list
2009-04-27 01:56 - JobOrganizer - INFO: Updating jobInformation list
2009-04-27 01:58 - JobOrganizer - INFO: Updating jobInformation list
2009-04-27 02:00 - JobOrganizer - INFO: Updating jobInformation list
2009-04-27 02:02 - JobOrganizer - INFO: Updating jobInformation list
2009-04-27 02:04 - JobOrganizer - INFO: Updating jobInformation list
2009-04-27 02:06 - JobOrganizer - INFO: Updating jobInformation list
2009-04-27 02:08 - JobOrganizer - INFO: Updating jobInformation list
2009-04-27 02:10 - JobOrganizer - INFO: Updating jobInformation list
2009-04-27 02:12 - JobOrganizer - INFO: Updating jobInformation list
2009-04-27 02:14 - JobOrganizer - INFO: Updating jobInformation list
2009-04-27 02:16 - JobOrganizer - INFO: Updating jobInformation list
2009-04-27 02:18 - JobOrganizer - INFO: Updating jobInformation list
2009-04-27 02:20 - JobOrganizer - INFO: Updating jobInformation list
2009-04-27 02:22 - JobOrganizer - INFO: Updating jobInformation list
2009-04-27 02:24 - JobOrganizer - INFO: Updating jobInformation list
2009-04-27 02:26 - JobOrganizer - INFO: Updating jobInformation list
2009-04-27 02:28 - JobOrganizer - INFO: Updating jobInformation list
2009-04-27 02:30 - JobOrganizer - INFO: Updating jobInformation list
2009-04-27 02:32 - JobOrganizer - INFO: Updating jobInformation list
2009-04-27 02:34 - JobOrganizer - INFO: Updating jobInformation list
2009-04-27 02:36 - JobOrganizer - INFO: Updating jobInformation list
2009-04-27 02:38 - JobOrganizer - INFO: Updating jobInformation list
2009-04-27 02:40 - JobOrganizer - INFO: Updating jobInformation list
2009-04-27 02:42 - JobOrganizer - INFO: Updating jobInformation list
2009-04-27 02:44 - JobOrganizer - INFO: Updating jobInformation list
2009-04-27 02:46 - JobOrganizer - INFO: Updating jobInformation list
2009-04-27 02:48 - JobOrganizer - INFO: Updating jobInformation list
2009-04-27 02:50 - JobOrganizer - INFO: Updating jobInformation list
2009-04-27 02:52 - JobOrganizer - INFO: Updating jobInformation list
2009-04-27 02:54 - JobOrganizer - INFO: Updating jobInformation list
2009-04-27 02:56 - JobOrganizer - INFO: Updating jobInformation list
2009-04-27 02:58 - JobOrganizer - INFO: Updating jobInformation list
2009-04-27 03:00 - JobOrganizer - INFO: Updating jobInformation list
2009-04-27 03:02 - JobOrganizer - INFO: Updating jobInformation list
2009-04-27 03:04 - JobOrganizer - INFO: Updating jobInformation list
2009-04-27 03:06 - JobOrganizer - INFO: Updating jobInformation list
2009-04-27 03:08 - JobOrganizer - INFO: Updating jobInformation list
2009-04-27 03:10 - JobOrganizer - INFO: Updating jobInformation list
2009-04-27 03:12 - JobOrganizer - INFO: Updating jobInformation list
2009-04-27 03:14 - JobOrganizer - INFO: Updating jobInformation list
2009-04-27 03:16 - JobOrganizer - INFO: Updating jobInformation list
2009-04-27 03:18 - JobOrganizer - INFO: Updating jobInformation list
2009-04-27 03:20 - JobOrganizer - INFO: Updating jobInformation list
2009-04-27 03:22 - JobOrganizer - INFO: Updating jobInformation list
2009-04-27 03:24 - JobOrganizer - INFO: Updating jobInformation list
2009-04-27 03:26 - JobOrganizer - INFO: Updating jobInformation list
2009-04-27 03:28 - JobOrganizer - INFO: Updating jobInformation list
2009-04-27 03:30 - JobOrganizer - INFO: Updating jobInformation list
2009-04-27 03:32 - JobOrganizer - INFO: Updating jobInformation list
2009-04-27 03:34 - JobOrganizer - INFO: Updating jobInformation list
2009-04-27 03:36 - JobOrganizer - INFO: Updating jobInformation list
2009-04-27 03:38 - JobOrganizer - INFO: Updating jobInformation list
2009-04-27 03:40 - JobOrganizer - INFO: Updating jobInformation list
2009-04-27 03:42 - JobOrganizer - INFO: Updating jobInformation list
2009-04-27 03:44 - JobOrganizer - INFO: Updating jobInformation list
2009-04-27 03:46 - JobOrganizer - INFO: Updating jobInformation list
2009-04-27 03:48 - JobOrganizer - INFO: Updating jobInformation list
2009-04-27 03:50 - JobOrganizer - INFO: Updating jobInformation list
2009-04-27 03:52 - JobOrganizer - INFO: Updating jobInformation list
2009-04-27 03:54 - JobOrganizer - INFO: Updating jobInformation list
2009-04-27 03:56 - JobOrganizer - INFO: Updating jobInformation list
2009-04-27 03:58 - JobOrganizer - INFO: Updating jobInformation list
2009-04-27 04:00 - JobOrganizer - INFO: Updating jobInformation list
2009-04-27 04:02 - JobOrganizer - INFO: Updating jobInformation list
2009-04-27 04:04 - JobOrganizer - INFO: Updating jobInformation list
2009-04-27 04:06 - JobOrganizer - INFO: Updating jobInformation list
2009-04-27 04:09 - JobOrganizer - INFO: Updating jobInformation list
2009-04-27 04:11 - JobOrganizer - INFO: Updating jobInformation list
2009-04-27 04:13 - JobOrganizer - INFO: Updating jobInformation list
2009-04-27 04:16 - JobOrganizer - INFO: Updating jobInformation list
2009-04-27 04:18 - JobOrganizer - INFO: Updating jobInformation list
2009-04-27 04:20 - JobOrganizer - INFO: Updating jobInformation list
2009-04-27 04:22 - JobOrganizer - INFO: Updating jobInformation list
2009-04-27 04:24 - JobOrganizer - INFO: Updating jobInformation list
2009-04-27 04:26 - JobOrganizer - INFO: Updating jobInformation list
2009-04-27 04:28 - JobOrganizer - INFO: Updating jobInformation list
2009-04-27 04:30 - JobOrganizer - INFO: Updating jobInformation list
2009-04-27 04:32 - JobOrganizer - INFO: Updating jobInformation list
2009-04-27 04:34 - JobOrganizer - INFO: Updating jobInformation list
2009-04-27 04:36 - JobOrganizer - INFO: Updating jobInformation list
2009-04-27 04:38 - JobOrganizer - INFO: Updating jobInformation list
2009-04-27 04:40 - JobOrganizer - INFO: Updating jobInformation list
2009-04-27 04:42 - JobOrganizer - INFO: Updating jobInformation list
2009-04-27 04:44 - JobOrganizer - INFO: Updating jobInformation list
2009-04-27 04:46 - JobOrganizer - INFO: Updating jobInformation list
2009-04-27 04:48 - JobOrganizer - INFO: Updating jobInformation list
2009-04-27 04:50 - JobOrganizer - INFO: Updating jobInformation list
2009-04-27 04:52 - JobOrganizer - INFO: Updating jobInformation list
2009-04-27 04:54 - JobOrganizer - INFO: Updating jobInformation list
2009-04-27 04:56 - JobOrganizer - INFO: Updating jobInformation list
2009-04-27 04:58 - JobOrganizer - INFO: Updating jobInformation list
2009-04-27 05:00 - JobOrganizer - INFO: Updating jobInformation list
2009-04-27 05:02 - JobOrganizer - INFO: Updating jobInformation list
2009-04-27 05:04 - JobOrganizer - INFO: Updating jobInformation list
2009-04-27 05:06 - JobOrganizer - INFO: Updating jobInformation list
2009-04-27 05:08 - JobOrganizer - INFO: Updating jobInformation list
2009-04-27 05:10 - JobOrganizer - INFO: Updating jobInformation list
2009-04-27 05:12 - JobOrganizer - INFO: Updating jobInformation list
2009-04-27 05:14 - JobOrganizer - INFO: Updating jobInformation list
2009-04-27 05:16 - JobOrganizer - INFO: Updating jobInformation list
2009-04-27 05:18 - JobOrganizer - INFO: Updating jobInformation list
2009-04-27 05:20 - JobOrganizer - INFO: Updating jobInformation list
2009-04-27 05:22 - JobOrganizer - INFO: Updating jobInformation list
2009-04-27 05:24 - JobOrganizer - INFO: Updating jobInformation list
2009-04-27 05:26 - JobOrganizer - INFO: Updating jobInformation list
2009-04-27 05:28 - JobOrganizer - INFO: Updating jobInformation list
2009-04-27 05:31 - JobOrganizer - INFO: Updating jobInformation list
2009-04-27 05:33 - JobOrganizer - INFO: Updating jobInformation list
2009-04-27 05:35 - JobOrganizer - INFO: Updating jobInformation list
2009-04-27 05:37 - JobOrganizer - INFO: Updating jobInformation list
2009-04-27 05:39 - JobOrganizer - INFO: Updating jobInformation list
2009-04-27 05:41 - JobOrganizer - INFO: Updating jobInformation list
2009-04-27 05:43 - JobOrganizer - INFO: Updating jobInformation list
2009-04-27 05:45 - JobOrganizer - INFO: Updating jobInformation list
2009-04-27 05:47 - JobOrganizer - INFO: Updating jobInformation list
2009-04-27 05:49 - JobOrganizer - INFO: Updating jobInformation list
2009-04-27 05:51 - JobOrganizer - INFO: Updating jobInformation list
2009-04-27 05:53 - JobOrganizer - INFO: Updating jobInformation list
2009-04-27 05:55 - JobOrganizer - INFO: Updating jobInformation list
2009-04-27 05:57 - JobOrganizer - INFO: Updating jobInformation list
2009-04-27 05:59 - JobOrganizer - INFO: Updating jobInformation list
2009-04-27 06:01 - JobOrganizer - INFO: Updating jobInformation list
2009-04-27 06:03 - JobOrganizer - INFO: Updating jobInformation list
2009-04-27 06:05 - JobOrganizer - INFO: Updating jobInformation list
2009-04-27 06:07 - JobOrganizer - INFO: Updating jobInformation list
2009-04-27 06:09 - JobOrganizer - INFO: Updating jobInformation list
2009-04-27 06:11 - JobOrganizer - INFO: Updating jobInformation list
2009-04-27 06:13 - JobOrganizer - INFO: Updating jobInformation list
2009-04-27 06:15 - JobOrganizer - INFO: Updating jobInformation list
2009-04-27 06:17 - JobOrganizer - INFO: Updating jobInformation list
2009-04-27 06:19 - JobOrganizer - INFO: Updating jobInformation list
2009-04-27 06:21 - JobOrganizer - INFO: Updating jobInformation list
2009-04-27 06:23 - JobOrganizer - INFO: Updating jobInformation list
2009-04-27 06:25 - JobOrganizer - INFO: Updating jobInformation list
2009-04-27 06:27 - JobOrganizer - INFO: Updating jobInformation list
2009-04-27 06:29 - JobOrganizer - INFO: Updating jobInformation list
2009-04-27 06:31 - JobOrganizer - INFO: Updating jobInformation list
2009-04-27 06:33 - JobOrganizer - INFO: Updating jobInformation list
2009-04-27 06:35 - JobOrganizer - INFO: Updating jobInformation list
2009-04-27 06:37 - JobOrganizer - INFO: Updating jobInformation list
2009-04-27 06:39 - JobOrganizer - INFO: Updating jobInformation list
2009-04-27 06:41 - JobOrganizer - INFO: Updating jobInformation list
2009-04-27 06:43 - JobOrganizer - INFO: Updating jobInformation list
2009-04-27 06:45 - JobOrganizer - INFO: Updating jobInformation list
2009-04-27 06:47 - JobOrganizer - INFO: Updating jobInformation list
2009-04-27 06:49 - JobOrganizer - INFO: Updating jobInformation list
2009-04-27 06:51 - JobOrganizer - INFO: Updating jobInformation list
2009-04-27 06:53 - JobOrganizer - INFO: Updating jobInformation list
2009-04-27 06:55 - JobOrganizer - INFO: Updating jobInformation list
2009-04-27 06:57 - JobOrganizer - INFO: Updating jobInformation list
2009-04-27 06:59 - JobOrganizer - INFO: Updating jobInformation list
2009-04-27 07:01 - JobOrganizer - INFO: Updating jobInformation list
2009-04-27 07:03 - JobOrganizer - INFO: Updating jobInformation list
2009-04-27 07:05 - JobOrganizer - INFO: Updating jobInformation list
2009-04-27 07:07 - JobOrganizer - INFO: Updating jobInformation list
2009-04-27 07:09 - JobOrganizer - INFO: Updating jobInformation list
2009-04-27 07:11 - JobOrganizer - INFO: Updating jobInformation list
2009-04-27 07:13 - JobOrganizer - INFO: Updating jobInformation list
2009-04-27 07:15 - JobOrganizer - INFO: Updating jobInformation list
2009-04-27 07:17 - JobOrganizer - INFO: Updating jobInformation list
2009-04-27 07:19 - JobOrganizer - INFO: Updating jobInformation list
2009-04-27 07:21 - JobOrganizer - INFO: Updating jobInformation list
2009-04-27 07:23 - JobOrganizer - INFO: Updating jobInformation list
2009-04-27 07:25 - JobOrganizer - INFO: Updating jobInformation list
2009-04-27 07:27 - JobOrganizer - INFO: Updating jobInformation list
2009-04-27 07:30 - JobOrganizer - INFO: Updating jobInformation list
2009-04-27 07:32 - JobOrganizer - INFO: Updating jobInformation list
2009-04-27 07:34 - JobOrganizer - INFO: Updating jobInformation list
2009-04-27 07:36 - JobOrganizer - INFO: Updating jobInformation list
2009-04-27 07:38 - JobOrganizer - INFO: Updating jobInformation list
2009-04-27 07:40 - JobOrganizer - INFO: Updating jobInformation list
2009-04-27 07:42 - JobOrganizer - INFO: Updating jobInformation list
2009-04-27 07:44 - JobOrganizer - INFO: Updating jobInformation list
2009-04-27 07:46 - JobOrganizer - INFO: Updating jobInformation list
2009-04-27 07:48 - JobOrganizer - INFO: Updating jobInformation list
2009-04-27 07:50 - JobOrganizer - INFO: Updating jobInformation list
2009-04-27 07:52 - JobOrganizer - INFO: Updating jobInformation list
2009-04-27 07:54 - JobOrganizer - INFO: Updating jobInformation list
2009-04-27 07:56 - JobOrganizer - INFO: Updating jobInformation list
2009-04-27 07:58 - JobOrganizer - INFO: Updating jobInformation list
2009-04-27 08:00 - JobOrganizer - INFO: Updating jobInformation list
2009-04-27 08:02 - JobOrganizer - INFO: Updating jobInformation list
2009-04-27 08:04 - JobOrganizer - INFO: Updating jobInformation list
2009-04-27 08:06 - JobOrganizer - INFO: Updating jobInformation list
2009-04-27 08:08 - JobOrganizer - INFO: Updating jobInformation list
2009-04-27 08:10 - JobOrganizer - INFO: Updating jobInformation list
2009-04-27 08:12 - JobOrganizer - INFO: Updating jobInformation list
2009-04-27 08:14 - JobOrganizer - INFO: Updating jobInformation list
2009-04-27 08:16 - JobOrganizer - INFO: Updating jobInformation list
2009-04-27 08:19 - JobOrganizer - INFO: Updating jobInformation list
2009-04-27 08:21 - JobOrganizer - INFO: Updating jobInformation list
2009-04-27 08:23 - JobOrganizer - INFO: Updating jobInformation list
2009-04-27 08:25 - JobOrganizer - INFO: Updating jobInformation list
2009-04-27 08:27 - JobOrganizer - INFO: Updating jobInformation list
2009-04-27 08:29 - JobOrganizer - INFO: Updating jobInformation list
2009-04-27 08:31 - JobOrganizer - INFO: Updating jobInformation list
2009-04-27 08:33 - JobOrganizer - INFO: Updating jobInformation list
2009-04-27 08:35 - JobOrganizer - INFO: Updating jobInformation list
2009-04-27 08:37 - JobOrganizer - INFO: Updating jobInformation list
2009-04-27 08:39 - JobOrganizer - INFO: Updating jobInformation list
2009-04-27 08:41 - JobOrganizer - INFO: Updating jobInformation list
2009-04-27 08:43 - JobOrganizer - INFO: Updating jobInformation list
2009-04-27 08:45 - JobOrganizer - INFO: Updating jobInformation list
2009-04-27 08:47 - JobOrganizer - INFO: Updating jobInformation list
2009-04-27 08:49 - JobOrganizer - INFO: Updating jobInformation list
2009-04-27 08:51 - JobOrganizer - INFO: Updating jobInformation list
2009-04-27 08:53 - JobOrganizer - INFO: Updating jobInformation list
2009-04-27 08:55 - JobOrganizer - INFO: Updating jobInformation list
2009-04-27 08:57 - JobOrganizer - INFO: Updating jobInformation list
2009-04-27 08:59 - JobOrganizer - INFO: Updating jobInformation list
2009-04-27 09:01 - JobOrganizer - INFO: Updating jobInformation list
2009-04-27 09:03 - JobOrganizer - INFO: Updating jobInformation list
2009-04-27 09:05 - JobOrganizer - INFO: Updating jobInformation list
2009-04-27 09:07 - JobOrganizer - INFO: Updating jobInformation list
2009-04-27 09:09 - JobOrganizer - INFO: Updating jobInformation list
2009-04-27 09:11 - JobOrganizer - INFO: Updating jobInformation list
2009-04-27 09:13 - JobOrganizer - INFO: Updating jobInformation list
2009-04-27 09:15 - JobOrganizer - INFO: Updating jobInformation list
2009-04-27 09:17 - JobOrganizer - INFO: Updating jobInformation list
2009-04-27 09:19 - JobOrganizer - INFO: Updating jobInformation list
2009-04-27 09:21 - JobOrganizer - INFO: Updating jobInformation list
2009-04-27 09:23 - JobOrganizer - INFO: Updating jobInformation list
2009-04-27 09:25 - JobOrganizer - INFO: Updating jobInformation list
2009-04-27 09:27 - JobOrganizer - INFO: Updating jobInformation list
2009-04-27 09:29 - JobOrganizer - INFO: Updating jobInformation list
2009-04-27 09:31 - JobOrganizer - INFO: Updating jobInformation list
2009-04-27 09:33 - JobOrganizer - INFO: Updating jobInformation list
2009-04-27 09:35 - JobOrganizer - INFO: Updating jobInformation list
2009-04-27 09:37 - JobOrganizer - INFO: Updating jobInformation list
2009-04-27 09:39 - JobOrganizer - INFO: Updating jobInformation list
2009-04-27 09:41 - JobOrganizer - INFO: Updating jobInformation list
2009-04-27 09:43 - JobOrganizer - INFO: Updating jobInformation list
2009-04-27 09:45 - JobOrganizer - INFO: Updating jobInformation list
2009-04-27 09:47 - JobOrganizer - INFO: Updating jobInformation list
2009-04-27 09:49 - JobOrganizer - INFO: Updating jobInformation list
2009-04-27 09:51 - JobOrganizer - INFO: Updating jobInformation list
2009-04-27 09:53 - JobOrganizer - INFO: Updating jobInformation list
2009-04-27 09:55 - JobOrganizer - INFO: Updating jobInformation list
2009-04-27 09:57 - JobOrganizer - INFO: Updating jobInformation list
2009-04-27 10:00 - JobOrganizer - INFO: Updating jobInformation list
2009-04-27 10:02 - JobOrganizer - INFO: Updating jobInformation list
2009-04-27 10:04 - JobOrganizer - INFO: Updating jobInformation list
2009-04-27 10:06 - JobOrganizer - INFO: Updating jobInformation list
2009-04-27 10:08 - JobOrganizer - INFO: Updating jobInformation list
2009-04-27 10:10 - JobOrganizer - INFO: Updating jobInformation list
2009-04-27 10:12 - JobOrganizer - INFO: Updating jobInformation list
2009-04-27 10:14 - JobOrganizer - INFO: Updating jobInformation list
2009-04-27 10:16 - JobOrganizer - INFO: Updating jobInformation list
2009-04-27 10:18 - JobOrganizer - INFO: Updating jobInformation list
2009-04-27 10:20 - JobOrganizer - INFO: Updating jobInformation list
2009-04-27 10:22 - JobOrganizer - INFO: Updating jobInformation list
2009-04-27 10:24 - JobOrganizer - INFO: Updating jobInformation list
2009-04-27 10:26 - JobOrganizer - INFO: Updating jobInformation list
2009-04-27 10:28 - JobOrganizer - INFO: Updating jobInformation list
2009-04-27 10:30 - JobOrganizer - INFO: Updating jobInformation list
2009-04-27 10:32 - JobOrganizer - INFO: Updating jobInformation list
2009-04-27 10:34 - JobOrganizer - INFO: Updating jobInformation list
2009-04-27 10:36 - JobOrganizer - INFO: Updating jobInformation list
2009-04-27 10:38 - JobOrganizer - INFO: Updating jobInformation list
2009-04-27 10:40 - JobOrganizer - INFO: Updating jobInformation list
2009-04-27 10:42 - JobOrganizer - INFO: Updating jobInformation list
2009-04-27 10:44 - JobOrganizer - INFO: Updating jobInformation list
2009-04-27 10:46 - JobOrganizer - INFO: Updating jobInformation list
2009-04-27 10:48 - JobOrganizer - INFO: Updating jobInformation list
2009-04-27 10:50 - JobOrganizer - INFO: Updating jobInformation list
2009-04-27 10:52 - JobOrganizer - INFO: Updating jobInformation list
2009-04-27 10:54 - JobOrganizer - INFO: Updating jobInformation list
2009-04-27 10:56 - JobOrganizer - INFO: Updating jobInformation list
2009-04-27 10:59 - JobOrganizer - INFO: Updating jobInformation list
2009-04-27 11:01 - JobOrganizer - INFO: Updating jobInformation list
2009-04-27 11:03 - JobOrganizer - INFO: Updating jobInformation list
2009-04-27 11:05 - JobOrganizer - INFO: Updating jobInformation list
2009-04-27 11:07 - JobOrganizer - INFO: Updating jobInformation list
2009-04-27 11:09 - JobOrganizer - INFO: Updating jobInformation list
2009-04-27 11:11 - JobOrganizer - INFO: Updating jobInformation list
2009-04-27 11:13 - JobOrganizer - INFO: Updating jobInformation list
2009-04-27 11:15 - JobOrganizer - INFO: Updating jobInformation list
2009-04-27 11:17 - JobOrganizer - INFO: Updating jobInformation list
2009-04-27 11:19 - JobOrganizer - INFO: Updating jobInformation list
2009-04-27 11:21 - JobOrganizer - INFO: Updating jobInformation list
2009-04-27 11:23 - JobOrganizer - INFO: Updating jobInformation list
2009-04-27 11:25 - JobOrganizer - INFO: Updating jobInformation list
2009-04-27 11:27 - JobOrganizer - INFO: Updating jobInformation list
2009-04-27 11:29 - JobOrganizer - INFO: Updating jobInformation list
2009-04-27 11:31 - JobOrganizer - INFO: Updating jobInformation list
2009-04-27 11:33 - JobOrganizer - INFO: Updating jobInformation list
2009-04-27 11:35 - JobOrganizer - INFO: Updating jobInformation list
2009-04-27 11:37 - JobOrganizer - INFO: Updating jobInformation list
2009-04-27 11:39 - JobOrganizer - INFO: Updating jobInformation list
2009-04-27 11:41 - JobOrganizer - INFO: Updating jobInformation list
2009-04-27 11:43 - JobOrganizer - INFO: Updating jobInformation list
2009-04-27 11:45 - JobOrganizer - INFO: Updating jobInformation list
2009-04-27 11:47 - JobOrganizer - INFO: Updating jobInformation list
2009-04-27 11:49 - JobOrganizer - INFO: Updating jobInformation list
2009-04-27 11:51 - JobOrganizer - INFO: Updating jobInformation list
2009-04-27 11:53 - JobOrganizer - INFO: Updating jobInformation list
2009-04-27 11:55 - JobOrganizer - INFO: Updating jobInformation list
2009-04-27 11:57 - JobOrganizer - INFO: Updating jobInformation list
2009-04-27 11:59 - JobOrganizer - INFO: Updating jobInformation list
2009-04-27 12:01 - JobOrganizer - INFO: Updating jobInformation list
2009-04-27 12:03 - JobOrganizer - INFO: Updating jobInformation list
2009-04-27 12:05 - JobOrganizer - INFO: Updating jobInformation list
2009-04-27 12:07 - JobOrganizer - INFO: Updating jobInformation list
2009-04-27 12:09 - JobOrganizer - INFO: Updating jobInformation list
2009-04-27 12:11 - JobOrganizer - INFO: Updating jobInformation list
2009-04-27 12:13 - JobOrganizer - INFO: Updating jobInformation list
2009-04-27 12:15 - JobOrganizer - INFO: Updating jobInformation list
2009-04-27 12:17 - JobOrganizer - INFO: Updating jobInformation list
2009-04-27 12:19 - JobOrganizer - INFO: Updating jobInformation list
2009-04-27 12:21 - JobOrganizer - INFO: Updating jobInformation list
2009-04-27 12:23 - JobOrganizer - INFO: Updating jobInformation list
2009-04-27 12:25 - JobOrganizer - INFO: Updating jobInformation list
2009-04-27 12:28 - JobOrganizer - INFO: Updating jobInformation list
2009-04-27 12:30 - JobOrganizer - INFO: Updating jobInformation list
2009-04-27 12:32 - JobOrganizer - INFO: Updating jobInformation list
2009-04-27 12:34 - JobOrganizer - INFO: Updating jobInformation list
2009-04-27 12:36 - JobOrganizer - INFO: Updating jobInformation list
2009-04-27 12:38 - JobOrganizer - INFO: Updating jobInformation list
2009-04-27 12:40 - JobOrganizer - INFO: Updating jobInformation list
2009-04-27 12:42 - JobOrganizer - INFO: Updating jobInformation list
2009-04-27 12:44 - JobOrganizer - INFO: Updating jobInformation list
2009-04-27 12:46 - JobOrganizer - INFO: Updating jobInformation list
2009-04-27 12:48 - JobOrganizer - INFO: Updating jobInformation list
2009-04-27 12:50 - JobOrganizer - INFO: Updating jobInformation list
2009-04-27 12:52 - JobOrganizer - INFO: Updating jobInformation list
2009-04-27 12:54 - JobOrganizer - INFO: Updating jobInformation list
2009-04-27 12:56 - JobOrganizer - INFO: Updating jobInformation list
2009-04-27 12:58 - JobOrganizer - INFO: Updating jobInformation list
2009-04-27 13:00 - JobOrganizer - INFO: Updating jobInformation list
2009-04-27 13:02 - JobOrganizer - INFO: Updating jobInformation list
2009-04-27 13:04 - JobOrganizer - INFO: Updating jobInformation list
2009-04-27 13:06 - JobOrganizer - INFO: Updating jobInformation list
2009-04-27 13:08 - JobOrganizer - INFO: Updating jobInformation list
2009-04-27 13:10 - JobOrganizer - INFO: Updating jobInformation list
2009-04-27 13:12 - JobOrganizer - INFO: Updating jobInformation list
2009-04-27 13:14 - JobOrganizer - INFO: Updating jobInformation list
2009-04-27 13:16 - JobOrganizer - INFO: Updating jobInformation list
2009-04-27 13:18 - JobOrganizer - INFO: Updating jobInformation list
2009-04-27 13:20 - JobOrganizer - INFO: Updating jobInformation list
2009-04-27 13:22 - JobOrganizer - INFO: Updating jobInformation list
2009-04-27 13:24 - JobOrganizer - INFO: Updating jobInformation list
2009-04-27 13:26 - JobOrganizer - INFO: Updating jobInformation list
2009-04-27 13:28 - JobOrganizer - INFO: Updating jobInformation list
2009-04-27 13:30 - JobOrganizer - INFO: Updating jobInformation list
2009-04-27 13:32 - JobOrganizer - INFO: Updating jobInformation list
2009-04-27 13:34 - JobOrganizer - INFO: Updating jobInformation list
2009-04-27 13:36 - JobOrganizer - INFO: Updating jobInformation list
2009-04-27 13:38 - JobOrganizer - INFO: Updating jobInformation list
2009-04-27 13:40 - JobOrganizer - INFO: Updating jobInformation list
2009-04-27 13:42 - JobOrganizer - INFO: Updating jobInformation list
2009-04-27 13:44 - JobOrganizer - INFO: Updating jobInformation list
2009-04-27 13:46 - JobOrganizer - INFO: Updating jobInformation list
2009-04-27 13:48 - JobOrganizer - INFO: Updating jobInformation list
2009-04-27 13:50 - JobOrganizer - INFO: Updating jobInformation list
2009-04-27 13:52 - JobOrganizer - INFO: Updating jobInformation list
2009-04-27 13:54 - JobOrganizer - INFO: Updating jobInformation list
2009-04-27 13:56 - JobOrganizer - INFO: Updating jobInformation list
2009-04-27 13:58 - JobOrganizer - INFO: Updating jobInformation list
2009-04-27 14:00 - JobOrganizer - INFO: Updating jobInformation list
2009-04-27 14:02 - JobOrganizer - INFO: Updating jobInformation list
2009-04-27 14:04 - JobOrganizer - INFO: Updating jobInformation list
2009-04-27 14:06 - JobOrganizer - INFO: Updating jobInformation list
2009-04-27 14:08 - JobOrganizer - INFO: Updating jobInformation list
2009-04-27 14:10 - JobOrganizer - INFO: Updating jobInformation list
2009-04-27 14:12 - JobOrganizer - INFO: Updating jobInformation list
2009-04-27 14:14 - JobOrganizer - INFO: Updating jobInformation list
2009-04-27 14:16 - JobOrganizer - INFO: Updating jobInformation list
2009-04-27 14:18 - JobOrganizer - INFO: Updating jobInformation list
2009-04-27 14:20 - JobOrganizer - INFO: Updating jobInformation list
2009-04-27 14:22 - JobOrganizer - INFO: Updating jobInformation list
2009-04-27 14:24 - JobOrganizer - INFO: Updating jobInformation list
2009-04-27 14:26 - JobOrganizer - INFO: Updating jobInformation list
2009-04-27 14:28 - JobOrganizer - INFO: Updating jobInformation list
2009-04-27 14:30 - JobOrganizer - INFO: Updating jobInformation list
2009-04-27 14:32 - JobOrganizer - INFO: Updating jobInformation list
2009-04-27 14:34 - JobOrganizer - INFO: Updating jobInformation list
2009-04-27 14:36 - JobOrganizer - INFO: Updating jobInformation list
2009-04-27 14:38 - JobOrganizer - INFO: Updating jobInformation list
2009-04-27 14:40 - JobOrganizer - INFO: Updating jobInformation list
2009-04-27 14:42 - JobOrganizer - INFO: Updating jobInformation list
2009-04-27 14:44 - JobOrganizer - INFO: Updating jobInformation list
2009-04-27 14:46 - JobOrganizer - INFO: Updating jobInformation list
2009-04-27 14:48 - JobOrganizer - INFO: Updating jobInformation list
2009-04-27 14:50 - JobOrganizer - INFO: Updating jobInformation list
2009-04-27 14:52 - JobOrganizer - INFO: Updating jobInformation list
2009-04-27 14:54 - JobOrganizer - INFO: Updating jobInformation list
2009-04-27 14:56 - JobOrganizer - INFO: Updating jobInformation list
2009-04-27 14:58 - JobOrganizer - INFO: Updating jobInformation list
2009-04-27 15:00 - JobOrganizer - INFO: Updating jobInformation list
2009-04-27 15:02 - JobOrganizer - INFO: Updating jobInformation list
2009-04-27 15:04 - JobOrganizer - INFO: Updating jobInformation list
2009-04-27 15:06 - JobOrganizer - INFO: Updating jobInformation list
2009-04-27 15:08 - JobOrganizer - INFO: Updating jobInformation list
2009-04-27 15:10 - JobOrganizer - INFO: Updating jobInformation list
2009-04-27 15:12 - JobOrganizer - INFO: Updating jobInformation list
2009-04-27 15:14 - JobOrganizer - INFO: Updating jobInformation list
2009-04-27 15:16 - JobOrganizer - INFO: Updating jobInformation list
2009-04-27 15:18 - JobOrganizer - INFO: Updating jobInformation list
2009-04-27 15:20 - JobOrganizer - INFO: Updating jobInformation list
2009-04-27 15:22 - JobOrganizer - INFO: Updating jobInformation list
2009-04-27 15:24 - JobOrganizer - INFO: Updating jobInformation list
2009-04-27 15:27 - JobOrganizer - INFO: Updating jobInformation list
2009-04-27 15:29 - JobOrganizer - INFO: Updating jobInformation list
2009-04-27 15:31 - JobOrganizer - INFO: Updating jobInformation list
2009-04-27 15:33 - JobOrganizer - INFO: Updating jobInformation list
2009-04-27 15:35 - JobOrganizer - INFO: Updating jobInformation list
2009-04-27 15:37 - JobOrganizer - INFO: Updating jobInformation list
2009-04-27 15:39 - JobOrganizer - INFO: Updating jobInformation list
2009-04-27 15:41 - JobOrganizer - INFO: Updating jobInformation list
2009-04-27 15:43 - JobOrganizer - INFO: Updating jobInformation list
2009-04-27 15:45 - JobOrganizer - INFO: Updating jobInformation list
2009-04-27 15:47 - JobOrganizer - INFO: Updating jobInformation list
2009-04-27 15:49 - JobOrganizer - INFO: Updating jobInformation list
