2009-06-04 00:01 - JobOrganizer - INFO: ========================================
2009-06-04 00:01 - JobOrganizer - INFO: JobOrganizer in init
2009-06-04 00:01 - JobOrganizer - INFO: init file JobOrganizerConfig.py was found
2009-06-04 00:01 - JobOrganizer - INFO: retrieveing Db parameters from JobOrganizerConfig.py file
2009-06-04 00:01 - JobOrganizer - INFO: creating job configurations from JobOrganizerConfig.py file
2009-06-04 00:01 - JobOrganizer - INFO: JobOrganizer initialized
2009-06-04 00:01 - JobOrganizer - INFO: ========================================
2009-06-04 00:03 - JobOrganizer - INFO: Updating jobInformation list
2009-06-04 00:05 - JobOrganizer - INFO: Updating jobInformation list
2009-06-04 00:07 - JobOrganizer - INFO: Updating jobInformation list
2009-06-04 00:09 - JobOrganizer - INFO: Updating jobInformation list
2009-06-04 00:11 - JobOrganizer - INFO: Updating jobInformation list
2009-06-04 00:13 - JobOrganizer - INFO: Updating jobInformation list
2009-06-04 00:15 - JobOrganizer - INFO: Updating jobInformation list
2009-06-04 00:17 - JobOrganizer - INFO: Updating jobInformation list
2009-06-04 00:19 - JobOrganizer - INFO: Updating jobInformation list
2009-06-04 00:21 - JobOrganizer - INFO: Updating jobInformation list
2009-06-04 00:23 - JobOrganizer - INFO: Updating jobInformation list
2009-06-04 00:25 - JobOrganizer - INFO: Updating jobInformation list
2009-06-04 00:27 - JobOrganizer - INFO: Updating jobInformation list
2009-06-04 00:29 - JobOrganizer - INFO: Updating jobInformation list
2009-06-04 00:31 - JobOrganizer - INFO: Updating jobInformation list
2009-06-04 00:33 - JobOrganizer - INFO: Updating jobInformation list
2009-06-04 00:35 - JobOrganizer - INFO: Updating jobInformation list
2009-06-04 00:37 - JobOrganizer - INFO: Updating jobInformation list
2009-06-04 00:39 - JobOrganizer - INFO: Updating jobInformation list
2009-06-04 00:41 - JobOrganizer - INFO: Updating jobInformation list
2009-06-04 00:43 - JobOrganizer - INFO: Updating jobInformation list
2009-06-04 00:45 - JobOrganizer - INFO: Updating jobInformation list
2009-06-04 00:47 - JobOrganizer - INFO: Updating jobInformation list
2009-06-04 00:49 - JobOrganizer - INFO: Updating jobInformation list
2009-06-04 00:51 - JobOrganizer - INFO: Updating jobInformation list
2009-06-04 00:53 - JobOrganizer - INFO: Updating jobInformation list
2009-06-04 00:55 - JobOrganizer - INFO: Updating jobInformation list
2009-06-04 00:57 - JobOrganizer - INFO: Updating jobInformation list
2009-06-04 00:59 - JobOrganizer - INFO: Updating jobInformation list
2009-06-04 01:01 - JobOrganizer - INFO: Updating jobInformation list
2009-06-04 01:03 - JobOrganizer - INFO: Updating jobInformation list
2009-06-04 01:05 - JobOrganizer - INFO: Updating jobInformation list
2009-06-04 01:07 - JobOrganizer - INFO: Updating jobInformation list
2009-06-04 01:09 - JobOrganizer - INFO: Updating jobInformation list
2009-06-04 01:11 - JobOrganizer - INFO: Updating jobInformation list
2009-06-04 01:13 - JobOrganizer - INFO: Updating jobInformation list
2009-06-04 01:15 - JobOrganizer - INFO: Updating jobInformation list
2009-06-04 01:17 - JobOrganizer - INFO: Updating jobInformation list
2009-06-04 01:19 - JobOrganizer - INFO: Updating jobInformation list
2009-06-04 01:21 - JobOrganizer - INFO: Updating jobInformation list
2009-06-04 01:23 - JobOrganizer - INFO: Updating jobInformation list
2009-06-04 01:25 - JobOrganizer - INFO: Updating jobInformation list
2009-06-04 01:27 - JobOrganizer - INFO: Updating jobInformation list
2009-06-04 01:29 - JobOrganizer - INFO: Updating jobInformation list
2009-06-04 01:31 - JobOrganizer - INFO: Updating jobInformation list
2009-06-04 01:33 - JobOrganizer - INFO: Updating jobInformation list
2009-06-04 01:35 - JobOrganizer - INFO: Updating jobInformation list
2009-06-04 01:37 - JobOrganizer - INFO: Updating jobInformation list
2009-06-04 01:39 - JobOrganizer - INFO: Updating jobInformation list
2009-06-04 01:41 - JobOrganizer - INFO: Updating jobInformation list
2009-06-04 01:43 - JobOrganizer - INFO: Updating jobInformation list
2009-06-04 01:45 - JobOrganizer - INFO: Updating jobInformation list
2009-06-04 01:47 - JobOrganizer - INFO: Updating jobInformation list
2009-06-04 01:49 - JobOrganizer - INFO: Updating jobInformation list
2009-06-04 01:51 - JobOrganizer - INFO: Updating jobInformation list
2009-06-04 01:53 - JobOrganizer - INFO: Updating jobInformation list
2009-06-04 01:55 - JobOrganizer - INFO: Updating jobInformation list
2009-06-04 01:57 - JobOrganizer - INFO: Updating jobInformation list
2009-06-04 01:59 - JobOrganizer - INFO: Updating jobInformation list
2009-06-04 02:01 - JobOrganizer - INFO: Updating jobInformation list
2009-06-04 02:03 - JobOrganizer - INFO: Updating jobInformation list
2009-06-04 02:05 - JobOrganizer - INFO: Updating jobInformation list
2009-06-04 02:07 - JobOrganizer - INFO: Updating jobInformation list
2009-06-04 02:09 - JobOrganizer - INFO: Updating jobInformation list
2009-06-04 02:11 - JobOrganizer - INFO: Updating jobInformation list
2009-06-04 02:13 - JobOrganizer - INFO: Updating jobInformation list
2009-06-04 02:15 - JobOrganizer - INFO: Updating jobInformation list
2009-06-04 02:17 - JobOrganizer - INFO: Updating jobInformation list
2009-06-04 02:19 - JobOrganizer - INFO: Updating jobInformation list
2009-06-04 02:21 - JobOrganizer - INFO: Updating jobInformation list
2009-06-04 02:23 - JobOrganizer - INFO: Updating jobInformation list
2009-06-04 02:25 - JobOrganizer - INFO: Updating jobInformation list
2009-06-04 02:27 - JobOrganizer - INFO: Updating jobInformation list
2009-06-04 02:29 - JobOrganizer - INFO: Updating jobInformation list
2009-06-04 02:31 - JobOrganizer - INFO: Updating jobInformation list
2009-06-04 02:34 - JobOrganizer - INFO: Updating jobInformation list
2009-06-04 02:36 - JobOrganizer - INFO: Updating jobInformation list
2009-06-04 02:38 - JobOrganizer - INFO: Updating jobInformation list
2009-06-04 02:40 - JobOrganizer - INFO: Updating jobInformation list
2009-06-04 02:42 - JobOrganizer - INFO: Updating jobInformation list
2009-06-04 02:44 - JobOrganizer - INFO: Updating jobInformation list
2009-06-04 02:46 - JobOrganizer - INFO: Updating jobInformation list
2009-06-04 02:48 - JobOrganizer - INFO: Updating jobInformation list
2009-06-04 02:50 - JobOrganizer - INFO: Updating jobInformation list
2009-06-04 02:52 - JobOrganizer - INFO: Updating jobInformation list
2009-06-04 02:54 - JobOrganizer - INFO: Updating jobInformation list
2009-06-04 02:56 - JobOrganizer - INFO: Updating jobInformation list
2009-06-04 02:58 - JobOrganizer - INFO: Updating jobInformation list
2009-06-04 03:00 - JobOrganizer - INFO: Updating jobInformation list
2009-06-04 03:02 - JobOrganizer - INFO: Updating jobInformation list
2009-06-04 03:04 - JobOrganizer - INFO: Updating jobInformation list
2009-06-04 03:06 - JobOrganizer - INFO: Updating jobInformation list
2009-06-04 03:08 - JobOrganizer - INFO: Updating jobInformation list
2009-06-04 03:10 - JobOrganizer - INFO: Updating jobInformation list
2009-06-04 03:12 - JobOrganizer - INFO: Updating jobInformation list
2009-06-04 03:14 - JobOrganizer - INFO: Updating jobInformation list
2009-06-04 03:16 - JobOrganizer - INFO: Updating jobInformation list
2009-06-04 03:18 - JobOrganizer - INFO: Updating jobInformation list
2009-06-04 03:20 - JobOrganizer - INFO: Updating jobInformation list
2009-06-04 03:22 - JobOrganizer - INFO: Updating jobInformation list
2009-06-04 03:24 - JobOrganizer - INFO: Updating jobInformation list
2009-06-04 03:26 - JobOrganizer - INFO: Updating jobInformation list
2009-06-04 03:28 - JobOrganizer - INFO: Updating jobInformation list
2009-06-04 03:30 - JobOrganizer - INFO: Updating jobInformation list
2009-06-04 03:32 - JobOrganizer - INFO: Updating jobInformation list
2009-06-04 03:34 - JobOrganizer - INFO: Updating jobInformation list
2009-06-04 03:36 - JobOrganizer - INFO: Updating jobInformation list
2009-06-04 03:38 - JobOrganizer - INFO: Updating jobInformation list
2009-06-04 03:40 - JobOrganizer - INFO: Updating jobInformation list
2009-06-04 03:42 - JobOrganizer - INFO: Updating jobInformation list
2009-06-04 03:44 - JobOrganizer - INFO: Updating jobInformation list
2009-06-04 03:46 - JobOrganizer - INFO: Updating jobInformation list
2009-06-04 03:48 - JobOrganizer - INFO: Updating jobInformation list
2009-06-04 03:50 - JobOrganizer - INFO: Updating jobInformation list
2009-06-04 03:52 - JobOrganizer - INFO: Updating jobInformation list
2009-06-04 03:54 - JobOrganizer - INFO: Updating jobInformation list
2009-06-04 03:56 - JobOrganizer - INFO: Updating jobInformation list
2009-06-04 03:58 - JobOrganizer - INFO: Updating jobInformation list
2009-06-04 04:00 - JobOrganizer - INFO: Updating jobInformation list
2009-06-04 04:02 - JobOrganizer - INFO: Updating jobInformation list
2009-06-04 04:04 - JobOrganizer - INFO: Updating jobInformation list
2009-06-04 04:06 - JobOrganizer - INFO: Updating jobInformation list
2009-06-04 04:08 - JobOrganizer - INFO: Updating jobInformation list
2009-06-04 04:10 - JobOrganizer - INFO: Updating jobInformation list
2009-06-04 04:12 - JobOrganizer - INFO: Updating jobInformation list
2009-06-04 04:14 - JobOrganizer - INFO: Updating jobInformation list
2009-06-04 04:16 - JobOrganizer - INFO: Updating jobInformation list
2009-06-04 04:18 - JobOrganizer - INFO: Updating jobInformation list
2009-06-04 04:20 - JobOrganizer - INFO: Updating jobInformation list
2009-06-04 04:22 - JobOrganizer - INFO: Updating jobInformation list
2009-06-04 04:24 - JobOrganizer - INFO: Updating jobInformation list
2009-06-04 04:26 - JobOrganizer - INFO: Updating jobInformation list
2009-06-04 04:28 - JobOrganizer - INFO: Updating jobInformation list
2009-06-04 04:30 - JobOrganizer - INFO: Updating jobInformation list
2009-06-04 04:32 - JobOrganizer - INFO: Updating jobInformation list
2009-06-04 04:34 - JobOrganizer - INFO: Updating jobInformation list
2009-06-04 04:36 - JobOrganizer - INFO: Updating jobInformation list
2009-06-04 04:38 - JobOrganizer - INFO: Updating jobInformation list
2009-06-04 04:40 - JobOrganizer - INFO: Updating jobInformation list
2009-06-04 04:42 - JobOrganizer - INFO: Updating jobInformation list
2009-06-04 04:44 - JobOrganizer - INFO: Updating jobInformation list
2009-06-04 04:46 - JobOrganizer - INFO: Updating jobInformation list
2009-06-04 04:48 - JobOrganizer - INFO: Updating jobInformation list
2009-06-04 04:50 - JobOrganizer - INFO: Updating jobInformation list
2009-06-04 04:52 - JobOrganizer - INFO: Updating jobInformation list
2009-06-04 04:54 - JobOrganizer - INFO: Updating jobInformation list
2009-06-04 04:56 - JobOrganizer - INFO: Updating jobInformation list
2009-06-04 04:58 - JobOrganizer - INFO: Updating jobInformation list
2009-06-04 05:00 - JobOrganizer - INFO: Updating jobInformation list
2009-06-04 05:02 - JobOrganizer - INFO: Updating jobInformation list
2009-06-04 05:04 - JobOrganizer - INFO: Updating jobInformation list
2009-06-04 05:06 - JobOrganizer - INFO: Updating jobInformation list
2009-06-04 05:08 - JobOrganizer - INFO: Updating jobInformation list
2009-06-04 05:10 - JobOrganizer - INFO: Updating jobInformation list
2009-06-04 05:12 - JobOrganizer - INFO: Updating jobInformation list
2009-06-04 05:14 - JobOrganizer - INFO: Updating jobInformation list
2009-06-04 05:16 - JobOrganizer - INFO: Updating jobInformation list
2009-06-04 05:18 - JobOrganizer - INFO: Updating jobInformation list
2009-06-04 05:20 - JobOrganizer - INFO: Updating jobInformation list
2009-06-04 05:22 - JobOrganizer - INFO: Updating jobInformation list
2009-06-04 05:24 - JobOrganizer - INFO: Updating jobInformation list
2009-06-04 05:26 - JobOrganizer - INFO: Updating jobInformation list
2009-06-04 05:28 - JobOrganizer - INFO: Updating jobInformation list
2009-06-04 05:30 - JobOrganizer - INFO: Updating jobInformation list
2009-06-04 05:32 - JobOrganizer - INFO: Updating jobInformation list
2009-06-04 05:34 - JobOrganizer - INFO: Updating jobInformation list
2009-06-04 05:36 - JobOrganizer - INFO: Updating jobInformation list
2009-06-04 05:38 - JobOrganizer - INFO: Updating jobInformation list
2009-06-04 05:40 - JobOrganizer - INFO: Updating jobInformation list
2009-06-04 05:42 - JobOrganizer - INFO: Updating jobInformation list
2009-06-04 05:44 - JobOrganizer - INFO: Updating jobInformation list
2009-06-04 05:46 - JobOrganizer - INFO: Updating jobInformation list
2009-06-04 05:48 - JobOrganizer - INFO: Updating jobInformation list
2009-06-04 05:50 - JobOrganizer - INFO: Updating jobInformation list
2009-06-04 05:52 - JobOrganizer - INFO: Updating jobInformation list
2009-06-04 05:54 - JobOrganizer - INFO: Updating jobInformation list
2009-06-04 05:56 - JobOrganizer - INFO: Updating jobInformation list
2009-06-04 05:58 - JobOrganizer - INFO: Updating jobInformation list
2009-06-04 06:00 - JobOrganizer - INFO: Updating jobInformation list
2009-06-04 06:02 - JobOrganizer - INFO: Updating jobInformation list
2009-06-04 06:04 - JobOrganizer - INFO: Updating jobInformation list
2009-06-04 06:06 - JobOrganizer - INFO: Updating jobInformation list
2009-06-04 06:08 - JobOrganizer - INFO: Updating jobInformation list
2009-06-04 06:10 - JobOrganizer - INFO: Updating jobInformation list
2009-06-04 06:12 - JobOrganizer - INFO: Updating jobInformation list
2009-06-04 06:14 - JobOrganizer - INFO: Updating jobInformation list
2009-06-04 06:16 - JobOrganizer - INFO: Updating jobInformation list
2009-06-04 06:18 - JobOrganizer - INFO: Updating jobInformation list
2009-06-04 06:20 - JobOrganizer - INFO: Updating jobInformation list
2009-06-04 06:22 - JobOrganizer - INFO: Updating jobInformation list
2009-06-04 06:25 - JobOrganizer - INFO: Updating jobInformation list
2009-06-04 06:27 - JobOrganizer - INFO: Updating jobInformation list
2009-06-04 06:29 - JobOrganizer - INFO: Updating jobInformation list
2009-06-04 06:31 - JobOrganizer - INFO: Updating jobInformation list
2009-06-04 06:33 - JobOrganizer - INFO: Updating jobInformation list
2009-06-04 06:35 - JobOrganizer - INFO: Updating jobInformation list
2009-06-04 06:37 - JobOrganizer - INFO: Updating jobInformation list
2009-06-04 06:39 - JobOrganizer - INFO: Updating jobInformation list
2009-06-04 06:41 - JobOrganizer - INFO: Updating jobInformation list
2009-06-04 06:43 - JobOrganizer - INFO: Updating jobInformation list
2009-06-04 06:45 - JobOrganizer - INFO: Updating jobInformation list
2009-06-04 06:47 - JobOrganizer - INFO: Updating jobInformation list
2009-06-04 06:49 - JobOrganizer - INFO: Updating jobInformation list
2009-06-04 06:51 - JobOrganizer - INFO: Updating jobInformation list
2009-06-04 06:53 - JobOrganizer - INFO: Updating jobInformation list
2009-06-04 06:55 - JobOrganizer - INFO: Updating jobInformation list
2009-06-04 06:57 - JobOrganizer - INFO: Updating jobInformation list
2009-06-04 06:59 - JobOrganizer - INFO: Updating jobInformation list
2009-06-04 07:01 - JobOrganizer - INFO: Updating jobInformation list
2009-06-04 07:03 - JobOrganizer - INFO: Updating jobInformation list
2009-06-04 07:05 - JobOrganizer - INFO: Updating jobInformation list
2009-06-04 07:07 - JobOrganizer - INFO: Updating jobInformation list
2009-06-04 07:09 - JobOrganizer - INFO: Updating jobInformation list
2009-06-04 07:11 - JobOrganizer - INFO: Updating jobInformation list
2009-06-04 07:13 - JobOrganizer - INFO: Updating jobInformation list
2009-06-04 07:15 - JobOrganizer - INFO: Updating jobInformation list
2009-06-04 07:17 - JobOrganizer - INFO: Updating jobInformation list
2009-06-04 07:19 - JobOrganizer - INFO: Updating jobInformation list
2009-06-04 07:21 - JobOrganizer - INFO: Updating jobInformation list
2009-06-04 07:23 - JobOrganizer - INFO: Updating jobInformation list
2009-06-04 07:25 - JobOrganizer - INFO: Updating jobInformation list
2009-06-04 07:27 - JobOrganizer - INFO: Updating jobInformation list
2009-06-04 07:29 - JobOrganizer - INFO: Updating jobInformation list
2009-06-04 07:31 - JobOrganizer - INFO: Updating jobInformation list
2009-06-04 07:33 - JobOrganizer - INFO: Updating jobInformation list
2009-06-04 07:35 - JobOrganizer - INFO: Updating jobInformation list
2009-06-04 07:37 - JobOrganizer - INFO: Updating jobInformation list
2009-06-04 07:39 - JobOrganizer - INFO: Updating jobInformation list
2009-06-04 07:41 - JobOrganizer - INFO: Updating jobInformation list
2009-06-04 07:43 - JobOrganizer - INFO: Updating jobInformation list
2009-06-04 07:45 - JobOrganizer - INFO: Updating jobInformation list
2009-06-04 07:47 - JobOrganizer - INFO: Updating jobInformation list
2009-06-04 07:49 - JobOrganizer - INFO: Updating jobInformation list
2009-06-04 07:51 - JobOrganizer - INFO: Updating jobInformation list
2009-06-04 07:53 - JobOrganizer - INFO: Updating jobInformation list
2009-06-04 07:55 - JobOrganizer - INFO: Updating jobInformation list
2009-06-04 07:57 - JobOrganizer - INFO: Updating jobInformation list
2009-06-04 07:59 - JobOrganizer - INFO: Updating jobInformation list
2009-06-04 08:01 - JobOrganizer - INFO: Updating jobInformation list
2009-06-04 08:03 - JobOrganizer - INFO: Updating jobInformation list
2009-06-04 08:05 - JobOrganizer - INFO: Updating jobInformation list
2009-06-04 08:07 - JobOrganizer - INFO: Updating jobInformation list
2009-06-04 08:09 - JobOrganizer - INFO: Updating jobInformation list
2009-06-04 08:11 - JobOrganizer - INFO: Updating jobInformation list
2009-06-04 08:13 - JobOrganizer - INFO: Updating jobInformation list
2009-06-04 08:15 - JobOrganizer - INFO: Updating jobInformation list
2009-06-04 08:17 - JobOrganizer - INFO: Updating jobInformation list
2009-06-04 08:19 - JobOrganizer - INFO: Updating jobInformation list
2009-06-04 08:21 - JobOrganizer - INFO: Updating jobInformation list
2009-06-04 08:23 - JobOrganizer - INFO: Updating jobInformation list
2009-06-04 08:25 - JobOrganizer - INFO: Updating jobInformation list
2009-06-04 08:27 - JobOrganizer - INFO: Updating jobInformation list
2009-06-04 08:29 - JobOrganizer - INFO: Updating jobInformation list
2009-06-04 08:31 - JobOrganizer - INFO: Updating jobInformation list
2009-06-04 08:33 - JobOrganizer - INFO: Updating jobInformation list
2009-06-04 08:35 - JobOrganizer - INFO: Updating jobInformation list
2009-06-04 08:37 - JobOrganizer - INFO: Updating jobInformation list
2009-06-04 08:39 - JobOrganizer - INFO: Updating jobInformation list
2009-06-04 08:41 - JobOrganizer - INFO: Updating jobInformation list
2009-06-04 08:43 - JobOrganizer - INFO: Updating jobInformation list
2009-06-04 08:45 - JobOrganizer - INFO: Updating jobInformation list
2009-06-04 08:47 - JobOrganizer - INFO: Updating jobInformation list
2009-06-04 08:49 - JobOrganizer - INFO: Updating jobInformation list
2009-06-04 08:51 - JobOrganizer - INFO: Updating jobInformation list
2009-06-04 08:53 - JobOrganizer - INFO: Updating jobInformation list
2009-06-04 08:55 - JobOrganizer - INFO: Updating jobInformation list
2009-06-04 08:57 - JobOrganizer - INFO: Updating jobInformation list
2009-06-04 08:59 - JobOrganizer - INFO: Updating jobInformation list
2009-06-04 09:01 - JobOrganizer - INFO: Updating jobInformation list
2009-06-04 09:03 - JobOrganizer - INFO: Updating jobInformation list
2009-06-04 09:05 - JobOrganizer - INFO: Updating jobInformation list
2009-06-04 09:07 - JobOrganizer - INFO: Updating jobInformation list
2009-06-04 09:09 - JobOrganizer - INFO: Updating jobInformation list
2009-06-04 09:11 - JobOrganizer - INFO: Updating jobInformation list
2009-06-04 09:13 - JobOrganizer - INFO: Updating jobInformation list
2009-06-04 09:15 - JobOrganizer - INFO: Updating jobInformation list
2009-06-04 09:17 - JobOrganizer - INFO: Updating jobInformation list
2009-06-04 09:19 - JobOrganizer - INFO: Updating jobInformation list
2009-06-04 09:21 - JobOrganizer - INFO: Updating jobInformation list
2009-06-04 09:23 - JobOrganizer - INFO: Updating jobInformation list
2009-06-04 09:25 - JobOrganizer - INFO: Updating jobInformation list
2009-06-04 09:27 - JobOrganizer - INFO: Updating jobInformation list
2009-06-04 09:29 - JobOrganizer - INFO: Updating jobInformation list
2009-06-04 09:31 - JobOrganizer - INFO: Updating jobInformation list
2009-06-04 09:33 - JobOrganizer - INFO: Updating jobInformation list
2009-06-04 09:35 - JobOrganizer - INFO: Updating jobInformation list
2009-06-04 09:37 - JobOrganizer - INFO: Updating jobInformation list
2009-06-04 09:39 - JobOrganizer - INFO: Updating jobInformation list
2009-06-04 09:41 - JobOrganizer - INFO: Updating jobInformation list
2009-06-04 09:43 - JobOrganizer - INFO: Updating jobInformation list
2009-06-04 09:45 - JobOrganizer - INFO: Updating jobInformation list
2009-06-04 09:47 - JobOrganizer - INFO: Updating jobInformation list
2009-06-04 09:49 - JobOrganizer - INFO: Updating jobInformation list
2009-06-04 09:51 - JobOrganizer - INFO: Updating jobInformation list
2009-06-04 09:53 - JobOrganizer - INFO: Updating jobInformation list
2009-06-04 09:55 - JobOrganizer - INFO: Updating jobInformation list
2009-06-04 09:57 - JobOrganizer - INFO: Updating jobInformation list
2009-06-04 09:59 - JobOrganizer - INFO: Updating jobInformation list
2009-06-04 10:01 - JobOrganizer - INFO: Updating jobInformation list
2009-06-04 10:03 - JobOrganizer - INFO: Updating jobInformation list
2009-06-04 10:05 - JobOrganizer - INFO: Updating jobInformation list
2009-06-04 10:07 - JobOrganizer - INFO: Updating jobInformation list
2009-06-04 10:09 - JobOrganizer - INFO: Updating jobInformation list
2009-06-04 10:11 - JobOrganizer - INFO: Updating jobInformation list
2009-06-04 10:14 - JobOrganizer - INFO: Updating jobInformation list
2009-06-04 10:16 - JobOrganizer - INFO: Updating jobInformation list
2009-06-04 10:18 - JobOrganizer - INFO: Updating jobInformation list
2009-06-04 10:20 - JobOrganizer - INFO: Updating jobInformation list
2009-06-04 10:22 - JobOrganizer - INFO: Updating jobInformation list
2009-06-04 10:24 - JobOrganizer - INFO: Updating jobInformation list
2009-06-04 10:26 - JobOrganizer - INFO: Updating jobInformation list
2009-06-04 10:28 - JobOrganizer - INFO: Updating jobInformation list
2009-06-04 10:30 - JobOrganizer - INFO: Updating jobInformation list
2009-06-04 10:32 - JobOrganizer - INFO: Updating jobInformation list
2009-06-04 10:34 - JobOrganizer - INFO: Updating jobInformation list
2009-06-04 10:36 - JobOrganizer - INFO: Updating jobInformation list
2009-06-04 10:38 - JobOrganizer - INFO: Updating jobInformation list
2009-06-04 10:40 - JobOrganizer - INFO: Updating jobInformation list
2009-06-04 10:42 - JobOrganizer - INFO: Updating jobInformation list
2009-06-04 10:44 - JobOrganizer - INFO: Updating jobInformation list
2009-06-04 10:46 - JobOrganizer - INFO: Updating jobInformation list
2009-06-04 10:48 - JobOrganizer - INFO: Updating jobInformation list
2009-06-04 10:50 - JobOrganizer - INFO: Updating jobInformation list
2009-06-04 10:52 - JobOrganizer - INFO: Updating jobInformation list
2009-06-04 10:54 - JobOrganizer - INFO: Updating jobInformation list
2009-06-04 10:56 - JobOrganizer - INFO: Updating jobInformation list
2009-06-04 10:58 - JobOrganizer - INFO: Updating jobInformation list
2009-06-04 11:00 - JobOrganizer - INFO: Updating jobInformation list
2009-06-04 11:02 - JobOrganizer - INFO: Updating jobInformation list
2009-06-04 11:04 - JobOrganizer - INFO: Updating jobInformation list
2009-06-04 11:06 - JobOrganizer - INFO: Updating jobInformation list
2009-06-04 11:08 - JobOrganizer - INFO: Updating jobInformation list
2009-06-04 11:10 - JobOrganizer - INFO: Updating jobInformation list
2009-06-04 11:12 - JobOrganizer - INFO: Updating jobInformation list
2009-06-04 11:14 - JobOrganizer - INFO: Updating jobInformation list
2009-06-04 11:16 - JobOrganizer - INFO: Updating jobInformation list
2009-06-04 11:18 - JobOrganizer - INFO: Updating jobInformation list
2009-06-04 11:20 - JobOrganizer - INFO: Updating jobInformation list
2009-06-04 11:22 - JobOrganizer - INFO: Updating jobInformation list
2009-06-04 11:24 - JobOrganizer - INFO: Updating jobInformation list
2009-06-04 11:26 - JobOrganizer - INFO: Updating jobInformation list
2009-06-04 11:28 - JobOrganizer - INFO: Updating jobInformation list
2009-06-04 11:30 - JobOrganizer - INFO: Updating jobInformation list
2009-06-04 11:32 - JobOrganizer - INFO: Updating jobInformation list
2009-06-04 11:34 - JobOrganizer - INFO: Updating jobInformation list
2009-06-04 11:36 - JobOrganizer - INFO: Updating jobInformation list
2009-06-04 11:38 - JobOrganizer - INFO: Updating jobInformation list
2009-06-04 11:40 - JobOrganizer - INFO: Updating jobInformation list
2009-06-04 11:42 - JobOrganizer - INFO: Updating jobInformation list
2009-06-04 11:44 - JobOrganizer - INFO: Updating jobInformation list
2009-06-04 11:46 - JobOrganizer - INFO: Updating jobInformation list
2009-06-04 11:48 - JobOrganizer - INFO: Updating jobInformation list
2009-06-04 11:50 - JobOrganizer - INFO: Updating jobInformation list
2009-06-04 11:52 - JobOrganizer - INFO: Updating jobInformation list
2009-06-04 11:54 - JobOrganizer - INFO: Updating jobInformation list
2009-06-04 11:56 - JobOrganizer - INFO: Updating jobInformation list
2009-06-04 11:58 - JobOrganizer - INFO: Updating jobInformation list
2009-06-04 12:00 - JobOrganizer - INFO: Updating jobInformation list
2009-06-04 12:02 - JobOrganizer - INFO: Updating jobInformation list
2009-06-04 12:04 - JobOrganizer - INFO: Updating jobInformation list
2009-06-04 12:06 - JobOrganizer - INFO: Updating jobInformation list
2009-06-04 12:08 - JobOrganizer - INFO: Updating jobInformation list
2009-06-04 12:10 - JobOrganizer - INFO: Updating jobInformation list
2009-06-04 12:12 - JobOrganizer - INFO: Updating jobInformation list
2009-06-04 12:14 - JobOrganizer - INFO: Updating jobInformation list
2009-06-04 12:16 - JobOrganizer - INFO: Updating jobInformation list
2009-06-04 12:18 - JobOrganizer - INFO: Updating jobInformation list
2009-06-04 12:20 - JobOrganizer - INFO: Updating jobInformation list
2009-06-04 12:22 - JobOrganizer - INFO: Updating jobInformation list
2009-06-04 12:24 - JobOrganizer - INFO: Updating jobInformation list
2009-06-04 12:26 - JobOrganizer - INFO: Updating jobInformation list
2009-06-04 12:28 - JobOrganizer - INFO: Updating jobInformation list
2009-06-04 12:30 - JobOrganizer - INFO: Updating jobInformation list
2009-06-04 12:32 - JobOrganizer - INFO: Updating jobInformation list
2009-06-04 12:34 - JobOrganizer - INFO: Updating jobInformation list
2009-06-04 12:36 - JobOrganizer - INFO: Updating jobInformation list
2009-06-04 12:38 - JobOrganizer - INFO: Updating jobInformation list
2009-06-04 12:40 - JobOrganizer - INFO: Updating jobInformation list
2009-06-04 12:42 - JobOrganizer - INFO: Updating jobInformation list
2009-06-04 12:44 - JobOrganizer - INFO: Updating jobInformation list
2009-06-04 12:46 - JobOrganizer - INFO: Updating jobInformation list
2009-06-04 12:48 - JobOrganizer - INFO: Updating jobInformation list
2009-06-04 12:50 - JobOrganizer - INFO: Updating jobInformation list
2009-06-04 12:52 - JobOrganizer - INFO: Updating jobInformation list
2009-06-04 12:54 - JobOrganizer - INFO: Updating jobInformation list
2009-06-04 12:56 - JobOrganizer - INFO: Updating jobInformation list
2009-06-04 12:58 - JobOrganizer - INFO: Updating jobInformation list
2009-06-04 13:00 - JobOrganizer - INFO: Updating jobInformation list
2009-06-04 13:02 - JobOrganizer - INFO: Updating jobInformation list
2009-06-04 13:04 - JobOrganizer - INFO: Updating jobInformation list
2009-06-04 13:06 - JobOrganizer - INFO: Updating jobInformation list
2009-06-04 13:08 - JobOrganizer - INFO: Updating jobInformation list
2009-06-04 13:10 - JobOrganizer - INFO: Updating jobInformation list
2009-06-04 13:12 - JobOrganizer - INFO: Updating jobInformation list
2009-06-04 13:14 - JobOrganizer - INFO: Updating jobInformation list
2009-06-04 13:16 - JobOrganizer - INFO: Updating jobInformation list
2009-06-04 13:18 - JobOrganizer - INFO: Updating jobInformation list
2009-06-04 13:20 - JobOrganizer - INFO: Updating jobInformation list
2009-06-04 13:22 - JobOrganizer - INFO: Updating jobInformation list
2009-06-04 13:24 - JobOrganizer - INFO: Updating jobInformation list
2009-06-04 13:26 - JobOrganizer - INFO: Updating jobInformation list
2009-06-04 13:28 - JobOrganizer - INFO: Updating jobInformation list
2009-06-04 13:30 - JobOrganizer - INFO: Updating jobInformation list
2009-06-04 13:32 - JobOrganizer - INFO: Updating jobInformation list
2009-06-04 13:34 - JobOrganizer - INFO: Updating jobInformation list
2009-06-04 13:36 - JobOrganizer - INFO: Updating jobInformation list
2009-06-04 13:38 - JobOrganizer - INFO: Updating jobInformation list
2009-06-04 13:40 - JobOrganizer - INFO: Updating jobInformation list
2009-06-04 13:42 - JobOrganizer - INFO: Updating jobInformation list
2009-06-04 13:44 - JobOrganizer - INFO: Updating jobInformation list
2009-06-04 13:46 - JobOrganizer - INFO: Updating jobInformation list
2009-06-04 13:48 - JobOrganizer - INFO: Updating jobInformation list
2009-06-04 13:50 - JobOrganizer - INFO: Updating jobInformation list
2009-06-04 13:52 - JobOrganizer - INFO: Updating jobInformation list
2009-06-04 13:54 - JobOrganizer - INFO: Updating jobInformation list
2009-06-04 13:57 - JobOrganizer - INFO: Updating jobInformation list
2009-06-04 13:59 - JobOrganizer - INFO: Updating jobInformation list
2009-06-04 14:01 - JobOrganizer - INFO: Updating jobInformation list
2009-06-04 14:03 - JobOrganizer - INFO: Updating jobInformation list
2009-06-04 14:05 - JobOrganizer - INFO: Updating jobInformation list
2009-06-04 14:07 - JobOrganizer - INFO: Updating jobInformation list
2009-06-04 14:09 - JobOrganizer - INFO: Updating jobInformation list
2009-06-04 14:11 - JobOrganizer - INFO: Updating jobInformation list
2009-06-04 14:13 - JobOrganizer - INFO: Updating jobInformation list
2009-06-04 14:15 - JobOrganizer - INFO: Updating jobInformation list
2009-06-04 14:17 - JobOrganizer - INFO: Updating jobInformation list
2009-06-04 14:19 - JobOrganizer - INFO: Updating jobInformation list
2009-06-04 14:21 - JobOrganizer - INFO: Updating jobInformation list
2009-06-04 14:23 - JobOrganizer - INFO: Updating jobInformation list
2009-06-04 14:25 - JobOrganizer - INFO: Updating jobInformation list
2009-06-04 14:27 - JobOrganizer - INFO: Updating jobInformation list
2009-06-04 14:29 - JobOrganizer - INFO: Updating jobInformation list
2009-06-04 14:31 - JobOrganizer - INFO: Updating jobInformation list
2009-06-04 14:33 - JobOrganizer - INFO: Updating jobInformation list
2009-06-04 14:35 - JobOrganizer - INFO: Updating jobInformation list
2009-06-04 14:37 - JobOrganizer - INFO: Updating jobInformation list
2009-06-04 14:39 - JobOrganizer - INFO: Updating jobInformation list
2009-06-04 14:41 - JobOrganizer - INFO: Updating jobInformation list
2009-06-04 14:43 - JobOrganizer - INFO: Updating jobInformation list
2009-06-04 14:45 - JobOrganizer - INFO: Updating jobInformation list
2009-06-04 14:47 - JobOrganizer - INFO: Updating jobInformation list
2009-06-04 14:49 - JobOrganizer - INFO: Updating jobInformation list
