2009-06-21 00:00 - JobOrganizer - INFO: ========================================
2009-06-21 00:00 - JobOrganizer - INFO: JobOrganizer in init
2009-06-21 00:00 - JobOrganizer - INFO: init file JobOrganizerConfig.py was found
2009-06-21 00:00 - JobOrganizer - INFO: retrieveing Db parameters from JobOrganizerConfig.py file
2009-06-21 00:00 - JobOrganizer - INFO: creating job configurations from JobOrganizerConfig.py file
2009-06-21 00:00 - JobOrganizer - INFO: JobOrganizer initialized
2009-06-21 00:00 - JobOrganizer - INFO: ========================================
2009-06-21 00:02 - JobOrganizer - INFO: Updating jobInformation list
2009-06-21 00:04 - JobOrganizer - INFO: Updating jobInformation list
2009-06-21 00:06 - JobOrganizer - INFO: Updating jobInformation list
2009-06-21 00:08 - JobOrganizer - INFO: Updating jobInformation list
2009-06-21 00:10 - JobOrganizer - INFO: Updating jobInformation list
2009-06-21 00:12 - JobOrganizer - INFO: Updating jobInformation list
2009-06-21 00:14 - JobOrganizer - INFO: Updating jobInformation list
2009-06-21 00:16 - JobOrganizer - INFO: Updating jobInformation list
2009-06-21 00:18 - JobOrganizer - INFO: Updating jobInformation list
2009-06-21 00:20 - JobOrganizer - INFO: Updating jobInformation list
2009-06-21 00:23 - JobOrganizer - INFO: Updating jobInformation list
2009-06-21 00:25 - JobOrganizer - INFO: Updating jobInformation list
2009-06-21 00:27 - JobOrganizer - INFO: Updating jobInformation list
2009-06-21 00:29 - JobOrganizer - INFO: Updating jobInformation list
2009-06-21 00:31 - JobOrganizer - INFO: Updating jobInformation list
2009-06-21 00:33 - JobOrganizer - INFO: Updating jobInformation list
2009-06-21 00:35 - JobOrganizer - INFO: Updating jobInformation list
2009-06-21 00:37 - JobOrganizer - INFO: Updating jobInformation list
2009-06-21 00:39 - JobOrganizer - INFO: Updating jobInformation list
2009-06-21 00:41 - JobOrganizer - INFO: Updating jobInformation list
2009-06-21 00:43 - JobOrganizer - INFO: Updating jobInformation list
2009-06-21 00:45 - JobOrganizer - INFO: Updating jobInformation list
2009-06-21 00:47 - JobOrganizer - INFO: Updating jobInformation list
2009-06-21 00:49 - JobOrganizer - INFO: Updating jobInformation list
2009-06-21 00:51 - JobOrganizer - INFO: Updating jobInformation list
2009-06-21 00:53 - JobOrganizer - INFO: Updating jobInformation list
2009-06-21 00:55 - JobOrganizer - INFO: Updating jobInformation list
2009-06-21 00:57 - JobOrganizer - INFO: Updating jobInformation list
2009-06-21 00:59 - JobOrganizer - INFO: Updating jobInformation list
2009-06-21 01:01 - JobOrganizer - INFO: Updating jobInformation list
2009-06-21 01:03 - JobOrganizer - INFO: Updating jobInformation list
2009-06-21 01:05 - JobOrganizer - INFO: Updating jobInformation list
2009-06-21 01:07 - JobOrganizer - INFO: Updating jobInformation list
2009-06-21 01:09 - JobOrganizer - INFO: Updating jobInformation list
2009-06-21 01:11 - JobOrganizer - INFO: Updating jobInformation list
2009-06-21 01:13 - JobOrganizer - INFO: Updating jobInformation list
2009-06-21 01:15 - JobOrganizer - INFO: Updating jobInformation list
2009-06-21 01:17 - JobOrganizer - INFO: Updating jobInformation list
2009-06-21 01:19 - JobOrganizer - INFO: Updating jobInformation list
2009-06-21 01:21 - JobOrganizer - INFO: Updating jobInformation list
2009-06-21 01:23 - JobOrganizer - INFO: Updating jobInformation list
2009-06-21 01:25 - JobOrganizer - INFO: Updating jobInformation list
2009-06-21 01:27 - JobOrganizer - INFO: Updating jobInformation list
2009-06-21 01:29 - JobOrganizer - INFO: Updating jobInformation list
2009-06-21 01:31 - JobOrganizer - INFO: Updating jobInformation list
2009-06-21 01:33 - JobOrganizer - INFO: Updating jobInformation list
2009-06-21 01:35 - JobOrganizer - INFO: Updating jobInformation list
2009-06-21 01:37 - JobOrganizer - INFO: Updating jobInformation list
2009-06-21 01:39 - JobOrganizer - INFO: Updating jobInformation list
2009-06-21 01:41 - JobOrganizer - INFO: Updating jobInformation list
2009-06-21 01:43 - JobOrganizer - INFO: Updating jobInformation list
2009-06-21 01:45 - JobOrganizer - INFO: Updating jobInformation list
2009-06-21 01:47 - JobOrganizer - INFO: Updating jobInformation list
2009-06-21 01:49 - JobOrganizer - INFO: Updating jobInformation list
2009-06-21 01:51 - JobOrganizer - INFO: Updating jobInformation list
2009-06-21 01:53 - JobOrganizer - INFO: Updating jobInformation list
2009-06-21 01:55 - JobOrganizer - INFO: Updating jobInformation list
2009-06-21 01:57 - JobOrganizer - INFO: Updating jobInformation list
2009-06-21 01:59 - JobOrganizer - INFO: Updating jobInformation list
2009-06-21 02:01 - JobOrganizer - INFO: Updating jobInformation list
2009-06-21 02:03 - JobOrganizer - INFO: Updating jobInformation list
2009-06-21 02:05 - JobOrganizer - INFO: Updating jobInformation list
2009-06-21 02:07 - JobOrganizer - INFO: Updating jobInformation list
2009-06-21 02:09 - JobOrganizer - INFO: Updating jobInformation list
2009-06-21 02:11 - JobOrganizer - INFO: Updating jobInformation list
2009-06-21 02:13 - JobOrganizer - INFO: Updating jobInformation list
2009-06-21 02:15 - JobOrganizer - INFO: Updating jobInformation list
2009-06-21 02:17 - JobOrganizer - INFO: Updating jobInformation list
2009-06-21 02:19 - JobOrganizer - INFO: Updating jobInformation list
2009-06-21 02:21 - JobOrganizer - INFO: Updating jobInformation list
2009-06-21 02:23 - JobOrganizer - INFO: Updating jobInformation list
2009-06-21 02:25 - JobOrganizer - INFO: Updating jobInformation list
2009-06-21 02:27 - JobOrganizer - INFO: Updating jobInformation list
2009-06-21 02:29 - JobOrganizer - INFO: Updating jobInformation list
2009-06-21 02:31 - JobOrganizer - INFO: Updating jobInformation list
2009-06-21 02:33 - JobOrganizer - INFO: Updating jobInformation list
2009-06-21 02:35 - JobOrganizer - INFO: Updating jobInformation list
2009-06-21 02:37 - JobOrganizer - INFO: Updating jobInformation list
2009-06-21 02:39 - JobOrganizer - INFO: Updating jobInformation list
2009-06-21 02:41 - JobOrganizer - INFO: Updating jobInformation list
2009-06-21 02:43 - JobOrganizer - INFO: Updating jobInformation list
2009-06-21 02:45 - JobOrganizer - INFO: Updating jobInformation list
2009-06-21 02:47 - JobOrganizer - INFO: Updating jobInformation list
2009-06-21 02:49 - JobOrganizer - INFO: Updating jobInformation list
2009-06-21 02:51 - JobOrganizer - INFO: Updating jobInformation list
2009-06-21 02:53 - JobOrganizer - INFO: Updating jobInformation list
2009-06-21 02:55 - JobOrganizer - INFO: Updating jobInformation list
2009-06-21 02:57 - JobOrganizer - INFO: Updating jobInformation list
2009-06-21 02:59 - JobOrganizer - INFO: Updating jobInformation list
2009-06-21 03:01 - JobOrganizer - INFO: Updating jobInformation list
2009-06-21 03:03 - JobOrganizer - INFO: Updating jobInformation list
2009-06-21 03:05 - JobOrganizer - INFO: Updating jobInformation list
2009-06-21 03:07 - JobOrganizer - INFO: Updating jobInformation list
2009-06-21 03:09 - JobOrganizer - INFO: Updating jobInformation list
2009-06-21 03:11 - JobOrganizer - INFO: Updating jobInformation list
2009-06-21 03:13 - JobOrganizer - INFO: Updating jobInformation list
2009-06-21 03:15 - JobOrganizer - INFO: Updating jobInformation list
2009-06-21 03:17 - JobOrganizer - INFO: Updating jobInformation list
2009-06-21 03:19 - JobOrganizer - INFO: Updating jobInformation list
2009-06-21 03:21 - JobOrganizer - INFO: Updating jobInformation list
2009-06-21 03:23 - JobOrganizer - INFO: Updating jobInformation list
2009-06-21 03:25 - JobOrganizer - INFO: Updating jobInformation list
2009-06-21 03:27 - JobOrganizer - INFO: Updating jobInformation list
2009-06-21 03:29 - JobOrganizer - INFO: Updating jobInformation list
2009-06-21 03:31 - JobOrganizer - INFO: Updating jobInformation list
2009-06-21 03:33 - JobOrganizer - INFO: Updating jobInformation list
2009-06-21 03:35 - JobOrganizer - INFO: Updating jobInformation list
2009-06-21 03:37 - JobOrganizer - INFO: Updating jobInformation list
2009-06-21 03:39 - JobOrganizer - INFO: Updating jobInformation list
2009-06-21 03:41 - JobOrganizer - INFO: Updating jobInformation list
2009-06-21 03:43 - JobOrganizer - INFO: Updating jobInformation list
2009-06-21 03:45 - JobOrganizer - INFO: Updating jobInformation list
2009-06-21 03:47 - JobOrganizer - INFO: Updating jobInformation list
2009-06-21 03:49 - JobOrganizer - INFO: Updating jobInformation list
2009-06-21 03:51 - JobOrganizer - INFO: Updating jobInformation list
2009-06-21 03:54 - JobOrganizer - INFO: Updating jobInformation list
2009-06-21 03:56 - JobOrganizer - INFO: Updating jobInformation list
2009-06-21 03:58 - JobOrganizer - INFO: Updating jobInformation list
2009-06-21 04:00 - JobOrganizer - INFO: Updating jobInformation list
2009-06-21 04:02 - JobOrganizer - INFO: Updating jobInformation list
2009-06-21 04:04 - JobOrganizer - INFO: Updating jobInformation list
2009-06-21 04:06 - JobOrganizer - INFO: Updating jobInformation list
2009-06-21 04:08 - JobOrganizer - INFO: Updating jobInformation list
2009-06-21 04:10 - JobOrganizer - INFO: Updating jobInformation list
2009-06-21 04:12 - JobOrganizer - INFO: Updating jobInformation list
2009-06-21 04:14 - JobOrganizer - INFO: Updating jobInformation list
2009-06-21 04:16 - JobOrganizer - INFO: Updating jobInformation list
2009-06-21 04:18 - JobOrganizer - INFO: Updating jobInformation list
2009-06-21 04:20 - JobOrganizer - INFO: Updating jobInformation list
2009-06-21 04:22 - JobOrganizer - INFO: Updating jobInformation list
2009-06-21 04:24 - JobOrganizer - INFO: Updating jobInformation list
2009-06-21 04:26 - JobOrganizer - INFO: Updating jobInformation list
2009-06-21 04:28 - JobOrganizer - INFO: Updating jobInformation list
2009-06-21 04:30 - JobOrganizer - INFO: Updating jobInformation list
2009-06-21 04:32 - JobOrganizer - INFO: Updating jobInformation list
2009-06-21 04:34 - JobOrganizer - INFO: Updating jobInformation list
2009-06-21 04:36 - JobOrganizer - INFO: Updating jobInformation list
2009-06-21 04:38 - JobOrganizer - INFO: Updating jobInformation list
2009-06-21 04:40 - JobOrganizer - INFO: Updating jobInformation list
2009-06-21 04:42 - JobOrganizer - INFO: Updating jobInformation list
2009-06-21 04:44 - JobOrganizer - INFO: Updating jobInformation list
2009-06-21 04:46 - JobOrganizer - INFO: Updating jobInformation list
2009-06-21 04:48 - JobOrganizer - INFO: Updating jobInformation list
2009-06-21 04:50 - JobOrganizer - INFO: Updating jobInformation list
2009-06-21 04:52 - JobOrganizer - INFO: Updating jobInformation list
2009-06-21 04:54 - JobOrganizer - INFO: Updating jobInformation list
2009-06-21 04:56 - JobOrganizer - INFO: Updating jobInformation list
2009-06-21 04:58 - JobOrganizer - INFO: Updating jobInformation list
2009-06-21 05:00 - JobOrganizer - INFO: Updating jobInformation list
2009-06-21 05:02 - JobOrganizer - INFO: Updating jobInformation list
2009-06-21 05:04 - JobOrganizer - INFO: Updating jobInformation list
2009-06-21 05:06 - JobOrganizer - INFO: Updating jobInformation list
2009-06-21 05:08 - JobOrganizer - INFO: Updating jobInformation list
2009-06-21 05:10 - JobOrganizer - INFO: Updating jobInformation list
2009-06-21 05:12 - JobOrganizer - INFO: Updating jobInformation list
2009-06-21 05:14 - JobOrganizer - INFO: Updating jobInformation list
2009-06-21 05:16 - JobOrganizer - INFO: Updating jobInformation list
2009-06-21 05:18 - JobOrganizer - INFO: Updating jobInformation list
2009-06-21 05:20 - JobOrganizer - INFO: Updating jobInformation list
2009-06-21 05:22 - JobOrganizer - INFO: Updating jobInformation list
2009-06-21 05:24 - JobOrganizer - INFO: Updating jobInformation list
2009-06-21 05:26 - JobOrganizer - INFO: Updating jobInformation list
2009-06-21 05:28 - JobOrganizer - INFO: Updating jobInformation list
2009-06-21 05:30 - JobOrganizer - INFO: Updating jobInformation list
2009-06-21 05:32 - JobOrganizer - INFO: Updating jobInformation list
2009-06-21 05:34 - JobOrganizer - INFO: Updating jobInformation list
2009-06-21 05:36 - JobOrganizer - INFO: Updating jobInformation list
2009-06-21 05:38 - JobOrganizer - INFO: Updating jobInformation list
2009-06-21 05:40 - JobOrganizer - INFO: Updating jobInformation list
2009-06-21 05:42 - JobOrganizer - INFO: Updating jobInformation list
2009-06-21 05:44 - JobOrganizer - INFO: Updating jobInformation list
2009-06-21 05:46 - JobOrganizer - INFO: Updating jobInformation list
2009-06-21 05:48 - JobOrganizer - INFO: Updating jobInformation list
2009-06-21 05:50 - JobOrganizer - INFO: Updating jobInformation list
2009-06-21 05:52 - JobOrganizer - INFO: Updating jobInformation list
2009-06-21 05:54 - JobOrganizer - INFO: Updating jobInformation list
2009-06-21 05:56 - JobOrganizer - INFO: Updating jobInformation list
2009-06-21 05:58 - JobOrganizer - INFO: Updating jobInformation list
2009-06-21 06:00 - JobOrganizer - INFO: Updating jobInformation list
2009-06-21 06:02 - JobOrganizer - INFO: Updating jobInformation list
2009-06-21 06:04 - JobOrganizer - INFO: Updating jobInformation list
2009-06-21 06:06 - JobOrganizer - INFO: Updating jobInformation list
2009-06-21 06:08 - JobOrganizer - INFO: Updating jobInformation list
2009-06-21 06:10 - JobOrganizer - INFO: Updating jobInformation list
2009-06-21 06:12 - JobOrganizer - INFO: Updating jobInformation list
2009-06-21 06:14 - JobOrganizer - INFO: Updating jobInformation list
2009-06-21 06:16 - JobOrganizer - INFO: Updating jobInformation list
2009-06-21 06:18 - JobOrganizer - INFO: Updating jobInformation list
2009-06-21 06:20 - JobOrganizer - INFO: Updating jobInformation list
2009-06-21 06:22 - JobOrganizer - INFO: Updating jobInformation list
2009-06-21 06:24 - JobOrganizer - INFO: Updating jobInformation list
2009-06-21 06:26 - JobOrganizer - INFO: Updating jobInformation list
2009-06-21 06:28 - JobOrganizer - INFO: Updating jobInformation list
2009-06-21 06:30 - JobOrganizer - INFO: Updating jobInformation list
2009-06-21 06:32 - JobOrganizer - INFO: Updating jobInformation list
2009-06-21 06:34 - JobOrganizer - INFO: Updating jobInformation list
2009-06-21 06:36 - JobOrganizer - INFO: Updating jobInformation list
2009-06-21 06:38 - JobOrganizer - INFO: Updating jobInformation list
2009-06-21 06:40 - JobOrganizer - INFO: Updating jobInformation list
2009-06-21 06:42 - JobOrganizer - INFO: Updating jobInformation list
2009-06-21 06:44 - JobOrganizer - INFO: Updating jobInformation list
2009-06-21 06:46 - JobOrganizer - INFO: Updating jobInformation list
2009-06-21 06:48 - JobOrganizer - INFO: Updating jobInformation list
2009-06-21 06:50 - JobOrganizer - INFO: Updating jobInformation list
2009-06-21 06:52 - JobOrganizer - INFO: Updating jobInformation list
2009-06-21 06:54 - JobOrganizer - INFO: Updating jobInformation list
2009-06-21 06:56 - JobOrganizer - INFO: Updating jobInformation list
2009-06-21 06:58 - JobOrganizer - INFO: Updating jobInformation list
2009-06-21 07:00 - JobOrganizer - INFO: Updating jobInformation list
2009-06-21 07:02 - JobOrganizer - INFO: Updating jobInformation list
2009-06-21 07:04 - JobOrganizer - INFO: Updating jobInformation list
2009-06-21 07:06 - JobOrganizer - INFO: Updating jobInformation list
2009-06-21 07:08 - JobOrganizer - INFO: Updating jobInformation list
2009-06-21 07:10 - JobOrganizer - INFO: Updating jobInformation list
2009-06-21 07:12 - JobOrganizer - INFO: Updating jobInformation list
2009-06-21 07:14 - JobOrganizer - INFO: Updating jobInformation list
2009-06-21 07:16 - JobOrganizer - INFO: Updating jobInformation list
2009-06-21 07:18 - JobOrganizer - INFO: Updating jobInformation list
2009-06-21 07:21 - JobOrganizer - INFO: Updating jobInformation list
2009-06-21 07:23 - JobOrganizer - INFO: Updating jobInformation list
2009-06-21 07:25 - JobOrganizer - INFO: Updating jobInformation list
2009-06-21 07:27 - JobOrganizer - INFO: Updating jobInformation list
2009-06-21 07:29 - JobOrganizer - INFO: Updating jobInformation list
2009-06-21 07:31 - JobOrganizer - INFO: Updating jobInformation list
2009-06-21 07:33 - JobOrganizer - INFO: Updating jobInformation list
2009-06-21 07:35 - JobOrganizer - INFO: Updating jobInformation list
2009-06-21 07:37 - JobOrganizer - INFO: Updating jobInformation list
2009-06-21 07:39 - JobOrganizer - INFO: Updating jobInformation list
2009-06-21 07:41 - JobOrganizer - INFO: Updating jobInformation list
2009-06-21 07:43 - JobOrganizer - INFO: Updating jobInformation list
2009-06-21 07:45 - JobOrganizer - INFO: Updating jobInformation list
2009-06-21 07:47 - JobOrganizer - INFO: Updating jobInformation list
2009-06-21 07:49 - JobOrganizer - INFO: Updating jobInformation list
2009-06-21 07:51 - JobOrganizer - INFO: Updating jobInformation list
2009-06-21 07:53 - JobOrganizer - INFO: Updating jobInformation list
2009-06-21 07:55 - JobOrganizer - INFO: Updating jobInformation list
2009-06-21 07:57 - JobOrganizer - INFO: Updating jobInformation list
2009-06-21 07:59 - JobOrganizer - INFO: Updating jobInformation list
2009-06-21 08:01 - JobOrganizer - INFO: Updating jobInformation list
2009-06-21 08:03 - JobOrganizer - INFO: Updating jobInformation list
2009-06-21 08:05 - JobOrganizer - INFO: Updating jobInformation list
2009-06-21 08:07 - JobOrganizer - INFO: Updating jobInformation list
2009-06-21 08:09 - JobOrganizer - INFO: Updating jobInformation list
2009-06-21 08:11 - JobOrganizer - INFO: Updating jobInformation list
2009-06-21 08:13 - JobOrganizer - INFO: Updating jobInformation list
2009-06-21 08:15 - JobOrganizer - INFO: Updating jobInformation list
2009-06-21 08:17 - JobOrganizer - INFO: Updating jobInformation list
2009-06-21 08:19 - JobOrganizer - INFO: Updating jobInformation list
2009-06-21 08:21 - JobOrganizer - INFO: Updating jobInformation list
2009-06-21 08:23 - JobOrganizer - INFO: Updating jobInformation list
2009-06-21 08:25 - JobOrganizer - INFO: Updating jobInformation list
2009-06-21 08:27 - JobOrganizer - INFO: Updating jobInformation list
2009-06-21 08:29 - JobOrganizer - INFO: Updating jobInformation list
2009-06-21 08:31 - JobOrganizer - INFO: Updating jobInformation list
2009-06-21 08:33 - JobOrganizer - INFO: Updating jobInformation list
2009-06-21 08:35 - JobOrganizer - INFO: Updating jobInformation list
2009-06-21 08:37 - JobOrganizer - INFO: Updating jobInformation list
2009-06-21 08:39 - JobOrganizer - INFO: Updating jobInformation list
2009-06-21 08:41 - JobOrganizer - INFO: Updating jobInformation list
2009-06-21 08:43 - JobOrganizer - INFO: Updating jobInformation list
2009-06-21 08:45 - JobOrganizer - INFO: Updating jobInformation list
2009-06-21 08:47 - JobOrganizer - INFO: Updating jobInformation list
2009-06-21 08:49 - JobOrganizer - INFO: Updating jobInformation list
2009-06-21 08:51 - JobOrganizer - INFO: Updating jobInformation list
2009-06-21 08:53 - JobOrganizer - INFO: Updating jobInformation list
2009-06-21 08:55 - JobOrganizer - INFO: Updating jobInformation list
2009-06-21 08:57 - JobOrganizer - INFO: Updating jobInformation list
2009-06-21 08:59 - JobOrganizer - INFO: Updating jobInformation list
2009-06-21 09:01 - JobOrganizer - INFO: Updating jobInformation list
2009-06-21 09:03 - JobOrganizer - INFO: Updating jobInformation list
2009-06-21 09:05 - JobOrganizer - INFO: Updating jobInformation list
2009-06-21 09:07 - JobOrganizer - INFO: Updating jobInformation list
2009-06-21 09:09 - JobOrganizer - INFO: Updating jobInformation list
2009-06-21 09:11 - JobOrganizer - INFO: Updating jobInformation list
2009-06-21 09:13 - JobOrganizer - INFO: Updating jobInformation list
2009-06-21 09:15 - JobOrganizer - INFO: Updating jobInformation list
2009-06-21 09:17 - JobOrganizer - INFO: Updating jobInformation list
2009-06-21 09:19 - JobOrganizer - INFO: Updating jobInformation list
2009-06-21 09:21 - JobOrganizer - INFO: Updating jobInformation list
2009-06-21 09:23 - JobOrganizer - INFO: Updating jobInformation list
2009-06-21 09:25 - JobOrganizer - INFO: Updating jobInformation list
2009-06-21 09:27 - JobOrganizer - INFO: Updating jobInformation list
2009-06-21 09:29 - JobOrganizer - INFO: Updating jobInformation list
2009-06-21 09:31 - JobOrganizer - INFO: Updating jobInformation list
2009-06-21 09:33 - JobOrganizer - INFO: Updating jobInformation list
2009-06-21 09:35 - JobOrganizer - INFO: Updating jobInformation list
2009-06-21 09:37 - JobOrganizer - INFO: Updating jobInformation list
2009-06-21 09:39 - JobOrganizer - INFO: Updating jobInformation list
2009-06-21 09:41 - JobOrganizer - INFO: Updating jobInformation list
2009-06-21 09:43 - JobOrganizer - INFO: Updating jobInformation list
2009-06-21 09:45 - JobOrganizer - INFO: Updating jobInformation list
2009-06-21 09:47 - JobOrganizer - INFO: Updating jobInformation list
2009-06-21 09:49 - JobOrganizer - INFO: Updating jobInformation list
2009-06-21 09:51 - JobOrganizer - INFO: Updating jobInformation list
2009-06-21 09:53 - JobOrganizer - INFO: Updating jobInformation list
2009-06-21 09:55 - JobOrganizer - INFO: Updating jobInformation list
2009-06-21 09:57 - JobOrganizer - INFO: Updating jobInformation list
2009-06-21 09:59 - JobOrganizer - INFO: Updating jobInformation list
2009-06-21 10:01 - JobOrganizer - INFO: Updating jobInformation list
2009-06-21 10:03 - JobOrganizer - INFO: Updating jobInformation list
2009-06-21 10:05 - JobOrganizer - INFO: Updating jobInformation list
2009-06-21 10:07 - JobOrganizer - INFO: Updating jobInformation list
2009-06-21 10:09 - JobOrganizer - INFO: Updating jobInformation list
2009-06-21 10:11 - JobOrganizer - INFO: Updating jobInformation list
2009-06-21 10:13 - JobOrganizer - INFO: Updating jobInformation list
2009-06-21 10:15 - JobOrganizer - INFO: Updating jobInformation list
2009-06-21 10:17 - JobOrganizer - INFO: Updating jobInformation list
2009-06-21 10:19 - JobOrganizer - INFO: Updating jobInformation list
2009-06-21 10:21 - JobOrganizer - INFO: Updating jobInformation list
2009-06-21 10:23 - JobOrganizer - INFO: Updating jobInformation list
2009-06-21 10:25 - JobOrganizer - INFO: Updating jobInformation list
2009-06-21 10:27 - JobOrganizer - INFO: Updating jobInformation list
2009-06-21 10:29 - JobOrganizer - INFO: Updating jobInformation list
2009-06-21 10:31 - JobOrganizer - INFO: Updating jobInformation list
2009-06-21 10:33 - JobOrganizer - INFO: Updating jobInformation list
2009-06-21 10:35 - JobOrganizer - INFO: Updating jobInformation list
2009-06-21 10:37 - JobOrganizer - INFO: Updating jobInformation list
2009-06-21 10:39 - JobOrganizer - INFO: Updating jobInformation list
2009-06-21 10:41 - JobOrganizer - INFO: Updating jobInformation list
2009-06-21 10:43 - JobOrganizer - INFO: Updating jobInformation list
2009-06-21 10:45 - JobOrganizer - INFO: Updating jobInformation list
2009-06-21 10:47 - JobOrganizer - INFO: Updating jobInformation list
2009-06-21 10:49 - JobOrganizer - INFO: Updating jobInformation list
2009-06-21 10:52 - JobOrganizer - INFO: Updating jobInformation list
2009-06-21 10:54 - JobOrganizer - INFO: Updating jobInformation list
2009-06-21 10:56 - JobOrganizer - INFO: Updating jobInformation list
2009-06-21 10:58 - JobOrganizer - INFO: Updating jobInformation list
2009-06-21 11:00 - JobOrganizer - INFO: Updating jobInformation list
2009-06-21 11:02 - JobOrganizer - INFO: Updating jobInformation list
2009-06-21 11:04 - JobOrganizer - INFO: Updating jobInformation list
2009-06-21 11:06 - JobOrganizer - INFO: Updating jobInformation list
2009-06-21 11:08 - JobOrganizer - INFO: Updating jobInformation list
2009-06-21 11:10 - JobOrganizer - INFO: Updating jobInformation list
2009-06-21 11:12 - JobOrganizer - INFO: Updating jobInformation list
2009-06-21 11:14 - JobOrganizer - INFO: Updating jobInformation list
2009-06-21 11:16 - JobOrganizer - INFO: Updating jobInformation list
2009-06-21 11:18 - JobOrganizer - INFO: Updating jobInformation list
2009-06-21 11:20 - JobOrganizer - INFO: Updating jobInformation list
2009-06-21 11:22 - JobOrganizer - INFO: Updating jobInformation list
2009-06-21 11:24 - JobOrganizer - INFO: Updating jobInformation list
2009-06-21 11:26 - JobOrganizer - INFO: Updating jobInformation list
2009-06-21 11:28 - JobOrganizer - INFO: Updating jobInformation list
2009-06-21 11:30 - JobOrganizer - INFO: Updating jobInformation list
2009-06-21 11:32 - JobOrganizer - INFO: Updating jobInformation list
2009-06-21 11:34 - JobOrganizer - INFO: Updating jobInformation list
2009-06-21 11:36 - JobOrganizer - INFO: Updating jobInformation list
2009-06-21 11:38 - JobOrganizer - INFO: Updating jobInformation list
2009-06-21 11:40 - JobOrganizer - INFO: Updating jobInformation list
2009-06-21 11:42 - JobOrganizer - INFO: Updating jobInformation list
2009-06-21 11:44 - JobOrganizer - INFO: Updating jobInformation list
2009-06-21 11:46 - JobOrganizer - INFO: Updating jobInformation list
2009-06-21 11:48 - JobOrganizer - INFO: Updating jobInformation list
2009-06-21 11:50 - JobOrganizer - INFO: Updating jobInformation list
2009-06-21 11:52 - JobOrganizer - INFO: Updating jobInformation list
2009-06-21 11:54 - JobOrganizer - INFO: Updating jobInformation list
2009-06-21 11:56 - JobOrganizer - INFO: Updating jobInformation list
2009-06-21 11:58 - JobOrganizer - INFO: Updating jobInformation list
2009-06-21 12:00 - JobOrganizer - INFO: Updating jobInformation list
2009-06-21 12:02 - JobOrganizer - INFO: Updating jobInformation list
2009-06-21 12:04 - JobOrganizer - INFO: Updating jobInformation list
2009-06-21 12:06 - JobOrganizer - INFO: Updating jobInformation list
2009-06-21 12:08 - JobOrganizer - INFO: Updating jobInformation list
2009-06-21 12:10 - JobOrganizer - INFO: Updating jobInformation list
2009-06-21 12:12 - JobOrganizer - INFO: Updating jobInformation list
2009-06-21 12:14 - JobOrganizer - INFO: Updating jobInformation list
2009-06-21 12:16 - JobOrganizer - INFO: Updating jobInformation list
2009-06-21 12:18 - JobOrganizer - INFO: Updating jobInformation list
2009-06-21 12:20 - JobOrganizer - INFO: Updating jobInformation list
2009-06-21 12:22 - JobOrganizer - INFO: Updating jobInformation list
2009-06-21 12:24 - JobOrganizer - INFO: Updating jobInformation list
2009-06-21 12:26 - JobOrganizer - INFO: Updating jobInformation list
2009-06-21 12:28 - JobOrganizer - INFO: Updating jobInformation list
2009-06-21 12:30 - JobOrganizer - INFO: Updating jobInformation list
2009-06-21 12:32 - JobOrganizer - INFO: Updating jobInformation list
2009-06-21 12:34 - JobOrganizer - INFO: Updating jobInformation list
2009-06-21 12:36 - JobOrganizer - INFO: Updating jobInformation list
2009-06-21 12:38 - JobOrganizer - INFO: Updating jobInformation list
2009-06-21 12:40 - JobOrganizer - INFO: Updating jobInformation list
2009-06-21 12:42 - JobOrganizer - INFO: Updating jobInformation list
2009-06-21 12:44 - JobOrganizer - INFO: Updating jobInformation list
2009-06-21 12:46 - JobOrganizer - INFO: Updating jobInformation list
2009-06-21 12:48 - JobOrganizer - INFO: Updating jobInformation list
2009-06-21 12:50 - JobOrganizer - INFO: Updating jobInformation list
2009-06-21 12:52 - JobOrganizer - INFO: Updating jobInformation list
2009-06-21 12:54 - JobOrganizer - INFO: Updating jobInformation list
2009-06-21 12:56 - JobOrganizer - INFO: Updating jobInformation list
2009-06-21 12:58 - JobOrganizer - INFO: Updating jobInformation list
2009-06-21 13:00 - JobOrganizer - INFO: Updating jobInformation list
2009-06-21 13:02 - JobOrganizer - INFO: Updating jobInformation list
2009-06-21 13:04 - JobOrganizer - INFO: Updating jobInformation list
2009-06-21 13:06 - JobOrganizer - INFO: Updating jobInformation list
2009-06-21 13:08 - JobOrganizer - INFO: Updating jobInformation list
2009-06-21 13:10 - JobOrganizer - INFO: Updating jobInformation list
2009-06-21 13:12 - JobOrganizer - INFO: Updating jobInformation list
2009-06-21 13:14 - JobOrganizer - INFO: Updating jobInformation list
2009-06-21 13:16 - JobOrganizer - INFO: Updating jobInformation list
2009-06-21 13:18 - JobOrganizer - INFO: Updating jobInformation list
2009-06-21 13:20 - JobOrganizer - INFO: Updating jobInformation list
2009-06-21 13:22 - JobOrganizer - INFO: Updating jobInformation list
2009-06-21 13:24 - JobOrganizer - INFO: Updating jobInformation list
2009-06-21 13:26 - JobOrganizer - INFO: Updating jobInformation list
2009-06-21 13:28 - JobOrganizer - INFO: Updating jobInformation list
2009-06-21 13:30 - JobOrganizer - INFO: Updating jobInformation list
2009-06-21 13:30 - JobOrganizer - INFO: validate job: True
2009-06-21 13:30 - JobOrganizer - INFO: jobInfo.validation: WAITING
2009-06-21 13:30 - JobOrganizer - INFO: 120510_L1CaloStandalone added to jobInformation list
2009-06-21 13:30 - JobOrganizer - INFO: validate job: True
2009-06-21 13:30 - JobOrganizer - INFO: jobInfo.validation: WAITING
2009-06-21 13:30 - JobOrganizer - INFO: 120511_L1CaloStandalone added to jobInformation list
2009-06-21 13:32 - JobOrganizer - INFO: Updating jobInformation list
2009-06-21 13:34 - JobOrganizer - INFO: Updating jobInformation list
2009-06-21 13:36 - JobOrganizer - INFO: Updating jobInformation list
2009-06-21 13:38 - JobOrganizer - INFO: Updating jobInformation list
2009-06-21 13:40 - JobOrganizer - INFO: Updating jobInformation list
2009-06-21 13:42 - JobOrganizer - INFO: Updating jobInformation list
2009-06-21 13:44 - JobOrganizer - INFO: Updating jobInformation list
2009-06-21 13:46 - JobOrganizer - INFO: Updating jobInformation list
2009-06-21 13:48 - JobOrganizer - INFO: Updating jobInformation list
2009-06-21 13:50 - JobOrganizer - INFO: Updating jobInformation list
2009-06-21 13:52 - JobOrganizer - INFO: Updating jobInformation list
2009-06-21 13:54 - JobOrganizer - INFO: Updating jobInformation list
2009-06-21 13:56 - JobOrganizer - INFO: Updating jobInformation list
2009-06-21 13:58 - JobOrganizer - INFO: Updating jobInformation list
2009-06-21 14:00 - JobOrganizer - INFO: Updating jobInformation list
2009-06-21 14:00 - JobOrganizer - INFO: validate job: True
2009-06-21 14:00 - JobOrganizer - INFO: jobInfo.validation: WAITING
2009-06-21 14:00 - JobOrganizer - INFO: 120512_L1CaloStandalone added to jobInformation list
2009-06-21 14:02 - JobOrganizer - INFO: Updating jobInformation list
2009-06-21 14:04 - JobOrganizer - INFO: Updating jobInformation list
2009-06-21 14:06 - JobOrganizer - INFO: Updating jobInformation list
2009-06-21 14:08 - JobOrganizer - INFO: Updating jobInformation list
2009-06-21 14:10 - JobOrganizer - INFO: Updating jobInformation list
2009-06-21 14:12 - JobOrganizer - INFO: Updating jobInformation list
2009-06-21 14:14 - JobOrganizer - INFO: Updating jobInformation list
2009-06-21 14:17 - JobOrganizer - INFO: Updating jobInformation list
2009-06-21 14:19 - JobOrganizer - INFO: Updating jobInformation list
2009-06-21 14:21 - JobOrganizer - INFO: Updating jobInformation list
2009-06-21 14:23 - JobOrganizer - INFO: Updating jobInformation list
2009-06-21 14:25 - JobOrganizer - INFO: Updating jobInformation list
2009-06-21 14:27 - JobOrganizer - INFO: Updating jobInformation list
2009-06-21 14:29 - JobOrganizer - INFO: Updating jobInformation list
2009-06-21 14:31 - JobOrganizer - INFO: Updating jobInformation list
2009-06-21 14:33 - JobOrganizer - INFO: Updating jobInformation list
2009-06-21 14:35 - JobOrganizer - INFO: Updating jobInformation list
2009-06-21 14:37 - JobOrganizer - INFO: Updating jobInformation list
2009-06-21 14:39 - JobOrganizer - INFO: Updating jobInformation list
2009-06-21 14:41 - JobOrganizer - INFO: Updating jobInformation list
2009-06-21 14:43 - JobOrganizer - INFO: Updating jobInformation list
2009-06-21 14:45 - JobOrganizer - INFO: Updating jobInformation list
2009-06-21 14:47 - JobOrganizer - INFO: Updating jobInformation list
2009-06-21 14:49 - JobOrganizer - INFO: Updating jobInformation list
2009-06-21 14:51 - JobOrganizer - INFO: Updating jobInformation list
2009-06-21 14:53 - JobOrganizer - INFO: Updating jobInformation list
2009-06-21 14:55 - JobOrganizer - INFO: Updating jobInformation list
2009-06-21 14:57 - JobOrganizer - INFO: Updating jobInformation list
2009-06-21 14:59 - JobOrganizer - INFO: Updating jobInformation list
2009-06-21 15:01 - JobOrganizer - INFO: Updating jobInformation list
2009-06-21 15:03 - JobOrganizer - INFO: Updating jobInformation list
2009-06-21 15:05 - JobOrganizer - INFO: Updating jobInformation list
2009-06-21 15:07 - JobOrganizer - INFO: Updating jobInformation list
2009-06-21 15:09 - JobOrganizer - INFO: Updating jobInformation list
2009-06-21 15:11 - JobOrganizer - INFO: Updating jobInformation list
2009-06-21 15:13 - JobOrganizer - INFO: Updating jobInformation list
2009-06-21 15:15 - JobOrganizer - INFO: Updating jobInformation list
2009-06-21 15:17 - JobOrganizer - INFO: Updating jobInformation list
2009-06-21 15:19 - JobOrganizer - INFO: Updating jobInformation list
2009-06-21 15:21 - JobOrganizer - INFO: Updating jobInformation list
2009-06-21 15:23 - JobOrganizer - INFO: Updating jobInformation list
2009-06-21 15:25 - JobOrganizer - INFO: Updating jobInformation list
2009-06-21 15:27 - JobOrganizer - INFO: Updating jobInformation list
2009-06-21 15:29 - JobOrganizer - INFO: Updating jobInformation list
2009-06-21 15:31 - JobOrganizer - INFO: Updating jobInformation list
2009-06-21 15:33 - JobOrganizer - INFO: Updating jobInformation list
2009-06-21 15:35 - JobOrganizer - INFO: Updating jobInformation list
2009-06-21 15:37 - JobOrganizer - INFO: Updating jobInformation list
2009-06-21 15:39 - JobOrganizer - INFO: Updating jobInformation list
2009-06-21 15:41 - JobOrganizer - INFO: Updating jobInformation list
2009-06-21 15:43 - JobOrganizer - INFO: Updating jobInformation list
2009-06-21 15:45 - JobOrganizer - INFO: Updating jobInformation list
2009-06-21 15:47 - JobOrganizer - INFO: Updating jobInformation list
2009-06-21 15:49 - JobOrganizer - INFO: Updating jobInformation list
2009-06-21 15:51 - JobOrganizer - INFO: Updating jobInformation list
2009-06-21 15:53 - JobOrganizer - INFO: Updating jobInformation list
2009-06-21 15:55 - JobOrganizer - INFO: Updating jobInformation list
2009-06-21 15:57 - JobOrganizer - INFO: Updating jobInformation list
2009-06-21 15:59 - JobOrganizer - INFO: Updating jobInformation list
2009-06-21 16:01 - JobOrganizer - INFO: Updating jobInformation list
2009-06-21 16:03 - JobOrganizer - INFO: Updating jobInformation list
2009-06-21 16:05 - JobOrganizer - INFO: Updating jobInformation list
2009-06-21 16:07 - JobOrganizer - INFO: Updating jobInformation list
2009-06-21 16:09 - JobOrganizer - INFO: Updating jobInformation list
2009-06-21 16:11 - JobOrganizer - INFO: Updating jobInformation list
2009-06-21 16:13 - JobOrganizer - INFO: Updating jobInformation list
2009-06-21 16:15 - JobOrganizer - INFO: Updating jobInformation list
2009-06-21 16:17 - JobOrganizer - INFO: Updating jobInformation list
2009-06-21 16:19 - JobOrganizer - INFO: Updating jobInformation list
2009-06-21 16:21 - JobOrganizer - INFO: Updating jobInformation list
2009-06-21 16:23 - JobOrganizer - INFO: Updating jobInformation list
2009-06-21 16:25 - JobOrganizer - INFO: Updating jobInformation list
2009-06-21 16:27 - JobOrganizer - INFO: Updating jobInformation list
2009-06-21 16:29 - JobOrganizer - INFO: Updating jobInformation list
2009-06-21 16:31 - JobOrganizer - INFO: Updating jobInformation list
2009-06-21 16:33 - JobOrganizer - INFO: Updating jobInformation list
2009-06-21 16:35 - JobOrganizer - INFO: Updating jobInformation list
2009-06-21 16:37 - JobOrganizer - INFO: Updating jobInformation list
2009-06-21 16:39 - JobOrganizer - INFO: Updating jobInformation list
2009-06-21 16:41 - JobOrganizer - INFO: Updating jobInformation list
2009-06-21 16:43 - JobOrganizer - INFO: Updating jobInformation list
2009-06-21 16:45 - JobOrganizer - INFO: Updating jobInformation list
2009-06-21 16:47 - JobOrganizer - INFO: Updating jobInformation list
2009-06-21 16:49 - JobOrganizer - INFO: Updating jobInformation list
2009-06-21 16:51 - JobOrganizer - INFO: Updating jobInformation list
2009-06-21 16:53 - JobOrganizer - INFO: Updating jobInformation list
2009-06-21 16:55 - JobOrganizer - INFO: Updating jobInformation list
2009-06-21 16:57 - JobOrganizer - INFO: Updating jobInformation list
2009-06-21 16:59 - JobOrganizer - INFO: Updating jobInformation list
2009-06-21 17:01 - JobOrganizer - INFO: Updating jobInformation list
2009-06-21 17:03 - JobOrganizer - INFO: Updating jobInformation list
2009-06-21 17:05 - JobOrganizer - INFO: Updating jobInformation list
2009-06-21 17:07 - JobOrganizer - INFO: Updating jobInformation list
2009-06-21 17:09 - JobOrganizer - INFO: Updating jobInformation list
2009-06-21 17:11 - JobOrganizer - INFO: Updating jobInformation list
2009-06-21 17:13 - JobOrganizer - INFO: Updating jobInformation list
2009-06-21 17:15 - JobOrganizer - INFO: Updating jobInformation list
2009-06-21 17:17 - JobOrganizer - INFO: Updating jobInformation list
2009-06-21 17:19 - JobOrganizer - INFO: Updating jobInformation list
2009-06-21 17:21 - JobOrganizer - INFO: Updating jobInformation list
2009-06-21 17:23 - JobOrganizer - INFO: Updating jobInformation list
2009-06-21 17:25 - JobOrganizer - INFO: Updating jobInformation list
2009-06-21 17:27 - JobOrganizer - INFO: Updating jobInformation list
2009-06-21 17:29 - JobOrganizer - INFO: Updating jobInformation list
2009-06-21 17:31 - JobOrganizer - INFO: Updating jobInformation list
2009-06-21 17:33 - JobOrganizer - INFO: Updating jobInformation list
2009-06-21 17:35 - JobOrganizer - INFO: Updating jobInformation list
2009-06-21 17:37 - JobOrganizer - INFO: Updating jobInformation list
2009-06-21 17:40 - JobOrganizer - INFO: Updating jobInformation list
2009-06-21 17:42 - JobOrganizer - INFO: Updating jobInformation list
2009-06-21 17:44 - JobOrganizer - INFO: Updating jobInformation list
2009-06-21 17:46 - JobOrganizer - INFO: Updating jobInformation list
2009-06-21 17:48 - JobOrganizer - INFO: Updating jobInformation list
2009-06-21 17:50 - JobOrganizer - INFO: Updating jobInformation list
2009-06-21 17:52 - JobOrganizer - INFO: Updating jobInformation list
2009-06-21 17:54 - JobOrganizer - INFO: Updating jobInformation list
2009-06-21 17:56 - JobOrganizer - INFO: Updating jobInformation list
2009-06-21 17:58 - JobOrganizer - INFO: Updating jobInformation list
2009-06-21 18:00 - JobOrganizer - INFO: Updating jobInformation list
2009-06-21 18:02 - JobOrganizer - INFO: Updating jobInformation list
2009-06-21 18:04 - JobOrganizer - INFO: Updating jobInformation list
2009-06-21 18:06 - JobOrganizer - INFO: Updating jobInformation list
2009-06-21 18:08 - JobOrganizer - INFO: Updating jobInformation list
2009-06-21 18:10 - JobOrganizer - INFO: Updating jobInformation list
2009-06-21 18:12 - JobOrganizer - INFO: Updating jobInformation list
2009-06-21 18:14 - JobOrganizer - INFO: Updating jobInformation list
2009-06-21 18:16 - JobOrganizer - INFO: Updating jobInformation list
2009-06-21 18:18 - JobOrganizer - INFO: Updating jobInformation list
2009-06-21 18:20 - JobOrganizer - INFO: Updating jobInformation list
2009-06-21 18:22 - JobOrganizer - INFO: Updating jobInformation list
2009-06-21 18:24 - JobOrganizer - INFO: Updating jobInformation list
2009-06-21 18:26 - JobOrganizer - INFO: Updating jobInformation list
2009-06-21 18:28 - JobOrganizer - INFO: Updating jobInformation list
2009-06-21 18:30 - JobOrganizer - INFO: Updating jobInformation list
2009-06-21 18:32 - JobOrganizer - INFO: Updating jobInformation list
2009-06-21 18:34 - JobOrganizer - INFO: Updating jobInformation list
2009-06-21 18:36 - JobOrganizer - INFO: Updating jobInformation list
2009-06-21 18:38 - JobOrganizer - INFO: Updating jobInformation list
2009-06-21 18:40 - JobOrganizer - INFO: Updating jobInformation list
2009-06-21 18:42 - JobOrganizer - INFO: Updating jobInformation list
2009-06-21 18:44 - JobOrganizer - INFO: Updating jobInformation list
2009-06-21 18:46 - JobOrganizer - INFO: Updating jobInformation list
2009-06-21 18:48 - JobOrganizer - INFO: Updating jobInformation list
2009-06-21 18:50 - JobOrganizer - INFO: Updating jobInformation list
2009-06-21 18:52 - JobOrganizer - INFO: Updating jobInformation list
2009-06-21 18:54 - JobOrganizer - INFO: Updating jobInformation list
2009-06-21 18:56 - JobOrganizer - INFO: Updating jobInformation list
2009-06-21 18:58 - JobOrganizer - INFO: Updating jobInformation list
2009-06-21 19:00 - JobOrganizer - INFO: Updating jobInformation list
2009-06-21 19:02 - JobOrganizer - INFO: Updating jobInformation list
2009-06-21 19:04 - JobOrganizer - INFO: Updating jobInformation list
2009-06-21 19:04 - JobOrganizer - INFO: validate job: True
2009-06-21 19:04 - JobOrganizer - INFO: jobInfo.validation: WAITING
2009-06-21 19:04 - JobOrganizer - INFO: 120525_L1CaloStandalone added to jobInformation list
2009-06-21 19:06 - JobOrganizer - INFO: Updating jobInformation list
2009-06-21 19:08 - JobOrganizer - INFO: Updating jobInformation list
2009-06-21 19:10 - JobOrganizer - INFO: Updating jobInformation list
2009-06-21 19:12 - JobOrganizer - INFO: Updating jobInformation list
2009-06-21 19:14 - JobOrganizer - INFO: Updating jobInformation list
2009-06-21 19:16 - JobOrganizer - INFO: Updating jobInformation list
2009-06-21 19:18 - JobOrganizer - INFO: Updating jobInformation list
2009-06-21 19:20 - JobOrganizer - INFO: Updating jobInformation list
2009-06-21 19:22 - JobOrganizer - INFO: Updating jobInformation list
2009-06-21 19:24 - JobOrganizer - INFO: Updating jobInformation list
2009-06-21 19:26 - JobOrganizer - INFO: Updating jobInformation list
2009-06-21 19:28 - JobOrganizer - INFO: Updating jobInformation list
2009-06-21 19:30 - JobOrganizer - INFO: Updating jobInformation list
2009-06-21 19:32 - JobOrganizer - INFO: Updating jobInformation list
2009-06-21 19:34 - JobOrganizer - INFO: Updating jobInformation list
2009-06-21 19:36 - JobOrganizer - INFO: Updating jobInformation list
2009-06-21 19:38 - JobOrganizer - INFO: Updating jobInformation list
2009-06-21 19:40 - JobOrganizer - INFO: Updating jobInformation list
2009-06-21 19:42 - JobOrganizer - INFO: Updating jobInformation list
2009-06-21 19:44 - JobOrganizer - INFO: Updating jobInformation list
2009-06-21 19:46 - JobOrganizer - INFO: Updating jobInformation list
2009-06-21 19:48 - JobOrganizer - INFO: Updating jobInformation list
2009-06-21 19:50 - JobOrganizer - INFO: Updating jobInformation list
2009-06-21 19:52 - JobOrganizer - INFO: Updating jobInformation list
2009-06-21 19:54 - JobOrganizer - INFO: Updating jobInformation list
2009-06-21 19:56 - JobOrganizer - INFO: Updating jobInformation list
2009-06-21 19:58 - JobOrganizer - INFO: Updating jobInformation list
2009-06-21 20:00 - JobOrganizer - INFO: Updating jobInformation list
2009-06-21 20:02 - JobOrganizer - INFO: Updating jobInformation list
2009-06-21 20:04 - JobOrganizer - INFO: Updating jobInformation list
2009-06-21 20:06 - JobOrganizer - INFO: Updating jobInformation list
2009-06-21 20:08 - JobOrganizer - INFO: Updating jobInformation list
2009-06-21 20:10 - JobOrganizer - INFO: Updating jobInformation list
2009-06-21 20:12 - JobOrganizer - INFO: Updating jobInformation list
2009-06-21 20:14 - JobOrganizer - INFO: Updating jobInformation list
2009-06-21 20:16 - JobOrganizer - INFO: Updating jobInformation list
2009-06-21 20:18 - JobOrganizer - INFO: Updating jobInformation list
2009-06-21 20:20 - JobOrganizer - INFO: Updating jobInformation list
2009-06-21 20:22 - JobOrganizer - INFO: Updating jobInformation list
2009-06-21 20:24 - JobOrganizer - INFO: Updating jobInformation list
2009-06-21 20:26 - JobOrganizer - INFO: Updating jobInformation list
2009-06-21 20:29 - JobOrganizer - INFO: Updating jobInformation list
2009-06-21 20:31 - JobOrganizer - INFO: Updating jobInformation list
2009-06-21 20:33 - JobOrganizer - INFO: Updating jobInformation list
2009-06-21 20:35 - JobOrganizer - INFO: Updating jobInformation list
2009-06-21 20:37 - JobOrganizer - INFO: Updating jobInformation list
2009-06-21 20:39 - JobOrganizer - INFO: Updating jobInformation list
2009-06-21 20:41 - JobOrganizer - INFO: Updating jobInformation list
2009-06-21 20:43 - JobOrganizer - INFO: Updating jobInformation list
2009-06-21 20:45 - JobOrganizer - INFO: Updating jobInformation list
2009-06-21 20:47 - JobOrganizer - INFO: Updating jobInformation list
2009-06-21 20:49 - JobOrganizer - INFO: Updating jobInformation list
2009-06-21 20:51 - JobOrganizer - INFO: Updating jobInformation list
2009-06-21 20:53 - JobOrganizer - INFO: Updating jobInformation list
2009-06-21 20:55 - JobOrganizer - INFO: Updating jobInformation list
2009-06-21 20:57 - JobOrganizer - INFO: Updating jobInformation list
2009-06-21 20:59 - JobOrganizer - INFO: Updating jobInformation list
2009-06-21 21:01 - JobOrganizer - INFO: Updating jobInformation list
2009-06-21 21:03 - JobOrganizer - INFO: Updating jobInformation list
2009-06-21 21:05 - JobOrganizer - INFO: Updating jobInformation list
2009-06-21 21:07 - JobOrganizer - INFO: Updating jobInformation list
2009-06-21 21:09 - JobOrganizer - INFO: Updating jobInformation list
2009-06-21 21:11 - JobOrganizer - INFO: Updating jobInformation list
2009-06-21 21:13 - JobOrganizer - INFO: Updating jobInformation list
2009-06-21 21:15 - JobOrganizer - INFO: Updating jobInformation list
2009-06-21 21:17 - JobOrganizer - INFO: Updating jobInformation list
2009-06-21 21:19 - JobOrganizer - INFO: Updating jobInformation list
2009-06-21 21:21 - JobOrganizer - INFO: Updating jobInformation list
2009-06-21 21:23 - JobOrganizer - INFO: Updating jobInformation list
2009-06-21 21:25 - JobOrganizer - INFO: Updating jobInformation list
2009-06-21 21:27 - JobOrganizer - INFO: Updating jobInformation list
2009-06-21 21:29 - JobOrganizer - INFO: Updating jobInformation list
2009-06-21 21:31 - JobOrganizer - INFO: Updating jobInformation list
2009-06-21 21:33 - JobOrganizer - INFO: Updating jobInformation list
2009-06-21 21:35 - JobOrganizer - INFO: Updating jobInformation list
2009-06-21 21:37 - JobOrganizer - INFO: Updating jobInformation list
2009-06-21 21:39 - JobOrganizer - INFO: Updating jobInformation list
2009-06-21 21:41 - JobOrganizer - INFO: Updating jobInformation list
2009-06-21 21:43 - JobOrganizer - INFO: Updating jobInformation list
2009-06-21 21:45 - JobOrganizer - INFO: Updating jobInformation list
2009-06-21 21:47 - JobOrganizer - INFO: Updating jobInformation list
2009-06-21 21:49 - JobOrganizer - INFO: Updating jobInformation list
2009-06-21 21:51 - JobOrganizer - INFO: Updating jobInformation list
2009-06-21 21:53 - JobOrganizer - INFO: Updating jobInformation list
2009-06-21 21:55 - JobOrganizer - INFO: Updating jobInformation list
2009-06-21 21:57 - JobOrganizer - INFO: Updating jobInformation list
2009-06-21 21:59 - JobOrganizer - INFO: Updating jobInformation list
2009-06-21 22:01 - JobOrganizer - INFO: Updating jobInformation list
2009-06-21 22:03 - JobOrganizer - INFO: Updating jobInformation list
2009-06-21 22:05 - JobOrganizer - INFO: Updating jobInformation list
2009-06-21 22:07 - JobOrganizer - INFO: Updating jobInformation list
2009-06-21 22:09 - JobOrganizer - INFO: Updating jobInformation list
2009-06-21 22:11 - JobOrganizer - INFO: Updating jobInformation list
2009-06-21 22:13 - JobOrganizer - INFO: Updating jobInformation list
2009-06-21 22:15 - JobOrganizer - INFO: Updating jobInformation list
2009-06-21 22:17 - JobOrganizer - INFO: Updating jobInformation list
2009-06-21 22:19 - JobOrganizer - INFO: Updating jobInformation list
2009-06-21 22:21 - JobOrganizer - INFO: Updating jobInformation list
2009-06-21 22:23 - JobOrganizer - INFO: Updating jobInformation list
2009-06-21 22:25 - JobOrganizer - INFO: Updating jobInformation list
2009-06-21 22:27 - JobOrganizer - INFO: Updating jobInformation list
2009-06-21 22:29 - JobOrganizer - INFO: Updating jobInformation list
2009-06-21 22:31 - JobOrganizer - INFO: Updating jobInformation list
2009-06-21 22:33 - JobOrganizer - INFO: Updating jobInformation list
2009-06-21 22:35 - JobOrganizer - INFO: Updating jobInformation list
2009-06-21 22:37 - JobOrganizer - INFO: Updating jobInformation list
2009-06-21 22:39 - JobOrganizer - INFO: Updating jobInformation list
2009-06-21 22:41 - JobOrganizer - INFO: Updating jobInformation list
2009-06-21 22:43 - JobOrganizer - INFO: Updating jobInformation list
2009-06-21 22:45 - JobOrganizer - INFO: Updating jobInformation list
2009-06-21 22:47 - JobOrganizer - INFO: Updating jobInformation list
2009-06-21 22:49 - JobOrganizer - INFO: Updating jobInformation list
2009-06-21 22:51 - JobOrganizer - INFO: Updating jobInformation list
2009-06-21 22:53 - JobOrganizer - INFO: Updating jobInformation list
2009-06-21 22:55 - JobOrganizer - INFO: Updating jobInformation list
2009-06-21 22:57 - JobOrganizer - INFO: Updating jobInformation list
2009-06-21 22:59 - JobOrganizer - INFO: Updating jobInformation list
2009-06-21 23:01 - JobOrganizer - INFO: Updating jobInformation list
2009-06-21 23:03 - JobOrganizer - INFO: Updating jobInformation list
2009-06-21 23:05 - JobOrganizer - INFO: Updating jobInformation list
2009-06-21 23:07 - JobOrganizer - INFO: Updating jobInformation list
2009-06-21 23:09 - JobOrganizer - INFO: Updating jobInformation list
2009-06-21 23:11 - JobOrganizer - INFO: Updating jobInformation list
2009-06-21 23:13 - JobOrganizer - INFO: Updating jobInformation list
2009-06-21 23:15 - JobOrganizer - INFO: Updating jobInformation list
2009-06-21 23:17 - JobOrganizer - INFO: Updating jobInformation list
2009-06-21 23:19 - JobOrganizer - INFO: Updating jobInformation list
2009-06-21 23:21 - JobOrganizer - INFO: Updating jobInformation list
2009-06-21 23:23 - JobOrganizer - INFO: Updating jobInformation list
2009-06-21 23:25 - JobOrganizer - INFO: Updating jobInformation list
2009-06-21 23:27 - JobOrganizer - INFO: Updating jobInformation list
2009-06-21 23:29 - JobOrganizer - INFO: Updating jobInformation list
2009-06-21 23:31 - JobOrganizer - INFO: Updating jobInformation list
2009-06-21 23:33 - JobOrganizer - INFO: Updating jobInformation list
2009-06-21 23:35 - JobOrganizer - INFO: Updating jobInformation list
2009-06-21 23:37 - JobOrganizer - INFO: Updating jobInformation list
2009-06-21 23:39 - JobOrganizer - INFO: Updating jobInformation list
2009-06-21 23:41 - JobOrganizer - INFO: Updating jobInformation list
2009-06-21 23:43 - JobOrganizer - INFO: Updating jobInformation list
2009-06-21 23:45 - JobOrganizer - INFO: Updating jobInformation list
2009-06-21 23:47 - JobOrganizer - INFO: Updating jobInformation list
2009-06-21 23:49 - JobOrganizer - INFO: Updating jobInformation list
2009-06-21 23:51 - JobOrganizer - INFO: Updating jobInformation list
2009-06-21 23:53 - JobOrganizer - INFO: Updating jobInformation list
2009-06-21 23:56 - JobOrganizer - INFO: Updating jobInformation list
2009-06-21 23:58 - JobOrganizer - INFO: Updating jobInformation list
2009-06-22 00:00 - JobOrganizer - INFO: Updating jobInformation list
