2009-04-04 00:00 - JobOrganizer - INFO: ========================================
2009-04-04 00:00 - JobOrganizer - INFO: JobOrganizer in init
2009-04-04 00:00 - JobOrganizer - INFO: init file JobOrganizerConfig.py was found
2009-04-04 00:00 - JobOrganizer - INFO: retrieveing Db parameters from JobOrganizerConfig.py file
2009-04-04 00:00 - JobOrganizer - INFO: creating job configurations from JobOrganizerConfig.py file
2009-04-04 00:00 - JobOrganizer - INFO: JobOrganizer initialized
2009-04-04 00:00 - JobOrganizer - INFO: ========================================
2009-04-04 00:02 - JobOrganizer - INFO: Updating jobInformation list
2009-04-04 00:04 - JobOrganizer - INFO: Updating jobInformation list
2009-04-04 00:06 - JobOrganizer - INFO: Updating jobInformation list
2009-04-04 00:08 - JobOrganizer - INFO: Updating jobInformation list
2009-04-04 00:10 - JobOrganizer - INFO: Updating jobInformation list
2009-04-04 00:12 - JobOrganizer - INFO: Updating jobInformation list
2009-04-04 00:14 - JobOrganizer - INFO: Updating jobInformation list
2009-04-04 00:16 - JobOrganizer - INFO: Updating jobInformation list
2009-04-04 00:18 - JobOrganizer - INFO: Updating jobInformation list
2009-04-04 00:20 - JobOrganizer - INFO: Updating jobInformation list
2009-04-04 00:22 - JobOrganizer - INFO: Updating jobInformation list
2009-04-04 00:24 - JobOrganizer - INFO: Updating jobInformation list
2009-04-04 00:26 - JobOrganizer - INFO: Updating jobInformation list
2009-04-04 00:28 - JobOrganizer - INFO: Updating jobInformation list
2009-04-04 00:30 - JobOrganizer - INFO: Updating jobInformation list
2009-04-04 00:32 - JobOrganizer - INFO: Updating jobInformation list
2009-04-04 00:34 - JobOrganizer - INFO: Updating jobInformation list
2009-04-04 00:36 - JobOrganizer - INFO: Updating jobInformation list
2009-04-04 00:38 - JobOrganizer - INFO: Updating jobInformation list
2009-04-04 00:40 - JobOrganizer - INFO: Updating jobInformation list
2009-04-04 00:42 - JobOrganizer - INFO: Updating jobInformation list
2009-04-04 00:44 - JobOrganizer - INFO: Updating jobInformation list
2009-04-04 00:46 - JobOrganizer - INFO: Updating jobInformation list
2009-04-04 00:48 - JobOrganizer - INFO: Updating jobInformation list
2009-04-04 00:51 - JobOrganizer - INFO: Updating jobInformation list
2009-04-04 00:53 - JobOrganizer - INFO: Updating jobInformation list
2009-04-04 00:55 - JobOrganizer - INFO: Updating jobInformation list
2009-04-04 00:57 - JobOrganizer - INFO: Updating jobInformation list
2009-04-04 00:59 - JobOrganizer - INFO: Updating jobInformation list
2009-04-04 01:01 - JobOrganizer - INFO: Updating jobInformation list
2009-04-04 01:03 - JobOrganizer - INFO: Updating jobInformation list
2009-04-04 01:05 - JobOrganizer - INFO: Updating jobInformation list
2009-04-04 01:07 - JobOrganizer - INFO: Updating jobInformation list
2009-04-04 01:09 - JobOrganizer - INFO: Updating jobInformation list
2009-04-04 01:11 - JobOrganizer - INFO: Updating jobInformation list
2009-04-04 01:13 - JobOrganizer - INFO: Updating jobInformation list
2009-04-04 01:15 - JobOrganizer - INFO: Updating jobInformation list
2009-04-04 01:17 - JobOrganizer - INFO: Updating jobInformation list
2009-04-04 01:19 - JobOrganizer - INFO: Updating jobInformation list
2009-04-04 01:21 - JobOrganizer - INFO: Updating jobInformation list
2009-04-04 01:23 - JobOrganizer - INFO: Updating jobInformation list
2009-04-04 01:25 - JobOrganizer - INFO: Updating jobInformation list
2009-04-04 01:27 - JobOrganizer - INFO: Updating jobInformation list
2009-04-04 01:29 - JobOrganizer - INFO: Updating jobInformation list
2009-04-04 01:31 - JobOrganizer - INFO: Updating jobInformation list
2009-04-04 01:33 - JobOrganizer - INFO: Updating jobInformation list
2009-04-04 01:35 - JobOrganizer - INFO: Updating jobInformation list
2009-04-04 01:37 - JobOrganizer - INFO: Updating jobInformation list
2009-04-04 01:39 - JobOrganizer - INFO: Updating jobInformation list
2009-04-04 01:41 - JobOrganizer - INFO: Updating jobInformation list
2009-04-04 01:43 - JobOrganizer - INFO: Updating jobInformation list
2009-04-04 01:45 - JobOrganizer - INFO: Updating jobInformation list
2009-04-04 01:47 - JobOrganizer - INFO: Updating jobInformation list
2009-04-04 01:49 - JobOrganizer - INFO: Updating jobInformation list
2009-04-04 01:51 - JobOrganizer - INFO: Updating jobInformation list
2009-04-04 01:53 - JobOrganizer - INFO: Updating jobInformation list
2009-04-04 01:55 - JobOrganizer - INFO: Updating jobInformation list
2009-04-04 01:57 - JobOrganizer - INFO: Updating jobInformation list
2009-04-04 01:59 - JobOrganizer - INFO: Updating jobInformation list
2009-04-04 02:01 - JobOrganizer - INFO: Updating jobInformation list
2009-04-04 02:03 - JobOrganizer - INFO: Updating jobInformation list
2009-04-04 02:05 - JobOrganizer - INFO: Updating jobInformation list
2009-04-04 02:07 - JobOrganizer - INFO: Updating jobInformation list
2009-04-04 02:09 - JobOrganizer - INFO: Updating jobInformation list
2009-04-04 02:11 - JobOrganizer - INFO: Updating jobInformation list
2009-04-04 02:13 - JobOrganizer - INFO: Updating jobInformation list
2009-04-04 02:15 - JobOrganizer - INFO: Updating jobInformation list
2009-04-04 02:17 - JobOrganizer - INFO: Updating jobInformation list
2009-04-04 02:20 - JobOrganizer - INFO: Updating jobInformation list
2009-04-04 02:22 - JobOrganizer - INFO: Updating jobInformation list
2009-04-04 02:24 - JobOrganizer - INFO: Updating jobInformation list
2009-04-04 02:26 - JobOrganizer - INFO: Updating jobInformation list
2009-04-04 02:28 - JobOrganizer - INFO: Updating jobInformation list
2009-04-04 02:30 - JobOrganizer - INFO: Updating jobInformation list
2009-04-04 02:32 - JobOrganizer - INFO: Updating jobInformation list
2009-04-04 02:34 - JobOrganizer - INFO: Updating jobInformation list
2009-04-04 02:36 - JobOrganizer - INFO: Updating jobInformation list
2009-04-04 02:38 - JobOrganizer - INFO: Updating jobInformation list
2009-04-04 02:40 - JobOrganizer - INFO: Updating jobInformation list
2009-04-04 02:42 - JobOrganizer - INFO: Updating jobInformation list
2009-04-04 02:44 - JobOrganizer - INFO: Updating jobInformation list
2009-04-04 02:46 - JobOrganizer - INFO: Updating jobInformation list
2009-04-04 02:48 - JobOrganizer - INFO: Updating jobInformation list
2009-04-04 02:50 - JobOrganizer - INFO: Updating jobInformation list
2009-04-04 02:52 - JobOrganizer - INFO: Updating jobInformation list
2009-04-04 02:54 - JobOrganizer - INFO: Updating jobInformation list
2009-04-04 02:56 - JobOrganizer - INFO: Updating jobInformation list
2009-04-04 02:58 - JobOrganizer - INFO: Updating jobInformation list
2009-04-04 03:00 - JobOrganizer - INFO: Updating jobInformation list
2009-04-04 03:02 - JobOrganizer - INFO: Updating jobInformation list
2009-04-04 03:04 - JobOrganizer - INFO: Updating jobInformation list
2009-04-04 03:06 - JobOrganizer - INFO: Updating jobInformation list
2009-04-04 03:08 - JobOrganizer - INFO: Updating jobInformation list
2009-04-04 03:10 - JobOrganizer - INFO: Updating jobInformation list
2009-04-04 03:12 - JobOrganizer - INFO: Updating jobInformation list
2009-04-04 03:14 - JobOrganizer - INFO: Updating jobInformation list
2009-04-04 03:17 - JobOrganizer - INFO: Updating jobInformation list
2009-04-04 03:19 - JobOrganizer - INFO: Updating jobInformation list
2009-04-04 03:21 - JobOrganizer - INFO: Updating jobInformation list
2009-04-04 03:23 - JobOrganizer - INFO: Updating jobInformation list
2009-04-04 03:25 - JobOrganizer - INFO: Updating jobInformation list
2009-04-04 03:27 - JobOrganizer - INFO: Updating jobInformation list
2009-04-04 03:29 - JobOrganizer - INFO: Updating jobInformation list
2009-04-04 03:31 - JobOrganizer - INFO: Updating jobInformation list
2009-04-04 03:33 - JobOrganizer - INFO: Updating jobInformation list
2009-04-04 03:35 - JobOrganizer - INFO: Updating jobInformation list
2009-04-04 03:37 - JobOrganizer - INFO: Updating jobInformation list
2009-04-04 03:39 - JobOrganizer - INFO: Updating jobInformation list
2009-04-04 03:41 - JobOrganizer - INFO: Updating jobInformation list
2009-04-04 03:43 - JobOrganizer - INFO: Updating jobInformation list
2009-04-04 03:45 - JobOrganizer - INFO: Updating jobInformation list
2009-04-04 03:47 - JobOrganizer - INFO: Updating jobInformation list
2009-04-04 03:49 - JobOrganizer - INFO: Updating jobInformation list
2009-04-04 03:51 - JobOrganizer - INFO: Updating jobInformation list
2009-04-04 03:53 - JobOrganizer - INFO: Updating jobInformation list
2009-04-04 03:55 - JobOrganizer - INFO: Updating jobInformation list
2009-04-04 03:57 - JobOrganizer - INFO: Updating jobInformation list
2009-04-04 03:59 - JobOrganizer - INFO: Updating jobInformation list
2009-04-04 04:01 - JobOrganizer - INFO: Updating jobInformation list
2009-04-04 04:03 - JobOrganizer - INFO: Updating jobInformation list
2009-04-04 04:05 - JobOrganizer - INFO: Updating jobInformation list
2009-04-04 04:07 - JobOrganizer - INFO: Updating jobInformation list
2009-04-04 04:09 - JobOrganizer - INFO: Updating jobInformation list
2009-04-04 04:11 - JobOrganizer - INFO: Updating jobInformation list
2009-04-04 04:13 - JobOrganizer - INFO: Updating jobInformation list
2009-04-04 04:15 - JobOrganizer - INFO: Updating jobInformation list
2009-04-04 04:17 - JobOrganizer - INFO: Updating jobInformation list
2009-04-04 04:19 - JobOrganizer - INFO: Updating jobInformation list
2009-04-04 04:21 - JobOrganizer - INFO: Updating jobInformation list
2009-04-04 04:23 - JobOrganizer - INFO: Updating jobInformation list
2009-04-04 04:25 - JobOrganizer - INFO: Updating jobInformation list
2009-04-04 04:27 - JobOrganizer - INFO: Updating jobInformation list
2009-04-04 04:29 - JobOrganizer - INFO: Updating jobInformation list
2009-04-04 04:31 - JobOrganizer - INFO: Updating jobInformation list
2009-04-04 04:33 - JobOrganizer - INFO: Updating jobInformation list
2009-04-04 04:35 - JobOrganizer - INFO: Updating jobInformation list
2009-04-04 04:37 - JobOrganizer - INFO: Updating jobInformation list
2009-04-04 04:39 - JobOrganizer - INFO: Updating jobInformation list
2009-04-04 04:41 - JobOrganizer - INFO: Updating jobInformation list
2009-04-04 04:43 - JobOrganizer - INFO: Updating jobInformation list
2009-04-04 04:45 - JobOrganizer - INFO: Updating jobInformation list
2009-04-04 04:47 - JobOrganizer - INFO: Updating jobInformation list
2009-04-04 04:49 - JobOrganizer - INFO: Updating jobInformation list
2009-04-04 04:51 - JobOrganizer - INFO: Updating jobInformation list
2009-04-04 04:53 - JobOrganizer - INFO: Updating jobInformation list
2009-04-04 04:55 - JobOrganizer - INFO: Updating jobInformation list
2009-04-04 04:57 - JobOrganizer - INFO: Updating jobInformation list
2009-04-04 04:59 - JobOrganizer - INFO: Updating jobInformation list
2009-04-04 05:01 - JobOrganizer - INFO: Updating jobInformation list
2009-04-04 05:03 - JobOrganizer - INFO: Updating jobInformation list
2009-04-04 05:05 - JobOrganizer - INFO: Updating jobInformation list
2009-04-04 05:07 - JobOrganizer - INFO: Updating jobInformation list
2009-04-04 05:09 - JobOrganizer - INFO: Updating jobInformation list
2009-04-04 05:11 - JobOrganizer - INFO: Updating jobInformation list
2009-04-04 05:13 - JobOrganizer - INFO: Updating jobInformation list
2009-04-04 05:15 - JobOrganizer - INFO: Updating jobInformation list
2009-04-04 05:17 - JobOrganizer - INFO: Updating jobInformation list
2009-04-04 05:19 - JobOrganizer - INFO: Updating jobInformation list
2009-04-04 05:21 - JobOrganizer - INFO: Updating jobInformation list
2009-04-04 05:23 - JobOrganizer - INFO: Updating jobInformation list
2009-04-04 05:25 - JobOrganizer - INFO: Updating jobInformation list
2009-04-04 05:27 - JobOrganizer - INFO: Updating jobInformation list
2009-04-04 05:29 - JobOrganizer - INFO: Updating jobInformation list
2009-04-04 05:31 - JobOrganizer - INFO: Updating jobInformation list
2009-04-04 05:33 - JobOrganizer - INFO: Updating jobInformation list
2009-04-04 05:35 - JobOrganizer - INFO: Updating jobInformation list
2009-04-04 05:37 - JobOrganizer - INFO: Updating jobInformation list
2009-04-04 05:39 - JobOrganizer - INFO: Updating jobInformation list
2009-04-04 05:41 - JobOrganizer - INFO: Updating jobInformation list
2009-04-04 05:43 - JobOrganizer - INFO: Updating jobInformation list
2009-04-04 05:45 - JobOrganizer - INFO: Updating jobInformation list
2009-04-04 05:47 - JobOrganizer - INFO: Updating jobInformation list
2009-04-04 05:49 - JobOrganizer - INFO: Updating jobInformation list
2009-04-04 05:51 - JobOrganizer - INFO: Updating jobInformation list
2009-04-04 05:53 - JobOrganizer - INFO: Updating jobInformation list
2009-04-04 05:55 - JobOrganizer - INFO: Updating jobInformation list
2009-04-04 05:57 - JobOrganizer - INFO: Updating jobInformation list
2009-04-04 05:59 - JobOrganizer - INFO: Updating jobInformation list
2009-04-04 06:01 - JobOrganizer - INFO: Updating jobInformation list
2009-04-04 06:03 - JobOrganizer - INFO: Updating jobInformation list
2009-04-04 06:05 - JobOrganizer - INFO: Updating jobInformation list
2009-04-04 06:07 - JobOrganizer - INFO: Updating jobInformation list
2009-04-04 06:09 - JobOrganizer - INFO: Updating jobInformation list
2009-04-04 06:11 - JobOrganizer - INFO: Updating jobInformation list
2009-04-04 06:13 - JobOrganizer - INFO: Updating jobInformation list
2009-04-04 06:15 - JobOrganizer - INFO: Updating jobInformation list
2009-04-04 06:17 - JobOrganizer - INFO: Updating jobInformation list
2009-04-04 06:19 - JobOrganizer - INFO: Updating jobInformation list
2009-04-04 06:21 - JobOrganizer - INFO: Updating jobInformation list
2009-04-04 06:23 - JobOrganizer - INFO: Updating jobInformation list
2009-04-04 06:25 - JobOrganizer - INFO: Updating jobInformation list
2009-04-04 06:27 - JobOrganizer - INFO: Updating jobInformation list
2009-04-04 06:29 - JobOrganizer - INFO: Updating jobInformation list
2009-04-04 06:31 - JobOrganizer - INFO: Updating jobInformation list
2009-04-04 06:33 - JobOrganizer - INFO: Updating jobInformation list
2009-04-04 06:35 - JobOrganizer - INFO: Updating jobInformation list
2009-04-04 06:37 - JobOrganizer - INFO: Updating jobInformation list
2009-04-04 06:39 - JobOrganizer - INFO: Updating jobInformation list
2009-04-04 06:41 - JobOrganizer - INFO: Updating jobInformation list
2009-04-04 06:43 - JobOrganizer - INFO: Updating jobInformation list
2009-04-04 06:45 - JobOrganizer - INFO: Updating jobInformation list
2009-04-04 06:47 - JobOrganizer - INFO: Updating jobInformation list
2009-04-04 06:49 - JobOrganizer - INFO: Updating jobInformation list
2009-04-04 06:51 - JobOrganizer - INFO: Updating jobInformation list
2009-04-04 06:53 - JobOrganizer - INFO: Updating jobInformation list
2009-04-04 06:55 - JobOrganizer - INFO: Updating jobInformation list
2009-04-04 06:57 - JobOrganizer - INFO: Updating jobInformation list
2009-04-04 07:00 - JobOrganizer - INFO: Updating jobInformation list
2009-04-04 07:02 - JobOrganizer - INFO: Updating jobInformation list
2009-04-04 07:04 - JobOrganizer - INFO: Updating jobInformation list
2009-04-04 07:06 - JobOrganizer - INFO: Updating jobInformation list
2009-04-04 07:08 - JobOrganizer - INFO: Updating jobInformation list
2009-04-04 07:10 - JobOrganizer - INFO: Updating jobInformation list
2009-04-04 07:12 - JobOrganizer - INFO: Updating jobInformation list
2009-04-04 07:14 - JobOrganizer - INFO: Updating jobInformation list
2009-04-04 07:16 - JobOrganizer - INFO: Updating jobInformation list
2009-04-04 07:18 - JobOrganizer - INFO: Updating jobInformation list
2009-04-04 07:20 - JobOrganizer - INFO: Updating jobInformation list
2009-04-04 07:22 - JobOrganizer - INFO: Updating jobInformation list
2009-04-04 07:24 - JobOrganizer - INFO: Updating jobInformation list
2009-04-04 07:26 - JobOrganizer - INFO: Updating jobInformation list
2009-04-04 07:28 - JobOrganizer - INFO: Updating jobInformation list
2009-04-04 07:30 - JobOrganizer - INFO: Updating jobInformation list
2009-04-04 07:32 - JobOrganizer - INFO: Updating jobInformation list
2009-04-04 07:34 - JobOrganizer - INFO: Updating jobInformation list
2009-04-04 07:36 - JobOrganizer - INFO: Updating jobInformation list
2009-04-04 07:38 - JobOrganizer - INFO: Updating jobInformation list
2009-04-04 07:40 - JobOrganizer - INFO: Updating jobInformation list
2009-04-04 07:42 - JobOrganizer - INFO: Updating jobInformation list
2009-04-04 07:44 - JobOrganizer - INFO: Updating jobInformation list
2009-04-04 07:46 - JobOrganizer - INFO: Updating jobInformation list
2009-04-04 07:48 - JobOrganizer - INFO: Updating jobInformation list
2009-04-04 07:50 - JobOrganizer - INFO: Updating jobInformation list
2009-04-04 07:52 - JobOrganizer - INFO: Updating jobInformation list
2009-04-04 07:54 - JobOrganizer - INFO: Updating jobInformation list
2009-04-04 07:56 - JobOrganizer - INFO: Updating jobInformation list
2009-04-04 07:58 - JobOrganizer - INFO: Updating jobInformation list
2009-04-04 08:00 - JobOrganizer - INFO: Updating jobInformation list
2009-04-04 08:02 - JobOrganizer - INFO: Updating jobInformation list
2009-04-04 08:04 - JobOrganizer - INFO: Updating jobInformation list
2009-04-04 08:06 - JobOrganizer - INFO: Updating jobInformation list
2009-04-04 08:08 - JobOrganizer - INFO: Updating jobInformation list
2009-04-04 08:10 - JobOrganizer - INFO: Updating jobInformation list
2009-04-04 08:12 - JobOrganizer - INFO: Updating jobInformation list
2009-04-04 08:14 - JobOrganizer - INFO: Updating jobInformation list
2009-04-04 08:16 - JobOrganizer - INFO: Updating jobInformation list
2009-04-04 08:18 - JobOrganizer - INFO: Updating jobInformation list
2009-04-04 08:20 - JobOrganizer - INFO: Updating jobInformation list
2009-04-04 08:22 - JobOrganizer - INFO: Updating jobInformation list
2009-04-04 08:24 - JobOrganizer - INFO: Updating jobInformation list
2009-04-04 08:26 - JobOrganizer - INFO: Updating jobInformation list
2009-04-04 08:28 - JobOrganizer - INFO: Updating jobInformation list
2009-04-04 08:30 - JobOrganizer - INFO: Updating jobInformation list
2009-04-04 08:32 - JobOrganizer - INFO: Updating jobInformation list
2009-04-04 08:34 - JobOrganizer - INFO: Updating jobInformation list
2009-04-04 08:36 - JobOrganizer - INFO: Updating jobInformation list
2009-04-04 08:38 - JobOrganizer - INFO: Updating jobInformation list
2009-04-04 08:40 - JobOrganizer - INFO: Updating jobInformation list
2009-04-04 08:42 - JobOrganizer - INFO: Updating jobInformation list
2009-04-04 08:44 - JobOrganizer - INFO: Updating jobInformation list
2009-04-04 08:46 - JobOrganizer - INFO: Updating jobInformation list
2009-04-04 08:48 - JobOrganizer - INFO: Updating jobInformation list
2009-04-04 08:50 - JobOrganizer - INFO: Updating jobInformation list
2009-04-04 08:52 - JobOrganizer - INFO: Updating jobInformation list
2009-04-04 08:54 - JobOrganizer - INFO: Updating jobInformation list
2009-04-04 08:56 - JobOrganizer - INFO: Updating jobInformation list
2009-04-04 08:58 - JobOrganizer - INFO: Updating jobInformation list
2009-04-04 09:00 - JobOrganizer - INFO: Updating jobInformation list
2009-04-04 09:02 - JobOrganizer - INFO: Updating jobInformation list
2009-04-04 09:04 - JobOrganizer - INFO: Updating jobInformation list
2009-04-04 09:06 - JobOrganizer - INFO: Updating jobInformation list
2009-04-04 09:08 - JobOrganizer - INFO: Updating jobInformation list
2009-04-04 09:10 - JobOrganizer - INFO: Updating jobInformation list
2009-04-04 09:12 - JobOrganizer - INFO: Updating jobInformation list
2009-04-04 09:14 - JobOrganizer - INFO: Updating jobInformation list
2009-04-04 09:16 - JobOrganizer - INFO: Updating jobInformation list
2009-04-04 09:18 - JobOrganizer - INFO: Updating jobInformation list
2009-04-04 09:20 - JobOrganizer - INFO: Updating jobInformation list
2009-04-04 09:22 - JobOrganizer - INFO: Updating jobInformation list
2009-04-04 09:24 - JobOrganizer - INFO: Updating jobInformation list
2009-04-04 09:26 - JobOrganizer - INFO: Updating jobInformation list
2009-04-04 09:28 - JobOrganizer - INFO: Updating jobInformation list
2009-04-04 09:30 - JobOrganizer - INFO: Updating jobInformation list
2009-04-04 09:32 - JobOrganizer - INFO: Updating jobInformation list
2009-04-04 09:34 - JobOrganizer - INFO: Updating jobInformation list
2009-04-04 09:36 - JobOrganizer - INFO: Updating jobInformation list
2009-04-04 09:38 - JobOrganizer - INFO: Updating jobInformation list
2009-04-04 09:40 - JobOrganizer - INFO: Updating jobInformation list
2009-04-04 09:42 - JobOrganizer - INFO: Updating jobInformation list
2009-04-04 09:44 - JobOrganizer - INFO: Updating jobInformation list
2009-04-04 09:46 - JobOrganizer - INFO: Updating jobInformation list
2009-04-04 09:48 - JobOrganizer - INFO: Updating jobInformation list
2009-04-04 09:50 - JobOrganizer - INFO: Updating jobInformation list
2009-04-04 09:52 - JobOrganizer - INFO: Updating jobInformation list
2009-04-04 09:54 - JobOrganizer - INFO: Updating jobInformation list
2009-04-04 09:56 - JobOrganizer - INFO: Updating jobInformation list
2009-04-04 09:58 - JobOrganizer - INFO: Updating jobInformation list
2009-04-04 10:00 - JobOrganizer - INFO: Updating jobInformation list
2009-04-04 10:02 - JobOrganizer - INFO: Updating jobInformation list
2009-04-04 10:04 - JobOrganizer - INFO: Updating jobInformation list
2009-04-04 10:06 - JobOrganizer - INFO: Updating jobInformation list
2009-04-04 10:08 - JobOrganizer - INFO: Updating jobInformation list
2009-04-04 10:10 - JobOrganizer - INFO: Updating jobInformation list
2009-04-04 10:12 - JobOrganizer - INFO: Updating jobInformation list
2009-04-04 10:14 - JobOrganizer - INFO: Updating jobInformation list
2009-04-04 10:16 - JobOrganizer - INFO: Updating jobInformation list
2009-04-04 10:19 - JobOrganizer - INFO: Updating jobInformation list
2009-04-04 10:21 - JobOrganizer - INFO: Updating jobInformation list
2009-04-04 10:23 - JobOrganizer - INFO: Updating jobInformation list
2009-04-04 10:25 - JobOrganizer - INFO: Updating jobInformation list
2009-04-04 10:27 - JobOrganizer - INFO: Updating jobInformation list
2009-04-04 10:29 - JobOrganizer - INFO: Updating jobInformation list
2009-04-04 10:31 - JobOrganizer - INFO: Updating jobInformation list
2009-04-04 10:33 - JobOrganizer - INFO: Updating jobInformation list
2009-04-04 10:35 - JobOrganizer - INFO: Updating jobInformation list
2009-04-04 10:37 - JobOrganizer - INFO: Updating jobInformation list
2009-04-04 10:39 - JobOrganizer - INFO: Updating jobInformation list
2009-04-04 10:41 - JobOrganizer - INFO: Updating jobInformation list
2009-04-04 10:43 - JobOrganizer - INFO: Updating jobInformation list
2009-04-04 10:45 - JobOrganizer - INFO: Updating jobInformation list
2009-04-04 10:47 - JobOrganizer - INFO: Updating jobInformation list
2009-04-04 10:49 - JobOrganizer - INFO: Updating jobInformation list
2009-04-04 10:51 - JobOrganizer - INFO: Updating jobInformation list
2009-04-04 10:53 - JobOrganizer - INFO: Updating jobInformation list
2009-04-04 10:55 - JobOrganizer - INFO: Updating jobInformation list
2009-04-04 10:57 - JobOrganizer - INFO: Updating jobInformation list
2009-04-04 10:59 - JobOrganizer - INFO: Updating jobInformation list
2009-04-04 11:01 - JobOrganizer - INFO: Updating jobInformation list
2009-04-04 11:03 - JobOrganizer - INFO: Updating jobInformation list
2009-04-04 11:05 - JobOrganizer - INFO: Updating jobInformation list
2009-04-04 11:07 - JobOrganizer - INFO: Updating jobInformation list
2009-04-04 11:09 - JobOrganizer - INFO: Updating jobInformation list
2009-04-04 11:11 - JobOrganizer - INFO: Updating jobInformation list
2009-04-04 11:13 - JobOrganizer - INFO: Updating jobInformation list
2009-04-04 11:15 - JobOrganizer - INFO: Updating jobInformation list
2009-04-04 11:17 - JobOrganizer - INFO: Updating jobInformation list
2009-04-04 11:19 - JobOrganizer - INFO: Updating jobInformation list
2009-04-04 11:21 - JobOrganizer - INFO: Updating jobInformation list
2009-04-04 11:23 - JobOrganizer - INFO: Updating jobInformation list
2009-04-04 11:25 - JobOrganizer - INFO: Updating jobInformation list
2009-04-04 11:27 - JobOrganizer - INFO: Updating jobInformation list
2009-04-04 11:29 - JobOrganizer - INFO: Updating jobInformation list
2009-04-04 11:31 - JobOrganizer - INFO: Updating jobInformation list
2009-04-04 11:33 - JobOrganizer - INFO: Updating jobInformation list
2009-04-04 11:35 - JobOrganizer - INFO: Updating jobInformation list
2009-04-04 11:37 - JobOrganizer - INFO: Updating jobInformation list
2009-04-04 11:39 - JobOrganizer - INFO: Updating jobInformation list
2009-04-04 11:41 - JobOrganizer - INFO: Updating jobInformation list
2009-04-04 11:43 - JobOrganizer - INFO: Updating jobInformation list
2009-04-04 11:45 - JobOrganizer - INFO: Updating jobInformation list
2009-04-04 11:47 - JobOrganizer - INFO: Updating jobInformation list
2009-04-04 11:49 - JobOrganizer - INFO: Updating jobInformation list
2009-04-04 11:51 - JobOrganizer - INFO: Updating jobInformation list
2009-04-04 11:53 - JobOrganizer - INFO: Updating jobInformation list
2009-04-04 11:55 - JobOrganizer - INFO: Updating jobInformation list
2009-04-04 11:57 - JobOrganizer - INFO: Updating jobInformation list
2009-04-04 11:59 - JobOrganizer - INFO: Updating jobInformation list
2009-04-04 12:01 - JobOrganizer - INFO: Updating jobInformation list
2009-04-04 12:03 - JobOrganizer - INFO: Updating jobInformation list
2009-04-04 12:05 - JobOrganizer - INFO: Updating jobInformation list
2009-04-04 12:07 - JobOrganizer - INFO: Updating jobInformation list
2009-04-04 12:09 - JobOrganizer - INFO: Updating jobInformation list
2009-04-04 12:11 - JobOrganizer - INFO: Updating jobInformation list
2009-04-04 12:13 - JobOrganizer - INFO: Updating jobInformation list
2009-04-04 12:15 - JobOrganizer - INFO: Updating jobInformation list
2009-04-04 12:17 - JobOrganizer - INFO: Updating jobInformation list
2009-04-04 12:19 - JobOrganizer - INFO: Updating jobInformation list
2009-04-04 12:21 - JobOrganizer - INFO: Updating jobInformation list
2009-04-04 12:23 - JobOrganizer - INFO: Updating jobInformation list
2009-04-04 12:25 - JobOrganizer - INFO: Updating jobInformation list
2009-04-04 12:27 - JobOrganizer - INFO: Updating jobInformation list
2009-04-04 12:29 - JobOrganizer - INFO: Updating jobInformation list
2009-04-04 12:31 - JobOrganizer - INFO: Updating jobInformation list
2009-04-04 12:33 - JobOrganizer - INFO: Updating jobInformation list
2009-04-04 12:35 - JobOrganizer - INFO: Updating jobInformation list
2009-04-04 12:37 - JobOrganizer - INFO: Updating jobInformation list
2009-04-04 12:39 - JobOrganizer - INFO: Updating jobInformation list
2009-04-04 12:41 - JobOrganizer - INFO: Updating jobInformation list
2009-04-04 12:43 - JobOrganizer - INFO: Updating jobInformation list
2009-04-04 12:45 - JobOrganizer - INFO: Updating jobInformation list
2009-04-04 12:47 - JobOrganizer - INFO: Updating jobInformation list
2009-04-04 12:49 - JobOrganizer - INFO: Updating jobInformation list
2009-04-04 12:51 - JobOrganizer - INFO: Updating jobInformation list
2009-04-04 12:53 - JobOrganizer - INFO: Updating jobInformation list
2009-04-04 12:55 - JobOrganizer - INFO: Updating jobInformation list
2009-04-04 12:57 - JobOrganizer - INFO: Updating jobInformation list
2009-04-04 12:59 - JobOrganizer - INFO: Updating jobInformation list
2009-04-04 13:01 - JobOrganizer - INFO: Updating jobInformation list
2009-04-04 13:03 - JobOrganizer - INFO: Updating jobInformation list
2009-04-04 13:05 - JobOrganizer - INFO: Updating jobInformation list
2009-04-04 13:07 - JobOrganizer - INFO: Updating jobInformation list
2009-04-04 13:09 - JobOrganizer - INFO: Updating jobInformation list
2009-04-04 13:11 - JobOrganizer - INFO: Updating jobInformation list
2009-04-04 13:13 - JobOrganizer - INFO: Updating jobInformation list
2009-04-04 13:15 - JobOrganizer - INFO: Updating jobInformation list
2009-04-04 13:17 - JobOrganizer - INFO: Updating jobInformation list
2009-04-04 13:19 - JobOrganizer - INFO: Updating jobInformation list
2009-04-04 13:21 - JobOrganizer - INFO: Updating jobInformation list
2009-04-04 13:23 - JobOrganizer - INFO: Updating jobInformation list
2009-04-04 13:25 - JobOrganizer - INFO: Updating jobInformation list
2009-04-04 13:27 - JobOrganizer - INFO: Updating jobInformation list
2009-04-04 13:29 - JobOrganizer - INFO: Updating jobInformation list
2009-04-04 13:31 - JobOrganizer - INFO: Updating jobInformation list
2009-04-04 13:33 - JobOrganizer - INFO: Updating jobInformation list
2009-04-04 13:35 - JobOrganizer - INFO: Updating jobInformation list
2009-04-04 13:37 - JobOrganizer - INFO: Updating jobInformation list
2009-04-04 13:39 - JobOrganizer - INFO: Updating jobInformation list
2009-04-04 13:41 - JobOrganizer - INFO: Updating jobInformation list
2009-04-04 13:43 - JobOrganizer - INFO: Updating jobInformation list
2009-04-04 13:45 - JobOrganizer - INFO: Updating jobInformation list
2009-04-04 13:47 - JobOrganizer - INFO: Updating jobInformation list
2009-04-04 13:49 - JobOrganizer - INFO: Updating jobInformation list
2009-04-04 13:51 - JobOrganizer - INFO: Updating jobInformation list
2009-04-04 13:53 - JobOrganizer - INFO: Updating jobInformation list
2009-04-04 13:55 - JobOrganizer - INFO: Updating jobInformation list
2009-04-04 13:57 - JobOrganizer - INFO: Updating jobInformation list
2009-04-04 13:59 - JobOrganizer - INFO: Updating jobInformation list
2009-04-04 14:01 - JobOrganizer - INFO: Updating jobInformation list
2009-04-04 14:03 - JobOrganizer - INFO: Updating jobInformation list
2009-04-04 14:05 - JobOrganizer - INFO: Updating jobInformation list
2009-04-04 14:07 - JobOrganizer - INFO: Updating jobInformation list
2009-04-04 14:09 - JobOrganizer - INFO: Updating jobInformation list
2009-04-04 14:11 - JobOrganizer - INFO: Updating jobInformation list
2009-04-04 14:13 - JobOrganizer - INFO: Updating jobInformation list
2009-04-04 14:15 - JobOrganizer - INFO: Updating jobInformation list
2009-04-04 14:17 - JobOrganizer - INFO: Updating jobInformation list
2009-04-04 14:19 - JobOrganizer - INFO: Updating jobInformation list
2009-04-04 14:21 - JobOrganizer - INFO: Updating jobInformation list
2009-04-04 14:23 - JobOrganizer - INFO: Updating jobInformation list
2009-04-04 14:25 - JobOrganizer - INFO: Updating jobInformation list
2009-04-04 14:27 - JobOrganizer - INFO: Updating jobInformation list
2009-04-04 14:29 - JobOrganizer - INFO: Updating jobInformation list
2009-04-04 14:31 - JobOrganizer - INFO: Updating jobInformation list
2009-04-04 14:33 - JobOrganizer - INFO: Updating jobInformation list
2009-04-04 14:35 - JobOrganizer - INFO: Updating jobInformation list
2009-04-04 14:37 - JobOrganizer - INFO: Updating jobInformation list
2009-04-04 14:39 - JobOrganizer - INFO: Updating jobInformation list
2009-04-04 14:41 - JobOrganizer - INFO: Updating jobInformation list
2009-04-04 14:43 - JobOrganizer - INFO: Updating jobInformation list
2009-04-04 14:46 - JobOrganizer - INFO: Updating jobInformation list
2009-04-04 14:48 - JobOrganizer - INFO: Updating jobInformation list
2009-04-04 14:50 - JobOrganizer - INFO: Updating jobInformation list
2009-04-04 14:52 - JobOrganizer - INFO: Updating jobInformation list
2009-04-04 14:54 - JobOrganizer - INFO: Updating jobInformation list
2009-04-04 14:56 - JobOrganizer - INFO: Updating jobInformation list
2009-04-04 14:58 - JobOrganizer - INFO: Updating jobInformation list
2009-04-04 15:00 - JobOrganizer - INFO: Updating jobInformation list
2009-04-04 15:02 - JobOrganizer - INFO: Updating jobInformation list
2009-04-04 15:04 - JobOrganizer - INFO: Updating jobInformation list
2009-04-04 15:06 - JobOrganizer - INFO: Updating jobInformation list
2009-04-04 15:08 - JobOrganizer - INFO: Updating jobInformation list
2009-04-04 15:10 - JobOrganizer - INFO: Updating jobInformation list
2009-04-04 15:12 - JobOrganizer - INFO: Updating jobInformation list
2009-04-04 15:14 - JobOrganizer - INFO: Updating jobInformation list
2009-04-04 15:16 - JobOrganizer - INFO: Updating jobInformation list
2009-04-04 15:18 - JobOrganizer - INFO: Updating jobInformation list
2009-04-04 15:20 - JobOrganizer - INFO: Updating jobInformation list
2009-04-04 15:22 - JobOrganizer - INFO: Updating jobInformation list
2009-04-04 15:24 - JobOrganizer - INFO: Updating jobInformation list
2009-04-04 15:26 - JobOrganizer - INFO: Updating jobInformation list
2009-04-04 15:28 - JobOrganizer - INFO: Updating jobInformation list
2009-04-04 15:30 - JobOrganizer - INFO: Updating jobInformation list
2009-04-04 15:32 - JobOrganizer - INFO: Updating jobInformation list
2009-04-04 15:34 - JobOrganizer - INFO: Updating jobInformation list
2009-04-04 15:36 - JobOrganizer - INFO: Updating jobInformation list
2009-04-04 15:38 - JobOrganizer - INFO: Updating jobInformation list
2009-04-04 15:40 - JobOrganizer - INFO: Updating jobInformation list
2009-04-04 15:42 - JobOrganizer - INFO: Updating jobInformation list
2009-04-04 15:44 - JobOrganizer - INFO: Updating jobInformation list
2009-04-04 15:46 - JobOrganizer - INFO: Updating jobInformation list
2009-04-04 15:48 - JobOrganizer - INFO: Updating jobInformation list
2009-04-04 15:50 - JobOrganizer - INFO: Updating jobInformation list
2009-04-04 15:52 - JobOrganizer - INFO: Updating jobInformation list
2009-04-04 15:54 - JobOrganizer - INFO: Updating jobInformation list
2009-04-04 15:56 - JobOrganizer - INFO: Updating jobInformation list
2009-04-04 15:58 - JobOrganizer - INFO: Updating jobInformation list
2009-04-04 16:00 - JobOrganizer - INFO: Updating jobInformation list
2009-04-04 16:02 - JobOrganizer - INFO: Updating jobInformation list
2009-04-04 16:04 - JobOrganizer - INFO: Updating jobInformation list
2009-04-04 16:06 - JobOrganizer - INFO: Updating jobInformation list
2009-04-04 16:08 - JobOrganizer - INFO: Updating jobInformation list
2009-04-04 16:10 - JobOrganizer - INFO: Updating jobInformation list
2009-04-04 16:12 - JobOrganizer - INFO: Updating jobInformation list
2009-04-04 16:14 - JobOrganizer - INFO: Updating jobInformation list
2009-04-04 16:16 - JobOrganizer - INFO: Updating jobInformation list
2009-04-04 16:18 - JobOrganizer - INFO: Updating jobInformation list
2009-04-04 16:20 - JobOrganizer - INFO: Updating jobInformation list
2009-04-04 16:22 - JobOrganizer - INFO: Updating jobInformation list
2009-04-04 16:24 - JobOrganizer - INFO: Updating jobInformation list
2009-04-04 16:26 - JobOrganizer - INFO: Updating jobInformation list
2009-04-04 16:28 - JobOrganizer - INFO: Updating jobInformation list
2009-04-04 16:30 - JobOrganizer - INFO: Updating jobInformation list
2009-04-04 16:32 - JobOrganizer - INFO: Updating jobInformation list
2009-04-04 16:34 - JobOrganizer - INFO: Updating jobInformation list
2009-04-04 16:36 - JobOrganizer - INFO: Updating jobInformation list
2009-04-04 16:38 - JobOrganizer - INFO: Updating jobInformation list
2009-04-04 16:40 - JobOrganizer - INFO: Updating jobInformation list
2009-04-04 16:42 - JobOrganizer - INFO: Updating jobInformation list
2009-04-04 16:44 - JobOrganizer - INFO: Updating jobInformation list
2009-04-04 16:46 - JobOrganizer - INFO: Updating jobInformation list
2009-04-04 16:48 - JobOrganizer - INFO: Updating jobInformation list
2009-04-04 16:50 - JobOrganizer - INFO: Updating jobInformation list
2009-04-04 16:52 - JobOrganizer - INFO: Updating jobInformation list
2009-04-04 16:54 - JobOrganizer - INFO: Updating jobInformation list
2009-04-04 16:56 - JobOrganizer - INFO: Updating jobInformation list
2009-04-04 16:58 - JobOrganizer - INFO: Updating jobInformation list
2009-04-04 17:00 - JobOrganizer - INFO: Updating jobInformation list
2009-04-04 17:02 - JobOrganizer - INFO: Updating jobInformation list
2009-04-04 17:04 - JobOrganizer - INFO: Updating jobInformation list
2009-04-04 17:06 - JobOrganizer - INFO: Updating jobInformation list
2009-04-04 17:08 - JobOrganizer - INFO: Updating jobInformation list
2009-04-04 17:10 - JobOrganizer - INFO: Updating jobInformation list
2009-04-04 17:10 - JobOrganizer - INFO: validate job: True
2009-04-04 17:10 - JobOrganizer - INFO: jobInfo.validation: WAITING
2009-04-04 17:10 - JobOrganizer - INFO: 106364_L1CaloStandalone added to jobInformation list
2009-04-04 17:12 - JobOrganizer - INFO: Updating jobInformation list
2009-04-04 17:14 - JobOrganizer - INFO: Updating jobInformation list
2009-04-04 17:16 - JobOrganizer - INFO: Updating jobInformation list
2009-04-04 17:18 - JobOrganizer - INFO: Updating jobInformation list
2009-04-04 17:20 - JobOrganizer - INFO: Updating jobInformation list
2009-04-04 17:22 - JobOrganizer - INFO: Updating jobInformation list
2009-04-04 17:24 - JobOrganizer - INFO: Updating jobInformation list
2009-04-04 17:26 - JobOrganizer - INFO: Updating jobInformation list
2009-04-04 17:28 - JobOrganizer - INFO: Updating jobInformation list
2009-04-04 17:30 - JobOrganizer - INFO: Updating jobInformation list
2009-04-04 17:32 - JobOrganizer - INFO: Updating jobInformation list
2009-04-04 17:34 - JobOrganizer - INFO: Updating jobInformation list
2009-04-04 17:36 - JobOrganizer - INFO: Updating jobInformation list
2009-04-04 17:38 - JobOrganizer - INFO: Updating jobInformation list
2009-04-04 17:40 - JobOrganizer - INFO: Updating jobInformation list
2009-04-04 17:42 - JobOrganizer - INFO: Updating jobInformation list
2009-04-04 17:44 - JobOrganizer - INFO: Updating jobInformation list
2009-04-04 17:46 - JobOrganizer - INFO: Updating jobInformation list
2009-04-04 17:48 - JobOrganizer - INFO: Updating jobInformation list
2009-04-04 17:50 - JobOrganizer - INFO: Updating jobInformation list
2009-04-04 17:52 - JobOrganizer - INFO: Updating jobInformation list
2009-04-04 17:54 - JobOrganizer - INFO: Updating jobInformation list
2009-04-04 17:56 - JobOrganizer - INFO: Updating jobInformation list
2009-04-04 17:58 - JobOrganizer - INFO: Updating jobInformation list
2009-04-04 18:00 - JobOrganizer - INFO: Updating jobInformation list
2009-04-04 18:02 - JobOrganizer - INFO: Updating jobInformation list
2009-04-04 18:04 - JobOrganizer - INFO: Updating jobInformation list
2009-04-04 18:06 - JobOrganizer - INFO: Updating jobInformation list
2009-04-04 18:08 - JobOrganizer - INFO: Updating jobInformation list
2009-04-04 18:10 - JobOrganizer - INFO: Updating jobInformation list
2009-04-04 18:12 - JobOrganizer - INFO: Updating jobInformation list
2009-04-04 18:14 - JobOrganizer - INFO: Updating jobInformation list
2009-04-04 18:16 - JobOrganizer - INFO: Updating jobInformation list
2009-04-04 18:18 - JobOrganizer - INFO: Updating jobInformation list
2009-04-04 18:20 - JobOrganizer - INFO: Updating jobInformation list
2009-04-04 18:23 - JobOrganizer - INFO: Updating jobInformation list
2009-04-04 18:25 - JobOrganizer - INFO: Updating jobInformation list
2009-04-04 18:27 - JobOrganizer - INFO: Updating jobInformation list
2009-04-04 18:29 - JobOrganizer - INFO: Updating jobInformation list
2009-04-04 18:31 - JobOrganizer - INFO: Updating jobInformation list
2009-04-04 18:33 - JobOrganizer - INFO: Updating jobInformation list
2009-04-04 18:35 - JobOrganizer - INFO: Updating jobInformation list
2009-04-04 18:37 - JobOrganizer - INFO: Updating jobInformation list
2009-04-04 18:39 - JobOrganizer - INFO: Updating jobInformation list
2009-04-04 18:41 - JobOrganizer - INFO: Updating jobInformation list
2009-04-04 18:43 - JobOrganizer - INFO: Updating jobInformation list
2009-04-04 18:45 - JobOrganizer - INFO: Updating jobInformation list
2009-04-04 18:47 - JobOrganizer - INFO: Updating jobInformation list
2009-04-04 18:49 - JobOrganizer - INFO: Updating jobInformation list
2009-04-04 18:51 - JobOrganizer - INFO: Updating jobInformation list
2009-04-04 18:53 - JobOrganizer - INFO: Updating jobInformation list
2009-04-04 18:55 - JobOrganizer - INFO: Updating jobInformation list
2009-04-04 18:57 - JobOrganizer - INFO: Updating jobInformation list
2009-04-04 18:59 - JobOrganizer - INFO: Updating jobInformation list
2009-04-04 19:01 - JobOrganizer - INFO: Updating jobInformation list
2009-04-04 19:03 - JobOrganizer - INFO: Updating jobInformation list
2009-04-04 19:05 - JobOrganizer - INFO: Updating jobInformation list
2009-04-04 19:07 - JobOrganizer - INFO: Updating jobInformation list
2009-04-04 19:09 - JobOrganizer - INFO: Updating jobInformation list
2009-04-04 19:11 - JobOrganizer - INFO: Updating jobInformation list
2009-04-04 19:13 - JobOrganizer - INFO: Updating jobInformation list
2009-04-04 19:15 - JobOrganizer - INFO: Updating jobInformation list
2009-04-04 19:17 - JobOrganizer - INFO: Updating jobInformation list
2009-04-04 19:19 - JobOrganizer - INFO: Updating jobInformation list
2009-04-04 19:21 - JobOrganizer - INFO: Updating jobInformation list
2009-04-04 19:23 - JobOrganizer - INFO: Updating jobInformation list
2009-04-04 19:25 - JobOrganizer - INFO: Updating jobInformation list
2009-04-04 19:27 - JobOrganizer - INFO: Updating jobInformation list
2009-04-04 19:29 - JobOrganizer - INFO: Updating jobInformation list
2009-04-04 19:31 - JobOrganizer - INFO: Updating jobInformation list
2009-04-04 19:33 - JobOrganizer - INFO: Updating jobInformation list
2009-04-04 19:35 - JobOrganizer - INFO: Updating jobInformation list
2009-04-04 19:37 - JobOrganizer - INFO: Updating jobInformation list
2009-04-04 19:39 - JobOrganizer - INFO: Updating jobInformation list
2009-04-04 19:41 - JobOrganizer - INFO: Updating jobInformation list
2009-04-04 19:43 - JobOrganizer - INFO: Updating jobInformation list
2009-04-04 19:45 - JobOrganizer - INFO: Updating jobInformation list
2009-04-04 19:47 - JobOrganizer - INFO: Updating jobInformation list
2009-04-04 19:49 - JobOrganizer - INFO: Updating jobInformation list
2009-04-04 19:51 - JobOrganizer - INFO: Updating jobInformation list
2009-04-04 19:53 - JobOrganizer - INFO: Updating jobInformation list
2009-04-04 19:55 - JobOrganizer - INFO: Updating jobInformation list
2009-04-04 19:57 - JobOrganizer - INFO: Updating jobInformation list
2009-04-04 19:59 - JobOrganizer - INFO: Updating jobInformation list
2009-04-04 20:01 - JobOrganizer - INFO: Updating jobInformation list
2009-04-04 20:03 - JobOrganizer - INFO: Updating jobInformation list
2009-04-04 20:05 - JobOrganizer - INFO: Updating jobInformation list
2009-04-04 20:07 - JobOrganizer - INFO: Updating jobInformation list
2009-04-04 20:09 - JobOrganizer - INFO: Updating jobInformation list
2009-04-04 20:11 - JobOrganizer - INFO: Updating jobInformation list
2009-04-04 20:13 - JobOrganizer - INFO: Updating jobInformation list
2009-04-04 20:15 - JobOrganizer - INFO: Updating jobInformation list
2009-04-04 20:17 - JobOrganizer - INFO: Updating jobInformation list
2009-04-04 20:19 - JobOrganizer - INFO: Updating jobInformation list
2009-04-04 20:21 - JobOrganizer - INFO: Updating jobInformation list
2009-04-04 20:23 - JobOrganizer - INFO: Updating jobInformation list
2009-04-04 20:25 - JobOrganizer - INFO: Updating jobInformation list
2009-04-04 20:27 - JobOrganizer - INFO: Updating jobInformation list
2009-04-04 20:29 - JobOrganizer - INFO: Updating jobInformation list
2009-04-04 20:31 - JobOrganizer - INFO: Updating jobInformation list
2009-04-04 20:33 - JobOrganizer - INFO: Updating jobInformation list
2009-04-04 20:35 - JobOrganizer - INFO: Updating jobInformation list
2009-04-04 20:37 - JobOrganizer - INFO: Updating jobInformation list
2009-04-04 20:39 - JobOrganizer - INFO: Updating jobInformation list
2009-04-04 20:42 - JobOrganizer - INFO: Updating jobInformation list
2009-04-04 20:44 - JobOrganizer - INFO: Updating jobInformation list
2009-04-04 20:46 - JobOrganizer - INFO: Updating jobInformation list
2009-04-04 20:48 - JobOrganizer - INFO: Updating jobInformation list
2009-04-04 20:50 - JobOrganizer - INFO: Updating jobInformation list
2009-04-04 20:52 - JobOrganizer - INFO: Updating jobInformation list
2009-04-04 20:54 - JobOrganizer - INFO: Updating jobInformation list
2009-04-04 20:56 - JobOrganizer - INFO: Updating jobInformation list
2009-04-04 20:58 - JobOrganizer - INFO: Updating jobInformation list
2009-04-04 21:00 - JobOrganizer - INFO: Updating jobInformation list
2009-04-04 21:02 - JobOrganizer - INFO: Updating jobInformation list
2009-04-04 21:04 - JobOrganizer - INFO: Updating jobInformation list
2009-04-04 21:06 - JobOrganizer - INFO: Updating jobInformation list
2009-04-04 21:08 - JobOrganizer - INFO: Updating jobInformation list
2009-04-04 21:10 - JobOrganizer - INFO: Updating jobInformation list
2009-04-04 21:12 - JobOrganizer - INFO: Updating jobInformation list
2009-04-04 21:14 - JobOrganizer - INFO: Updating jobInformation list
2009-04-04 21:16 - JobOrganizer - INFO: Updating jobInformation list
2009-04-04 21:18 - JobOrganizer - INFO: Updating jobInformation list
2009-04-04 21:20 - JobOrganizer - INFO: Updating jobInformation list
2009-04-04 21:22 - JobOrganizer - INFO: Updating jobInformation list
2009-04-04 21:24 - JobOrganizer - INFO: Updating jobInformation list
2009-04-04 21:26 - JobOrganizer - INFO: Updating jobInformation list
2009-04-04 21:28 - JobOrganizer - INFO: Updating jobInformation list
2009-04-04 21:30 - JobOrganizer - INFO: Updating jobInformation list
2009-04-04 21:32 - JobOrganizer - INFO: Updating jobInformation list
2009-04-04 21:34 - JobOrganizer - INFO: Updating jobInformation list
2009-04-04 21:36 - JobOrganizer - INFO: Updating jobInformation list
2009-04-04 21:38 - JobOrganizer - INFO: Updating jobInformation list
2009-04-04 21:40 - JobOrganizer - INFO: Updating jobInformation list
2009-04-04 21:42 - JobOrganizer - INFO: Updating jobInformation list
2009-04-04 21:44 - JobOrganizer - INFO: Updating jobInformation list
2009-04-04 21:46 - JobOrganizer - INFO: Updating jobInformation list
2009-04-04 21:48 - JobOrganizer - INFO: Updating jobInformation list
2009-04-04 21:50 - JobOrganizer - INFO: Updating jobInformation list
2009-04-04 21:52 - JobOrganizer - INFO: Updating jobInformation list
2009-04-04 21:54 - JobOrganizer - INFO: Updating jobInformation list
2009-04-04 21:56 - JobOrganizer - INFO: Updating jobInformation list
2009-04-04 21:58 - JobOrganizer - INFO: Updating jobInformation list
2009-04-04 22:00 - JobOrganizer - INFO: Updating jobInformation list
2009-04-04 22:02 - JobOrganizer - INFO: Updating jobInformation list
2009-04-04 22:04 - JobOrganizer - INFO: Updating jobInformation list
2009-04-04 22:06 - JobOrganizer - INFO: Updating jobInformation list
2009-04-04 22:08 - JobOrganizer - INFO: Updating jobInformation list
2009-04-04 22:10 - JobOrganizer - INFO: Updating jobInformation list
2009-04-04 22:12 - JobOrganizer - INFO: Updating jobInformation list
2009-04-04 22:14 - JobOrganizer - INFO: Updating jobInformation list
2009-04-04 22:16 - JobOrganizer - INFO: Updating jobInformation list
2009-04-04 22:18 - JobOrganizer - INFO: Updating jobInformation list
2009-04-04 22:20 - JobOrganizer - INFO: Updating jobInformation list
2009-04-04 22:22 - JobOrganizer - INFO: Updating jobInformation list
2009-04-04 22:24 - JobOrganizer - INFO: Updating jobInformation list
2009-04-04 22:26 - JobOrganizer - INFO: Updating jobInformation list
2009-04-04 22:28 - JobOrganizer - INFO: Updating jobInformation list
2009-04-04 22:30 - JobOrganizer - INFO: Updating jobInformation list
2009-04-04 22:32 - JobOrganizer - INFO: Updating jobInformation list
2009-04-04 22:34 - JobOrganizer - INFO: Updating jobInformation list
2009-04-04 22:36 - JobOrganizer - INFO: Updating jobInformation list
2009-04-04 22:38 - JobOrganizer - INFO: Updating jobInformation list
2009-04-04 22:40 - JobOrganizer - INFO: Updating jobInformation list
2009-04-04 22:42 - JobOrganizer - INFO: Updating jobInformation list
2009-04-04 22:44 - JobOrganizer - INFO: Updating jobInformation list
2009-04-04 22:46 - JobOrganizer - INFO: Updating jobInformation list
2009-04-04 22:48 - JobOrganizer - INFO: Updating jobInformation list
2009-04-04 22:50 - JobOrganizer - INFO: Updating jobInformation list
2009-04-04 22:52 - JobOrganizer - INFO: Updating jobInformation list
2009-04-04 22:54 - JobOrganizer - INFO: Updating jobInformation list
2009-04-04 22:56 - JobOrganizer - INFO: Updating jobInformation list
2009-04-04 22:58 - JobOrganizer - INFO: Updating jobInformation list
2009-04-04 23:00 - JobOrganizer - INFO: Updating jobInformation list
2009-04-04 23:02 - JobOrganizer - INFO: Updating jobInformation list
2009-04-04 23:04 - JobOrganizer - INFO: Updating jobInformation list
2009-04-04 23:06 - JobOrganizer - INFO: Updating jobInformation list
2009-04-04 23:08 - JobOrganizer - INFO: Updating jobInformation list
2009-04-04 23:10 - JobOrganizer - INFO: Updating jobInformation list
2009-04-04 23:12 - JobOrganizer - INFO: Updating jobInformation list
2009-04-04 23:14 - JobOrganizer - INFO: Updating jobInformation list
2009-04-04 23:16 - JobOrganizer - INFO: Updating jobInformation list
2009-04-04 23:19 - JobOrganizer - INFO: Updating jobInformation list
2009-04-04 23:21 - JobOrganizer - INFO: Updating jobInformation list
2009-04-04 23:23 - JobOrganizer - INFO: Updating jobInformation list
2009-04-04 23:25 - JobOrganizer - INFO: Updating jobInformation list
2009-04-04 23:27 - JobOrganizer - INFO: Updating jobInformation list
2009-04-04 23:29 - JobOrganizer - INFO: Updating jobInformation list
2009-04-04 23:31 - JobOrganizer - INFO: Updating jobInformation list
2009-04-04 23:33 - JobOrganizer - INFO: Updating jobInformation list
2009-04-04 23:35 - JobOrganizer - INFO: Updating jobInformation list
2009-04-04 23:37 - JobOrganizer - INFO: Updating jobInformation list
2009-04-04 23:39 - JobOrganizer - INFO: Updating jobInformation list
2009-04-04 23:41 - JobOrganizer - INFO: Updating jobInformation list
2009-04-04 23:43 - JobOrganizer - INFO: Updating jobInformation list
2009-04-04 23:45 - JobOrganizer - INFO: Updating jobInformation list
2009-04-04 23:47 - JobOrganizer - INFO: Updating jobInformation list
2009-04-04 23:49 - JobOrganizer - INFO: Updating jobInformation list
2009-04-04 23:51 - JobOrganizer - INFO: Updating jobInformation list
2009-04-04 23:53 - JobOrganizer - INFO: Updating jobInformation list
2009-04-04 23:55 - JobOrganizer - INFO: Updating jobInformation list
2009-04-04 23:57 - JobOrganizer - INFO: Updating jobInformation list
2009-04-04 23:59 - JobOrganizer - INFO: Updating jobInformation list
2009-04-05 00:01 - JobOrganizer - INFO: Updating jobInformation list
