2009-05-11 00:00 - JobOrganizer - INFO: ========================================
2009-05-11 00:00 - JobOrganizer - INFO: JobOrganizer in init
2009-05-11 00:00 - JobOrganizer - INFO: init file JobOrganizerConfig.py was found
2009-05-11 00:00 - JobOrganizer - INFO: retrieveing Db parameters from JobOrganizerConfig.py file
2009-05-11 00:00 - JobOrganizer - INFO: creating job configurations from JobOrganizerConfig.py file
2009-05-11 00:00 - JobOrganizer - INFO: JobOrganizer initialized
2009-05-11 00:00 - JobOrganizer - INFO: ========================================
2009-05-11 00:02 - JobOrganizer - INFO: Updating jobInformation list
2009-05-11 00:04 - JobOrganizer - INFO: Updating jobInformation list
2009-05-11 00:06 - JobOrganizer - INFO: Updating jobInformation list
2009-05-11 00:08 - JobOrganizer - INFO: Updating jobInformation list
2009-05-11 00:10 - JobOrganizer - INFO: Updating jobInformation list
2009-05-11 00:12 - JobOrganizer - INFO: Updating jobInformation list
2009-05-11 00:14 - JobOrganizer - INFO: Updating jobInformation list
2009-05-11 00:16 - JobOrganizer - INFO: Updating jobInformation list
2009-05-11 00:18 - JobOrganizer - INFO: Updating jobInformation list
2009-05-11 00:20 - JobOrganizer - INFO: Updating jobInformation list
2009-05-11 00:22 - JobOrganizer - INFO: Updating jobInformation list
2009-05-11 00:25 - JobOrganizer - INFO: Updating jobInformation list
2009-05-11 00:27 - JobOrganizer - INFO: Updating jobInformation list
2009-05-11 00:29 - JobOrganizer - INFO: Updating jobInformation list
2009-05-11 00:31 - JobOrganizer - INFO: Updating jobInformation list
2009-05-11 00:33 - JobOrganizer - INFO: Updating jobInformation list
2009-05-11 00:35 - JobOrganizer - INFO: Updating jobInformation list
2009-05-11 00:37 - JobOrganizer - INFO: Updating jobInformation list
2009-05-11 00:39 - JobOrganizer - INFO: Updating jobInformation list
2009-05-11 00:41 - JobOrganizer - INFO: Updating jobInformation list
2009-05-11 00:43 - JobOrganizer - INFO: Updating jobInformation list
2009-05-11 00:45 - JobOrganizer - INFO: Updating jobInformation list
2009-05-11 00:47 - JobOrganizer - INFO: Updating jobInformation list
2009-05-11 00:49 - JobOrganizer - INFO: Updating jobInformation list
2009-05-11 00:51 - JobOrganizer - INFO: Updating jobInformation list
2009-05-11 00:53 - JobOrganizer - INFO: Updating jobInformation list
2009-05-11 00:55 - JobOrganizer - INFO: Updating jobInformation list
2009-05-11 00:57 - JobOrganizer - INFO: Updating jobInformation list
2009-05-11 00:59 - JobOrganizer - INFO: Updating jobInformation list
2009-05-11 01:01 - JobOrganizer - INFO: Updating jobInformation list
2009-05-11 01:03 - JobOrganizer - INFO: Updating jobInformation list
2009-05-11 01:05 - JobOrganizer - INFO: Updating jobInformation list
2009-05-11 01:07 - JobOrganizer - INFO: Updating jobInformation list
2009-05-11 01:09 - JobOrganizer - INFO: Updating jobInformation list
2009-05-11 01:11 - JobOrganizer - INFO: Updating jobInformation list
2009-05-11 01:13 - JobOrganizer - INFO: Updating jobInformation list
2009-05-11 01:15 - JobOrganizer - INFO: Updating jobInformation list
2009-05-11 01:17 - JobOrganizer - INFO: Updating jobInformation list
2009-05-11 01:19 - JobOrganizer - INFO: Updating jobInformation list
2009-05-11 01:21 - JobOrganizer - INFO: Updating jobInformation list
2009-05-11 01:23 - JobOrganizer - INFO: Updating jobInformation list
2009-05-11 01:25 - JobOrganizer - INFO: Updating jobInformation list
2009-05-11 01:27 - JobOrganizer - INFO: Updating jobInformation list
2009-05-11 01:29 - JobOrganizer - INFO: Updating jobInformation list
2009-05-11 01:31 - JobOrganizer - INFO: Updating jobInformation list
2009-05-11 01:33 - JobOrganizer - INFO: Updating jobInformation list
2009-05-11 01:35 - JobOrganizer - INFO: Updating jobInformation list
2009-05-11 01:37 - JobOrganizer - INFO: Updating jobInformation list
2009-05-11 01:39 - JobOrganizer - INFO: Updating jobInformation list
2009-05-11 01:41 - JobOrganizer - INFO: Updating jobInformation list
2009-05-11 01:43 - JobOrganizer - INFO: Updating jobInformation list
2009-05-11 01:45 - JobOrganizer - INFO: Updating jobInformation list
2009-05-11 01:47 - JobOrganizer - INFO: Updating jobInformation list
2009-05-11 01:49 - JobOrganizer - INFO: Updating jobInformation list
2009-05-11 01:51 - JobOrganizer - INFO: Updating jobInformation list
2009-05-11 01:53 - JobOrganizer - INFO: Updating jobInformation list
2009-05-11 01:55 - JobOrganizer - INFO: Updating jobInformation list
2009-05-11 01:57 - JobOrganizer - INFO: Updating jobInformation list
2009-05-11 01:59 - JobOrganizer - INFO: Updating jobInformation list
2009-05-11 02:01 - JobOrganizer - INFO: Updating jobInformation list
2009-05-11 02:03 - JobOrganizer - INFO: Updating jobInformation list
2009-05-11 02:05 - JobOrganizer - INFO: Updating jobInformation list
2009-05-11 02:07 - JobOrganizer - INFO: Updating jobInformation list
2009-05-11 02:09 - JobOrganizer - INFO: Updating jobInformation list
2009-05-11 02:11 - JobOrganizer - INFO: Updating jobInformation list
2009-05-11 02:13 - JobOrganizer - INFO: Updating jobInformation list
2009-05-11 02:15 - JobOrganizer - INFO: Updating jobInformation list
2009-05-11 02:17 - JobOrganizer - INFO: Updating jobInformation list
2009-05-11 02:19 - JobOrganizer - INFO: Updating jobInformation list
2009-05-11 02:21 - JobOrganizer - INFO: Updating jobInformation list
2009-05-11 02:23 - JobOrganizer - INFO: Updating jobInformation list
2009-05-11 02:25 - JobOrganizer - INFO: Updating jobInformation list
2009-05-11 02:27 - JobOrganizer - INFO: Updating jobInformation list
2009-05-11 02:29 - JobOrganizer - INFO: Updating jobInformation list
2009-05-11 02:31 - JobOrganizer - INFO: Updating jobInformation list
2009-05-11 02:33 - JobOrganizer - INFO: Updating jobInformation list
2009-05-11 02:35 - JobOrganizer - INFO: Updating jobInformation list
2009-05-11 02:37 - JobOrganizer - INFO: Updating jobInformation list
2009-05-11 02:39 - JobOrganizer - INFO: Updating jobInformation list
2009-05-11 02:41 - JobOrganizer - INFO: Updating jobInformation list
2009-05-11 02:43 - JobOrganizer - INFO: Updating jobInformation list
2009-05-11 02:45 - JobOrganizer - INFO: Updating jobInformation list
2009-05-11 02:47 - JobOrganizer - INFO: Updating jobInformation list
2009-05-11 02:49 - JobOrganizer - INFO: Updating jobInformation list
2009-05-11 02:51 - JobOrganizer - INFO: Updating jobInformation list
2009-05-11 02:53 - JobOrganizer - INFO: Updating jobInformation list
2009-05-11 02:55 - JobOrganizer - INFO: Updating jobInformation list
2009-05-11 02:57 - JobOrganizer - INFO: Updating jobInformation list
2009-05-11 02:59 - JobOrganizer - INFO: Updating jobInformation list
2009-05-11 03:01 - JobOrganizer - INFO: Updating jobInformation list
2009-05-11 03:03 - JobOrganizer - INFO: Updating jobInformation list
2009-05-11 03:05 - JobOrganizer - INFO: Updating jobInformation list
2009-05-11 03:07 - JobOrganizer - INFO: Updating jobInformation list
2009-05-11 03:09 - JobOrganizer - INFO: Updating jobInformation list
2009-05-11 03:11 - JobOrganizer - INFO: Updating jobInformation list
2009-05-11 03:13 - JobOrganizer - INFO: Updating jobInformation list
2009-05-11 03:15 - JobOrganizer - INFO: Updating jobInformation list
2009-05-11 03:17 - JobOrganizer - INFO: Updating jobInformation list
2009-05-11 03:19 - JobOrganizer - INFO: Updating jobInformation list
2009-05-11 03:21 - JobOrganizer - INFO: Updating jobInformation list
2009-05-11 03:23 - JobOrganizer - INFO: Updating jobInformation list
2009-05-11 03:25 - JobOrganizer - INFO: Updating jobInformation list
2009-05-11 03:27 - JobOrganizer - INFO: Updating jobInformation list
2009-05-11 03:29 - JobOrganizer - INFO: Updating jobInformation list
2009-05-11 03:31 - JobOrganizer - INFO: Updating jobInformation list
2009-05-11 03:33 - JobOrganizer - INFO: Updating jobInformation list
2009-05-11 03:35 - JobOrganizer - INFO: Updating jobInformation list
2009-05-11 03:37 - JobOrganizer - INFO: Updating jobInformation list
2009-05-11 03:39 - JobOrganizer - INFO: Updating jobInformation list
2009-05-11 03:41 - JobOrganizer - INFO: Updating jobInformation list
2009-05-11 03:43 - JobOrganizer - INFO: Updating jobInformation list
2009-05-11 03:45 - JobOrganizer - INFO: Updating jobInformation list
2009-05-11 03:47 - JobOrganizer - INFO: Updating jobInformation list
2009-05-11 03:49 - JobOrganizer - INFO: Updating jobInformation list
2009-05-11 03:51 - JobOrganizer - INFO: Updating jobInformation list
2009-05-11 03:53 - JobOrganizer - INFO: Updating jobInformation list
2009-05-11 03:55 - JobOrganizer - INFO: Updating jobInformation list
2009-05-11 03:57 - JobOrganizer - INFO: Updating jobInformation list
2009-05-11 03:59 - JobOrganizer - INFO: Updating jobInformation list
2009-05-11 04:01 - JobOrganizer - INFO: Updating jobInformation list
2009-05-11 04:03 - JobOrganizer - INFO: Updating jobInformation list
2009-05-11 04:05 - JobOrganizer - INFO: Updating jobInformation list
2009-05-11 04:07 - JobOrganizer - INFO: Updating jobInformation list
2009-05-11 04:09 - JobOrganizer - INFO: Updating jobInformation list
2009-05-11 04:11 - JobOrganizer - INFO: Updating jobInformation list
2009-05-11 04:13 - JobOrganizer - INFO: Updating jobInformation list
2009-05-11 04:15 - JobOrganizer - INFO: Updating jobInformation list
2009-05-11 04:17 - JobOrganizer - INFO: Updating jobInformation list
2009-05-11 04:19 - JobOrganizer - INFO: Updating jobInformation list
2009-05-11 04:21 - JobOrganizer - INFO: Updating jobInformation list
2009-05-11 04:23 - JobOrganizer - INFO: Updating jobInformation list
2009-05-11 04:25 - JobOrganizer - INFO: Updating jobInformation list
2009-05-11 04:27 - JobOrganizer - INFO: Updating jobInformation list
2009-05-11 04:29 - JobOrganizer - INFO: Updating jobInformation list
2009-05-11 04:31 - JobOrganizer - INFO: Updating jobInformation list
2009-05-11 04:33 - JobOrganizer - INFO: Updating jobInformation list
2009-05-11 04:35 - JobOrganizer - INFO: Updating jobInformation list
2009-05-11 04:37 - JobOrganizer - INFO: Updating jobInformation list
2009-05-11 04:39 - JobOrganizer - INFO: Updating jobInformation list
2009-05-11 04:41 - JobOrganizer - INFO: Updating jobInformation list
2009-05-11 04:43 - JobOrganizer - INFO: Updating jobInformation list
2009-05-11 04:45 - JobOrganizer - INFO: Updating jobInformation list
2009-05-11 04:48 - JobOrganizer - INFO: Updating jobInformation list
2009-05-11 04:50 - JobOrganizer - INFO: Updating jobInformation list
2009-05-11 04:52 - JobOrganizer - INFO: Updating jobInformation list
2009-05-11 04:54 - JobOrganizer - INFO: Updating jobInformation list
2009-05-11 04:56 - JobOrganizer - INFO: Updating jobInformation list
2009-05-11 04:58 - JobOrganizer - INFO: Updating jobInformation list
2009-05-11 05:00 - JobOrganizer - INFO: Updating jobInformation list
2009-05-11 05:02 - JobOrganizer - INFO: Updating jobInformation list
2009-05-11 05:04 - JobOrganizer - INFO: Updating jobInformation list
2009-05-11 05:06 - JobOrganizer - INFO: Updating jobInformation list
2009-05-11 05:08 - JobOrganizer - INFO: Updating jobInformation list
2009-05-11 05:10 - JobOrganizer - INFO: Updating jobInformation list
2009-05-11 05:12 - JobOrganizer - INFO: Updating jobInformation list
2009-05-11 05:14 - JobOrganizer - INFO: Updating jobInformation list
2009-05-11 05:16 - JobOrganizer - INFO: Updating jobInformation list
2009-05-11 05:18 - JobOrganizer - INFO: Updating jobInformation list
2009-05-11 05:20 - JobOrganizer - INFO: Updating jobInformation list
2009-05-11 05:22 - JobOrganizer - INFO: Updating jobInformation list
2009-05-11 05:24 - JobOrganizer - INFO: Updating jobInformation list
2009-05-11 05:26 - JobOrganizer - INFO: Updating jobInformation list
2009-05-11 05:28 - JobOrganizer - INFO: Updating jobInformation list
2009-05-11 05:30 - JobOrganizer - INFO: Updating jobInformation list
2009-05-11 05:32 - JobOrganizer - INFO: Updating jobInformation list
2009-05-11 05:34 - JobOrganizer - INFO: Updating jobInformation list
2009-05-11 05:36 - JobOrganizer - INFO: Updating jobInformation list
2009-05-11 05:38 - JobOrganizer - INFO: Updating jobInformation list
2009-05-11 05:40 - JobOrganizer - INFO: Updating jobInformation list
2009-05-11 05:42 - JobOrganizer - INFO: Updating jobInformation list
2009-05-11 05:44 - JobOrganizer - INFO: Updating jobInformation list
2009-05-11 05:46 - JobOrganizer - INFO: Updating jobInformation list
2009-05-11 05:48 - JobOrganizer - INFO: Updating jobInformation list
2009-05-11 05:50 - JobOrganizer - INFO: Updating jobInformation list
2009-05-11 05:52 - JobOrganizer - INFO: Updating jobInformation list
2009-05-11 05:54 - JobOrganizer - INFO: Updating jobInformation list
2009-05-11 05:56 - JobOrganizer - INFO: Updating jobInformation list
2009-05-11 05:58 - JobOrganizer - INFO: Updating jobInformation list
2009-05-11 06:00 - JobOrganizer - INFO: Updating jobInformation list
2009-05-11 06:02 - JobOrganizer - INFO: Updating jobInformation list
2009-05-11 06:04 - JobOrganizer - INFO: Updating jobInformation list
2009-05-11 06:06 - JobOrganizer - INFO: Updating jobInformation list
2009-05-11 06:08 - JobOrganizer - INFO: Updating jobInformation list
2009-05-11 06:10 - JobOrganizer - INFO: Updating jobInformation list
2009-05-11 06:12 - JobOrganizer - INFO: Updating jobInformation list
2009-05-11 06:14 - JobOrganizer - INFO: Updating jobInformation list
2009-05-11 06:16 - JobOrganizer - INFO: Updating jobInformation list
2009-05-11 06:18 - JobOrganizer - INFO: Updating jobInformation list
2009-05-11 06:20 - JobOrganizer - INFO: Updating jobInformation list
2009-05-11 06:22 - JobOrganizer - INFO: Updating jobInformation list
2009-05-11 06:24 - JobOrganizer - INFO: Updating jobInformation list
2009-05-11 06:26 - JobOrganizer - INFO: Updating jobInformation list
2009-05-11 06:28 - JobOrganizer - INFO: Updating jobInformation list
2009-05-11 06:30 - JobOrganizer - INFO: Updating jobInformation list
2009-05-11 06:32 - JobOrganizer - INFO: Updating jobInformation list
2009-05-11 06:34 - JobOrganizer - INFO: Updating jobInformation list
2009-05-11 06:36 - JobOrganizer - INFO: Updating jobInformation list
2009-05-11 06:38 - JobOrganizer - INFO: Updating jobInformation list
2009-05-11 06:40 - JobOrganizer - INFO: Updating jobInformation list
2009-05-11 06:42 - JobOrganizer - INFO: Updating jobInformation list
2009-05-11 06:44 - JobOrganizer - INFO: Updating jobInformation list
2009-05-11 06:46 - JobOrganizer - INFO: Updating jobInformation list
2009-05-11 06:48 - JobOrganizer - INFO: Updating jobInformation list
2009-05-11 06:50 - JobOrganizer - INFO: Updating jobInformation list
2009-05-11 06:52 - JobOrganizer - INFO: Updating jobInformation list
2009-05-11 06:54 - JobOrganizer - INFO: Updating jobInformation list
2009-05-11 06:56 - JobOrganizer - INFO: Updating jobInformation list
2009-05-11 06:58 - JobOrganizer - INFO: Updating jobInformation list
2009-05-11 07:00 - JobOrganizer - INFO: Updating jobInformation list
2009-05-11 07:02 - JobOrganizer - INFO: Updating jobInformation list
2009-05-11 07:04 - JobOrganizer - INFO: Updating jobInformation list
2009-05-11 07:06 - JobOrganizer - INFO: Updating jobInformation list
2009-05-11 07:08 - JobOrganizer - INFO: Updating jobInformation list
2009-05-11 07:10 - JobOrganizer - INFO: Updating jobInformation list
2009-05-11 07:12 - JobOrganizer - INFO: Updating jobInformation list
2009-05-11 07:14 - JobOrganizer - INFO: Updating jobInformation list
2009-05-11 07:16 - JobOrganizer - INFO: Updating jobInformation list
2009-05-11 07:18 - JobOrganizer - INFO: Updating jobInformation list
2009-05-11 07:20 - JobOrganizer - INFO: Updating jobInformation list
2009-05-11 07:22 - JobOrganizer - INFO: Updating jobInformation list
2009-05-11 07:24 - JobOrganizer - INFO: Updating jobInformation list
2009-05-11 07:26 - JobOrganizer - INFO: Updating jobInformation list
2009-05-11 07:28 - JobOrganizer - INFO: Updating jobInformation list
2009-05-11 07:30 - JobOrganizer - INFO: Updating jobInformation list
2009-05-11 07:32 - JobOrganizer - INFO: Updating jobInformation list
2009-05-11 07:34 - JobOrganizer - INFO: Updating jobInformation list
2009-05-11 07:36 - JobOrganizer - INFO: Updating jobInformation list
2009-05-11 07:38 - JobOrganizer - INFO: Updating jobInformation list
2009-05-11 07:40 - JobOrganizer - INFO: Updating jobInformation list
2009-05-11 07:42 - JobOrganizer - INFO: Updating jobInformation list
2009-05-11 07:44 - JobOrganizer - INFO: Updating jobInformation list
2009-05-11 07:46 - JobOrganizer - INFO: Updating jobInformation list
2009-05-11 07:48 - JobOrganizer - INFO: Updating jobInformation list
2009-05-11 07:50 - JobOrganizer - INFO: Updating jobInformation list
2009-05-11 07:52 - JobOrganizer - INFO: Updating jobInformation list
2009-05-11 07:54 - JobOrganizer - INFO: Updating jobInformation list
2009-05-11 07:56 - JobOrganizer - INFO: Updating jobInformation list
2009-05-11 07:58 - JobOrganizer - INFO: Updating jobInformation list
2009-05-11 08:00 - JobOrganizer - INFO: Updating jobInformation list
2009-05-11 08:02 - JobOrganizer - INFO: Updating jobInformation list
2009-05-11 08:04 - JobOrganizer - INFO: Updating jobInformation list
2009-05-11 08:06 - JobOrganizer - INFO: Updating jobInformation list
2009-05-11 08:08 - JobOrganizer - INFO: Updating jobInformation list
2009-05-11 08:10 - JobOrganizer - INFO: Updating jobInformation list
2009-05-11 08:12 - JobOrganizer - INFO: Updating jobInformation list
2009-05-11 08:14 - JobOrganizer - INFO: Updating jobInformation list
2009-05-11 08:16 - JobOrganizer - INFO: Updating jobInformation list
2009-05-11 08:18 - JobOrganizer - INFO: Updating jobInformation list
2009-05-11 08:20 - JobOrganizer - INFO: Updating jobInformation list
2009-05-11 08:22 - JobOrganizer - INFO: Updating jobInformation list
2009-05-11 08:24 - JobOrganizer - INFO: Updating jobInformation list
2009-05-11 08:26 - JobOrganizer - INFO: Updating jobInformation list
2009-05-11 08:28 - JobOrganizer - INFO: Updating jobInformation list
2009-05-11 08:30 - JobOrganizer - INFO: Updating jobInformation list
2009-05-11 08:32 - JobOrganizer - INFO: Updating jobInformation list
2009-05-11 08:34 - JobOrganizer - INFO: Updating jobInformation list
2009-05-11 08:36 - JobOrganizer - INFO: Updating jobInformation list
2009-05-11 08:38 - JobOrganizer - INFO: Updating jobInformation list
2009-05-11 08:40 - JobOrganizer - INFO: Updating jobInformation list
2009-05-11 08:42 - JobOrganizer - INFO: Updating jobInformation list
2009-05-11 08:44 - JobOrganizer - INFO: Updating jobInformation list
2009-05-11 08:46 - JobOrganizer - INFO: Updating jobInformation list
2009-05-11 08:49 - JobOrganizer - INFO: Updating jobInformation list
2009-05-11 08:51 - JobOrganizer - INFO: Updating jobInformation list
2009-05-11 08:53 - JobOrganizer - INFO: Updating jobInformation list
2009-05-11 08:55 - JobOrganizer - INFO: Updating jobInformation list
2009-05-11 08:57 - JobOrganizer - INFO: Updating jobInformation list
2009-05-11 08:59 - JobOrganizer - INFO: Updating jobInformation list
2009-05-11 09:01 - JobOrganizer - INFO: Updating jobInformation list
2009-05-11 09:03 - JobOrganizer - INFO: Updating jobInformation list
2009-05-11 09:05 - JobOrganizer - INFO: Updating jobInformation list
2009-05-11 09:07 - JobOrganizer - INFO: Updating jobInformation list
2009-05-11 09:09 - JobOrganizer - INFO: Updating jobInformation list
2009-05-11 09:11 - JobOrganizer - INFO: Updating jobInformation list
2009-05-11 09:13 - JobOrganizer - INFO: Updating jobInformation list
2009-05-11 09:15 - JobOrganizer - INFO: Updating jobInformation list
2009-05-11 09:17 - JobOrganizer - INFO: Updating jobInformation list
2009-05-11 09:19 - JobOrganizer - INFO: Updating jobInformation list
2009-05-11 09:21 - JobOrganizer - INFO: Updating jobInformation list
2009-05-11 09:23 - JobOrganizer - INFO: Updating jobInformation list
2009-05-11 09:25 - JobOrganizer - INFO: Updating jobInformation list
2009-05-11 09:27 - JobOrganizer - INFO: Updating jobInformation list
2009-05-11 09:29 - JobOrganizer - INFO: Updating jobInformation list
2009-05-11 09:31 - JobOrganizer - INFO: Updating jobInformation list
2009-05-11 09:33 - JobOrganizer - INFO: Updating jobInformation list
2009-05-11 09:35 - JobOrganizer - INFO: Updating jobInformation list
2009-05-11 09:37 - JobOrganizer - INFO: Updating jobInformation list
2009-05-11 09:39 - JobOrganizer - INFO: Updating jobInformation list
2009-05-11 09:41 - JobOrganizer - INFO: Updating jobInformation list
2009-05-11 09:43 - JobOrganizer - INFO: Updating jobInformation list
2009-05-11 09:45 - JobOrganizer - INFO: Updating jobInformation list
2009-05-11 09:47 - JobOrganizer - INFO: Updating jobInformation list
2009-05-11 09:49 - JobOrganizer - INFO: Updating jobInformation list
2009-05-11 09:51 - JobOrganizer - INFO: Updating jobInformation list
2009-05-11 09:53 - JobOrganizer - INFO: Updating jobInformation list
2009-05-11 09:55 - JobOrganizer - INFO: Updating jobInformation list
2009-05-11 09:57 - JobOrganizer - INFO: Updating jobInformation list
2009-05-11 09:59 - JobOrganizer - INFO: Updating jobInformation list
2009-05-11 10:01 - JobOrganizer - INFO: Updating jobInformation list
2009-05-11 10:03 - JobOrganizer - INFO: Updating jobInformation list
2009-05-11 10:05 - JobOrganizer - INFO: Updating jobInformation list
2009-05-11 10:07 - JobOrganizer - INFO: Updating jobInformation list
2009-05-11 10:09 - JobOrganizer - INFO: Updating jobInformation list
2009-05-11 10:11 - JobOrganizer - INFO: Updating jobInformation list
2009-05-11 10:13 - JobOrganizer - INFO: Updating jobInformation list
2009-05-11 10:15 - JobOrganizer - INFO: Updating jobInformation list
2009-05-11 10:17 - JobOrganizer - INFO: Updating jobInformation list
2009-05-11 10:19 - JobOrganizer - INFO: Updating jobInformation list
2009-05-11 10:21 - JobOrganizer - INFO: Updating jobInformation list
2009-05-11 10:23 - JobOrganizer - INFO: Updating jobInformation list
2009-05-11 10:25 - JobOrganizer - INFO: Updating jobInformation list
2009-05-11 10:27 - JobOrganizer - INFO: Updating jobInformation list
2009-05-11 10:29 - JobOrganizer - INFO: Updating jobInformation list
2009-05-11 10:31 - JobOrganizer - INFO: Updating jobInformation list
2009-05-11 10:33 - JobOrganizer - INFO: Updating jobInformation list
2009-05-11 10:35 - JobOrganizer - INFO: Updating jobInformation list
2009-05-11 10:37 - JobOrganizer - INFO: Updating jobInformation list
2009-05-11 10:39 - JobOrganizer - INFO: Updating jobInformation list
2009-05-11 10:41 - JobOrganizer - INFO: Updating jobInformation list
2009-05-11 10:43 - JobOrganizer - INFO: Updating jobInformation list
2009-05-11 10:45 - JobOrganizer - INFO: Updating jobInformation list
2009-05-11 10:47 - JobOrganizer - INFO: Updating jobInformation list
2009-05-11 10:49 - JobOrganizer - INFO: Updating jobInformation list
2009-05-11 10:51 - JobOrganizer - INFO: Updating jobInformation list
2009-05-11 10:53 - JobOrganizer - INFO: Updating jobInformation list
2009-05-11 10:55 - JobOrganizer - INFO: Updating jobInformation list
2009-05-11 10:57 - JobOrganizer - INFO: Updating jobInformation list
2009-05-11 10:59 - JobOrganizer - INFO: Updating jobInformation list
2009-05-11 11:01 - JobOrganizer - INFO: Updating jobInformation list
2009-05-11 11:03 - JobOrganizer - INFO: Updating jobInformation list
2009-05-11 11:05 - JobOrganizer - INFO: Updating jobInformation list
2009-05-11 11:07 - JobOrganizer - INFO: Updating jobInformation list
2009-05-11 11:09 - JobOrganizer - INFO: Updating jobInformation list
2009-05-11 11:11 - JobOrganizer - INFO: Updating jobInformation list
2009-05-11 11:13 - JobOrganizer - INFO: Updating jobInformation list
2009-05-11 11:15 - JobOrganizer - INFO: Updating jobInformation list
2009-05-11 11:17 - JobOrganizer - INFO: Updating jobInformation list
2009-05-11 11:19 - JobOrganizer - INFO: Updating jobInformation list
2009-05-11 11:21 - JobOrganizer - INFO: Updating jobInformation list
2009-05-11 11:23 - JobOrganizer - INFO: Updating jobInformation list
2009-05-11 11:25 - JobOrganizer - INFO: Updating jobInformation list
2009-05-11 11:27 - JobOrganizer - INFO: Updating jobInformation list
2009-05-11 11:29 - JobOrganizer - INFO: Updating jobInformation list
2009-05-11 11:31 - JobOrganizer - INFO: Updating jobInformation list
2009-05-11 11:33 - JobOrganizer - INFO: Updating jobInformation list
2009-05-11 11:35 - JobOrganizer - INFO: Updating jobInformation list
2009-05-11 11:37 - JobOrganizer - INFO: Updating jobInformation list
2009-05-11 11:39 - JobOrganizer - INFO: Updating jobInformation list
2009-05-11 11:41 - JobOrganizer - INFO: Updating jobInformation list
2009-05-11 11:43 - JobOrganizer - INFO: Updating jobInformation list
2009-05-11 11:45 - JobOrganizer - INFO: Updating jobInformation list
2009-05-11 11:47 - JobOrganizer - INFO: Updating jobInformation list
2009-05-11 11:49 - JobOrganizer - INFO: Updating jobInformation list
2009-05-11 11:51 - JobOrganizer - INFO: Updating jobInformation list
2009-05-11 11:53 - JobOrganizer - INFO: Updating jobInformation list
2009-05-11 11:55 - JobOrganizer - INFO: Updating jobInformation list
2009-05-11 11:57 - JobOrganizer - INFO: Updating jobInformation list
2009-05-11 11:59 - JobOrganizer - INFO: Updating jobInformation list
2009-05-11 12:01 - JobOrganizer - INFO: Updating jobInformation list
2009-05-11 12:03 - JobOrganizer - INFO: Updating jobInformation list
2009-05-11 12:05 - JobOrganizer - INFO: Updating jobInformation list
2009-05-11 12:07 - JobOrganizer - INFO: Updating jobInformation list
2009-05-11 12:09 - JobOrganizer - INFO: Updating jobInformation list
2009-05-11 12:11 - JobOrganizer - INFO: Updating jobInformation list
2009-05-11 12:13 - JobOrganizer - INFO: Updating jobInformation list
2009-05-11 12:15 - JobOrganizer - INFO: Updating jobInformation list
2009-05-11 12:17 - JobOrganizer - INFO: Updating jobInformation list
2009-05-11 12:19 - JobOrganizer - INFO: Updating jobInformation list
2009-05-11 12:21 - JobOrganizer - INFO: Updating jobInformation list
2009-05-11 12:23 - JobOrganizer - INFO: Updating jobInformation list
2009-05-11 12:25 - JobOrganizer - INFO: Updating jobInformation list
2009-05-11 12:27 - JobOrganizer - INFO: Updating jobInformation list
2009-05-11 12:29 - JobOrganizer - INFO: Updating jobInformation list
2009-05-11 12:31 - JobOrganizer - INFO: Updating jobInformation list
2009-05-11 12:33 - JobOrganizer - INFO: Updating jobInformation list
2009-05-11 12:35 - JobOrganizer - INFO: Updating jobInformation list
2009-05-11 12:37 - JobOrganizer - INFO: Updating jobInformation list
2009-05-11 12:39 - JobOrganizer - INFO: Updating jobInformation list
2009-05-11 12:41 - JobOrganizer - INFO: Updating jobInformation list
2009-05-11 12:43 - JobOrganizer - INFO: Updating jobInformation list
2009-05-11 12:45 - JobOrganizer - INFO: Updating jobInformation list
2009-05-11 12:47 - JobOrganizer - INFO: Updating jobInformation list
2009-05-11 12:49 - JobOrganizer - INFO: Updating jobInformation list
2009-05-11 12:52 - JobOrganizer - INFO: Updating jobInformation list
2009-05-11 12:54 - JobOrganizer - INFO: Updating jobInformation list
2009-05-11 12:56 - JobOrganizer - INFO: Updating jobInformation list
2009-05-11 12:58 - JobOrganizer - INFO: Updating jobInformation list
2009-05-11 13:00 - JobOrganizer - INFO: Updating jobInformation list
2009-05-11 13:02 - JobOrganizer - INFO: Updating jobInformation list
2009-05-11 13:04 - JobOrganizer - INFO: Updating jobInformation list
2009-05-11 13:06 - JobOrganizer - INFO: Updating jobInformation list
2009-05-11 13:08 - JobOrganizer - INFO: Updating jobInformation list
2009-05-11 13:10 - JobOrganizer - INFO: Updating jobInformation list
2009-05-11 13:12 - JobOrganizer - INFO: Updating jobInformation list
2009-05-11 13:14 - JobOrganizer - INFO: Updating jobInformation list
2009-05-11 13:16 - JobOrganizer - INFO: Updating jobInformation list
2009-05-11 13:18 - JobOrganizer - INFO: Updating jobInformation list
2009-05-11 13:20 - JobOrganizer - INFO: Updating jobInformation list
2009-05-11 13:22 - JobOrganizer - INFO: Updating jobInformation list
2009-05-11 13:24 - JobOrganizer - INFO: Updating jobInformation list
2009-05-11 13:26 - JobOrganizer - INFO: Updating jobInformation list
2009-05-11 13:28 - JobOrganizer - INFO: Updating jobInformation list
2009-05-11 13:30 - JobOrganizer - INFO: Updating jobInformation list
2009-05-11 13:32 - JobOrganizer - INFO: Updating jobInformation list
2009-05-11 13:34 - JobOrganizer - INFO: Updating jobInformation list
2009-05-11 13:36 - JobOrganizer - INFO: Updating jobInformation list
2009-05-11 13:38 - JobOrganizer - INFO: Updating jobInformation list
2009-05-11 13:40 - JobOrganizer - INFO: Updating jobInformation list
2009-05-11 13:42 - JobOrganizer - INFO: Updating jobInformation list
2009-05-11 13:44 - JobOrganizer - INFO: Updating jobInformation list
2009-05-11 13:46 - JobOrganizer - INFO: Updating jobInformation list
2009-05-11 13:48 - JobOrganizer - INFO: Updating jobInformation list
2009-05-11 13:50 - JobOrganizer - INFO: Updating jobInformation list
2009-05-11 13:52 - JobOrganizer - INFO: Updating jobInformation list
2009-05-11 13:54 - JobOrganizer - INFO: Updating jobInformation list
2009-05-11 13:56 - JobOrganizer - INFO: Updating jobInformation list
2009-05-11 13:58 - JobOrganizer - INFO: Updating jobInformation list
2009-05-11 14:00 - JobOrganizer - INFO: Updating jobInformation list
2009-05-11 14:02 - JobOrganizer - INFO: Updating jobInformation list
2009-05-11 14:04 - JobOrganizer - INFO: Updating jobInformation list
2009-05-11 14:06 - JobOrganizer - INFO: Updating jobInformation list
2009-05-11 14:08 - JobOrganizer - INFO: Updating jobInformation list
2009-05-11 14:10 - JobOrganizer - INFO: Updating jobInformation list
2009-05-11 14:12 - JobOrganizer - INFO: Updating jobInformation list
2009-05-11 14:14 - JobOrganizer - INFO: Updating jobInformation list
2009-05-11 14:16 - JobOrganizer - INFO: Updating jobInformation list
2009-05-11 14:18 - JobOrganizer - INFO: Updating jobInformation list
2009-05-11 14:20 - JobOrganizer - INFO: Updating jobInformation list
2009-05-11 14:22 - JobOrganizer - INFO: Updating jobInformation list
2009-05-11 14:24 - JobOrganizer - INFO: Updating jobInformation list
2009-05-11 14:26 - JobOrganizer - INFO: Updating jobInformation list
2009-05-11 14:28 - JobOrganizer - INFO: Updating jobInformation list
2009-05-11 14:30 - JobOrganizer - INFO: Updating jobInformation list
2009-05-11 14:32 - JobOrganizer - INFO: Updating jobInformation list
2009-05-11 14:34 - JobOrganizer - INFO: Updating jobInformation list
2009-05-11 14:36 - JobOrganizer - INFO: Updating jobInformation list
2009-05-11 14:38 - JobOrganizer - INFO: Updating jobInformation list
2009-05-11 14:40 - JobOrganizer - INFO: Updating jobInformation list
2009-05-11 14:42 - JobOrganizer - INFO: Updating jobInformation list
2009-05-11 14:44 - JobOrganizer - INFO: Updating jobInformation list
2009-05-11 14:46 - JobOrganizer - INFO: Updating jobInformation list
2009-05-11 14:48 - JobOrganizer - INFO: Updating jobInformation list
2009-05-11 14:50 - JobOrganizer - INFO: Updating jobInformation list
2009-05-11 14:52 - JobOrganizer - INFO: Updating jobInformation list
2009-05-11 14:54 - JobOrganizer - INFO: Updating jobInformation list
2009-05-11 14:56 - JobOrganizer - INFO: Updating jobInformation list
2009-05-11 14:58 - JobOrganizer - INFO: Updating jobInformation list
2009-05-11 15:00 - JobOrganizer - INFO: Updating jobInformation list
2009-05-11 15:02 - JobOrganizer - INFO: Updating jobInformation list
2009-05-11 15:04 - JobOrganizer - INFO: Updating jobInformation list
2009-05-11 15:06 - JobOrganizer - INFO: Updating jobInformation list
2009-05-11 15:08 - JobOrganizer - INFO: Updating jobInformation list
2009-05-11 15:10 - JobOrganizer - INFO: Updating jobInformation list
2009-05-11 15:12 - JobOrganizer - INFO: Updating jobInformation list
2009-05-11 15:14 - JobOrganizer - INFO: Updating jobInformation list
2009-05-11 15:16 - JobOrganizer - INFO: Updating jobInformation list
2009-05-11 15:18 - JobOrganizer - INFO: Updating jobInformation list
2009-05-11 15:20 - JobOrganizer - INFO: Updating jobInformation list
2009-05-11 15:22 - JobOrganizer - INFO: Updating jobInformation list
2009-05-11 15:24 - JobOrganizer - INFO: Updating jobInformation list
2009-05-11 15:26 - JobOrganizer - INFO: Updating jobInformation list
2009-05-11 15:28 - JobOrganizer - INFO: Updating jobInformation list
2009-05-11 15:30 - JobOrganizer - INFO: Updating jobInformation list
2009-05-11 15:32 - JobOrganizer - INFO: Updating jobInformation list
2009-05-11 15:34 - JobOrganizer - INFO: Updating jobInformation list
2009-05-11 15:36 - JobOrganizer - INFO: Updating jobInformation list
2009-05-11 15:38 - JobOrganizer - INFO: Updating jobInformation list
2009-05-11 15:40 - JobOrganizer - INFO: Updating jobInformation list
2009-05-11 15:42 - JobOrganizer - INFO: Updating jobInformation list
2009-05-11 15:44 - JobOrganizer - INFO: Updating jobInformation list
2009-05-11 15:46 - JobOrganizer - INFO: Updating jobInformation list
2009-05-11 15:46 - JobOrganizer - INFO: validate job: True
2009-05-11 15:46 - JobOrganizer - INFO: jobInfo.validation: WAITING
2009-05-11 15:46 - JobOrganizer - INFO: 114859_L1CaloStandalone added to jobInformation list
2009-05-11 15:48 - JobOrganizer - INFO: Updating jobInformation list
2009-05-11 15:50 - JobOrganizer - INFO: Updating jobInformation list
2009-05-11 15:52 - JobOrganizer - INFO: Updating jobInformation list
2009-05-11 15:54 - JobOrganizer - INFO: Updating jobInformation list
2009-05-11 15:56 - JobOrganizer - INFO: Updating jobInformation list
2009-05-11 15:58 - JobOrganizer - INFO: Updating jobInformation list
2009-05-11 16:00 - JobOrganizer - INFO: Updating jobInformation list
2009-05-11 16:02 - JobOrganizer - INFO: Updating jobInformation list
2009-05-11 16:04 - JobOrganizer - INFO: Updating jobInformation list
2009-05-11 16:06 - JobOrganizer - INFO: Updating jobInformation list
2009-05-11 16:08 - JobOrganizer - INFO: Updating jobInformation list
2009-05-11 16:10 - JobOrganizer - INFO: Updating jobInformation list
2009-05-11 16:12 - JobOrganizer - INFO: Updating jobInformation list
2009-05-11 16:14 - JobOrganizer - INFO: Updating jobInformation list
2009-05-11 16:16 - JobOrganizer - INFO: Updating jobInformation list
2009-05-11 16:18 - JobOrganizer - INFO: Updating jobInformation list
2009-05-11 16:20 - JobOrganizer - INFO: Updating jobInformation list
2009-05-11 16:22 - JobOrganizer - INFO: Updating jobInformation list
2009-05-11 16:24 - JobOrganizer - INFO: Updating jobInformation list
2009-05-11 16:26 - JobOrganizer - INFO: Updating jobInformation list
2009-05-11 16:28 - JobOrganizer - INFO: Updating jobInformation list
2009-05-11 16:30 - JobOrganizer - INFO: Updating jobInformation list
2009-05-11 16:32 - JobOrganizer - INFO: Updating jobInformation list
2009-05-11 16:34 - JobOrganizer - INFO: Updating jobInformation list
2009-05-11 16:36 - JobOrganizer - INFO: Updating jobInformation list
2009-05-11 16:38 - JobOrganizer - INFO: Updating jobInformation list
2009-05-11 16:40 - JobOrganizer - INFO: Updating jobInformation list
2009-05-11 16:42 - JobOrganizer - INFO: Updating jobInformation list
2009-05-11 16:44 - JobOrganizer - INFO: Updating jobInformation list
2009-05-11 16:46 - JobOrganizer - INFO: Updating jobInformation list
2009-05-11 16:49 - JobOrganizer - INFO: Updating jobInformation list
2009-05-11 16:51 - JobOrganizer - INFO: Updating jobInformation list
2009-05-11 16:53 - JobOrganizer - INFO: Updating jobInformation list
2009-05-11 16:55 - JobOrganizer - INFO: Updating jobInformation list
2009-05-11 16:57 - JobOrganizer - INFO: Updating jobInformation list
2009-05-11 16:59 - JobOrganizer - INFO: Updating jobInformation list
2009-05-11 17:01 - JobOrganizer - INFO: Updating jobInformation list
2009-05-11 17:03 - JobOrganizer - INFO: Updating jobInformation list
2009-05-11 17:05 - JobOrganizer - INFO: Updating jobInformation list
2009-05-11 17:07 - JobOrganizer - INFO: Updating jobInformation list
2009-05-11 17:09 - JobOrganizer - INFO: Updating jobInformation list
2009-05-11 17:11 - JobOrganizer - INFO: Updating jobInformation list
2009-05-11 17:13 - JobOrganizer - INFO: Updating jobInformation list
2009-05-11 17:15 - JobOrganizer - INFO: Updating jobInformation list
2009-05-11 17:17 - JobOrganizer - INFO: Updating jobInformation list
2009-05-11 17:19 - JobOrganizer - INFO: Updating jobInformation list
2009-05-11 17:21 - JobOrganizer - INFO: Updating jobInformation list
2009-05-11 17:23 - JobOrganizer - INFO: Updating jobInformation list
2009-05-11 17:25 - JobOrganizer - INFO: Updating jobInformation list
2009-05-11 17:27 - JobOrganizer - INFO: Updating jobInformation list
2009-05-11 17:29 - JobOrganizer - INFO: Updating jobInformation list
2009-05-11 17:31 - JobOrganizer - INFO: Updating jobInformation list
2009-05-11 17:33 - JobOrganizer - INFO: Updating jobInformation list
2009-05-11 17:35 - JobOrganizer - INFO: Updating jobInformation list
2009-05-11 17:37 - JobOrganizer - INFO: Updating jobInformation list
2009-05-11 17:39 - JobOrganizer - INFO: Updating jobInformation list
2009-05-11 17:41 - JobOrganizer - INFO: Updating jobInformation list
2009-05-11 17:43 - JobOrganizer - INFO: Updating jobInformation list
2009-05-11 17:45 - JobOrganizer - INFO: Updating jobInformation list
2009-05-11 17:47 - JobOrganizer - INFO: Updating jobInformation list
2009-05-11 17:49 - JobOrganizer - INFO: Updating jobInformation list
2009-05-11 17:51 - JobOrganizer - INFO: Updating jobInformation list
2009-05-11 17:53 - JobOrganizer - INFO: Updating jobInformation list
2009-05-11 17:55 - JobOrganizer - INFO: Updating jobInformation list
2009-05-11 17:57 - JobOrganizer - INFO: Updating jobInformation list
2009-05-11 17:59 - JobOrganizer - INFO: Updating jobInformation list
2009-05-11 18:01 - JobOrganizer - INFO: Updating jobInformation list
2009-05-11 18:03 - JobOrganizer - INFO: Updating jobInformation list
2009-05-11 18:05 - JobOrganizer - INFO: Updating jobInformation list
2009-05-11 18:07 - JobOrganizer - INFO: Updating jobInformation list
2009-05-11 18:09 - JobOrganizer - INFO: Updating jobInformation list
2009-05-11 18:11 - JobOrganizer - INFO: Updating jobInformation list
2009-05-11 18:13 - JobOrganizer - INFO: Updating jobInformation list
2009-05-11 18:15 - JobOrganizer - INFO: Updating jobInformation list
2009-05-11 18:17 - JobOrganizer - INFO: Updating jobInformation list
2009-05-11 18:19 - JobOrganizer - INFO: Updating jobInformation list
2009-05-11 18:21 - JobOrganizer - INFO: Updating jobInformation list
2009-05-11 18:23 - JobOrganizer - INFO: Updating jobInformation list
2009-05-11 18:25 - JobOrganizer - INFO: Updating jobInformation list
2009-05-11 18:27 - JobOrganizer - INFO: Updating jobInformation list
2009-05-11 18:29 - JobOrganizer - INFO: Updating jobInformation list
2009-05-11 18:31 - JobOrganizer - INFO: Updating jobInformation list
2009-05-11 18:33 - JobOrganizer - INFO: Updating jobInformation list
2009-05-11 18:35 - JobOrganizer - INFO: Updating jobInformation list
2009-05-11 18:37 - JobOrganizer - INFO: Updating jobInformation list
2009-05-11 18:39 - JobOrganizer - INFO: Updating jobInformation list
2009-05-11 18:41 - JobOrganizer - INFO: Updating jobInformation list
2009-05-11 18:43 - JobOrganizer - INFO: Updating jobInformation list
2009-05-11 18:45 - JobOrganizer - INFO: Updating jobInformation list
2009-05-11 18:47 - JobOrganizer - INFO: Updating jobInformation list
2009-05-11 18:49 - JobOrganizer - INFO: Updating jobInformation list
2009-05-11 18:51 - JobOrganizer - INFO: Updating jobInformation list
2009-05-11 18:53 - JobOrganizer - INFO: Updating jobInformation list
2009-05-11 18:55 - JobOrganizer - INFO: Updating jobInformation list
2009-05-11 18:57 - JobOrganizer - INFO: Updating jobInformation list
2009-05-11 18:59 - JobOrganizer - INFO: Updating jobInformation list
2009-05-11 19:01 - JobOrganizer - INFO: Updating jobInformation list
2009-05-11 19:03 - JobOrganizer - INFO: Updating jobInformation list
2009-05-11 19:05 - JobOrganizer - INFO: Updating jobInformation list
2009-05-11 19:07 - JobOrganizer - INFO: Updating jobInformation list
2009-05-11 19:09 - JobOrganizer - INFO: Updating jobInformation list
2009-05-11 19:11 - JobOrganizer - INFO: Updating jobInformation list
2009-05-11 19:13 - JobOrganizer - INFO: Updating jobInformation list
2009-05-11 19:15 - JobOrganizer - INFO: Updating jobInformation list
2009-05-11 19:17 - JobOrganizer - INFO: Updating jobInformation list
2009-05-11 19:19 - JobOrganizer - INFO: Updating jobInformation list
2009-05-11 19:21 - JobOrganizer - INFO: Updating jobInformation list
2009-05-11 19:23 - JobOrganizer - INFO: Updating jobInformation list
2009-05-11 19:25 - JobOrganizer - INFO: Updating jobInformation list
2009-05-11 19:27 - JobOrganizer - INFO: Updating jobInformation list
2009-05-11 19:29 - JobOrganizer - INFO: Updating jobInformation list
2009-05-11 19:31 - JobOrganizer - INFO: Updating jobInformation list
2009-05-11 19:33 - JobOrganizer - INFO: Updating jobInformation list
2009-05-11 19:35 - JobOrganizer - INFO: Updating jobInformation list
2009-05-11 19:37 - JobOrganizer - INFO: Updating jobInformation list
2009-05-11 19:39 - JobOrganizer - INFO: Updating jobInformation list
2009-05-11 19:41 - JobOrganizer - INFO: Updating jobInformation list
2009-05-11 19:43 - JobOrganizer - INFO: Updating jobInformation list
2009-05-11 19:45 - JobOrganizer - INFO: Updating jobInformation list
2009-05-11 19:47 - JobOrganizer - INFO: Updating jobInformation list
2009-05-11 19:49 - JobOrganizer - INFO: Updating jobInformation list
2009-05-11 19:51 - JobOrganizer - INFO: Updating jobInformation list
2009-05-11 19:54 - JobOrganizer - INFO: Updating jobInformation list
2009-05-11 19:56 - JobOrganizer - INFO: Updating jobInformation list
2009-05-11 19:58 - JobOrganizer - INFO: Updating jobInformation list
2009-05-11 20:00 - JobOrganizer - INFO: Updating jobInformation list
2009-05-11 20:02 - JobOrganizer - INFO: Updating jobInformation list
2009-05-11 20:04 - JobOrganizer - INFO: Updating jobInformation list
2009-05-11 20:06 - JobOrganizer - INFO: Updating jobInformation list
2009-05-11 20:08 - JobOrganizer - INFO: Updating jobInformation list
2009-05-11 20:10 - JobOrganizer - INFO: Updating jobInformation list
2009-05-11 20:12 - JobOrganizer - INFO: Updating jobInformation list
2009-05-11 20:14 - JobOrganizer - INFO: Updating jobInformation list
2009-05-11 20:16 - JobOrganizer - INFO: Updating jobInformation list
2009-05-11 20:18 - JobOrganizer - INFO: Updating jobInformation list
2009-05-11 20:20 - JobOrganizer - INFO: Updating jobInformation list
2009-05-11 20:22 - JobOrganizer - INFO: Updating jobInformation list
2009-05-11 20:24 - JobOrganizer - INFO: Updating jobInformation list
2009-05-11 20:26 - JobOrganizer - INFO: Updating jobInformation list
2009-05-11 20:28 - JobOrganizer - INFO: Updating jobInformation list
2009-05-11 20:30 - JobOrganizer - INFO: Updating jobInformation list
2009-05-11 20:32 - JobOrganizer - INFO: Updating jobInformation list
2009-05-11 20:34 - JobOrganizer - INFO: Updating jobInformation list
2009-05-11 20:36 - JobOrganizer - INFO: Updating jobInformation list
2009-05-11 20:38 - JobOrganizer - INFO: Updating jobInformation list
2009-05-11 20:40 - JobOrganizer - INFO: Updating jobInformation list
2009-05-11 20:42 - JobOrganizer - INFO: Updating jobInformation list
2009-05-11 20:44 - JobOrganizer - INFO: Updating jobInformation list
2009-05-11 20:46 - JobOrganizer - INFO: Updating jobInformation list
2009-05-11 20:48 - JobOrganizer - INFO: Updating jobInformation list
2009-05-11 20:50 - JobOrganizer - INFO: Updating jobInformation list
2009-05-11 20:52 - JobOrganizer - INFO: Updating jobInformation list
2009-05-11 20:54 - JobOrganizer - INFO: Updating jobInformation list
2009-05-11 20:56 - JobOrganizer - INFO: Updating jobInformation list
2009-05-11 20:58 - JobOrganizer - INFO: Updating jobInformation list
2009-05-11 21:00 - JobOrganizer - INFO: Updating jobInformation list
2009-05-11 21:02 - JobOrganizer - INFO: Updating jobInformation list
2009-05-11 21:04 - JobOrganizer - INFO: Updating jobInformation list
2009-05-11 21:06 - JobOrganizer - INFO: Updating jobInformation list
2009-05-11 21:08 - JobOrganizer - INFO: Updating jobInformation list
2009-05-11 21:10 - JobOrganizer - INFO: Updating jobInformation list
2009-05-11 21:12 - JobOrganizer - INFO: Updating jobInformation list
2009-05-11 21:14 - JobOrganizer - INFO: Updating jobInformation list
2009-05-11 21:16 - JobOrganizer - INFO: Updating jobInformation list
2009-05-11 21:18 - JobOrganizer - INFO: Updating jobInformation list
2009-05-11 21:20 - JobOrganizer - INFO: Updating jobInformation list
2009-05-11 21:22 - JobOrganizer - INFO: Updating jobInformation list
2009-05-11 21:24 - JobOrganizer - INFO: Updating jobInformation list
2009-05-11 21:26 - JobOrganizer - INFO: Updating jobInformation list
2009-05-11 21:28 - JobOrganizer - INFO: Updating jobInformation list
2009-05-11 21:30 - JobOrganizer - INFO: Updating jobInformation list
2009-05-11 21:32 - JobOrganizer - INFO: Updating jobInformation list
2009-05-11 21:34 - JobOrganizer - INFO: Updating jobInformation list
2009-05-11 21:36 - JobOrganizer - INFO: Updating jobInformation list
2009-05-11 21:38 - JobOrganizer - INFO: Updating jobInformation list
2009-05-11 21:40 - JobOrganizer - INFO: Updating jobInformation list
2009-05-11 21:42 - JobOrganizer - INFO: Updating jobInformation list
2009-05-11 21:44 - JobOrganizer - INFO: Updating jobInformation list
2009-05-11 21:46 - JobOrganizer - INFO: Updating jobInformation list
2009-05-11 21:48 - JobOrganizer - INFO: Updating jobInformation list
2009-05-11 21:50 - JobOrganizer - INFO: Updating jobInformation list
2009-05-11 21:52 - JobOrganizer - INFO: Updating jobInformation list
2009-05-11 21:54 - JobOrganizer - INFO: Updating jobInformation list
2009-05-11 21:56 - JobOrganizer - INFO: Updating jobInformation list
2009-05-11 21:58 - JobOrganizer - INFO: Updating jobInformation list
2009-05-11 22:00 - JobOrganizer - INFO: Updating jobInformation list
2009-05-11 22:02 - JobOrganizer - INFO: Updating jobInformation list
2009-05-11 22:04 - JobOrganizer - INFO: Updating jobInformation list
2009-05-11 22:06 - JobOrganizer - INFO: Updating jobInformation list
2009-05-11 22:08 - JobOrganizer - INFO: Updating jobInformation list
2009-05-11 22:10 - JobOrganizer - INFO: Updating jobInformation list
2009-05-11 22:12 - JobOrganizer - INFO: Updating jobInformation list
2009-05-11 22:14 - JobOrganizer - INFO: Updating jobInformation list
2009-05-11 22:16 - JobOrganizer - INFO: Updating jobInformation list
2009-05-11 22:18 - JobOrganizer - INFO: Updating jobInformation list
2009-05-11 22:20 - JobOrganizer - INFO: Updating jobInformation list
2009-05-11 22:22 - JobOrganizer - INFO: Updating jobInformation list
2009-05-11 22:24 - JobOrganizer - INFO: Updating jobInformation list
2009-05-11 22:26 - JobOrganizer - INFO: Updating jobInformation list
2009-05-11 22:28 - JobOrganizer - INFO: Updating jobInformation list
2009-05-11 22:30 - JobOrganizer - INFO: Updating jobInformation list
2009-05-11 22:32 - JobOrganizer - INFO: Updating jobInformation list
2009-05-11 22:34 - JobOrganizer - INFO: Updating jobInformation list
2009-05-11 22:36 - JobOrganizer - INFO: Updating jobInformation list
2009-05-11 22:38 - JobOrganizer - INFO: Updating jobInformation list
2009-05-11 22:40 - JobOrganizer - INFO: Updating jobInformation list
2009-05-11 22:42 - JobOrganizer - INFO: Updating jobInformation list
2009-05-11 22:44 - JobOrganizer - INFO: Updating jobInformation list
2009-05-11 22:46 - JobOrganizer - INFO: Updating jobInformation list
2009-05-11 22:48 - JobOrganizer - INFO: Updating jobInformation list
2009-05-11 22:50 - JobOrganizer - INFO: Updating jobInformation list
2009-05-11 22:52 - JobOrganizer - INFO: Updating jobInformation list
2009-05-11 22:54 - JobOrganizer - INFO: Updating jobInformation list
2009-05-11 22:56 - JobOrganizer - INFO: Updating jobInformation list
2009-05-11 22:58 - JobOrganizer - INFO: Updating jobInformation list
2009-05-11 23:00 - JobOrganizer - INFO: Updating jobInformation list
2009-05-11 23:02 - JobOrganizer - INFO: Updating jobInformation list
2009-05-11 23:04 - JobOrganizer - INFO: Updating jobInformation list
2009-05-11 23:06 - JobOrganizer - INFO: Updating jobInformation list
2009-05-11 23:08 - JobOrganizer - INFO: Updating jobInformation list
2009-05-11 23:10 - JobOrganizer - INFO: Updating jobInformation list
2009-05-11 23:12 - JobOrganizer - INFO: Updating jobInformation list
2009-05-11 23:14 - JobOrganizer - INFO: Updating jobInformation list
2009-05-11 23:16 - JobOrganizer - INFO: Updating jobInformation list
2009-05-11 23:18 - JobOrganizer - INFO: Updating jobInformation list
2009-05-11 23:20 - JobOrganizer - INFO: Updating jobInformation list
2009-05-11 23:22 - JobOrganizer - INFO: Updating jobInformation list
2009-05-11 23:24 - JobOrganizer - INFO: Updating jobInformation list
2009-05-11 23:26 - JobOrganizer - INFO: Updating jobInformation list
2009-05-11 23:28 - JobOrganizer - INFO: Updating jobInformation list
2009-05-11 23:30 - JobOrganizer - INFO: Updating jobInformation list
2009-05-11 23:32 - JobOrganizer - INFO: Updating jobInformation list
2009-05-11 23:34 - JobOrganizer - INFO: Updating jobInformation list
2009-05-11 23:36 - JobOrganizer - INFO: Updating jobInformation list
2009-05-11 23:38 - JobOrganizer - INFO: Updating jobInformation list
2009-05-11 23:40 - JobOrganizer - INFO: Updating jobInformation list
2009-05-11 23:42 - JobOrganizer - INFO: Updating jobInformation list
2009-05-11 23:44 - JobOrganizer - INFO: Updating jobInformation list
2009-05-11 23:46 - JobOrganizer - INFO: Updating jobInformation list
2009-05-11 23:48 - JobOrganizer - INFO: Updating jobInformation list
2009-05-11 23:50 - JobOrganizer - INFO: Updating jobInformation list
2009-05-11 23:52 - JobOrganizer - INFO: Updating jobInformation list
2009-05-11 23:54 - JobOrganizer - INFO: Updating jobInformation list
2009-05-11 23:57 - JobOrganizer - INFO: Updating jobInformation list
2009-05-11 23:59 - JobOrganizer - INFO: Updating jobInformation list
2009-05-12 00:01 - JobOrganizer - INFO: Updating jobInformation list
