2009-05-20 00:01 - JobOrganizer - INFO: ========================================
2009-05-20 00:01 - JobOrganizer - INFO: JobOrganizer in init
2009-05-20 00:01 - JobOrganizer - INFO: init file JobOrganizerConfig.py was found
2009-05-20 00:01 - JobOrganizer - INFO: retrieveing Db parameters from JobOrganizerConfig.py file
2009-05-20 00:01 - JobOrganizer - INFO: creating job configurations from JobOrganizerConfig.py file
2009-05-20 00:01 - JobOrganizer - INFO: JobOrganizer initialized
2009-05-20 00:01 - JobOrganizer - INFO: ========================================
2009-05-20 00:03 - JobOrganizer - INFO: Updating jobInformation list
2009-05-20 00:05 - JobOrganizer - INFO: Updating jobInformation list
2009-05-20 00:07 - JobOrganizer - INFO: Updating jobInformation list
2009-05-20 00:09 - JobOrganizer - INFO: Updating jobInformation list
2009-05-20 00:11 - JobOrganizer - INFO: Updating jobInformation list
2009-05-20 00:13 - JobOrganizer - INFO: Updating jobInformation list
2009-05-20 00:15 - JobOrganizer - INFO: Updating jobInformation list
2009-05-20 00:17 - JobOrganizer - INFO: Updating jobInformation list
2009-05-20 00:19 - JobOrganizer - INFO: Updating jobInformation list
2009-05-20 00:21 - JobOrganizer - INFO: Updating jobInformation list
2009-05-20 00:23 - JobOrganizer - INFO: Updating jobInformation list
2009-05-20 00:25 - JobOrganizer - INFO: Updating jobInformation list
2009-05-20 00:27 - JobOrganizer - INFO: Updating jobInformation list
2009-05-20 00:29 - JobOrganizer - INFO: Updating jobInformation list
2009-05-20 00:31 - JobOrganizer - INFO: Updating jobInformation list
2009-05-20 00:33 - JobOrganizer - INFO: Updating jobInformation list
2009-05-20 00:35 - JobOrganizer - INFO: Updating jobInformation list
2009-05-20 00:37 - JobOrganizer - INFO: Updating jobInformation list
2009-05-20 00:39 - JobOrganizer - INFO: Updating jobInformation list
2009-05-20 00:41 - JobOrganizer - INFO: Updating jobInformation list
2009-05-20 00:43 - JobOrganizer - INFO: Updating jobInformation list
2009-05-20 00:45 - JobOrganizer - INFO: Updating jobInformation list
2009-05-20 00:47 - JobOrganizer - INFO: Updating jobInformation list
2009-05-20 00:49 - JobOrganizer - INFO: Updating jobInformation list
2009-05-20 00:51 - JobOrganizer - INFO: Updating jobInformation list
2009-05-20 00:53 - JobOrganizer - INFO: Updating jobInformation list
2009-05-20 00:55 - JobOrganizer - INFO: Updating jobInformation list
2009-05-20 00:57 - JobOrganizer - INFO: Updating jobInformation list
2009-05-20 00:59 - JobOrganizer - INFO: Updating jobInformation list
2009-05-20 01:01 - JobOrganizer - INFO: Updating jobInformation list
2009-05-20 01:03 - JobOrganizer - INFO: Updating jobInformation list
2009-05-20 01:05 - JobOrganizer - INFO: Updating jobInformation list
2009-05-20 01:07 - JobOrganizer - INFO: Updating jobInformation list
2009-05-20 01:09 - JobOrganizer - INFO: Updating jobInformation list
2009-05-20 01:11 - JobOrganizer - INFO: Updating jobInformation list
2009-05-20 01:13 - JobOrganizer - INFO: Updating jobInformation list
2009-05-20 01:15 - JobOrganizer - INFO: Updating jobInformation list
2009-05-20 01:17 - JobOrganizer - INFO: Updating jobInformation list
2009-05-20 01:19 - JobOrganizer - INFO: Updating jobInformation list
2009-05-20 01:21 - JobOrganizer - INFO: Updating jobInformation list
2009-05-20 01:23 - JobOrganizer - INFO: Updating jobInformation list
2009-05-20 01:25 - JobOrganizer - INFO: Updating jobInformation list
2009-05-20 01:27 - JobOrganizer - INFO: Updating jobInformation list
2009-05-20 01:29 - JobOrganizer - INFO: Updating jobInformation list
2009-05-20 01:31 - JobOrganizer - INFO: Updating jobInformation list
2009-05-20 01:33 - JobOrganizer - INFO: Updating jobInformation list
2009-05-20 01:35 - JobOrganizer - INFO: Updating jobInformation list
2009-05-20 01:37 - JobOrganizer - INFO: Updating jobInformation list
2009-05-20 01:39 - JobOrganizer - INFO: Updating jobInformation list
2009-05-20 01:41 - JobOrganizer - INFO: Updating jobInformation list
2009-05-20 01:43 - JobOrganizer - INFO: Updating jobInformation list
2009-05-20 01:45 - JobOrganizer - INFO: Updating jobInformation list
2009-05-20 01:47 - JobOrganizer - INFO: Updating jobInformation list
2009-05-20 01:49 - JobOrganizer - INFO: Updating jobInformation list
2009-05-20 01:51 - JobOrganizer - INFO: Updating jobInformation list
2009-05-20 01:53 - JobOrganizer - INFO: Updating jobInformation list
2009-05-20 01:55 - JobOrganizer - INFO: Updating jobInformation list
2009-05-20 01:57 - JobOrganizer - INFO: Updating jobInformation list
2009-05-20 01:59 - JobOrganizer - INFO: Updating jobInformation list
2009-05-20 02:01 - JobOrganizer - INFO: Updating jobInformation list
2009-05-20 02:03 - JobOrganizer - INFO: Updating jobInformation list
2009-05-20 02:05 - JobOrganizer - INFO: Updating jobInformation list
2009-05-20 02:07 - JobOrganizer - INFO: Updating jobInformation list
2009-05-20 02:09 - JobOrganizer - INFO: Updating jobInformation list
2009-05-20 02:11 - JobOrganizer - INFO: Updating jobInformation list
2009-05-20 02:13 - JobOrganizer - INFO: Updating jobInformation list
2009-05-20 02:15 - JobOrganizer - INFO: Updating jobInformation list
2009-05-20 02:17 - JobOrganizer - INFO: Updating jobInformation list
2009-05-20 02:19 - JobOrganizer - INFO: Updating jobInformation list
2009-05-20 02:21 - JobOrganizer - INFO: Updating jobInformation list
2009-05-20 02:23 - JobOrganizer - INFO: Updating jobInformation list
2009-05-20 02:25 - JobOrganizer - INFO: Updating jobInformation list
2009-05-20 02:27 - JobOrganizer - INFO: Updating jobInformation list
2009-05-20 02:29 - JobOrganizer - INFO: Updating jobInformation list
2009-05-20 02:31 - JobOrganizer - INFO: Updating jobInformation list
2009-05-20 02:33 - JobOrganizer - INFO: Updating jobInformation list
2009-05-20 02:35 - JobOrganizer - INFO: Updating jobInformation list
2009-05-20 02:37 - JobOrganizer - INFO: Updating jobInformation list
2009-05-20 02:39 - JobOrganizer - INFO: Updating jobInformation list
2009-05-20 02:41 - JobOrganizer - INFO: Updating jobInformation list
2009-05-20 02:43 - JobOrganizer - INFO: Updating jobInformation list
2009-05-20 02:45 - JobOrganizer - INFO: Updating jobInformation list
2009-05-20 02:47 - JobOrganizer - INFO: Updating jobInformation list
2009-05-20 02:49 - JobOrganizer - INFO: Updating jobInformation list
2009-05-20 02:51 - JobOrganizer - INFO: Updating jobInformation list
2009-05-20 02:53 - JobOrganizer - INFO: Updating jobInformation list
2009-05-20 02:55 - JobOrganizer - INFO: Updating jobInformation list
2009-05-20 02:57 - JobOrganizer - INFO: Updating jobInformation list
2009-05-20 02:59 - JobOrganizer - INFO: Updating jobInformation list
2009-05-20 03:01 - JobOrganizer - INFO: Updating jobInformation list
2009-05-20 03:03 - JobOrganizer - INFO: Updating jobInformation list
2009-05-20 03:05 - JobOrganizer - INFO: Updating jobInformation list
2009-05-20 03:07 - JobOrganizer - INFO: Updating jobInformation list
2009-05-20 03:09 - JobOrganizer - INFO: Updating jobInformation list
2009-05-20 03:11 - JobOrganizer - INFO: Updating jobInformation list
2009-05-20 03:13 - JobOrganizer - INFO: Updating jobInformation list
2009-05-20 03:15 - JobOrganizer - INFO: Updating jobInformation list
2009-05-20 03:17 - JobOrganizer - INFO: Updating jobInformation list
2009-05-20 03:19 - JobOrganizer - INFO: Updating jobInformation list
2009-05-20 03:21 - JobOrganizer - INFO: Updating jobInformation list
2009-05-20 03:23 - JobOrganizer - INFO: Updating jobInformation list
2009-05-20 03:25 - JobOrganizer - INFO: Updating jobInformation list
2009-05-20 03:27 - JobOrganizer - INFO: Updating jobInformation list
2009-05-20 03:29 - JobOrganizer - INFO: Updating jobInformation list
2009-05-20 03:31 - JobOrganizer - INFO: Updating jobInformation list
2009-05-20 03:33 - JobOrganizer - INFO: Updating jobInformation list
2009-05-20 03:35 - JobOrganizer - INFO: Updating jobInformation list
2009-05-20 03:37 - JobOrganizer - INFO: Updating jobInformation list
2009-05-20 03:39 - JobOrganizer - INFO: Updating jobInformation list
2009-05-20 03:41 - JobOrganizer - INFO: Updating jobInformation list
2009-05-20 03:43 - JobOrganizer - INFO: Updating jobInformation list
2009-05-20 03:45 - JobOrganizer - INFO: Updating jobInformation list
2009-05-20 03:48 - JobOrganizer - INFO: Updating jobInformation list
2009-05-20 03:50 - JobOrganizer - INFO: Updating jobInformation list
2009-05-20 03:52 - JobOrganizer - INFO: Updating jobInformation list
2009-05-20 03:54 - JobOrganizer - INFO: Updating jobInformation list
2009-05-20 03:56 - JobOrganizer - INFO: Updating jobInformation list
2009-05-20 03:58 - JobOrganizer - INFO: Updating jobInformation list
2009-05-20 04:00 - JobOrganizer - INFO: Updating jobInformation list
2009-05-20 04:02 - JobOrganizer - INFO: Updating jobInformation list
2009-05-20 04:04 - JobOrganizer - INFO: Updating jobInformation list
2009-05-20 04:06 - JobOrganizer - INFO: Updating jobInformation list
2009-05-20 04:08 - JobOrganizer - INFO: Updating jobInformation list
2009-05-20 04:10 - JobOrganizer - INFO: Updating jobInformation list
2009-05-20 04:12 - JobOrganizer - INFO: Updating jobInformation list
2009-05-20 04:14 - JobOrganizer - INFO: Updating jobInformation list
2009-05-20 04:16 - JobOrganizer - INFO: Updating jobInformation list
2009-05-20 04:18 - JobOrganizer - INFO: Updating jobInformation list
2009-05-20 04:20 - JobOrganizer - INFO: Updating jobInformation list
2009-05-20 04:22 - JobOrganizer - INFO: Updating jobInformation list
2009-05-20 04:24 - JobOrganizer - INFO: Updating jobInformation list
2009-05-20 04:26 - JobOrganizer - INFO: Updating jobInformation list
2009-05-20 04:28 - JobOrganizer - INFO: Updating jobInformation list
2009-05-20 04:30 - JobOrganizer - INFO: Updating jobInformation list
2009-05-20 04:32 - JobOrganizer - INFO: Updating jobInformation list
2009-05-20 04:34 - JobOrganizer - INFO: Updating jobInformation list
2009-05-20 04:36 - JobOrganizer - INFO: Updating jobInformation list
2009-05-20 04:38 - JobOrganizer - INFO: Updating jobInformation list
2009-05-20 04:40 - JobOrganizer - INFO: Updating jobInformation list
2009-05-20 04:42 - JobOrganizer - INFO: Updating jobInformation list
2009-05-20 04:44 - JobOrganizer - INFO: Updating jobInformation list
2009-05-20 04:46 - JobOrganizer - INFO: Updating jobInformation list
2009-05-20 04:48 - JobOrganizer - INFO: Updating jobInformation list
2009-05-20 04:50 - JobOrganizer - INFO: Updating jobInformation list
2009-05-20 04:52 - JobOrganizer - INFO: Updating jobInformation list
2009-05-20 04:54 - JobOrganizer - INFO: Updating jobInformation list
2009-05-20 04:56 - JobOrganizer - INFO: Updating jobInformation list
2009-05-20 04:58 - JobOrganizer - INFO: Updating jobInformation list
2009-05-20 05:00 - JobOrganizer - INFO: Updating jobInformation list
2009-05-20 05:02 - JobOrganizer - INFO: Updating jobInformation list
2009-05-20 05:04 - JobOrganizer - INFO: Updating jobInformation list
2009-05-20 05:06 - JobOrganizer - INFO: Updating jobInformation list
2009-05-20 05:08 - JobOrganizer - INFO: Updating jobInformation list
2009-05-20 05:10 - JobOrganizer - INFO: Updating jobInformation list
2009-05-20 05:12 - JobOrganizer - INFO: Updating jobInformation list
2009-05-20 05:14 - JobOrganizer - INFO: Updating jobInformation list
2009-05-20 05:16 - JobOrganizer - INFO: Updating jobInformation list
2009-05-20 05:18 - JobOrganizer - INFO: Updating jobInformation list
2009-05-20 05:20 - JobOrganizer - INFO: Updating jobInformation list
2009-05-20 05:22 - JobOrganizer - INFO: Updating jobInformation list
2009-05-20 05:24 - JobOrganizer - INFO: Updating jobInformation list
2009-05-20 05:26 - JobOrganizer - INFO: Updating jobInformation list
2009-05-20 05:28 - JobOrganizer - INFO: Updating jobInformation list
2009-05-20 05:30 - JobOrganizer - INFO: Updating jobInformation list
2009-05-20 05:32 - JobOrganizer - INFO: Updating jobInformation list
2009-05-20 05:34 - JobOrganizer - INFO: Updating jobInformation list
2009-05-20 05:36 - JobOrganizer - INFO: Updating jobInformation list
2009-05-20 05:38 - JobOrganizer - INFO: Updating jobInformation list
2009-05-20 05:40 - JobOrganizer - INFO: Updating jobInformation list
2009-05-20 05:42 - JobOrganizer - INFO: Updating jobInformation list
2009-05-20 05:44 - JobOrganizer - INFO: Updating jobInformation list
2009-05-20 05:46 - JobOrganizer - INFO: Updating jobInformation list
2009-05-20 05:48 - JobOrganizer - INFO: Updating jobInformation list
2009-05-20 05:50 - JobOrganizer - INFO: Updating jobInformation list
2009-05-20 05:52 - JobOrganizer - INFO: Updating jobInformation list
2009-05-20 05:54 - JobOrganizer - INFO: Updating jobInformation list
2009-05-20 05:56 - JobOrganizer - INFO: Updating jobInformation list
2009-05-20 05:58 - JobOrganizer - INFO: Updating jobInformation list
2009-05-20 06:00 - JobOrganizer - INFO: Updating jobInformation list
2009-05-20 06:02 - JobOrganizer - INFO: Updating jobInformation list
2009-05-20 06:04 - JobOrganizer - INFO: Updating jobInformation list
2009-05-20 06:06 - JobOrganizer - INFO: Updating jobInformation list
2009-05-20 06:08 - JobOrganizer - INFO: Updating jobInformation list
2009-05-20 06:10 - JobOrganizer - INFO: Updating jobInformation list
2009-05-20 06:12 - JobOrganizer - INFO: Updating jobInformation list
2009-05-20 06:14 - JobOrganizer - INFO: Updating jobInformation list
2009-05-20 06:16 - JobOrganizer - INFO: Updating jobInformation list
2009-05-20 06:18 - JobOrganizer - INFO: Updating jobInformation list
2009-05-20 06:20 - JobOrganizer - INFO: Updating jobInformation list
2009-05-20 06:22 - JobOrganizer - INFO: Updating jobInformation list
2009-05-20 06:24 - JobOrganizer - INFO: Updating jobInformation list
2009-05-20 06:26 - JobOrganizer - INFO: Updating jobInformation list
2009-05-20 06:28 - JobOrganizer - INFO: Updating jobInformation list
2009-05-20 06:30 - JobOrganizer - INFO: Updating jobInformation list
2009-05-20 06:32 - JobOrganizer - INFO: Updating jobInformation list
2009-05-20 06:34 - JobOrganizer - INFO: Updating jobInformation list
2009-05-20 06:36 - JobOrganizer - INFO: Updating jobInformation list
2009-05-20 06:38 - JobOrganizer - INFO: Updating jobInformation list
2009-05-20 06:40 - JobOrganizer - INFO: Updating jobInformation list
2009-05-20 06:42 - JobOrganizer - INFO: Updating jobInformation list
2009-05-20 06:44 - JobOrganizer - INFO: Updating jobInformation list
2009-05-20 06:46 - JobOrganizer - INFO: Updating jobInformation list
2009-05-20 06:48 - JobOrganizer - INFO: Updating jobInformation list
2009-05-20 06:50 - JobOrganizer - INFO: Updating jobInformation list
2009-05-20 06:52 - JobOrganizer - INFO: Updating jobInformation list
2009-05-20 06:54 - JobOrganizer - INFO: Updating jobInformation list
2009-05-20 06:56 - JobOrganizer - INFO: Updating jobInformation list
2009-05-20 06:58 - JobOrganizer - INFO: Updating jobInformation list
2009-05-20 07:00 - JobOrganizer - INFO: Updating jobInformation list
2009-05-20 07:02 - JobOrganizer - INFO: Updating jobInformation list
2009-05-20 07:04 - JobOrganizer - INFO: Updating jobInformation list
2009-05-20 07:06 - JobOrganizer - INFO: Updating jobInformation list
2009-05-20 07:08 - JobOrganizer - INFO: Updating jobInformation list
2009-05-20 07:10 - JobOrganizer - INFO: Updating jobInformation list
2009-05-20 07:12 - JobOrganizer - INFO: Updating jobInformation list
2009-05-20 07:14 - JobOrganizer - INFO: Updating jobInformation list
2009-05-20 07:16 - JobOrganizer - INFO: Updating jobInformation list
2009-05-20 07:18 - JobOrganizer - INFO: Updating jobInformation list
2009-05-20 07:20 - JobOrganizer - INFO: Updating jobInformation list
2009-05-20 07:22 - JobOrganizer - INFO: Updating jobInformation list
2009-05-20 07:24 - JobOrganizer - INFO: Updating jobInformation list
2009-05-20 07:26 - JobOrganizer - INFO: Updating jobInformation list
2009-05-20 07:28 - JobOrganizer - INFO: Updating jobInformation list
2009-05-20 07:30 - JobOrganizer - INFO: Updating jobInformation list
2009-05-20 07:32 - JobOrganizer - INFO: Updating jobInformation list
2009-05-20 07:34 - JobOrganizer - INFO: Updating jobInformation list
2009-05-20 07:36 - JobOrganizer - INFO: Updating jobInformation list
2009-05-20 07:38 - JobOrganizer - INFO: Updating jobInformation list
2009-05-20 07:40 - JobOrganizer - INFO: Updating jobInformation list
2009-05-20 07:42 - JobOrganizer - INFO: Updating jobInformation list
2009-05-20 07:44 - JobOrganizer - INFO: Updating jobInformation list
2009-05-20 07:46 - JobOrganizer - INFO: Updating jobInformation list
2009-05-20 07:48 - JobOrganizer - INFO: Updating jobInformation list
2009-05-20 07:50 - JobOrganizer - INFO: Updating jobInformation list
2009-05-20 07:52 - JobOrganizer - INFO: Updating jobInformation list
2009-05-20 07:54 - JobOrganizer - INFO: Updating jobInformation list
2009-05-20 07:56 - JobOrganizer - INFO: Updating jobInformation list
2009-05-20 07:59 - JobOrganizer - INFO: Updating jobInformation list
2009-05-20 08:01 - JobOrganizer - INFO: Updating jobInformation list
2009-05-20 08:03 - JobOrganizer - INFO: Updating jobInformation list
2009-05-20 08:05 - JobOrganizer - INFO: Updating jobInformation list
2009-05-20 08:07 - JobOrganizer - INFO: Updating jobInformation list
2009-05-20 08:09 - JobOrganizer - INFO: Updating jobInformation list
2009-05-20 08:11 - JobOrganizer - INFO: Updating jobInformation list
2009-05-20 08:13 - JobOrganizer - INFO: Updating jobInformation list
2009-05-20 08:15 - JobOrganizer - INFO: Updating jobInformation list
2009-05-20 08:17 - JobOrganizer - INFO: Updating jobInformation list
2009-05-20 08:19 - JobOrganizer - INFO: Updating jobInformation list
2009-05-20 08:21 - JobOrganizer - INFO: Updating jobInformation list
2009-05-20 08:23 - JobOrganizer - INFO: Updating jobInformation list
2009-05-20 08:25 - JobOrganizer - INFO: Updating jobInformation list
2009-05-20 08:27 - JobOrganizer - INFO: Updating jobInformation list
2009-05-20 08:29 - JobOrganizer - INFO: Updating jobInformation list
2009-05-20 08:31 - JobOrganizer - INFO: Updating jobInformation list
2009-05-20 08:33 - JobOrganizer - INFO: Updating jobInformation list
2009-05-20 08:35 - JobOrganizer - INFO: Updating jobInformation list
2009-05-20 08:37 - JobOrganizer - INFO: Updating jobInformation list
2009-05-20 08:39 - JobOrganizer - INFO: Updating jobInformation list
2009-05-20 08:41 - JobOrganizer - INFO: Updating jobInformation list
2009-05-20 08:43 - JobOrganizer - INFO: Updating jobInformation list
2009-05-20 08:45 - JobOrganizer - INFO: Updating jobInformation list
2009-05-20 08:47 - JobOrganizer - INFO: Updating jobInformation list
2009-05-20 08:49 - JobOrganizer - INFO: Updating jobInformation list
2009-05-20 08:51 - JobOrganizer - INFO: Updating jobInformation list
2009-05-20 08:53 - JobOrganizer - INFO: Updating jobInformation list
2009-05-20 08:55 - JobOrganizer - INFO: Updating jobInformation list
2009-05-20 08:57 - JobOrganizer - INFO: Updating jobInformation list
2009-05-20 08:59 - JobOrganizer - INFO: Updating jobInformation list
2009-05-20 09:01 - JobOrganizer - INFO: Updating jobInformation list
2009-05-20 09:03 - JobOrganizer - INFO: Updating jobInformation list
2009-05-20 09:05 - JobOrganizer - INFO: Updating jobInformation list
2009-05-20 09:07 - JobOrganizer - INFO: Updating jobInformation list
2009-05-20 09:09 - JobOrganizer - INFO: Updating jobInformation list
2009-05-20 09:11 - JobOrganizer - INFO: Updating jobInformation list
2009-05-20 09:13 - JobOrganizer - INFO: Updating jobInformation list
2009-05-20 09:15 - JobOrganizer - INFO: Updating jobInformation list
2009-05-20 09:17 - JobOrganizer - INFO: Updating jobInformation list
2009-05-20 09:19 - JobOrganizer - INFO: Updating jobInformation list
2009-05-20 09:21 - JobOrganizer - INFO: Updating jobInformation list
2009-05-20 09:23 - JobOrganizer - INFO: Updating jobInformation list
2009-05-20 09:25 - JobOrganizer - INFO: Updating jobInformation list
2009-05-20 09:27 - JobOrganizer - INFO: Updating jobInformation list
2009-05-20 09:29 - JobOrganizer - INFO: Updating jobInformation list
2009-05-20 09:31 - JobOrganizer - INFO: Updating jobInformation list
2009-05-20 09:33 - JobOrganizer - INFO: Updating jobInformation list
2009-05-20 09:35 - JobOrganizer - INFO: Updating jobInformation list
2009-05-20 09:37 - JobOrganizer - INFO: Updating jobInformation list
2009-05-20 09:39 - JobOrganizer - INFO: Updating jobInformation list
2009-05-20 09:41 - JobOrganizer - INFO: Updating jobInformation list
2009-05-20 09:43 - JobOrganizer - INFO: Updating jobInformation list
2009-05-20 09:45 - JobOrganizer - INFO: Updating jobInformation list
2009-05-20 09:47 - JobOrganizer - INFO: Updating jobInformation list
2009-05-20 09:49 - JobOrganizer - INFO: Updating jobInformation list
2009-05-20 09:51 - JobOrganizer - INFO: Updating jobInformation list
2009-05-20 09:53 - JobOrganizer - INFO: Updating jobInformation list
2009-05-20 09:55 - JobOrganizer - INFO: Updating jobInformation list
2009-05-20 09:57 - JobOrganizer - INFO: Updating jobInformation list
2009-05-20 09:59 - JobOrganizer - INFO: Updating jobInformation list
2009-05-20 10:01 - JobOrganizer - INFO: Updating jobInformation list
2009-05-20 10:03 - JobOrganizer - INFO: Updating jobInformation list
2009-05-20 10:05 - JobOrganizer - INFO: Updating jobInformation list
2009-05-20 10:07 - JobOrganizer - INFO: Updating jobInformation list
2009-05-20 10:09 - JobOrganizer - INFO: Updating jobInformation list
2009-05-20 10:11 - JobOrganizer - INFO: Updating jobInformation list
2009-05-20 10:13 - JobOrganizer - INFO: Updating jobInformation list
2009-05-20 10:15 - JobOrganizer - INFO: Updating jobInformation list
2009-05-20 10:17 - JobOrganizer - INFO: Updating jobInformation list
2009-05-20 10:19 - JobOrganizer - INFO: Updating jobInformation list
2009-05-20 10:21 - JobOrganizer - INFO: Updating jobInformation list
2009-05-20 10:23 - JobOrganizer - INFO: Updating jobInformation list
2009-05-20 10:25 - JobOrganizer - INFO: Updating jobInformation list
2009-05-20 10:27 - JobOrganizer - INFO: Updating jobInformation list
2009-05-20 10:29 - JobOrganizer - INFO: Updating jobInformation list
2009-05-20 10:31 - JobOrganizer - INFO: Updating jobInformation list
2009-05-20 10:33 - JobOrganizer - INFO: Updating jobInformation list
2009-05-20 10:35 - JobOrganizer - INFO: Updating jobInformation list
2009-05-20 10:38 - JobOrganizer - INFO: Updating jobInformation list
2009-05-20 10:40 - JobOrganizer - INFO: Updating jobInformation list
2009-05-20 10:42 - JobOrganizer - INFO: Updating jobInformation list
2009-05-20 10:44 - JobOrganizer - INFO: Updating jobInformation list
2009-05-20 10:46 - JobOrganizer - INFO: Updating jobInformation list
2009-05-20 10:48 - JobOrganizer - INFO: Updating jobInformation list
2009-05-20 10:50 - JobOrganizer - INFO: Updating jobInformation list
2009-05-20 10:52 - JobOrganizer - INFO: Updating jobInformation list
2009-05-20 10:54 - JobOrganizer - INFO: Updating jobInformation list
2009-05-20 10:56 - JobOrganizer - INFO: Updating jobInformation list
2009-05-20 10:58 - JobOrganizer - INFO: Updating jobInformation list
2009-05-20 11:00 - JobOrganizer - INFO: Updating jobInformation list
2009-05-20 11:02 - JobOrganizer - INFO: Updating jobInformation list
2009-05-20 11:04 - JobOrganizer - INFO: Updating jobInformation list
2009-05-20 11:06 - JobOrganizer - INFO: Updating jobInformation list
2009-05-20 11:08 - JobOrganizer - INFO: Updating jobInformation list
2009-05-20 11:10 - JobOrganizer - INFO: Updating jobInformation list
2009-05-20 11:12 - JobOrganizer - INFO: Updating jobInformation list
2009-05-20 11:14 - JobOrganizer - INFO: Updating jobInformation list
2009-05-20 11:16 - JobOrganizer - INFO: Updating jobInformation list
2009-05-20 11:18 - JobOrganizer - INFO: Updating jobInformation list
2009-05-20 11:20 - JobOrganizer - INFO: Updating jobInformation list
2009-05-20 11:22 - JobOrganizer - INFO: Updating jobInformation list
2009-05-20 11:24 - JobOrganizer - INFO: Updating jobInformation list
2009-05-20 11:26 - JobOrganizer - INFO: Updating jobInformation list
2009-05-20 11:28 - JobOrganizer - INFO: Updating jobInformation list
2009-05-20 11:30 - JobOrganizer - INFO: Updating jobInformation list
2009-05-20 11:32 - JobOrganizer - INFO: Updating jobInformation list
2009-05-20 11:34 - JobOrganizer - INFO: Updating jobInformation list
2009-05-20 11:36 - JobOrganizer - INFO: Updating jobInformation list
2009-05-20 11:38 - JobOrganizer - INFO: Updating jobInformation list
2009-05-20 11:38 - JobOrganizer - INFO: validate job: False
2009-05-20 11:38 - JobOrganizer - INFO: jobInfo.validation: NONE
2009-05-20 11:38 - JobOrganizer - INFO: 115854_CBNT added to jobInformation list
2009-05-20 11:40 - JobOrganizer - INFO: Updating jobInformation list
2009-05-20 11:42 - JobOrganizer - INFO: Updating jobInformation list
2009-05-20 11:44 - JobOrganizer - INFO: Updating jobInformation list
2009-05-20 11:46 - JobOrganizer - INFO: Updating jobInformation list
2009-05-20 11:48 - JobOrganizer - INFO: Updating jobInformation list
2009-05-20 11:50 - JobOrganizer - INFO: Updating jobInformation list
2009-05-20 11:52 - JobOrganizer - INFO: Updating jobInformation list
2009-05-20 11:54 - JobOrganizer - INFO: Updating jobInformation list
2009-05-20 11:56 - JobOrganizer - INFO: Updating jobInformation list
2009-05-20 11:58 - JobOrganizer - INFO: Updating jobInformation list
2009-05-20 12:00 - JobOrganizer - INFO: Updating jobInformation list
2009-05-20 12:02 - JobOrganizer - INFO: Updating jobInformation list
2009-05-20 12:04 - JobOrganizer - INFO: Updating jobInformation list
2009-05-20 12:06 - JobOrganizer - INFO: Updating jobInformation list
2009-05-20 12:08 - JobOrganizer - INFO: Updating jobInformation list
2009-05-20 12:10 - JobOrganizer - INFO: Updating jobInformation list
2009-05-20 12:12 - JobOrganizer - INFO: Updating jobInformation list
2009-05-20 12:14 - JobOrganizer - INFO: Updating jobInformation list
2009-05-20 12:16 - JobOrganizer - INFO: Updating jobInformation list
2009-05-20 12:18 - JobOrganizer - INFO: Updating jobInformation list
2009-05-20 12:20 - JobOrganizer - INFO: Updating jobInformation list
2009-05-20 12:22 - JobOrganizer - INFO: Updating jobInformation list
2009-05-20 12:24 - JobOrganizer - INFO: Updating jobInformation list
2009-05-20 12:24 - JobOrganizer - INFO: validate job: False
2009-05-20 12:24 - JobOrganizer - INFO: jobInfo.validation: NONE
2009-05-20 12:24 - JobOrganizer - INFO: 115872_CBNT added to jobInformation list
2009-05-20 12:26 - JobOrganizer - INFO: Updating jobInformation list
2009-05-20 12:28 - JobOrganizer - INFO: Updating jobInformation list
2009-05-20 12:31 - JobOrganizer - INFO: Updating jobInformation list
2009-05-20 12:33 - JobOrganizer - INFO: Updating jobInformation list
2009-05-20 12:35 - JobOrganizer - INFO: Updating jobInformation list
2009-05-20 12:37 - JobOrganizer - INFO: Updating jobInformation list
2009-05-20 12:39 - JobOrganizer - INFO: Updating jobInformation list
2009-05-20 12:39 - JobOrganizer - INFO: validate job: False
2009-05-20 12:39 - JobOrganizer - INFO: jobInfo.validation: NONE
2009-05-20 12:39 - JobOrganizer - INFO: 115874_CBNT added to jobInformation list
2009-05-20 12:41 - JobOrganizer - INFO: Updating jobInformation list
2009-05-20 12:43 - JobOrganizer - INFO: Updating jobInformation list
2009-05-20 12:45 - JobOrganizer - INFO: Updating jobInformation list
2009-05-20 12:47 - JobOrganizer - INFO: Updating jobInformation list
2009-05-20 12:49 - JobOrganizer - INFO: Updating jobInformation list
2009-05-20 12:51 - JobOrganizer - INFO: Updating jobInformation list
2009-05-20 12:53 - JobOrganizer - INFO: Updating jobInformation list
2009-05-20 12:55 - JobOrganizer - INFO: Updating jobInformation list
2009-05-20 12:57 - JobOrganizer - INFO: Updating jobInformation list
2009-05-20 12:59 - JobOrganizer - INFO: Updating jobInformation list
2009-05-20 13:01 - JobOrganizer - INFO: Updating jobInformation list
2009-05-20 13:03 - JobOrganizer - INFO: Updating jobInformation list
2009-05-20 13:05 - JobOrganizer - INFO: Updating jobInformation list
2009-05-20 13:07 - JobOrganizer - INFO: Updating jobInformation list
2009-05-20 13:09 - JobOrganizer - INFO: Updating jobInformation list
2009-05-20 13:13 - JobOrganizer - INFO: Updating jobInformation list
2009-05-20 13:15 - JobOrganizer - INFO: Updating jobInformation list
2009-05-20 13:17 - JobOrganizer - INFO: Updating jobInformation list
2009-05-20 13:19 - JobOrganizer - INFO: Updating jobInformation list
2009-05-20 13:21 - JobOrganizer - INFO: Updating jobInformation list
2009-05-20 13:23 - JobOrganizer - INFO: Updating jobInformation list
2009-05-20 13:25 - JobOrganizer - INFO: Updating jobInformation list
2009-05-20 13:27 - JobOrganizer - INFO: Updating jobInformation list
2009-05-20 13:29 - JobOrganizer - INFO: Updating jobInformation list
2009-05-20 13:31 - JobOrganizer - INFO: Updating jobInformation list
2009-05-20 13:33 - JobOrganizer - INFO: Updating jobInformation list
2009-05-20 13:35 - JobOrganizer - INFO: Updating jobInformation list
2009-05-20 13:37 - JobOrganizer - INFO: Updating jobInformation list
2009-05-20 13:39 - JobOrganizer - INFO: Updating jobInformation list
2009-05-20 13:41 - JobOrganizer - INFO: Updating jobInformation list
2009-05-20 13:43 - JobOrganizer - INFO: Updating jobInformation list
2009-05-20 13:45 - JobOrganizer - INFO: Updating jobInformation list
2009-05-20 13:47 - JobOrganizer - INFO: Updating jobInformation list
2009-05-20 13:49 - JobOrganizer - INFO: Updating jobInformation list
2009-05-20 13:51 - JobOrganizer - INFO: Updating jobInformation list
2009-05-20 13:53 - JobOrganizer - INFO: Updating jobInformation list
2009-05-20 13:55 - JobOrganizer - INFO: Updating jobInformation list
2009-05-20 13:57 - JobOrganizer - INFO: Updating jobInformation list
2009-05-20 13:59 - JobOrganizer - INFO: Updating jobInformation list
2009-05-20 14:01 - JobOrganizer - INFO: Updating jobInformation list
2009-05-20 14:12 - JobOrganizer - INFO: Updating jobInformation list
2009-05-20 14:22 - JobOrganizer - INFO: Updating jobInformation list
2009-05-20 14:24 - JobOrganizer - INFO: Updating jobInformation list
2009-05-20 14:26 - JobOrganizer - INFO: Updating jobInformation list
2009-05-20 14:29 - JobOrganizer - INFO: Updating jobInformation list
2009-05-20 14:31 - JobOrganizer - INFO: Updating jobInformation list
2009-05-20 14:33 - JobOrganizer - INFO: Updating jobInformation list
2009-05-20 14:35 - JobOrganizer - INFO: Updating jobInformation list
2009-05-20 14:37 - JobOrganizer - INFO: Updating jobInformation list
2009-05-20 14:39 - JobOrganizer - INFO: Updating jobInformation list
2009-05-20 14:41 - JobOrganizer - INFO: Updating jobInformation list
2009-05-20 14:43 - JobOrganizer - INFO: Updating jobInformation list
2009-05-20 14:45 - JobOrganizer - INFO: Updating jobInformation list
2009-05-20 14:47 - JobOrganizer - INFO: Updating jobInformation list
2009-05-20 14:49 - JobOrganizer - INFO: Updating jobInformation list
2009-05-20 14:51 - JobOrganizer - INFO: Updating jobInformation list
2009-05-20 14:53 - JobOrganizer - INFO: Updating jobInformation list
2009-05-20 14:55 - JobOrganizer - INFO: Updating jobInformation list
2009-05-20 14:55 - JobOrganizer - INFO: validate job: False
2009-05-20 14:55 - JobOrganizer - INFO: jobInfo.validation: NONE
2009-05-20 14:55 - JobOrganizer - INFO: 115902_CBNT added to jobInformation list
2009-05-20 14:55 - JobOrganizer - INFO: validate job: True
2009-05-20 14:55 - JobOrganizer - INFO: jobInfo.validation: WAITING
2009-05-20 14:55 - JobOrganizer - INFO: 115906_L1CaloStandalone added to jobInformation list
2009-05-20 14:57 - JobOrganizer - INFO: Updating jobInformation list
2009-05-20 14:59 - JobOrganizer - INFO: Updating jobInformation list
2009-05-20 15:01 - JobOrganizer - INFO: Updating jobInformation list
2009-05-20 15:03 - JobOrganizer - INFO: Updating jobInformation list
2009-05-20 15:05 - JobOrganizer - INFO: Updating jobInformation list
2009-05-20 15:07 - JobOrganizer - INFO: Updating jobInformation list
2009-05-20 15:09 - JobOrganizer - INFO: Updating jobInformation list
2009-05-20 15:11 - JobOrganizer - INFO: Updating jobInformation list
2009-05-20 15:13 - JobOrganizer - INFO: Updating jobInformation list
2009-05-20 15:15 - JobOrganizer - INFO: Updating jobInformation list
2009-05-20 15:17 - JobOrganizer - INFO: Updating jobInformation list
2009-05-20 15:19 - JobOrganizer - INFO: Updating jobInformation list
2009-05-20 15:21 - JobOrganizer - INFO: Updating jobInformation list
2009-05-20 15:23 - JobOrganizer - INFO: Updating jobInformation list
2009-05-20 15:25 - JobOrganizer - INFO: Updating jobInformation list
2009-05-20 15:27 - JobOrganizer - INFO: Updating jobInformation list
2009-05-20 15:29 - JobOrganizer - INFO: Updating jobInformation list
2009-05-20 15:31 - JobOrganizer - INFO: Updating jobInformation list
2009-05-20 15:33 - JobOrganizer - INFO: Updating jobInformation list
2009-05-20 15:35 - JobOrganizer - INFO: Updating jobInformation list
2009-05-20 15:37 - JobOrganizer - INFO: Updating jobInformation list
2009-05-20 15:39 - JobOrganizer - INFO: Updating jobInformation list
2009-05-20 15:42 - JobOrganizer - INFO: Updating jobInformation list
2009-05-20 15:44 - JobOrganizer - INFO: Updating jobInformation list
2009-05-20 15:46 - JobOrganizer - INFO: Updating jobInformation list
2009-05-20 15:48 - JobOrganizer - INFO: Updating jobInformation list
2009-05-20 15:50 - JobOrganizer - INFO: Updating jobInformation list
2009-05-20 15:52 - JobOrganizer - INFO: Updating jobInformation list
2009-05-20 16:01 - JobOrganizer - INFO: Updating jobInformation list
2009-05-20 16:01 - JobOrganizer - INFO: validate job: True
2009-05-20 16:01 - JobOrganizer - INFO: jobInfo.validation: WAITING
2009-05-20 16:01 - JobOrganizer - INFO: 115917_L1CaloStandalone added to jobInformation list
2009-05-20 16:03 - JobOrganizer - INFO: Updating jobInformation list
2009-05-20 16:06 - JobOrganizer - INFO: Updating jobInformation list
2009-05-20 16:08 - JobOrganizer - INFO: Updating jobInformation list
2009-05-20 16:10 - JobOrganizer - INFO: Updating jobInformation list
2009-05-20 16:12 - JobOrganizer - INFO: Updating jobInformation list
2009-05-20 16:14 - JobOrganizer - INFO: Updating jobInformation list
2009-05-20 16:16 - JobOrganizer - INFO: Updating jobInformation list
2009-05-20 16:18 - JobOrganizer - INFO: Updating jobInformation list
2009-05-20 16:20 - JobOrganizer - INFO: Updating jobInformation list
2009-05-20 16:22 - JobOrganizer - INFO: Updating jobInformation list
2009-05-20 16:24 - JobOrganizer - INFO: Updating jobInformation list
2009-05-20 16:26 - JobOrganizer - INFO: Updating jobInformation list
2009-05-20 16:28 - JobOrganizer - INFO: Updating jobInformation list
2009-05-20 16:31 - JobOrganizer - INFO: Updating jobInformation list
2009-05-20 16:33 - JobOrganizer - INFO: Updating jobInformation list
2009-05-20 16:36 - JobOrganizer - INFO: Updating jobInformation list
2009-05-20 16:38 - JobOrganizer - INFO: Updating jobInformation list
2009-05-20 16:40 - JobOrganizer - INFO: Updating jobInformation list
2009-05-20 16:42 - JobOrganizer - INFO: Updating jobInformation list
2009-05-20 16:42 - JobOrganizer - INFO: validate job: False
2009-05-20 16:42 - JobOrganizer - INFO: jobInfo.validation: NONE
2009-05-20 16:42 - JobOrganizer - INFO: 115922_CBNT added to jobInformation list
2009-05-20 16:44 - JobOrganizer - INFO: Updating jobInformation list
2009-05-20 16:46 - JobOrganizer - INFO: Updating jobInformation list
2009-05-20 16:49 - JobOrganizer - INFO: Updating jobInformation list
2009-05-20 16:51 - JobOrganizer - INFO: Updating jobInformation list
2009-05-20 16:53 - JobOrganizer - INFO: Updating jobInformation list
2009-05-20 16:55 - JobOrganizer - INFO: Updating jobInformation list
2009-05-20 16:57 - JobOrganizer - INFO: Updating jobInformation list
2009-05-20 16:57 - JobOrganizer - INFO: validate job: False
2009-05-20 16:57 - JobOrganizer - INFO: jobInfo.validation: NONE
2009-05-20 16:57 - JobOrganizer - INFO: 115926_CBNT added to jobInformation list
2009-05-20 17:00 - JobOrganizer - INFO: Updating jobInformation list
2009-05-20 17:02 - JobOrganizer - INFO: Updating jobInformation list
2009-05-20 17:04 - JobOrganizer - INFO: Updating jobInformation list
2009-05-20 17:06 - JobOrganizer - INFO: Updating jobInformation list
2009-05-20 17:08 - JobOrganizer - INFO: Updating jobInformation list
2009-05-20 17:10 - JobOrganizer - INFO: Updating jobInformation list
2009-05-20 17:12 - JobOrganizer - INFO: Updating jobInformation list
2009-05-20 17:14 - JobOrganizer - INFO: Updating jobInformation list
2009-05-20 17:16 - JobOrganizer - INFO: Updating jobInformation list
2009-05-20 17:18 - JobOrganizer - INFO: Updating jobInformation list
2009-05-20 17:20 - JobOrganizer - INFO: Updating jobInformation list
2009-05-20 17:22 - JobOrganizer - INFO: Updating jobInformation list
2009-05-20 17:24 - JobOrganizer - INFO: Updating jobInformation list
2009-05-20 17:26 - JobOrganizer - INFO: Updating jobInformation list
2009-05-20 17:28 - JobOrganizer - INFO: Updating jobInformation list
2009-05-20 17:30 - JobOrganizer - INFO: Updating jobInformation list
2009-05-20 17:32 - JobOrganizer - INFO: Updating jobInformation list
2009-05-20 17:34 - JobOrganizer - INFO: Updating jobInformation list
2009-05-20 17:36 - JobOrganizer - INFO: Updating jobInformation list
2009-05-20 17:40 - JobOrganizer - INFO: Updating jobInformation list
2009-05-20 17:42 - JobOrganizer - INFO: Updating jobInformation list
2009-05-20 17:44 - JobOrganizer - INFO: Updating jobInformation list
2009-05-20 17:46 - JobOrganizer - INFO: Updating jobInformation list
2009-05-20 17:48 - JobOrganizer - INFO: Updating jobInformation list
2009-05-20 17:50 - JobOrganizer - INFO: Updating jobInformation list
2009-05-20 17:52 - JobOrganizer - INFO: Updating jobInformation list
2009-05-20 17:54 - JobOrganizer - INFO: Updating jobInformation list
2009-05-20 17:56 - JobOrganizer - INFO: Updating jobInformation list
2009-05-20 17:58 - JobOrganizer - INFO: Updating jobInformation list
2009-05-20 18:00 - JobOrganizer - INFO: Updating jobInformation list
2009-05-20 18:02 - JobOrganizer - INFO: Updating jobInformation list
2009-05-20 18:04 - JobOrganizer - INFO: Updating jobInformation list
2009-05-20 18:06 - JobOrganizer - INFO: Updating jobInformation list
2009-05-20 18:08 - JobOrganizer - INFO: Updating jobInformation list
2009-05-20 18:10 - JobOrganizer - INFO: Updating jobInformation list
2009-05-20 18:12 - JobOrganizer - INFO: Updating jobInformation list
2009-05-20 18:14 - JobOrganizer - INFO: Updating jobInformation list
2009-05-20 18:16 - JobOrganizer - INFO: Updating jobInformation list
2009-05-20 18:18 - JobOrganizer - INFO: Updating jobInformation list
2009-05-20 18:20 - JobOrganizer - INFO: Updating jobInformation list
2009-05-20 18:22 - JobOrganizer - INFO: Updating jobInformation list
2009-05-20 18:24 - JobOrganizer - INFO: Updating jobInformation list
2009-05-20 18:26 - JobOrganizer - INFO: Updating jobInformation list
2009-05-20 18:28 - JobOrganizer - INFO: Updating jobInformation list
2009-05-20 18:30 - JobOrganizer - INFO: Updating jobInformation list
2009-05-20 18:32 - JobOrganizer - INFO: Updating jobInformation list
2009-05-20 18:34 - JobOrganizer - INFO: Updating jobInformation list
2009-05-20 18:36 - JobOrganizer - INFO: Updating jobInformation list
2009-05-20 18:38 - JobOrganizer - INFO: Updating jobInformation list
2009-05-20 18:40 - JobOrganizer - INFO: Updating jobInformation list
2009-05-20 18:42 - JobOrganizer - INFO: Updating jobInformation list
2009-05-20 18:45 - JobOrganizer - INFO: Updating jobInformation list
2009-05-20 18:45 - JobOrganizer - INFO: validate job: False
2009-05-20 18:45 - JobOrganizer - INFO: jobInfo.validation: NONE
2009-05-20 18:45 - JobOrganizer - INFO: 115950_CBNT added to jobInformation list
2009-05-20 18:47 - JobOrganizer - INFO: Updating jobInformation list
2009-05-20 18:50 - JobOrganizer - INFO: Updating jobInformation list
2009-05-20 18:52 - JobOrganizer - INFO: Updating jobInformation list
2009-05-20 18:54 - JobOrganizer - INFO: Updating jobInformation list
2009-05-20 18:56 - JobOrganizer - INFO: Updating jobInformation list
2009-05-20 18:58 - JobOrganizer - INFO: Updating jobInformation list
2009-05-20 19:00 - JobOrganizer - INFO: Updating jobInformation list
2009-05-20 19:00 - JobOrganizer - INFO: validate job: False
2009-05-20 19:00 - JobOrganizer - INFO: jobInfo.validation: NONE
2009-05-20 19:00 - JobOrganizer - INFO: 115951_CBNT added to jobInformation list
2009-05-20 19:00 - JobOrganizer - INFO: validate job: False
2009-05-20 19:00 - JobOrganizer - INFO: jobInfo.validation: NONE
2009-05-20 19:00 - JobOrganizer - INFO: 115952_CBNT added to jobInformation list
2009-05-20 19:02 - JobOrganizer - INFO: Updating jobInformation list
2009-05-20 19:04 - JobOrganizer - INFO: Updating jobInformation list
2009-05-20 19:06 - JobOrganizer - INFO: Updating jobInformation list
2009-05-20 19:08 - JobOrganizer - INFO: Updating jobInformation list
2009-05-20 19:10 - JobOrganizer - INFO: Updating jobInformation list
2009-05-20 19:12 - JobOrganizer - INFO: Updating jobInformation list
2009-05-20 19:14 - JobOrganizer - INFO: Updating jobInformation list
2009-05-20 19:17 - JobOrganizer - INFO: Updating jobInformation list
2009-05-20 19:19 - JobOrganizer - INFO: Updating jobInformation list
2009-05-20 19:21 - JobOrganizer - INFO: Updating jobInformation list
2009-05-20 19:23 - JobOrganizer - INFO: Updating jobInformation list
2009-05-20 19:25 - JobOrganizer - INFO: Updating jobInformation list
2009-05-20 19:27 - JobOrganizer - INFO: Updating jobInformation list
2009-05-20 19:29 - JobOrganizer - INFO: Updating jobInformation list
2009-05-20 19:31 - JobOrganizer - INFO: Updating jobInformation list
2009-05-20 19:33 - JobOrganizer - INFO: Updating jobInformation list
2009-05-20 19:35 - JobOrganizer - INFO: Updating jobInformation list
2009-05-20 19:37 - JobOrganizer - INFO: Updating jobInformation list
2009-05-20 19:39 - JobOrganizer - INFO: Updating jobInformation list
2009-05-20 19:43 - JobOrganizer - INFO: Updating jobInformation list
2009-05-20 19:45 - JobOrganizer - INFO: Updating jobInformation list
2009-05-20 19:47 - JobOrganizer - INFO: Updating jobInformation list
2009-05-20 19:49 - JobOrganizer - INFO: Updating jobInformation list
2009-05-20 19:51 - JobOrganizer - INFO: Updating jobInformation list
2009-05-20 19:53 - JobOrganizer - INFO: Updating jobInformation list
2009-05-20 19:55 - JobOrganizer - INFO: Updating jobInformation list
2009-05-20 19:57 - JobOrganizer - INFO: Updating jobInformation list
2009-05-20 19:59 - JobOrganizer - INFO: Updating jobInformation list
2009-05-20 20:01 - JobOrganizer - INFO: Updating jobInformation list
2009-05-20 20:04 - JobOrganizer - INFO: Updating jobInformation list
2009-05-20 20:07 - JobOrganizer - INFO: Updating jobInformation list
2009-05-20 20:09 - JobOrganizer - INFO: Updating jobInformation list
2009-05-20 20:11 - JobOrganizer - INFO: Updating jobInformation list
2009-05-20 20:13 - JobOrganizer - INFO: Updating jobInformation list
2009-05-20 20:15 - JobOrganizer - INFO: Updating jobInformation list
2009-05-20 20:17 - JobOrganizer - INFO: Updating jobInformation list
2009-05-20 20:20 - JobOrganizer - INFO: Updating jobInformation list
2009-05-20 20:23 - JobOrganizer - INFO: Updating jobInformation list
2009-05-20 20:25 - JobOrganizer - INFO: Updating jobInformation list
2009-05-20 20:27 - JobOrganizer - INFO: Updating jobInformation list
2009-05-20 20:29 - JobOrganizer - INFO: Updating jobInformation list
2009-05-20 20:31 - JobOrganizer - INFO: Updating jobInformation list
2009-05-20 20:33 - JobOrganizer - INFO: Updating jobInformation list
2009-05-20 20:35 - JobOrganizer - INFO: Updating jobInformation list
2009-05-20 20:37 - JobOrganizer - INFO: Updating jobInformation list
2009-05-20 20:39 - JobOrganizer - INFO: Updating jobInformation list
2009-05-20 20:41 - JobOrganizer - INFO: Updating jobInformation list
2009-05-20 20:43 - JobOrganizer - INFO: Updating jobInformation list
2009-05-20 20:45 - JobOrganizer - INFO: Updating jobInformation list
2009-05-20 20:47 - JobOrganizer - INFO: Updating jobInformation list
2009-05-20 20:49 - JobOrganizer - INFO: Updating jobInformation list
2009-05-20 20:51 - JobOrganizer - INFO: Updating jobInformation list
2009-05-20 20:53 - JobOrganizer - INFO: Updating jobInformation list
2009-05-20 20:55 - JobOrganizer - INFO: Updating jobInformation list
2009-05-20 20:57 - JobOrganizer - INFO: Updating jobInformation list
2009-05-20 20:59 - JobOrganizer - INFO: Updating jobInformation list
2009-05-20 21:01 - JobOrganizer - INFO: Updating jobInformation list
2009-05-20 21:03 - JobOrganizer - INFO: Updating jobInformation list
2009-05-20 21:05 - JobOrganizer - INFO: Updating jobInformation list
2009-05-20 21:08 - JobOrganizer - INFO: Updating jobInformation list
2009-05-20 21:10 - JobOrganizer - INFO: Updating jobInformation list
2009-05-20 21:12 - JobOrganizer - INFO: Updating jobInformation list
2009-05-20 21:14 - JobOrganizer - INFO: Updating jobInformation list
2009-05-20 21:16 - JobOrganizer - INFO: Updating jobInformation list
2009-05-20 21:18 - JobOrganizer - INFO: Updating jobInformation list
2009-05-20 21:20 - JobOrganizer - INFO: Updating jobInformation list
2009-05-20 21:22 - JobOrganizer - INFO: Updating jobInformation list
2009-05-20 21:24 - JobOrganizer - INFO: Updating jobInformation list
2009-05-20 21:26 - JobOrganizer - INFO: Updating jobInformation list
2009-05-20 21:28 - JobOrganizer - INFO: Updating jobInformation list
2009-05-20 21:30 - JobOrganizer - INFO: Updating jobInformation list
2009-05-20 21:32 - JobOrganizer - INFO: Updating jobInformation list
2009-05-20 21:34 - JobOrganizer - INFO: Updating jobInformation list
2009-05-20 21:36 - JobOrganizer - INFO: Updating jobInformation list
2009-05-20 21:38 - JobOrganizer - INFO: Updating jobInformation list
2009-05-20 21:40 - JobOrganizer - INFO: Updating jobInformation list
2009-05-20 21:42 - JobOrganizer - INFO: Updating jobInformation list
2009-05-20 21:44 - JobOrganizer - INFO: Updating jobInformation list
2009-05-20 21:46 - JobOrganizer - INFO: Updating jobInformation list
2009-05-20 21:48 - JobOrganizer - INFO: Updating jobInformation list
2009-05-20 21:50 - JobOrganizer - INFO: Updating jobInformation list
2009-05-20 21:52 - JobOrganizer - INFO: Updating jobInformation list
2009-05-20 21:54 - JobOrganizer - INFO: Updating jobInformation list
2009-05-20 21:56 - JobOrganizer - INFO: Updating jobInformation list
2009-05-20 21:58 - JobOrganizer - INFO: Updating jobInformation list
2009-05-20 22:00 - JobOrganizer - INFO: Updating jobInformation list
2009-05-20 22:02 - JobOrganizer - INFO: Updating jobInformation list
2009-05-20 22:04 - JobOrganizer - INFO: Updating jobInformation list
2009-05-20 22:06 - JobOrganizer - INFO: Updating jobInformation list
2009-05-20 22:08 - JobOrganizer - INFO: Updating jobInformation list
2009-05-20 22:10 - JobOrganizer - INFO: Updating jobInformation list
2009-05-20 22:12 - JobOrganizer - INFO: Updating jobInformation list
2009-05-20 22:14 - JobOrganizer - INFO: Updating jobInformation list
2009-05-20 22:16 - JobOrganizer - INFO: Updating jobInformation list
2009-05-20 22:18 - JobOrganizer - INFO: Updating jobInformation list
2009-05-20 22:20 - JobOrganizer - INFO: Updating jobInformation list
2009-05-20 22:22 - JobOrganizer - INFO: Updating jobInformation list
2009-05-20 22:24 - JobOrganizer - INFO: Updating jobInformation list
2009-05-20 22:26 - JobOrganizer - INFO: Updating jobInformation list
2009-05-20 22:28 - JobOrganizer - INFO: Updating jobInformation list
2009-05-20 22:30 - JobOrganizer - INFO: Updating jobInformation list
2009-05-20 22:32 - JobOrganizer - INFO: Updating jobInformation list
2009-05-20 22:34 - JobOrganizer - INFO: Updating jobInformation list
2009-05-20 22:36 - JobOrganizer - INFO: Updating jobInformation list
2009-05-20 22:38 - JobOrganizer - INFO: Updating jobInformation list
2009-05-20 22:40 - JobOrganizer - INFO: Updating jobInformation list
2009-05-20 22:42 - JobOrganizer - INFO: Updating jobInformation list
2009-05-20 22:44 - JobOrganizer - INFO: Updating jobInformation list
2009-05-20 22:46 - JobOrganizer - INFO: Updating jobInformation list
2009-05-20 22:48 - JobOrganizer - INFO: Updating jobInformation list
2009-05-20 22:50 - JobOrganizer - INFO: Updating jobInformation list
2009-05-20 22:52 - JobOrganizer - INFO: Updating jobInformation list
2009-05-20 22:54 - JobOrganizer - INFO: Updating jobInformation list
2009-05-20 22:56 - JobOrganizer - INFO: Updating jobInformation list
2009-05-20 22:58 - JobOrganizer - INFO: Updating jobInformation list
2009-05-20 23:00 - JobOrganizer - INFO: Updating jobInformation list
2009-05-20 23:02 - JobOrganizer - INFO: Updating jobInformation list
2009-05-20 23:04 - JobOrganizer - INFO: Updating jobInformation list
2009-05-20 23:06 - JobOrganizer - INFO: Updating jobInformation list
2009-05-20 23:08 - JobOrganizer - INFO: Updating jobInformation list
2009-05-20 23:10 - JobOrganizer - INFO: Updating jobInformation list
2009-05-20 23:12 - JobOrganizer - INFO: Updating jobInformation list
2009-05-20 23:14 - JobOrganizer - INFO: Updating jobInformation list
2009-05-20 23:16 - JobOrganizer - INFO: Updating jobInformation list
2009-05-20 23:18 - JobOrganizer - INFO: Updating jobInformation list
2009-05-20 23:20 - JobOrganizer - INFO: Updating jobInformation list
2009-05-20 23:22 - JobOrganizer - INFO: Updating jobInformation list
2009-05-20 23:24 - JobOrganizer - INFO: Updating jobInformation list
2009-05-20 23:26 - JobOrganizer - INFO: Updating jobInformation list
2009-05-20 23:28 - JobOrganizer - INFO: Updating jobInformation list
2009-05-20 23:30 - JobOrganizer - INFO: Updating jobInformation list
2009-05-20 23:32 - JobOrganizer - INFO: Updating jobInformation list
2009-05-20 23:34 - JobOrganizer - INFO: Updating jobInformation list
2009-05-20 23:36 - JobOrganizer - INFO: Updating jobInformation list
2009-05-20 23:38 - JobOrganizer - INFO: Updating jobInformation list
2009-05-20 23:40 - JobOrganizer - INFO: Updating jobInformation list
2009-05-20 23:42 - JobOrganizer - INFO: Updating jobInformation list
2009-05-20 23:44 - JobOrganizer - INFO: Updating jobInformation list
2009-05-20 23:46 - JobOrganizer - INFO: Updating jobInformation list
2009-05-20 23:48 - JobOrganizer - INFO: Updating jobInformation list
2009-05-20 23:50 - JobOrganizer - INFO: Updating jobInformation list
2009-05-20 23:52 - JobOrganizer - INFO: Updating jobInformation list
2009-05-20 23:54 - JobOrganizer - INFO: Updating jobInformation list
2009-05-20 23:56 - JobOrganizer - INFO: Updating jobInformation list
2009-05-20 23:58 - JobOrganizer - INFO: Updating jobInformation list
2009-05-21 00:00 - JobOrganizer - INFO: Updating jobInformation list
