2009-04-10 00:01 - JobOrganizer - INFO: ========================================
2009-04-10 00:01 - JobOrganizer - INFO: JobOrganizer in init
2009-04-10 00:01 - JobOrganizer - INFO: init file JobOrganizerConfig.py was found
2009-04-10 00:01 - JobOrganizer - INFO: retrieveing Db parameters from JobOrganizerConfig.py file
2009-04-10 00:01 - JobOrganizer - INFO: creating job configurations from JobOrganizerConfig.py file
2009-04-10 00:01 - JobOrganizer - INFO: JobOrganizer initialized
2009-04-10 00:01 - JobOrganizer - INFO: ========================================
2009-04-10 00:03 - JobOrganizer - INFO: Updating jobInformation list
2009-04-10 00:05 - JobOrganizer - INFO: Updating jobInformation list
2009-04-10 00:07 - JobOrganizer - INFO: Updating jobInformation list
2009-04-10 00:09 - JobOrganizer - INFO: Updating jobInformation list
2009-04-10 00:11 - JobOrganizer - INFO: Updating jobInformation list
2009-04-10 00:13 - JobOrganizer - INFO: Updating jobInformation list
2009-04-10 00:15 - JobOrganizer - INFO: Updating jobInformation list
2009-04-10 00:17 - JobOrganizer - INFO: Updating jobInformation list
2009-04-10 00:19 - JobOrganizer - INFO: Updating jobInformation list
2009-04-10 00:21 - JobOrganizer - INFO: Updating jobInformation list
2009-04-10 00:23 - JobOrganizer - INFO: Updating jobInformation list
2009-04-10 00:25 - JobOrganizer - INFO: Updating jobInformation list
2009-04-10 00:27 - JobOrganizer - INFO: Updating jobInformation list
2009-04-10 00:29 - JobOrganizer - INFO: Updating jobInformation list
2009-04-10 00:31 - JobOrganizer - INFO: Updating jobInformation list
2009-04-10 00:33 - JobOrganizer - INFO: Updating jobInformation list
2009-04-10 00:35 - JobOrganizer - INFO: Updating jobInformation list
2009-04-10 00:37 - JobOrganizer - INFO: Updating jobInformation list
2009-04-10 00:39 - JobOrganizer - INFO: Updating jobInformation list
2009-04-10 00:41 - JobOrganizer - INFO: Updating jobInformation list
2009-04-10 00:43 - JobOrganizer - INFO: Updating jobInformation list
2009-04-10 00:45 - JobOrganizer - INFO: Updating jobInformation list
2009-04-10 00:47 - JobOrganizer - INFO: Updating jobInformation list
2009-04-10 00:49 - JobOrganizer - INFO: Updating jobInformation list
2009-04-10 00:51 - JobOrganizer - INFO: Updating jobInformation list
2009-04-10 00:53 - JobOrganizer - INFO: Updating jobInformation list
2009-04-10 00:55 - JobOrganizer - INFO: Updating jobInformation list
2009-04-10 00:57 - JobOrganizer - INFO: Updating jobInformation list
2009-04-10 00:59 - JobOrganizer - INFO: Updating jobInformation list
2009-04-10 01:01 - JobOrganizer - INFO: Updating jobInformation list
2009-04-10 01:03 - JobOrganizer - INFO: Updating jobInformation list
2009-04-10 01:05 - JobOrganizer - INFO: Updating jobInformation list
2009-04-10 01:07 - JobOrganizer - INFO: Updating jobInformation list
2009-04-10 01:09 - JobOrganizer - INFO: Updating jobInformation list
2009-04-10 01:11 - JobOrganizer - INFO: Updating jobInformation list
2009-04-10 01:13 - JobOrganizer - INFO: Updating jobInformation list
2009-04-10 01:15 - JobOrganizer - INFO: Updating jobInformation list
2009-04-10 01:17 - JobOrganizer - INFO: Updating jobInformation list
2009-04-10 01:19 - JobOrganizer - INFO: Updating jobInformation list
2009-04-10 01:21 - JobOrganizer - INFO: Updating jobInformation list
2009-04-10 01:23 - JobOrganizer - INFO: Updating jobInformation list
2009-04-10 01:25 - JobOrganizer - INFO: Updating jobInformation list
2009-04-10 01:27 - JobOrganizer - INFO: Updating jobInformation list
2009-04-10 01:29 - JobOrganizer - INFO: Updating jobInformation list
2009-04-10 01:31 - JobOrganizer - INFO: Updating jobInformation list
2009-04-10 01:33 - JobOrganizer - INFO: Updating jobInformation list
2009-04-10 01:35 - JobOrganizer - INFO: Updating jobInformation list
2009-04-10 01:37 - JobOrganizer - INFO: Updating jobInformation list
2009-04-10 01:39 - JobOrganizer - INFO: Updating jobInformation list
2009-04-10 01:41 - JobOrganizer - INFO: Updating jobInformation list
2009-04-10 01:43 - JobOrganizer - INFO: Updating jobInformation list
2009-04-10 01:45 - JobOrganizer - INFO: Updating jobInformation list
2009-04-10 01:47 - JobOrganizer - INFO: Updating jobInformation list
2009-04-10 01:49 - JobOrganizer - INFO: Updating jobInformation list
2009-04-10 01:51 - JobOrganizer - INFO: Updating jobInformation list
2009-04-10 01:53 - JobOrganizer - INFO: Updating jobInformation list
2009-04-10 01:55 - JobOrganizer - INFO: Updating jobInformation list
2009-04-10 01:57 - JobOrganizer - INFO: Updating jobInformation list
2009-04-10 01:59 - JobOrganizer - INFO: Updating jobInformation list
2009-04-10 02:01 - JobOrganizer - INFO: Updating jobInformation list
2009-04-10 02:03 - JobOrganizer - INFO: Updating jobInformation list
2009-04-10 02:05 - JobOrganizer - INFO: Updating jobInformation list
2009-04-10 02:07 - JobOrganizer - INFO: Updating jobInformation list
2009-04-10 02:09 - JobOrganizer - INFO: Updating jobInformation list
2009-04-10 02:11 - JobOrganizer - INFO: Updating jobInformation list
2009-04-10 02:13 - JobOrganizer - INFO: Updating jobInformation list
2009-04-10 02:15 - JobOrganizer - INFO: Updating jobInformation list
2009-04-10 02:17 - JobOrganizer - INFO: Updating jobInformation list
2009-04-10 02:19 - JobOrganizer - INFO: Updating jobInformation list
2009-04-10 02:21 - JobOrganizer - INFO: Updating jobInformation list
2009-04-10 02:23 - JobOrganizer - INFO: Updating jobInformation list
2009-04-10 02:25 - JobOrganizer - INFO: Updating jobInformation list
2009-04-10 02:27 - JobOrganizer - INFO: Updating jobInformation list
2009-04-10 02:29 - JobOrganizer - INFO: Updating jobInformation list
2009-04-10 02:31 - JobOrganizer - INFO: Updating jobInformation list
2009-04-10 02:33 - JobOrganizer - INFO: Updating jobInformation list
2009-04-10 02:35 - JobOrganizer - INFO: Updating jobInformation list
2009-04-10 02:37 - JobOrganizer - INFO: Updating jobInformation list
2009-04-10 02:39 - JobOrganizer - INFO: Updating jobInformation list
2009-04-10 02:41 - JobOrganizer - INFO: Updating jobInformation list
2009-04-10 02:43 - JobOrganizer - INFO: Updating jobInformation list
2009-04-10 02:45 - JobOrganizer - INFO: Updating jobInformation list
2009-04-10 02:47 - JobOrganizer - INFO: Updating jobInformation list
2009-04-10 02:49 - JobOrganizer - INFO: Updating jobInformation list
2009-04-10 02:51 - JobOrganizer - INFO: Updating jobInformation list
2009-04-10 02:53 - JobOrganizer - INFO: Updating jobInformation list
2009-04-10 02:55 - JobOrganizer - INFO: Updating jobInformation list
2009-04-10 02:57 - JobOrganizer - INFO: Updating jobInformation list
2009-04-10 02:59 - JobOrganizer - INFO: Updating jobInformation list
2009-04-10 03:01 - JobOrganizer - INFO: Updating jobInformation list
2009-04-10 03:03 - JobOrganizer - INFO: Updating jobInformation list
2009-04-10 03:05 - JobOrganizer - INFO: Updating jobInformation list
2009-04-10 03:07 - JobOrganizer - INFO: Updating jobInformation list
2009-04-10 03:09 - JobOrganizer - INFO: Updating jobInformation list
2009-04-10 03:12 - JobOrganizer - INFO: Updating jobInformation list
2009-04-10 03:14 - JobOrganizer - INFO: Updating jobInformation list
2009-04-10 03:16 - JobOrganizer - INFO: Updating jobInformation list
2009-04-10 03:18 - JobOrganizer - INFO: Updating jobInformation list
2009-04-10 03:20 - JobOrganizer - INFO: Updating jobInformation list
2009-04-10 03:22 - JobOrganizer - INFO: Updating jobInformation list
2009-04-10 03:24 - JobOrganizer - INFO: Updating jobInformation list
2009-04-10 03:26 - JobOrganizer - INFO: Updating jobInformation list
2009-04-10 03:28 - JobOrganizer - INFO: Updating jobInformation list
2009-04-10 03:30 - JobOrganizer - INFO: Updating jobInformation list
2009-04-10 03:32 - JobOrganizer - INFO: Updating jobInformation list
2009-04-10 03:34 - JobOrganizer - INFO: Updating jobInformation list
2009-04-10 03:36 - JobOrganizer - INFO: Updating jobInformation list
2009-04-10 03:38 - JobOrganizer - INFO: Updating jobInformation list
2009-04-10 03:40 - JobOrganizer - INFO: Updating jobInformation list
2009-04-10 03:42 - JobOrganizer - INFO: Updating jobInformation list
2009-04-10 03:44 - JobOrganizer - INFO: Updating jobInformation list
2009-04-10 03:46 - JobOrganizer - INFO: Updating jobInformation list
2009-04-10 03:48 - JobOrganizer - INFO: Updating jobInformation list
2009-04-10 03:50 - JobOrganizer - INFO: Updating jobInformation list
2009-04-10 03:52 - JobOrganizer - INFO: Updating jobInformation list
2009-04-10 03:54 - JobOrganizer - INFO: Updating jobInformation list
2009-04-10 03:56 - JobOrganizer - INFO: Updating jobInformation list
2009-04-10 03:58 - JobOrganizer - INFO: Updating jobInformation list
2009-04-10 04:00 - JobOrganizer - INFO: Updating jobInformation list
2009-04-10 04:02 - JobOrganizer - INFO: Updating jobInformation list
2009-04-10 04:04 - JobOrganizer - INFO: Updating jobInformation list
2009-04-10 04:06 - JobOrganizer - INFO: Updating jobInformation list
2009-04-10 04:08 - JobOrganizer - INFO: Updating jobInformation list
2009-04-10 04:10 - JobOrganizer - INFO: Updating jobInformation list
2009-04-10 04:12 - JobOrganizer - INFO: Updating jobInformation list
2009-04-10 04:14 - JobOrganizer - INFO: Updating jobInformation list
2009-04-10 04:16 - JobOrganizer - INFO: Updating jobInformation list
2009-04-10 04:18 - JobOrganizer - INFO: Updating jobInformation list
2009-04-10 04:20 - JobOrganizer - INFO: Updating jobInformation list
2009-04-10 04:22 - JobOrganizer - INFO: Updating jobInformation list
2009-04-10 04:24 - JobOrganizer - INFO: Updating jobInformation list
2009-04-10 04:26 - JobOrganizer - INFO: Updating jobInformation list
2009-04-10 04:28 - JobOrganizer - INFO: Updating jobInformation list
2009-04-10 04:30 - JobOrganizer - INFO: Updating jobInformation list
2009-04-10 04:32 - JobOrganizer - INFO: Updating jobInformation list
2009-04-10 04:34 - JobOrganizer - INFO: Updating jobInformation list
2009-04-10 04:36 - JobOrganizer - INFO: Updating jobInformation list
2009-04-10 04:38 - JobOrganizer - INFO: Updating jobInformation list
2009-04-10 04:40 - JobOrganizer - INFO: Updating jobInformation list
2009-04-10 04:42 - JobOrganizer - INFO: Updating jobInformation list
2009-04-10 04:44 - JobOrganizer - INFO: Updating jobInformation list
2009-04-10 04:46 - JobOrganizer - INFO: Updating jobInformation list
2009-04-10 04:48 - JobOrganizer - INFO: Updating jobInformation list
2009-04-10 04:50 - JobOrganizer - INFO: Updating jobInformation list
2009-04-10 04:52 - JobOrganizer - INFO: Updating jobInformation list
2009-04-10 04:54 - JobOrganizer - INFO: Updating jobInformation list
2009-04-10 04:56 - JobOrganizer - INFO: Updating jobInformation list
2009-04-10 04:58 - JobOrganizer - INFO: Updating jobInformation list
2009-04-10 05:00 - JobOrganizer - INFO: Updating jobInformation list
2009-04-10 05:02 - JobOrganizer - INFO: Updating jobInformation list
2009-04-10 05:04 - JobOrganizer - INFO: Updating jobInformation list
2009-04-10 05:06 - JobOrganizer - INFO: Updating jobInformation list
2009-04-10 05:08 - JobOrganizer - INFO: Updating jobInformation list
2009-04-10 05:10 - JobOrganizer - INFO: Updating jobInformation list
2009-04-10 05:12 - JobOrganizer - INFO: Updating jobInformation list
2009-04-10 05:14 - JobOrganizer - INFO: Updating jobInformation list
2009-04-10 05:16 - JobOrganizer - INFO: Updating jobInformation list
2009-04-10 05:18 - JobOrganizer - INFO: Updating jobInformation list
2009-04-10 05:20 - JobOrganizer - INFO: Updating jobInformation list
2009-04-10 05:22 - JobOrganizer - INFO: Updating jobInformation list
2009-04-10 05:24 - JobOrganizer - INFO: Updating jobInformation list
2009-04-10 05:26 - JobOrganizer - INFO: Updating jobInformation list
2009-04-10 05:28 - JobOrganizer - INFO: Updating jobInformation list
2009-04-10 05:30 - JobOrganizer - INFO: Updating jobInformation list
2009-04-10 05:32 - JobOrganizer - INFO: Updating jobInformation list
2009-04-10 05:34 - JobOrganizer - INFO: Updating jobInformation list
2009-04-10 05:36 - JobOrganizer - INFO: Updating jobInformation list
2009-04-10 05:38 - JobOrganizer - INFO: Updating jobInformation list
2009-04-10 05:40 - JobOrganizer - INFO: Updating jobInformation list
2009-04-10 05:42 - JobOrganizer - INFO: Updating jobInformation list
2009-04-10 05:44 - JobOrganizer - INFO: Updating jobInformation list
2009-04-10 05:46 - JobOrganizer - INFO: Updating jobInformation list
2009-04-10 05:48 - JobOrganizer - INFO: Updating jobInformation list
2009-04-10 05:50 - JobOrganizer - INFO: Updating jobInformation list
2009-04-10 05:52 - JobOrganizer - INFO: Updating jobInformation list
2009-04-10 05:54 - JobOrganizer - INFO: Updating jobInformation list
2009-04-10 05:56 - JobOrganizer - INFO: Updating jobInformation list
2009-04-10 05:58 - JobOrganizer - INFO: Updating jobInformation list
2009-04-10 06:00 - JobOrganizer - INFO: Updating jobInformation list
2009-04-10 06:02 - JobOrganizer - INFO: Updating jobInformation list
2009-04-10 06:04 - JobOrganizer - INFO: Updating jobInformation list
2009-04-10 06:06 - JobOrganizer - INFO: Updating jobInformation list
2009-04-10 06:08 - JobOrganizer - INFO: Updating jobInformation list
2009-04-10 06:10 - JobOrganizer - INFO: Updating jobInformation list
2009-04-10 06:12 - JobOrganizer - INFO: Updating jobInformation list
2009-04-10 06:14 - JobOrganizer - INFO: Updating jobInformation list
2009-04-10 06:16 - JobOrganizer - INFO: Updating jobInformation list
2009-04-10 06:18 - JobOrganizer - INFO: Updating jobInformation list
2009-04-10 06:20 - JobOrganizer - INFO: Updating jobInformation list
2009-04-10 06:22 - JobOrganizer - INFO: Updating jobInformation list
2009-04-10 06:24 - JobOrganizer - INFO: Updating jobInformation list
2009-04-10 06:26 - JobOrganizer - INFO: Updating jobInformation list
2009-04-10 06:28 - JobOrganizer - INFO: Updating jobInformation list
2009-04-10 06:30 - JobOrganizer - INFO: Updating jobInformation list
2009-04-10 06:32 - JobOrganizer - INFO: Updating jobInformation list
2009-04-10 06:34 - JobOrganizer - INFO: Updating jobInformation list
2009-04-10 06:36 - JobOrganizer - INFO: Updating jobInformation list
2009-04-10 06:38 - JobOrganizer - INFO: Updating jobInformation list
2009-04-10 06:40 - JobOrganizer - INFO: Updating jobInformation list
2009-04-10 06:42 - JobOrganizer - INFO: Updating jobInformation list
2009-04-10 06:44 - JobOrganizer - INFO: Updating jobInformation list
2009-04-10 06:46 - JobOrganizer - INFO: Updating jobInformation list
2009-04-10 06:48 - JobOrganizer - INFO: Updating jobInformation list
2009-04-10 06:50 - JobOrganizer - INFO: Updating jobInformation list
2009-04-10 06:52 - JobOrganizer - INFO: Updating jobInformation list
2009-04-10 06:54 - JobOrganizer - INFO: Updating jobInformation list
2009-04-10 06:56 - JobOrganizer - INFO: Updating jobInformation list
2009-04-10 06:58 - JobOrganizer - INFO: Updating jobInformation list
2009-04-10 07:00 - JobOrganizer - INFO: Updating jobInformation list
2009-04-10 07:02 - JobOrganizer - INFO: Updating jobInformation list
2009-04-10 07:04 - JobOrganizer - INFO: Updating jobInformation list
2009-04-10 07:06 - JobOrganizer - INFO: Updating jobInformation list
2009-04-10 07:08 - JobOrganizer - INFO: Updating jobInformation list
2009-04-10 07:10 - JobOrganizer - INFO: Updating jobInformation list
2009-04-10 07:12 - JobOrganizer - INFO: Updating jobInformation list
2009-04-10 07:14 - JobOrganizer - INFO: Updating jobInformation list
2009-04-10 07:16 - JobOrganizer - INFO: Updating jobInformation list
2009-04-10 07:18 - JobOrganizer - INFO: Updating jobInformation list
2009-04-10 07:20 - JobOrganizer - INFO: Updating jobInformation list
2009-04-10 07:22 - JobOrganizer - INFO: Updating jobInformation list
2009-04-10 07:24 - JobOrganizer - INFO: Updating jobInformation list
2009-04-10 07:26 - JobOrganizer - INFO: Updating jobInformation list
2009-04-10 07:29 - JobOrganizer - INFO: Updating jobInformation list
2009-04-10 07:31 - JobOrganizer - INFO: Updating jobInformation list
2009-04-10 07:33 - JobOrganizer - INFO: Updating jobInformation list
2009-04-10 07:35 - JobOrganizer - INFO: Updating jobInformation list
2009-04-10 07:37 - JobOrganizer - INFO: Updating jobInformation list
2009-04-10 07:39 - JobOrganizer - INFO: Updating jobInformation list
2009-04-10 07:41 - JobOrganizer - INFO: Updating jobInformation list
2009-04-10 07:43 - JobOrganizer - INFO: Updating jobInformation list
2009-04-10 07:45 - JobOrganizer - INFO: Updating jobInformation list
2009-04-10 07:47 - JobOrganizer - INFO: Updating jobInformation list
2009-04-10 07:49 - JobOrganizer - INFO: Updating jobInformation list
2009-04-10 07:51 - JobOrganizer - INFO: Updating jobInformation list
2009-04-10 07:53 - JobOrganizer - INFO: Updating jobInformation list
2009-04-10 07:55 - JobOrganizer - INFO: Updating jobInformation list
2009-04-10 07:57 - JobOrganizer - INFO: Updating jobInformation list
2009-04-10 07:59 - JobOrganizer - INFO: Updating jobInformation list
2009-04-10 08:01 - JobOrganizer - INFO: Updating jobInformation list
2009-04-10 08:03 - JobOrganizer - INFO: Updating jobInformation list
2009-04-10 08:05 - JobOrganizer - INFO: Updating jobInformation list
2009-04-10 08:07 - JobOrganizer - INFO: Updating jobInformation list
2009-04-10 08:09 - JobOrganizer - INFO: Updating jobInformation list
2009-04-10 08:11 - JobOrganizer - INFO: Updating jobInformation list
2009-04-10 08:13 - JobOrganizer - INFO: Updating jobInformation list
2009-04-10 08:15 - JobOrganizer - INFO: Updating jobInformation list
2009-04-10 08:17 - JobOrganizer - INFO: Updating jobInformation list
2009-04-10 08:19 - JobOrganizer - INFO: Updating jobInformation list
2009-04-10 08:21 - JobOrganizer - INFO: Updating jobInformation list
2009-04-10 08:23 - JobOrganizer - INFO: Updating jobInformation list
2009-04-10 08:25 - JobOrganizer - INFO: Updating jobInformation list
2009-04-10 08:27 - JobOrganizer - INFO: Updating jobInformation list
2009-04-10 08:29 - JobOrganizer - INFO: Updating jobInformation list
2009-04-10 08:31 - JobOrganizer - INFO: Updating jobInformation list
2009-04-10 08:33 - JobOrganizer - INFO: Updating jobInformation list
2009-04-10 08:35 - JobOrganizer - INFO: Updating jobInformation list
2009-04-10 08:37 - JobOrganizer - INFO: Updating jobInformation list
2009-04-10 08:39 - JobOrganizer - INFO: Updating jobInformation list
2009-04-10 08:41 - JobOrganizer - INFO: Updating jobInformation list
2009-04-10 08:43 - JobOrganizer - INFO: Updating jobInformation list
2009-04-10 08:45 - JobOrganizer - INFO: Updating jobInformation list
2009-04-10 08:47 - JobOrganizer - INFO: Updating jobInformation list
2009-04-10 08:49 - JobOrganizer - INFO: Updating jobInformation list
2009-04-10 08:51 - JobOrganizer - INFO: Updating jobInformation list
2009-04-10 08:53 - JobOrganizer - INFO: Updating jobInformation list
2009-04-10 08:55 - JobOrganizer - INFO: Updating jobInformation list
2009-04-10 08:57 - JobOrganizer - INFO: Updating jobInformation list
2009-04-10 08:59 - JobOrganizer - INFO: Updating jobInformation list
2009-04-10 09:01 - JobOrganizer - INFO: Updating jobInformation list
2009-04-10 09:03 - JobOrganizer - INFO: Updating jobInformation list
2009-04-10 09:05 - JobOrganizer - INFO: Updating jobInformation list
2009-04-10 09:07 - JobOrganizer - INFO: Updating jobInformation list
2009-04-10 09:09 - JobOrganizer - INFO: Updating jobInformation list
2009-04-10 09:11 - JobOrganizer - INFO: Updating jobInformation list
2009-04-10 09:13 - JobOrganizer - INFO: Updating jobInformation list
2009-04-10 09:15 - JobOrganizer - INFO: Updating jobInformation list
2009-04-10 09:17 - JobOrganizer - INFO: Updating jobInformation list
2009-04-10 09:19 - JobOrganizer - INFO: Updating jobInformation list
2009-04-10 09:21 - JobOrganizer - INFO: Updating jobInformation list
2009-04-10 09:23 - JobOrganizer - INFO: Updating jobInformation list
2009-04-10 09:25 - JobOrganizer - INFO: Updating jobInformation list
2009-04-10 09:27 - JobOrganizer - INFO: Updating jobInformation list
2009-04-10 09:29 - JobOrganizer - INFO: Updating jobInformation list
2009-04-10 09:31 - JobOrganizer - INFO: Updating jobInformation list
2009-04-10 09:33 - JobOrganizer - INFO: Updating jobInformation list
2009-04-10 09:35 - JobOrganizer - INFO: Updating jobInformation list
2009-04-10 09:37 - JobOrganizer - INFO: Updating jobInformation list
2009-04-10 09:39 - JobOrganizer - INFO: Updating jobInformation list
2009-04-10 09:41 - JobOrganizer - INFO: Updating jobInformation list
2009-04-10 09:43 - JobOrganizer - INFO: Updating jobInformation list
2009-04-10 09:45 - JobOrganizer - INFO: Updating jobInformation list
2009-04-10 09:47 - JobOrganizer - INFO: Updating jobInformation list
2009-04-10 09:49 - JobOrganizer - INFO: Updating jobInformation list
2009-04-10 09:51 - JobOrganizer - INFO: Updating jobInformation list
2009-04-10 09:53 - JobOrganizer - INFO: Updating jobInformation list
2009-04-10 09:55 - JobOrganizer - INFO: Updating jobInformation list
2009-04-10 09:57 - JobOrganizer - INFO: Updating jobInformation list
2009-04-10 09:59 - JobOrganizer - INFO: Updating jobInformation list
2009-04-10 10:01 - JobOrganizer - INFO: Updating jobInformation list
2009-04-10 10:03 - JobOrganizer - INFO: Updating jobInformation list
2009-04-10 10:05 - JobOrganizer - INFO: Updating jobInformation list
2009-04-10 10:07 - JobOrganizer - INFO: Updating jobInformation list
2009-04-10 10:09 - JobOrganizer - INFO: Updating jobInformation list
2009-04-10 10:11 - JobOrganizer - INFO: Updating jobInformation list
2009-04-10 10:13 - JobOrganizer - INFO: Updating jobInformation list
2009-04-10 10:15 - JobOrganizer - INFO: Updating jobInformation list
2009-04-10 10:17 - JobOrganizer - INFO: Updating jobInformation list
2009-04-10 10:19 - JobOrganizer - INFO: Updating jobInformation list
2009-04-10 10:21 - JobOrganizer - INFO: Updating jobInformation list
2009-04-10 10:23 - JobOrganizer - INFO: Updating jobInformation list
2009-04-10 10:25 - JobOrganizer - INFO: Updating jobInformation list
2009-04-10 10:27 - JobOrganizer - INFO: Updating jobInformation list
2009-04-10 10:29 - JobOrganizer - INFO: Updating jobInformation list
2009-04-10 10:31 - JobOrganizer - INFO: Updating jobInformation list
2009-04-10 10:33 - JobOrganizer - INFO: Updating jobInformation list
2009-04-10 10:35 - JobOrganizer - INFO: Updating jobInformation list
2009-04-10 10:37 - JobOrganizer - INFO: Updating jobInformation list
2009-04-10 10:39 - JobOrganizer - INFO: Updating jobInformation list
2009-04-10 10:41 - JobOrganizer - INFO: Updating jobInformation list
2009-04-10 10:43 - JobOrganizer - INFO: Updating jobInformation list
2009-04-10 10:45 - JobOrganizer - INFO: Updating jobInformation list
2009-04-10 10:47 - JobOrganizer - INFO: Updating jobInformation list
2009-04-10 10:49 - JobOrganizer - INFO: Updating jobInformation list
2009-04-10 10:51 - JobOrganizer - INFO: Updating jobInformation list
2009-04-10 10:53 - JobOrganizer - INFO: Updating jobInformation list
2009-04-10 10:55 - JobOrganizer - INFO: Updating jobInformation list
2009-04-10 10:57 - JobOrganizer - INFO: Updating jobInformation list
2009-04-10 10:59 - JobOrganizer - INFO: Updating jobInformation list
2009-04-10 11:01 - JobOrganizer - INFO: Updating jobInformation list
2009-04-10 11:03 - JobOrganizer - INFO: Updating jobInformation list
2009-04-10 11:05 - JobOrganizer - INFO: Updating jobInformation list
2009-04-10 11:07 - JobOrganizer - INFO: Updating jobInformation list
2009-04-10 11:09 - JobOrganizer - INFO: Updating jobInformation list
2009-04-10 11:11 - JobOrganizer - INFO: Updating jobInformation list
2009-04-10 11:13 - JobOrganizer - INFO: Updating jobInformation list
2009-04-10 11:15 - JobOrganizer - INFO: Updating jobInformation list
2009-04-10 11:17 - JobOrganizer - INFO: Updating jobInformation list
2009-04-10 11:19 - JobOrganizer - INFO: Updating jobInformation list
2009-04-10 11:21 - JobOrganizer - INFO: Updating jobInformation list
2009-04-10 11:23 - JobOrganizer - INFO: Updating jobInformation list
2009-04-10 11:25 - JobOrganizer - INFO: Updating jobInformation list
2009-04-10 11:27 - JobOrganizer - INFO: Updating jobInformation list
2009-04-10 11:29 - JobOrganizer - INFO: Updating jobInformation list
2009-04-10 11:31 - JobOrganizer - INFO: Updating jobInformation list
2009-04-10 11:33 - JobOrganizer - INFO: Updating jobInformation list
2009-04-10 11:35 - JobOrganizer - INFO: Updating jobInformation list
2009-04-10 11:37 - JobOrganizer - INFO: Updating jobInformation list
2009-04-10 11:40 - JobOrganizer - INFO: Updating jobInformation list
2009-04-10 11:42 - JobOrganizer - INFO: Updating jobInformation list
2009-04-10 11:44 - JobOrganizer - INFO: Updating jobInformation list
2009-04-10 11:46 - JobOrganizer - INFO: Updating jobInformation list
2009-04-10 11:48 - JobOrganizer - INFO: Updating jobInformation list
2009-04-10 11:50 - JobOrganizer - INFO: Updating jobInformation list
2009-04-10 11:52 - JobOrganizer - INFO: Updating jobInformation list
2009-04-10 11:54 - JobOrganizer - INFO: Updating jobInformation list
2009-04-10 11:56 - JobOrganizer - INFO: Updating jobInformation list
2009-04-10 11:58 - JobOrganizer - INFO: Updating jobInformation list
2009-04-10 12:00 - JobOrganizer - INFO: Updating jobInformation list
2009-04-10 12:02 - JobOrganizer - INFO: Updating jobInformation list
2009-04-10 12:04 - JobOrganizer - INFO: Updating jobInformation list
2009-04-10 12:06 - JobOrganizer - INFO: Updating jobInformation list
2009-04-10 12:08 - JobOrganizer - INFO: Updating jobInformation list
2009-04-10 12:10 - JobOrganizer - INFO: Updating jobInformation list
2009-04-10 12:12 - JobOrganizer - INFO: Updating jobInformation list
2009-04-10 12:14 - JobOrganizer - INFO: Updating jobInformation list
2009-04-10 12:16 - JobOrganizer - INFO: Updating jobInformation list
2009-04-10 12:18 - JobOrganizer - INFO: Updating jobInformation list
2009-04-10 12:20 - JobOrganizer - INFO: Updating jobInformation list
2009-04-10 12:22 - JobOrganizer - INFO: Updating jobInformation list
2009-04-10 12:24 - JobOrganizer - INFO: Updating jobInformation list
2009-04-10 12:26 - JobOrganizer - INFO: Updating jobInformation list
2009-04-10 12:28 - JobOrganizer - INFO: Updating jobInformation list
2009-04-10 12:30 - JobOrganizer - INFO: Updating jobInformation list
2009-04-10 12:32 - JobOrganizer - INFO: Updating jobInformation list
2009-04-10 12:34 - JobOrganizer - INFO: Updating jobInformation list
2009-04-10 12:36 - JobOrganizer - INFO: Updating jobInformation list
2009-04-10 12:38 - JobOrganizer - INFO: Updating jobInformation list
2009-04-10 12:40 - JobOrganizer - INFO: Updating jobInformation list
2009-04-10 12:42 - JobOrganizer - INFO: Updating jobInformation list
2009-04-10 12:44 - JobOrganizer - INFO: Updating jobInformation list
2009-04-10 12:46 - JobOrganizer - INFO: Updating jobInformation list
2009-04-10 12:48 - JobOrganizer - INFO: Updating jobInformation list
2009-04-10 12:50 - JobOrganizer - INFO: Updating jobInformation list
2009-04-10 12:52 - JobOrganizer - INFO: Updating jobInformation list
2009-04-10 12:54 - JobOrganizer - INFO: Updating jobInformation list
2009-04-10 12:56 - JobOrganizer - INFO: Updating jobInformation list
2009-04-10 12:58 - JobOrganizer - INFO: Updating jobInformation list
2009-04-10 13:00 - JobOrganizer - INFO: Updating jobInformation list
2009-04-10 13:02 - JobOrganizer - INFO: Updating jobInformation list
2009-04-10 13:04 - JobOrganizer - INFO: Updating jobInformation list
2009-04-10 13:06 - JobOrganizer - INFO: Updating jobInformation list
2009-04-10 13:08 - JobOrganizer - INFO: Updating jobInformation list
2009-04-10 13:10 - JobOrganizer - INFO: Updating jobInformation list
2009-04-10 13:12 - JobOrganizer - INFO: Updating jobInformation list
2009-04-10 13:14 - JobOrganizer - INFO: Updating jobInformation list
2009-04-10 13:16 - JobOrganizer - INFO: Updating jobInformation list
2009-04-10 13:18 - JobOrganizer - INFO: Updating jobInformation list
2009-04-10 13:20 - JobOrganizer - INFO: Updating jobInformation list
2009-04-10 13:22 - JobOrganizer - INFO: Updating jobInformation list
2009-04-10 13:24 - JobOrganizer - INFO: Updating jobInformation list
2009-04-10 13:26 - JobOrganizer - INFO: Updating jobInformation list
2009-04-10 13:28 - JobOrganizer - INFO: Updating jobInformation list
2009-04-10 13:30 - JobOrganizer - INFO: Updating jobInformation list
2009-04-10 13:32 - JobOrganizer - INFO: Updating jobInformation list
2009-04-10 13:34 - JobOrganizer - INFO: Updating jobInformation list
2009-04-10 13:36 - JobOrganizer - INFO: Updating jobInformation list
2009-04-10 13:38 - JobOrganizer - INFO: Updating jobInformation list
2009-04-10 13:40 - JobOrganizer - INFO: Updating jobInformation list
2009-04-10 13:42 - JobOrganizer - INFO: Updating jobInformation list
2009-04-10 13:44 - JobOrganizer - INFO: Updating jobInformation list
2009-04-10 13:46 - JobOrganizer - INFO: Updating jobInformation list
2009-04-10 13:48 - JobOrganizer - INFO: Updating jobInformation list
2009-04-10 13:50 - JobOrganizer - INFO: Updating jobInformation list
2009-04-10 13:52 - JobOrganizer - INFO: Updating jobInformation list
2009-04-10 13:54 - JobOrganizer - INFO: Updating jobInformation list
2009-04-10 13:56 - JobOrganizer - INFO: Updating jobInformation list
2009-04-10 13:58 - JobOrganizer - INFO: Updating jobInformation list
2009-04-10 14:00 - JobOrganizer - INFO: Updating jobInformation list
2009-04-10 14:02 - JobOrganizer - INFO: Updating jobInformation list
2009-04-10 14:04 - JobOrganizer - INFO: Updating jobInformation list
2009-04-10 14:06 - JobOrganizer - INFO: Updating jobInformation list
2009-04-10 14:08 - JobOrganizer - INFO: Updating jobInformation list
2009-04-10 14:11 - JobOrganizer - INFO: Updating jobInformation list
2009-04-10 14:13 - JobOrganizer - INFO: Updating jobInformation list
2009-04-10 14:15 - JobOrganizer - INFO: Updating jobInformation list
2009-04-10 14:17 - JobOrganizer - INFO: Updating jobInformation list
2009-04-10 14:19 - JobOrganizer - INFO: Updating jobInformation list
2009-04-10 14:21 - JobOrganizer - INFO: Updating jobInformation list
2009-04-10 14:23 - JobOrganizer - INFO: Updating jobInformation list
2009-04-10 14:25 - JobOrganizer - INFO: Updating jobInformation list
2009-04-10 14:27 - JobOrganizer - INFO: Updating jobInformation list
2009-04-10 14:29 - JobOrganizer - INFO: Updating jobInformation list
2009-04-10 14:31 - JobOrganizer - INFO: Updating jobInformation list
2009-04-10 14:33 - JobOrganizer - INFO: Updating jobInformation list
2009-04-10 14:35 - JobOrganizer - INFO: Updating jobInformation list
2009-04-10 14:37 - JobOrganizer - INFO: Updating jobInformation list
2009-04-10 14:39 - JobOrganizer - INFO: Updating jobInformation list
2009-04-10 14:41 - JobOrganizer - INFO: Updating jobInformation list
2009-04-10 14:43 - JobOrganizer - INFO: Updating jobInformation list
2009-04-10 14:45 - JobOrganizer - INFO: Updating jobInformation list
2009-04-10 14:47 - JobOrganizer - INFO: Updating jobInformation list
2009-04-10 14:49 - JobOrganizer - INFO: Updating jobInformation list
2009-04-10 14:51 - JobOrganizer - INFO: Updating jobInformation list
2009-04-10 14:53 - JobOrganizer - INFO: Updating jobInformation list
2009-04-10 14:55 - JobOrganizer - INFO: Updating jobInformation list
2009-04-10 14:57 - JobOrganizer - INFO: Updating jobInformation list
2009-04-10 14:59 - JobOrganizer - INFO: Updating jobInformation list
2009-04-10 15:01 - JobOrganizer - INFO: Updating jobInformation list
2009-04-10 15:03 - JobOrganizer - INFO: Updating jobInformation list
2009-04-10 15:05 - JobOrganizer - INFO: Updating jobInformation list
2009-04-10 15:07 - JobOrganizer - INFO: Updating jobInformation list
2009-04-10 15:09 - JobOrganizer - INFO: Updating jobInformation list
2009-04-10 15:11 - JobOrganizer - INFO: Updating jobInformation list
2009-04-10 15:13 - JobOrganizer - INFO: Updating jobInformation list
2009-04-10 15:15 - JobOrganizer - INFO: Updating jobInformation list
2009-04-10 15:17 - JobOrganizer - INFO: Updating jobInformation list
2009-04-10 15:19 - JobOrganizer - INFO: Updating jobInformation list
2009-04-10 15:21 - JobOrganizer - INFO: Updating jobInformation list
2009-04-10 15:23 - JobOrganizer - INFO: Updating jobInformation list
2009-04-10 15:25 - JobOrganizer - INFO: Updating jobInformation list
2009-04-10 15:27 - JobOrganizer - INFO: Updating jobInformation list
2009-04-10 15:29 - JobOrganizer - INFO: Updating jobInformation list
2009-04-10 15:31 - JobOrganizer - INFO: Updating jobInformation list
2009-04-10 15:33 - JobOrganizer - INFO: Updating jobInformation list
2009-04-10 15:35 - JobOrganizer - INFO: Updating jobInformation list
2009-04-10 15:37 - JobOrganizer - INFO: Updating jobInformation list
2009-04-10 15:39 - JobOrganizer - INFO: Updating jobInformation list
2009-04-10 15:41 - JobOrganizer - INFO: Updating jobInformation list
2009-04-10 15:43 - JobOrganizer - INFO: Updating jobInformation list
2009-04-10 15:45 - JobOrganizer - INFO: Updating jobInformation list
2009-04-10 15:47 - JobOrganizer - INFO: Updating jobInformation list
2009-04-10 15:49 - JobOrganizer - INFO: Updating jobInformation list
2009-04-10 15:51 - JobOrganizer - INFO: Updating jobInformation list
2009-04-10 15:53 - JobOrganizer - INFO: Updating jobInformation list
2009-04-10 15:55 - JobOrganizer - INFO: Updating jobInformation list
2009-04-10 15:57 - JobOrganizer - INFO: Updating jobInformation list
2009-04-10 15:59 - JobOrganizer - INFO: Updating jobInformation list
2009-04-10 16:01 - JobOrganizer - INFO: Updating jobInformation list
2009-04-10 16:03 - JobOrganizer - INFO: Updating jobInformation list
2009-04-10 16:05 - JobOrganizer - INFO: Updating jobInformation list
2009-04-10 16:07 - JobOrganizer - INFO: Updating jobInformation list
2009-04-10 16:09 - JobOrganizer - INFO: Updating jobInformation list
2009-04-10 16:11 - JobOrganizer - INFO: Updating jobInformation list
2009-04-10 16:13 - JobOrganizer - INFO: Updating jobInformation list
2009-04-10 16:15 - JobOrganizer - INFO: Updating jobInformation list
2009-04-10 16:17 - JobOrganizer - INFO: Updating jobInformation list
2009-04-10 16:19 - JobOrganizer - INFO: Updating jobInformation list
2009-04-10 16:21 - JobOrganizer - INFO: Updating jobInformation list
2009-04-10 16:23 - JobOrganizer - INFO: Updating jobInformation list
2009-04-10 16:25 - JobOrganizer - INFO: Updating jobInformation list
2009-04-10 16:27 - JobOrganizer - INFO: Updating jobInformation list
2009-04-10 16:29 - JobOrganizer - INFO: Updating jobInformation list
2009-04-10 16:31 - JobOrganizer - INFO: Updating jobInformation list
2009-04-10 16:33 - JobOrganizer - INFO: Updating jobInformation list
2009-04-10 16:35 - JobOrganizer - INFO: Updating jobInformation list
2009-04-10 16:37 - JobOrganizer - INFO: Updating jobInformation list
2009-04-10 16:39 - JobOrganizer - INFO: Updating jobInformation list
2009-04-10 16:41 - JobOrganizer - INFO: Updating jobInformation list
2009-04-10 16:43 - JobOrganizer - INFO: Updating jobInformation list
2009-04-10 16:45 - JobOrganizer - INFO: Updating jobInformation list
2009-04-10 16:47 - JobOrganizer - INFO: Updating jobInformation list
2009-04-10 16:49 - JobOrganizer - INFO: Updating jobInformation list
2009-04-10 16:51 - JobOrganizer - INFO: Updating jobInformation list
2009-04-10 16:53 - JobOrganizer - INFO: Updating jobInformation list
2009-04-10 16:55 - JobOrganizer - INFO: Updating jobInformation list
2009-04-10 16:57 - JobOrganizer - INFO: Updating jobInformation list
2009-04-10 16:59 - JobOrganizer - INFO: Updating jobInformation list
2009-04-10 17:01 - JobOrganizer - INFO: Updating jobInformation list
2009-04-10 17:03 - JobOrganizer - INFO: Updating jobInformation list
2009-04-10 17:05 - JobOrganizer - INFO: Updating jobInformation list
2009-04-10 17:07 - JobOrganizer - INFO: Updating jobInformation list
2009-04-10 17:09 - JobOrganizer - INFO: Updating jobInformation list
2009-04-10 17:11 - JobOrganizer - INFO: Updating jobInformation list
2009-04-10 17:13 - JobOrganizer - INFO: Updating jobInformation list
2009-04-10 17:15 - JobOrganizer - INFO: Updating jobInformation list
2009-04-10 17:17 - JobOrganizer - INFO: Updating jobInformation list
2009-04-10 17:19 - JobOrganizer - INFO: Updating jobInformation list
2009-04-10 17:21 - JobOrganizer - INFO: Updating jobInformation list
2009-04-10 17:23 - JobOrganizer - INFO: Updating jobInformation list
2009-04-10 17:25 - JobOrganizer - INFO: Updating jobInformation list
2009-04-10 17:28 - JobOrganizer - INFO: Updating jobInformation list
2009-04-10 17:30 - JobOrganizer - INFO: Updating jobInformation list
2009-04-10 17:32 - JobOrganizer - INFO: Updating jobInformation list
2009-04-10 17:34 - JobOrganizer - INFO: Updating jobInformation list
2009-04-10 17:36 - JobOrganizer - INFO: Updating jobInformation list
2009-04-10 17:38 - JobOrganizer - INFO: Updating jobInformation list
2009-04-10 17:40 - JobOrganizer - INFO: Updating jobInformation list
2009-04-10 17:42 - JobOrganizer - INFO: Updating jobInformation list
2009-04-10 17:44 - JobOrganizer - INFO: Updating jobInformation list
2009-04-10 17:46 - JobOrganizer - INFO: Updating jobInformation list
2009-04-10 17:48 - JobOrganizer - INFO: Updating jobInformation list
2009-04-10 17:50 - JobOrganizer - INFO: Updating jobInformation list
2009-04-10 17:52 - JobOrganizer - INFO: Updating jobInformation list
2009-04-10 17:54 - JobOrganizer - INFO: Updating jobInformation list
2009-04-10 17:56 - JobOrganizer - INFO: Updating jobInformation list
2009-04-10 17:58 - JobOrganizer - INFO: Updating jobInformation list
2009-04-10 18:00 - JobOrganizer - INFO: Updating jobInformation list
2009-04-10 18:02 - JobOrganizer - INFO: Updating jobInformation list
2009-04-10 18:04 - JobOrganizer - INFO: Updating jobInformation list
2009-04-10 18:06 - JobOrganizer - INFO: Updating jobInformation list
2009-04-10 18:08 - JobOrganizer - INFO: Updating jobInformation list
2009-04-10 18:10 - JobOrganizer - INFO: Updating jobInformation list
2009-04-10 18:12 - JobOrganizer - INFO: Updating jobInformation list
2009-04-10 18:14 - JobOrganizer - INFO: Updating jobInformation list
2009-04-10 18:16 - JobOrganizer - INFO: Updating jobInformation list
2009-04-10 18:18 - JobOrganizer - INFO: Updating jobInformation list
2009-04-10 18:20 - JobOrganizer - INFO: Updating jobInformation list
2009-04-10 18:22 - JobOrganizer - INFO: Updating jobInformation list
2009-04-10 18:24 - JobOrganizer - INFO: Updating jobInformation list
2009-04-10 18:26 - JobOrganizer - INFO: Updating jobInformation list
2009-04-10 18:28 - JobOrganizer - INFO: Updating jobInformation list
2009-04-10 18:30 - JobOrganizer - INFO: Updating jobInformation list
2009-04-10 18:32 - JobOrganizer - INFO: Updating jobInformation list
2009-04-10 18:34 - JobOrganizer - INFO: Updating jobInformation list
2009-04-10 18:36 - JobOrganizer - INFO: Updating jobInformation list
2009-04-10 18:38 - JobOrganizer - INFO: Updating jobInformation list
2009-04-10 18:40 - JobOrganizer - INFO: Updating jobInformation list
2009-04-10 18:42 - JobOrganizer - INFO: Updating jobInformation list
2009-04-10 18:44 - JobOrganizer - INFO: Updating jobInformation list
2009-04-10 18:46 - JobOrganizer - INFO: Updating jobInformation list
2009-04-10 18:48 - JobOrganizer - INFO: Updating jobInformation list
2009-04-10 18:50 - JobOrganizer - INFO: Updating jobInformation list
2009-04-10 18:52 - JobOrganizer - INFO: Updating jobInformation list
2009-04-10 18:54 - JobOrganizer - INFO: Updating jobInformation list
2009-04-10 18:56 - JobOrganizer - INFO: Updating jobInformation list
2009-04-10 18:58 - JobOrganizer - INFO: Updating jobInformation list
2009-04-10 19:00 - JobOrganizer - INFO: Updating jobInformation list
2009-04-10 19:02 - JobOrganizer - INFO: Updating jobInformation list
2009-04-10 19:04 - JobOrganizer - INFO: Updating jobInformation list
2009-04-10 19:06 - JobOrganizer - INFO: Updating jobInformation list
2009-04-10 19:08 - JobOrganizer - INFO: Updating jobInformation list
2009-04-10 19:10 - JobOrganizer - INFO: Updating jobInformation list
2009-04-10 19:12 - JobOrganizer - INFO: Updating jobInformation list
2009-04-10 19:14 - JobOrganizer - INFO: Updating jobInformation list
2009-04-10 19:16 - JobOrganizer - INFO: Updating jobInformation list
2009-04-10 19:18 - JobOrganizer - INFO: Updating jobInformation list
2009-04-10 19:20 - JobOrganizer - INFO: Updating jobInformation list
2009-04-10 19:22 - JobOrganizer - INFO: Updating jobInformation list
2009-04-10 19:24 - JobOrganizer - INFO: Updating jobInformation list
2009-04-10 19:26 - JobOrganizer - INFO: Updating jobInformation list
2009-04-10 19:28 - JobOrganizer - INFO: Updating jobInformation list
2009-04-10 19:30 - JobOrganizer - INFO: Updating jobInformation list
2009-04-10 19:32 - JobOrganizer - INFO: Updating jobInformation list
2009-04-10 19:34 - JobOrganizer - INFO: Updating jobInformation list
2009-04-10 19:36 - JobOrganizer - INFO: Updating jobInformation list
2009-04-10 19:38 - JobOrganizer - INFO: Updating jobInformation list
2009-04-10 19:40 - JobOrganizer - INFO: Updating jobInformation list
2009-04-10 19:42 - JobOrganizer - INFO: Updating jobInformation list
2009-04-10 19:44 - JobOrganizer - INFO: Updating jobInformation list
2009-04-10 19:46 - JobOrganizer - INFO: Updating jobInformation list
2009-04-10 19:48 - JobOrganizer - INFO: Updating jobInformation list
2009-04-10 19:50 - JobOrganizer - INFO: Updating jobInformation list
2009-04-10 19:52 - JobOrganizer - INFO: Updating jobInformation list
2009-04-10 19:54 - JobOrganizer - INFO: Updating jobInformation list
2009-04-10 19:56 - JobOrganizer - INFO: Updating jobInformation list
2009-04-10 19:58 - JobOrganizer - INFO: Updating jobInformation list
2009-04-10 20:00 - JobOrganizer - INFO: Updating jobInformation list
2009-04-10 20:02 - JobOrganizer - INFO: Updating jobInformation list
2009-04-10 20:04 - JobOrganizer - INFO: Updating jobInformation list
2009-04-10 20:06 - JobOrganizer - INFO: Updating jobInformation list
2009-04-10 20:09 - JobOrganizer - INFO: Updating jobInformation list
2009-04-10 20:11 - JobOrganizer - INFO: Updating jobInformation list
2009-04-10 20:13 - JobOrganizer - INFO: Updating jobInformation list
2009-04-10 20:15 - JobOrganizer - INFO: Updating jobInformation list
2009-04-10 20:17 - JobOrganizer - INFO: Updating jobInformation list
2009-04-10 20:19 - JobOrganizer - INFO: Updating jobInformation list
2009-04-10 20:21 - JobOrganizer - INFO: Updating jobInformation list
2009-04-10 20:23 - JobOrganizer - INFO: Updating jobInformation list
2009-04-10 20:25 - JobOrganizer - INFO: Updating jobInformation list
2009-04-10 20:27 - JobOrganizer - INFO: Updating jobInformation list
2009-04-10 20:29 - JobOrganizer - INFO: Updating jobInformation list
2009-04-10 20:31 - JobOrganizer - INFO: Updating jobInformation list
2009-04-10 20:33 - JobOrganizer - INFO: Updating jobInformation list
2009-04-10 20:35 - JobOrganizer - INFO: Updating jobInformation list
2009-04-10 20:37 - JobOrganizer - INFO: Updating jobInformation list
2009-04-10 20:39 - JobOrganizer - INFO: Updating jobInformation list
2009-04-10 20:41 - JobOrganizer - INFO: Updating jobInformation list
2009-04-10 20:43 - JobOrganizer - INFO: Updating jobInformation list
2009-04-10 20:45 - JobOrganizer - INFO: Updating jobInformation list
2009-04-10 20:47 - JobOrganizer - INFO: Updating jobInformation list
2009-04-10 20:49 - JobOrganizer - INFO: Updating jobInformation list
2009-04-10 20:51 - JobOrganizer - INFO: Updating jobInformation list
2009-04-10 20:53 - JobOrganizer - INFO: Updating jobInformation list
2009-04-10 20:55 - JobOrganizer - INFO: Updating jobInformation list
2009-04-10 20:57 - JobOrganizer - INFO: Updating jobInformation list
2009-04-10 20:59 - JobOrganizer - INFO: Updating jobInformation list
2009-04-10 21:01 - JobOrganizer - INFO: Updating jobInformation list
2009-04-10 21:03 - JobOrganizer - INFO: Updating jobInformation list
2009-04-10 21:05 - JobOrganizer - INFO: Updating jobInformation list
2009-04-10 21:07 - JobOrganizer - INFO: Updating jobInformation list
2009-04-10 21:09 - JobOrganizer - INFO: Updating jobInformation list
2009-04-10 21:11 - JobOrganizer - INFO: Updating jobInformation list
2009-04-10 21:13 - JobOrganizer - INFO: Updating jobInformation list
2009-04-10 21:15 - JobOrganizer - INFO: Updating jobInformation list
2009-04-10 21:17 - JobOrganizer - INFO: Updating jobInformation list
2009-04-10 21:19 - JobOrganizer - INFO: Updating jobInformation list
2009-04-10 21:21 - JobOrganizer - INFO: Updating jobInformation list
2009-04-10 21:23 - JobOrganizer - INFO: Updating jobInformation list
2009-04-10 21:25 - JobOrganizer - INFO: Updating jobInformation list
2009-04-10 21:27 - JobOrganizer - INFO: Updating jobInformation list
2009-04-10 21:29 - JobOrganizer - INFO: Updating jobInformation list
2009-04-10 21:31 - JobOrganizer - INFO: Updating jobInformation list
2009-04-10 21:33 - JobOrganizer - INFO: Updating jobInformation list
2009-04-10 21:35 - JobOrganizer - INFO: Updating jobInformation list
2009-04-10 21:37 - JobOrganizer - INFO: Updating jobInformation list
2009-04-10 21:39 - JobOrganizer - INFO: Updating jobInformation list
2009-04-10 21:41 - JobOrganizer - INFO: Updating jobInformation list
2009-04-10 21:43 - JobOrganizer - INFO: Updating jobInformation list
2009-04-10 21:45 - JobOrganizer - INFO: Updating jobInformation list
2009-04-10 21:47 - JobOrganizer - INFO: Updating jobInformation list
2009-04-10 21:49 - JobOrganizer - INFO: Updating jobInformation list
2009-04-10 21:51 - JobOrganizer - INFO: Updating jobInformation list
2009-04-10 21:53 - JobOrganizer - INFO: Updating jobInformation list
2009-04-10 21:55 - JobOrganizer - INFO: Updating jobInformation list
2009-04-10 21:57 - JobOrganizer - INFO: Updating jobInformation list
2009-04-10 21:59 - JobOrganizer - INFO: Updating jobInformation list
2009-04-10 22:01 - JobOrganizer - INFO: Updating jobInformation list
2009-04-10 22:03 - JobOrganizer - INFO: Updating jobInformation list
2009-04-10 22:05 - JobOrganizer - INFO: Updating jobInformation list
2009-04-10 22:08 - JobOrganizer - INFO: Updating jobInformation list
2009-04-10 22:10 - JobOrganizer - INFO: Updating jobInformation list
2009-04-10 22:12 - JobOrganizer - INFO: Updating jobInformation list
2009-04-10 22:14 - JobOrganizer - INFO: Updating jobInformation list
2009-04-10 22:16 - JobOrganizer - INFO: Updating jobInformation list
2009-04-10 22:18 - JobOrganizer - INFO: Updating jobInformation list
2009-04-10 22:20 - JobOrganizer - INFO: Updating jobInformation list
2009-04-10 22:22 - JobOrganizer - INFO: Updating jobInformation list
2009-04-10 22:24 - JobOrganizer - INFO: Updating jobInformation list
2009-04-10 22:26 - JobOrganizer - INFO: Updating jobInformation list
2009-04-10 22:28 - JobOrganizer - INFO: Updating jobInformation list
2009-04-10 22:30 - JobOrganizer - INFO: Updating jobInformation list
2009-04-10 22:32 - JobOrganizer - INFO: Updating jobInformation list
2009-04-10 22:34 - JobOrganizer - INFO: Updating jobInformation list
2009-04-10 22:36 - JobOrganizer - INFO: Updating jobInformation list
2009-04-10 22:38 - JobOrganizer - INFO: Updating jobInformation list
2009-04-10 22:40 - JobOrganizer - INFO: Updating jobInformation list
2009-04-10 22:42 - JobOrganizer - INFO: Updating jobInformation list
2009-04-10 22:44 - JobOrganizer - INFO: Updating jobInformation list
2009-04-10 22:46 - JobOrganizer - INFO: Updating jobInformation list
2009-04-10 22:48 - JobOrganizer - INFO: Updating jobInformation list
2009-04-10 22:50 - JobOrganizer - INFO: Updating jobInformation list
2009-04-10 22:52 - JobOrganizer - INFO: Updating jobInformation list
2009-04-10 22:54 - JobOrganizer - INFO: Updating jobInformation list
2009-04-10 22:56 - JobOrganizer - INFO: Updating jobInformation list
2009-04-10 22:58 - JobOrganizer - INFO: Updating jobInformation list
2009-04-10 23:00 - JobOrganizer - INFO: Updating jobInformation list
2009-04-10 23:02 - JobOrganizer - INFO: Updating jobInformation list
2009-04-10 23:04 - JobOrganizer - INFO: Updating jobInformation list
2009-04-10 23:07 - JobOrganizer - INFO: Updating jobInformation list
2009-04-10 23:09 - JobOrganizer - INFO: Updating jobInformation list
2009-04-10 23:11 - JobOrganizer - INFO: Updating jobInformation list
2009-04-10 23:13 - JobOrganizer - INFO: Updating jobInformation list
2009-04-10 23:15 - JobOrganizer - INFO: Updating jobInformation list
2009-04-10 23:17 - JobOrganizer - INFO: Updating jobInformation list
2009-04-10 23:19 - JobOrganizer - INFO: Updating jobInformation list
2009-04-10 23:21 - JobOrganizer - INFO: Updating jobInformation list
2009-04-10 23:23 - JobOrganizer - INFO: Updating jobInformation list
2009-04-10 23:25 - JobOrganizer - INFO: Updating jobInformation list
2009-04-10 23:27 - JobOrganizer - INFO: Updating jobInformation list
2009-04-10 23:29 - JobOrganizer - INFO: Updating jobInformation list
2009-04-10 23:31 - JobOrganizer - INFO: Updating jobInformation list
2009-04-10 23:33 - JobOrganizer - INFO: Updating jobInformation list
2009-04-10 23:35 - JobOrganizer - INFO: Updating jobInformation list
2009-04-10 23:37 - JobOrganizer - INFO: Updating jobInformation list
2009-04-10 23:39 - JobOrganizer - INFO: Updating jobInformation list
2009-04-10 23:41 - JobOrganizer - INFO: Updating jobInformation list
2009-04-10 23:43 - JobOrganizer - INFO: Updating jobInformation list
2009-04-10 23:45 - JobOrganizer - INFO: Updating jobInformation list
2009-04-10 23:47 - JobOrganizer - INFO: Updating jobInformation list
2009-04-10 23:49 - JobOrganizer - INFO: Updating jobInformation list
2009-04-10 23:51 - JobOrganizer - INFO: Updating jobInformation list
2009-04-10 23:53 - JobOrganizer - INFO: Updating jobInformation list
2009-04-10 23:55 - JobOrganizer - INFO: Updating jobInformation list
2009-04-10 23:57 - JobOrganizer - INFO: Updating jobInformation list
2009-04-10 23:59 - JobOrganizer - INFO: Updating jobInformation list
