2009-05-26 00:01 - JobOrganizer - INFO: ========================================
2009-05-26 00:01 - JobOrganizer - INFO: JobOrganizer in init
2009-05-26 00:01 - JobOrganizer - INFO: init file JobOrganizerConfig.py was found
2009-05-26 00:01 - JobOrganizer - INFO: retrieveing Db parameters from JobOrganizerConfig.py file
2009-05-26 00:01 - JobOrganizer - INFO: creating job configurations from JobOrganizerConfig.py file
2009-05-26 00:01 - JobOrganizer - INFO: JobOrganizer initialized
2009-05-26 00:01 - JobOrganizer - INFO: ========================================
2009-05-26 00:03 - JobOrganizer - INFO: Updating jobInformation list
2009-05-26 00:05 - JobOrganizer - INFO: Updating jobInformation list
2009-05-26 00:07 - JobOrganizer - INFO: Updating jobInformation list
2009-05-26 00:09 - JobOrganizer - INFO: Updating jobInformation list
2009-05-26 00:11 - JobOrganizer - INFO: Updating jobInformation list
2009-05-26 00:13 - JobOrganizer - INFO: Updating jobInformation list
2009-05-26 00:15 - JobOrganizer - INFO: Updating jobInformation list
2009-05-26 00:17 - JobOrganizer - INFO: Updating jobInformation list
2009-05-26 00:19 - JobOrganizer - INFO: Updating jobInformation list
2009-05-26 00:21 - JobOrganizer - INFO: Updating jobInformation list
2009-05-26 00:23 - JobOrganizer - INFO: Updating jobInformation list
2009-05-26 00:25 - JobOrganizer - INFO: Updating jobInformation list
2009-05-26 00:27 - JobOrganizer - INFO: Updating jobInformation list
2009-05-26 00:29 - JobOrganizer - INFO: Updating jobInformation list
2009-05-26 00:31 - JobOrganizer - INFO: Updating jobInformation list
2009-05-26 00:33 - JobOrganizer - INFO: Updating jobInformation list
2009-05-26 00:35 - JobOrganizer - INFO: Updating jobInformation list
2009-05-26 00:37 - JobOrganizer - INFO: Updating jobInformation list
2009-05-26 00:39 - JobOrganizer - INFO: Updating jobInformation list
2009-05-26 00:41 - JobOrganizer - INFO: Updating jobInformation list
2009-05-26 00:43 - JobOrganizer - INFO: Updating jobInformation list
2009-05-26 00:45 - JobOrganizer - INFO: Updating jobInformation list
2009-05-26 00:47 - JobOrganizer - INFO: Updating jobInformation list
2009-05-26 00:49 - JobOrganizer - INFO: Updating jobInformation list
2009-05-26 00:51 - JobOrganizer - INFO: Updating jobInformation list
2009-05-26 00:53 - JobOrganizer - INFO: Updating jobInformation list
2009-05-26 00:55 - JobOrganizer - INFO: Updating jobInformation list
2009-05-26 00:57 - JobOrganizer - INFO: Updating jobInformation list
2009-05-26 00:59 - JobOrganizer - INFO: Updating jobInformation list
2009-05-26 01:01 - JobOrganizer - INFO: Updating jobInformation list
2009-05-26 01:03 - JobOrganizer - INFO: Updating jobInformation list
2009-05-26 01:05 - JobOrganizer - INFO: Updating jobInformation list
2009-05-26 01:07 - JobOrganizer - INFO: Updating jobInformation list
2009-05-26 01:09 - JobOrganizer - INFO: Updating jobInformation list
2009-05-26 01:11 - JobOrganizer - INFO: Updating jobInformation list
2009-05-26 01:13 - JobOrganizer - INFO: Updating jobInformation list
2009-05-26 01:15 - JobOrganizer - INFO: Updating jobInformation list
2009-05-26 01:17 - JobOrganizer - INFO: Updating jobInformation list
2009-05-26 01:19 - JobOrganizer - INFO: Updating jobInformation list
2009-05-26 01:21 - JobOrganizer - INFO: Updating jobInformation list
2009-05-26 01:23 - JobOrganizer - INFO: Updating jobInformation list
2009-05-26 01:25 - JobOrganizer - INFO: Updating jobInformation list
2009-05-26 01:27 - JobOrganizer - INFO: Updating jobInformation list
2009-05-26 01:29 - JobOrganizer - INFO: Updating jobInformation list
2009-05-26 01:31 - JobOrganizer - INFO: Updating jobInformation list
2009-05-26 01:33 - JobOrganizer - INFO: Updating jobInformation list
2009-05-26 01:35 - JobOrganizer - INFO: Updating jobInformation list
2009-05-26 01:37 - JobOrganizer - INFO: Updating jobInformation list
2009-05-26 01:39 - JobOrganizer - INFO: Updating jobInformation list
2009-05-26 01:41 - JobOrganizer - INFO: Updating jobInformation list
2009-05-26 01:43 - JobOrganizer - INFO: Updating jobInformation list
2009-05-26 01:45 - JobOrganizer - INFO: Updating jobInformation list
2009-05-26 01:47 - JobOrganizer - INFO: Updating jobInformation list
2009-05-26 01:49 - JobOrganizer - INFO: Updating jobInformation list
2009-05-26 01:51 - JobOrganizer - INFO: Updating jobInformation list
2009-05-26 01:53 - JobOrganizer - INFO: Updating jobInformation list
2009-05-26 01:55 - JobOrganizer - INFO: Updating jobInformation list
2009-05-26 01:57 - JobOrganizer - INFO: Updating jobInformation list
2009-05-26 01:59 - JobOrganizer - INFO: Updating jobInformation list
2009-05-26 02:01 - JobOrganizer - INFO: Updating jobInformation list
2009-05-26 02:03 - JobOrganizer - INFO: Updating jobInformation list
2009-05-26 02:05 - JobOrganizer - INFO: Updating jobInformation list
2009-05-26 02:07 - JobOrganizer - INFO: Updating jobInformation list
2009-05-26 02:09 - JobOrganizer - INFO: Updating jobInformation list
2009-05-26 02:11 - JobOrganizer - INFO: Updating jobInformation list
2009-05-26 02:13 - JobOrganizer - INFO: Updating jobInformation list
2009-05-26 02:15 - JobOrganizer - INFO: Updating jobInformation list
2009-05-26 02:17 - JobOrganizer - INFO: Updating jobInformation list
2009-05-26 02:19 - JobOrganizer - INFO: Updating jobInformation list
2009-05-26 02:21 - JobOrganizer - INFO: Updating jobInformation list
2009-05-26 02:23 - JobOrganizer - INFO: Updating jobInformation list
2009-05-26 02:25 - JobOrganizer - INFO: Updating jobInformation list
2009-05-26 02:27 - JobOrganizer - INFO: Updating jobInformation list
2009-05-26 02:29 - JobOrganizer - INFO: Updating jobInformation list
2009-05-26 02:31 - JobOrganizer - INFO: Updating jobInformation list
2009-05-26 02:33 - JobOrganizer - INFO: Updating jobInformation list
2009-05-26 02:35 - JobOrganizer - INFO: Updating jobInformation list
2009-05-26 02:37 - JobOrganizer - INFO: Updating jobInformation list
2009-05-26 02:39 - JobOrganizer - INFO: Updating jobInformation list
2009-05-26 02:42 - JobOrganizer - INFO: Updating jobInformation list
2009-05-26 02:44 - JobOrganizer - INFO: Updating jobInformation list
2009-05-26 02:46 - JobOrganizer - INFO: Updating jobInformation list
2009-05-26 02:48 - JobOrganizer - INFO: Updating jobInformation list
2009-05-26 02:50 - JobOrganizer - INFO: Updating jobInformation list
2009-05-26 02:52 - JobOrganizer - INFO: Updating jobInformation list
2009-05-26 02:54 - JobOrganizer - INFO: Updating jobInformation list
2009-05-26 02:56 - JobOrganizer - INFO: Updating jobInformation list
2009-05-26 02:58 - JobOrganizer - INFO: Updating jobInformation list
2009-05-26 03:00 - JobOrganizer - INFO: Updating jobInformation list
2009-05-26 03:02 - JobOrganizer - INFO: Updating jobInformation list
2009-05-26 03:04 - JobOrganizer - INFO: Updating jobInformation list
2009-05-26 03:06 - JobOrganizer - INFO: Updating jobInformation list
2009-05-26 03:08 - JobOrganizer - INFO: Updating jobInformation list
2009-05-26 03:10 - JobOrganizer - INFO: Updating jobInformation list
2009-05-26 03:12 - JobOrganizer - INFO: Updating jobInformation list
2009-05-26 03:14 - JobOrganizer - INFO: Updating jobInformation list
2009-05-26 03:16 - JobOrganizer - INFO: Updating jobInformation list
2009-05-26 03:18 - JobOrganizer - INFO: Updating jobInformation list
2009-05-26 03:20 - JobOrganizer - INFO: Updating jobInformation list
2009-05-26 03:22 - JobOrganizer - INFO: Updating jobInformation list
2009-05-26 03:24 - JobOrganizer - INFO: Updating jobInformation list
2009-05-26 03:26 - JobOrganizer - INFO: Updating jobInformation list
2009-05-26 03:28 - JobOrganizer - INFO: Updating jobInformation list
2009-05-26 03:30 - JobOrganizer - INFO: Updating jobInformation list
2009-05-26 03:32 - JobOrganizer - INFO: Updating jobInformation list
2009-05-26 03:34 - JobOrganizer - INFO: Updating jobInformation list
2009-05-26 03:36 - JobOrganizer - INFO: Updating jobInformation list
2009-05-26 03:38 - JobOrganizer - INFO: Updating jobInformation list
2009-05-26 03:40 - JobOrganizer - INFO: Updating jobInformation list
2009-05-26 03:42 - JobOrganizer - INFO: Updating jobInformation list
2009-05-26 03:44 - JobOrganizer - INFO: Updating jobInformation list
2009-05-26 03:46 - JobOrganizer - INFO: Updating jobInformation list
2009-05-26 03:48 - JobOrganizer - INFO: Updating jobInformation list
2009-05-26 03:50 - JobOrganizer - INFO: Updating jobInformation list
2009-05-26 03:52 - JobOrganizer - INFO: Updating jobInformation list
2009-05-26 03:54 - JobOrganizer - INFO: Updating jobInformation list
2009-05-26 03:56 - JobOrganizer - INFO: Updating jobInformation list
2009-05-26 03:58 - JobOrganizer - INFO: Updating jobInformation list
2009-05-26 04:00 - JobOrganizer - INFO: Updating jobInformation list
2009-05-26 04:02 - JobOrganizer - INFO: Updating jobInformation list
2009-05-26 04:04 - JobOrganizer - INFO: Updating jobInformation list
2009-05-26 04:06 - JobOrganizer - INFO: Updating jobInformation list
2009-05-26 04:08 - JobOrganizer - INFO: Updating jobInformation list
2009-05-26 04:10 - JobOrganizer - INFO: Updating jobInformation list
2009-05-26 04:12 - JobOrganizer - INFO: Updating jobInformation list
2009-05-26 04:14 - JobOrganizer - INFO: Updating jobInformation list
2009-05-26 04:16 - JobOrganizer - INFO: Updating jobInformation list
2009-05-26 04:18 - JobOrganizer - INFO: Updating jobInformation list
2009-05-26 04:20 - JobOrganizer - INFO: Updating jobInformation list
2009-05-26 04:22 - JobOrganizer - INFO: Updating jobInformation list
2009-05-26 04:24 - JobOrganizer - INFO: Updating jobInformation list
2009-05-26 04:26 - JobOrganizer - INFO: Updating jobInformation list
2009-05-26 04:28 - JobOrganizer - INFO: Updating jobInformation list
2009-05-26 04:30 - JobOrganizer - INFO: Updating jobInformation list
2009-05-26 04:32 - JobOrganizer - INFO: Updating jobInformation list
2009-05-26 04:34 - JobOrganizer - INFO: Updating jobInformation list
2009-05-26 04:36 - JobOrganizer - INFO: Updating jobInformation list
2009-05-26 04:38 - JobOrganizer - INFO: Updating jobInformation list
2009-05-26 04:40 - JobOrganizer - INFO: Updating jobInformation list
2009-05-26 04:42 - JobOrganizer - INFO: Updating jobInformation list
2009-05-26 04:44 - JobOrganizer - INFO: Updating jobInformation list
2009-05-26 04:46 - JobOrganizer - INFO: Updating jobInformation list
2009-05-26 04:48 - JobOrganizer - INFO: Updating jobInformation list
2009-05-26 04:50 - JobOrganizer - INFO: Updating jobInformation list
2009-05-26 04:52 - JobOrganizer - INFO: Updating jobInformation list
2009-05-26 04:54 - JobOrganizer - INFO: Updating jobInformation list
2009-05-26 04:56 - JobOrganizer - INFO: Updating jobInformation list
2009-05-26 04:58 - JobOrganizer - INFO: Updating jobInformation list
2009-05-26 05:00 - JobOrganizer - INFO: Updating jobInformation list
2009-05-26 05:02 - JobOrganizer - INFO: Updating jobInformation list
2009-05-26 05:04 - JobOrganizer - INFO: Updating jobInformation list
2009-05-26 05:06 - JobOrganizer - INFO: Updating jobInformation list
2009-05-26 05:08 - JobOrganizer - INFO: Updating jobInformation list
2009-05-26 05:10 - JobOrganizer - INFO: Updating jobInformation list
2009-05-26 05:13 - JobOrganizer - INFO: Updating jobInformation list
2009-05-26 05:15 - JobOrganizer - INFO: Updating jobInformation list
2009-05-26 05:17 - JobOrganizer - INFO: Updating jobInformation list
2009-05-26 05:19 - JobOrganizer - INFO: Updating jobInformation list
2009-05-26 05:21 - JobOrganizer - INFO: Updating jobInformation list
2009-05-26 05:23 - JobOrganizer - INFO: Updating jobInformation list
2009-05-26 05:25 - JobOrganizer - INFO: Updating jobInformation list
2009-05-26 05:27 - JobOrganizer - INFO: Updating jobInformation list
2009-05-26 05:29 - JobOrganizer - INFO: Updating jobInformation list
2009-05-26 05:31 - JobOrganizer - INFO: Updating jobInformation list
2009-05-26 05:33 - JobOrganizer - INFO: Updating jobInformation list
2009-05-26 05:35 - JobOrganizer - INFO: Updating jobInformation list
2009-05-26 05:37 - JobOrganizer - INFO: Updating jobInformation list
2009-05-26 05:39 - JobOrganizer - INFO: Updating jobInformation list
2009-05-26 05:41 - JobOrganizer - INFO: Updating jobInformation list
2009-05-26 05:43 - JobOrganizer - INFO: Updating jobInformation list
2009-05-26 05:45 - JobOrganizer - INFO: Updating jobInformation list
2009-05-26 05:47 - JobOrganizer - INFO: Updating jobInformation list
2009-05-26 05:49 - JobOrganizer - INFO: Updating jobInformation list
2009-05-26 05:51 - JobOrganizer - INFO: Updating jobInformation list
2009-05-26 05:53 - JobOrganizer - INFO: Updating jobInformation list
2009-05-26 05:55 - JobOrganizer - INFO: Updating jobInformation list
2009-05-26 05:57 - JobOrganizer - INFO: Updating jobInformation list
2009-05-26 05:59 - JobOrganizer - INFO: Updating jobInformation list
2009-05-26 06:01 - JobOrganizer - INFO: Updating jobInformation list
2009-05-26 06:03 - JobOrganizer - INFO: Updating jobInformation list
2009-05-26 06:05 - JobOrganizer - INFO: Updating jobInformation list
2009-05-26 06:07 - JobOrganizer - INFO: Updating jobInformation list
2009-05-26 06:09 - JobOrganizer - INFO: Updating jobInformation list
2009-05-26 06:11 - JobOrganizer - INFO: Updating jobInformation list
2009-05-26 06:13 - JobOrganizer - INFO: Updating jobInformation list
2009-05-26 06:15 - JobOrganizer - INFO: Updating jobInformation list
2009-05-26 06:17 - JobOrganizer - INFO: Updating jobInformation list
2009-05-26 06:19 - JobOrganizer - INFO: Updating jobInformation list
2009-05-26 06:21 - JobOrganizer - INFO: Updating jobInformation list
2009-05-26 06:23 - JobOrganizer - INFO: Updating jobInformation list
2009-05-26 06:25 - JobOrganizer - INFO: Updating jobInformation list
2009-05-26 06:27 - JobOrganizer - INFO: Updating jobInformation list
2009-05-26 06:29 - JobOrganizer - INFO: Updating jobInformation list
2009-05-26 06:31 - JobOrganizer - INFO: Updating jobInformation list
2009-05-26 06:33 - JobOrganizer - INFO: Updating jobInformation list
2009-05-26 06:35 - JobOrganizer - INFO: Updating jobInformation list
2009-05-26 06:37 - JobOrganizer - INFO: Updating jobInformation list
2009-05-26 06:39 - JobOrganizer - INFO: Updating jobInformation list
2009-05-26 06:41 - JobOrganizer - INFO: Updating jobInformation list
2009-05-26 06:43 - JobOrganizer - INFO: Updating jobInformation list
2009-05-26 06:45 - JobOrganizer - INFO: Updating jobInformation list
2009-05-26 06:47 - JobOrganizer - INFO: Updating jobInformation list
2009-05-26 06:49 - JobOrganizer - INFO: Updating jobInformation list
2009-05-26 06:51 - JobOrganizer - INFO: Updating jobInformation list
2009-05-26 06:53 - JobOrganizer - INFO: Updating jobInformation list
2009-05-26 06:55 - JobOrganizer - INFO: Updating jobInformation list
2009-05-26 06:57 - JobOrganizer - INFO: Updating jobInformation list
2009-05-26 06:59 - JobOrganizer - INFO: Updating jobInformation list
2009-05-26 07:01 - JobOrganizer - INFO: Updating jobInformation list
2009-05-26 07:03 - JobOrganizer - INFO: Updating jobInformation list
2009-05-26 07:05 - JobOrganizer - INFO: Updating jobInformation list
2009-05-26 07:07 - JobOrganizer - INFO: Updating jobInformation list
2009-05-26 07:09 - JobOrganizer - INFO: Updating jobInformation list
2009-05-26 07:11 - JobOrganizer - INFO: Updating jobInformation list
2009-05-26 07:13 - JobOrganizer - INFO: Updating jobInformation list
2009-05-26 07:15 - JobOrganizer - INFO: Updating jobInformation list
2009-05-26 07:17 - JobOrganizer - INFO: Updating jobInformation list
2009-05-26 07:19 - JobOrganizer - INFO: Updating jobInformation list
2009-05-26 07:21 - JobOrganizer - INFO: Updating jobInformation list
2009-05-26 07:23 - JobOrganizer - INFO: Updating jobInformation list
2009-05-26 07:25 - JobOrganizer - INFO: Updating jobInformation list
2009-05-26 07:27 - JobOrganizer - INFO: Updating jobInformation list
2009-05-26 07:29 - JobOrganizer - INFO: Updating jobInformation list
2009-05-26 07:31 - JobOrganizer - INFO: Updating jobInformation list
2009-05-26 07:33 - JobOrganizer - INFO: Updating jobInformation list
2009-05-26 07:35 - JobOrganizer - INFO: Updating jobInformation list
2009-05-26 07:37 - JobOrganizer - INFO: Updating jobInformation list
2009-05-26 07:39 - JobOrganizer - INFO: Updating jobInformation list
2009-05-26 07:41 - JobOrganizer - INFO: Updating jobInformation list
2009-05-26 07:43 - JobOrganizer - INFO: Updating jobInformation list
2009-05-26 07:45 - JobOrganizer - INFO: Updating jobInformation list
2009-05-26 07:47 - JobOrganizer - INFO: Updating jobInformation list
2009-05-26 07:49 - JobOrganizer - INFO: Updating jobInformation list
2009-05-26 07:51 - JobOrganizer - INFO: Updating jobInformation list
2009-05-26 07:53 - JobOrganizer - INFO: Updating jobInformation list
2009-05-26 07:55 - JobOrganizer - INFO: Updating jobInformation list
2009-05-26 07:57 - JobOrganizer - INFO: Updating jobInformation list
2009-05-26 07:59 - JobOrganizer - INFO: Updating jobInformation list
2009-05-26 08:01 - JobOrganizer - INFO: Updating jobInformation list
2009-05-26 08:03 - JobOrganizer - INFO: Updating jobInformation list
2009-05-26 08:05 - JobOrganizer - INFO: Updating jobInformation list
2009-05-26 08:07 - JobOrganizer - INFO: Updating jobInformation list
2009-05-26 08:09 - JobOrganizer - INFO: Updating jobInformation list
2009-05-26 08:11 - JobOrganizer - INFO: Updating jobInformation list
2009-05-26 08:13 - JobOrganizer - INFO: Updating jobInformation list
2009-05-26 08:15 - JobOrganizer - INFO: Updating jobInformation list
2009-05-26 08:17 - JobOrganizer - INFO: Updating jobInformation list
2009-05-26 08:19 - JobOrganizer - INFO: Updating jobInformation list
2009-05-26 08:21 - JobOrganizer - INFO: Updating jobInformation list
2009-05-26 08:23 - JobOrganizer - INFO: Updating jobInformation list
2009-05-26 08:25 - JobOrganizer - INFO: Updating jobInformation list
2009-05-26 08:27 - JobOrganizer - INFO: Updating jobInformation list
2009-05-26 08:29 - JobOrganizer - INFO: Updating jobInformation list
2009-05-26 08:31 - JobOrganizer - INFO: Updating jobInformation list
2009-05-26 08:34 - JobOrganizer - INFO: Updating jobInformation list
2009-05-26 08:36 - JobOrganizer - INFO: Updating jobInformation list
2009-05-26 08:38 - JobOrganizer - INFO: Updating jobInformation list
2009-05-26 08:40 - JobOrganizer - INFO: Updating jobInformation list
2009-05-26 08:42 - JobOrganizer - INFO: Updating jobInformation list
2009-05-26 08:44 - JobOrganizer - INFO: Updating jobInformation list
2009-05-26 08:46 - JobOrganizer - INFO: Updating jobInformation list
2009-05-26 08:48 - JobOrganizer - INFO: Updating jobInformation list
2009-05-26 08:50 - JobOrganizer - INFO: Updating jobInformation list
2009-05-26 08:52 - JobOrganizer - INFO: Updating jobInformation list
2009-05-26 08:54 - JobOrganizer - INFO: Updating jobInformation list
2009-05-26 08:56 - JobOrganizer - INFO: Updating jobInformation list
2009-05-26 08:58 - JobOrganizer - INFO: Updating jobInformation list
2009-05-26 09:00 - JobOrganizer - INFO: Updating jobInformation list
2009-05-26 09:02 - JobOrganizer - INFO: Updating jobInformation list
2009-05-26 09:04 - JobOrganizer - INFO: Updating jobInformation list
2009-05-26 09:06 - JobOrganizer - INFO: Updating jobInformation list
2009-05-26 09:08 - JobOrganizer - INFO: Updating jobInformation list
2009-05-26 09:10 - JobOrganizer - INFO: Updating jobInformation list
2009-05-26 09:12 - JobOrganizer - INFO: Updating jobInformation list
2009-05-26 09:14 - JobOrganizer - INFO: Updating jobInformation list
2009-05-26 09:16 - JobOrganizer - INFO: Updating jobInformation list
2009-05-26 09:18 - JobOrganizer - INFO: Updating jobInformation list
2009-05-26 09:20 - JobOrganizer - INFO: Updating jobInformation list
2009-05-26 09:22 - JobOrganizer - INFO: Updating jobInformation list
2009-05-26 09:24 - JobOrganizer - INFO: Updating jobInformation list
2009-05-26 09:26 - JobOrganizer - INFO: Updating jobInformation list
2009-05-26 09:28 - JobOrganizer - INFO: Updating jobInformation list
2009-05-26 09:30 - JobOrganizer - INFO: Updating jobInformation list
2009-05-26 09:32 - JobOrganizer - INFO: Updating jobInformation list
2009-05-26 09:34 - JobOrganizer - INFO: Updating jobInformation list
2009-05-26 09:36 - JobOrganizer - INFO: Updating jobInformation list
2009-05-26 09:38 - JobOrganizer - INFO: Updating jobInformation list
2009-05-26 09:40 - JobOrganizer - INFO: Updating jobInformation list
2009-05-26 09:42 - JobOrganizer - INFO: Updating jobInformation list
2009-05-26 09:44 - JobOrganizer - INFO: Updating jobInformation list
2009-05-26 09:46 - JobOrganizer - INFO: Updating jobInformation list
2009-05-26 09:48 - JobOrganizer - INFO: Updating jobInformation list
2009-05-26 09:50 - JobOrganizer - INFO: Updating jobInformation list
2009-05-26 09:52 - JobOrganizer - INFO: Updating jobInformation list
2009-05-26 09:54 - JobOrganizer - INFO: Updating jobInformation list
2009-05-26 09:56 - JobOrganizer - INFO: Updating jobInformation list
2009-05-26 09:58 - JobOrganizer - INFO: Updating jobInformation list
2009-05-26 10:00 - JobOrganizer - INFO: Updating jobInformation list
2009-05-26 10:02 - JobOrganizer - INFO: Updating jobInformation list
2009-05-26 10:04 - JobOrganizer - INFO: Updating jobInformation list
2009-05-26 10:06 - JobOrganizer - INFO: Updating jobInformation list
2009-05-26 10:08 - JobOrganizer - INFO: Updating jobInformation list
2009-05-26 10:10 - JobOrganizer - INFO: Updating jobInformation list
2009-05-26 10:12 - JobOrganizer - INFO: Updating jobInformation list
2009-05-26 10:14 - JobOrganizer - INFO: Updating jobInformation list
2009-05-26 10:16 - JobOrganizer - INFO: Updating jobInformation list
2009-05-26 10:18 - JobOrganizer - INFO: Updating jobInformation list
2009-05-26 10:20 - JobOrganizer - INFO: Updating jobInformation list
2009-05-26 10:22 - JobOrganizer - INFO: Updating jobInformation list
2009-05-26 10:24 - JobOrganizer - INFO: Updating jobInformation list
2009-05-26 10:26 - JobOrganizer - INFO: Updating jobInformation list
2009-05-26 10:28 - JobOrganizer - INFO: Updating jobInformation list
2009-05-26 10:30 - JobOrganizer - INFO: Updating jobInformation list
2009-05-26 10:32 - JobOrganizer - INFO: Updating jobInformation list
2009-05-26 10:34 - JobOrganizer - INFO: Updating jobInformation list
2009-05-26 10:36 - JobOrganizer - INFO: Updating jobInformation list
2009-05-26 10:38 - JobOrganizer - INFO: Updating jobInformation list
2009-05-26 10:40 - JobOrganizer - INFO: Updating jobInformation list
2009-05-26 10:42 - JobOrganizer - INFO: Updating jobInformation list
2009-05-26 10:44 - JobOrganizer - INFO: Updating jobInformation list
2009-05-26 10:46 - JobOrganizer - INFO: Updating jobInformation list
2009-05-26 10:48 - JobOrganizer - INFO: Updating jobInformation list
2009-05-26 10:50 - JobOrganizer - INFO: Updating jobInformation list
2009-05-26 10:52 - JobOrganizer - INFO: Updating jobInformation list
2009-05-26 10:54 - JobOrganizer - INFO: Updating jobInformation list
2009-05-26 10:56 - JobOrganizer - INFO: Updating jobInformation list
2009-05-26 10:58 - JobOrganizer - INFO: Updating jobInformation list
2009-05-26 11:00 - JobOrganizer - INFO: Updating jobInformation list
2009-05-26 11:02 - JobOrganizer - INFO: Updating jobInformation list
2009-05-26 11:04 - JobOrganizer - INFO: Updating jobInformation list
2009-05-26 11:06 - JobOrganizer - INFO: Updating jobInformation list
2009-05-26 11:08 - JobOrganizer - INFO: Updating jobInformation list
2009-05-26 11:10 - JobOrganizer - INFO: Updating jobInformation list
2009-05-26 11:12 - JobOrganizer - INFO: Updating jobInformation list
2009-05-26 11:14 - JobOrganizer - INFO: Updating jobInformation list
2009-05-26 11:16 - JobOrganizer - INFO: Updating jobInformation list
2009-05-26 11:18 - JobOrganizer - INFO: Updating jobInformation list
2009-05-26 11:20 - JobOrganizer - INFO: Updating jobInformation list
2009-05-26 11:22 - JobOrganizer - INFO: Updating jobInformation list
2009-05-26 11:24 - JobOrganizer - INFO: Updating jobInformation list
2009-05-26 11:26 - JobOrganizer - INFO: Updating jobInformation list
2009-05-26 11:28 - JobOrganizer - INFO: Updating jobInformation list
2009-05-26 11:30 - JobOrganizer - INFO: Updating jobInformation list
2009-05-26 11:32 - JobOrganizer - INFO: Updating jobInformation list
2009-05-26 11:34 - JobOrganizer - INFO: Updating jobInformation list
2009-05-26 11:36 - JobOrganizer - INFO: Updating jobInformation list
2009-05-26 11:38 - JobOrganizer - INFO: Updating jobInformation list
2009-05-26 11:40 - JobOrganizer - INFO: Updating jobInformation list
2009-05-26 11:42 - JobOrganizer - INFO: Updating jobInformation list
2009-05-26 11:44 - JobOrganizer - INFO: Updating jobInformation list
2009-05-26 11:46 - JobOrganizer - INFO: Updating jobInformation list
2009-05-26 11:48 - JobOrganizer - INFO: Updating jobInformation list
2009-05-26 11:50 - JobOrganizer - INFO: Updating jobInformation list
2009-05-26 11:52 - JobOrganizer - INFO: Updating jobInformation list
2009-05-26 11:54 - JobOrganizer - INFO: Updating jobInformation list
2009-05-26 11:56 - JobOrganizer - INFO: Updating jobInformation list
2009-05-26 11:58 - JobOrganizer - INFO: Updating jobInformation list
2009-05-26 12:00 - JobOrganizer - INFO: Updating jobInformation list
2009-05-26 12:02 - JobOrganizer - INFO: Updating jobInformation list
2009-05-26 12:04 - JobOrganizer - INFO: Updating jobInformation list
2009-05-26 12:06 - JobOrganizer - INFO: Updating jobInformation list
2009-05-26 12:08 - JobOrganizer - INFO: Updating jobInformation list
2009-05-26 12:11 - JobOrganizer - INFO: Updating jobInformation list
2009-05-26 12:13 - JobOrganizer - INFO: Updating jobInformation list
2009-05-26 12:15 - JobOrganizer - INFO: Updating jobInformation list
2009-05-26 12:17 - JobOrganizer - INFO: Updating jobInformation list
2009-05-26 12:19 - JobOrganizer - INFO: Updating jobInformation list
2009-05-26 12:21 - JobOrganizer - INFO: Updating jobInformation list
2009-05-26 12:23 - JobOrganizer - INFO: Updating jobInformation list
2009-05-26 12:25 - JobOrganizer - INFO: Updating jobInformation list
2009-05-26 12:27 - JobOrganizer - INFO: Updating jobInformation list
2009-05-26 12:29 - JobOrganizer - INFO: Updating jobInformation list
2009-05-26 12:31 - JobOrganizer - INFO: Updating jobInformation list
2009-05-26 12:33 - JobOrganizer - INFO: Updating jobInformation list
2009-05-26 12:35 - JobOrganizer - INFO: Updating jobInformation list
2009-05-26 12:37 - JobOrganizer - INFO: Updating jobInformation list
2009-05-26 12:39 - JobOrganizer - INFO: Updating jobInformation list
2009-05-26 12:41 - JobOrganizer - INFO: Updating jobInformation list
2009-05-26 12:43 - JobOrganizer - INFO: Updating jobInformation list
2009-05-26 12:45 - JobOrganizer - INFO: Updating jobInformation list
2009-05-26 12:47 - JobOrganizer - INFO: Updating jobInformation list
2009-05-26 12:49 - JobOrganizer - INFO: Updating jobInformation list
2009-05-26 12:51 - JobOrganizer - INFO: Updating jobInformation list
2009-05-26 12:53 - JobOrganizer - INFO: Updating jobInformation list
2009-05-26 12:55 - JobOrganizer - INFO: Updating jobInformation list
2009-05-26 12:57 - JobOrganizer - INFO: Updating jobInformation list
2009-05-26 12:59 - JobOrganizer - INFO: Updating jobInformation list
2009-05-26 13:01 - JobOrganizer - INFO: Updating jobInformation list
2009-05-26 13:03 - JobOrganizer - INFO: Updating jobInformation list
2009-05-26 13:05 - JobOrganizer - INFO: Updating jobInformation list
2009-05-26 13:07 - JobOrganizer - INFO: Updating jobInformation list
2009-05-26 13:09 - JobOrganizer - INFO: Updating jobInformation list
2009-05-26 13:11 - JobOrganizer - INFO: Updating jobInformation list
2009-05-26 13:13 - JobOrganizer - INFO: Updating jobInformation list
2009-05-26 13:15 - JobOrganizer - INFO: Updating jobInformation list
2009-05-26 13:17 - JobOrganizer - INFO: Updating jobInformation list
2009-05-26 13:19 - JobOrganizer - INFO: Updating jobInformation list
2009-05-26 13:21 - JobOrganizer - INFO: Updating jobInformation list
2009-05-26 13:23 - JobOrganizer - INFO: Updating jobInformation list
2009-05-26 13:25 - JobOrganizer - INFO: Updating jobInformation list
2009-05-26 13:27 - JobOrganizer - INFO: Updating jobInformation list
2009-05-26 13:29 - JobOrganizer - INFO: Updating jobInformation list
2009-05-26 13:31 - JobOrganizer - INFO: Updating jobInformation list
2009-05-26 13:33 - JobOrganizer - INFO: Updating jobInformation list
2009-05-26 13:35 - JobOrganizer - INFO: Updating jobInformation list
2009-05-26 13:37 - JobOrganizer - INFO: Updating jobInformation list
2009-05-26 13:39 - JobOrganizer - INFO: Updating jobInformation list
2009-05-26 13:41 - JobOrganizer - INFO: Updating jobInformation list
2009-05-26 13:43 - JobOrganizer - INFO: Updating jobInformation list
2009-05-26 13:45 - JobOrganizer - INFO: Updating jobInformation list
2009-05-26 13:47 - JobOrganizer - INFO: Updating jobInformation list
2009-05-26 13:49 - JobOrganizer - INFO: Updating jobInformation list
2009-05-26 13:51 - JobOrganizer - INFO: Updating jobInformation list
2009-05-26 13:53 - JobOrganizer - INFO: Updating jobInformation list
2009-05-26 13:55 - JobOrganizer - INFO: Updating jobInformation list
2009-05-26 13:57 - JobOrganizer - INFO: Updating jobInformation list
2009-05-26 13:59 - JobOrganizer - INFO: Updating jobInformation list
2009-05-26 14:01 - JobOrganizer - INFO: Updating jobInformation list
2009-05-26 14:03 - JobOrganizer - INFO: Updating jobInformation list
2009-05-26 14:05 - JobOrganizer - INFO: Updating jobInformation list
2009-05-26 14:07 - JobOrganizer - INFO: Updating jobInformation list
2009-05-26 14:09 - JobOrganizer - INFO: Updating jobInformation list
2009-05-26 14:11 - JobOrganizer - INFO: Updating jobInformation list
2009-05-26 14:13 - JobOrganizer - INFO: Updating jobInformation list
2009-05-26 14:15 - JobOrganizer - INFO: Updating jobInformation list
2009-05-26 14:17 - JobOrganizer - INFO: Updating jobInformation list
2009-05-26 14:19 - JobOrganizer - INFO: Updating jobInformation list
2009-05-26 14:21 - JobOrganizer - INFO: Updating jobInformation list
2009-05-26 14:23 - JobOrganizer - INFO: Updating jobInformation list
2009-05-26 14:25 - JobOrganizer - INFO: Updating jobInformation list
2009-05-26 14:27 - JobOrganizer - INFO: Updating jobInformation list
2009-05-26 14:29 - JobOrganizer - INFO: Updating jobInformation list
2009-05-26 14:31 - JobOrganizer - INFO: Updating jobInformation list
2009-05-26 14:33 - JobOrganizer - INFO: Updating jobInformation list
2009-05-26 14:35 - JobOrganizer - INFO: Updating jobInformation list
2009-05-26 14:37 - JobOrganizer - INFO: Updating jobInformation list
2009-05-26 14:39 - JobOrganizer - INFO: Updating jobInformation list
2009-05-26 14:41 - JobOrganizer - INFO: Updating jobInformation list
2009-05-26 14:43 - JobOrganizer - INFO: Updating jobInformation list
2009-05-26 14:45 - JobOrganizer - INFO: Updating jobInformation list
2009-05-26 14:47 - JobOrganizer - INFO: Updating jobInformation list
2009-05-26 14:49 - JobOrganizer - INFO: Updating jobInformation list
2009-05-26 14:51 - JobOrganizer - INFO: Updating jobInformation list
2009-05-26 14:53 - JobOrganizer - INFO: Updating jobInformation list
2009-05-26 14:55 - JobOrganizer - INFO: Updating jobInformation list
2009-05-26 14:57 - JobOrganizer - INFO: Updating jobInformation list
2009-05-26 14:59 - JobOrganizer - INFO: Updating jobInformation list
2009-05-26 15:01 - JobOrganizer - INFO: Updating jobInformation list
2009-05-26 15:03 - JobOrganizer - INFO: Updating jobInformation list
2009-05-26 15:05 - JobOrganizer - INFO: Updating jobInformation list
2009-05-26 15:07 - JobOrganizer - INFO: Updating jobInformation list
2009-05-26 15:09 - JobOrganizer - INFO: Updating jobInformation list
2009-05-26 15:11 - JobOrganizer - INFO: Updating jobInformation list
2009-05-26 15:13 - JobOrganizer - INFO: Updating jobInformation list
2009-05-26 15:15 - JobOrganizer - INFO: Updating jobInformation list
2009-05-26 15:17 - JobOrganizer - INFO: Updating jobInformation list
2009-05-26 15:19 - JobOrganizer - INFO: Updating jobInformation list
2009-05-26 15:21 - JobOrganizer - INFO: Updating jobInformation list
2009-05-26 15:23 - JobOrganizer - INFO: Updating jobInformation list
2009-05-26 15:25 - JobOrganizer - INFO: Updating jobInformation list
2009-05-26 15:27 - JobOrganizer - INFO: Updating jobInformation list
2009-05-26 15:29 - JobOrganizer - INFO: Updating jobInformation list
2009-05-26 15:31 - JobOrganizer - INFO: Updating jobInformation list
2009-05-26 15:33 - JobOrganizer - INFO: Updating jobInformation list
2009-05-26 15:35 - JobOrganizer - INFO: Updating jobInformation list
2009-05-26 15:38 - JobOrganizer - INFO: Updating jobInformation list
2009-05-26 15:40 - JobOrganizer - INFO: Updating jobInformation list
2009-05-26 15:42 - JobOrganizer - INFO: Updating jobInformation list
2009-05-26 15:44 - JobOrganizer - INFO: Updating jobInformation list
2009-05-26 15:46 - JobOrganizer - INFO: Updating jobInformation list
2009-05-26 15:48 - JobOrganizer - INFO: Updating jobInformation list
2009-05-26 15:50 - JobOrganizer - INFO: Updating jobInformation list
2009-05-26 15:52 - JobOrganizer - INFO: Updating jobInformation list
2009-05-26 15:54 - JobOrganizer - INFO: Updating jobInformation list
2009-05-26 15:56 - JobOrganizer - INFO: Updating jobInformation list
2009-05-26 15:58 - JobOrganizer - INFO: Updating jobInformation list
2009-05-26 16:00 - JobOrganizer - INFO: Updating jobInformation list
2009-05-26 16:02 - JobOrganizer - INFO: Updating jobInformation list
2009-05-26 16:04 - JobOrganizer - INFO: Updating jobInformation list
2009-05-26 16:06 - JobOrganizer - INFO: Updating jobInformation list
2009-05-26 16:08 - JobOrganizer - INFO: Updating jobInformation list
2009-05-26 16:10 - JobOrganizer - INFO: Updating jobInformation list
2009-05-26 16:12 - JobOrganizer - INFO: Updating jobInformation list
2009-05-26 16:14 - JobOrganizer - INFO: Updating jobInformation list
2009-05-26 16:16 - JobOrganizer - INFO: Updating jobInformation list
2009-05-26 16:18 - JobOrganizer - INFO: Updating jobInformation list
2009-05-26 16:20 - JobOrganizer - INFO: Updating jobInformation list
2009-05-26 16:22 - JobOrganizer - INFO: Updating jobInformation list
2009-05-26 16:24 - JobOrganizer - INFO: Updating jobInformation list
2009-05-26 16:26 - JobOrganizer - INFO: Updating jobInformation list
2009-05-26 16:28 - JobOrganizer - INFO: Updating jobInformation list
2009-05-26 16:30 - JobOrganizer - INFO: Updating jobInformation list
2009-05-26 16:32 - JobOrganizer - INFO: Updating jobInformation list
2009-05-26 16:34 - JobOrganizer - INFO: Updating jobInformation list
2009-05-26 16:36 - JobOrganizer - INFO: Updating jobInformation list
2009-05-26 16:38 - JobOrganizer - INFO: Updating jobInformation list
2009-05-26 16:40 - JobOrganizer - INFO: Updating jobInformation list
2009-05-26 16:42 - JobOrganizer - INFO: Updating jobInformation list
2009-05-26 16:44 - JobOrganizer - INFO: Updating jobInformation list
2009-05-26 16:46 - JobOrganizer - INFO: Updating jobInformation list
2009-05-26 16:48 - JobOrganizer - INFO: Updating jobInformation list
2009-05-26 16:50 - JobOrganizer - INFO: Updating jobInformation list
2009-05-26 16:52 - JobOrganizer - INFO: Updating jobInformation list
2009-05-26 16:54 - JobOrganizer - INFO: Updating jobInformation list
2009-05-26 16:56 - JobOrganizer - INFO: Updating jobInformation list
2009-05-26 16:58 - JobOrganizer - INFO: Updating jobInformation list
2009-05-26 17:00 - JobOrganizer - INFO: Updating jobInformation list
2009-05-26 17:02 - JobOrganizer - INFO: Updating jobInformation list
2009-05-26 17:04 - JobOrganizer - INFO: Updating jobInformation list
2009-05-26 17:06 - JobOrganizer - INFO: Updating jobInformation list
2009-05-26 17:08 - JobOrganizer - INFO: Updating jobInformation list
2009-05-26 17:10 - JobOrganizer - INFO: Updating jobInformation list
2009-05-26 17:12 - JobOrganizer - INFO: Updating jobInformation list
2009-05-26 17:14 - JobOrganizer - INFO: Updating jobInformation list
2009-05-26 17:16 - JobOrganizer - INFO: Updating jobInformation list
2009-05-26 17:18 - JobOrganizer - INFO: Updating jobInformation list
2009-05-26 17:20 - JobOrganizer - INFO: Updating jobInformation list
2009-05-26 17:22 - JobOrganizer - INFO: Updating jobInformation list
2009-05-26 17:24 - JobOrganizer - INFO: Updating jobInformation list
2009-05-26 17:26 - JobOrganizer - INFO: Updating jobInformation list
2009-05-26 17:28 - JobOrganizer - INFO: Updating jobInformation list
2009-05-26 17:30 - JobOrganizer - INFO: Updating jobInformation list
2009-05-26 17:32 - JobOrganizer - INFO: Updating jobInformation list
2009-05-26 17:34 - JobOrganizer - INFO: Updating jobInformation list
2009-05-26 17:36 - JobOrganizer - INFO: Updating jobInformation list
2009-05-26 17:38 - JobOrganizer - INFO: Updating jobInformation list
2009-05-26 17:40 - JobOrganizer - INFO: Updating jobInformation list
2009-05-26 17:42 - JobOrganizer - INFO: Updating jobInformation list
2009-05-26 17:44 - JobOrganizer - INFO: Updating jobInformation list
2009-05-26 17:46 - JobOrganizer - INFO: Updating jobInformation list
2009-05-26 17:48 - JobOrganizer - INFO: Updating jobInformation list
2009-05-26 17:50 - JobOrganizer - INFO: Updating jobInformation list
2009-05-26 17:52 - JobOrganizer - INFO: Updating jobInformation list
2009-05-26 17:54 - JobOrganizer - INFO: Updating jobInformation list
2009-05-26 17:56 - JobOrganizer - INFO: Updating jobInformation list
2009-05-26 17:58 - JobOrganizer - INFO: Updating jobInformation list
2009-05-26 18:00 - JobOrganizer - INFO: Updating jobInformation list
2009-05-26 18:02 - JobOrganizer - INFO: Updating jobInformation list
2009-05-26 18:04 - JobOrganizer - INFO: Updating jobInformation list
2009-05-26 18:06 - JobOrganizer - INFO: Updating jobInformation list
2009-05-26 18:08 - JobOrganizer - INFO: Updating jobInformation list
2009-05-26 18:10 - JobOrganizer - INFO: Updating jobInformation list
2009-05-26 18:12 - JobOrganizer - INFO: Updating jobInformation list
2009-05-26 18:14 - JobOrganizer - INFO: Updating jobInformation list
2009-05-26 18:16 - JobOrganizer - INFO: Updating jobInformation list
2009-05-26 18:18 - JobOrganizer - INFO: Updating jobInformation list
2009-05-26 18:20 - JobOrganizer - INFO: Updating jobInformation list
2009-05-26 18:22 - JobOrganizer - INFO: Updating jobInformation list
2009-05-26 18:24 - JobOrganizer - INFO: Updating jobInformation list
2009-05-26 18:26 - JobOrganizer - INFO: Updating jobInformation list
2009-05-26 18:28 - JobOrganizer - INFO: Updating jobInformation list
2009-05-26 18:30 - JobOrganizer - INFO: Updating jobInformation list
2009-05-26 18:32 - JobOrganizer - INFO: Updating jobInformation list
2009-05-26 18:34 - JobOrganizer - INFO: Updating jobInformation list
2009-05-26 18:36 - JobOrganizer - INFO: Updating jobInformation list
2009-05-26 18:38 - JobOrganizer - INFO: Updating jobInformation list
2009-05-26 18:40 - JobOrganizer - INFO: Updating jobInformation list
2009-05-26 18:42 - JobOrganizer - INFO: Updating jobInformation list
2009-05-26 18:44 - JobOrganizer - INFO: Updating jobInformation list
2009-05-26 18:46 - JobOrganizer - INFO: Updating jobInformation list
2009-05-26 18:48 - JobOrganizer - INFO: Updating jobInformation list
2009-05-26 18:50 - JobOrganizer - INFO: Updating jobInformation list
2009-05-26 18:52 - JobOrganizer - INFO: Updating jobInformation list
2009-05-26 18:55 - JobOrganizer - INFO: Updating jobInformation list
2009-05-26 18:57 - JobOrganizer - INFO: Updating jobInformation list
2009-05-26 18:59 - JobOrganizer - INFO: Updating jobInformation list
2009-05-26 19:01 - JobOrganizer - INFO: Updating jobInformation list
2009-05-26 19:03 - JobOrganizer - INFO: Updating jobInformation list
2009-05-26 19:05 - JobOrganizer - INFO: Updating jobInformation list
2009-05-26 19:07 - JobOrganizer - INFO: Updating jobInformation list
2009-05-26 19:09 - JobOrganizer - INFO: Updating jobInformation list
2009-05-26 19:11 - JobOrganizer - INFO: Updating jobInformation list
2009-05-26 19:13 - JobOrganizer - INFO: Updating jobInformation list
2009-05-26 19:15 - JobOrganizer - INFO: Updating jobInformation list
2009-05-26 19:17 - JobOrganizer - INFO: Updating jobInformation list
2009-05-26 19:19 - JobOrganizer - INFO: Updating jobInformation list
2009-05-26 19:21 - JobOrganizer - INFO: Updating jobInformation list
2009-05-26 19:23 - JobOrganizer - INFO: Updating jobInformation list
2009-05-26 19:25 - JobOrganizer - INFO: Updating jobInformation list
2009-05-26 19:27 - JobOrganizer - INFO: Updating jobInformation list
2009-05-26 19:29 - JobOrganizer - INFO: Updating jobInformation list
2009-05-26 19:31 - JobOrganizer - INFO: Updating jobInformation list
2009-05-26 19:33 - JobOrganizer - INFO: Updating jobInformation list
2009-05-26 19:35 - JobOrganizer - INFO: Updating jobInformation list
2009-05-26 19:37 - JobOrganizer - INFO: Updating jobInformation list
2009-05-26 19:39 - JobOrganizer - INFO: Updating jobInformation list
2009-05-26 19:41 - JobOrganizer - INFO: Updating jobInformation list
2009-05-26 19:43 - JobOrganizer - INFO: Updating jobInformation list
2009-05-26 19:45 - JobOrganizer - INFO: Updating jobInformation list
2009-05-26 19:47 - JobOrganizer - INFO: Updating jobInformation list
2009-05-26 19:49 - JobOrganizer - INFO: Updating jobInformation list
2009-05-26 19:51 - JobOrganizer - INFO: Updating jobInformation list
2009-05-26 19:53 - JobOrganizer - INFO: Updating jobInformation list
2009-05-26 19:55 - JobOrganizer - INFO: Updating jobInformation list
2009-05-26 19:57 - JobOrganizer - INFO: Updating jobInformation list
2009-05-26 19:59 - JobOrganizer - INFO: Updating jobInformation list
2009-05-26 20:01 - JobOrganizer - INFO: Updating jobInformation list
2009-05-26 20:03 - JobOrganizer - INFO: Updating jobInformation list
2009-05-26 20:05 - JobOrganizer - INFO: Updating jobInformation list
2009-05-26 20:07 - JobOrganizer - INFO: Updating jobInformation list
2009-05-26 20:09 - JobOrganizer - INFO: Updating jobInformation list
2009-05-26 20:11 - JobOrganizer - INFO: Updating jobInformation list
2009-05-26 20:13 - JobOrganizer - INFO: Updating jobInformation list
2009-05-26 20:15 - JobOrganizer - INFO: Updating jobInformation list
2009-05-26 20:17 - JobOrganizer - INFO: Updating jobInformation list
2009-05-26 20:19 - JobOrganizer - INFO: Updating jobInformation list
2009-05-26 20:21 - JobOrganizer - INFO: Updating jobInformation list
2009-05-26 20:23 - JobOrganizer - INFO: Updating jobInformation list
2009-05-26 20:25 - JobOrganizer - INFO: Updating jobInformation list
2009-05-26 20:27 - JobOrganizer - INFO: Updating jobInformation list
2009-05-26 20:29 - JobOrganizer - INFO: Updating jobInformation list
2009-05-26 20:31 - JobOrganizer - INFO: Updating jobInformation list
2009-05-26 20:33 - JobOrganizer - INFO: Updating jobInformation list
2009-05-26 20:35 - JobOrganizer - INFO: Updating jobInformation list
2009-05-26 20:37 - JobOrganizer - INFO: Updating jobInformation list
2009-05-26 20:39 - JobOrganizer - INFO: Updating jobInformation list
2009-05-26 20:41 - JobOrganizer - INFO: Updating jobInformation list
2009-05-26 20:43 - JobOrganizer - INFO: Updating jobInformation list
2009-05-26 20:45 - JobOrganizer - INFO: Updating jobInformation list
2009-05-26 20:47 - JobOrganizer - INFO: Updating jobInformation list
2009-05-26 20:49 - JobOrganizer - INFO: Updating jobInformation list
2009-05-26 20:51 - JobOrganizer - INFO: Updating jobInformation list
2009-05-26 20:53 - JobOrganizer - INFO: Updating jobInformation list
2009-05-26 20:55 - JobOrganizer - INFO: Updating jobInformation list
2009-05-26 20:57 - JobOrganizer - INFO: Updating jobInformation list
2009-05-26 20:59 - JobOrganizer - INFO: Updating jobInformation list
2009-05-26 21:01 - JobOrganizer - INFO: Updating jobInformation list
2009-05-26 21:03 - JobOrganizer - INFO: Updating jobInformation list
2009-05-26 21:05 - JobOrganizer - INFO: Updating jobInformation list
2009-05-26 21:07 - JobOrganizer - INFO: Updating jobInformation list
2009-05-26 21:09 - JobOrganizer - INFO: Updating jobInformation list
2009-05-26 21:11 - JobOrganizer - INFO: Updating jobInformation list
2009-05-26 21:13 - JobOrganizer - INFO: Updating jobInformation list
2009-05-26 21:15 - JobOrganizer - INFO: Updating jobInformation list
2009-05-26 21:17 - JobOrganizer - INFO: Updating jobInformation list
2009-05-26 21:19 - JobOrganizer - INFO: Updating jobInformation list
2009-05-26 21:21 - JobOrganizer - INFO: Updating jobInformation list
2009-05-26 21:23 - JobOrganizer - INFO: Updating jobInformation list
2009-05-26 21:25 - JobOrganizer - INFO: Updating jobInformation list
2009-05-26 21:27 - JobOrganizer - INFO: Updating jobInformation list
2009-05-26 21:29 - JobOrganizer - INFO: Updating jobInformation list
2009-05-26 21:31 - JobOrganizer - INFO: Updating jobInformation list
2009-05-26 21:33 - JobOrganizer - INFO: Updating jobInformation list
2009-05-26 21:35 - JobOrganizer - INFO: Updating jobInformation list
2009-05-26 21:37 - JobOrganizer - INFO: Updating jobInformation list
2009-05-26 21:39 - JobOrganizer - INFO: Updating jobInformation list
2009-05-26 21:41 - JobOrganizer - INFO: Updating jobInformation list
2009-05-26 21:43 - JobOrganizer - INFO: Updating jobInformation list
2009-05-26 21:45 - JobOrganizer - INFO: Updating jobInformation list
2009-05-26 21:47 - JobOrganizer - INFO: Updating jobInformation list
2009-05-26 21:49 - JobOrganizer - INFO: Updating jobInformation list
2009-05-26 21:51 - JobOrganizer - INFO: Updating jobInformation list
2009-05-26 21:53 - JobOrganizer - INFO: Updating jobInformation list
2009-05-26 21:55 - JobOrganizer - INFO: Updating jobInformation list
2009-05-26 21:57 - JobOrganizer - INFO: Updating jobInformation list
2009-05-26 21:59 - JobOrganizer - INFO: Updating jobInformation list
2009-05-26 22:01 - JobOrganizer - INFO: Updating jobInformation list
2009-05-26 22:03 - JobOrganizer - INFO: Updating jobInformation list
2009-05-26 22:05 - JobOrganizer - INFO: Updating jobInformation list
2009-05-26 22:07 - JobOrganizer - INFO: Updating jobInformation list
2009-05-26 22:09 - JobOrganizer - INFO: Updating jobInformation list
2009-05-26 22:11 - JobOrganizer - INFO: Updating jobInformation list
2009-05-26 22:13 - JobOrganizer - INFO: Updating jobInformation list
2009-05-26 22:16 - JobOrganizer - INFO: Updating jobInformation list
2009-05-26 22:18 - JobOrganizer - INFO: Updating jobInformation list
2009-05-26 22:20 - JobOrganizer - INFO: Updating jobInformation list
2009-05-26 22:22 - JobOrganizer - INFO: Updating jobInformation list
2009-05-26 22:24 - JobOrganizer - INFO: Updating jobInformation list
2009-05-26 22:26 - JobOrganizer - INFO: Updating jobInformation list
2009-05-26 22:28 - JobOrganizer - INFO: Updating jobInformation list
2009-05-26 22:30 - JobOrganizer - INFO: Updating jobInformation list
2009-05-26 22:32 - JobOrganizer - INFO: Updating jobInformation list
2009-05-26 22:34 - JobOrganizer - INFO: Updating jobInformation list
2009-05-26 22:36 - JobOrganizer - INFO: Updating jobInformation list
2009-05-26 22:38 - JobOrganizer - INFO: Updating jobInformation list
2009-05-26 22:40 - JobOrganizer - INFO: Updating jobInformation list
2009-05-26 22:42 - JobOrganizer - INFO: Updating jobInformation list
2009-05-26 22:44 - JobOrganizer - INFO: Updating jobInformation list
2009-05-26 22:46 - JobOrganizer - INFO: Updating jobInformation list
2009-05-26 22:48 - JobOrganizer - INFO: Updating jobInformation list
2009-05-26 22:50 - JobOrganizer - INFO: Updating jobInformation list
2009-05-26 22:52 - JobOrganizer - INFO: Updating jobInformation list
2009-05-26 22:54 - JobOrganizer - INFO: Updating jobInformation list
2009-05-26 22:56 - JobOrganizer - INFO: Updating jobInformation list
2009-05-26 22:58 - JobOrganizer - INFO: Updating jobInformation list
2009-05-26 23:00 - JobOrganizer - INFO: Updating jobInformation list
2009-05-26 23:02 - JobOrganizer - INFO: Updating jobInformation list
2009-05-26 23:04 - JobOrganizer - INFO: Updating jobInformation list
2009-05-26 23:06 - JobOrganizer - INFO: Updating jobInformation list
2009-05-26 23:08 - JobOrganizer - INFO: Updating jobInformation list
2009-05-26 23:10 - JobOrganizer - INFO: Updating jobInformation list
2009-05-26 23:12 - JobOrganizer - INFO: Updating jobInformation list
2009-05-26 23:14 - JobOrganizer - INFO: Updating jobInformation list
2009-05-26 23:16 - JobOrganizer - INFO: Updating jobInformation list
2009-05-26 23:18 - JobOrganizer - INFO: Updating jobInformation list
2009-05-26 23:20 - JobOrganizer - INFO: Updating jobInformation list
2009-05-26 23:22 - JobOrganizer - INFO: Updating jobInformation list
2009-05-26 23:24 - JobOrganizer - INFO: Updating jobInformation list
2009-05-26 23:26 - JobOrganizer - INFO: Updating jobInformation list
2009-05-26 23:28 - JobOrganizer - INFO: Updating jobInformation list
2009-05-26 23:30 - JobOrganizer - INFO: Updating jobInformation list
2009-05-26 23:32 - JobOrganizer - INFO: Updating jobInformation list
2009-05-26 23:34 - JobOrganizer - INFO: Updating jobInformation list
2009-05-26 23:36 - JobOrganizer - INFO: Updating jobInformation list
2009-05-26 23:38 - JobOrganizer - INFO: Updating jobInformation list
2009-05-26 23:40 - JobOrganizer - INFO: Updating jobInformation list
2009-05-26 23:42 - JobOrganizer - INFO: Updating jobInformation list
2009-05-26 23:44 - JobOrganizer - INFO: Updating jobInformation list
2009-05-26 23:46 - JobOrganizer - INFO: Updating jobInformation list
2009-05-26 23:48 - JobOrganizer - INFO: Updating jobInformation list
2009-05-26 23:50 - JobOrganizer - INFO: Updating jobInformation list
2009-05-26 23:52 - JobOrganizer - INFO: Updating jobInformation list
2009-05-26 23:54 - JobOrganizer - INFO: Updating jobInformation list
2009-05-26 23:56 - JobOrganizer - INFO: Updating jobInformation list
2009-05-26 23:58 - JobOrganizer - INFO: Updating jobInformation list
2009-05-27 00:00 - JobOrganizer - INFO: Updating jobInformation list
