2009-04-30 00:01 - JobOrganizer - INFO: ========================================
2009-04-30 00:01 - JobOrganizer - INFO: JobOrganizer in init
2009-04-30 00:01 - JobOrganizer - INFO: init file JobOrganizerConfig.py was found
2009-04-30 00:01 - JobOrganizer - INFO: retrieveing Db parameters from JobOrganizerConfig.py file
2009-04-30 00:01 - JobOrganizer - INFO: creating job configurations from JobOrganizerConfig.py file
2009-04-30 00:01 - JobOrganizer - INFO: JobOrganizer initialized
2009-04-30 00:01 - JobOrganizer - INFO: ========================================
2009-04-30 00:03 - JobOrganizer - INFO: Updating jobInformation list
2009-04-30 00:05 - JobOrganizer - INFO: Updating jobInformation list
2009-04-30 00:07 - JobOrganizer - INFO: Updating jobInformation list
2009-04-30 00:09 - JobOrganizer - INFO: Updating jobInformation list
2009-04-30 00:11 - JobOrganizer - INFO: Updating jobInformation list
2009-04-30 00:13 - JobOrganizer - INFO: Updating jobInformation list
2009-04-30 00:15 - JobOrganizer - INFO: Updating jobInformation list
2009-04-30 00:17 - JobOrganizer - INFO: Updating jobInformation list
2009-04-30 00:19 - JobOrganizer - INFO: Updating jobInformation list
2009-04-30 00:21 - JobOrganizer - INFO: Updating jobInformation list
2009-04-30 00:23 - JobOrganizer - INFO: Updating jobInformation list
2009-04-30 00:25 - JobOrganizer - INFO: Updating jobInformation list
2009-04-30 00:27 - JobOrganizer - INFO: Updating jobInformation list
2009-04-30 00:29 - JobOrganizer - INFO: Updating jobInformation list
2009-04-30 00:31 - JobOrganizer - INFO: Updating jobInformation list
2009-04-30 00:33 - JobOrganizer - INFO: Updating jobInformation list
2009-04-30 00:35 - JobOrganizer - INFO: Updating jobInformation list
2009-04-30 00:37 - JobOrganizer - INFO: Updating jobInformation list
2009-04-30 00:39 - JobOrganizer - INFO: Updating jobInformation list
2009-04-30 00:41 - JobOrganizer - INFO: Updating jobInformation list
2009-04-30 00:43 - JobOrganizer - INFO: Updating jobInformation list
2009-04-30 00:45 - JobOrganizer - INFO: Updating jobInformation list
2009-04-30 00:47 - JobOrganizer - INFO: Updating jobInformation list
2009-04-30 00:49 - JobOrganizer - INFO: Updating jobInformation list
2009-04-30 00:51 - JobOrganizer - INFO: Updating jobInformation list
2009-04-30 00:53 - JobOrganizer - INFO: Updating jobInformation list
2009-04-30 00:55 - JobOrganizer - INFO: Updating jobInformation list
2009-04-30 00:57 - JobOrganizer - INFO: Updating jobInformation list
2009-04-30 00:59 - JobOrganizer - INFO: Updating jobInformation list
2009-04-30 01:01 - JobOrganizer - INFO: Updating jobInformation list
2009-04-30 01:03 - JobOrganizer - INFO: Updating jobInformation list
2009-04-30 01:05 - JobOrganizer - INFO: Updating jobInformation list
2009-04-30 01:07 - JobOrganizer - INFO: Updating jobInformation list
2009-04-30 01:09 - JobOrganizer - INFO: Updating jobInformation list
2009-04-30 01:11 - JobOrganizer - INFO: Updating jobInformation list
2009-04-30 01:13 - JobOrganizer - INFO: Updating jobInformation list
2009-04-30 01:15 - JobOrganizer - INFO: Updating jobInformation list
2009-04-30 01:17 - JobOrganizer - INFO: Updating jobInformation list
2009-04-30 01:19 - JobOrganizer - INFO: Updating jobInformation list
2009-04-30 01:21 - JobOrganizer - INFO: Updating jobInformation list
2009-04-30 01:23 - JobOrganizer - INFO: Updating jobInformation list
2009-04-30 01:25 - JobOrganizer - INFO: Updating jobInformation list
2009-04-30 01:27 - JobOrganizer - INFO: Updating jobInformation list
2009-04-30 01:29 - JobOrganizer - INFO: Updating jobInformation list
2009-04-30 01:31 - JobOrganizer - INFO: Updating jobInformation list
2009-04-30 01:33 - JobOrganizer - INFO: Updating jobInformation list
2009-04-30 01:35 - JobOrganizer - INFO: Updating jobInformation list
2009-04-30 01:37 - JobOrganizer - INFO: Updating jobInformation list
2009-04-30 01:39 - JobOrganizer - INFO: Updating jobInformation list
2009-04-30 01:41 - JobOrganizer - INFO: Updating jobInformation list
2009-04-30 01:43 - JobOrganizer - INFO: Updating jobInformation list
2009-04-30 01:45 - JobOrganizer - INFO: Updating jobInformation list
2009-04-30 01:47 - JobOrganizer - INFO: Updating jobInformation list
2009-04-30 01:49 - JobOrganizer - INFO: Updating jobInformation list
2009-04-30 01:51 - JobOrganizer - INFO: Updating jobInformation list
2009-04-30 01:53 - JobOrganizer - INFO: Updating jobInformation list
2009-04-30 01:55 - JobOrganizer - INFO: Updating jobInformation list
2009-04-30 01:57 - JobOrganizer - INFO: Updating jobInformation list
2009-04-30 01:59 - JobOrganizer - INFO: Updating jobInformation list
2009-04-30 02:01 - JobOrganizer - INFO: Updating jobInformation list
2009-04-30 02:03 - JobOrganizer - INFO: Updating jobInformation list
2009-04-30 02:05 - JobOrganizer - INFO: Updating jobInformation list
2009-04-30 02:07 - JobOrganizer - INFO: Updating jobInformation list
2009-04-30 02:09 - JobOrganizer - INFO: Updating jobInformation list
2009-04-30 02:11 - JobOrganizer - INFO: Updating jobInformation list
2009-04-30 02:13 - JobOrganizer - INFO: Updating jobInformation list
2009-04-30 02:15 - JobOrganizer - INFO: Updating jobInformation list
2009-04-30 02:17 - JobOrganizer - INFO: Updating jobInformation list
2009-04-30 02:19 - JobOrganizer - INFO: Updating jobInformation list
2009-04-30 02:21 - JobOrganizer - INFO: Updating jobInformation list
2009-04-30 02:23 - JobOrganizer - INFO: Updating jobInformation list
2009-04-30 02:25 - JobOrganizer - INFO: Updating jobInformation list
2009-04-30 02:27 - JobOrganizer - INFO: Updating jobInformation list
2009-04-30 02:29 - JobOrganizer - INFO: Updating jobInformation list
2009-04-30 02:31 - JobOrganizer - INFO: Updating jobInformation list
2009-04-30 02:33 - JobOrganizer - INFO: Updating jobInformation list
2009-04-30 02:35 - JobOrganizer - INFO: Updating jobInformation list
2009-04-30 02:37 - JobOrganizer - INFO: Updating jobInformation list
2009-04-30 02:39 - JobOrganizer - INFO: Updating jobInformation list
2009-04-30 02:42 - JobOrganizer - INFO: Updating jobInformation list
2009-04-30 02:44 - JobOrganizer - INFO: Updating jobInformation list
2009-04-30 02:46 - JobOrganizer - INFO: Updating jobInformation list
2009-04-30 02:48 - JobOrganizer - INFO: Updating jobInformation list
2009-04-30 02:50 - JobOrganizer - INFO: Updating jobInformation list
2009-04-30 02:52 - JobOrganizer - INFO: Updating jobInformation list
2009-04-30 02:54 - JobOrganizer - INFO: Updating jobInformation list
2009-04-30 02:56 - JobOrganizer - INFO: Updating jobInformation list
2009-04-30 02:58 - JobOrganizer - INFO: Updating jobInformation list
2009-04-30 03:00 - JobOrganizer - INFO: Updating jobInformation list
2009-04-30 03:02 - JobOrganizer - INFO: Updating jobInformation list
2009-04-30 03:04 - JobOrganizer - INFO: Updating jobInformation list
2009-04-30 03:06 - JobOrganizer - INFO: Updating jobInformation list
2009-04-30 03:08 - JobOrganizer - INFO: Updating jobInformation list
2009-04-30 03:10 - JobOrganizer - INFO: Updating jobInformation list
2009-04-30 03:12 - JobOrganizer - INFO: Updating jobInformation list
2009-04-30 03:14 - JobOrganizer - INFO: Updating jobInformation list
2009-04-30 03:16 - JobOrganizer - INFO: Updating jobInformation list
2009-04-30 03:18 - JobOrganizer - INFO: Updating jobInformation list
2009-04-30 03:20 - JobOrganizer - INFO: Updating jobInformation list
2009-04-30 03:22 - JobOrganizer - INFO: Updating jobInformation list
2009-04-30 03:24 - JobOrganizer - INFO: Updating jobInformation list
2009-04-30 03:26 - JobOrganizer - INFO: Updating jobInformation list
2009-04-30 03:28 - JobOrganizer - INFO: Updating jobInformation list
2009-04-30 03:30 - JobOrganizer - INFO: Updating jobInformation list
2009-04-30 03:32 - JobOrganizer - INFO: Updating jobInformation list
2009-04-30 03:34 - JobOrganizer - INFO: Updating jobInformation list
2009-04-30 03:36 - JobOrganizer - INFO: Updating jobInformation list
2009-04-30 03:38 - JobOrganizer - INFO: Updating jobInformation list
2009-04-30 03:40 - JobOrganizer - INFO: Updating jobInformation list
2009-04-30 03:42 - JobOrganizer - INFO: Updating jobInformation list
2009-04-30 03:44 - JobOrganizer - INFO: Updating jobInformation list
2009-04-30 03:46 - JobOrganizer - INFO: Updating jobInformation list
2009-04-30 03:48 - JobOrganizer - INFO: Updating jobInformation list
2009-04-30 03:50 - JobOrganizer - INFO: Updating jobInformation list
2009-04-30 03:52 - JobOrganizer - INFO: Updating jobInformation list
2009-04-30 03:54 - JobOrganizer - INFO: Updating jobInformation list
2009-04-30 03:56 - JobOrganizer - INFO: Updating jobInformation list
2009-04-30 03:58 - JobOrganizer - INFO: Updating jobInformation list
2009-04-30 04:00 - JobOrganizer - INFO: Updating jobInformation list
2009-04-30 04:02 - JobOrganizer - INFO: Updating jobInformation list
2009-04-30 04:04 - JobOrganizer - INFO: Updating jobInformation list
2009-04-30 04:06 - JobOrganizer - INFO: Updating jobInformation list
2009-04-30 04:08 - JobOrganizer - INFO: Updating jobInformation list
2009-04-30 04:10 - JobOrganizer - INFO: Updating jobInformation list
2009-04-30 04:12 - JobOrganizer - INFO: Updating jobInformation list
2009-04-30 04:14 - JobOrganizer - INFO: Updating jobInformation list
2009-04-30 04:16 - JobOrganizer - INFO: Updating jobInformation list
2009-04-30 04:18 - JobOrganizer - INFO: Updating jobInformation list
2009-04-30 04:20 - JobOrganizer - INFO: Updating jobInformation list
2009-04-30 04:22 - JobOrganizer - INFO: Updating jobInformation list
2009-04-30 04:24 - JobOrganizer - INFO: Updating jobInformation list
2009-04-30 04:26 - JobOrganizer - INFO: Updating jobInformation list
2009-04-30 04:28 - JobOrganizer - INFO: Updating jobInformation list
2009-04-30 04:30 - JobOrganizer - INFO: Updating jobInformation list
2009-04-30 04:32 - JobOrganizer - INFO: Updating jobInformation list
2009-04-30 04:34 - JobOrganizer - INFO: Updating jobInformation list
2009-04-30 04:36 - JobOrganizer - INFO: Updating jobInformation list
2009-04-30 04:38 - JobOrganizer - INFO: Updating jobInformation list
2009-04-30 04:40 - JobOrganizer - INFO: Updating jobInformation list
2009-04-30 04:42 - JobOrganizer - INFO: Updating jobInformation list
2009-04-30 04:44 - JobOrganizer - INFO: Updating jobInformation list
2009-04-30 04:46 - JobOrganizer - INFO: Updating jobInformation list
2009-04-30 04:48 - JobOrganizer - INFO: Updating jobInformation list
2009-04-30 04:50 - JobOrganizer - INFO: Updating jobInformation list
2009-04-30 04:52 - JobOrganizer - INFO: Updating jobInformation list
2009-04-30 04:54 - JobOrganizer - INFO: Updating jobInformation list
2009-04-30 04:56 - JobOrganizer - INFO: Updating jobInformation list
2009-04-30 04:58 - JobOrganizer - INFO: Updating jobInformation list
2009-04-30 05:00 - JobOrganizer - INFO: Updating jobInformation list
2009-04-30 05:02 - JobOrganizer - INFO: Updating jobInformation list
2009-04-30 05:04 - JobOrganizer - INFO: Updating jobInformation list
2009-04-30 05:06 - JobOrganizer - INFO: Updating jobInformation list
2009-04-30 05:08 - JobOrganizer - INFO: Updating jobInformation list
2009-04-30 05:10 - JobOrganizer - INFO: Updating jobInformation list
2009-04-30 05:12 - JobOrganizer - INFO: Updating jobInformation list
2009-04-30 05:14 - JobOrganizer - INFO: Updating jobInformation list
2009-04-30 05:16 - JobOrganizer - INFO: Updating jobInformation list
2009-04-30 05:18 - JobOrganizer - INFO: Updating jobInformation list
2009-04-30 05:20 - JobOrganizer - INFO: Updating jobInformation list
2009-04-30 05:22 - JobOrganizer - INFO: Updating jobInformation list
2009-04-30 05:24 - JobOrganizer - INFO: Updating jobInformation list
2009-04-30 05:26 - JobOrganizer - INFO: Updating jobInformation list
2009-04-30 05:28 - JobOrganizer - INFO: Updating jobInformation list
2009-04-30 05:30 - JobOrganizer - INFO: Updating jobInformation list
2009-04-30 05:32 - JobOrganizer - INFO: Updating jobInformation list
2009-04-30 05:34 - JobOrganizer - INFO: Updating jobInformation list
2009-04-30 05:36 - JobOrganizer - INFO: Updating jobInformation list
2009-04-30 05:38 - JobOrganizer - INFO: Updating jobInformation list
2009-04-30 05:40 - JobOrganizer - INFO: Updating jobInformation list
2009-04-30 05:42 - JobOrganizer - INFO: Updating jobInformation list
2009-04-30 05:44 - JobOrganizer - INFO: Updating jobInformation list
2009-04-30 05:46 - JobOrganizer - INFO: Updating jobInformation list
2009-04-30 05:48 - JobOrganizer - INFO: Updating jobInformation list
2009-04-30 05:50 - JobOrganizer - INFO: Updating jobInformation list
2009-04-30 05:52 - JobOrganizer - INFO: Updating jobInformation list
2009-04-30 05:54 - JobOrganizer - INFO: Updating jobInformation list
2009-04-30 05:56 - JobOrganizer - INFO: Updating jobInformation list
2009-04-30 05:58 - JobOrganizer - INFO: Updating jobInformation list
2009-04-30 06:00 - JobOrganizer - INFO: Updating jobInformation list
2009-04-30 06:02 - JobOrganizer - INFO: Updating jobInformation list
2009-04-30 06:04 - JobOrganizer - INFO: Updating jobInformation list
2009-04-30 06:06 - JobOrganizer - INFO: Updating jobInformation list
2009-04-30 06:08 - JobOrganizer - INFO: Updating jobInformation list
2009-04-30 06:10 - JobOrganizer - INFO: Updating jobInformation list
2009-04-30 06:12 - JobOrganizer - INFO: Updating jobInformation list
2009-04-30 06:14 - JobOrganizer - INFO: Updating jobInformation list
2009-04-30 06:16 - JobOrganizer - INFO: Updating jobInformation list
2009-04-30 06:18 - JobOrganizer - INFO: Updating jobInformation list
2009-04-30 06:20 - JobOrganizer - INFO: Updating jobInformation list
2009-04-30 06:22 - JobOrganizer - INFO: Updating jobInformation list
2009-04-30 06:24 - JobOrganizer - INFO: Updating jobInformation list
2009-04-30 06:26 - JobOrganizer - INFO: Updating jobInformation list
2009-04-30 06:28 - JobOrganizer - INFO: Updating jobInformation list
2009-04-30 06:30 - JobOrganizer - INFO: Updating jobInformation list
2009-04-30 06:32 - JobOrganizer - INFO: Updating jobInformation list
2009-04-30 06:34 - JobOrganizer - INFO: Updating jobInformation list
2009-04-30 06:36 - JobOrganizer - INFO: Updating jobInformation list
2009-04-30 06:38 - JobOrganizer - INFO: Updating jobInformation list
2009-04-30 06:40 - JobOrganizer - INFO: Updating jobInformation list
2009-04-30 06:42 - JobOrganizer - INFO: Updating jobInformation list
2009-04-30 06:44 - JobOrganizer - INFO: Updating jobInformation list
2009-04-30 06:46 - JobOrganizer - INFO: Updating jobInformation list
2009-04-30 06:48 - JobOrganizer - INFO: Updating jobInformation list
2009-04-30 06:50 - JobOrganizer - INFO: Updating jobInformation list
2009-04-30 06:52 - JobOrganizer - INFO: Updating jobInformation list
2009-04-30 06:54 - JobOrganizer - INFO: Updating jobInformation list
2009-04-30 06:56 - JobOrganizer - INFO: Updating jobInformation list
2009-04-30 06:58 - JobOrganizer - INFO: Updating jobInformation list
2009-04-30 07:00 - JobOrganizer - INFO: Updating jobInformation list
2009-04-30 07:02 - JobOrganizer - INFO: Updating jobInformation list
2009-04-30 07:04 - JobOrganizer - INFO: Updating jobInformation list
2009-04-30 07:07 - JobOrganizer - INFO: Updating jobInformation list
2009-04-30 07:09 - JobOrganizer - INFO: Updating jobInformation list
2009-04-30 07:11 - JobOrganizer - INFO: Updating jobInformation list
2009-04-30 07:13 - JobOrganizer - INFO: Updating jobInformation list
2009-04-30 07:15 - JobOrganizer - INFO: Updating jobInformation list
2009-04-30 07:17 - JobOrganizer - INFO: Updating jobInformation list
2009-04-30 07:19 - JobOrganizer - INFO: Updating jobInformation list
2009-04-30 07:21 - JobOrganizer - INFO: Updating jobInformation list
2009-04-30 07:23 - JobOrganizer - INFO: Updating jobInformation list
2009-04-30 07:25 - JobOrganizer - INFO: Updating jobInformation list
2009-04-30 07:27 - JobOrganizer - INFO: Updating jobInformation list
2009-04-30 07:29 - JobOrganizer - INFO: Updating jobInformation list
2009-04-30 07:31 - JobOrganizer - INFO: Updating jobInformation list
2009-04-30 07:33 - JobOrganizer - INFO: Updating jobInformation list
2009-04-30 07:35 - JobOrganizer - INFO: Updating jobInformation list
2009-04-30 07:37 - JobOrganizer - INFO: Updating jobInformation list
2009-04-30 07:39 - JobOrganizer - INFO: Updating jobInformation list
2009-04-30 07:41 - JobOrganizer - INFO: Updating jobInformation list
2009-04-30 07:43 - JobOrganizer - INFO: Updating jobInformation list
2009-04-30 07:45 - JobOrganizer - INFO: Updating jobInformation list
2009-04-30 07:47 - JobOrganizer - INFO: Updating jobInformation list
2009-04-30 07:49 - JobOrganizer - INFO: Updating jobInformation list
2009-04-30 07:51 - JobOrganizer - INFO: Updating jobInformation list
2009-04-30 07:53 - JobOrganizer - INFO: Updating jobInformation list
2009-04-30 07:55 - JobOrganizer - INFO: Updating jobInformation list
2009-04-30 07:57 - JobOrganizer - INFO: Updating jobInformation list
2009-04-30 07:59 - JobOrganizer - INFO: Updating jobInformation list
2009-04-30 08:01 - JobOrganizer - INFO: Updating jobInformation list
2009-04-30 08:03 - JobOrganizer - INFO: Updating jobInformation list
2009-04-30 08:05 - JobOrganizer - INFO: Updating jobInformation list
2009-04-30 08:07 - JobOrganizer - INFO: Updating jobInformation list
2009-04-30 08:09 - JobOrganizer - INFO: Updating jobInformation list
2009-04-30 08:11 - JobOrganizer - INFO: Updating jobInformation list
2009-04-30 08:13 - JobOrganizer - INFO: Updating jobInformation list
2009-04-30 08:15 - JobOrganizer - INFO: Updating jobInformation list
2009-04-30 08:17 - JobOrganizer - INFO: Updating jobInformation list
2009-04-30 08:19 - JobOrganizer - INFO: Updating jobInformation list
2009-04-30 08:21 - JobOrganizer - INFO: Updating jobInformation list
2009-04-30 08:23 - JobOrganizer - INFO: Updating jobInformation list
2009-04-30 08:25 - JobOrganizer - INFO: Updating jobInformation list
2009-04-30 08:27 - JobOrganizer - INFO: Updating jobInformation list
2009-04-30 08:29 - JobOrganizer - INFO: Updating jobInformation list
2009-04-30 08:31 - JobOrganizer - INFO: Updating jobInformation list
2009-04-30 08:33 - JobOrganizer - INFO: Updating jobInformation list
2009-04-30 08:35 - JobOrganizer - INFO: Updating jobInformation list
2009-04-30 08:37 - JobOrganizer - INFO: Updating jobInformation list
2009-04-30 08:39 - JobOrganizer - INFO: Updating jobInformation list
2009-04-30 08:41 - JobOrganizer - INFO: Updating jobInformation list
2009-04-30 08:43 - JobOrganizer - INFO: Updating jobInformation list
2009-04-30 08:45 - JobOrganizer - INFO: Updating jobInformation list
2009-04-30 08:47 - JobOrganizer - INFO: Updating jobInformation list
2009-04-30 08:49 - JobOrganizer - INFO: Updating jobInformation list
2009-04-30 08:51 - JobOrganizer - INFO: Updating jobInformation list
2009-04-30 08:53 - JobOrganizer - INFO: Updating jobInformation list
2009-04-30 08:55 - JobOrganizer - INFO: Updating jobInformation list
2009-04-30 08:57 - JobOrganizer - INFO: Updating jobInformation list
2009-04-30 08:59 - JobOrganizer - INFO: Updating jobInformation list
2009-04-30 09:01 - JobOrganizer - INFO: Updating jobInformation list
2009-04-30 09:03 - JobOrganizer - INFO: Updating jobInformation list
2009-04-30 09:05 - JobOrganizer - INFO: Updating jobInformation list
2009-04-30 09:07 - JobOrganizer - INFO: Updating jobInformation list
2009-04-30 09:09 - JobOrganizer - INFO: Updating jobInformation list
2009-04-30 09:11 - JobOrganizer - INFO: Updating jobInformation list
2009-04-30 09:13 - JobOrganizer - INFO: Updating jobInformation list
2009-04-30 09:15 - JobOrganizer - INFO: Updating jobInformation list
2009-04-30 09:17 - JobOrganizer - INFO: Updating jobInformation list
2009-04-30 09:19 - JobOrganizer - INFO: Updating jobInformation list
2009-04-30 09:21 - JobOrganizer - INFO: Updating jobInformation list
2009-04-30 09:23 - JobOrganizer - INFO: Updating jobInformation list
