2009-04-01 00:00 - JobOrganizer - INFO: ========================================
2009-04-01 00:00 - JobOrganizer - INFO: JobOrganizer in init
2009-04-01 00:00 - JobOrganizer - INFO: init file JobOrganizerConfig.py was found
2009-04-01 00:00 - JobOrganizer - INFO: retrieveing Db parameters from JobOrganizerConfig.py file
2009-04-01 00:00 - JobOrganizer - INFO: creating job configurations from JobOrganizerConfig.py file
2009-04-01 00:00 - JobOrganizer - INFO: JobOrganizer initialized
2009-04-01 00:00 - JobOrganizer - INFO: ========================================
2009-04-01 00:02 - JobOrganizer - INFO: Updating jobInformation list
2009-04-01 00:04 - JobOrganizer - INFO: Updating jobInformation list
2009-04-01 00:06 - JobOrganizer - INFO: Updating jobInformation list
2009-04-01 00:08 - JobOrganizer - INFO: Updating jobInformation list
2009-04-01 00:10 - JobOrganizer - INFO: Updating jobInformation list
2009-04-01 00:12 - JobOrganizer - INFO: Updating jobInformation list
2009-04-01 00:14 - JobOrganizer - INFO: Updating jobInformation list
2009-04-01 00:16 - JobOrganizer - INFO: Updating jobInformation list
2009-04-01 00:18 - JobOrganizer - INFO: Updating jobInformation list
2009-04-01 00:20 - JobOrganizer - INFO: Updating jobInformation list
2009-04-01 00:22 - JobOrganizer - INFO: Updating jobInformation list
2009-04-01 00:24 - JobOrganizer - INFO: Updating jobInformation list
2009-04-01 00:26 - JobOrganizer - INFO: Updating jobInformation list
2009-04-01 00:28 - JobOrganizer - INFO: Updating jobInformation list
2009-04-01 00:30 - JobOrganizer - INFO: Updating jobInformation list
2009-04-01 00:32 - JobOrganizer - INFO: Updating jobInformation list
2009-04-01 00:34 - JobOrganizer - INFO: Updating jobInformation list
2009-04-01 00:36 - JobOrganizer - INFO: Updating jobInformation list
2009-04-01 00:38 - JobOrganizer - INFO: Updating jobInformation list
2009-04-01 00:40 - JobOrganizer - INFO: Updating jobInformation list
2009-04-01 00:42 - JobOrganizer - INFO: Updating jobInformation list
2009-04-01 00:44 - JobOrganizer - INFO: Updating jobInformation list
2009-04-01 00:46 - JobOrganizer - INFO: Updating jobInformation list
2009-04-01 00:48 - JobOrganizer - INFO: Updating jobInformation list
2009-04-01 00:50 - JobOrganizer - INFO: Updating jobInformation list
2009-04-01 00:52 - JobOrganizer - INFO: Updating jobInformation list
2009-04-01 00:54 - JobOrganizer - INFO: Updating jobInformation list
2009-04-01 00:56 - JobOrganizer - INFO: Updating jobInformation list
2009-04-01 00:58 - JobOrganizer - INFO: Updating jobInformation list
2009-04-01 01:00 - JobOrganizer - INFO: Updating jobInformation list
2009-04-01 01:02 - JobOrganizer - INFO: Updating jobInformation list
2009-04-01 01:04 - JobOrganizer - INFO: Updating jobInformation list
2009-04-01 01:06 - JobOrganizer - INFO: Updating jobInformation list
2009-04-01 01:08 - JobOrganizer - INFO: Updating jobInformation list
2009-04-01 01:10 - JobOrganizer - INFO: Updating jobInformation list
2009-04-01 01:12 - JobOrganizer - INFO: Updating jobInformation list
2009-04-01 01:14 - JobOrganizer - INFO: Updating jobInformation list
2009-04-01 01:17 - JobOrganizer - INFO: Updating jobInformation list
2009-04-01 01:19 - JobOrganizer - INFO: Updating jobInformation list
2009-04-01 01:21 - JobOrganizer - INFO: Updating jobInformation list
2009-04-01 01:23 - JobOrganizer - INFO: Updating jobInformation list
2009-04-01 01:25 - JobOrganizer - INFO: Updating jobInformation list
2009-04-01 01:27 - JobOrganizer - INFO: Updating jobInformation list
2009-04-01 01:29 - JobOrganizer - INFO: Updating jobInformation list
2009-04-01 01:31 - JobOrganizer - INFO: Updating jobInformation list
2009-04-01 01:33 - JobOrganizer - INFO: Updating jobInformation list
2009-04-01 01:35 - JobOrganizer - INFO: Updating jobInformation list
2009-04-01 01:37 - JobOrganizer - INFO: Updating jobInformation list
2009-04-01 01:39 - JobOrganizer - INFO: Updating jobInformation list
2009-04-01 01:41 - JobOrganizer - INFO: Updating jobInformation list
2009-04-01 01:43 - JobOrganizer - INFO: Updating jobInformation list
2009-04-01 01:45 - JobOrganizer - INFO: Updating jobInformation list
2009-04-01 01:47 - JobOrganizer - INFO: Updating jobInformation list
2009-04-01 01:49 - JobOrganizer - INFO: Updating jobInformation list
2009-04-01 01:51 - JobOrganizer - INFO: Updating jobInformation list
2009-04-01 01:53 - JobOrganizer - INFO: Updating jobInformation list
2009-04-01 01:55 - JobOrganizer - INFO: Updating jobInformation list
2009-04-01 01:57 - JobOrganizer - INFO: Updating jobInformation list
2009-04-01 01:59 - JobOrganizer - INFO: Updating jobInformation list
2009-04-01 02:01 - JobOrganizer - INFO: Updating jobInformation list
2009-04-01 02:03 - JobOrganizer - INFO: Updating jobInformation list
2009-04-01 02:05 - JobOrganizer - INFO: Updating jobInformation list
2009-04-01 02:07 - JobOrganizer - INFO: Updating jobInformation list
2009-04-01 02:09 - JobOrganizer - INFO: Updating jobInformation list
2009-04-01 02:11 - JobOrganizer - INFO: Updating jobInformation list
2009-04-01 02:13 - JobOrganizer - INFO: Updating jobInformation list
2009-04-01 02:15 - JobOrganizer - INFO: Updating jobInformation list
2009-04-01 02:17 - JobOrganizer - INFO: Updating jobInformation list
2009-04-01 02:19 - JobOrganizer - INFO: Updating jobInformation list
2009-04-01 02:21 - JobOrganizer - INFO: Updating jobInformation list
2009-04-01 02:23 - JobOrganizer - INFO: Updating jobInformation list
2009-04-01 02:25 - JobOrganizer - INFO: Updating jobInformation list
2009-04-01 02:27 - JobOrganizer - INFO: Updating jobInformation list
2009-04-01 02:29 - JobOrganizer - INFO: Updating jobInformation list
2009-04-01 02:31 - JobOrganizer - INFO: Updating jobInformation list
2009-04-01 02:33 - JobOrganizer - INFO: Updating jobInformation list
2009-04-01 02:35 - JobOrganizer - INFO: Updating jobInformation list
2009-04-01 02:37 - JobOrganizer - INFO: Updating jobInformation list
2009-04-01 02:39 - JobOrganizer - INFO: Updating jobInformation list
2009-04-01 02:41 - JobOrganizer - INFO: Updating jobInformation list
2009-04-01 02:43 - JobOrganizer - INFO: Updating jobInformation list
2009-04-01 02:45 - JobOrganizer - INFO: Updating jobInformation list
2009-04-01 02:47 - JobOrganizer - INFO: Updating jobInformation list
2009-04-01 02:49 - JobOrganizer - INFO: Updating jobInformation list
2009-04-01 02:51 - JobOrganizer - INFO: Updating jobInformation list
2009-04-01 02:53 - JobOrganizer - INFO: Updating jobInformation list
2009-04-01 02:55 - JobOrganizer - INFO: Updating jobInformation list
2009-04-01 02:57 - JobOrganizer - INFO: Updating jobInformation list
2009-04-01 02:59 - JobOrganizer - INFO: Updating jobInformation list
2009-04-01 03:01 - JobOrganizer - INFO: Updating jobInformation list
2009-04-01 03:03 - JobOrganizer - INFO: Updating jobInformation list
2009-04-01 03:05 - JobOrganizer - INFO: Updating jobInformation list
2009-04-01 03:07 - JobOrganizer - INFO: Updating jobInformation list
2009-04-01 03:09 - JobOrganizer - INFO: Updating jobInformation list
2009-04-01 03:11 - JobOrganizer - INFO: Updating jobInformation list
2009-04-01 03:13 - JobOrganizer - INFO: Updating jobInformation list
2009-04-01 03:15 - JobOrganizer - INFO: Updating jobInformation list
2009-04-01 03:17 - JobOrganizer - INFO: Updating jobInformation list
2009-04-01 03:19 - JobOrganizer - INFO: Updating jobInformation list
2009-04-01 03:21 - JobOrganizer - INFO: Updating jobInformation list
2009-04-01 03:23 - JobOrganizer - INFO: Updating jobInformation list
2009-04-01 03:25 - JobOrganizer - INFO: Updating jobInformation list
2009-04-01 03:27 - JobOrganizer - INFO: Updating jobInformation list
2009-04-01 03:29 - JobOrganizer - INFO: Updating jobInformation list
2009-04-01 03:31 - JobOrganizer - INFO: Updating jobInformation list
2009-04-01 03:33 - JobOrganizer - INFO: Updating jobInformation list
2009-04-01 03:35 - JobOrganizer - INFO: Updating jobInformation list
2009-04-01 03:37 - JobOrganizer - INFO: Updating jobInformation list
2009-04-01 03:39 - JobOrganizer - INFO: Updating jobInformation list
2009-04-01 03:41 - JobOrganizer - INFO: Updating jobInformation list
2009-04-01 03:43 - JobOrganizer - INFO: Updating jobInformation list
2009-04-01 03:45 - JobOrganizer - INFO: Updating jobInformation list
2009-04-01 03:47 - JobOrganizer - INFO: Updating jobInformation list
2009-04-01 03:49 - JobOrganizer - INFO: Updating jobInformation list
2009-04-01 03:51 - JobOrganizer - INFO: Updating jobInformation list
2009-04-01 03:53 - JobOrganizer - INFO: Updating jobInformation list
2009-04-01 03:55 - JobOrganizer - INFO: Updating jobInformation list
2009-04-01 03:57 - JobOrganizer - INFO: Updating jobInformation list
2009-04-01 03:59 - JobOrganizer - INFO: Updating jobInformation list
2009-04-01 04:01 - JobOrganizer - INFO: Updating jobInformation list
2009-04-01 04:03 - JobOrganizer - INFO: Updating jobInformation list
2009-04-01 04:05 - JobOrganizer - INFO: Updating jobInformation list
2009-04-01 04:08 - JobOrganizer - INFO: Updating jobInformation list
2009-04-01 04:10 - JobOrganizer - INFO: Updating jobInformation list
2009-04-01 04:12 - JobOrganizer - INFO: Updating jobInformation list
2009-04-01 04:14 - JobOrganizer - INFO: Updating jobInformation list
2009-04-01 04:16 - JobOrganizer - INFO: Updating jobInformation list
2009-04-01 04:18 - JobOrganizer - INFO: Updating jobInformation list
2009-04-01 04:20 - JobOrganizer - INFO: Updating jobInformation list
2009-04-01 04:22 - JobOrganizer - INFO: Updating jobInformation list
2009-04-01 04:24 - JobOrganizer - INFO: Updating jobInformation list
2009-04-01 04:26 - JobOrganizer - INFO: Updating jobInformation list
2009-04-01 04:28 - JobOrganizer - INFO: Updating jobInformation list
2009-04-01 04:30 - JobOrganizer - INFO: Updating jobInformation list
2009-04-01 04:32 - JobOrganizer - INFO: Updating jobInformation list
2009-04-01 04:34 - JobOrganizer - INFO: Updating jobInformation list
2009-04-01 04:36 - JobOrganizer - INFO: Updating jobInformation list
2009-04-01 04:38 - JobOrganizer - INFO: Updating jobInformation list
2009-04-01 04:40 - JobOrganizer - INFO: Updating jobInformation list
2009-04-01 04:42 - JobOrganizer - INFO: Updating jobInformation list
2009-04-01 04:44 - JobOrganizer - INFO: Updating jobInformation list
2009-04-01 04:46 - JobOrganizer - INFO: Updating jobInformation list
2009-04-01 04:48 - JobOrganizer - INFO: Updating jobInformation list
2009-04-01 04:50 - JobOrganizer - INFO: Updating jobInformation list
2009-04-01 04:52 - JobOrganizer - INFO: Updating jobInformation list
2009-04-01 04:54 - JobOrganizer - INFO: Updating jobInformation list
2009-04-01 04:56 - JobOrganizer - INFO: Updating jobInformation list
2009-04-01 04:58 - JobOrganizer - INFO: Updating jobInformation list
2009-04-01 05:00 - JobOrganizer - INFO: Updating jobInformation list
2009-04-01 05:02 - JobOrganizer - INFO: Updating jobInformation list
2009-04-01 05:04 - JobOrganizer - INFO: Updating jobInformation list
2009-04-01 05:06 - JobOrganizer - INFO: Updating jobInformation list
2009-04-01 05:08 - JobOrganizer - INFO: Updating jobInformation list
2009-04-01 05:10 - JobOrganizer - INFO: Updating jobInformation list
2009-04-01 05:12 - JobOrganizer - INFO: Updating jobInformation list
2009-04-01 05:14 - JobOrganizer - INFO: Updating jobInformation list
2009-04-01 05:16 - JobOrganizer - INFO: Updating jobInformation list
2009-04-01 05:18 - JobOrganizer - INFO: Updating jobInformation list
2009-04-01 05:20 - JobOrganizer - INFO: Updating jobInformation list
2009-04-01 05:22 - JobOrganizer - INFO: Updating jobInformation list
2009-04-01 05:24 - JobOrganizer - INFO: Updating jobInformation list
2009-04-01 05:26 - JobOrganizer - INFO: Updating jobInformation list
2009-04-01 05:28 - JobOrganizer - INFO: Updating jobInformation list
2009-04-01 05:30 - JobOrganizer - INFO: Updating jobInformation list
2009-04-01 05:32 - JobOrganizer - INFO: Updating jobInformation list
2009-04-01 05:34 - JobOrganizer - INFO: Updating jobInformation list
2009-04-01 05:36 - JobOrganizer - INFO: Updating jobInformation list
2009-04-01 05:38 - JobOrganizer - INFO: Updating jobInformation list
2009-04-01 05:40 - JobOrganizer - INFO: Updating jobInformation list
2009-04-01 05:42 - JobOrganizer - INFO: Updating jobInformation list
2009-04-01 05:44 - JobOrganizer - INFO: Updating jobInformation list
2009-04-01 05:46 - JobOrganizer - INFO: Updating jobInformation list
2009-04-01 05:48 - JobOrganizer - INFO: Updating jobInformation list
2009-04-01 05:50 - JobOrganizer - INFO: Updating jobInformation list
2009-04-01 05:52 - JobOrganizer - INFO: Updating jobInformation list
2009-04-01 05:54 - JobOrganizer - INFO: Updating jobInformation list
2009-04-01 05:56 - JobOrganizer - INFO: Updating jobInformation list
2009-04-01 05:58 - JobOrganizer - INFO: Updating jobInformation list
2009-04-01 06:00 - JobOrganizer - INFO: Updating jobInformation list
2009-04-01 06:02 - JobOrganizer - INFO: Updating jobInformation list
2009-04-01 06:04 - JobOrganizer - INFO: Updating jobInformation list
2009-04-01 06:06 - JobOrganizer - INFO: Updating jobInformation list
2009-04-01 06:08 - JobOrganizer - INFO: Updating jobInformation list
2009-04-01 06:10 - JobOrganizer - INFO: Updating jobInformation list
2009-04-01 06:12 - JobOrganizer - INFO: Updating jobInformation list
2009-04-01 06:14 - JobOrganizer - INFO: Updating jobInformation list
2009-04-01 06:16 - JobOrganizer - INFO: Updating jobInformation list
2009-04-01 06:18 - JobOrganizer - INFO: Updating jobInformation list
2009-04-01 06:20 - JobOrganizer - INFO: Updating jobInformation list
2009-04-01 06:22 - JobOrganizer - INFO: Updating jobInformation list
2009-04-01 06:24 - JobOrganizer - INFO: Updating jobInformation list
2009-04-01 06:26 - JobOrganizer - INFO: Updating jobInformation list
2009-04-01 06:28 - JobOrganizer - INFO: Updating jobInformation list
2009-04-01 06:30 - JobOrganizer - INFO: Updating jobInformation list
2009-04-01 06:32 - JobOrganizer - INFO: Updating jobInformation list
2009-04-01 06:34 - JobOrganizer - INFO: Updating jobInformation list
2009-04-01 06:36 - JobOrganizer - INFO: Updating jobInformation list
2009-04-01 06:38 - JobOrganizer - INFO: Updating jobInformation list
2009-04-01 06:40 - JobOrganizer - INFO: Updating jobInformation list
2009-04-01 06:42 - JobOrganizer - INFO: Updating jobInformation list
2009-04-01 06:44 - JobOrganizer - INFO: Updating jobInformation list
2009-04-01 06:46 - JobOrganizer - INFO: Updating jobInformation list
2009-04-01 06:48 - JobOrganizer - INFO: Updating jobInformation list
2009-04-01 06:50 - JobOrganizer - INFO: Updating jobInformation list
2009-04-01 06:52 - JobOrganizer - INFO: Updating jobInformation list
2009-04-01 06:55 - JobOrganizer - INFO: Updating jobInformation list
2009-04-01 06:57 - JobOrganizer - INFO: Updating jobInformation list
2009-04-01 06:59 - JobOrganizer - INFO: Updating jobInformation list
2009-04-01 07:01 - JobOrganizer - INFO: Updating jobInformation list
2009-04-01 07:03 - JobOrganizer - INFO: Updating jobInformation list
2009-04-01 07:05 - JobOrganizer - INFO: Updating jobInformation list
2009-04-01 07:07 - JobOrganizer - INFO: Updating jobInformation list
2009-04-01 07:09 - JobOrganizer - INFO: Updating jobInformation list
2009-04-01 07:11 - JobOrganizer - INFO: Updating jobInformation list
2009-04-01 07:13 - JobOrganizer - INFO: Updating jobInformation list
2009-04-01 07:15 - JobOrganizer - INFO: Updating jobInformation list
2009-04-01 07:17 - JobOrganizer - INFO: Updating jobInformation list
2009-04-01 07:19 - JobOrganizer - INFO: Updating jobInformation list
2009-04-01 07:21 - JobOrganizer - INFO: Updating jobInformation list
2009-04-01 07:23 - JobOrganizer - INFO: Updating jobInformation list
2009-04-01 07:25 - JobOrganizer - INFO: Updating jobInformation list
2009-04-01 07:27 - JobOrganizer - INFO: Updating jobInformation list
2009-04-01 07:29 - JobOrganizer - INFO: Updating jobInformation list
2009-04-01 07:31 - JobOrganizer - INFO: Updating jobInformation list
2009-04-01 07:33 - JobOrganizer - INFO: Updating jobInformation list
2009-04-01 07:35 - JobOrganizer - INFO: Updating jobInformation list
2009-04-01 07:37 - JobOrganizer - INFO: Updating jobInformation list
2009-04-01 07:39 - JobOrganizer - INFO: Updating jobInformation list
2009-04-01 07:41 - JobOrganizer - INFO: Updating jobInformation list
2009-04-01 07:43 - JobOrganizer - INFO: Updating jobInformation list
2009-04-01 07:45 - JobOrganizer - INFO: Updating jobInformation list
2009-04-01 07:47 - JobOrganizer - INFO: Updating jobInformation list
2009-04-01 07:49 - JobOrganizer - INFO: Updating jobInformation list
2009-04-01 07:51 - JobOrganizer - INFO: Updating jobInformation list
2009-04-01 07:53 - JobOrganizer - INFO: Updating jobInformation list
2009-04-01 07:55 - JobOrganizer - INFO: Updating jobInformation list
2009-04-01 07:57 - JobOrganizer - INFO: Updating jobInformation list
2009-04-01 07:59 - JobOrganizer - INFO: Updating jobInformation list
2009-04-01 08:01 - JobOrganizer - INFO: Updating jobInformation list
2009-04-01 08:03 - JobOrganizer - INFO: Updating jobInformation list
2009-04-01 08:05 - JobOrganizer - INFO: Updating jobInformation list
2009-04-01 08:07 - JobOrganizer - INFO: Updating jobInformation list
2009-04-01 08:09 - JobOrganizer - INFO: Updating jobInformation list
2009-04-01 08:11 - JobOrganizer - INFO: Updating jobInformation list
2009-04-01 08:13 - JobOrganizer - INFO: Updating jobInformation list
2009-04-01 08:15 - JobOrganizer - INFO: Updating jobInformation list
2009-04-01 08:17 - JobOrganizer - INFO: Updating jobInformation list
2009-04-01 08:19 - JobOrganizer - INFO: Updating jobInformation list
2009-04-01 08:21 - JobOrganizer - INFO: Updating jobInformation list
2009-04-01 08:23 - JobOrganizer - INFO: Updating jobInformation list
2009-04-01 08:25 - JobOrganizer - INFO: Updating jobInformation list
2009-04-01 08:27 - JobOrganizer - INFO: Updating jobInformation list
2009-04-01 08:29 - JobOrganizer - INFO: Updating jobInformation list
2009-04-01 08:31 - JobOrganizer - INFO: Updating jobInformation list
2009-04-01 08:33 - JobOrganizer - INFO: Updating jobInformation list
2009-04-01 08:35 - JobOrganizer - INFO: Updating jobInformation list
2009-04-01 08:37 - JobOrganizer - INFO: Updating jobInformation list
2009-04-01 08:39 - JobOrganizer - INFO: Updating jobInformation list
2009-04-01 08:41 - JobOrganizer - INFO: Updating jobInformation list
2009-04-01 08:43 - JobOrganizer - INFO: Updating jobInformation list
2009-04-01 08:45 - JobOrganizer - INFO: Updating jobInformation list
2009-04-01 08:47 - JobOrganizer - INFO: Updating jobInformation list
2009-04-01 08:49 - JobOrganizer - INFO: Updating jobInformation list
2009-04-01 08:51 - JobOrganizer - INFO: Updating jobInformation list
2009-04-01 08:54 - JobOrganizer - INFO: Updating jobInformation list
2009-04-01 08:56 - JobOrganizer - INFO: Updating jobInformation list
2009-04-01 08:58 - JobOrganizer - INFO: Updating jobInformation list
2009-04-01 09:00 - JobOrganizer - INFO: Updating jobInformation list
2009-04-01 09:02 - JobOrganizer - INFO: Updating jobInformation list
2009-04-01 09:04 - JobOrganizer - INFO: Updating jobInformation list
2009-04-01 09:06 - JobOrganizer - INFO: Updating jobInformation list
2009-04-01 09:08 - JobOrganizer - INFO: Updating jobInformation list
2009-04-01 09:10 - JobOrganizer - INFO: Updating jobInformation list
2009-04-01 09:12 - JobOrganizer - INFO: Updating jobInformation list
2009-04-01 09:14 - JobOrganizer - INFO: Updating jobInformation list
2009-04-01 09:16 - JobOrganizer - INFO: Updating jobInformation list
2009-04-01 09:18 - JobOrganizer - INFO: Updating jobInformation list
2009-04-01 09:20 - JobOrganizer - INFO: Updating jobInformation list
2009-04-01 09:22 - JobOrganizer - INFO: Updating jobInformation list
2009-04-01 09:24 - JobOrganizer - INFO: Updating jobInformation list
2009-04-01 09:26 - JobOrganizer - INFO: Updating jobInformation list
2009-04-01 09:28 - JobOrganizer - INFO: Updating jobInformation list
2009-04-01 09:30 - JobOrganizer - INFO: Updating jobInformation list
2009-04-01 09:32 - JobOrganizer - INFO: Updating jobInformation list
2009-04-01 09:34 - JobOrganizer - INFO: Updating jobInformation list
2009-04-01 09:36 - JobOrganizer - INFO: Updating jobInformation list
2009-04-01 09:38 - JobOrganizer - INFO: Updating jobInformation list
2009-04-01 09:40 - JobOrganizer - INFO: Updating jobInformation list
2009-04-01 09:42 - JobOrganizer - INFO: Updating jobInformation list
2009-04-01 09:44 - JobOrganizer - INFO: Updating jobInformation list
2009-04-01 09:46 - JobOrganizer - INFO: Updating jobInformation list
2009-04-01 09:48 - JobOrganizer - INFO: Updating jobInformation list
2009-04-01 09:50 - JobOrganizer - INFO: Updating jobInformation list
2009-04-01 09:52 - JobOrganizer - INFO: Updating jobInformation list
2009-04-01 09:54 - JobOrganizer - INFO: Updating jobInformation list
2009-04-01 09:56 - JobOrganizer - INFO: Updating jobInformation list
2009-04-01 09:58 - JobOrganizer - INFO: Updating jobInformation list
2009-04-01 09:58 - JobOrganizer - INFO: validate job: True
2009-04-01 09:58 - JobOrganizer - INFO: jobInfo.validation: WAITING
2009-04-01 09:58 - JobOrganizer - INFO: 104681_L1CaloStandalone added to jobInformation list
2009-04-01 09:58 - JobOrganizer - INFO: validate job: True
2009-04-01 09:58 - JobOrganizer - INFO: jobInfo.validation: WAITING
2009-04-01 09:58 - JobOrganizer - INFO: 104683_L1CaloStandalone added to jobInformation list
2009-04-01 10:00 - JobOrganizer - INFO: Updating jobInformation list
2009-04-01 10:02 - JobOrganizer - INFO: Updating jobInformation list
2009-04-01 10:04 - JobOrganizer - INFO: Updating jobInformation list
2009-04-01 10:06 - JobOrganizer - INFO: Updating jobInformation list
2009-04-01 10:08 - JobOrganizer - INFO: Updating jobInformation list
2009-04-01 10:10 - JobOrganizer - INFO: Updating jobInformation list
2009-04-01 10:12 - JobOrganizer - INFO: Updating jobInformation list
2009-04-01 10:14 - JobOrganizer - INFO: Updating jobInformation list
2009-04-01 10:16 - JobOrganizer - INFO: Updating jobInformation list
2009-04-01 10:18 - JobOrganizer - INFO: Updating jobInformation list
2009-04-01 10:18 - JobOrganizer - INFO: validate job: True
2009-04-01 10:18 - JobOrganizer - INFO: jobInfo.validation: WAITING
2009-04-01 10:18 - JobOrganizer - INFO: 104685_L1CaloStandalone added to jobInformation list
2009-04-01 10:20 - JobOrganizer - INFO: Updating jobInformation list
2009-04-01 10:22 - JobOrganizer - INFO: Updating jobInformation list
2009-04-01 10:24 - JobOrganizer - INFO: Updating jobInformation list
2009-04-01 10:26 - JobOrganizer - INFO: Updating jobInformation list
2009-04-01 10:28 - JobOrganizer - INFO: Updating jobInformation list
2009-04-01 10:30 - JobOrganizer - INFO: Updating jobInformation list
2009-04-01 10:32 - JobOrganizer - INFO: Updating jobInformation list
2009-04-01 10:34 - JobOrganizer - INFO: Updating jobInformation list
2009-04-01 10:36 - JobOrganizer - INFO: Updating jobInformation list
2009-04-01 10:38 - JobOrganizer - INFO: Updating jobInformation list
2009-04-01 10:38 - JobOrganizer - INFO: validate job: True
2009-04-01 10:38 - JobOrganizer - INFO: jobInfo.validation: WAITING
2009-04-01 10:38 - JobOrganizer - INFO: 104700_L1CaloStandalone added to jobInformation list
2009-04-01 10:40 - JobOrganizer - INFO: Updating jobInformation list
2009-04-01 10:42 - JobOrganizer - INFO: Updating jobInformation list
2009-04-01 10:44 - JobOrganizer - INFO: Updating jobInformation list
2009-04-01 10:46 - JobOrganizer - INFO: Updating jobInformation list
2009-04-01 10:48 - JobOrganizer - INFO: Updating jobInformation list
2009-04-01 10:50 - JobOrganizer - INFO: Updating jobInformation list
2009-04-01 10:52 - JobOrganizer - INFO: Updating jobInformation list
2009-04-01 10:54 - JobOrganizer - INFO: Updating jobInformation list
2009-04-01 10:56 - JobOrganizer - INFO: Updating jobInformation list
2009-04-01 10:58 - JobOrganizer - INFO: Updating jobInformation list
2009-04-01 11:00 - JobOrganizer - INFO: Updating jobInformation list
2009-04-01 11:02 - JobOrganizer - INFO: Updating jobInformation list
2009-04-01 11:04 - JobOrganizer - INFO: Updating jobInformation list
2009-04-01 11:06 - JobOrganizer - INFO: Updating jobInformation list
2009-04-01 11:08 - JobOrganizer - INFO: Updating jobInformation list
2009-04-01 11:10 - JobOrganizer - INFO: Updating jobInformation list
2009-04-01 11:12 - JobOrganizer - INFO: Updating jobInformation list
2009-04-01 11:14 - JobOrganizer - INFO: Updating jobInformation list
2009-04-01 11:16 - JobOrganizer - INFO: Updating jobInformation list
2009-04-01 11:18 - JobOrganizer - INFO: Updating jobInformation list
2009-04-01 11:20 - JobOrganizer - INFO: Updating jobInformation list
2009-04-01 11:22 - JobOrganizer - INFO: Updating jobInformation list
2009-04-01 11:24 - JobOrganizer - INFO: Updating jobInformation list
2009-04-01 11:26 - JobOrganizer - INFO: Updating jobInformation list
2009-04-01 11:28 - JobOrganizer - INFO: Updating jobInformation list
2009-04-01 11:30 - JobOrganizer - INFO: Updating jobInformation list
2009-04-01 11:32 - JobOrganizer - INFO: Updating jobInformation list
2009-04-01 11:34 - JobOrganizer - INFO: Updating jobInformation list
2009-04-01 11:36 - JobOrganizer - INFO: Updating jobInformation list
2009-04-01 11:38 - JobOrganizer - INFO: Updating jobInformation list
2009-04-01 11:40 - JobOrganizer - INFO: Updating jobInformation list
2009-04-01 11:42 - JobOrganizer - INFO: Updating jobInformation list
2009-04-01 11:44 - JobOrganizer - INFO: Updating jobInformation list
2009-04-01 11:46 - JobOrganizer - INFO: Updating jobInformation list
2009-04-01 11:49 - JobOrganizer - INFO: Updating jobInformation list
2009-04-01 11:51 - JobOrganizer - INFO: Updating jobInformation list
2009-04-01 11:53 - JobOrganizer - INFO: Updating jobInformation list
2009-04-01 11:55 - JobOrganizer - INFO: Updating jobInformation list
2009-04-01 11:57 - JobOrganizer - INFO: Updating jobInformation list
2009-04-01 11:59 - JobOrganizer - INFO: Updating jobInformation list
2009-04-01 12:01 - JobOrganizer - INFO: Updating jobInformation list
2009-04-01 12:03 - JobOrganizer - INFO: Updating jobInformation list
2009-04-01 12:05 - JobOrganizer - INFO: Updating jobInformation list
2009-04-01 12:07 - JobOrganizer - INFO: Updating jobInformation list
2009-04-01 12:09 - JobOrganizer - INFO: Updating jobInformation list
2009-04-01 12:11 - JobOrganizer - INFO: Updating jobInformation list
2009-04-01 12:13 - JobOrganizer - INFO: Updating jobInformation list
2009-04-01 12:15 - JobOrganizer - INFO: Updating jobInformation list
2009-04-01 12:17 - JobOrganizer - INFO: Updating jobInformation list
2009-04-01 12:19 - JobOrganizer - INFO: Updating jobInformation list
2009-04-01 12:21 - JobOrganizer - INFO: Updating jobInformation list
2009-04-01 12:23 - JobOrganizer - INFO: Updating jobInformation list
2009-04-01 12:25 - JobOrganizer - INFO: Updating jobInformation list
2009-04-01 12:27 - JobOrganizer - INFO: Updating jobInformation list
2009-04-01 12:29 - JobOrganizer - INFO: Updating jobInformation list
2009-04-01 12:31 - JobOrganizer - INFO: Updating jobInformation list
2009-04-01 12:33 - JobOrganizer - INFO: Updating jobInformation list
2009-04-01 12:35 - JobOrganizer - INFO: Updating jobInformation list
2009-04-01 12:37 - JobOrganizer - INFO: Updating jobInformation list
2009-04-01 12:39 - JobOrganizer - INFO: Updating jobInformation list
2009-04-01 12:41 - JobOrganizer - INFO: Updating jobInformation list
2009-04-01 12:43 - JobOrganizer - INFO: Updating jobInformation list
2009-04-01 12:45 - JobOrganizer - INFO: Updating jobInformation list
2009-04-01 12:47 - JobOrganizer - INFO: Updating jobInformation list
2009-04-01 12:49 - JobOrganizer - INFO: Updating jobInformation list
2009-04-01 12:51 - JobOrganizer - INFO: Updating jobInformation list
2009-04-01 12:53 - JobOrganizer - INFO: Updating jobInformation list
2009-04-01 12:55 - JobOrganizer - INFO: Updating jobInformation list
2009-04-01 12:57 - JobOrganizer - INFO: Updating jobInformation list
2009-04-01 12:59 - JobOrganizer - INFO: Updating jobInformation list
2009-04-01 13:01 - JobOrganizer - INFO: Updating jobInformation list
2009-04-01 13:03 - JobOrganizer - INFO: Updating jobInformation list
2009-04-01 13:05 - JobOrganizer - INFO: Updating jobInformation list
2009-04-01 13:07 - JobOrganizer - INFO: Updating jobInformation list
2009-04-01 13:09 - JobOrganizer - INFO: Updating jobInformation list
2009-04-01 13:11 - JobOrganizer - INFO: Updating jobInformation list
2009-04-01 13:13 - JobOrganizer - INFO: Updating jobInformation list
2009-04-01 13:15 - JobOrganizer - INFO: Updating jobInformation list
2009-04-01 13:17 - JobOrganizer - INFO: Updating jobInformation list
2009-04-01 13:19 - JobOrganizer - INFO: Updating jobInformation list
2009-04-01 13:21 - JobOrganizer - INFO: Updating jobInformation list
2009-04-01 13:23 - JobOrganizer - INFO: Updating jobInformation list
2009-04-01 13:25 - JobOrganizer - INFO: Updating jobInformation list
2009-04-01 13:27 - JobOrganizer - INFO: Updating jobInformation list
2009-04-01 13:29 - JobOrganizer - INFO: Updating jobInformation list
2009-04-01 13:31 - JobOrganizer - INFO: Updating jobInformation list
2009-04-01 13:33 - JobOrganizer - INFO: Updating jobInformation list
2009-04-01 13:35 - JobOrganizer - INFO: Updating jobInformation list
2009-04-01 13:37 - JobOrganizer - INFO: Updating jobInformation list
2009-04-01 13:39 - JobOrganizer - INFO: Updating jobInformation list
2009-04-01 13:41 - JobOrganizer - INFO: Updating jobInformation list
2009-04-01 13:43 - JobOrganizer - INFO: Updating jobInformation list
2009-04-01 13:45 - JobOrganizer - INFO: Updating jobInformation list
2009-04-01 13:47 - JobOrganizer - INFO: Updating jobInformation list
2009-04-01 13:49 - JobOrganizer - INFO: Updating jobInformation list
2009-04-01 13:51 - JobOrganizer - INFO: Updating jobInformation list
2009-04-01 13:53 - JobOrganizer - INFO: Updating jobInformation list
2009-04-01 13:55 - JobOrganizer - INFO: Updating jobInformation list
2009-04-01 13:57 - JobOrganizer - INFO: Updating jobInformation list
2009-04-01 13:59 - JobOrganizer - INFO: Updating jobInformation list
2009-04-01 14:01 - JobOrganizer - INFO: Updating jobInformation list
2009-04-01 14:03 - JobOrganizer - INFO: Updating jobInformation list
2009-04-01 14:05 - JobOrganizer - INFO: Updating jobInformation list
2009-04-01 14:07 - JobOrganizer - INFO: Updating jobInformation list
2009-04-01 14:10 - JobOrganizer - INFO: Updating jobInformation list
2009-04-01 14:12 - JobOrganizer - INFO: Updating jobInformation list
2009-04-01 14:14 - JobOrganizer - INFO: Updating jobInformation list
2009-04-01 14:16 - JobOrganizer - INFO: Updating jobInformation list
2009-04-01 14:18 - JobOrganizer - INFO: Updating jobInformation list
2009-04-01 14:20 - JobOrganizer - INFO: Updating jobInformation list
2009-04-01 14:22 - JobOrganizer - INFO: Updating jobInformation list
2009-04-01 14:24 - JobOrganizer - INFO: Updating jobInformation list
2009-04-01 14:24 - JobOrganizer - INFO: validate job: False
2009-04-01 14:24 - JobOrganizer - INFO: jobInfo.validation: NONE
2009-04-01 14:24 - JobOrganizer - INFO: 104783_CBNT added to jobInformation list
2009-04-01 14:26 - JobOrganizer - INFO: Updating jobInformation list
2009-04-01 14:28 - JobOrganizer - INFO: Updating jobInformation list
2009-04-01 14:30 - JobOrganizer - INFO: Updating jobInformation list
2009-04-01 14:32 - JobOrganizer - INFO: Updating jobInformation list
2009-04-01 14:34 - JobOrganizer - INFO: Updating jobInformation list
2009-04-01 14:36 - JobOrganizer - INFO: Updating jobInformation list
2009-04-01 14:38 - JobOrganizer - INFO: Updating jobInformation list
2009-04-01 14:40 - JobOrganizer - INFO: Updating jobInformation list
2009-04-01 14:42 - JobOrganizer - INFO: Updating jobInformation list
2009-04-01 14:44 - JobOrganizer - INFO: Updating jobInformation list
2009-04-01 14:46 - JobOrganizer - INFO: Updating jobInformation list
2009-04-01 14:48 - JobOrganizer - INFO: Updating jobInformation list
2009-04-01 14:50 - JobOrganizer - INFO: Updating jobInformation list
2009-04-01 14:52 - JobOrganizer - INFO: Updating jobInformation list
2009-04-01 14:54 - JobOrganizer - INFO: Updating jobInformation list
2009-04-01 14:56 - JobOrganizer - INFO: Updating jobInformation list
2009-04-01 14:58 - JobOrganizer - INFO: Updating jobInformation list
2009-04-01 15:00 - JobOrganizer - INFO: Updating jobInformation list
2009-04-01 15:02 - JobOrganizer - INFO: Updating jobInformation list
2009-04-01 15:04 - JobOrganizer - INFO: Updating jobInformation list
2009-04-01 15:06 - JobOrganizer - INFO: Updating jobInformation list
2009-04-01 15:08 - JobOrganizer - INFO: Updating jobInformation list
2009-04-01 15:10 - JobOrganizer - INFO: Updating jobInformation list
2009-04-01 15:12 - JobOrganizer - INFO: Updating jobInformation list
2009-04-01 15:14 - JobOrganizer - INFO: Updating jobInformation list
2009-04-01 15:16 - JobOrganizer - INFO: Updating jobInformation list
2009-04-01 15:18 - JobOrganizer - INFO: Updating jobInformation list
2009-04-01 15:21 - JobOrganizer - INFO: Updating jobInformation list
2009-04-01 15:23 - JobOrganizer - INFO: Updating jobInformation list
2009-04-01 15:25 - JobOrganizer - INFO: Updating jobInformation list
2009-04-01 15:27 - JobOrganizer - INFO: Updating jobInformation list
2009-04-01 15:29 - JobOrganizer - INFO: Updating jobInformation list
2009-04-01 15:31 - JobOrganizer - INFO: Updating jobInformation list
2009-04-01 15:33 - JobOrganizer - INFO: Updating jobInformation list
2009-04-01 15:35 - JobOrganizer - INFO: Updating jobInformation list
2009-04-01 15:37 - JobOrganizer - INFO: Updating jobInformation list
2009-04-01 15:39 - JobOrganizer - INFO: Updating jobInformation list
2009-04-01 15:41 - JobOrganizer - INFO: Updating jobInformation list
2009-04-01 15:43 - JobOrganizer - INFO: Updating jobInformation list
2009-04-01 15:45 - JobOrganizer - INFO: Updating jobInformation list
2009-04-01 15:47 - JobOrganizer - INFO: Updating jobInformation list
2009-04-01 15:49 - JobOrganizer - INFO: Updating jobInformation list
2009-04-01 15:51 - JobOrganizer - INFO: Updating jobInformation list
2009-04-01 15:53 - JobOrganizer - INFO: Updating jobInformation list
2009-04-01 15:55 - JobOrganizer - INFO: Updating jobInformation list
2009-04-01 15:57 - JobOrganizer - INFO: Updating jobInformation list
2009-04-01 15:59 - JobOrganizer - INFO: Updating jobInformation list
2009-04-01 16:01 - JobOrganizer - INFO: Updating jobInformation list
2009-04-01 16:06 - JobOrganizer - INFO: Updating jobInformation list
2009-04-01 16:08 - JobOrganizer - INFO: Updating jobInformation list
2009-04-01 16:10 - JobOrganizer - INFO: Updating jobInformation list
2009-04-01 16:12 - JobOrganizer - INFO: Updating jobInformation list
2009-04-01 16:14 - JobOrganizer - INFO: Updating jobInformation list
2009-04-01 16:16 - JobOrganizer - INFO: Updating jobInformation list
2009-04-01 16:18 - JobOrganizer - INFO: Updating jobInformation list
2009-04-01 16:20 - JobOrganizer - INFO: Updating jobInformation list
2009-04-01 16:22 - JobOrganizer - INFO: Updating jobInformation list
2009-04-01 16:24 - JobOrganizer - INFO: Updating jobInformation list
2009-04-01 16:26 - JobOrganizer - INFO: Updating jobInformation list
2009-04-01 16:28 - JobOrganizer - INFO: Updating jobInformation list
2009-04-01 16:30 - JobOrganizer - INFO: Updating jobInformation list
2009-04-01 16:32 - JobOrganizer - INFO: Updating jobInformation list
2009-04-01 16:34 - JobOrganizer - INFO: Updating jobInformation list
2009-04-01 16:36 - JobOrganizer - INFO: Updating jobInformation list
2009-04-01 16:38 - JobOrganizer - INFO: Updating jobInformation list
2009-04-01 16:40 - JobOrganizer - INFO: Updating jobInformation list
2009-04-01 16:42 - JobOrganizer - INFO: Updating jobInformation list
2009-04-01 16:44 - JobOrganizer - INFO: Updating jobInformation list
2009-04-01 16:46 - JobOrganizer - INFO: Updating jobInformation list
2009-04-01 16:48 - JobOrganizer - INFO: Updating jobInformation list
2009-04-01 16:51 - JobOrganizer - INFO: Updating jobInformation list
2009-04-01 16:53 - JobOrganizer - INFO: Updating jobInformation list
2009-04-01 16:55 - JobOrganizer - INFO: Updating jobInformation list
2009-04-01 16:57 - JobOrganizer - INFO: Updating jobInformation list
2009-04-01 16:59 - JobOrganizer - INFO: Updating jobInformation list
2009-04-01 17:01 - JobOrganizer - INFO: Updating jobInformation list
2009-04-01 17:03 - JobOrganizer - INFO: Updating jobInformation list
2009-04-01 17:05 - JobOrganizer - INFO: Updating jobInformation list
2009-04-01 17:07 - JobOrganizer - INFO: Updating jobInformation list
2009-04-01 17:09 - JobOrganizer - INFO: Updating jobInformation list
2009-04-01 17:11 - JobOrganizer - INFO: Updating jobInformation list
2009-04-01 17:13 - JobOrganizer - INFO: Updating jobInformation list
2009-04-01 17:15 - JobOrganizer - INFO: Updating jobInformation list
2009-04-01 17:17 - JobOrganizer - INFO: Updating jobInformation list
2009-04-01 17:19 - JobOrganizer - INFO: Updating jobInformation list
2009-04-01 17:21 - JobOrganizer - INFO: Updating jobInformation list
2009-04-01 17:23 - JobOrganizer - INFO: Updating jobInformation list
2009-04-01 17:25 - JobOrganizer - INFO: Updating jobInformation list
2009-04-01 17:27 - JobOrganizer - INFO: Updating jobInformation list
2009-04-01 17:29 - JobOrganizer - INFO: Updating jobInformation list
2009-04-01 17:31 - JobOrganizer - INFO: Updating jobInformation list
2009-04-01 17:33 - JobOrganizer - INFO: Updating jobInformation list
2009-04-01 17:35 - JobOrganizer - INFO: Updating jobInformation list
2009-04-01 17:37 - JobOrganizer - INFO: Updating jobInformation list
2009-04-01 17:39 - JobOrganizer - INFO: Updating jobInformation list
2009-04-01 17:41 - JobOrganizer - INFO: Updating jobInformation list
2009-04-01 17:43 - JobOrganizer - INFO: Updating jobInformation list
2009-04-01 17:45 - JobOrganizer - INFO: Updating jobInformation list
2009-04-01 17:47 - JobOrganizer - INFO: Updating jobInformation list
2009-04-01 17:49 - JobOrganizer - INFO: Updating jobInformation list
2009-04-01 17:51 - JobOrganizer - INFO: Updating jobInformation list
2009-04-01 17:53 - JobOrganizer - INFO: Updating jobInformation list
2009-04-01 17:55 - JobOrganizer - INFO: Updating jobInformation list
2009-04-01 17:57 - JobOrganizer - INFO: Updating jobInformation list
2009-04-01 17:59 - JobOrganizer - INFO: Updating jobInformation list
2009-04-01 18:01 - JobOrganizer - INFO: Updating jobInformation list
2009-04-01 18:03 - JobOrganizer - INFO: Updating jobInformation list
2009-04-01 18:05 - JobOrganizer - INFO: Updating jobInformation list
2009-04-01 18:07 - JobOrganizer - INFO: Updating jobInformation list
2009-04-01 18:09 - JobOrganizer - INFO: Updating jobInformation list
2009-04-01 18:11 - JobOrganizer - INFO: Updating jobInformation list
2009-04-01 18:13 - JobOrganizer - INFO: Updating jobInformation list
2009-04-01 18:15 - JobOrganizer - INFO: Updating jobInformation list
2009-04-01 18:17 - JobOrganizer - INFO: Updating jobInformation list
2009-04-01 18:19 - JobOrganizer - INFO: Updating jobInformation list
2009-04-01 18:21 - JobOrganizer - INFO: Updating jobInformation list
2009-04-01 18:23 - JobOrganizer - INFO: Updating jobInformation list
2009-04-01 18:25 - JobOrganizer - INFO: Updating jobInformation list
2009-04-01 18:27 - JobOrganizer - INFO: Updating jobInformation list
2009-04-01 18:29 - JobOrganizer - INFO: Updating jobInformation list
2009-04-01 18:31 - JobOrganizer - INFO: Updating jobInformation list
2009-04-01 18:33 - JobOrganizer - INFO: Updating jobInformation list
2009-04-01 18:35 - JobOrganizer - INFO: Updating jobInformation list
2009-04-01 18:37 - JobOrganizer - INFO: Updating jobInformation list
2009-04-01 18:39 - JobOrganizer - INFO: Updating jobInformation list
2009-04-01 18:41 - JobOrganizer - INFO: Updating jobInformation list
2009-04-01 18:43 - JobOrganizer - INFO: Updating jobInformation list
2009-04-01 18:45 - JobOrganizer - INFO: Updating jobInformation list
2009-04-01 18:47 - JobOrganizer - INFO: Updating jobInformation list
2009-04-01 18:49 - JobOrganizer - INFO: Updating jobInformation list
2009-04-01 18:51 - JobOrganizer - INFO: Updating jobInformation list
2009-04-01 18:53 - JobOrganizer - INFO: Updating jobInformation list
2009-04-01 18:55 - JobOrganizer - INFO: Updating jobInformation list
2009-04-01 18:57 - JobOrganizer - INFO: Updating jobInformation list
2009-04-01 18:59 - JobOrganizer - INFO: Updating jobInformation list
2009-04-01 19:01 - JobOrganizer - INFO: Updating jobInformation list
2009-04-01 19:03 - JobOrganizer - INFO: Updating jobInformation list
2009-04-01 19:05 - JobOrganizer - INFO: Updating jobInformation list
2009-04-01 19:07 - JobOrganizer - INFO: Updating jobInformation list
2009-04-01 19:09 - JobOrganizer - INFO: Updating jobInformation list
2009-04-01 19:11 - JobOrganizer - INFO: Updating jobInformation list
2009-04-01 19:13 - JobOrganizer - INFO: Updating jobInformation list
2009-04-01 19:15 - JobOrganizer - INFO: Updating jobInformation list
2009-04-01 19:17 - JobOrganizer - INFO: Updating jobInformation list
2009-04-01 19:19 - JobOrganizer - INFO: Updating jobInformation list
2009-04-01 19:21 - JobOrganizer - INFO: Updating jobInformation list
2009-04-01 19:23 - JobOrganizer - INFO: Updating jobInformation list
2009-04-01 19:25 - JobOrganizer - INFO: Updating jobInformation list
2009-04-01 19:27 - JobOrganizer - INFO: Updating jobInformation list
2009-04-01 19:29 - JobOrganizer - INFO: Updating jobInformation list
2009-04-01 19:31 - JobOrganizer - INFO: Updating jobInformation list
2009-04-01 19:33 - JobOrganizer - INFO: Updating jobInformation list
2009-04-01 19:35 - JobOrganizer - INFO: Updating jobInformation list
2009-04-01 19:37 - JobOrganizer - INFO: Updating jobInformation list
2009-04-01 19:39 - JobOrganizer - INFO: Updating jobInformation list
2009-04-01 19:41 - JobOrganizer - INFO: Updating jobInformation list
2009-04-01 19:43 - JobOrganizer - INFO: Updating jobInformation list
2009-04-01 19:45 - JobOrganizer - INFO: Updating jobInformation list
2009-04-01 19:47 - JobOrganizer - INFO: Updating jobInformation list
2009-04-01 19:49 - JobOrganizer - INFO: Updating jobInformation list
2009-04-01 19:51 - JobOrganizer - INFO: Updating jobInformation list
2009-04-01 19:53 - JobOrganizer - INFO: Updating jobInformation list
2009-04-01 19:55 - JobOrganizer - INFO: Updating jobInformation list
2009-04-01 19:57 - JobOrganizer - INFO: Updating jobInformation list
2009-04-01 19:59 - JobOrganizer - INFO: Updating jobInformation list
2009-04-01 20:01 - JobOrganizer - INFO: Updating jobInformation list
2009-04-01 20:03 - JobOrganizer - INFO: Updating jobInformation list
2009-04-01 20:05 - JobOrganizer - INFO: Updating jobInformation list
2009-04-01 20:07 - JobOrganizer - INFO: Updating jobInformation list
2009-04-01 20:09 - JobOrganizer - INFO: Updating jobInformation list
2009-04-01 20:11 - JobOrganizer - INFO: Updating jobInformation list
2009-04-01 20:13 - JobOrganizer - INFO: Updating jobInformation list
2009-04-01 20:16 - JobOrganizer - INFO: Updating jobInformation list
2009-04-01 20:18 - JobOrganizer - INFO: Updating jobInformation list
2009-04-01 20:20 - JobOrganizer - INFO: Updating jobInformation list
2009-04-01 20:22 - JobOrganizer - INFO: Updating jobInformation list
2009-04-01 20:24 - JobOrganizer - INFO: Updating jobInformation list
2009-04-01 20:26 - JobOrganizer - INFO: Updating jobInformation list
2009-04-01 20:28 - JobOrganizer - INFO: Updating jobInformation list
2009-04-01 20:30 - JobOrganizer - INFO: Updating jobInformation list
2009-04-01 20:32 - JobOrganizer - INFO: Updating jobInformation list
2009-04-01 20:34 - JobOrganizer - INFO: Updating jobInformation list
2009-04-01 20:36 - JobOrganizer - INFO: Updating jobInformation list
2009-04-01 20:38 - JobOrganizer - INFO: Updating jobInformation list
2009-04-01 20:40 - JobOrganizer - INFO: Updating jobInformation list
2009-04-01 20:42 - JobOrganizer - INFO: Updating jobInformation list
2009-04-01 20:44 - JobOrganizer - INFO: Updating jobInformation list
2009-04-01 20:46 - JobOrganizer - INFO: Updating jobInformation list
2009-04-01 20:48 - JobOrganizer - INFO: Updating jobInformation list
2009-04-01 20:50 - JobOrganizer - INFO: Updating jobInformation list
2009-04-01 20:52 - JobOrganizer - INFO: Updating jobInformation list
2009-04-01 20:54 - JobOrganizer - INFO: Updating jobInformation list
2009-04-01 20:56 - JobOrganizer - INFO: Updating jobInformation list
2009-04-01 20:58 - JobOrganizer - INFO: Updating jobInformation list
2009-04-01 21:00 - JobOrganizer - INFO: Updating jobInformation list
2009-04-01 21:02 - JobOrganizer - INFO: Updating jobInformation list
2009-04-01 21:04 - JobOrganizer - INFO: Updating jobInformation list
2009-04-01 21:06 - JobOrganizer - INFO: Updating jobInformation list
2009-04-01 21:08 - JobOrganizer - INFO: Updating jobInformation list
2009-04-01 21:10 - JobOrganizer - INFO: Updating jobInformation list
2009-04-01 21:13 - JobOrganizer - INFO: Updating jobInformation list
2009-04-01 21:15 - JobOrganizer - INFO: Updating jobInformation list
2009-04-01 21:17 - JobOrganizer - INFO: Updating jobInformation list
2009-04-01 21:19 - JobOrganizer - INFO: Updating jobInformation list
2009-04-01 21:21 - JobOrganizer - INFO: Updating jobInformation list
2009-04-01 21:23 - JobOrganizer - INFO: Updating jobInformation list
2009-04-01 21:25 - JobOrganizer - INFO: Updating jobInformation list
2009-04-01 21:27 - JobOrganizer - INFO: Updating jobInformation list
2009-04-01 21:29 - JobOrganizer - INFO: Updating jobInformation list
2009-04-01 21:31 - JobOrganizer - INFO: Updating jobInformation list
2009-04-01 21:33 - JobOrganizer - INFO: Updating jobInformation list
2009-04-01 21:35 - JobOrganizer - INFO: Updating jobInformation list
2009-04-01 21:37 - JobOrganizer - INFO: Updating jobInformation list
2009-04-01 21:39 - JobOrganizer - INFO: Updating jobInformation list
2009-04-01 21:41 - JobOrganizer - INFO: Updating jobInformation list
2009-04-01 21:43 - JobOrganizer - INFO: Updating jobInformation list
2009-04-01 21:45 - JobOrganizer - INFO: Updating jobInformation list
2009-04-01 21:47 - JobOrganizer - INFO: Updating jobInformation list
2009-04-01 21:49 - JobOrganizer - INFO: Updating jobInformation list
2009-04-01 21:51 - JobOrganizer - INFO: Updating jobInformation list
2009-04-01 21:53 - JobOrganizer - INFO: Updating jobInformation list
2009-04-01 21:55 - JobOrganizer - INFO: Updating jobInformation list
2009-04-01 21:57 - JobOrganizer - INFO: Updating jobInformation list
2009-04-01 21:59 - JobOrganizer - INFO: Updating jobInformation list
2009-04-01 22:01 - JobOrganizer - INFO: Updating jobInformation list
2009-04-01 22:03 - JobOrganizer - INFO: Updating jobInformation list
2009-04-01 22:05 - JobOrganizer - INFO: Updating jobInformation list
2009-04-01 22:07 - JobOrganizer - INFO: Updating jobInformation list
2009-04-01 22:09 - JobOrganizer - INFO: Updating jobInformation list
2009-04-01 22:11 - JobOrganizer - INFO: Updating jobInformation list
2009-04-01 22:13 - JobOrganizer - INFO: Updating jobInformation list
2009-04-01 22:15 - JobOrganizer - INFO: Updating jobInformation list
2009-04-01 22:17 - JobOrganizer - INFO: Updating jobInformation list
2009-04-01 22:19 - JobOrganizer - INFO: Updating jobInformation list
2009-04-01 22:21 - JobOrganizer - INFO: Updating jobInformation list
2009-04-01 22:23 - JobOrganizer - INFO: Updating jobInformation list
2009-04-01 22:25 - JobOrganizer - INFO: Updating jobInformation list
2009-04-01 22:27 - JobOrganizer - INFO: Updating jobInformation list
2009-04-01 22:29 - JobOrganizer - INFO: Updating jobInformation list
2009-04-01 22:31 - JobOrganizer - INFO: Updating jobInformation list
2009-04-01 22:33 - JobOrganizer - INFO: Updating jobInformation list
2009-04-01 22:35 - JobOrganizer - INFO: Updating jobInformation list
2009-04-01 22:37 - JobOrganizer - INFO: Updating jobInformation list
2009-04-01 22:39 - JobOrganizer - INFO: Updating jobInformation list
2009-04-01 22:41 - JobOrganizer - INFO: Updating jobInformation list
2009-04-01 22:43 - JobOrganizer - INFO: Updating jobInformation list
2009-04-01 22:45 - JobOrganizer - INFO: Updating jobInformation list
2009-04-01 22:47 - JobOrganizer - INFO: Updating jobInformation list
2009-04-01 22:49 - JobOrganizer - INFO: Updating jobInformation list
2009-04-01 22:51 - JobOrganizer - INFO: Updating jobInformation list
2009-04-01 22:53 - JobOrganizer - INFO: Updating jobInformation list
2009-04-01 22:55 - JobOrganizer - INFO: Updating jobInformation list
2009-04-01 22:57 - JobOrganizer - INFO: Updating jobInformation list
2009-04-01 22:59 - JobOrganizer - INFO: Updating jobInformation list
2009-04-01 23:01 - JobOrganizer - INFO: Updating jobInformation list
2009-04-01 23:03 - JobOrganizer - INFO: Updating jobInformation list
2009-04-01 23:05 - JobOrganizer - INFO: Updating jobInformation list
2009-04-01 23:07 - JobOrganizer - INFO: Updating jobInformation list
2009-04-01 23:09 - JobOrganizer - INFO: Updating jobInformation list
2009-04-01 23:11 - JobOrganizer - INFO: Updating jobInformation list
2009-04-01 23:13 - JobOrganizer - INFO: Updating jobInformation list
2009-04-01 23:15 - JobOrganizer - INFO: Updating jobInformation list
2009-04-01 23:17 - JobOrganizer - INFO: Updating jobInformation list
2009-04-01 23:19 - JobOrganizer - INFO: Updating jobInformation list
2009-04-01 23:21 - JobOrganizer - INFO: Updating jobInformation list
2009-04-01 23:23 - JobOrganizer - INFO: Updating jobInformation list
2009-04-01 23:25 - JobOrganizer - INFO: Updating jobInformation list
2009-04-01 23:27 - JobOrganizer - INFO: Updating jobInformation list
2009-04-01 23:29 - JobOrganizer - INFO: Updating jobInformation list
2009-04-01 23:31 - JobOrganizer - INFO: Updating jobInformation list
2009-04-01 23:33 - JobOrganizer - INFO: Updating jobInformation list
2009-04-01 23:35 - JobOrganizer - INFO: Updating jobInformation list
2009-04-01 23:37 - JobOrganizer - INFO: Updating jobInformation list
2009-04-01 23:39 - JobOrganizer - INFO: Updating jobInformation list
2009-04-01 23:41 - JobOrganizer - INFO: Updating jobInformation list
2009-04-01 23:43 - JobOrganizer - INFO: Updating jobInformation list
2009-04-01 23:45 - JobOrganizer - INFO: Updating jobInformation list
2009-04-01 23:47 - JobOrganizer - INFO: Updating jobInformation list
2009-04-01 23:49 - JobOrganizer - INFO: Updating jobInformation list
2009-04-01 23:51 - JobOrganizer - INFO: Updating jobInformation list
2009-04-01 23:53 - JobOrganizer - INFO: Updating jobInformation list
2009-04-01 23:55 - JobOrganizer - INFO: Updating jobInformation list
2009-04-01 23:57 - JobOrganizer - INFO: Updating jobInformation list
2009-04-01 23:59 - JobOrganizer - INFO: Updating jobInformation list
