2009-04-17 00:01 - JobOrganizer - INFO: ========================================
2009-04-17 00:01 - JobOrganizer - INFO: JobOrganizer in init
2009-04-17 00:01 - JobOrganizer - INFO: init file JobOrganizerConfig.py was found
2009-04-17 00:01 - JobOrganizer - INFO: retrieveing Db parameters from JobOrganizerConfig.py file
2009-04-17 00:01 - JobOrganizer - INFO: creating job configurations from JobOrganizerConfig.py file
2009-04-17 00:01 - JobOrganizer - INFO: JobOrganizer initialized
2009-04-17 00:01 - JobOrganizer - INFO: ========================================
2009-04-17 00:03 - JobOrganizer - INFO: Updating jobInformation list
2009-04-17 00:05 - JobOrganizer - INFO: Updating jobInformation list
2009-04-17 00:07 - JobOrganizer - INFO: Updating jobInformation list
2009-04-17 00:09 - JobOrganizer - INFO: Updating jobInformation list
2009-04-17 00:11 - JobOrganizer - INFO: Updating jobInformation list
2009-04-17 00:13 - JobOrganizer - INFO: Updating jobInformation list
2009-04-17 00:15 - JobOrganizer - INFO: Updating jobInformation list
2009-04-17 00:17 - JobOrganizer - INFO: Updating jobInformation list
2009-04-17 00:19 - JobOrganizer - INFO: Updating jobInformation list
2009-04-17 00:21 - JobOrganizer - INFO: Updating jobInformation list
2009-04-17 00:23 - JobOrganizer - INFO: Updating jobInformation list
2009-04-17 00:25 - JobOrganizer - INFO: Updating jobInformation list
2009-04-17 00:27 - JobOrganizer - INFO: Updating jobInformation list
2009-04-17 00:29 - JobOrganizer - INFO: Updating jobInformation list
2009-04-17 00:31 - JobOrganizer - INFO: Updating jobInformation list
2009-04-17 00:33 - JobOrganizer - INFO: Updating jobInformation list
2009-04-17 00:35 - JobOrganizer - INFO: Updating jobInformation list
2009-04-17 00:37 - JobOrganizer - INFO: Updating jobInformation list
2009-04-17 00:39 - JobOrganizer - INFO: Updating jobInformation list
2009-04-17 00:41 - JobOrganizer - INFO: Updating jobInformation list
2009-04-17 00:43 - JobOrganizer - INFO: Updating jobInformation list
2009-04-17 00:45 - JobOrganizer - INFO: Updating jobInformation list
2009-04-17 00:47 - JobOrganizer - INFO: Updating jobInformation list
2009-04-17 00:49 - JobOrganizer - INFO: Updating jobInformation list
2009-04-17 00:51 - JobOrganizer - INFO: Updating jobInformation list
2009-04-17 00:53 - JobOrganizer - INFO: Updating jobInformation list
2009-04-17 00:55 - JobOrganizer - INFO: Updating jobInformation list
2009-04-17 00:57 - JobOrganizer - INFO: Updating jobInformation list
2009-04-17 00:59 - JobOrganizer - INFO: Updating jobInformation list
2009-04-17 01:01 - JobOrganizer - INFO: Updating jobInformation list
2009-04-17 01:03 - JobOrganizer - INFO: Updating jobInformation list
2009-04-17 01:05 - JobOrganizer - INFO: Updating jobInformation list
2009-04-17 01:07 - JobOrganizer - INFO: Updating jobInformation list
2009-04-17 01:09 - JobOrganizer - INFO: Updating jobInformation list
2009-04-17 01:11 - JobOrganizer - INFO: Updating jobInformation list
2009-04-17 01:13 - JobOrganizer - INFO: Updating jobInformation list
2009-04-17 01:15 - JobOrganizer - INFO: Updating jobInformation list
2009-04-17 01:17 - JobOrganizer - INFO: Updating jobInformation list
2009-04-17 01:19 - JobOrganizer - INFO: Updating jobInformation list
2009-04-17 01:21 - JobOrganizer - INFO: Updating jobInformation list
2009-04-17 01:23 - JobOrganizer - INFO: Updating jobInformation list
2009-04-17 01:25 - JobOrganizer - INFO: Updating jobInformation list
2009-04-17 01:27 - JobOrganizer - INFO: Updating jobInformation list
2009-04-17 01:29 - JobOrganizer - INFO: Updating jobInformation list
2009-04-17 01:31 - JobOrganizer - INFO: Updating jobInformation list
2009-04-17 01:33 - JobOrganizer - INFO: Updating jobInformation list
2009-04-17 01:35 - JobOrganizer - INFO: Updating jobInformation list
2009-04-17 01:37 - JobOrganizer - INFO: Updating jobInformation list
2009-04-17 01:39 - JobOrganizer - INFO: Updating jobInformation list
2009-04-17 01:41 - JobOrganizer - INFO: Updating jobInformation list
2009-04-17 01:43 - JobOrganizer - INFO: Updating jobInformation list
2009-04-17 01:45 - JobOrganizer - INFO: Updating jobInformation list
2009-04-17 01:47 - JobOrganizer - INFO: Updating jobInformation list
2009-04-17 01:49 - JobOrganizer - INFO: Updating jobInformation list
2009-04-17 01:51 - JobOrganizer - INFO: Updating jobInformation list
2009-04-17 01:53 - JobOrganizer - INFO: Updating jobInformation list
2009-04-17 01:55 - JobOrganizer - INFO: Updating jobInformation list
2009-04-17 01:57 - JobOrganizer - INFO: Updating jobInformation list
2009-04-17 01:59 - JobOrganizer - INFO: Updating jobInformation list
2009-04-17 02:01 - JobOrganizer - INFO: Updating jobInformation list
2009-04-17 02:03 - JobOrganizer - INFO: Updating jobInformation list
2009-04-17 02:05 - JobOrganizer - INFO: Updating jobInformation list
2009-04-17 02:07 - JobOrganizer - INFO: Updating jobInformation list
2009-04-17 02:09 - JobOrganizer - INFO: Updating jobInformation list
2009-04-17 02:11 - JobOrganizer - INFO: Updating jobInformation list
2009-04-17 02:13 - JobOrganizer - INFO: Updating jobInformation list
2009-04-17 02:15 - JobOrganizer - INFO: Updating jobInformation list
2009-04-17 02:17 - JobOrganizer - INFO: Updating jobInformation list
2009-04-17 02:19 - JobOrganizer - INFO: Updating jobInformation list
2009-04-17 02:22 - JobOrganizer - INFO: Updating jobInformation list
2009-04-17 02:24 - JobOrganizer - INFO: Updating jobInformation list
2009-04-17 02:26 - JobOrganizer - INFO: Updating jobInformation list
2009-04-17 02:28 - JobOrganizer - INFO: Updating jobInformation list
2009-04-17 02:30 - JobOrganizer - INFO: Updating jobInformation list
2009-04-17 02:32 - JobOrganizer - INFO: Updating jobInformation list
2009-04-17 02:34 - JobOrganizer - INFO: Updating jobInformation list
2009-04-17 02:36 - JobOrganizer - INFO: Updating jobInformation list
2009-04-17 02:38 - JobOrganizer - INFO: Updating jobInformation list
2009-04-17 02:40 - JobOrganizer - INFO: Updating jobInformation list
2009-04-17 02:42 - JobOrganizer - INFO: Updating jobInformation list
2009-04-17 02:44 - JobOrganizer - INFO: Updating jobInformation list
2009-04-17 02:46 - JobOrganizer - INFO: Updating jobInformation list
2009-04-17 02:48 - JobOrganizer - INFO: Updating jobInformation list
2009-04-17 02:50 - JobOrganizer - INFO: Updating jobInformation list
2009-04-17 02:52 - JobOrganizer - INFO: Updating jobInformation list
2009-04-17 02:54 - JobOrganizer - INFO: Updating jobInformation list
2009-04-17 02:56 - JobOrganizer - INFO: Updating jobInformation list
2009-04-17 02:58 - JobOrganizer - INFO: Updating jobInformation list
2009-04-17 03:00 - JobOrganizer - INFO: Updating jobInformation list
2009-04-17 03:02 - JobOrganizer - INFO: Updating jobInformation list
2009-04-17 03:04 - JobOrganizer - INFO: Updating jobInformation list
2009-04-17 03:06 - JobOrganizer - INFO: Updating jobInformation list
2009-04-17 03:08 - JobOrganizer - INFO: Updating jobInformation list
2009-04-17 03:10 - JobOrganizer - INFO: Updating jobInformation list
2009-04-17 03:12 - JobOrganizer - INFO: Updating jobInformation list
2009-04-17 03:14 - JobOrganizer - INFO: Updating jobInformation list
2009-04-17 03:16 - JobOrganizer - INFO: Updating jobInformation list
2009-04-17 03:18 - JobOrganizer - INFO: Updating jobInformation list
2009-04-17 03:20 - JobOrganizer - INFO: Updating jobInformation list
2009-04-17 03:22 - JobOrganizer - INFO: Updating jobInformation list
2009-04-17 03:24 - JobOrganizer - INFO: Updating jobInformation list
2009-04-17 03:26 - JobOrganizer - INFO: Updating jobInformation list
2009-04-17 03:28 - JobOrganizer - INFO: Updating jobInformation list
2009-04-17 03:30 - JobOrganizer - INFO: Updating jobInformation list
2009-04-17 03:32 - JobOrganizer - INFO: Updating jobInformation list
2009-04-17 03:34 - JobOrganizer - INFO: Updating jobInformation list
2009-04-17 03:36 - JobOrganizer - INFO: Updating jobInformation list
2009-04-17 03:38 - JobOrganizer - INFO: Updating jobInformation list
2009-04-17 03:40 - JobOrganizer - INFO: Updating jobInformation list
2009-04-17 03:42 - JobOrganizer - INFO: Updating jobInformation list
2009-04-17 03:44 - JobOrganizer - INFO: Updating jobInformation list
2009-04-17 03:46 - JobOrganizer - INFO: Updating jobInformation list
2009-04-17 03:48 - JobOrganizer - INFO: Updating jobInformation list
2009-04-17 03:50 - JobOrganizer - INFO: Updating jobInformation list
2009-04-17 03:52 - JobOrganizer - INFO: Updating jobInformation list
2009-04-17 03:54 - JobOrganizer - INFO: Updating jobInformation list
2009-04-17 03:56 - JobOrganizer - INFO: Updating jobInformation list
2009-04-17 03:58 - JobOrganizer - INFO: Updating jobInformation list
2009-04-17 04:00 - JobOrganizer - INFO: Updating jobInformation list
2009-04-17 04:02 - JobOrganizer - INFO: Updating jobInformation list
2009-04-17 04:04 - JobOrganizer - INFO: Updating jobInformation list
2009-04-17 04:06 - JobOrganizer - INFO: Updating jobInformation list
2009-04-17 04:08 - JobOrganizer - INFO: Updating jobInformation list
2009-04-17 04:10 - JobOrganizer - INFO: Updating jobInformation list
2009-04-17 04:12 - JobOrganizer - INFO: Updating jobInformation list
2009-04-17 04:14 - JobOrganizer - INFO: Updating jobInformation list
2009-04-17 04:16 - JobOrganizer - INFO: Updating jobInformation list
2009-04-17 04:18 - JobOrganizer - INFO: Updating jobInformation list
2009-04-17 04:20 - JobOrganizer - INFO: Updating jobInformation list
2009-04-17 04:22 - JobOrganizer - INFO: Updating jobInformation list
2009-04-17 04:24 - JobOrganizer - INFO: Updating jobInformation list
2009-04-17 04:26 - JobOrganizer - INFO: Updating jobInformation list
2009-04-17 04:28 - JobOrganizer - INFO: Updating jobInformation list
2009-04-17 04:30 - JobOrganizer - INFO: Updating jobInformation list
2009-04-17 04:32 - JobOrganizer - INFO: Updating jobInformation list
2009-04-17 04:34 - JobOrganizer - INFO: Updating jobInformation list
2009-04-17 04:36 - JobOrganizer - INFO: Updating jobInformation list
2009-04-17 04:38 - JobOrganizer - INFO: Updating jobInformation list
2009-04-17 04:40 - JobOrganizer - INFO: Updating jobInformation list
2009-04-17 04:42 - JobOrganizer - INFO: Updating jobInformation list
2009-04-17 04:44 - JobOrganizer - INFO: Updating jobInformation list
2009-04-17 04:46 - JobOrganizer - INFO: Updating jobInformation list
2009-04-17 04:48 - JobOrganizer - INFO: Updating jobInformation list
2009-04-17 04:50 - JobOrganizer - INFO: Updating jobInformation list
2009-04-17 04:52 - JobOrganizer - INFO: Updating jobInformation list
2009-04-17 04:54 - JobOrganizer - INFO: Updating jobInformation list
2009-04-17 04:56 - JobOrganizer - INFO: Updating jobInformation list
2009-04-17 04:58 - JobOrganizer - INFO: Updating jobInformation list
2009-04-17 05:00 - JobOrganizer - INFO: Updating jobInformation list
2009-04-17 05:02 - JobOrganizer - INFO: Updating jobInformation list
2009-04-17 05:05 - JobOrganizer - INFO: Updating jobInformation list
2009-04-17 05:07 - JobOrganizer - INFO: Updating jobInformation list
2009-04-17 05:09 - JobOrganizer - INFO: Updating jobInformation list
2009-04-17 05:11 - JobOrganizer - INFO: Updating jobInformation list
2009-04-17 05:13 - JobOrganizer - INFO: Updating jobInformation list
2009-04-17 05:15 - JobOrganizer - INFO: Updating jobInformation list
2009-04-17 05:17 - JobOrganizer - INFO: Updating jobInformation list
2009-04-17 05:19 - JobOrganizer - INFO: Updating jobInformation list
2009-04-17 05:21 - JobOrganizer - INFO: Updating jobInformation list
2009-04-17 05:23 - JobOrganizer - INFO: Updating jobInformation list
2009-04-17 05:25 - JobOrganizer - INFO: Updating jobInformation list
2009-04-17 05:27 - JobOrganizer - INFO: Updating jobInformation list
2009-04-17 05:29 - JobOrganizer - INFO: Updating jobInformation list
2009-04-17 05:31 - JobOrganizer - INFO: Updating jobInformation list
2009-04-17 05:33 - JobOrganizer - INFO: Updating jobInformation list
2009-04-17 05:35 - JobOrganizer - INFO: Updating jobInformation list
2009-04-17 05:37 - JobOrganizer - INFO: Updating jobInformation list
2009-04-17 05:39 - JobOrganizer - INFO: Updating jobInformation list
2009-04-17 05:41 - JobOrganizer - INFO: Updating jobInformation list
2009-04-17 05:43 - JobOrganizer - INFO: Updating jobInformation list
2009-04-17 05:45 - JobOrganizer - INFO: Updating jobInformation list
2009-04-17 05:47 - JobOrganizer - INFO: Updating jobInformation list
2009-04-17 05:49 - JobOrganizer - INFO: Updating jobInformation list
2009-04-17 05:51 - JobOrganizer - INFO: Updating jobInformation list
2009-04-17 05:53 - JobOrganizer - INFO: Updating jobInformation list
2009-04-17 05:55 - JobOrganizer - INFO: Updating jobInformation list
2009-04-17 05:57 - JobOrganizer - INFO: Updating jobInformation list
2009-04-17 05:59 - JobOrganizer - INFO: Updating jobInformation list
2009-04-17 06:01 - JobOrganizer - INFO: Updating jobInformation list
2009-04-17 06:03 - JobOrganizer - INFO: Updating jobInformation list
2009-04-17 06:05 - JobOrganizer - INFO: Updating jobInformation list
2009-04-17 06:07 - JobOrganizer - INFO: Updating jobInformation list
2009-04-17 06:09 - JobOrganizer - INFO: Updating jobInformation list
2009-04-17 06:11 - JobOrganizer - INFO: Updating jobInformation list
2009-04-17 06:13 - JobOrganizer - INFO: Updating jobInformation list
2009-04-17 06:15 - JobOrganizer - INFO: Updating jobInformation list
2009-04-17 06:17 - JobOrganizer - INFO: Updating jobInformation list
2009-04-17 06:19 - JobOrganizer - INFO: Updating jobInformation list
2009-04-17 06:21 - JobOrganizer - INFO: Updating jobInformation list
2009-04-17 06:23 - JobOrganizer - INFO: Updating jobInformation list
2009-04-17 06:25 - JobOrganizer - INFO: Updating jobInformation list
2009-04-17 06:27 - JobOrganizer - INFO: Updating jobInformation list
2009-04-17 06:29 - JobOrganizer - INFO: Updating jobInformation list
2009-04-17 06:31 - JobOrganizer - INFO: Updating jobInformation list
2009-04-17 06:33 - JobOrganizer - INFO: Updating jobInformation list
2009-04-17 06:35 - JobOrganizer - INFO: Updating jobInformation list
2009-04-17 06:37 - JobOrganizer - INFO: Updating jobInformation list
2009-04-17 06:39 - JobOrganizer - INFO: Updating jobInformation list
2009-04-17 06:41 - JobOrganizer - INFO: Updating jobInformation list
2009-04-17 06:43 - JobOrganizer - INFO: Updating jobInformation list
2009-04-17 06:45 - JobOrganizer - INFO: Updating jobInformation list
2009-04-17 06:47 - JobOrganizer - INFO: Updating jobInformation list
2009-04-17 06:49 - JobOrganizer - INFO: Updating jobInformation list
2009-04-17 06:51 - JobOrganizer - INFO: Updating jobInformation list
2009-04-17 06:53 - JobOrganizer - INFO: Updating jobInformation list
2009-04-17 06:55 - JobOrganizer - INFO: Updating jobInformation list
2009-04-17 06:57 - JobOrganizer - INFO: Updating jobInformation list
2009-04-17 06:59 - JobOrganizer - INFO: Updating jobInformation list
2009-04-17 07:01 - JobOrganizer - INFO: Updating jobInformation list
2009-04-17 07:03 - JobOrganizer - INFO: Updating jobInformation list
2009-04-17 07:05 - JobOrganizer - INFO: Updating jobInformation list
2009-04-17 07:07 - JobOrganizer - INFO: Updating jobInformation list
2009-04-17 07:09 - JobOrganizer - INFO: Updating jobInformation list
2009-04-17 07:11 - JobOrganizer - INFO: Updating jobInformation list
2009-04-17 07:13 - JobOrganizer - INFO: Updating jobInformation list
2009-04-17 07:15 - JobOrganizer - INFO: Updating jobInformation list
2009-04-17 07:17 - JobOrganizer - INFO: Updating jobInformation list
2009-04-17 07:19 - JobOrganizer - INFO: Updating jobInformation list
2009-04-17 07:21 - JobOrganizer - INFO: Updating jobInformation list
2009-04-17 07:23 - JobOrganizer - INFO: Updating jobInformation list
2009-04-17 07:25 - JobOrganizer - INFO: Updating jobInformation list
2009-04-17 07:27 - JobOrganizer - INFO: Updating jobInformation list
2009-04-17 07:29 - JobOrganizer - INFO: Updating jobInformation list
2009-04-17 07:31 - JobOrganizer - INFO: Updating jobInformation list
2009-04-17 07:33 - JobOrganizer - INFO: Updating jobInformation list
2009-04-17 07:35 - JobOrganizer - INFO: Updating jobInformation list
2009-04-17 07:37 - JobOrganizer - INFO: Updating jobInformation list
2009-04-17 07:39 - JobOrganizer - INFO: Updating jobInformation list
2009-04-17 07:41 - JobOrganizer - INFO: Updating jobInformation list
2009-04-17 07:43 - JobOrganizer - INFO: Updating jobInformation list
2009-04-17 07:45 - JobOrganizer - INFO: Updating jobInformation list
2009-04-17 07:47 - JobOrganizer - INFO: Updating jobInformation list
2009-04-17 07:49 - JobOrganizer - INFO: Updating jobInformation list
2009-04-17 07:51 - JobOrganizer - INFO: Updating jobInformation list
2009-04-17 07:53 - JobOrganizer - INFO: Updating jobInformation list
2009-04-17 07:55 - JobOrganizer - INFO: Updating jobInformation list
2009-04-17 07:57 - JobOrganizer - INFO: Updating jobInformation list
2009-04-17 07:59 - JobOrganizer - INFO: Updating jobInformation list
2009-04-17 08:01 - JobOrganizer - INFO: Updating jobInformation list
2009-04-17 08:03 - JobOrganizer - INFO: Updating jobInformation list
2009-04-17 08:05 - JobOrganizer - INFO: Updating jobInformation list
2009-04-17 08:07 - JobOrganizer - INFO: Updating jobInformation list
2009-04-17 08:09 - JobOrganizer - INFO: Updating jobInformation list
2009-04-17 08:11 - JobOrganizer - INFO: Updating jobInformation list
2009-04-17 08:13 - JobOrganizer - INFO: Updating jobInformation list
2009-04-17 08:15 - JobOrganizer - INFO: Updating jobInformation list
2009-04-17 08:17 - JobOrganizer - INFO: Updating jobInformation list
2009-04-17 08:19 - JobOrganizer - INFO: Updating jobInformation list
2009-04-17 08:21 - JobOrganizer - INFO: Updating jobInformation list
2009-04-17 08:23 - JobOrganizer - INFO: Updating jobInformation list
2009-04-17 08:25 - JobOrganizer - INFO: Updating jobInformation list
2009-04-17 08:27 - JobOrganizer - INFO: Updating jobInformation list
2009-04-17 08:29 - JobOrganizer - INFO: Updating jobInformation list
2009-04-17 08:31 - JobOrganizer - INFO: Updating jobInformation list
2009-04-17 08:33 - JobOrganizer - INFO: Updating jobInformation list
2009-04-17 08:35 - JobOrganizer - INFO: Updating jobInformation list
2009-04-17 08:37 - JobOrganizer - INFO: Updating jobInformation list
2009-04-17 08:39 - JobOrganizer - INFO: Updating jobInformation list
2009-04-17 08:41 - JobOrganizer - INFO: Updating jobInformation list
2009-04-17 08:43 - JobOrganizer - INFO: Updating jobInformation list
2009-04-17 08:45 - JobOrganizer - INFO: Updating jobInformation list
2009-04-17 08:47 - JobOrganizer - INFO: Updating jobInformation list
2009-04-17 08:49 - JobOrganizer - INFO: Updating jobInformation list
2009-04-17 08:51 - JobOrganizer - INFO: Updating jobInformation list
2009-04-17 08:53 - JobOrganizer - INFO: Updating jobInformation list
2009-04-17 08:55 - JobOrganizer - INFO: Updating jobInformation list
2009-04-17 08:57 - JobOrganizer - INFO: Updating jobInformation list
2009-04-17 08:59 - JobOrganizer - INFO: Updating jobInformation list
2009-04-17 09:01 - JobOrganizer - INFO: Updating jobInformation list
2009-04-17 09:03 - JobOrganizer - INFO: Updating jobInformation list
2009-04-17 09:05 - JobOrganizer - INFO: Updating jobInformation list
2009-04-17 09:07 - JobOrganizer - INFO: Updating jobInformation list
2009-04-17 09:09 - JobOrganizer - INFO: Updating jobInformation list
2009-04-17 09:11 - JobOrganizer - INFO: Updating jobInformation list
2009-04-17 09:13 - JobOrganizer - INFO: Updating jobInformation list
2009-04-17 09:15 - JobOrganizer - INFO: Updating jobInformation list
2009-04-17 09:17 - JobOrganizer - INFO: Updating jobInformation list
2009-04-17 09:19 - JobOrganizer - INFO: Updating jobInformation list
2009-04-17 09:21 - JobOrganizer - INFO: Updating jobInformation list
2009-04-17 09:24 - JobOrganizer - INFO: Updating jobInformation list
2009-04-17 09:26 - JobOrganizer - INFO: Updating jobInformation list
2009-04-17 09:28 - JobOrganizer - INFO: Updating jobInformation list
2009-04-17 09:30 - JobOrganizer - INFO: Updating jobInformation list
2009-04-17 09:32 - JobOrganizer - INFO: Updating jobInformation list
2009-04-17 09:34 - JobOrganizer - INFO: Updating jobInformation list
2009-04-17 09:36 - JobOrganizer - INFO: Updating jobInformation list
2009-04-17 09:38 - JobOrganizer - INFO: Updating jobInformation list
2009-04-17 09:40 - JobOrganizer - INFO: Updating jobInformation list
2009-04-17 09:42 - JobOrganizer - INFO: Updating jobInformation list
2009-04-17 09:44 - JobOrganizer - INFO: Updating jobInformation list
2009-04-17 09:46 - JobOrganizer - INFO: Updating jobInformation list
2009-04-17 09:48 - JobOrganizer - INFO: Updating jobInformation list
2009-04-17 09:50 - JobOrganizer - INFO: Updating jobInformation list
2009-04-17 09:52 - JobOrganizer - INFO: Updating jobInformation list
2009-04-17 09:54 - JobOrganizer - INFO: Updating jobInformation list
2009-04-17 09:56 - JobOrganizer - INFO: Updating jobInformation list
2009-04-17 09:58 - JobOrganizer - INFO: Updating jobInformation list
2009-04-17 10:00 - JobOrganizer - INFO: Updating jobInformation list
2009-04-17 10:02 - JobOrganizer - INFO: Updating jobInformation list
2009-04-17 10:04 - JobOrganizer - INFO: Updating jobInformation list
2009-04-17 10:06 - JobOrganizer - INFO: Updating jobInformation list
2009-04-17 10:08 - JobOrganizer - INFO: Updating jobInformation list
2009-04-17 10:10 - JobOrganizer - INFO: Updating jobInformation list
2009-04-17 10:12 - JobOrganizer - INFO: Updating jobInformation list
2009-04-17 10:14 - JobOrganizer - INFO: Updating jobInformation list
2009-04-17 10:16 - JobOrganizer - INFO: Updating jobInformation list
2009-04-17 10:18 - JobOrganizer - INFO: Updating jobInformation list
2009-04-17 10:20 - JobOrganizer - INFO: Updating jobInformation list
2009-04-17 10:22 - JobOrganizer - INFO: Updating jobInformation list
2009-04-17 10:24 - JobOrganizer - INFO: Updating jobInformation list
2009-04-17 10:26 - JobOrganizer - INFO: Updating jobInformation list
2009-04-17 10:28 - JobOrganizer - INFO: Updating jobInformation list
2009-04-17 10:30 - JobOrganizer - INFO: Updating jobInformation list
2009-04-17 10:32 - JobOrganizer - INFO: Updating jobInformation list
2009-04-17 10:34 - JobOrganizer - INFO: Updating jobInformation list
2009-04-17 10:36 - JobOrganizer - INFO: Updating jobInformation list
2009-04-17 10:38 - JobOrganizer - INFO: Updating jobInformation list
2009-04-17 10:40 - JobOrganizer - INFO: Updating jobInformation list
2009-04-17 10:42 - JobOrganizer - INFO: Updating jobInformation list
2009-04-17 10:44 - JobOrganizer - INFO: Updating jobInformation list
2009-04-17 10:46 - JobOrganizer - INFO: Updating jobInformation list
2009-04-17 10:48 - JobOrganizer - INFO: Updating jobInformation list
2009-04-17 10:50 - JobOrganizer - INFO: Updating jobInformation list
2009-04-17 10:52 - JobOrganizer - INFO: Updating jobInformation list
2009-04-17 10:54 - JobOrganizer - INFO: Updating jobInformation list
2009-04-17 10:56 - JobOrganizer - INFO: Updating jobInformation list
2009-04-17 10:58 - JobOrganizer - INFO: Updating jobInformation list
2009-04-17 11:00 - JobOrganizer - INFO: Updating jobInformation list
2009-04-17 11:02 - JobOrganizer - INFO: Updating jobInformation list
2009-04-17 11:04 - JobOrganizer - INFO: Updating jobInformation list
2009-04-17 11:06 - JobOrganizer - INFO: Updating jobInformation list
2009-04-17 11:08 - JobOrganizer - INFO: Updating jobInformation list
2009-04-17 11:10 - JobOrganizer - INFO: Updating jobInformation list
2009-04-17 11:12 - JobOrganizer - INFO: Updating jobInformation list
2009-04-17 11:14 - JobOrganizer - INFO: Updating jobInformation list
2009-04-17 11:16 - JobOrganizer - INFO: Updating jobInformation list
2009-04-17 11:18 - JobOrganizer - INFO: Updating jobInformation list
2009-04-17 11:20 - JobOrganizer - INFO: Updating jobInformation list
2009-04-17 11:22 - JobOrganizer - INFO: Updating jobInformation list
2009-04-17 11:24 - JobOrganizer - INFO: Updating jobInformation list
2009-04-17 11:26 - JobOrganizer - INFO: Updating jobInformation list
2009-04-17 11:28 - JobOrganizer - INFO: Updating jobInformation list
2009-04-17 11:30 - JobOrganizer - INFO: Updating jobInformation list
2009-04-17 11:32 - JobOrganizer - INFO: Updating jobInformation list
2009-04-17 11:34 - JobOrganizer - INFO: Updating jobInformation list
2009-04-17 11:36 - JobOrganizer - INFO: Updating jobInformation list
2009-04-17 11:38 - JobOrganizer - INFO: Updating jobInformation list
2009-04-17 11:40 - JobOrganizer - INFO: Updating jobInformation list
2009-04-17 11:42 - JobOrganizer - INFO: Updating jobInformation list
2009-04-17 11:44 - JobOrganizer - INFO: Updating jobInformation list
2009-04-17 11:46 - JobOrganizer - INFO: Updating jobInformation list
2009-04-17 11:48 - JobOrganizer - INFO: Updating jobInformation list
2009-04-17 11:50 - JobOrganizer - INFO: Updating jobInformation list
2009-04-17 11:52 - JobOrganizer - INFO: Updating jobInformation list
2009-04-17 11:54 - JobOrganizer - INFO: Updating jobInformation list
2009-04-17 11:56 - JobOrganizer - INFO: Updating jobInformation list
2009-04-17 11:58 - JobOrganizer - INFO: Updating jobInformation list
2009-04-17 12:00 - JobOrganizer - INFO: Updating jobInformation list
2009-04-17 12:02 - JobOrganizer - INFO: Updating jobInformation list
2009-04-17 12:04 - JobOrganizer - INFO: Updating jobInformation list
2009-04-17 12:06 - JobOrganizer - INFO: Updating jobInformation list
2009-04-17 12:08 - JobOrganizer - INFO: Updating jobInformation list
2009-04-17 12:10 - JobOrganizer - INFO: Updating jobInformation list
2009-04-17 12:12 - JobOrganizer - INFO: Updating jobInformation list
2009-04-17 12:14 - JobOrganizer - INFO: Updating jobInformation list
2009-04-17 12:16 - JobOrganizer - INFO: Updating jobInformation list
2009-04-17 12:18 - JobOrganizer - INFO: Updating jobInformation list
2009-04-17 12:20 - JobOrganizer - INFO: Updating jobInformation list
2009-04-17 12:22 - JobOrganizer - INFO: Updating jobInformation list
2009-04-17 12:24 - JobOrganizer - INFO: Updating jobInformation list
2009-04-17 12:26 - JobOrganizer - INFO: Updating jobInformation list
2009-04-17 12:28 - JobOrganizer - INFO: Updating jobInformation list
2009-04-17 12:30 - JobOrganizer - INFO: Updating jobInformation list
2009-04-17 12:32 - JobOrganizer - INFO: Updating jobInformation list
2009-04-17 12:34 - JobOrganizer - INFO: Updating jobInformation list
2009-04-17 12:36 - JobOrganizer - INFO: Updating jobInformation list
2009-04-17 12:38 - JobOrganizer - INFO: Updating jobInformation list
2009-04-17 12:40 - JobOrganizer - INFO: Updating jobInformation list
2009-04-17 12:40 - JobOrganizer - INFO: validate job: True
2009-04-17 12:40 - JobOrganizer - INFO: jobInfo.validation: WAITING
2009-04-17 12:40 - JobOrganizer - INFO: 111125_L1CaloStandalone added to jobInformation list
2009-04-17 12:42 - JobOrganizer - INFO: Updating jobInformation list
2009-04-17 12:45 - JobOrganizer - INFO: Updating jobInformation list
2009-04-17 12:47 - JobOrganizer - INFO: Updating jobInformation list
2009-04-17 12:49 - JobOrganizer - INFO: Updating jobInformation list
2009-04-17 12:51 - JobOrganizer - INFO: Updating jobInformation list
2009-04-17 12:53 - JobOrganizer - INFO: Updating jobInformation list
2009-04-17 12:55 - JobOrganizer - INFO: Updating jobInformation list
2009-04-17 12:57 - JobOrganizer - INFO: Updating jobInformation list
2009-04-17 12:59 - JobOrganizer - INFO: Updating jobInformation list
2009-04-17 13:01 - JobOrganizer - INFO: Updating jobInformation list
2009-04-17 13:01 - JobOrganizer - INFO: validate job: True
2009-04-17 13:01 - JobOrganizer - INFO: jobInfo.validation: WAITING
2009-04-17 13:01 - JobOrganizer - INFO: 111146_L1CaloStandalone added to jobInformation list
2009-04-17 13:03 - JobOrganizer - INFO: Updating jobInformation list
2009-04-17 13:05 - JobOrganizer - INFO: Updating jobInformation list
2009-04-17 13:07 - JobOrganizer - INFO: Updating jobInformation list
2009-04-17 13:09 - JobOrganizer - INFO: Updating jobInformation list
2009-04-17 13:11 - JobOrganizer - INFO: Updating jobInformation list
2009-04-17 13:13 - JobOrganizer - INFO: Updating jobInformation list
2009-04-17 13:15 - JobOrganizer - INFO: Updating jobInformation list
2009-04-17 13:17 - JobOrganizer - INFO: Updating jobInformation list
2009-04-17 13:19 - JobOrganizer - INFO: Updating jobInformation list
2009-04-17 13:21 - JobOrganizer - INFO: Updating jobInformation list
2009-04-17 13:23 - JobOrganizer - INFO: Updating jobInformation list
2009-04-17 13:25 - JobOrganizer - INFO: Updating jobInformation list
2009-04-17 13:27 - JobOrganizer - INFO: Updating jobInformation list
2009-04-17 13:29 - JobOrganizer - INFO: Updating jobInformation list
2009-04-17 13:31 - JobOrganizer - INFO: Updating jobInformation list
2009-04-17 13:33 - JobOrganizer - INFO: Updating jobInformation list
2009-04-17 13:35 - JobOrganizer - INFO: Updating jobInformation list
2009-04-17 13:37 - JobOrganizer - INFO: Updating jobInformation list
2009-04-17 13:39 - JobOrganizer - INFO: Updating jobInformation list
2009-04-17 13:41 - JobOrganizer - INFO: Updating jobInformation list
2009-04-17 13:43 - JobOrganizer - INFO: Updating jobInformation list
2009-04-17 13:45 - JobOrganizer - INFO: Updating jobInformation list
2009-04-17 13:47 - JobOrganizer - INFO: Updating jobInformation list
2009-04-17 13:49 - JobOrganizer - INFO: Updating jobInformation list
2009-04-17 13:51 - JobOrganizer - INFO: Updating jobInformation list
2009-04-17 13:53 - JobOrganizer - INFO: Updating jobInformation list
2009-04-17 13:55 - JobOrganizer - INFO: Updating jobInformation list
2009-04-17 13:57 - JobOrganizer - INFO: Updating jobInformation list
2009-04-17 13:59 - JobOrganizer - INFO: Updating jobInformation list
2009-04-17 14:01 - JobOrganizer - INFO: Updating jobInformation list
2009-04-17 14:03 - JobOrganizer - INFO: Updating jobInformation list
2009-04-17 14:05 - JobOrganizer - INFO: Updating jobInformation list
2009-04-17 14:07 - JobOrganizer - INFO: Updating jobInformation list
2009-04-17 14:09 - JobOrganizer - INFO: Updating jobInformation list
2009-04-17 14:11 - JobOrganizer - INFO: Updating jobInformation list
2009-04-17 14:13 - JobOrganizer - INFO: Updating jobInformation list
2009-04-17 14:15 - JobOrganizer - INFO: Updating jobInformation list
2009-04-17 14:17 - JobOrganizer - INFO: Updating jobInformation list
2009-04-17 14:19 - JobOrganizer - INFO: Updating jobInformation list
2009-04-17 14:21 - JobOrganizer - INFO: Updating jobInformation list
2009-04-17 14:23 - JobOrganizer - INFO: Updating jobInformation list
2009-04-17 14:25 - JobOrganizer - INFO: Updating jobInformation list
2009-04-17 14:27 - JobOrganizer - INFO: Updating jobInformation list
2009-04-17 14:29 - JobOrganizer - INFO: Updating jobInformation list
2009-04-17 14:31 - JobOrganizer - INFO: Updating jobInformation list
2009-04-17 14:33 - JobOrganizer - INFO: Updating jobInformation list
2009-04-17 14:35 - JobOrganizer - INFO: Updating jobInformation list
2009-04-17 14:37 - JobOrganizer - INFO: Updating jobInformation list
2009-04-17 14:39 - JobOrganizer - INFO: Updating jobInformation list
2009-04-17 14:41 - JobOrganizer - INFO: Updating jobInformation list
2009-04-17 14:43 - JobOrganizer - INFO: Updating jobInformation list
2009-04-17 14:45 - JobOrganizer - INFO: Updating jobInformation list
2009-04-17 14:48 - JobOrganizer - INFO: Updating jobInformation list
2009-04-17 14:50 - JobOrganizer - INFO: Updating jobInformation list
2009-04-17 14:52 - JobOrganizer - INFO: Updating jobInformation list
2009-04-17 14:54 - JobOrganizer - INFO: Updating jobInformation list
2009-04-17 14:54 - JobOrganizer - INFO: validate job: False
2009-04-17 14:54 - JobOrganizer - INFO: jobInfo.validation: NONE
2009-04-17 14:54 - JobOrganizer - INFO: 111265_CBNT added to jobInformation list
2009-04-17 14:56 - JobOrganizer - INFO: Updating jobInformation list
2009-04-17 14:58 - JobOrganizer - INFO: Updating jobInformation list
2009-04-17 15:00 - JobOrganizer - INFO: Updating jobInformation list
2009-04-17 15:02 - JobOrganizer - INFO: Updating jobInformation list
2009-04-17 15:04 - JobOrganizer - INFO: Updating jobInformation list
2009-04-17 15:06 - JobOrganizer - INFO: Updating jobInformation list
2009-04-17 15:08 - JobOrganizer - INFO: Updating jobInformation list
2009-04-17 15:10 - JobOrganizer - INFO: Updating jobInformation list
2009-04-17 15:12 - JobOrganizer - INFO: Updating jobInformation list
2009-04-17 15:14 - JobOrganizer - INFO: Updating jobInformation list
2009-04-17 15:16 - JobOrganizer - INFO: Updating jobInformation list
2009-04-17 15:18 - JobOrganizer - INFO: Updating jobInformation list
2009-04-17 15:20 - JobOrganizer - INFO: Updating jobInformation list
2009-04-17 15:22 - JobOrganizer - INFO: Updating jobInformation list
2009-04-17 15:24 - JobOrganizer - INFO: Updating jobInformation list
2009-04-17 15:24 - JobOrganizer - INFO: validate job: False
2009-04-17 15:24 - JobOrganizer - INFO: jobInfo.validation: NONE
2009-04-17 15:24 - JobOrganizer - INFO: 111290_CBNT added to jobInformation list
2009-04-17 15:26 - JobOrganizer - INFO: Updating jobInformation list
2009-04-17 15:28 - JobOrganizer - INFO: Updating jobInformation list
2009-04-17 15:30 - JobOrganizer - INFO: Updating jobInformation list
2009-04-17 15:32 - JobOrganizer - INFO: Updating jobInformation list
2009-04-17 15:34 - JobOrganizer - INFO: Updating jobInformation list
2009-04-17 15:34 - JobOrganizer - INFO: validate job: False
2009-04-17 15:34 - JobOrganizer - INFO: jobInfo.validation: NONE
2009-04-17 15:34 - JobOrganizer - INFO: 111298_CBNT added to jobInformation list
2009-04-17 15:34 - JobOrganizer - INFO: validate job: False
2009-04-17 15:34 - JobOrganizer - INFO: jobInfo.validation: NONE
2009-04-17 15:34 - JobOrganizer - INFO: 111306_CBNT added to jobInformation list
2009-04-17 15:34 - JobOrganizer - INFO: validate job: False
2009-04-17 15:34 - JobOrganizer - INFO: jobInfo.validation: NONE
2009-04-17 15:34 - JobOrganizer - INFO: 111311_CBNT added to jobInformation list
2009-04-17 15:37 - JobOrganizer - INFO: Updating jobInformation list
2009-04-17 15:39 - JobOrganizer - INFO: Updating jobInformation list
2009-04-17 15:42 - JobOrganizer - INFO: Updating jobInformation list
2009-04-17 15:44 - JobOrganizer - INFO: Updating jobInformation list
2009-04-17 15:46 - JobOrganizer - INFO: Updating jobInformation list
2009-04-17 15:48 - JobOrganizer - INFO: Updating jobInformation list
2009-04-17 15:50 - JobOrganizer - INFO: Updating jobInformation list
2009-04-17 15:52 - JobOrganizer - INFO: Updating jobInformation list
2009-04-17 15:54 - JobOrganizer - INFO: Updating jobInformation list
2009-04-17 15:56 - JobOrganizer - INFO: Updating jobInformation list
2009-04-17 15:58 - JobOrganizer - INFO: Updating jobInformation list
2009-04-17 16:00 - JobOrganizer - INFO: Updating jobInformation list
2009-04-17 16:02 - JobOrganizer - INFO: Updating jobInformation list
2009-04-17 16:04 - JobOrganizer - INFO: Updating jobInformation list
2009-04-17 16:06 - JobOrganizer - INFO: Updating jobInformation list
2009-04-17 16:08 - JobOrganizer - INFO: Updating jobInformation list
2009-04-17 16:10 - JobOrganizer - INFO: Updating jobInformation list
2009-04-17 16:12 - JobOrganizer - INFO: Updating jobInformation list
2009-04-17 16:14 - JobOrganizer - INFO: Updating jobInformation list
2009-04-17 16:16 - JobOrganizer - INFO: Updating jobInformation list
2009-04-17 16:16 - JobOrganizer - INFO: validate job: False
2009-04-17 16:16 - JobOrganizer - INFO: jobInfo.validation: NONE
2009-04-17 16:16 - JobOrganizer - INFO: 111353_CBNT added to jobInformation list
2009-04-17 16:18 - JobOrganizer - INFO: Updating jobInformation list
2009-04-17 16:20 - JobOrganizer - INFO: Updating jobInformation list
2009-04-17 16:22 - JobOrganizer - INFO: Updating jobInformation list
2009-04-17 16:25 - JobOrganizer - INFO: Updating jobInformation list
2009-04-17 16:27 - JobOrganizer - INFO: Updating jobInformation list
2009-04-17 16:27 - JobOrganizer - INFO: validate job: False
2009-04-17 16:27 - JobOrganizer - INFO: jobInfo.validation: NONE
2009-04-17 16:27 - JobOrganizer - INFO: 111361_CBNT added to jobInformation list
2009-04-17 16:27 - JobOrganizer - INFO: validate job: False
2009-04-17 16:27 - JobOrganizer - INFO: jobInfo.validation: NONE
2009-04-17 16:27 - JobOrganizer - INFO: 111370_CBNT added to jobInformation list
2009-04-17 16:30 - JobOrganizer - INFO: Updating jobInformation list
2009-04-17 16:32 - JobOrganizer - INFO: Updating jobInformation list
2009-04-17 16:37 - JobOrganizer - INFO: Updating jobInformation list
2009-04-17 16:37 - JobOrganizer - INFO: validate job: False
2009-04-17 16:37 - JobOrganizer - INFO: jobInfo.validation: NONE
2009-04-17 16:37 - JobOrganizer - INFO: 111377_CBNT added to jobInformation list
2009-04-17 16:39 - JobOrganizer - INFO: Updating jobInformation list
2009-04-17 16:41 - JobOrganizer - INFO: Updating jobInformation list
2009-04-17 16:43 - JobOrganizer - INFO: Updating jobInformation list
2009-04-17 16:45 - JobOrganizer - INFO: Updating jobInformation list
2009-04-17 16:47 - JobOrganizer - INFO: Updating jobInformation list
2009-04-17 16:49 - JobOrganizer - INFO: Updating jobInformation list
2009-04-17 16:51 - JobOrganizer - INFO: Updating jobInformation list
2009-04-17 16:53 - JobOrganizer - INFO: Updating jobInformation list
2009-04-17 16:55 - JobOrganizer - INFO: Updating jobInformation list
2009-04-17 16:57 - JobOrganizer - INFO: Updating jobInformation list
2009-04-17 16:57 - JobOrganizer - INFO: validate job: False
2009-04-17 16:57 - JobOrganizer - INFO: jobInfo.validation: NONE
2009-04-17 16:57 - JobOrganizer - INFO: 111396_CBNT added to jobInformation list
2009-04-17 16:59 - JobOrganizer - INFO: Updating jobInformation list
2009-04-17 17:01 - JobOrganizer - INFO: Updating jobInformation list
2009-04-17 17:03 - JobOrganizer - INFO: Updating jobInformation list
2009-04-17 17:05 - JobOrganizer - INFO: Updating jobInformation list
2009-04-17 17:07 - JobOrganizer - INFO: Updating jobInformation list
2009-04-17 17:10 - JobOrganizer - INFO: Updating jobInformation list
2009-04-17 17:12 - JobOrganizer - INFO: Updating jobInformation list
2009-04-17 17:14 - JobOrganizer - INFO: Updating jobInformation list
2009-04-17 17:17 - JobOrganizer - INFO: Updating jobInformation list
2009-04-17 17:20 - JobOrganizer - INFO: Updating jobInformation list
2009-04-17 17:22 - JobOrganizer - INFO: Updating jobInformation list
2009-04-17 17:24 - JobOrganizer - INFO: Updating jobInformation list
2009-04-17 17:26 - JobOrganizer - INFO: Updating jobInformation list
2009-04-17 17:28 - JobOrganizer - INFO: Updating jobInformation list
2009-04-17 17:30 - JobOrganizer - INFO: Updating jobInformation list
2009-04-17 17:32 - JobOrganizer - INFO: Updating jobInformation list
2009-04-17 17:34 - JobOrganizer - INFO: Updating jobInformation list
2009-04-17 17:37 - JobOrganizer - INFO: Updating jobInformation list
2009-04-17 17:42 - JobOrganizer - INFO: Updating jobInformation list
2009-04-17 17:45 - JobOrganizer - INFO: Updating jobInformation list
2009-04-17 17:47 - JobOrganizer - INFO: Updating jobInformation list
2009-04-17 17:49 - JobOrganizer - INFO: Updating jobInformation list
2009-04-17 17:51 - JobOrganizer - INFO: Updating jobInformation list
2009-04-17 17:53 - JobOrganizer - INFO: Updating jobInformation list
2009-04-17 17:55 - JobOrganizer - INFO: Updating jobInformation list
2009-04-17 17:57 - JobOrganizer - INFO: Updating jobInformation list
2009-04-17 17:59 - JobOrganizer - INFO: Updating jobInformation list
2009-04-17 18:01 - JobOrganizer - INFO: Updating jobInformation list
2009-04-17 18:03 - JobOrganizer - INFO: Updating jobInformation list
2009-04-17 18:05 - JobOrganizer - INFO: Updating jobInformation list
2009-04-17 18:07 - JobOrganizer - INFO: Updating jobInformation list
2009-04-17 18:09 - JobOrganizer - INFO: Updating jobInformation list
2009-04-17 18:11 - JobOrganizer - INFO: Updating jobInformation list
2009-04-17 18:13 - JobOrganizer - INFO: Updating jobInformation list
2009-04-17 18:15 - JobOrganizer - INFO: Updating jobInformation list
2009-04-17 18:17 - JobOrganizer - INFO: Updating jobInformation list
2009-04-17 18:19 - JobOrganizer - INFO: Updating jobInformation list
2009-04-17 18:21 - JobOrganizer - INFO: Updating jobInformation list
2009-04-17 18:23 - JobOrganizer - INFO: Updating jobInformation list
2009-04-17 18:25 - JobOrganizer - INFO: Updating jobInformation list
2009-04-17 18:27 - JobOrganizer - INFO: Updating jobInformation list
2009-04-17 18:29 - JobOrganizer - INFO: Updating jobInformation list
2009-04-17 18:31 - JobOrganizer - INFO: Updating jobInformation list
2009-04-17 18:33 - JobOrganizer - INFO: Updating jobInformation list
2009-04-17 18:35 - JobOrganizer - INFO: Updating jobInformation list
2009-04-17 18:37 - JobOrganizer - INFO: Updating jobInformation list
2009-04-17 18:39 - JobOrganizer - INFO: Updating jobInformation list
2009-04-17 18:41 - JobOrganizer - INFO: Updating jobInformation list
2009-04-17 18:43 - JobOrganizer - INFO: Updating jobInformation list
2009-04-17 18:45 - JobOrganizer - INFO: Updating jobInformation list
2009-04-17 18:47 - JobOrganizer - INFO: Updating jobInformation list
2009-04-17 18:49 - JobOrganizer - INFO: Updating jobInformation list
2009-04-17 18:51 - JobOrganizer - INFO: Updating jobInformation list
2009-04-17 18:53 - JobOrganizer - INFO: Updating jobInformation list
2009-04-17 18:55 - JobOrganizer - INFO: Updating jobInformation list
2009-04-17 18:57 - JobOrganizer - INFO: Updating jobInformation list
2009-04-17 18:59 - JobOrganizer - INFO: Updating jobInformation list
2009-04-17 19:01 - JobOrganizer - INFO: Updating jobInformation list
2009-04-17 19:03 - JobOrganizer - INFO: Updating jobInformation list
2009-04-17 19:05 - JobOrganizer - INFO: Updating jobInformation list
2009-04-17 19:07 - JobOrganizer - INFO: Updating jobInformation list
2009-04-17 19:09 - JobOrganizer - INFO: Updating jobInformation list
2009-04-17 19:11 - JobOrganizer - INFO: Updating jobInformation list
2009-04-17 19:13 - JobOrganizer - INFO: Updating jobInformation list
2009-04-17 19:15 - JobOrganizer - INFO: Updating jobInformation list
2009-04-17 19:17 - JobOrganizer - INFO: Updating jobInformation list
2009-04-17 19:19 - JobOrganizer - INFO: Updating jobInformation list
2009-04-17 19:21 - JobOrganizer - INFO: Updating jobInformation list
2009-04-17 19:24 - JobOrganizer - INFO: Updating jobInformation list
2009-04-17 19:26 - JobOrganizer - INFO: Updating jobInformation list
2009-04-17 19:28 - JobOrganizer - INFO: Updating jobInformation list
2009-04-17 19:30 - JobOrganizer - INFO: Updating jobInformation list
2009-04-17 19:32 - JobOrganizer - INFO: Updating jobInformation list
2009-04-17 19:34 - JobOrganizer - INFO: Updating jobInformation list
2009-04-17 19:36 - JobOrganizer - INFO: Updating jobInformation list
2009-04-17 19:38 - JobOrganizer - INFO: Updating jobInformation list
2009-04-17 19:40 - JobOrganizer - INFO: Updating jobInformation list
2009-04-17 19:42 - JobOrganizer - INFO: Updating jobInformation list
2009-04-17 19:44 - JobOrganizer - INFO: Updating jobInformation list
2009-04-17 19:46 - JobOrganizer - INFO: Updating jobInformation list
2009-04-17 19:48 - JobOrganizer - INFO: Updating jobInformation list
2009-04-17 19:50 - JobOrganizer - INFO: Updating jobInformation list
2009-04-17 19:52 - JobOrganizer - INFO: Updating jobInformation list
2009-04-17 19:54 - JobOrganizer - INFO: Updating jobInformation list
2009-04-17 19:56 - JobOrganizer - INFO: Updating jobInformation list
2009-04-17 19:58 - JobOrganizer - INFO: Updating jobInformation list
2009-04-17 20:00 - JobOrganizer - INFO: Updating jobInformation list
2009-04-17 20:02 - JobOrganizer - INFO: Updating jobInformation list
2009-04-17 20:04 - JobOrganizer - INFO: Updating jobInformation list
2009-04-17 20:06 - JobOrganizer - INFO: Updating jobInformation list
2009-04-17 20:08 - JobOrganizer - INFO: Updating jobInformation list
2009-04-17 20:10 - JobOrganizer - INFO: Updating jobInformation list
2009-04-17 20:12 - JobOrganizer - INFO: Updating jobInformation list
2009-04-17 20:14 - JobOrganizer - INFO: Updating jobInformation list
2009-04-17 20:16 - JobOrganizer - INFO: Updating jobInformation list
2009-04-17 20:18 - JobOrganizer - INFO: Updating jobInformation list
2009-04-17 20:20 - JobOrganizer - INFO: Updating jobInformation list
2009-04-17 20:22 - JobOrganizer - INFO: Updating jobInformation list
2009-04-17 20:24 - JobOrganizer - INFO: Updating jobInformation list
2009-04-17 20:26 - JobOrganizer - INFO: Updating jobInformation list
2009-04-17 20:28 - JobOrganizer - INFO: Updating jobInformation list
2009-04-17 20:30 - JobOrganizer - INFO: Updating jobInformation list
2009-04-17 20:32 - JobOrganizer - INFO: Updating jobInformation list
2009-04-17 20:34 - JobOrganizer - INFO: Updating jobInformation list
2009-04-17 20:36 - JobOrganizer - INFO: Updating jobInformation list
2009-04-17 20:38 - JobOrganizer - INFO: Updating jobInformation list
2009-04-17 20:40 - JobOrganizer - INFO: Updating jobInformation list
2009-04-17 20:42 - JobOrganizer - INFO: Updating jobInformation list
2009-04-17 20:44 - JobOrganizer - INFO: Updating jobInformation list
2009-04-17 20:46 - JobOrganizer - INFO: Updating jobInformation list
2009-04-17 20:48 - JobOrganizer - INFO: Updating jobInformation list
2009-04-17 20:50 - JobOrganizer - INFO: Updating jobInformation list
2009-04-17 20:52 - JobOrganizer - INFO: Updating jobInformation list
2009-04-17 20:54 - JobOrganizer - INFO: Updating jobInformation list
2009-04-17 20:56 - JobOrganizer - INFO: Updating jobInformation list
2009-04-17 20:58 - JobOrganizer - INFO: Updating jobInformation list
2009-04-17 21:00 - JobOrganizer - INFO: Updating jobInformation list
2009-04-17 21:02 - JobOrganizer - INFO: Updating jobInformation list
2009-04-17 21:04 - JobOrganizer - INFO: Updating jobInformation list
2009-04-17 21:06 - JobOrganizer - INFO: Updating jobInformation list
2009-04-17 21:08 - JobOrganizer - INFO: Updating jobInformation list
2009-04-17 21:10 - JobOrganizer - INFO: Updating jobInformation list
2009-04-17 21:12 - JobOrganizer - INFO: Updating jobInformation list
2009-04-17 21:14 - JobOrganizer - INFO: Updating jobInformation list
2009-04-17 21:16 - JobOrganizer - INFO: Updating jobInformation list
2009-04-17 21:18 - JobOrganizer - INFO: Updating jobInformation list
2009-04-17 21:20 - JobOrganizer - INFO: Updating jobInformation list
2009-04-17 21:22 - JobOrganizer - INFO: Updating jobInformation list
2009-04-17 21:24 - JobOrganizer - INFO: Updating jobInformation list
2009-04-17 21:26 - JobOrganizer - INFO: Updating jobInformation list
2009-04-17 21:28 - JobOrganizer - INFO: Updating jobInformation list
2009-04-17 21:30 - JobOrganizer - INFO: Updating jobInformation list
2009-04-17 21:32 - JobOrganizer - INFO: Updating jobInformation list
2009-04-17 21:34 - JobOrganizer - INFO: Updating jobInformation list
2009-04-17 21:36 - JobOrganizer - INFO: Updating jobInformation list
2009-04-17 21:38 - JobOrganizer - INFO: Updating jobInformation list
2009-04-17 21:40 - JobOrganizer - INFO: Updating jobInformation list
2009-04-17 21:42 - JobOrganizer - INFO: Updating jobInformation list
2009-04-17 21:44 - JobOrganizer - INFO: Updating jobInformation list
2009-04-17 21:46 - JobOrganizer - INFO: Updating jobInformation list
2009-04-17 21:48 - JobOrganizer - INFO: Updating jobInformation list
2009-04-17 21:50 - JobOrganizer - INFO: Updating jobInformation list
2009-04-17 21:52 - JobOrganizer - INFO: Updating jobInformation list
2009-04-17 21:55 - JobOrganizer - INFO: Updating jobInformation list
2009-04-17 21:57 - JobOrganizer - INFO: Updating jobInformation list
2009-04-17 21:59 - JobOrganizer - INFO: Updating jobInformation list
2009-04-17 22:01 - JobOrganizer - INFO: Updating jobInformation list
2009-04-17 22:03 - JobOrganizer - INFO: Updating jobInformation list
2009-04-17 22:05 - JobOrganizer - INFO: Updating jobInformation list
2009-04-17 22:07 - JobOrganizer - INFO: Updating jobInformation list
2009-04-17 22:09 - JobOrganizer - INFO: Updating jobInformation list
2009-04-17 22:11 - JobOrganizer - INFO: Updating jobInformation list
2009-04-17 22:13 - JobOrganizer - INFO: Updating jobInformation list
2009-04-17 22:15 - JobOrganizer - INFO: Updating jobInformation list
2009-04-17 22:17 - JobOrganizer - INFO: Updating jobInformation list
2009-04-17 22:19 - JobOrganizer - INFO: Updating jobInformation list
2009-04-17 22:21 - JobOrganizer - INFO: Updating jobInformation list
2009-04-17 22:23 - JobOrganizer - INFO: Updating jobInformation list
2009-04-17 22:25 - JobOrganizer - INFO: Updating jobInformation list
2009-04-17 22:27 - JobOrganizer - INFO: Updating jobInformation list
2009-04-17 22:29 - JobOrganizer - INFO: Updating jobInformation list
2009-04-17 22:31 - JobOrganizer - INFO: Updating jobInformation list
2009-04-17 22:33 - JobOrganizer - INFO: Updating jobInformation list
2009-04-17 22:35 - JobOrganizer - INFO: Updating jobInformation list
2009-04-17 22:37 - JobOrganizer - INFO: Updating jobInformation list
2009-04-17 22:39 - JobOrganizer - INFO: Updating jobInformation list
2009-04-17 22:41 - JobOrganizer - INFO: Updating jobInformation list
2009-04-17 22:43 - JobOrganizer - INFO: Updating jobInformation list
2009-04-17 22:45 - JobOrganizer - INFO: Updating jobInformation list
2009-04-17 22:47 - JobOrganizer - INFO: Updating jobInformation list
2009-04-17 22:49 - JobOrganizer - INFO: Updating jobInformation list
2009-04-17 22:51 - JobOrganizer - INFO: Updating jobInformation list
2009-04-17 22:53 - JobOrganizer - INFO: Updating jobInformation list
2009-04-17 22:55 - JobOrganizer - INFO: Updating jobInformation list
2009-04-17 22:57 - JobOrganizer - INFO: Updating jobInformation list
2009-04-17 22:59 - JobOrganizer - INFO: Updating jobInformation list
2009-04-17 23:01 - JobOrganizer - INFO: Updating jobInformation list
2009-04-17 23:03 - JobOrganizer - INFO: Updating jobInformation list
2009-04-17 23:05 - JobOrganizer - INFO: Updating jobInformation list
2009-04-17 23:07 - JobOrganizer - INFO: Updating jobInformation list
2009-04-17 23:09 - JobOrganizer - INFO: Updating jobInformation list
2009-04-17 23:11 - JobOrganizer - INFO: Updating jobInformation list
2009-04-17 23:13 - JobOrganizer - INFO: Updating jobInformation list
2009-04-17 23:15 - JobOrganizer - INFO: Updating jobInformation list
2009-04-17 23:17 - JobOrganizer - INFO: Updating jobInformation list
2009-04-17 23:19 - JobOrganizer - INFO: Updating jobInformation list
2009-04-17 23:21 - JobOrganizer - INFO: Updating jobInformation list
2009-04-17 23:23 - JobOrganizer - INFO: Updating jobInformation list
2009-04-17 23:25 - JobOrganizer - INFO: Updating jobInformation list
2009-04-17 23:27 - JobOrganizer - INFO: Updating jobInformation list
2009-04-17 23:29 - JobOrganizer - INFO: Updating jobInformation list
2009-04-17 23:31 - JobOrganizer - INFO: Updating jobInformation list
2009-04-17 23:33 - JobOrganizer - INFO: Updating jobInformation list
2009-04-17 23:35 - JobOrganizer - INFO: Updating jobInformation list
2009-04-17 23:37 - JobOrganizer - INFO: Updating jobInformation list
2009-04-17 23:39 - JobOrganizer - INFO: Updating jobInformation list
2009-04-17 23:41 - JobOrganizer - INFO: Updating jobInformation list
2009-04-17 23:43 - JobOrganizer - INFO: Updating jobInformation list
2009-04-17 23:45 - JobOrganizer - INFO: Updating jobInformation list
2009-04-17 23:47 - JobOrganizer - INFO: Updating jobInformation list
2009-04-17 23:49 - JobOrganizer - INFO: Updating jobInformation list
2009-04-17 23:51 - JobOrganizer - INFO: Updating jobInformation list
2009-04-17 23:53 - JobOrganizer - INFO: Updating jobInformation list
2009-04-17 23:55 - JobOrganizer - INFO: Updating jobInformation list
2009-04-17 23:57 - JobOrganizer - INFO: Updating jobInformation list
2009-04-17 23:59 - JobOrganizer - INFO: Updating jobInformation list
2009-04-18 00:01 - JobOrganizer - INFO: Updating jobInformation list
