2009-04-15 19:05 - JobOrganizer - INFO: ========================================
2009-04-15 19:05 - JobOrganizer - INFO: JobOrganizer in init
2009-04-15 19:05 - JobOrganizer - INFO: init file JobOrganizerConfig.py was found
2009-04-15 19:05 - JobOrganizer - INFO: retrieveing Db parameters from JobOrganizerConfig.py file
2009-04-15 19:05 - JobOrganizer - INFO: creating job configurations from JobOrganizerConfig.py file
2009-04-15 19:05 - JobOrganizer - INFO: JobOrganizer initialized
2009-04-15 19:05 - JobOrganizer - INFO: ========================================
2009-04-15 19:07 - JobOrganizer - INFO: Updating jobInformation list
2009-04-15 19:10 - JobOrganizer - INFO: Updating jobInformation list
2009-04-15 19:12 - JobOrganizer - INFO: Updating jobInformation list
2009-04-15 19:14 - JobOrganizer - INFO: Updating jobInformation list
2009-04-15 19:16 - JobOrganizer - INFO: Updating jobInformation list
2009-04-15 19:18 - JobOrganizer - INFO: Updating jobInformation list
2009-04-15 19:20 - JobOrganizer - INFO: Updating jobInformation list
2009-04-15 19:22 - JobOrganizer - INFO: Updating jobInformation list
2009-04-15 19:24 - JobOrganizer - INFO: Updating jobInformation list
2009-04-15 19:26 - JobOrganizer - INFO: Updating jobInformation list
2009-04-15 19:28 - JobOrganizer - INFO: Updating jobInformation list
2009-04-15 19:30 - JobOrganizer - INFO: Updating jobInformation list
2009-04-15 19:32 - JobOrganizer - INFO: Updating jobInformation list
2009-04-15 19:34 - JobOrganizer - INFO: Updating jobInformation list
2009-04-15 19:36 - JobOrganizer - INFO: Updating jobInformation list
2009-04-15 19:38 - JobOrganizer - INFO: Updating jobInformation list
2009-04-15 19:40 - JobOrganizer - INFO: Updating jobInformation list
2009-04-15 19:42 - JobOrganizer - INFO: Updating jobInformation list
2009-04-15 19:44 - JobOrganizer - INFO: Updating jobInformation list
2009-04-15 19:46 - JobOrganizer - INFO: Updating jobInformation list
2009-04-15 19:48 - JobOrganizer - INFO: Updating jobInformation list
2009-04-15 19:50 - JobOrganizer - INFO: Updating jobInformation list
2009-04-15 19:52 - JobOrganizer - INFO: Updating jobInformation list
2009-04-15 19:54 - JobOrganizer - INFO: Updating jobInformation list
2009-04-15 19:56 - JobOrganizer - INFO: Updating jobInformation list
2009-04-15 19:58 - JobOrganizer - INFO: Updating jobInformation list
2009-04-15 20:00 - JobOrganizer - INFO: Updating jobInformation list
2009-04-15 20:02 - JobOrganizer - INFO: Updating jobInformation list
2009-04-15 20:04 - JobOrganizer - INFO: Updating jobInformation list
2009-04-15 20:06 - JobOrganizer - INFO: Updating jobInformation list
2009-04-15 20:08 - JobOrganizer - INFO: Updating jobInformation list
2009-04-15 20:10 - JobOrganizer - INFO: Updating jobInformation list
2009-04-15 20:12 - JobOrganizer - INFO: Updating jobInformation list
2009-04-15 20:14 - JobOrganizer - INFO: Updating jobInformation list
2009-04-15 20:16 - JobOrganizer - INFO: Updating jobInformation list
2009-04-15 20:18 - JobOrganizer - INFO: Updating jobInformation list
2009-04-15 20:20 - JobOrganizer - INFO: Updating jobInformation list
2009-04-15 20:22 - JobOrganizer - INFO: Updating jobInformation list
2009-04-15 20:24 - JobOrganizer - INFO: Updating jobInformation list
2009-04-15 20:26 - JobOrganizer - INFO: Updating jobInformation list
2009-04-15 20:28 - JobOrganizer - INFO: Updating jobInformation list
2009-04-15 20:30 - JobOrganizer - INFO: Updating jobInformation list
2009-04-15 20:32 - JobOrganizer - INFO: Updating jobInformation list
2009-04-15 20:34 - JobOrganizer - INFO: Updating jobInformation list
2009-04-15 20:36 - JobOrganizer - INFO: Updating jobInformation list
2009-04-15 20:38 - JobOrganizer - INFO: Updating jobInformation list
2009-04-15 20:40 - JobOrganizer - INFO: Updating jobInformation list
2009-04-15 20:42 - JobOrganizer - INFO: Updating jobInformation list
2009-04-15 20:44 - JobOrganizer - INFO: Updating jobInformation list
2009-04-15 20:46 - JobOrganizer - INFO: Updating jobInformation list
2009-04-15 20:48 - JobOrganizer - INFO: Updating jobInformation list
2009-04-15 20:50 - JobOrganizer - INFO: Updating jobInformation list
2009-04-15 20:52 - JobOrganizer - INFO: Updating jobInformation list
2009-04-15 20:54 - JobOrganizer - INFO: Updating jobInformation list
2009-04-15 20:56 - JobOrganizer - INFO: Updating jobInformation list
2009-04-15 20:58 - JobOrganizer - INFO: Updating jobInformation list
2009-04-15 21:00 - JobOrganizer - INFO: Updating jobInformation list
2009-04-15 21:03 - JobOrganizer - INFO: Updating jobInformation list
2009-04-15 21:05 - JobOrganizer - INFO: Updating jobInformation list
2009-04-15 21:07 - JobOrganizer - INFO: Updating jobInformation list
2009-04-15 21:09 - JobOrganizer - INFO: Updating jobInformation list
2009-04-15 21:11 - JobOrganizer - INFO: Updating jobInformation list
2009-04-15 21:13 - JobOrganizer - INFO: Updating jobInformation list
2009-04-15 21:15 - JobOrganizer - INFO: Updating jobInformation list
2009-04-15 21:17 - JobOrganizer - INFO: Updating jobInformation list
2009-04-15 21:19 - JobOrganizer - INFO: Updating jobInformation list
2009-04-15 21:21 - JobOrganizer - INFO: Updating jobInformation list
2009-04-15 21:23 - JobOrganizer - INFO: Updating jobInformation list
2009-04-15 21:25 - JobOrganizer - INFO: Updating jobInformation list
2009-04-15 21:27 - JobOrganizer - INFO: Updating jobInformation list
2009-04-15 21:29 - JobOrganizer - INFO: Updating jobInformation list
2009-04-15 21:31 - JobOrganizer - INFO: Updating jobInformation list
2009-04-15 21:33 - JobOrganizer - INFO: Updating jobInformation list
2009-04-15 21:35 - JobOrganizer - INFO: Updating jobInformation list
2009-04-15 21:37 - JobOrganizer - INFO: Updating jobInformation list
2009-04-15 21:39 - JobOrganizer - INFO: Updating jobInformation list
2009-04-15 21:41 - JobOrganizer - INFO: Updating jobInformation list
2009-04-15 21:43 - JobOrganizer - INFO: Updating jobInformation list
2009-04-15 21:45 - JobOrganizer - INFO: Updating jobInformation list
2009-04-15 21:47 - JobOrganizer - INFO: Updating jobInformation list
2009-04-15 21:49 - JobOrganizer - INFO: Updating jobInformation list
2009-04-15 21:51 - JobOrganizer - INFO: Updating jobInformation list
2009-04-15 21:53 - JobOrganizer - INFO: Updating jobInformation list
2009-04-15 21:55 - JobOrganizer - INFO: Updating jobInformation list
2009-04-15 21:57 - JobOrganizer - INFO: Updating jobInformation list
2009-04-15 21:59 - JobOrganizer - INFO: Updating jobInformation list
2009-04-15 22:01 - JobOrganizer - INFO: Updating jobInformation list
2009-04-15 22:03 - JobOrganizer - INFO: Updating jobInformation list
2009-04-15 22:05 - JobOrganizer - INFO: Updating jobInformation list
2009-04-15 22:07 - JobOrganizer - INFO: Updating jobInformation list
2009-04-15 22:09 - JobOrganizer - INFO: Updating jobInformation list
2009-04-15 22:11 - JobOrganizer - INFO: Updating jobInformation list
2009-04-15 22:13 - JobOrganizer - INFO: Updating jobInformation list
2009-04-15 22:15 - JobOrganizer - INFO: Updating jobInformation list
2009-04-15 22:17 - JobOrganizer - INFO: Updating jobInformation list
2009-04-15 22:19 - JobOrganizer - INFO: Updating jobInformation list
2009-04-15 22:21 - JobOrganizer - INFO: Updating jobInformation list
2009-04-15 22:23 - JobOrganizer - INFO: Updating jobInformation list
2009-04-15 22:25 - JobOrganizer - INFO: Updating jobInformation list
2009-04-15 22:27 - JobOrganizer - INFO: Updating jobInformation list
2009-04-15 22:29 - JobOrganizer - INFO: Updating jobInformation list
2009-04-15 22:31 - JobOrganizer - INFO: Updating jobInformation list
2009-04-15 22:33 - JobOrganizer - INFO: Updating jobInformation list
2009-04-15 22:35 - JobOrganizer - INFO: Updating jobInformation list
2009-04-15 22:37 - JobOrganizer - INFO: Updating jobInformation list
2009-04-15 22:39 - JobOrganizer - INFO: Updating jobInformation list
2009-04-15 22:41 - JobOrganizer - INFO: Updating jobInformation list
2009-04-15 22:43 - JobOrganizer - INFO: Updating jobInformation list
2009-04-15 22:45 - JobOrganizer - INFO: Updating jobInformation list
2009-04-15 22:47 - JobOrganizer - INFO: Updating jobInformation list
2009-04-15 22:49 - JobOrganizer - INFO: Updating jobInformation list
2009-04-15 22:51 - JobOrganizer - INFO: Updating jobInformation list
2009-04-15 22:53 - JobOrganizer - INFO: Updating jobInformation list
2009-04-15 22:55 - JobOrganizer - INFO: Updating jobInformation list
2009-04-15 22:57 - JobOrganizer - INFO: Updating jobInformation list
2009-04-15 22:59 - JobOrganizer - INFO: Updating jobInformation list
2009-04-15 23:01 - JobOrganizer - INFO: Updating jobInformation list
2009-04-15 23:03 - JobOrganizer - INFO: Updating jobInformation list
2009-04-15 23:05 - JobOrganizer - INFO: Updating jobInformation list
2009-04-15 23:07 - JobOrganizer - INFO: Updating jobInformation list
2009-04-15 23:09 - JobOrganizer - INFO: Updating jobInformation list
2009-04-15 23:11 - JobOrganizer - INFO: Updating jobInformation list
2009-04-15 23:13 - JobOrganizer - INFO: Updating jobInformation list
2009-04-15 23:15 - JobOrganizer - INFO: Updating jobInformation list
2009-04-15 23:17 - JobOrganizer - INFO: Updating jobInformation list
2009-04-15 23:19 - JobOrganizer - INFO: Updating jobInformation list
2009-04-15 23:21 - JobOrganizer - INFO: Updating jobInformation list
2009-04-15 23:23 - JobOrganizer - INFO: Updating jobInformation list
2009-04-15 23:25 - JobOrganizer - INFO: Updating jobInformation list
2009-04-15 23:27 - JobOrganizer - INFO: Updating jobInformation list
2009-04-15 23:29 - JobOrganizer - INFO: Updating jobInformation list
2009-04-15 23:31 - JobOrganizer - INFO: Updating jobInformation list
2009-04-15 23:33 - JobOrganizer - INFO: Updating jobInformation list
2009-04-15 23:35 - JobOrganizer - INFO: Updating jobInformation list
2009-04-15 23:37 - JobOrganizer - INFO: Updating jobInformation list
2009-04-15 23:39 - JobOrganizer - INFO: Updating jobInformation list
2009-04-15 23:41 - JobOrganizer - INFO: Updating jobInformation list
2009-04-15 23:44 - JobOrganizer - INFO: Updating jobInformation list
2009-04-15 23:46 - JobOrganizer - INFO: Updating jobInformation list
2009-04-15 23:48 - JobOrganizer - INFO: Updating jobInformation list
2009-04-15 23:50 - JobOrganizer - INFO: Updating jobInformation list
2009-04-15 23:52 - JobOrganizer - INFO: Updating jobInformation list
2009-04-15 23:54 - JobOrganizer - INFO: Updating jobInformation list
2009-04-15 23:56 - JobOrganizer - INFO: Updating jobInformation list
2009-04-15 23:58 - JobOrganizer - INFO: Updating jobInformation list
2009-04-16 00:00 - JobOrganizer - INFO: Updating jobInformation list
