2009-03-30 15:52 - JobOrganizer - INFO: ========================================
2009-03-30 15:52 - JobOrganizer - INFO: JobOrganizer in init
2009-03-30 15:52 - JobOrganizer - INFO: init file JobOrganizerConfig.py was found
2009-03-30 15:52 - JobOrganizer - INFO: retrieveing Db parameters from JobOrganizerConfig.py file
2009-03-30 15:52 - JobOrganizer - INFO: creating job configurations from JobOrganizerConfig.py file
2009-03-30 15:52 - JobOrganizer - INFO: JobOrganizer initialized
2009-03-30 15:52 - JobOrganizer - INFO: ========================================
2009-03-30 15:54 - JobOrganizer - INFO: Updating jobInformation list
2009-03-30 15:56 - JobOrganizer - INFO: Updating jobInformation list
2009-03-30 15:58 - JobOrganizer - INFO: Updating jobInformation list
2009-03-30 16:00 - JobOrganizer - INFO: Updating jobInformation list
2009-03-30 16:02 - JobOrganizer - INFO: Updating jobInformation list
2009-03-30 16:04 - JobOrganizer - INFO: Updating jobInformation list
2009-03-30 16:06 - JobOrganizer - INFO: Updating jobInformation list
2009-03-30 16:08 - JobOrganizer - INFO: Updating jobInformation list
2009-03-30 16:10 - JobOrganizer - INFO: Updating jobInformation list
2009-03-30 16:12 - JobOrganizer - INFO: Updating jobInformation list
2009-03-30 16:14 - JobOrganizer - INFO: Updating jobInformation list
2009-03-30 16:16 - JobOrganizer - INFO: Updating jobInformation list
2009-03-30 16:18 - JobOrganizer - INFO: Updating jobInformation list
2009-03-30 16:20 - JobOrganizer - INFO: Updating jobInformation list
2009-03-30 16:22 - JobOrganizer - INFO: Updating jobInformation list
2009-03-30 16:25 - JobOrganizer - INFO: Updating jobInformation list
