2009-05-30 00:01 - JobOrganizer - INFO: ========================================
2009-05-30 00:01 - JobOrganizer - INFO: JobOrganizer in init
2009-05-30 00:01 - JobOrganizer - INFO: init file JobOrganizerConfig.py was found
2009-05-30 00:01 - JobOrganizer - INFO: retrieveing Db parameters from JobOrganizerConfig.py file
2009-05-30 00:01 - JobOrganizer - INFO: creating job configurations from JobOrganizerConfig.py file
2009-05-30 00:01 - JobOrganizer - INFO: JobOrganizer initialized
2009-05-30 00:01 - JobOrganizer - INFO: ========================================
2009-05-30 00:03 - JobOrganizer - INFO: Updating jobInformation list
2009-05-30 00:05 - JobOrganizer - INFO: Updating jobInformation list
2009-05-30 00:07 - JobOrganizer - INFO: Updating jobInformation list
2009-05-30 00:09 - JobOrganizer - INFO: Updating jobInformation list
2009-05-30 00:11 - JobOrganizer - INFO: Updating jobInformation list
2009-05-30 00:13 - JobOrganizer - INFO: Updating jobInformation list
2009-05-30 00:15 - JobOrganizer - INFO: Updating jobInformation list
2009-05-30 00:17 - JobOrganizer - INFO: Updating jobInformation list
2009-05-30 00:19 - JobOrganizer - INFO: Updating jobInformation list
2009-05-30 00:21 - JobOrganizer - INFO: Updating jobInformation list
2009-05-30 00:23 - JobOrganizer - INFO: Updating jobInformation list
2009-05-30 00:25 - JobOrganizer - INFO: Updating jobInformation list
2009-05-30 00:27 - JobOrganizer - INFO: Updating jobInformation list
2009-05-30 00:29 - JobOrganizer - INFO: Updating jobInformation list
2009-05-30 00:31 - JobOrganizer - INFO: Updating jobInformation list
2009-05-30 00:33 - JobOrganizer - INFO: Updating jobInformation list
2009-05-30 00:35 - JobOrganizer - INFO: Updating jobInformation list
2009-05-30 00:37 - JobOrganizer - INFO: Updating jobInformation list
2009-05-30 00:39 - JobOrganizer - INFO: Updating jobInformation list
2009-05-30 00:41 - JobOrganizer - INFO: Updating jobInformation list
2009-05-30 00:43 - JobOrganizer - INFO: Updating jobInformation list
2009-05-30 00:45 - JobOrganizer - INFO: Updating jobInformation list
2009-05-30 00:47 - JobOrganizer - INFO: Updating jobInformation list
2009-05-30 00:49 - JobOrganizer - INFO: Updating jobInformation list
2009-05-30 00:51 - JobOrganizer - INFO: Updating jobInformation list
2009-05-30 00:53 - JobOrganizer - INFO: Updating jobInformation list
2009-05-30 00:55 - JobOrganizer - INFO: Updating jobInformation list
2009-05-30 00:57 - JobOrganizer - INFO: Updating jobInformation list
2009-05-30 00:59 - JobOrganizer - INFO: Updating jobInformation list
2009-05-30 01:01 - JobOrganizer - INFO: Updating jobInformation list
2009-05-30 01:03 - JobOrganizer - INFO: Updating jobInformation list
2009-05-30 01:05 - JobOrganizer - INFO: Updating jobInformation list
2009-05-30 01:07 - JobOrganizer - INFO: Updating jobInformation list
2009-05-30 01:09 - JobOrganizer - INFO: Updating jobInformation list
2009-05-30 01:11 - JobOrganizer - INFO: Updating jobInformation list
2009-05-30 01:13 - JobOrganizer - INFO: Updating jobInformation list
2009-05-30 01:15 - JobOrganizer - INFO: Updating jobInformation list
2009-05-30 01:17 - JobOrganizer - INFO: Updating jobInformation list
2009-05-30 01:19 - JobOrganizer - INFO: Updating jobInformation list
2009-05-30 01:21 - JobOrganizer - INFO: Updating jobInformation list
2009-05-30 01:23 - JobOrganizer - INFO: Updating jobInformation list
2009-05-30 01:25 - JobOrganizer - INFO: Updating jobInformation list
2009-05-30 01:27 - JobOrganizer - INFO: Updating jobInformation list
2009-05-30 01:29 - JobOrganizer - INFO: Updating jobInformation list
2009-05-30 01:31 - JobOrganizer - INFO: Updating jobInformation list
2009-05-30 01:33 - JobOrganizer - INFO: Updating jobInformation list
2009-05-30 01:35 - JobOrganizer - INFO: Updating jobInformation list
2009-05-30 01:37 - JobOrganizer - INFO: Updating jobInformation list
2009-05-30 01:39 - JobOrganizer - INFO: Updating jobInformation list
2009-05-30 01:41 - JobOrganizer - INFO: Updating jobInformation list
2009-05-30 01:43 - JobOrganizer - INFO: Updating jobInformation list
2009-05-30 01:45 - JobOrganizer - INFO: Updating jobInformation list
2009-05-30 01:47 - JobOrganizer - INFO: Updating jobInformation list
2009-05-30 01:49 - JobOrganizer - INFO: Updating jobInformation list
2009-05-30 01:51 - JobOrganizer - INFO: Updating jobInformation list
2009-05-30 01:53 - JobOrganizer - INFO: Updating jobInformation list
2009-05-30 01:55 - JobOrganizer - INFO: Updating jobInformation list
2009-05-30 01:57 - JobOrganizer - INFO: Updating jobInformation list
2009-05-30 01:59 - JobOrganizer - INFO: Updating jobInformation list
2009-05-30 02:01 - JobOrganizer - INFO: Updating jobInformation list
2009-05-30 02:03 - JobOrganizer - INFO: Updating jobInformation list
2009-05-30 02:05 - JobOrganizer - INFO: Updating jobInformation list
2009-05-30 02:08 - JobOrganizer - INFO: Updating jobInformation list
2009-05-30 02:10 - JobOrganizer - INFO: Updating jobInformation list
2009-05-30 02:12 - JobOrganizer - INFO: Updating jobInformation list
2009-05-30 02:14 - JobOrganizer - INFO: Updating jobInformation list
2009-05-30 02:16 - JobOrganizer - INFO: Updating jobInformation list
2009-05-30 02:18 - JobOrganizer - INFO: Updating jobInformation list
2009-05-30 02:20 - JobOrganizer - INFO: Updating jobInformation list
2009-05-30 02:22 - JobOrganizer - INFO: Updating jobInformation list
2009-05-30 02:24 - JobOrganizer - INFO: Updating jobInformation list
2009-05-30 02:26 - JobOrganizer - INFO: Updating jobInformation list
2009-05-30 02:28 - JobOrganizer - INFO: Updating jobInformation list
2009-05-30 02:30 - JobOrganizer - INFO: Updating jobInformation list
2009-05-30 02:32 - JobOrganizer - INFO: Updating jobInformation list
2009-05-30 02:34 - JobOrganizer - INFO: Updating jobInformation list
2009-05-30 02:36 - JobOrganizer - INFO: Updating jobInformation list
2009-05-30 02:38 - JobOrganizer - INFO: Updating jobInformation list
2009-05-30 02:40 - JobOrganizer - INFO: Updating jobInformation list
2009-05-30 02:42 - JobOrganizer - INFO: Updating jobInformation list
2009-05-30 02:44 - JobOrganizer - INFO: Updating jobInformation list
2009-05-30 02:46 - JobOrganizer - INFO: Updating jobInformation list
2009-05-30 02:48 - JobOrganizer - INFO: Updating jobInformation list
2009-05-30 02:50 - JobOrganizer - INFO: Updating jobInformation list
2009-05-30 02:52 - JobOrganizer - INFO: Updating jobInformation list
2009-05-30 02:54 - JobOrganizer - INFO: Updating jobInformation list
2009-05-30 02:56 - JobOrganizer - INFO: Updating jobInformation list
2009-05-30 02:58 - JobOrganizer - INFO: Updating jobInformation list
2009-05-30 03:00 - JobOrganizer - INFO: Updating jobInformation list
2009-05-30 03:02 - JobOrganizer - INFO: Updating jobInformation list
2009-05-30 03:04 - JobOrganizer - INFO: Updating jobInformation list
2009-05-30 03:06 - JobOrganizer - INFO: Updating jobInformation list
2009-05-30 03:08 - JobOrganizer - INFO: Updating jobInformation list
2009-05-30 03:10 - JobOrganizer - INFO: Updating jobInformation list
2009-05-30 03:12 - JobOrganizer - INFO: Updating jobInformation list
2009-05-30 03:14 - JobOrganizer - INFO: Updating jobInformation list
2009-05-30 03:16 - JobOrganizer - INFO: Updating jobInformation list
2009-05-30 03:18 - JobOrganizer - INFO: Updating jobInformation list
2009-05-30 03:20 - JobOrganizer - INFO: Updating jobInformation list
2009-05-30 03:22 - JobOrganizer - INFO: Updating jobInformation list
2009-05-30 03:24 - JobOrganizer - INFO: Updating jobInformation list
2009-05-30 03:26 - JobOrganizer - INFO: Updating jobInformation list
2009-05-30 03:28 - JobOrganizer - INFO: Updating jobInformation list
2009-05-30 03:30 - JobOrganizer - INFO: Updating jobInformation list
2009-05-30 03:32 - JobOrganizer - INFO: Updating jobInformation list
2009-05-30 03:34 - JobOrganizer - INFO: Updating jobInformation list
2009-05-30 03:36 - JobOrganizer - INFO: Updating jobInformation list
2009-05-30 03:38 - JobOrganizer - INFO: Updating jobInformation list
2009-05-30 03:40 - JobOrganizer - INFO: Updating jobInformation list
2009-05-30 03:42 - JobOrganizer - INFO: Updating jobInformation list
2009-05-30 03:44 - JobOrganizer - INFO: Updating jobInformation list
2009-05-30 03:46 - JobOrganizer - INFO: Updating jobInformation list
2009-05-30 03:48 - JobOrganizer - INFO: Updating jobInformation list
2009-05-30 03:50 - JobOrganizer - INFO: Updating jobInformation list
2009-05-30 03:52 - JobOrganizer - INFO: Updating jobInformation list
2009-05-30 03:54 - JobOrganizer - INFO: Updating jobInformation list
2009-05-30 03:56 - JobOrganizer - INFO: Updating jobInformation list
2009-05-30 03:58 - JobOrganizer - INFO: Updating jobInformation list
2009-05-30 04:00 - JobOrganizer - INFO: Updating jobInformation list
2009-05-30 04:02 - JobOrganizer - INFO: Updating jobInformation list
2009-05-30 04:04 - JobOrganizer - INFO: Updating jobInformation list
2009-05-30 04:06 - JobOrganizer - INFO: Updating jobInformation list
2009-05-30 04:08 - JobOrganizer - INFO: Updating jobInformation list
2009-05-30 04:10 - JobOrganizer - INFO: Updating jobInformation list
2009-05-30 04:12 - JobOrganizer - INFO: Updating jobInformation list
2009-05-30 04:14 - JobOrganizer - INFO: Updating jobInformation list
2009-05-30 04:16 - JobOrganizer - INFO: Updating jobInformation list
2009-05-30 04:18 - JobOrganizer - INFO: Updating jobInformation list
2009-05-30 04:20 - JobOrganizer - INFO: Updating jobInformation list
2009-05-30 04:22 - JobOrganizer - INFO: Updating jobInformation list
2009-05-30 04:24 - JobOrganizer - INFO: Updating jobInformation list
2009-05-30 04:26 - JobOrganizer - INFO: Updating jobInformation list
2009-05-30 04:28 - JobOrganizer - INFO: Updating jobInformation list
2009-05-30 04:30 - JobOrganizer - INFO: Updating jobInformation list
2009-05-30 04:32 - JobOrganizer - INFO: Updating jobInformation list
2009-05-30 04:34 - JobOrganizer - INFO: Updating jobInformation list
2009-05-30 04:36 - JobOrganizer - INFO: Updating jobInformation list
2009-05-30 04:38 - JobOrganizer - INFO: Updating jobInformation list
2009-05-30 04:40 - JobOrganizer - INFO: Updating jobInformation list
2009-05-30 04:42 - JobOrganizer - INFO: Updating jobInformation list
2009-05-30 04:44 - JobOrganizer - INFO: Updating jobInformation list
2009-05-30 04:46 - JobOrganizer - INFO: Updating jobInformation list
2009-05-30 04:48 - JobOrganizer - INFO: Updating jobInformation list
2009-05-30 04:50 - JobOrganizer - INFO: Updating jobInformation list
2009-05-30 04:52 - JobOrganizer - INFO: Updating jobInformation list
2009-05-30 04:54 - JobOrganizer - INFO: Updating jobInformation list
2009-05-30 04:56 - JobOrganizer - INFO: Updating jobInformation list
2009-05-30 04:58 - JobOrganizer - INFO: Updating jobInformation list
2009-05-30 05:00 - JobOrganizer - INFO: Updating jobInformation list
2009-05-30 05:02 - JobOrganizer - INFO: Updating jobInformation list
2009-05-30 05:04 - JobOrganizer - INFO: Updating jobInformation list
2009-05-30 05:06 - JobOrganizer - INFO: Updating jobInformation list
2009-05-30 05:08 - JobOrganizer - INFO: Updating jobInformation list
2009-05-30 05:10 - JobOrganizer - INFO: Updating jobInformation list
2009-05-30 05:12 - JobOrganizer - INFO: Updating jobInformation list
2009-05-30 05:14 - JobOrganizer - INFO: Updating jobInformation list
2009-05-30 05:16 - JobOrganizer - INFO: Updating jobInformation list
2009-05-30 05:18 - JobOrganizer - INFO: Updating jobInformation list
2009-05-30 05:20 - JobOrganizer - INFO: Updating jobInformation list
2009-05-30 05:22 - JobOrganizer - INFO: Updating jobInformation list
2009-05-30 05:24 - JobOrganizer - INFO: Updating jobInformation list
2009-05-30 05:26 - JobOrganizer - INFO: Updating jobInformation list
2009-05-30 05:28 - JobOrganizer - INFO: Updating jobInformation list
2009-05-30 05:30 - JobOrganizer - INFO: Updating jobInformation list
2009-05-30 05:32 - JobOrganizer - INFO: Updating jobInformation list
2009-05-30 05:34 - JobOrganizer - INFO: Updating jobInformation list
2009-05-30 05:36 - JobOrganizer - INFO: Updating jobInformation list
2009-05-30 05:38 - JobOrganizer - INFO: Updating jobInformation list
2009-05-30 05:40 - JobOrganizer - INFO: Updating jobInformation list
2009-05-30 05:42 - JobOrganizer - INFO: Updating jobInformation list
2009-05-30 05:44 - JobOrganizer - INFO: Updating jobInformation list
2009-05-30 05:46 - JobOrganizer - INFO: Updating jobInformation list
2009-05-30 05:48 - JobOrganizer - INFO: Updating jobInformation list
2009-05-30 05:50 - JobOrganizer - INFO: Updating jobInformation list
2009-05-30 05:53 - JobOrganizer - INFO: Updating jobInformation list
2009-05-30 05:55 - JobOrganizer - INFO: Updating jobInformation list
2009-05-30 05:57 - JobOrganizer - INFO: Updating jobInformation list
2009-05-30 05:59 - JobOrganizer - INFO: Updating jobInformation list
2009-05-30 06:01 - JobOrganizer - INFO: Updating jobInformation list
2009-05-30 06:03 - JobOrganizer - INFO: Updating jobInformation list
2009-05-30 06:05 - JobOrganizer - INFO: Updating jobInformation list
2009-05-30 06:07 - JobOrganizer - INFO: Updating jobInformation list
2009-05-30 06:09 - JobOrganizer - INFO: Updating jobInformation list
2009-05-30 06:11 - JobOrganizer - INFO: Updating jobInformation list
2009-05-30 06:13 - JobOrganizer - INFO: Updating jobInformation list
2009-05-30 06:15 - JobOrganizer - INFO: Updating jobInformation list
2009-05-30 06:17 - JobOrganizer - INFO: Updating jobInformation list
2009-05-30 06:19 - JobOrganizer - INFO: Updating jobInformation list
2009-05-30 06:21 - JobOrganizer - INFO: Updating jobInformation list
2009-05-30 06:23 - JobOrganizer - INFO: Updating jobInformation list
2009-05-30 06:25 - JobOrganizer - INFO: Updating jobInformation list
2009-05-30 06:27 - JobOrganizer - INFO: Updating jobInformation list
2009-05-30 06:29 - JobOrganizer - INFO: Updating jobInformation list
2009-05-30 06:31 - JobOrganizer - INFO: Updating jobInformation list
2009-05-30 06:33 - JobOrganizer - INFO: Updating jobInformation list
2009-05-30 06:35 - JobOrganizer - INFO: Updating jobInformation list
2009-05-30 06:37 - JobOrganizer - INFO: Updating jobInformation list
2009-05-30 06:39 - JobOrganizer - INFO: Updating jobInformation list
2009-05-30 06:41 - JobOrganizer - INFO: Updating jobInformation list
2009-05-30 06:43 - JobOrganizer - INFO: Updating jobInformation list
2009-05-30 06:45 - JobOrganizer - INFO: Updating jobInformation list
2009-05-30 06:47 - JobOrganizer - INFO: Updating jobInformation list
2009-05-30 06:49 - JobOrganizer - INFO: Updating jobInformation list
2009-05-30 06:51 - JobOrganizer - INFO: Updating jobInformation list
2009-05-30 06:53 - JobOrganizer - INFO: Updating jobInformation list
2009-05-30 06:55 - JobOrganizer - INFO: Updating jobInformation list
2009-05-30 06:57 - JobOrganizer - INFO: Updating jobInformation list
2009-05-30 06:59 - JobOrganizer - INFO: Updating jobInformation list
2009-05-30 07:01 - JobOrganizer - INFO: Updating jobInformation list
2009-05-30 07:03 - JobOrganizer - INFO: Updating jobInformation list
2009-05-30 07:05 - JobOrganizer - INFO: Updating jobInformation list
2009-05-30 07:07 - JobOrganizer - INFO: Updating jobInformation list
2009-05-30 07:09 - JobOrganizer - INFO: Updating jobInformation list
2009-05-30 07:11 - JobOrganizer - INFO: Updating jobInformation list
2009-05-30 07:13 - JobOrganizer - INFO: Updating jobInformation list
2009-05-30 07:15 - JobOrganizer - INFO: Updating jobInformation list
2009-05-30 07:17 - JobOrganizer - INFO: Updating jobInformation list
2009-05-30 07:19 - JobOrganizer - INFO: Updating jobInformation list
2009-05-30 07:21 - JobOrganizer - INFO: Updating jobInformation list
2009-05-30 07:23 - JobOrganizer - INFO: Updating jobInformation list
2009-05-30 07:25 - JobOrganizer - INFO: Updating jobInformation list
2009-05-30 07:27 - JobOrganizer - INFO: Updating jobInformation list
2009-05-30 07:29 - JobOrganizer - INFO: Updating jobInformation list
2009-05-30 07:31 - JobOrganizer - INFO: Updating jobInformation list
2009-05-30 07:33 - JobOrganizer - INFO: Updating jobInformation list
2009-05-30 07:35 - JobOrganizer - INFO: Updating jobInformation list
2009-05-30 07:37 - JobOrganizer - INFO: Updating jobInformation list
2009-05-30 07:39 - JobOrganizer - INFO: Updating jobInformation list
2009-05-30 07:41 - JobOrganizer - INFO: Updating jobInformation list
2009-05-30 07:43 - JobOrganizer - INFO: Updating jobInformation list
2009-05-30 07:45 - JobOrganizer - INFO: Updating jobInformation list
2009-05-30 07:47 - JobOrganizer - INFO: Updating jobInformation list
2009-05-30 07:49 - JobOrganizer - INFO: Updating jobInformation list
2009-05-30 07:51 - JobOrganizer - INFO: Updating jobInformation list
2009-05-30 07:53 - JobOrganizer - INFO: Updating jobInformation list
2009-05-30 07:55 - JobOrganizer - INFO: Updating jobInformation list
2009-05-30 07:57 - JobOrganizer - INFO: Updating jobInformation list
2009-05-30 07:59 - JobOrganizer - INFO: Updating jobInformation list
2009-05-30 08:01 - JobOrganizer - INFO: Updating jobInformation list
2009-05-30 08:03 - JobOrganizer - INFO: Updating jobInformation list
2009-05-30 08:05 - JobOrganizer - INFO: Updating jobInformation list
2009-05-30 08:07 - JobOrganizer - INFO: Updating jobInformation list
2009-05-30 08:09 - JobOrganizer - INFO: Updating jobInformation list
2009-05-30 08:11 - JobOrganizer - INFO: Updating jobInformation list
2009-05-30 08:13 - JobOrganizer - INFO: Updating jobInformation list
2009-05-30 08:15 - JobOrganizer - INFO: Updating jobInformation list
2009-05-30 08:17 - JobOrganizer - INFO: Updating jobInformation list
2009-05-30 08:19 - JobOrganizer - INFO: Updating jobInformation list
2009-05-30 08:21 - JobOrganizer - INFO: Updating jobInformation list
2009-05-30 08:23 - JobOrganizer - INFO: Updating jobInformation list
2009-05-30 08:25 - JobOrganizer - INFO: Updating jobInformation list
2009-05-30 08:27 - JobOrganizer - INFO: Updating jobInformation list
2009-05-30 08:29 - JobOrganizer - INFO: Updating jobInformation list
2009-05-30 08:31 - JobOrganizer - INFO: Updating jobInformation list
2009-05-30 08:33 - JobOrganizer - INFO: Updating jobInformation list
2009-05-30 08:35 - JobOrganizer - INFO: Updating jobInformation list
2009-05-30 08:37 - JobOrganizer - INFO: Updating jobInformation list
2009-05-30 08:39 - JobOrganizer - INFO: Updating jobInformation list
2009-05-30 08:41 - JobOrganizer - INFO: Updating jobInformation list
2009-05-30 08:43 - JobOrganizer - INFO: Updating jobInformation list
2009-05-30 08:45 - JobOrganizer - INFO: Updating jobInformation list
2009-05-30 08:47 - JobOrganizer - INFO: Updating jobInformation list
2009-05-30 08:49 - JobOrganizer - INFO: Updating jobInformation list
2009-05-30 08:51 - JobOrganizer - INFO: Updating jobInformation list
2009-05-30 08:53 - JobOrganizer - INFO: Updating jobInformation list
2009-05-30 08:55 - JobOrganizer - INFO: Updating jobInformation list
2009-05-30 08:57 - JobOrganizer - INFO: Updating jobInformation list
2009-05-30 08:59 - JobOrganizer - INFO: Updating jobInformation list
2009-05-30 09:01 - JobOrganizer - INFO: Updating jobInformation list
2009-05-30 09:03 - JobOrganizer - INFO: Updating jobInformation list
2009-05-30 09:05 - JobOrganizer - INFO: Updating jobInformation list
2009-05-30 09:07 - JobOrganizer - INFO: Updating jobInformation list
2009-05-30 09:09 - JobOrganizer - INFO: Updating jobInformation list
2009-05-30 09:11 - JobOrganizer - INFO: Updating jobInformation list
2009-05-30 09:13 - JobOrganizer - INFO: Updating jobInformation list
2009-05-30 09:15 - JobOrganizer - INFO: Updating jobInformation list
2009-05-30 09:17 - JobOrganizer - INFO: Updating jobInformation list
2009-05-30 09:19 - JobOrganizer - INFO: Updating jobInformation list
2009-05-30 09:21 - JobOrganizer - INFO: Updating jobInformation list
2009-05-30 09:23 - JobOrganizer - INFO: Updating jobInformation list
2009-05-30 09:25 - JobOrganizer - INFO: Updating jobInformation list
2009-05-30 09:27 - JobOrganizer - INFO: Updating jobInformation list
2009-05-30 09:29 - JobOrganizer - INFO: Updating jobInformation list
2009-05-30 09:31 - JobOrganizer - INFO: Updating jobInformation list
2009-05-30 09:33 - JobOrganizer - INFO: Updating jobInformation list
2009-05-30 09:35 - JobOrganizer - INFO: Updating jobInformation list
2009-05-30 09:37 - JobOrganizer - INFO: Updating jobInformation list
2009-05-30 09:39 - JobOrganizer - INFO: Updating jobInformation list
2009-05-30 09:41 - JobOrganizer - INFO: Updating jobInformation list
2009-05-30 09:43 - JobOrganizer - INFO: Updating jobInformation list
2009-05-30 09:45 - JobOrganizer - INFO: Updating jobInformation list
2009-05-30 09:47 - JobOrganizer - INFO: Updating jobInformation list
2009-05-30 09:49 - JobOrganizer - INFO: Updating jobInformation list
2009-05-30 09:51 - JobOrganizer - INFO: Updating jobInformation list
2009-05-30 09:53 - JobOrganizer - INFO: Updating jobInformation list
2009-05-30 09:56 - JobOrganizer - INFO: Updating jobInformation list
2009-05-30 09:58 - JobOrganizer - INFO: Updating jobInformation list
2009-05-30 10:00 - JobOrganizer - INFO: Updating jobInformation list
2009-05-30 10:02 - JobOrganizer - INFO: Updating jobInformation list
2009-05-30 10:04 - JobOrganizer - INFO: Updating jobInformation list
2009-05-30 10:06 - JobOrganizer - INFO: Updating jobInformation list
2009-05-30 10:08 - JobOrganizer - INFO: Updating jobInformation list
2009-05-30 10:10 - JobOrganizer - INFO: Updating jobInformation list
2009-05-30 10:12 - JobOrganizer - INFO: Updating jobInformation list
2009-05-30 10:14 - JobOrganizer - INFO: Updating jobInformation list
2009-05-30 10:16 - JobOrganizer - INFO: Updating jobInformation list
2009-05-30 10:18 - JobOrganizer - INFO: Updating jobInformation list
2009-05-30 10:20 - JobOrganizer - INFO: Updating jobInformation list
2009-05-30 10:22 - JobOrganizer - INFO: Updating jobInformation list
2009-05-30 10:24 - JobOrganizer - INFO: Updating jobInformation list
2009-05-30 10:26 - JobOrganizer - INFO: Updating jobInformation list
2009-05-30 10:28 - JobOrganizer - INFO: Updating jobInformation list
2009-05-30 10:30 - JobOrganizer - INFO: Updating jobInformation list
2009-05-30 10:32 - JobOrganizer - INFO: Updating jobInformation list
2009-05-30 10:34 - JobOrganizer - INFO: Updating jobInformation list
2009-05-30 10:36 - JobOrganizer - INFO: Updating jobInformation list
2009-05-30 10:38 - JobOrganizer - INFO: Updating jobInformation list
2009-05-30 10:40 - JobOrganizer - INFO: Updating jobInformation list
2009-05-30 10:42 - JobOrganizer - INFO: Updating jobInformation list
2009-05-30 10:44 - JobOrganizer - INFO: Updating jobInformation list
2009-05-30 10:46 - JobOrganizer - INFO: Updating jobInformation list
2009-05-30 10:48 - JobOrganizer - INFO: Updating jobInformation list
2009-05-30 10:50 - JobOrganizer - INFO: Updating jobInformation list
2009-05-30 10:52 - JobOrganizer - INFO: Updating jobInformation list
2009-05-30 10:54 - JobOrganizer - INFO: Updating jobInformation list
2009-05-30 10:56 - JobOrganizer - INFO: Updating jobInformation list
2009-05-30 10:58 - JobOrganizer - INFO: Updating jobInformation list
2009-05-30 11:00 - JobOrganizer - INFO: Updating jobInformation list
2009-05-30 11:02 - JobOrganizer - INFO: Updating jobInformation list
2009-05-30 11:04 - JobOrganizer - INFO: Updating jobInformation list
2009-05-30 11:06 - JobOrganizer - INFO: Updating jobInformation list
2009-05-30 11:08 - JobOrganizer - INFO: Updating jobInformation list
2009-05-30 11:10 - JobOrganizer - INFO: Updating jobInformation list
2009-05-30 11:12 - JobOrganizer - INFO: Updating jobInformation list
2009-05-30 11:14 - JobOrganizer - INFO: Updating jobInformation list
2009-05-30 11:16 - JobOrganizer - INFO: Updating jobInformation list
2009-05-30 11:18 - JobOrganizer - INFO: Updating jobInformation list
2009-05-30 11:20 - JobOrganizer - INFO: Updating jobInformation list
2009-05-30 11:22 - JobOrganizer - INFO: Updating jobInformation list
2009-05-30 11:24 - JobOrganizer - INFO: Updating jobInformation list
2009-05-30 11:26 - JobOrganizer - INFO: Updating jobInformation list
2009-05-30 11:28 - JobOrganizer - INFO: Updating jobInformation list
2009-05-30 11:30 - JobOrganizer - INFO: Updating jobInformation list
2009-05-30 11:32 - JobOrganizer - INFO: Updating jobInformation list
2009-05-30 11:34 - JobOrganizer - INFO: Updating jobInformation list
2009-05-30 11:36 - JobOrganizer - INFO: Updating jobInformation list
2009-05-30 11:38 - JobOrganizer - INFO: Updating jobInformation list
2009-05-30 11:40 - JobOrganizer - INFO: Updating jobInformation list
2009-05-30 11:42 - JobOrganizer - INFO: Updating jobInformation list
2009-05-30 11:44 - JobOrganizer - INFO: Updating jobInformation list
2009-05-30 11:46 - JobOrganizer - INFO: Updating jobInformation list
2009-05-30 11:48 - JobOrganizer - INFO: Updating jobInformation list
2009-05-30 11:50 - JobOrganizer - INFO: Updating jobInformation list
2009-05-30 11:52 - JobOrganizer - INFO: Updating jobInformation list
2009-05-30 11:54 - JobOrganizer - INFO: Updating jobInformation list
2009-05-30 11:56 - JobOrganizer - INFO: Updating jobInformation list
2009-05-30 11:58 - JobOrganizer - INFO: Updating jobInformation list
2009-05-30 12:00 - JobOrganizer - INFO: Updating jobInformation list
2009-05-30 12:02 - JobOrganizer - INFO: Updating jobInformation list
2009-05-30 12:04 - JobOrganizer - INFO: Updating jobInformation list
2009-05-30 12:06 - JobOrganizer - INFO: Updating jobInformation list
2009-05-30 12:08 - JobOrganizer - INFO: Updating jobInformation list
2009-05-30 12:10 - JobOrganizer - INFO: Updating jobInformation list
2009-05-30 12:12 - JobOrganizer - INFO: Updating jobInformation list
2009-05-30 12:14 - JobOrganizer - INFO: Updating jobInformation list
2009-05-30 12:16 - JobOrganizer - INFO: Updating jobInformation list
2009-05-30 12:18 - JobOrganizer - INFO: Updating jobInformation list
2009-05-30 12:20 - JobOrganizer - INFO: Updating jobInformation list
2009-05-30 12:22 - JobOrganizer - INFO: Updating jobInformation list
2009-05-30 12:24 - JobOrganizer - INFO: Updating jobInformation list
2009-05-30 12:26 - JobOrganizer - INFO: Updating jobInformation list
2009-05-30 12:28 - JobOrganizer - INFO: Updating jobInformation list
2009-05-30 12:30 - JobOrganizer - INFO: Updating jobInformation list
2009-05-30 12:32 - JobOrganizer - INFO: Updating jobInformation list
2009-05-30 12:34 - JobOrganizer - INFO: Updating jobInformation list
2009-05-30 12:36 - JobOrganizer - INFO: Updating jobInformation list
2009-05-30 12:38 - JobOrganizer - INFO: Updating jobInformation list
2009-05-30 12:40 - JobOrganizer - INFO: Updating jobInformation list
2009-05-30 12:42 - JobOrganizer - INFO: Updating jobInformation list
2009-05-30 12:44 - JobOrganizer - INFO: Updating jobInformation list
2009-05-30 12:46 - JobOrganizer - INFO: Updating jobInformation list
2009-05-30 12:48 - JobOrganizer - INFO: Updating jobInformation list
2009-05-30 12:50 - JobOrganizer - INFO: Updating jobInformation list
2009-05-30 12:52 - JobOrganizer - INFO: Updating jobInformation list
2009-05-30 12:54 - JobOrganizer - INFO: Updating jobInformation list
2009-05-30 12:56 - JobOrganizer - INFO: Updating jobInformation list
2009-05-30 12:58 - JobOrganizer - INFO: Updating jobInformation list
2009-05-30 13:00 - JobOrganizer - INFO: Updating jobInformation list
2009-05-30 13:02 - JobOrganizer - INFO: Updating jobInformation list
2009-05-30 13:04 - JobOrganizer - INFO: Updating jobInformation list
2009-05-30 13:06 - JobOrganizer - INFO: Updating jobInformation list
2009-05-30 13:08 - JobOrganizer - INFO: Updating jobInformation list
2009-05-30 13:10 - JobOrganizer - INFO: Updating jobInformation list
2009-05-30 13:12 - JobOrganizer - INFO: Updating jobInformation list
2009-05-30 13:14 - JobOrganizer - INFO: Updating jobInformation list
2009-05-30 13:16 - JobOrganizer - INFO: Updating jobInformation list
2009-05-30 13:18 - JobOrganizer - INFO: Updating jobInformation list
2009-05-30 13:20 - JobOrganizer - INFO: Updating jobInformation list
2009-05-30 13:22 - JobOrganizer - INFO: Updating jobInformation list
2009-05-30 13:24 - JobOrganizer - INFO: Updating jobInformation list
2009-05-30 13:26 - JobOrganizer - INFO: Updating jobInformation list
2009-05-30 13:28 - JobOrganizer - INFO: Updating jobInformation list
2009-05-30 13:30 - JobOrganizer - INFO: Updating jobInformation list
2009-05-30 13:32 - JobOrganizer - INFO: Updating jobInformation list
2009-05-30 13:34 - JobOrganizer - INFO: Updating jobInformation list
2009-05-30 13:36 - JobOrganizer - INFO: Updating jobInformation list
2009-05-30 13:38 - JobOrganizer - INFO: Updating jobInformation list
2009-05-30 13:40 - JobOrganizer - INFO: Updating jobInformation list
2009-05-30 13:42 - JobOrganizer - INFO: Updating jobInformation list
2009-05-30 13:44 - JobOrganizer - INFO: Updating jobInformation list
2009-05-30 13:46 - JobOrganizer - INFO: Updating jobInformation list
2009-05-30 13:48 - JobOrganizer - INFO: Updating jobInformation list
2009-05-30 13:50 - JobOrganizer - INFO: Updating jobInformation list
2009-05-30 13:52 - JobOrganizer - INFO: Updating jobInformation list
2009-05-30 13:54 - JobOrganizer - INFO: Updating jobInformation list
2009-05-30 13:57 - JobOrganizer - INFO: Updating jobInformation list
2009-05-30 13:59 - JobOrganizer - INFO: Updating jobInformation list
2009-05-30 14:01 - JobOrganizer - INFO: Updating jobInformation list
2009-05-30 14:03 - JobOrganizer - INFO: Updating jobInformation list
2009-05-30 14:05 - JobOrganizer - INFO: Updating jobInformation list
2009-05-30 14:07 - JobOrganizer - INFO: Updating jobInformation list
2009-05-30 14:09 - JobOrganizer - INFO: Updating jobInformation list
2009-05-30 14:11 - JobOrganizer - INFO: Updating jobInformation list
2009-05-30 14:13 - JobOrganizer - INFO: Updating jobInformation list
2009-05-30 14:15 - JobOrganizer - INFO: Updating jobInformation list
2009-05-30 14:17 - JobOrganizer - INFO: Updating jobInformation list
2009-05-30 14:19 - JobOrganizer - INFO: Updating jobInformation list
2009-05-30 14:21 - JobOrganizer - INFO: Updating jobInformation list
2009-05-30 14:23 - JobOrganizer - INFO: Updating jobInformation list
2009-05-30 14:25 - JobOrganizer - INFO: Updating jobInformation list
2009-05-30 14:27 - JobOrganizer - INFO: Updating jobInformation list
2009-05-30 14:29 - JobOrganizer - INFO: Updating jobInformation list
2009-05-30 14:31 - JobOrganizer - INFO: Updating jobInformation list
2009-05-30 14:33 - JobOrganizer - INFO: Updating jobInformation list
2009-05-30 14:35 - JobOrganizer - INFO: Updating jobInformation list
2009-05-30 14:37 - JobOrganizer - INFO: Updating jobInformation list
2009-05-30 14:39 - JobOrganizer - INFO: Updating jobInformation list
2009-05-30 14:41 - JobOrganizer - INFO: Updating jobInformation list
2009-05-30 14:43 - JobOrganizer - INFO: Updating jobInformation list
2009-05-30 14:45 - JobOrganizer - INFO: Updating jobInformation list
2009-05-30 14:47 - JobOrganizer - INFO: Updating jobInformation list
2009-05-30 14:49 - JobOrganizer - INFO: Updating jobInformation list
2009-05-30 14:51 - JobOrganizer - INFO: Updating jobInformation list
2009-05-30 14:53 - JobOrganizer - INFO: Updating jobInformation list
2009-05-30 14:55 - JobOrganizer - INFO: Updating jobInformation list
2009-05-30 14:57 - JobOrganizer - INFO: Updating jobInformation list
2009-05-30 14:59 - JobOrganizer - INFO: Updating jobInformation list
2009-05-30 15:01 - JobOrganizer - INFO: Updating jobInformation list
2009-05-30 15:03 - JobOrganizer - INFO: Updating jobInformation list
2009-05-30 15:05 - JobOrganizer - INFO: Updating jobInformation list
2009-05-30 15:07 - JobOrganizer - INFO: Updating jobInformation list
2009-05-30 15:09 - JobOrganizer - INFO: Updating jobInformation list
2009-05-30 15:11 - JobOrganizer - INFO: Updating jobInformation list
2009-05-30 15:13 - JobOrganizer - INFO: Updating jobInformation list
2009-05-30 15:15 - JobOrganizer - INFO: Updating jobInformation list
2009-05-30 15:17 - JobOrganizer - INFO: Updating jobInformation list
2009-05-30 15:19 - JobOrganizer - INFO: Updating jobInformation list
2009-05-30 15:21 - JobOrganizer - INFO: Updating jobInformation list
2009-05-30 15:23 - JobOrganizer - INFO: Updating jobInformation list
2009-05-30 15:25 - JobOrganizer - INFO: Updating jobInformation list
2009-05-30 15:27 - JobOrganizer - INFO: Updating jobInformation list
2009-05-30 15:29 - JobOrganizer - INFO: Updating jobInformation list
2009-05-30 15:31 - JobOrganizer - INFO: Updating jobInformation list
2009-05-30 15:33 - JobOrganizer - INFO: Updating jobInformation list
2009-05-30 15:35 - JobOrganizer - INFO: Updating jobInformation list
2009-05-30 15:37 - JobOrganizer - INFO: Updating jobInformation list
2009-05-30 15:39 - JobOrganizer - INFO: Updating jobInformation list
2009-05-30 15:41 - JobOrganizer - INFO: Updating jobInformation list
2009-05-30 15:43 - JobOrganizer - INFO: Updating jobInformation list
2009-05-30 15:45 - JobOrganizer - INFO: Updating jobInformation list
2009-05-30 15:47 - JobOrganizer - INFO: Updating jobInformation list
2009-05-30 15:49 - JobOrganizer - INFO: Updating jobInformation list
2009-05-30 15:51 - JobOrganizer - INFO: Updating jobInformation list
2009-05-30 15:53 - JobOrganizer - INFO: Updating jobInformation list
2009-05-30 15:55 - JobOrganizer - INFO: Updating jobInformation list
2009-05-30 15:57 - JobOrganizer - INFO: Updating jobInformation list
2009-05-30 15:59 - JobOrganizer - INFO: Updating jobInformation list
2009-05-30 16:01 - JobOrganizer - INFO: Updating jobInformation list
2009-05-30 16:03 - JobOrganizer - INFO: Updating jobInformation list
2009-05-30 16:05 - JobOrganizer - INFO: Updating jobInformation list
2009-05-30 16:07 - JobOrganizer - INFO: Updating jobInformation list
2009-05-30 16:09 - JobOrganizer - INFO: Updating jobInformation list
2009-05-30 16:11 - JobOrganizer - INFO: Updating jobInformation list
2009-05-30 16:13 - JobOrganizer - INFO: Updating jobInformation list
2009-05-30 16:15 - JobOrganizer - INFO: Updating jobInformation list
2009-05-30 16:17 - JobOrganizer - INFO: Updating jobInformation list
2009-05-30 16:19 - JobOrganizer - INFO: Updating jobInformation list
2009-05-30 16:21 - JobOrganizer - INFO: Updating jobInformation list
2009-05-30 16:23 - JobOrganizer - INFO: Updating jobInformation list
2009-05-30 16:25 - JobOrganizer - INFO: Updating jobInformation list
2009-05-30 16:27 - JobOrganizer - INFO: Updating jobInformation list
2009-05-30 16:29 - JobOrganizer - INFO: Updating jobInformation list
2009-05-30 16:31 - JobOrganizer - INFO: Updating jobInformation list
2009-05-30 16:33 - JobOrganizer - INFO: Updating jobInformation list
2009-05-30 16:35 - JobOrganizer - INFO: Updating jobInformation list
2009-05-30 16:37 - JobOrganizer - INFO: Updating jobInformation list
2009-05-30 16:39 - JobOrganizer - INFO: Updating jobInformation list
2009-05-30 16:41 - JobOrganizer - INFO: Updating jobInformation list
2009-05-30 16:43 - JobOrganizer - INFO: Updating jobInformation list
2009-05-30 16:45 - JobOrganizer - INFO: Updating jobInformation list
2009-05-30 16:47 - JobOrganizer - INFO: Updating jobInformation list
2009-05-30 16:49 - JobOrganizer - INFO: Updating jobInformation list
2009-05-30 16:51 - JobOrganizer - INFO: Updating jobInformation list
2009-05-30 16:53 - JobOrganizer - INFO: Updating jobInformation list
2009-05-30 16:55 - JobOrganizer - INFO: Updating jobInformation list
2009-05-30 16:57 - JobOrganizer - INFO: Updating jobInformation list
2009-05-30 16:59 - JobOrganizer - INFO: Updating jobInformation list
2009-05-30 17:01 - JobOrganizer - INFO: Updating jobInformation list
2009-05-30 17:03 - JobOrganizer - INFO: Updating jobInformation list
2009-05-30 17:05 - JobOrganizer - INFO: Updating jobInformation list
2009-05-30 17:07 - JobOrganizer - INFO: Updating jobInformation list
2009-05-30 17:09 - JobOrganizer - INFO: Updating jobInformation list
2009-05-30 17:11 - JobOrganizer - INFO: Updating jobInformation list
2009-05-30 17:13 - JobOrganizer - INFO: Updating jobInformation list
2009-05-30 17:15 - JobOrganizer - INFO: Updating jobInformation list
2009-05-30 17:17 - JobOrganizer - INFO: Updating jobInformation list
2009-05-30 17:19 - JobOrganizer - INFO: Updating jobInformation list
2009-05-30 17:21 - JobOrganizer - INFO: Updating jobInformation list
2009-05-30 17:23 - JobOrganizer - INFO: Updating jobInformation list
2009-05-30 17:25 - JobOrganizer - INFO: Updating jobInformation list
2009-05-30 17:27 - JobOrganizer - INFO: Updating jobInformation list
2009-05-30 17:29 - JobOrganizer - INFO: Updating jobInformation list
2009-05-30 17:31 - JobOrganizer - INFO: Updating jobInformation list
2009-05-30 17:33 - JobOrganizer - INFO: Updating jobInformation list
2009-05-30 17:36 - JobOrganizer - INFO: Updating jobInformation list
2009-05-30 17:38 - JobOrganizer - INFO: Updating jobInformation list
2009-05-30 17:40 - JobOrganizer - INFO: Updating jobInformation list
2009-05-30 17:42 - JobOrganizer - INFO: Updating jobInformation list
2009-05-30 17:44 - JobOrganizer - INFO: Updating jobInformation list
2009-05-30 17:46 - JobOrganizer - INFO: Updating jobInformation list
2009-05-30 17:48 - JobOrganizer - INFO: Updating jobInformation list
2009-05-30 17:50 - JobOrganizer - INFO: Updating jobInformation list
2009-05-30 17:52 - JobOrganizer - INFO: Updating jobInformation list
2009-05-30 17:54 - JobOrganizer - INFO: Updating jobInformation list
2009-05-30 17:56 - JobOrganizer - INFO: Updating jobInformation list
2009-05-30 17:58 - JobOrganizer - INFO: Updating jobInformation list
2009-05-30 18:00 - JobOrganizer - INFO: Updating jobInformation list
2009-05-30 18:02 - JobOrganizer - INFO: Updating jobInformation list
2009-05-30 18:04 - JobOrganizer - INFO: Updating jobInformation list
2009-05-30 18:06 - JobOrganizer - INFO: Updating jobInformation list
2009-05-30 18:08 - JobOrganizer - INFO: Updating jobInformation list
2009-05-30 18:10 - JobOrganizer - INFO: Updating jobInformation list
2009-05-30 18:12 - JobOrganizer - INFO: Updating jobInformation list
2009-05-30 18:14 - JobOrganizer - INFO: Updating jobInformation list
2009-05-30 18:16 - JobOrganizer - INFO: Updating jobInformation list
2009-05-30 18:18 - JobOrganizer - INFO: Updating jobInformation list
2009-05-30 18:20 - JobOrganizer - INFO: Updating jobInformation list
2009-05-30 18:22 - JobOrganizer - INFO: Updating jobInformation list
2009-05-30 18:24 - JobOrganizer - INFO: Updating jobInformation list
2009-05-30 18:26 - JobOrganizer - INFO: Updating jobInformation list
2009-05-30 18:28 - JobOrganizer - INFO: Updating jobInformation list
2009-05-30 18:30 - JobOrganizer - INFO: Updating jobInformation list
2009-05-30 18:32 - JobOrganizer - INFO: Updating jobInformation list
2009-05-30 18:34 - JobOrganizer - INFO: Updating jobInformation list
2009-05-30 18:36 - JobOrganizer - INFO: Updating jobInformation list
2009-05-30 18:38 - JobOrganizer - INFO: Updating jobInformation list
2009-05-30 18:40 - JobOrganizer - INFO: Updating jobInformation list
2009-05-30 18:42 - JobOrganizer - INFO: Updating jobInformation list
2009-05-30 18:44 - JobOrganizer - INFO: Updating jobInformation list
2009-05-30 18:46 - JobOrganizer - INFO: Updating jobInformation list
2009-05-30 18:48 - JobOrganizer - INFO: Updating jobInformation list
2009-05-30 18:50 - JobOrganizer - INFO: Updating jobInformation list
2009-05-30 18:52 - JobOrganizer - INFO: Updating jobInformation list
2009-05-30 18:54 - JobOrganizer - INFO: Updating jobInformation list
2009-05-30 18:56 - JobOrganizer - INFO: Updating jobInformation list
2009-05-30 18:58 - JobOrganizer - INFO: Updating jobInformation list
2009-05-30 19:00 - JobOrganizer - INFO: Updating jobInformation list
2009-05-30 19:02 - JobOrganizer - INFO: Updating jobInformation list
2009-05-30 19:04 - JobOrganizer - INFO: Updating jobInformation list
2009-05-30 19:06 - JobOrganizer - INFO: Updating jobInformation list
2009-05-30 19:08 - JobOrganizer - INFO: Updating jobInformation list
2009-05-30 19:10 - JobOrganizer - INFO: Updating jobInformation list
2009-05-30 19:12 - JobOrganizer - INFO: Updating jobInformation list
2009-05-30 19:14 - JobOrganizer - INFO: Updating jobInformation list
2009-05-30 19:16 - JobOrganizer - INFO: Updating jobInformation list
2009-05-30 19:18 - JobOrganizer - INFO: Updating jobInformation list
2009-05-30 19:20 - JobOrganizer - INFO: Updating jobInformation list
2009-05-30 19:22 - JobOrganizer - INFO: Updating jobInformation list
2009-05-30 19:24 - JobOrganizer - INFO: Updating jobInformation list
2009-05-30 19:26 - JobOrganizer - INFO: Updating jobInformation list
2009-05-30 19:28 - JobOrganizer - INFO: Updating jobInformation list
2009-05-30 19:30 - JobOrganizer - INFO: Updating jobInformation list
2009-05-30 19:32 - JobOrganizer - INFO: Updating jobInformation list
2009-05-30 19:34 - JobOrganizer - INFO: Updating jobInformation list
2009-05-30 19:36 - JobOrganizer - INFO: Updating jobInformation list
2009-05-30 19:38 - JobOrganizer - INFO: Updating jobInformation list
2009-05-30 19:40 - JobOrganizer - INFO: Updating jobInformation list
2009-05-30 19:42 - JobOrganizer - INFO: Updating jobInformation list
2009-05-30 19:44 - JobOrganizer - INFO: Updating jobInformation list
2009-05-30 19:46 - JobOrganizer - INFO: Updating jobInformation list
2009-05-30 19:48 - JobOrganizer - INFO: Updating jobInformation list
2009-05-30 19:50 - JobOrganizer - INFO: Updating jobInformation list
2009-05-30 19:52 - JobOrganizer - INFO: Updating jobInformation list
2009-05-30 19:54 - JobOrganizer - INFO: Updating jobInformation list
2009-05-30 19:56 - JobOrganizer - INFO: Updating jobInformation list
2009-05-30 19:58 - JobOrganizer - INFO: Updating jobInformation list
2009-05-30 20:00 - JobOrganizer - INFO: Updating jobInformation list
2009-05-30 20:02 - JobOrganizer - INFO: Updating jobInformation list
2009-05-30 20:04 - JobOrganizer - INFO: Updating jobInformation list
2009-05-30 20:06 - JobOrganizer - INFO: Updating jobInformation list
2009-05-30 20:08 - JobOrganizer - INFO: Updating jobInformation list
2009-05-30 20:10 - JobOrganizer - INFO: Updating jobInformation list
2009-05-30 20:12 - JobOrganizer - INFO: Updating jobInformation list
2009-05-30 20:14 - JobOrganizer - INFO: Updating jobInformation list
2009-05-30 20:16 - JobOrganizer - INFO: Updating jobInformation list
2009-05-30 20:18 - JobOrganizer - INFO: Updating jobInformation list
2009-05-30 20:20 - JobOrganizer - INFO: Updating jobInformation list
2009-05-30 20:22 - JobOrganizer - INFO: Updating jobInformation list
2009-05-30 20:24 - JobOrganizer - INFO: Updating jobInformation list
2009-05-30 20:26 - JobOrganizer - INFO: Updating jobInformation list
2009-05-30 20:28 - JobOrganizer - INFO: Updating jobInformation list
2009-05-30 20:30 - JobOrganizer - INFO: Updating jobInformation list
2009-05-30 20:32 - JobOrganizer - INFO: Updating jobInformation list
2009-05-30 20:34 - JobOrganizer - INFO: Updating jobInformation list
2009-05-30 20:36 - JobOrganizer - INFO: Updating jobInformation list
2009-05-30 20:38 - JobOrganizer - INFO: Updating jobInformation list
2009-05-30 20:40 - JobOrganizer - INFO: Updating jobInformation list
2009-05-30 20:42 - JobOrganizer - INFO: Updating jobInformation list
2009-05-30 20:44 - JobOrganizer - INFO: Updating jobInformation list
2009-05-30 20:46 - JobOrganizer - INFO: Updating jobInformation list
2009-05-30 20:48 - JobOrganizer - INFO: Updating jobInformation list
2009-05-30 20:51 - JobOrganizer - INFO: Updating jobInformation list
2009-05-30 20:53 - JobOrganizer - INFO: Updating jobInformation list
2009-05-30 20:55 - JobOrganizer - INFO: Updating jobInformation list
2009-05-30 20:57 - JobOrganizer - INFO: Updating jobInformation list
2009-05-30 20:59 - JobOrganizer - INFO: Updating jobInformation list
2009-05-30 21:01 - JobOrganizer - INFO: Updating jobInformation list
2009-05-30 21:03 - JobOrganizer - INFO: Updating jobInformation list
2009-05-30 21:05 - JobOrganizer - INFO: Updating jobInformation list
2009-05-30 21:07 - JobOrganizer - INFO: Updating jobInformation list
2009-05-30 21:09 - JobOrganizer - INFO: Updating jobInformation list
2009-05-30 21:11 - JobOrganizer - INFO: Updating jobInformation list
2009-05-30 21:13 - JobOrganizer - INFO: Updating jobInformation list
2009-05-30 21:15 - JobOrganizer - INFO: Updating jobInformation list
2009-05-30 21:17 - JobOrganizer - INFO: Updating jobInformation list
2009-05-30 21:19 - JobOrganizer - INFO: Updating jobInformation list
2009-05-30 21:21 - JobOrganizer - INFO: Updating jobInformation list
2009-05-30 21:23 - JobOrganizer - INFO: Updating jobInformation list
2009-05-30 21:25 - JobOrganizer - INFO: Updating jobInformation list
2009-05-30 21:27 - JobOrganizer - INFO: Updating jobInformation list
2009-05-30 21:29 - JobOrganizer - INFO: Updating jobInformation list
2009-05-30 21:31 - JobOrganizer - INFO: Updating jobInformation list
2009-05-30 21:33 - JobOrganizer - INFO: Updating jobInformation list
2009-05-30 21:35 - JobOrganizer - INFO: Updating jobInformation list
2009-05-30 21:37 - JobOrganizer - INFO: Updating jobInformation list
2009-05-30 21:39 - JobOrganizer - INFO: Updating jobInformation list
2009-05-30 21:41 - JobOrganizer - INFO: Updating jobInformation list
2009-05-30 21:43 - JobOrganizer - INFO: Updating jobInformation list
2009-05-30 21:45 - JobOrganizer - INFO: Updating jobInformation list
2009-05-30 21:47 - JobOrganizer - INFO: Updating jobInformation list
2009-05-30 21:49 - JobOrganizer - INFO: Updating jobInformation list
2009-05-30 21:51 - JobOrganizer - INFO: Updating jobInformation list
2009-05-30 21:53 - JobOrganizer - INFO: Updating jobInformation list
2009-05-30 21:55 - JobOrganizer - INFO: Updating jobInformation list
2009-05-30 21:57 - JobOrganizer - INFO: Updating jobInformation list
2009-05-30 21:59 - JobOrganizer - INFO: Updating jobInformation list
2009-05-30 22:01 - JobOrganizer - INFO: Updating jobInformation list
2009-05-30 22:03 - JobOrganizer - INFO: Updating jobInformation list
2009-05-30 22:05 - JobOrganizer - INFO: Updating jobInformation list
2009-05-30 22:07 - JobOrganizer - INFO: Updating jobInformation list
2009-05-30 22:09 - JobOrganizer - INFO: Updating jobInformation list
2009-05-30 22:11 - JobOrganizer - INFO: Updating jobInformation list
2009-05-30 22:13 - JobOrganizer - INFO: Updating jobInformation list
2009-05-30 22:15 - JobOrganizer - INFO: Updating jobInformation list
2009-05-30 22:17 - JobOrganizer - INFO: Updating jobInformation list
2009-05-30 22:19 - JobOrganizer - INFO: Updating jobInformation list
2009-05-30 22:21 - JobOrganizer - INFO: Updating jobInformation list
2009-05-30 22:23 - JobOrganizer - INFO: Updating jobInformation list
2009-05-30 22:25 - JobOrganizer - INFO: Updating jobInformation list
2009-05-30 22:27 - JobOrganizer - INFO: Updating jobInformation list
2009-05-30 22:29 - JobOrganizer - INFO: Updating jobInformation list
2009-05-30 22:31 - JobOrganizer - INFO: Updating jobInformation list
2009-05-30 22:33 - JobOrganizer - INFO: Updating jobInformation list
2009-05-30 22:35 - JobOrganizer - INFO: Updating jobInformation list
2009-05-30 22:37 - JobOrganizer - INFO: Updating jobInformation list
2009-05-30 22:39 - JobOrganizer - INFO: Updating jobInformation list
2009-05-30 22:41 - JobOrganizer - INFO: Updating jobInformation list
2009-05-30 22:43 - JobOrganizer - INFO: Updating jobInformation list
2009-05-30 22:45 - JobOrganizer - INFO: Updating jobInformation list
2009-05-30 22:47 - JobOrganizer - INFO: Updating jobInformation list
2009-05-30 22:49 - JobOrganizer - INFO: Updating jobInformation list
2009-05-30 22:51 - JobOrganizer - INFO: Updating jobInformation list
2009-05-30 22:53 - JobOrganizer - INFO: Updating jobInformation list
2009-05-30 22:55 - JobOrganizer - INFO: Updating jobInformation list
2009-05-30 22:57 - JobOrganizer - INFO: Updating jobInformation list
2009-05-30 22:59 - JobOrganizer - INFO: Updating jobInformation list
2009-05-30 23:01 - JobOrganizer - INFO: Updating jobInformation list
2009-05-30 23:03 - JobOrganizer - INFO: Updating jobInformation list
2009-05-30 23:05 - JobOrganizer - INFO: Updating jobInformation list
2009-05-30 23:07 - JobOrganizer - INFO: Updating jobInformation list
2009-05-30 23:09 - JobOrganizer - INFO: Updating jobInformation list
2009-05-30 23:11 - JobOrganizer - INFO: Updating jobInformation list
2009-05-30 23:13 - JobOrganizer - INFO: Updating jobInformation list
2009-05-30 23:15 - JobOrganizer - INFO: Updating jobInformation list
2009-05-30 23:17 - JobOrganizer - INFO: Updating jobInformation list
2009-05-30 23:19 - JobOrganizer - INFO: Updating jobInformation list
2009-05-30 23:21 - JobOrganizer - INFO: Updating jobInformation list
2009-05-30 23:23 - JobOrganizer - INFO: Updating jobInformation list
2009-05-30 23:25 - JobOrganizer - INFO: Updating jobInformation list
2009-05-30 23:27 - JobOrganizer - INFO: Updating jobInformation list
2009-05-30 23:29 - JobOrganizer - INFO: Updating jobInformation list
2009-05-30 23:31 - JobOrganizer - INFO: Updating jobInformation list
2009-05-30 23:33 - JobOrganizer - INFO: Updating jobInformation list
2009-05-30 23:35 - JobOrganizer - INFO: Updating jobInformation list
2009-05-30 23:37 - JobOrganizer - INFO: Updating jobInformation list
2009-05-30 23:39 - JobOrganizer - INFO: Updating jobInformation list
2009-05-30 23:41 - JobOrganizer - INFO: Updating jobInformation list
2009-05-30 23:43 - JobOrganizer - INFO: Updating jobInformation list
2009-05-30 23:45 - JobOrganizer - INFO: Updating jobInformation list
2009-05-30 23:47 - JobOrganizer - INFO: Updating jobInformation list
2009-05-30 23:49 - JobOrganizer - INFO: Updating jobInformation list
2009-05-30 23:51 - JobOrganizer - INFO: Updating jobInformation list
2009-05-30 23:53 - JobOrganizer - INFO: Updating jobInformation list
2009-05-30 23:55 - JobOrganizer - INFO: Updating jobInformation list
2009-05-30 23:57 - JobOrganizer - INFO: Updating jobInformation list
2009-05-30 23:59 - JobOrganizer - INFO: Updating jobInformation list
