2009-04-19 00:01 - JobOrganizer - INFO: ========================================
2009-04-19 00:01 - JobOrganizer - INFO: JobOrganizer in init
2009-04-19 00:01 - JobOrganizer - INFO: init file JobOrganizerConfig.py was found
2009-04-19 00:01 - JobOrganizer - INFO: retrieveing Db parameters from JobOrganizerConfig.py file
2009-04-19 00:01 - JobOrganizer - INFO: creating job configurations from JobOrganizerConfig.py file
2009-04-19 00:01 - JobOrganizer - INFO: JobOrganizer initialized
2009-04-19 00:01 - JobOrganizer - INFO: ========================================
2009-04-19 00:03 - JobOrganizer - INFO: Updating jobInformation list
2009-04-19 00:05 - JobOrganizer - INFO: Updating jobInformation list
2009-04-19 00:07 - JobOrganizer - INFO: Updating jobInformation list
2009-04-19 00:09 - JobOrganizer - INFO: Updating jobInformation list
2009-04-19 00:11 - JobOrganizer - INFO: Updating jobInformation list
2009-04-19 00:13 - JobOrganizer - INFO: Updating jobInformation list
2009-04-19 00:15 - JobOrganizer - INFO: Updating jobInformation list
2009-04-19 00:17 - JobOrganizer - INFO: Updating jobInformation list
2009-04-19 00:19 - JobOrganizer - INFO: Updating jobInformation list
2009-04-19 00:21 - JobOrganizer - INFO: Updating jobInformation list
2009-04-19 00:23 - JobOrganizer - INFO: Updating jobInformation list
2009-04-19 00:25 - JobOrganizer - INFO: Updating jobInformation list
2009-04-19 00:27 - JobOrganizer - INFO: Updating jobInformation list
2009-04-19 00:29 - JobOrganizer - INFO: Updating jobInformation list
2009-04-19 00:31 - JobOrganizer - INFO: Updating jobInformation list
2009-04-19 00:33 - JobOrganizer - INFO: Updating jobInformation list
2009-04-19 00:35 - JobOrganizer - INFO: Updating jobInformation list
2009-04-19 00:37 - JobOrganizer - INFO: Updating jobInformation list
2009-04-19 00:39 - JobOrganizer - INFO: Updating jobInformation list
2009-04-19 00:41 - JobOrganizer - INFO: Updating jobInformation list
2009-04-19 00:43 - JobOrganizer - INFO: Updating jobInformation list
2009-04-19 00:45 - JobOrganizer - INFO: Updating jobInformation list
2009-04-19 00:47 - JobOrganizer - INFO: Updating jobInformation list
2009-04-19 00:49 - JobOrganizer - INFO: Updating jobInformation list
2009-04-19 00:51 - JobOrganizer - INFO: Updating jobInformation list
2009-04-19 00:53 - JobOrganizer - INFO: Updating jobInformation list
2009-04-19 00:55 - JobOrganizer - INFO: Updating jobInformation list
2009-04-19 00:57 - JobOrganizer - INFO: Updating jobInformation list
2009-04-19 00:59 - JobOrganizer - INFO: Updating jobInformation list
2009-04-19 01:01 - JobOrganizer - INFO: Updating jobInformation list
2009-04-19 01:03 - JobOrganizer - INFO: Updating jobInformation list
2009-04-19 01:05 - JobOrganizer - INFO: Updating jobInformation list
2009-04-19 01:08 - JobOrganizer - INFO: Updating jobInformation list
2009-04-19 01:10 - JobOrganizer - INFO: Updating jobInformation list
2009-04-19 01:12 - JobOrganizer - INFO: Updating jobInformation list
2009-04-19 01:14 - JobOrganizer - INFO: Updating jobInformation list
2009-04-19 01:16 - JobOrganizer - INFO: Updating jobInformation list
2009-04-19 01:18 - JobOrganizer - INFO: Updating jobInformation list
2009-04-19 01:20 - JobOrganizer - INFO: Updating jobInformation list
2009-04-19 01:22 - JobOrganizer - INFO: Updating jobInformation list
2009-04-19 01:24 - JobOrganizer - INFO: Updating jobInformation list
2009-04-19 01:26 - JobOrganizer - INFO: Updating jobInformation list
2009-04-19 01:28 - JobOrganizer - INFO: Updating jobInformation list
2009-04-19 01:30 - JobOrganizer - INFO: Updating jobInformation list
2009-04-19 01:32 - JobOrganizer - INFO: Updating jobInformation list
2009-04-19 01:34 - JobOrganizer - INFO: Updating jobInformation list
2009-04-19 01:36 - JobOrganizer - INFO: Updating jobInformation list
2009-04-19 01:38 - JobOrganizer - INFO: Updating jobInformation list
2009-04-19 01:40 - JobOrganizer - INFO: Updating jobInformation list
2009-04-19 01:42 - JobOrganizer - INFO: Updating jobInformation list
2009-04-19 01:44 - JobOrganizer - INFO: Updating jobInformation list
2009-04-19 01:46 - JobOrganizer - INFO: Updating jobInformation list
2009-04-19 01:48 - JobOrganizer - INFO: Updating jobInformation list
2009-04-19 01:50 - JobOrganizer - INFO: Updating jobInformation list
2009-04-19 01:52 - JobOrganizer - INFO: Updating jobInformation list
2009-04-19 01:54 - JobOrganizer - INFO: Updating jobInformation list
2009-04-19 01:56 - JobOrganizer - INFO: Updating jobInformation list
2009-04-19 01:58 - JobOrganizer - INFO: Updating jobInformation list
2009-04-19 02:00 - JobOrganizer - INFO: Updating jobInformation list
2009-04-19 02:02 - JobOrganizer - INFO: Updating jobInformation list
2009-04-19 02:04 - JobOrganizer - INFO: Updating jobInformation list
2009-04-19 02:06 - JobOrganizer - INFO: Updating jobInformation list
2009-04-19 02:08 - JobOrganizer - INFO: Updating jobInformation list
2009-04-19 02:10 - JobOrganizer - INFO: Updating jobInformation list
2009-04-19 02:12 - JobOrganizer - INFO: Updating jobInformation list
2009-04-19 02:14 - JobOrganizer - INFO: Updating jobInformation list
2009-04-19 02:16 - JobOrganizer - INFO: Updating jobInformation list
2009-04-19 02:18 - JobOrganizer - INFO: Updating jobInformation list
2009-04-19 02:20 - JobOrganizer - INFO: Updating jobInformation list
2009-04-19 02:22 - JobOrganizer - INFO: Updating jobInformation list
2009-04-19 02:24 - JobOrganizer - INFO: Updating jobInformation list
2009-04-19 02:26 - JobOrganizer - INFO: Updating jobInformation list
2009-04-19 02:29 - JobOrganizer - INFO: Updating jobInformation list
2009-04-19 02:31 - JobOrganizer - INFO: Updating jobInformation list
2009-04-19 02:33 - JobOrganizer - INFO: Updating jobInformation list
2009-04-19 02:35 - JobOrganizer - INFO: Updating jobInformation list
2009-04-19 02:37 - JobOrganizer - INFO: Updating jobInformation list
2009-04-19 02:39 - JobOrganizer - INFO: Updating jobInformation list
2009-04-19 02:41 - JobOrganizer - INFO: Updating jobInformation list
2009-04-19 02:43 - JobOrganizer - INFO: Updating jobInformation list
2009-04-19 02:45 - JobOrganizer - INFO: Updating jobInformation list
2009-04-19 02:47 - JobOrganizer - INFO: Updating jobInformation list
2009-04-19 02:49 - JobOrganizer - INFO: Updating jobInformation list
2009-04-19 02:51 - JobOrganizer - INFO: Updating jobInformation list
2009-04-19 02:53 - JobOrganizer - INFO: Updating jobInformation list
2009-04-19 02:55 - JobOrganizer - INFO: Updating jobInformation list
2009-04-19 02:57 - JobOrganizer - INFO: Updating jobInformation list
2009-04-19 02:59 - JobOrganizer - INFO: Updating jobInformation list
2009-04-19 03:01 - JobOrganizer - INFO: Updating jobInformation list
2009-04-19 03:03 - JobOrganizer - INFO: Updating jobInformation list
2009-04-19 03:05 - JobOrganizer - INFO: Updating jobInformation list
2009-04-19 03:07 - JobOrganizer - INFO: Updating jobInformation list
2009-04-19 03:09 - JobOrganizer - INFO: Updating jobInformation list
2009-04-19 03:11 - JobOrganizer - INFO: Updating jobInformation list
2009-04-19 03:13 - JobOrganizer - INFO: Updating jobInformation list
2009-04-19 03:15 - JobOrganizer - INFO: Updating jobInformation list
2009-04-19 03:17 - JobOrganizer - INFO: Updating jobInformation list
2009-04-19 03:19 - JobOrganizer - INFO: Updating jobInformation list
2009-04-19 03:21 - JobOrganizer - INFO: Updating jobInformation list
2009-04-19 03:23 - JobOrganizer - INFO: Updating jobInformation list
2009-04-19 03:25 - JobOrganizer - INFO: Updating jobInformation list
2009-04-19 03:27 - JobOrganizer - INFO: Updating jobInformation list
2009-04-19 03:29 - JobOrganizer - INFO: Updating jobInformation list
2009-04-19 03:31 - JobOrganizer - INFO: Updating jobInformation list
2009-04-19 03:33 - JobOrganizer - INFO: Updating jobInformation list
2009-04-19 03:35 - JobOrganizer - INFO: Updating jobInformation list
2009-04-19 03:37 - JobOrganizer - INFO: Updating jobInformation list
2009-04-19 03:39 - JobOrganizer - INFO: Updating jobInformation list
2009-04-19 03:41 - JobOrganizer - INFO: Updating jobInformation list
2009-04-19 03:43 - JobOrganizer - INFO: Updating jobInformation list
2009-04-19 03:45 - JobOrganizer - INFO: Updating jobInformation list
2009-04-19 03:47 - JobOrganizer - INFO: Updating jobInformation list
2009-04-19 03:49 - JobOrganizer - INFO: Updating jobInformation list
2009-04-19 03:51 - JobOrganizer - INFO: Updating jobInformation list
2009-04-19 03:53 - JobOrganizer - INFO: Updating jobInformation list
2009-04-19 03:55 - JobOrganizer - INFO: Updating jobInformation list
2009-04-19 03:57 - JobOrganizer - INFO: Updating jobInformation list
2009-04-19 03:59 - JobOrganizer - INFO: Updating jobInformation list
2009-04-19 04:01 - JobOrganizer - INFO: Updating jobInformation list
2009-04-19 04:03 - JobOrganizer - INFO: Updating jobInformation list
2009-04-19 04:05 - JobOrganizer - INFO: Updating jobInformation list
2009-04-19 04:07 - JobOrganizer - INFO: Updating jobInformation list
2009-04-19 04:09 - JobOrganizer - INFO: Updating jobInformation list
2009-04-19 04:11 - JobOrganizer - INFO: Updating jobInformation list
2009-04-19 04:13 - JobOrganizer - INFO: Updating jobInformation list
2009-04-19 04:15 - JobOrganizer - INFO: Updating jobInformation list
2009-04-19 04:17 - JobOrganizer - INFO: Updating jobInformation list
2009-04-19 04:19 - JobOrganizer - INFO: Updating jobInformation list
2009-04-19 04:21 - JobOrganizer - INFO: Updating jobInformation list
2009-04-19 04:23 - JobOrganizer - INFO: Updating jobInformation list
2009-04-19 04:25 - JobOrganizer - INFO: Updating jobInformation list
2009-04-19 04:27 - JobOrganizer - INFO: Updating jobInformation list
2009-04-19 04:29 - JobOrganizer - INFO: Updating jobInformation list
2009-04-19 04:31 - JobOrganizer - INFO: Updating jobInformation list
2009-04-19 04:33 - JobOrganizer - INFO: Updating jobInformation list
2009-04-19 04:35 - JobOrganizer - INFO: Updating jobInformation list
2009-04-19 04:37 - JobOrganizer - INFO: Updating jobInformation list
2009-04-19 04:39 - JobOrganizer - INFO: Updating jobInformation list
2009-04-19 04:41 - JobOrganizer - INFO: Updating jobInformation list
2009-04-19 04:43 - JobOrganizer - INFO: Updating jobInformation list
2009-04-19 04:45 - JobOrganizer - INFO: Updating jobInformation list
2009-04-19 04:47 - JobOrganizer - INFO: Updating jobInformation list
2009-04-19 04:50 - JobOrganizer - INFO: Updating jobInformation list
2009-04-19 04:52 - JobOrganizer - INFO: Updating jobInformation list
2009-04-19 04:54 - JobOrganizer - INFO: Updating jobInformation list
2009-04-19 04:56 - JobOrganizer - INFO: Updating jobInformation list
2009-04-19 04:58 - JobOrganizer - INFO: Updating jobInformation list
2009-04-19 05:00 - JobOrganizer - INFO: Updating jobInformation list
2009-04-19 05:02 - JobOrganizer - INFO: Updating jobInformation list
2009-04-19 05:04 - JobOrganizer - INFO: Updating jobInformation list
2009-04-19 05:06 - JobOrganizer - INFO: Updating jobInformation list
2009-04-19 05:08 - JobOrganizer - INFO: Updating jobInformation list
2009-04-19 05:10 - JobOrganizer - INFO: Updating jobInformation list
2009-04-19 05:12 - JobOrganizer - INFO: Updating jobInformation list
2009-04-19 05:14 - JobOrganizer - INFO: Updating jobInformation list
2009-04-19 05:16 - JobOrganizer - INFO: Updating jobInformation list
2009-04-19 05:18 - JobOrganizer - INFO: Updating jobInformation list
2009-04-19 05:20 - JobOrganizer - INFO: Updating jobInformation list
2009-04-19 05:22 - JobOrganizer - INFO: Updating jobInformation list
2009-04-19 05:24 - JobOrganizer - INFO: Updating jobInformation list
2009-04-19 05:26 - JobOrganizer - INFO: Updating jobInformation list
2009-04-19 05:28 - JobOrganizer - INFO: Updating jobInformation list
2009-04-19 05:30 - JobOrganizer - INFO: Updating jobInformation list
2009-04-19 05:32 - JobOrganizer - INFO: Updating jobInformation list
2009-04-19 05:34 - JobOrganizer - INFO: Updating jobInformation list
2009-04-19 05:36 - JobOrganizer - INFO: Updating jobInformation list
2009-04-19 05:38 - JobOrganizer - INFO: Updating jobInformation list
2009-04-19 05:40 - JobOrganizer - INFO: Updating jobInformation list
2009-04-19 05:42 - JobOrganizer - INFO: Updating jobInformation list
2009-04-19 05:44 - JobOrganizer - INFO: Updating jobInformation list
2009-04-19 05:46 - JobOrganizer - INFO: Updating jobInformation list
2009-04-19 05:48 - JobOrganizer - INFO: Updating jobInformation list
2009-04-19 05:50 - JobOrganizer - INFO: Updating jobInformation list
2009-04-19 05:52 - JobOrganizer - INFO: Updating jobInformation list
2009-04-19 05:54 - JobOrganizer - INFO: Updating jobInformation list
2009-04-19 05:56 - JobOrganizer - INFO: Updating jobInformation list
2009-04-19 05:58 - JobOrganizer - INFO: Updating jobInformation list
2009-04-19 06:00 - JobOrganizer - INFO: Updating jobInformation list
2009-04-19 06:02 - JobOrganizer - INFO: Updating jobInformation list
2009-04-19 06:04 - JobOrganizer - INFO: Updating jobInformation list
2009-04-19 06:06 - JobOrganizer - INFO: Updating jobInformation list
2009-04-19 06:08 - JobOrganizer - INFO: Updating jobInformation list
2009-04-19 06:10 - JobOrganizer - INFO: Updating jobInformation list
2009-04-19 06:12 - JobOrganizer - INFO: Updating jobInformation list
2009-04-19 06:14 - JobOrganizer - INFO: Updating jobInformation list
2009-04-19 06:16 - JobOrganizer - INFO: Updating jobInformation list
2009-04-19 06:18 - JobOrganizer - INFO: Updating jobInformation list
2009-04-19 06:20 - JobOrganizer - INFO: Updating jobInformation list
2009-04-19 06:22 - JobOrganizer - INFO: Updating jobInformation list
2009-04-19 06:24 - JobOrganizer - INFO: Updating jobInformation list
2009-04-19 06:26 - JobOrganizer - INFO: Updating jobInformation list
2009-04-19 06:28 - JobOrganizer - INFO: Updating jobInformation list
2009-04-19 06:30 - JobOrganizer - INFO: Updating jobInformation list
2009-04-19 06:32 - JobOrganizer - INFO: Updating jobInformation list
2009-04-19 06:34 - JobOrganizer - INFO: Updating jobInformation list
2009-04-19 06:36 - JobOrganizer - INFO: Updating jobInformation list
2009-04-19 06:38 - JobOrganizer - INFO: Updating jobInformation list
2009-04-19 06:40 - JobOrganizer - INFO: Updating jobInformation list
2009-04-19 06:42 - JobOrganizer - INFO: Updating jobInformation list
2009-04-19 06:44 - JobOrganizer - INFO: Updating jobInformation list
2009-04-19 06:46 - JobOrganizer - INFO: Updating jobInformation list
2009-04-19 06:48 - JobOrganizer - INFO: Updating jobInformation list
2009-04-19 06:50 - JobOrganizer - INFO: Updating jobInformation list
2009-04-19 06:52 - JobOrganizer - INFO: Updating jobInformation list
2009-04-19 06:54 - JobOrganizer - INFO: Updating jobInformation list
2009-04-19 06:56 - JobOrganizer - INFO: Updating jobInformation list
2009-04-19 06:58 - JobOrganizer - INFO: Updating jobInformation list
2009-04-19 07:00 - JobOrganizer - INFO: Updating jobInformation list
2009-04-19 07:02 - JobOrganizer - INFO: Updating jobInformation list
2009-04-19 07:04 - JobOrganizer - INFO: Updating jobInformation list
2009-04-19 07:06 - JobOrganizer - INFO: Updating jobInformation list
2009-04-19 07:08 - JobOrganizer - INFO: Updating jobInformation list
2009-04-19 07:10 - JobOrganizer - INFO: Updating jobInformation list
2009-04-19 07:12 - JobOrganizer - INFO: Updating jobInformation list
2009-04-19 07:14 - JobOrganizer - INFO: Updating jobInformation list
2009-04-19 07:16 - JobOrganizer - INFO: Updating jobInformation list
2009-04-19 07:18 - JobOrganizer - INFO: Updating jobInformation list
2009-04-19 07:20 - JobOrganizer - INFO: Updating jobInformation list
2009-04-19 07:22 - JobOrganizer - INFO: Updating jobInformation list
2009-04-19 07:24 - JobOrganizer - INFO: Updating jobInformation list
2009-04-19 07:26 - JobOrganizer - INFO: Updating jobInformation list
2009-04-19 07:28 - JobOrganizer - INFO: Updating jobInformation list
2009-04-19 07:30 - JobOrganizer - INFO: Updating jobInformation list
2009-04-19 07:32 - JobOrganizer - INFO: Updating jobInformation list
2009-04-19 07:34 - JobOrganizer - INFO: Updating jobInformation list
2009-04-19 07:36 - JobOrganizer - INFO: Updating jobInformation list
2009-04-19 07:39 - JobOrganizer - INFO: Updating jobInformation list
2009-04-19 07:41 - JobOrganizer - INFO: Updating jobInformation list
2009-04-19 07:43 - JobOrganizer - INFO: Updating jobInformation list
2009-04-19 07:45 - JobOrganizer - INFO: Updating jobInformation list
2009-04-19 07:47 - JobOrganizer - INFO: Updating jobInformation list
2009-04-19 07:49 - JobOrganizer - INFO: Updating jobInformation list
2009-04-19 07:51 - JobOrganizer - INFO: Updating jobInformation list
2009-04-19 07:53 - JobOrganizer - INFO: Updating jobInformation list
2009-04-19 07:55 - JobOrganizer - INFO: Updating jobInformation list
2009-04-19 07:57 - JobOrganizer - INFO: Updating jobInformation list
2009-04-19 07:59 - JobOrganizer - INFO: Updating jobInformation list
2009-04-19 08:01 - JobOrganizer - INFO: Updating jobInformation list
2009-04-19 08:03 - JobOrganizer - INFO: Updating jobInformation list
2009-04-19 08:05 - JobOrganizer - INFO: Updating jobInformation list
2009-04-19 08:07 - JobOrganizer - INFO: Updating jobInformation list
2009-04-19 08:09 - JobOrganizer - INFO: Updating jobInformation list
2009-04-19 08:11 - JobOrganizer - INFO: Updating jobInformation list
2009-04-19 08:13 - JobOrganizer - INFO: Updating jobInformation list
2009-04-19 08:15 - JobOrganizer - INFO: Updating jobInformation list
2009-04-19 08:17 - JobOrganizer - INFO: Updating jobInformation list
2009-04-19 08:19 - JobOrganizer - INFO: Updating jobInformation list
2009-04-19 08:21 - JobOrganizer - INFO: Updating jobInformation list
2009-04-19 08:23 - JobOrganizer - INFO: Updating jobInformation list
2009-04-19 08:25 - JobOrganizer - INFO: Updating jobInformation list
2009-04-19 08:27 - JobOrganizer - INFO: Updating jobInformation list
2009-04-19 08:29 - JobOrganizer - INFO: Updating jobInformation list
2009-04-19 08:31 - JobOrganizer - INFO: Updating jobInformation list
2009-04-19 08:33 - JobOrganizer - INFO: Updating jobInformation list
2009-04-19 08:35 - JobOrganizer - INFO: Updating jobInformation list
2009-04-19 08:37 - JobOrganizer - INFO: Updating jobInformation list
2009-04-19 08:39 - JobOrganizer - INFO: Updating jobInformation list
2009-04-19 08:41 - JobOrganizer - INFO: Updating jobInformation list
2009-04-19 08:43 - JobOrganizer - INFO: Updating jobInformation list
2009-04-19 08:45 - JobOrganizer - INFO: Updating jobInformation list
2009-04-19 08:47 - JobOrganizer - INFO: Updating jobInformation list
2009-04-19 08:49 - JobOrganizer - INFO: Updating jobInformation list
2009-04-19 08:51 - JobOrganizer - INFO: Updating jobInformation list
2009-04-19 08:53 - JobOrganizer - INFO: Updating jobInformation list
2009-04-19 08:55 - JobOrganizer - INFO: Updating jobInformation list
2009-04-19 08:57 - JobOrganizer - INFO: Updating jobInformation list
2009-04-19 08:59 - JobOrganizer - INFO: Updating jobInformation list
2009-04-19 09:01 - JobOrganizer - INFO: Updating jobInformation list
2009-04-19 09:03 - JobOrganizer - INFO: Updating jobInformation list
2009-04-19 09:05 - JobOrganizer - INFO: Updating jobInformation list
2009-04-19 09:07 - JobOrganizer - INFO: Updating jobInformation list
2009-04-19 09:09 - JobOrganizer - INFO: Updating jobInformation list
2009-04-19 09:11 - JobOrganizer - INFO: Updating jobInformation list
2009-04-19 09:13 - JobOrganizer - INFO: Updating jobInformation list
2009-04-19 09:15 - JobOrganizer - INFO: Updating jobInformation list
2009-04-19 09:17 - JobOrganizer - INFO: Updating jobInformation list
2009-04-19 09:19 - JobOrganizer - INFO: Updating jobInformation list
2009-04-19 09:21 - JobOrganizer - INFO: Updating jobInformation list
2009-04-19 09:23 - JobOrganizer - INFO: Updating jobInformation list
2009-04-19 09:25 - JobOrganizer - INFO: Updating jobInformation list
2009-04-19 09:27 - JobOrganizer - INFO: Updating jobInformation list
2009-04-19 09:29 - JobOrganizer - INFO: Updating jobInformation list
2009-04-19 09:31 - JobOrganizer - INFO: Updating jobInformation list
2009-04-19 09:33 - JobOrganizer - INFO: Updating jobInformation list
2009-04-19 09:35 - JobOrganizer - INFO: Updating jobInformation list
2009-04-19 09:37 - JobOrganizer - INFO: Updating jobInformation list
2009-04-19 09:39 - JobOrganizer - INFO: Updating jobInformation list
2009-04-19 09:41 - JobOrganizer - INFO: Updating jobInformation list
2009-04-19 09:43 - JobOrganizer - INFO: Updating jobInformation list
2009-04-19 09:45 - JobOrganizer - INFO: Updating jobInformation list
2009-04-19 09:47 - JobOrganizer - INFO: Updating jobInformation list
2009-04-19 09:49 - JobOrganizer - INFO: Updating jobInformation list
2009-04-19 09:51 - JobOrganizer - INFO: Updating jobInformation list
2009-04-19 09:53 - JobOrganizer - INFO: Updating jobInformation list
2009-04-19 09:55 - JobOrganizer - INFO: Updating jobInformation list
2009-04-19 09:57 - JobOrganizer - INFO: Updating jobInformation list
2009-04-19 09:59 - JobOrganizer - INFO: Updating jobInformation list
2009-04-19 10:01 - JobOrganizer - INFO: Updating jobInformation list
2009-04-19 10:03 - JobOrganizer - INFO: Updating jobInformation list
2009-04-19 10:05 - JobOrganizer - INFO: Updating jobInformation list
2009-04-19 10:07 - JobOrganizer - INFO: Updating jobInformation list
2009-04-19 10:09 - JobOrganizer - INFO: Updating jobInformation list
2009-04-19 10:11 - JobOrganizer - INFO: Updating jobInformation list
2009-04-19 10:14 - JobOrganizer - INFO: Updating jobInformation list
2009-04-19 10:16 - JobOrganizer - INFO: Updating jobInformation list
2009-04-19 10:18 - JobOrganizer - INFO: Updating jobInformation list
2009-04-19 10:20 - JobOrganizer - INFO: Updating jobInformation list
2009-04-19 10:22 - JobOrganizer - INFO: Updating jobInformation list
2009-04-19 10:24 - JobOrganizer - INFO: Updating jobInformation list
2009-04-19 10:26 - JobOrganizer - INFO: Updating jobInformation list
2009-04-19 10:28 - JobOrganizer - INFO: Updating jobInformation list
2009-04-19 10:30 - JobOrganizer - INFO: Updating jobInformation list
2009-04-19 10:32 - JobOrganizer - INFO: Updating jobInformation list
2009-04-19 10:34 - JobOrganizer - INFO: Updating jobInformation list
2009-04-19 10:36 - JobOrganizer - INFO: Updating jobInformation list
2009-04-19 10:38 - JobOrganizer - INFO: Updating jobInformation list
2009-04-19 10:40 - JobOrganizer - INFO: Updating jobInformation list
2009-04-19 10:42 - JobOrganizer - INFO: Updating jobInformation list
2009-04-19 10:44 - JobOrganizer - INFO: Updating jobInformation list
2009-04-19 10:46 - JobOrganizer - INFO: Updating jobInformation list
2009-04-19 10:48 - JobOrganizer - INFO: Updating jobInformation list
2009-04-19 10:50 - JobOrganizer - INFO: Updating jobInformation list
2009-04-19 10:52 - JobOrganizer - INFO: Updating jobInformation list
2009-04-19 10:54 - JobOrganizer - INFO: Updating jobInformation list
2009-04-19 10:56 - JobOrganizer - INFO: Updating jobInformation list
2009-04-19 10:58 - JobOrganizer - INFO: Updating jobInformation list
2009-04-19 11:00 - JobOrganizer - INFO: Updating jobInformation list
2009-04-19 11:02 - JobOrganizer - INFO: Updating jobInformation list
2009-04-19 11:04 - JobOrganizer - INFO: Updating jobInformation list
2009-04-19 11:06 - JobOrganizer - INFO: Updating jobInformation list
2009-04-19 11:08 - JobOrganizer - INFO: Updating jobInformation list
2009-04-19 11:10 - JobOrganizer - INFO: Updating jobInformation list
2009-04-19 11:12 - JobOrganizer - INFO: Updating jobInformation list
2009-04-19 11:14 - JobOrganizer - INFO: Updating jobInformation list
2009-04-19 11:16 - JobOrganizer - INFO: Updating jobInformation list
2009-04-19 11:18 - JobOrganizer - INFO: Updating jobInformation list
2009-04-19 11:20 - JobOrganizer - INFO: Updating jobInformation list
2009-04-19 11:22 - JobOrganizer - INFO: Updating jobInformation list
2009-04-19 11:24 - JobOrganizer - INFO: Updating jobInformation list
2009-04-19 11:26 - JobOrganizer - INFO: Updating jobInformation list
2009-04-19 11:28 - JobOrganizer - INFO: Updating jobInformation list
2009-04-19 11:30 - JobOrganizer - INFO: Updating jobInformation list
2009-04-19 11:32 - JobOrganizer - INFO: Updating jobInformation list
2009-04-19 11:34 - JobOrganizer - INFO: Updating jobInformation list
2009-04-19 11:36 - JobOrganizer - INFO: Updating jobInformation list
2009-04-19 11:38 - JobOrganizer - INFO: Updating jobInformation list
2009-04-19 11:40 - JobOrganizer - INFO: Updating jobInformation list
2009-04-19 11:42 - JobOrganizer - INFO: Updating jobInformation list
2009-04-19 11:44 - JobOrganizer - INFO: Updating jobInformation list
2009-04-19 11:46 - JobOrganizer - INFO: Updating jobInformation list
2009-04-19 11:48 - JobOrganizer - INFO: Updating jobInformation list
2009-04-19 11:50 - JobOrganizer - INFO: Updating jobInformation list
2009-04-19 11:52 - JobOrganizer - INFO: Updating jobInformation list
2009-04-19 11:54 - JobOrganizer - INFO: Updating jobInformation list
2009-04-19 11:56 - JobOrganizer - INFO: Updating jobInformation list
2009-04-19 11:58 - JobOrganizer - INFO: Updating jobInformation list
2009-04-19 12:00 - JobOrganizer - INFO: Updating jobInformation list
2009-04-19 12:02 - JobOrganizer - INFO: Updating jobInformation list
2009-04-19 12:04 - JobOrganizer - INFO: Updating jobInformation list
2009-04-19 12:06 - JobOrganizer - INFO: Updating jobInformation list
2009-04-19 12:08 - JobOrganizer - INFO: Updating jobInformation list
2009-04-19 12:10 - JobOrganizer - INFO: Updating jobInformation list
2009-04-19 12:12 - JobOrganizer - INFO: Updating jobInformation list
2009-04-19 12:14 - JobOrganizer - INFO: Updating jobInformation list
2009-04-19 12:16 - JobOrganizer - INFO: Updating jobInformation list
2009-04-19 12:18 - JobOrganizer - INFO: Updating jobInformation list
2009-04-19 12:20 - JobOrganizer - INFO: Updating jobInformation list
2009-04-19 12:22 - JobOrganizer - INFO: Updating jobInformation list
2009-04-19 12:24 - JobOrganizer - INFO: Updating jobInformation list
2009-04-19 12:26 - JobOrganizer - INFO: Updating jobInformation list
2009-04-19 12:28 - JobOrganizer - INFO: Updating jobInformation list
2009-04-19 12:30 - JobOrganizer - INFO: Updating jobInformation list
2009-04-19 12:32 - JobOrganizer - INFO: Updating jobInformation list
2009-04-19 12:34 - JobOrganizer - INFO: Updating jobInformation list
2009-04-19 12:36 - JobOrganizer - INFO: Updating jobInformation list
2009-04-19 12:38 - JobOrganizer - INFO: Updating jobInformation list
2009-04-19 12:40 - JobOrganizer - INFO: Updating jobInformation list
2009-04-19 12:42 - JobOrganizer - INFO: Updating jobInformation list
2009-04-19 12:44 - JobOrganizer - INFO: Updating jobInformation list
2009-04-19 12:46 - JobOrganizer - INFO: Updating jobInformation list
2009-04-19 12:48 - JobOrganizer - INFO: Updating jobInformation list
2009-04-19 12:50 - JobOrganizer - INFO: Updating jobInformation list
2009-04-19 12:52 - JobOrganizer - INFO: Updating jobInformation list
2009-04-19 12:54 - JobOrganizer - INFO: Updating jobInformation list
2009-04-19 12:56 - JobOrganizer - INFO: Updating jobInformation list
2009-04-19 12:58 - JobOrganizer - INFO: Updating jobInformation list
2009-04-19 13:00 - JobOrganizer - INFO: Updating jobInformation list
2009-04-19 13:02 - JobOrganizer - INFO: Updating jobInformation list
2009-04-19 13:04 - JobOrganizer - INFO: Updating jobInformation list
2009-04-19 13:06 - JobOrganizer - INFO: Updating jobInformation list
2009-04-19 13:08 - JobOrganizer - INFO: Updating jobInformation list
2009-04-19 13:10 - JobOrganizer - INFO: Updating jobInformation list
2009-04-19 13:12 - JobOrganizer - INFO: Updating jobInformation list
2009-04-19 13:14 - JobOrganizer - INFO: Updating jobInformation list
2009-04-19 13:16 - JobOrganizer - INFO: Updating jobInformation list
2009-04-19 13:18 - JobOrganizer - INFO: Updating jobInformation list
2009-04-19 13:20 - JobOrganizer - INFO: Updating jobInformation list
2009-04-19 13:22 - JobOrganizer - INFO: Updating jobInformation list
2009-04-19 13:24 - JobOrganizer - INFO: Updating jobInformation list
2009-04-19 13:26 - JobOrganizer - INFO: Updating jobInformation list
2009-04-19 13:28 - JobOrganizer - INFO: Updating jobInformation list
2009-04-19 13:30 - JobOrganizer - INFO: Updating jobInformation list
2009-04-19 13:32 - JobOrganizer - INFO: Updating jobInformation list
2009-04-19 13:34 - JobOrganizer - INFO: Updating jobInformation list
2009-04-19 13:36 - JobOrganizer - INFO: Updating jobInformation list
2009-04-19 13:38 - JobOrganizer - INFO: Updating jobInformation list
2009-04-19 13:40 - JobOrganizer - INFO: Updating jobInformation list
2009-04-19 13:42 - JobOrganizer - INFO: Updating jobInformation list
2009-04-19 13:44 - JobOrganizer - INFO: Updating jobInformation list
2009-04-19 13:46 - JobOrganizer - INFO: Updating jobInformation list
2009-04-19 13:48 - JobOrganizer - INFO: Updating jobInformation list
2009-04-19 13:50 - JobOrganizer - INFO: Updating jobInformation list
2009-04-19 13:52 - JobOrganizer - INFO: Updating jobInformation list
2009-04-19 13:54 - JobOrganizer - INFO: Updating jobInformation list
2009-04-19 13:56 - JobOrganizer - INFO: Updating jobInformation list
2009-04-19 13:58 - JobOrganizer - INFO: Updating jobInformation list
2009-04-19 14:00 - JobOrganizer - INFO: Updating jobInformation list
2009-04-19 14:02 - JobOrganizer - INFO: Updating jobInformation list
2009-04-19 14:04 - JobOrganizer - INFO: Updating jobInformation list
2009-04-19 14:06 - JobOrganizer - INFO: Updating jobInformation list
2009-04-19 14:08 - JobOrganizer - INFO: Updating jobInformation list
2009-04-19 14:11 - JobOrganizer - INFO: Updating jobInformation list
2009-04-19 14:13 - JobOrganizer - INFO: Updating jobInformation list
2009-04-19 14:15 - JobOrganizer - INFO: Updating jobInformation list
2009-04-19 14:17 - JobOrganizer - INFO: Updating jobInformation list
2009-04-19 14:19 - JobOrganizer - INFO: Updating jobInformation list
2009-04-19 14:21 - JobOrganizer - INFO: Updating jobInformation list
2009-04-19 14:23 - JobOrganizer - INFO: Updating jobInformation list
2009-04-19 14:25 - JobOrganizer - INFO: Updating jobInformation list
2009-04-19 14:27 - JobOrganizer - INFO: Updating jobInformation list
2009-04-19 14:29 - JobOrganizer - INFO: Updating jobInformation list
2009-04-19 14:31 - JobOrganizer - INFO: Updating jobInformation list
2009-04-19 14:33 - JobOrganizer - INFO: Updating jobInformation list
2009-04-19 14:35 - JobOrganizer - INFO: Updating jobInformation list
2009-04-19 14:37 - JobOrganizer - INFO: Updating jobInformation list
2009-04-19 14:39 - JobOrganizer - INFO: Updating jobInformation list
2009-04-19 14:41 - JobOrganizer - INFO: Updating jobInformation list
2009-04-19 14:43 - JobOrganizer - INFO: Updating jobInformation list
2009-04-19 14:45 - JobOrganizer - INFO: Updating jobInformation list
2009-04-19 14:47 - JobOrganizer - INFO: Updating jobInformation list
2009-04-19 14:49 - JobOrganizer - INFO: Updating jobInformation list
2009-04-19 14:51 - JobOrganizer - INFO: Updating jobInformation list
2009-04-19 14:53 - JobOrganizer - INFO: Updating jobInformation list
2009-04-19 14:55 - JobOrganizer - INFO: Updating jobInformation list
2009-04-19 14:57 - JobOrganizer - INFO: Updating jobInformation list
2009-04-19 14:59 - JobOrganizer - INFO: Updating jobInformation list
2009-04-19 15:01 - JobOrganizer - INFO: Updating jobInformation list
2009-04-19 15:03 - JobOrganizer - INFO: Updating jobInformation list
2009-04-19 15:05 - JobOrganizer - INFO: Updating jobInformation list
2009-04-19 15:07 - JobOrganizer - INFO: Updating jobInformation list
2009-04-19 15:09 - JobOrganizer - INFO: Updating jobInformation list
2009-04-19 15:11 - JobOrganizer - INFO: Updating jobInformation list
2009-04-19 15:13 - JobOrganizer - INFO: Updating jobInformation list
2009-04-19 15:15 - JobOrganizer - INFO: Updating jobInformation list
2009-04-19 15:17 - JobOrganizer - INFO: Updating jobInformation list
2009-04-19 15:19 - JobOrganizer - INFO: Updating jobInformation list
2009-04-19 15:21 - JobOrganizer - INFO: Updating jobInformation list
2009-04-19 15:23 - JobOrganizer - INFO: Updating jobInformation list
2009-04-19 15:25 - JobOrganizer - INFO: Updating jobInformation list
2009-04-19 15:27 - JobOrganizer - INFO: Updating jobInformation list
2009-04-19 15:29 - JobOrganizer - INFO: Updating jobInformation list
2009-04-19 15:31 - JobOrganizer - INFO: Updating jobInformation list
2009-04-19 15:33 - JobOrganizer - INFO: Updating jobInformation list
2009-04-19 15:35 - JobOrganizer - INFO: Updating jobInformation list
2009-04-19 15:37 - JobOrganizer - INFO: Updating jobInformation list
2009-04-19 15:39 - JobOrganizer - INFO: Updating jobInformation list
2009-04-19 15:41 - JobOrganizer - INFO: Updating jobInformation list
2009-04-19 15:43 - JobOrganizer - INFO: Updating jobInformation list
2009-04-19 15:45 - JobOrganizer - INFO: Updating jobInformation list
2009-04-19 15:47 - JobOrganizer - INFO: Updating jobInformation list
2009-04-19 15:49 - JobOrganizer - INFO: Updating jobInformation list
2009-04-19 15:51 - JobOrganizer - INFO: Updating jobInformation list
2009-04-19 15:53 - JobOrganizer - INFO: Updating jobInformation list
2009-04-19 15:55 - JobOrganizer - INFO: Updating jobInformation list
2009-04-19 15:57 - JobOrganizer - INFO: Updating jobInformation list
2009-04-19 15:59 - JobOrganizer - INFO: Updating jobInformation list
2009-04-19 16:01 - JobOrganizer - INFO: Updating jobInformation list
2009-04-19 16:03 - JobOrganizer - INFO: Updating jobInformation list
2009-04-19 16:05 - JobOrganizer - INFO: Updating jobInformation list
2009-04-19 16:07 - JobOrganizer - INFO: Updating jobInformation list
2009-04-19 16:09 - JobOrganizer - INFO: Updating jobInformation list
2009-04-19 16:11 - JobOrganizer - INFO: Updating jobInformation list
2009-04-19 16:13 - JobOrganizer - INFO: Updating jobInformation list
2009-04-19 16:15 - JobOrganizer - INFO: Updating jobInformation list
2009-04-19 16:17 - JobOrganizer - INFO: Updating jobInformation list
2009-04-19 16:19 - JobOrganizer - INFO: Updating jobInformation list
2009-04-19 16:21 - JobOrganizer - INFO: Updating jobInformation list
2009-04-19 16:23 - JobOrganizer - INFO: Updating jobInformation list
2009-04-19 16:25 - JobOrganizer - INFO: Updating jobInformation list
2009-04-19 16:27 - JobOrganizer - INFO: Updating jobInformation list
2009-04-19 16:29 - JobOrganizer - INFO: Updating jobInformation list
2009-04-19 16:31 - JobOrganizer - INFO: Updating jobInformation list
2009-04-19 16:33 - JobOrganizer - INFO: Updating jobInformation list
2009-04-19 16:35 - JobOrganizer - INFO: Updating jobInformation list
2009-04-19 16:37 - JobOrganizer - INFO: Updating jobInformation list
2009-04-19 16:39 - JobOrganizer - INFO: Updating jobInformation list
2009-04-19 16:41 - JobOrganizer - INFO: Updating jobInformation list
2009-04-19 16:43 - JobOrganizer - INFO: Updating jobInformation list
2009-04-19 16:45 - JobOrganizer - INFO: Updating jobInformation list
2009-04-19 16:47 - JobOrganizer - INFO: Updating jobInformation list
2009-04-19 16:49 - JobOrganizer - INFO: Updating jobInformation list
2009-04-19 16:51 - JobOrganizer - INFO: Updating jobInformation list
2009-04-19 16:53 - JobOrganizer - INFO: Updating jobInformation list
2009-04-19 16:55 - JobOrganizer - INFO: Updating jobInformation list
2009-04-19 16:57 - JobOrganizer - INFO: Updating jobInformation list
2009-04-19 16:59 - JobOrganizer - INFO: Updating jobInformation list
2009-04-19 17:01 - JobOrganizer - INFO: Updating jobInformation list
2009-04-19 17:03 - JobOrganizer - INFO: Updating jobInformation list
2009-04-19 17:05 - JobOrganizer - INFO: Updating jobInformation list
2009-04-19 17:07 - JobOrganizer - INFO: Updating jobInformation list
2009-04-19 17:09 - JobOrganizer - INFO: Updating jobInformation list
2009-04-19 17:11 - JobOrganizer - INFO: Updating jobInformation list
2009-04-19 17:14 - JobOrganizer - INFO: Updating jobInformation list
2009-04-19 17:16 - JobOrganizer - INFO: Updating jobInformation list
2009-04-19 17:18 - JobOrganizer - INFO: Updating jobInformation list
2009-04-19 17:20 - JobOrganizer - INFO: Updating jobInformation list
2009-04-19 17:22 - JobOrganizer - INFO: Updating jobInformation list
2009-04-19 17:24 - JobOrganizer - INFO: Updating jobInformation list
2009-04-19 17:26 - JobOrganizer - INFO: Updating jobInformation list
2009-04-19 17:28 - JobOrganizer - INFO: Updating jobInformation list
2009-04-19 17:30 - JobOrganizer - INFO: Updating jobInformation list
2009-04-19 17:32 - JobOrganizer - INFO: Updating jobInformation list
2009-04-19 17:34 - JobOrganizer - INFO: Updating jobInformation list
2009-04-19 17:36 - JobOrganizer - INFO: Updating jobInformation list
2009-04-19 17:38 - JobOrganizer - INFO: Updating jobInformation list
2009-04-19 17:40 - JobOrganizer - INFO: Updating jobInformation list
2009-04-19 17:42 - JobOrganizer - INFO: Updating jobInformation list
2009-04-19 17:44 - JobOrganizer - INFO: Updating jobInformation list
2009-04-19 17:46 - JobOrganizer - INFO: Updating jobInformation list
2009-04-19 17:48 - JobOrganizer - INFO: Updating jobInformation list
2009-04-19 17:50 - JobOrganizer - INFO: Updating jobInformation list
2009-04-19 17:52 - JobOrganizer - INFO: Updating jobInformation list
2009-04-19 17:54 - JobOrganizer - INFO: Updating jobInformation list
2009-04-19 17:56 - JobOrganizer - INFO: Updating jobInformation list
2009-04-19 17:58 - JobOrganizer - INFO: Updating jobInformation list
2009-04-19 18:00 - JobOrganizer - INFO: Updating jobInformation list
2009-04-19 18:02 - JobOrganizer - INFO: Updating jobInformation list
2009-04-19 18:04 - JobOrganizer - INFO: Updating jobInformation list
2009-04-19 18:06 - JobOrganizer - INFO: Updating jobInformation list
2009-04-19 18:08 - JobOrganizer - INFO: Updating jobInformation list
2009-04-19 18:10 - JobOrganizer - INFO: Updating jobInformation list
2009-04-19 18:12 - JobOrganizer - INFO: Updating jobInformation list
2009-04-19 18:14 - JobOrganizer - INFO: Updating jobInformation list
2009-04-19 18:16 - JobOrganizer - INFO: Updating jobInformation list
2009-04-19 18:18 - JobOrganizer - INFO: Updating jobInformation list
2009-04-19 18:20 - JobOrganizer - INFO: Updating jobInformation list
2009-04-19 18:22 - JobOrganizer - INFO: Updating jobInformation list
2009-04-19 18:24 - JobOrganizer - INFO: Updating jobInformation list
2009-04-19 18:26 - JobOrganizer - INFO: Updating jobInformation list
2009-04-19 18:28 - JobOrganizer - INFO: Updating jobInformation list
2009-04-19 18:30 - JobOrganizer - INFO: Updating jobInformation list
2009-04-19 18:32 - JobOrganizer - INFO: Updating jobInformation list
2009-04-19 18:34 - JobOrganizer - INFO: Updating jobInformation list
2009-04-19 18:36 - JobOrganizer - INFO: Updating jobInformation list
2009-04-19 18:38 - JobOrganizer - INFO: Updating jobInformation list
2009-04-19 18:40 - JobOrganizer - INFO: Updating jobInformation list
2009-04-19 18:42 - JobOrganizer - INFO: Updating jobInformation list
2009-04-19 18:44 - JobOrganizer - INFO: Updating jobInformation list
2009-04-19 18:46 - JobOrganizer - INFO: Updating jobInformation list
2009-04-19 18:48 - JobOrganizer - INFO: Updating jobInformation list
2009-04-19 18:50 - JobOrganizer - INFO: Updating jobInformation list
2009-04-19 18:52 - JobOrganizer - INFO: Updating jobInformation list
2009-04-19 18:54 - JobOrganizer - INFO: Updating jobInformation list
2009-04-19 18:56 - JobOrganizer - INFO: Updating jobInformation list
2009-04-19 18:58 - JobOrganizer - INFO: Updating jobInformation list
2009-04-19 19:00 - JobOrganizer - INFO: Updating jobInformation list
2009-04-19 19:02 - JobOrganizer - INFO: Updating jobInformation list
2009-04-19 19:04 - JobOrganizer - INFO: Updating jobInformation list
2009-04-19 19:06 - JobOrganizer - INFO: Updating jobInformation list
2009-04-19 19:08 - JobOrganizer - INFO: Updating jobInformation list
2009-04-19 19:10 - JobOrganizer - INFO: Updating jobInformation list
2009-04-19 19:12 - JobOrganizer - INFO: Updating jobInformation list
2009-04-19 19:14 - JobOrganizer - INFO: Updating jobInformation list
2009-04-19 19:16 - JobOrganizer - INFO: Updating jobInformation list
2009-04-19 19:18 - JobOrganizer - INFO: Updating jobInformation list
2009-04-19 19:20 - JobOrganizer - INFO: Updating jobInformation list
2009-04-19 19:22 - JobOrganizer - INFO: Updating jobInformation list
2009-04-19 19:24 - JobOrganizer - INFO: Updating jobInformation list
2009-04-19 19:26 - JobOrganizer - INFO: Updating jobInformation list
2009-04-19 19:28 - JobOrganizer - INFO: Updating jobInformation list
2009-04-19 19:30 - JobOrganizer - INFO: Updating jobInformation list
2009-04-19 19:32 - JobOrganizer - INFO: Updating jobInformation list
2009-04-19 19:34 - JobOrganizer - INFO: Updating jobInformation list
2009-04-19 19:36 - JobOrganizer - INFO: Updating jobInformation list
2009-04-19 19:38 - JobOrganizer - INFO: Updating jobInformation list
2009-04-19 19:40 - JobOrganizer - INFO: Updating jobInformation list
2009-04-19 19:42 - JobOrganizer - INFO: Updating jobInformation list
2009-04-19 19:44 - JobOrganizer - INFO: Updating jobInformation list
2009-04-19 19:46 - JobOrganizer - INFO: Updating jobInformation list
2009-04-19 19:48 - JobOrganizer - INFO: Updating jobInformation list
2009-04-19 19:50 - JobOrganizer - INFO: Updating jobInformation list
2009-04-19 19:52 - JobOrganizer - INFO: Updating jobInformation list
2009-04-19 19:54 - JobOrganizer - INFO: Updating jobInformation list
2009-04-19 19:56 - JobOrganizer - INFO: Updating jobInformation list
2009-04-19 19:58 - JobOrganizer - INFO: Updating jobInformation list
2009-04-19 20:00 - JobOrganizer - INFO: Updating jobInformation list
2009-04-19 20:02 - JobOrganizer - INFO: Updating jobInformation list
2009-04-19 20:04 - JobOrganizer - INFO: Updating jobInformation list
2009-04-19 20:06 - JobOrganizer - INFO: Updating jobInformation list
2009-04-19 20:08 - JobOrganizer - INFO: Updating jobInformation list
2009-04-19 20:10 - JobOrganizer - INFO: Updating jobInformation list
2009-04-19 20:12 - JobOrganizer - INFO: Updating jobInformation list
2009-04-19 20:14 - JobOrganizer - INFO: Updating jobInformation list
2009-04-19 20:16 - JobOrganizer - INFO: Updating jobInformation list
2009-04-19 20:18 - JobOrganizer - INFO: Updating jobInformation list
2009-04-19 20:20 - JobOrganizer - INFO: Updating jobInformation list
2009-04-19 20:22 - JobOrganizer - INFO: Updating jobInformation list
2009-04-19 20:24 - JobOrganizer - INFO: Updating jobInformation list
2009-04-19 20:26 - JobOrganizer - INFO: Updating jobInformation list
2009-04-19 20:28 - JobOrganizer - INFO: Updating jobInformation list
2009-04-19 20:30 - JobOrganizer - INFO: Updating jobInformation list
2009-04-19 20:32 - JobOrganizer - INFO: Updating jobInformation list
2009-04-19 20:34 - JobOrganizer - INFO: Updating jobInformation list
2009-04-19 20:36 - JobOrganizer - INFO: Updating jobInformation list
2009-04-19 20:38 - JobOrganizer - INFO: Updating jobInformation list
2009-04-19 20:40 - JobOrganizer - INFO: Updating jobInformation list
2009-04-19 20:42 - JobOrganizer - INFO: Updating jobInformation list
2009-04-19 20:44 - JobOrganizer - INFO: Updating jobInformation list
2009-04-19 20:46 - JobOrganizer - INFO: Updating jobInformation list
2009-04-19 20:48 - JobOrganizer - INFO: Updating jobInformation list
2009-04-19 20:50 - JobOrganizer - INFO: Updating jobInformation list
2009-04-19 20:52 - JobOrganizer - INFO: Updating jobInformation list
2009-04-19 20:54 - JobOrganizer - INFO: Updating jobInformation list
2009-04-19 20:57 - JobOrganizer - INFO: Updating jobInformation list
2009-04-19 20:59 - JobOrganizer - INFO: Updating jobInformation list
2009-04-19 21:01 - JobOrganizer - INFO: Updating jobInformation list
2009-04-19 21:03 - JobOrganizer - INFO: Updating jobInformation list
2009-04-19 21:05 - JobOrganizer - INFO: Updating jobInformation list
2009-04-19 21:07 - JobOrganizer - INFO: Updating jobInformation list
2009-04-19 21:09 - JobOrganizer - INFO: Updating jobInformation list
2009-04-19 21:11 - JobOrganizer - INFO: Updating jobInformation list
2009-04-19 21:13 - JobOrganizer - INFO: Updating jobInformation list
2009-04-19 21:15 - JobOrganizer - INFO: Updating jobInformation list
2009-04-19 21:17 - JobOrganizer - INFO: Updating jobInformation list
2009-04-19 21:19 - JobOrganizer - INFO: Updating jobInformation list
2009-04-19 21:21 - JobOrganizer - INFO: Updating jobInformation list
2009-04-19 21:23 - JobOrganizer - INFO: Updating jobInformation list
2009-04-19 21:25 - JobOrganizer - INFO: Updating jobInformation list
2009-04-19 21:27 - JobOrganizer - INFO: Updating jobInformation list
2009-04-19 21:29 - JobOrganizer - INFO: Updating jobInformation list
2009-04-19 21:31 - JobOrganizer - INFO: Updating jobInformation list
2009-04-19 21:33 - JobOrganizer - INFO: Updating jobInformation list
2009-04-19 21:35 - JobOrganizer - INFO: Updating jobInformation list
2009-04-19 21:37 - JobOrganizer - INFO: Updating jobInformation list
2009-04-19 21:39 - JobOrganizer - INFO: Updating jobInformation list
2009-04-19 21:41 - JobOrganizer - INFO: Updating jobInformation list
2009-04-19 21:43 - JobOrganizer - INFO: Updating jobInformation list
2009-04-19 21:45 - JobOrganizer - INFO: Updating jobInformation list
2009-04-19 21:47 - JobOrganizer - INFO: Updating jobInformation list
2009-04-19 21:49 - JobOrganizer - INFO: Updating jobInformation list
2009-04-19 21:51 - JobOrganizer - INFO: Updating jobInformation list
2009-04-19 21:53 - JobOrganizer - INFO: Updating jobInformation list
2009-04-19 21:55 - JobOrganizer - INFO: Updating jobInformation list
2009-04-19 21:57 - JobOrganizer - INFO: Updating jobInformation list
2009-04-19 21:59 - JobOrganizer - INFO: Updating jobInformation list
2009-04-19 22:01 - JobOrganizer - INFO: Updating jobInformation list
2009-04-19 22:03 - JobOrganizer - INFO: Updating jobInformation list
2009-04-19 22:05 - JobOrganizer - INFO: Updating jobInformation list
2009-04-19 22:07 - JobOrganizer - INFO: Updating jobInformation list
2009-04-19 22:09 - JobOrganizer - INFO: Updating jobInformation list
2009-04-19 22:11 - JobOrganizer - INFO: Updating jobInformation list
2009-04-19 22:13 - JobOrganizer - INFO: Updating jobInformation list
2009-04-19 22:15 - JobOrganizer - INFO: Updating jobInformation list
2009-04-19 22:17 - JobOrganizer - INFO: Updating jobInformation list
2009-04-19 22:19 - JobOrganizer - INFO: Updating jobInformation list
2009-04-19 22:21 - JobOrganizer - INFO: Updating jobInformation list
2009-04-19 22:23 - JobOrganizer - INFO: Updating jobInformation list
2009-04-19 22:25 - JobOrganizer - INFO: Updating jobInformation list
2009-04-19 22:27 - JobOrganizer - INFO: Updating jobInformation list
2009-04-19 22:29 - JobOrganizer - INFO: Updating jobInformation list
2009-04-19 22:31 - JobOrganizer - INFO: Updating jobInformation list
2009-04-19 22:33 - JobOrganizer - INFO: Updating jobInformation list
2009-04-19 22:35 - JobOrganizer - INFO: Updating jobInformation list
2009-04-19 22:37 - JobOrganizer - INFO: Updating jobInformation list
2009-04-19 22:39 - JobOrganizer - INFO: Updating jobInformation list
2009-04-19 22:41 - JobOrganizer - INFO: Updating jobInformation list
2009-04-19 22:43 - JobOrganizer - INFO: Updating jobInformation list
2009-04-19 22:45 - JobOrganizer - INFO: Updating jobInformation list
2009-04-19 22:47 - JobOrganizer - INFO: Updating jobInformation list
2009-04-19 22:49 - JobOrganizer - INFO: Updating jobInformation list
2009-04-19 22:51 - JobOrganizer - INFO: Updating jobInformation list
2009-04-19 22:53 - JobOrganizer - INFO: Updating jobInformation list
2009-04-19 22:55 - JobOrganizer - INFO: Updating jobInformation list
2009-04-19 22:57 - JobOrganizer - INFO: Updating jobInformation list
2009-04-19 22:59 - JobOrganizer - INFO: Updating jobInformation list
2009-04-19 23:01 - JobOrganizer - INFO: Updating jobInformation list
2009-04-19 23:03 - JobOrganizer - INFO: Updating jobInformation list
2009-04-19 23:05 - JobOrganizer - INFO: Updating jobInformation list
2009-04-19 23:07 - JobOrganizer - INFO: Updating jobInformation list
2009-04-19 23:09 - JobOrganizer - INFO: Updating jobInformation list
2009-04-19 23:11 - JobOrganizer - INFO: Updating jobInformation list
2009-04-19 23:13 - JobOrganizer - INFO: Updating jobInformation list
2009-04-19 23:15 - JobOrganizer - INFO: Updating jobInformation list
2009-04-19 23:17 - JobOrganizer - INFO: Updating jobInformation list
2009-04-19 23:19 - JobOrganizer - INFO: Updating jobInformation list
2009-04-19 23:21 - JobOrganizer - INFO: Updating jobInformation list
2009-04-19 23:23 - JobOrganizer - INFO: Updating jobInformation list
2009-04-19 23:25 - JobOrganizer - INFO: Updating jobInformation list
2009-04-19 23:27 - JobOrganizer - INFO: Updating jobInformation list
2009-04-19 23:29 - JobOrganizer - INFO: Updating jobInformation list
2009-04-19 23:31 - JobOrganizer - INFO: Updating jobInformation list
2009-04-19 23:33 - JobOrganizer - INFO: Updating jobInformation list
2009-04-19 23:36 - JobOrganizer - INFO: Updating jobInformation list
2009-04-19 23:38 - JobOrganizer - INFO: Updating jobInformation list
2009-04-19 23:40 - JobOrganizer - INFO: Updating jobInformation list
2009-04-19 23:42 - JobOrganizer - INFO: Updating jobInformation list
2009-04-19 23:44 - JobOrganizer - INFO: Updating jobInformation list
2009-04-19 23:46 - JobOrganizer - INFO: Updating jobInformation list
2009-04-19 23:48 - JobOrganizer - INFO: Updating jobInformation list
2009-04-19 23:50 - JobOrganizer - INFO: Updating jobInformation list
2009-04-19 23:52 - JobOrganizer - INFO: Updating jobInformation list
2009-04-19 23:54 - JobOrganizer - INFO: Updating jobInformation list
2009-04-19 23:56 - JobOrganizer - INFO: Updating jobInformation list
2009-04-19 23:58 - JobOrganizer - INFO: Updating jobInformation list
2009-04-20 00:00 - JobOrganizer - INFO: Updating jobInformation list
