2009-04-09 00:00 - JobOrganizer - INFO: ========================================
2009-04-09 00:00 - JobOrganizer - INFO: JobOrganizer in init
2009-04-09 00:00 - JobOrganizer - INFO: init file JobOrganizerConfig.py was found
2009-04-09 00:00 - JobOrganizer - INFO: retrieveing Db parameters from JobOrganizerConfig.py file
2009-04-09 00:00 - JobOrganizer - INFO: creating job configurations from JobOrganizerConfig.py file
2009-04-09 00:00 - JobOrganizer - INFO: JobOrganizer initialized
2009-04-09 00:00 - JobOrganizer - INFO: ========================================
2009-04-09 00:02 - JobOrganizer - INFO: Updating jobInformation list
2009-04-09 00:04 - JobOrganizer - INFO: Updating jobInformation list
2009-04-09 00:06 - JobOrganizer - INFO: Updating jobInformation list
2009-04-09 00:08 - JobOrganizer - INFO: Updating jobInformation list
2009-04-09 00:10 - JobOrganizer - INFO: Updating jobInformation list
2009-04-09 00:12 - JobOrganizer - INFO: Updating jobInformation list
2009-04-09 00:14 - JobOrganizer - INFO: Updating jobInformation list
2009-04-09 00:16 - JobOrganizer - INFO: Updating jobInformation list
2009-04-09 00:18 - JobOrganizer - INFO: Updating jobInformation list
2009-04-09 00:20 - JobOrganizer - INFO: Updating jobInformation list
2009-04-09 00:22 - JobOrganizer - INFO: Updating jobInformation list
2009-04-09 00:24 - JobOrganizer - INFO: Updating jobInformation list
2009-04-09 00:26 - JobOrganizer - INFO: Updating jobInformation list
2009-04-09 00:28 - JobOrganizer - INFO: Updating jobInformation list
2009-04-09 00:30 - JobOrganizer - INFO: Updating jobInformation list
2009-04-09 00:32 - JobOrganizer - INFO: Updating jobInformation list
2009-04-09 00:34 - JobOrganizer - INFO: Updating jobInformation list
2009-04-09 00:36 - JobOrganizer - INFO: Updating jobInformation list
2009-04-09 00:38 - JobOrganizer - INFO: Updating jobInformation list
2009-04-09 00:40 - JobOrganizer - INFO: Updating jobInformation list
2009-04-09 00:42 - JobOrganizer - INFO: Updating jobInformation list
2009-04-09 00:44 - JobOrganizer - INFO: Updating jobInformation list
2009-04-09 00:46 - JobOrganizer - INFO: Updating jobInformation list
2009-04-09 00:48 - JobOrganizer - INFO: Updating jobInformation list
2009-04-09 00:50 - JobOrganizer - INFO: Updating jobInformation list
2009-04-09 00:52 - JobOrganizer - INFO: Updating jobInformation list
2009-04-09 00:54 - JobOrganizer - INFO: Updating jobInformation list
2009-04-09 00:56 - JobOrganizer - INFO: Updating jobInformation list
2009-04-09 00:58 - JobOrganizer - INFO: Updating jobInformation list
2009-04-09 01:00 - JobOrganizer - INFO: Updating jobInformation list
2009-04-09 01:02 - JobOrganizer - INFO: Updating jobInformation list
2009-04-09 01:04 - JobOrganizer - INFO: Updating jobInformation list
2009-04-09 01:06 - JobOrganizer - INFO: Updating jobInformation list
2009-04-09 01:08 - JobOrganizer - INFO: Updating jobInformation list
2009-04-09 01:10 - JobOrganizer - INFO: Updating jobInformation list
2009-04-09 01:12 - JobOrganizer - INFO: Updating jobInformation list
2009-04-09 01:14 - JobOrganizer - INFO: Updating jobInformation list
2009-04-09 01:16 - JobOrganizer - INFO: Updating jobInformation list
2009-04-09 01:18 - JobOrganizer - INFO: Updating jobInformation list
2009-04-09 01:20 - JobOrganizer - INFO: Updating jobInformation list
2009-04-09 01:22 - JobOrganizer - INFO: Updating jobInformation list
2009-04-09 01:24 - JobOrganizer - INFO: Updating jobInformation list
2009-04-09 01:26 - JobOrganizer - INFO: Updating jobInformation list
2009-04-09 01:28 - JobOrganizer - INFO: Updating jobInformation list
2009-04-09 01:30 - JobOrganizer - INFO: Updating jobInformation list
2009-04-09 01:32 - JobOrganizer - INFO: Updating jobInformation list
2009-04-09 01:34 - JobOrganizer - INFO: Updating jobInformation list
2009-04-09 01:36 - JobOrganizer - INFO: Updating jobInformation list
2009-04-09 01:38 - JobOrganizer - INFO: Updating jobInformation list
2009-04-09 01:40 - JobOrganizer - INFO: Updating jobInformation list
2009-04-09 01:42 - JobOrganizer - INFO: Updating jobInformation list
2009-04-09 01:45 - JobOrganizer - INFO: Updating jobInformation list
2009-04-09 01:47 - JobOrganizer - INFO: Updating jobInformation list
2009-04-09 01:49 - JobOrganizer - INFO: Updating jobInformation list
2009-04-09 01:51 - JobOrganizer - INFO: Updating jobInformation list
2009-04-09 01:53 - JobOrganizer - INFO: Updating jobInformation list
2009-04-09 01:55 - JobOrganizer - INFO: Updating jobInformation list
2009-04-09 01:57 - JobOrganizer - INFO: Updating jobInformation list
2009-04-09 01:59 - JobOrganizer - INFO: Updating jobInformation list
2009-04-09 02:01 - JobOrganizer - INFO: Updating jobInformation list
2009-04-09 02:03 - JobOrganizer - INFO: Updating jobInformation list
2009-04-09 02:05 - JobOrganizer - INFO: Updating jobInformation list
2009-04-09 02:07 - JobOrganizer - INFO: Updating jobInformation list
2009-04-09 02:09 - JobOrganizer - INFO: Updating jobInformation list
2009-04-09 02:11 - JobOrganizer - INFO: Updating jobInformation list
2009-04-09 02:13 - JobOrganizer - INFO: Updating jobInformation list
2009-04-09 02:15 - JobOrganizer - INFO: Updating jobInformation list
2009-04-09 02:17 - JobOrganizer - INFO: Updating jobInformation list
2009-04-09 02:19 - JobOrganizer - INFO: Updating jobInformation list
2009-04-09 02:21 - JobOrganizer - INFO: Updating jobInformation list
2009-04-09 02:23 - JobOrganizer - INFO: Updating jobInformation list
2009-04-09 02:25 - JobOrganizer - INFO: Updating jobInformation list
2009-04-09 02:27 - JobOrganizer - INFO: Updating jobInformation list
2009-04-09 02:29 - JobOrganizer - INFO: Updating jobInformation list
2009-04-09 02:31 - JobOrganizer - INFO: Updating jobInformation list
2009-04-09 02:33 - JobOrganizer - INFO: Updating jobInformation list
2009-04-09 02:35 - JobOrganizer - INFO: Updating jobInformation list
2009-04-09 02:37 - JobOrganizer - INFO: Updating jobInformation list
2009-04-09 02:39 - JobOrganizer - INFO: Updating jobInformation list
2009-04-09 02:42 - JobOrganizer - INFO: Updating jobInformation list
2009-04-09 02:44 - JobOrganizer - INFO: Updating jobInformation list
2009-04-09 02:46 - JobOrganizer - INFO: Updating jobInformation list
2009-04-09 02:48 - JobOrganizer - INFO: Updating jobInformation list
2009-04-09 02:50 - JobOrganizer - INFO: Updating jobInformation list
2009-04-09 02:52 - JobOrganizer - INFO: Updating jobInformation list
2009-04-09 02:54 - JobOrganizer - INFO: Updating jobInformation list
2009-04-09 02:56 - JobOrganizer - INFO: Updating jobInformation list
2009-04-09 02:58 - JobOrganizer - INFO: Updating jobInformation list
2009-04-09 03:00 - JobOrganizer - INFO: Updating jobInformation list
2009-04-09 03:02 - JobOrganizer - INFO: Updating jobInformation list
2009-04-09 03:04 - JobOrganizer - INFO: Updating jobInformation list
2009-04-09 03:06 - JobOrganizer - INFO: Updating jobInformation list
2009-04-09 03:08 - JobOrganizer - INFO: Updating jobInformation list
2009-04-09 03:10 - JobOrganizer - INFO: Updating jobInformation list
2009-04-09 03:12 - JobOrganizer - INFO: Updating jobInformation list
2009-04-09 03:14 - JobOrganizer - INFO: Updating jobInformation list
2009-04-09 03:16 - JobOrganizer - INFO: Updating jobInformation list
2009-04-09 03:18 - JobOrganizer - INFO: Updating jobInformation list
2009-04-09 03:20 - JobOrganizer - INFO: Updating jobInformation list
2009-04-09 03:22 - JobOrganizer - INFO: Updating jobInformation list
2009-04-09 03:24 - JobOrganizer - INFO: Updating jobInformation list
2009-04-09 03:26 - JobOrganizer - INFO: Updating jobInformation list
2009-04-09 03:28 - JobOrganizer - INFO: Updating jobInformation list
2009-04-09 03:30 - JobOrganizer - INFO: Updating jobInformation list
2009-04-09 03:32 - JobOrganizer - INFO: Updating jobInformation list
2009-04-09 03:34 - JobOrganizer - INFO: Updating jobInformation list
2009-04-09 03:36 - JobOrganizer - INFO: Updating jobInformation list
2009-04-09 03:38 - JobOrganizer - INFO: Updating jobInformation list
2009-04-09 03:40 - JobOrganizer - INFO: Updating jobInformation list
2009-04-09 03:42 - JobOrganizer - INFO: Updating jobInformation list
2009-04-09 03:44 - JobOrganizer - INFO: Updating jobInformation list
2009-04-09 03:46 - JobOrganizer - INFO: Updating jobInformation list
2009-04-09 03:48 - JobOrganizer - INFO: Updating jobInformation list
2009-04-09 03:50 - JobOrganizer - INFO: Updating jobInformation list
2009-04-09 03:52 - JobOrganizer - INFO: Updating jobInformation list
2009-04-09 03:54 - JobOrganizer - INFO: Updating jobInformation list
2009-04-09 03:56 - JobOrganizer - INFO: Updating jobInformation list
2009-04-09 03:58 - JobOrganizer - INFO: Updating jobInformation list
2009-04-09 04:00 - JobOrganizer - INFO: Updating jobInformation list
2009-04-09 04:02 - JobOrganizer - INFO: Updating jobInformation list
2009-04-09 04:04 - JobOrganizer - INFO: Updating jobInformation list
2009-04-09 04:06 - JobOrganizer - INFO: Updating jobInformation list
2009-04-09 04:08 - JobOrganizer - INFO: Updating jobInformation list
2009-04-09 04:10 - JobOrganizer - INFO: Updating jobInformation list
2009-04-09 04:12 - JobOrganizer - INFO: Updating jobInformation list
2009-04-09 04:14 - JobOrganizer - INFO: Updating jobInformation list
2009-04-09 04:16 - JobOrganizer - INFO: Updating jobInformation list
2009-04-09 04:18 - JobOrganizer - INFO: Updating jobInformation list
2009-04-09 04:20 - JobOrganizer - INFO: Updating jobInformation list
2009-04-09 04:22 - JobOrganizer - INFO: Updating jobInformation list
2009-04-09 04:24 - JobOrganizer - INFO: Updating jobInformation list
2009-04-09 04:26 - JobOrganizer - INFO: Updating jobInformation list
2009-04-09 04:28 - JobOrganizer - INFO: Updating jobInformation list
2009-04-09 04:30 - JobOrganizer - INFO: Updating jobInformation list
2009-04-09 04:32 - JobOrganizer - INFO: Updating jobInformation list
2009-04-09 04:34 - JobOrganizer - INFO: Updating jobInformation list
2009-04-09 04:36 - JobOrganizer - INFO: Updating jobInformation list
2009-04-09 04:38 - JobOrganizer - INFO: Updating jobInformation list
2009-04-09 04:40 - JobOrganizer - INFO: Updating jobInformation list
2009-04-09 04:42 - JobOrganizer - INFO: Updating jobInformation list
2009-04-09 04:44 - JobOrganizer - INFO: Updating jobInformation list
2009-04-09 04:46 - JobOrganizer - INFO: Updating jobInformation list
2009-04-09 04:48 - JobOrganizer - INFO: Updating jobInformation list
2009-04-09 04:50 - JobOrganizer - INFO: Updating jobInformation list
2009-04-09 04:52 - JobOrganizer - INFO: Updating jobInformation list
2009-04-09 04:54 - JobOrganizer - INFO: Updating jobInformation list
2009-04-09 04:56 - JobOrganizer - INFO: Updating jobInformation list
2009-04-09 04:58 - JobOrganizer - INFO: Updating jobInformation list
2009-04-09 05:00 - JobOrganizer - INFO: Updating jobInformation list
2009-04-09 05:02 - JobOrganizer - INFO: Updating jobInformation list
2009-04-09 05:04 - JobOrganizer - INFO: Updating jobInformation list
2009-04-09 05:06 - JobOrganizer - INFO: Updating jobInformation list
2009-04-09 05:08 - JobOrganizer - INFO: Updating jobInformation list
2009-04-09 05:10 - JobOrganizer - INFO: Updating jobInformation list
2009-04-09 05:12 - JobOrganizer - INFO: Updating jobInformation list
2009-04-09 05:14 - JobOrganizer - INFO: Updating jobInformation list
2009-04-09 05:16 - JobOrganizer - INFO: Updating jobInformation list
2009-04-09 05:18 - JobOrganizer - INFO: Updating jobInformation list
2009-04-09 05:20 - JobOrganizer - INFO: Updating jobInformation list
2009-04-09 05:22 - JobOrganizer - INFO: Updating jobInformation list
2009-04-09 05:24 - JobOrganizer - INFO: Updating jobInformation list
2009-04-09 05:26 - JobOrganizer - INFO: Updating jobInformation list
2009-04-09 05:28 - JobOrganizer - INFO: Updating jobInformation list
2009-04-09 05:30 - JobOrganizer - INFO: Updating jobInformation list
2009-04-09 05:32 - JobOrganizer - INFO: Updating jobInformation list
2009-04-09 05:34 - JobOrganizer - INFO: Updating jobInformation list
2009-04-09 05:36 - JobOrganizer - INFO: Updating jobInformation list
2009-04-09 05:38 - JobOrganizer - INFO: Updating jobInformation list
2009-04-09 05:40 - JobOrganizer - INFO: Updating jobInformation list
2009-04-09 05:42 - JobOrganizer - INFO: Updating jobInformation list
2009-04-09 05:44 - JobOrganizer - INFO: Updating jobInformation list
2009-04-09 05:46 - JobOrganizer - INFO: Updating jobInformation list
2009-04-09 05:48 - JobOrganizer - INFO: Updating jobInformation list
2009-04-09 05:50 - JobOrganizer - INFO: Updating jobInformation list
2009-04-09 05:52 - JobOrganizer - INFO: Updating jobInformation list
2009-04-09 05:54 - JobOrganizer - INFO: Updating jobInformation list
2009-04-09 05:56 - JobOrganizer - INFO: Updating jobInformation list
2009-04-09 05:58 - JobOrganizer - INFO: Updating jobInformation list
2009-04-09 06:00 - JobOrganizer - INFO: Updating jobInformation list
2009-04-09 06:02 - JobOrganizer - INFO: Updating jobInformation list
2009-04-09 06:04 - JobOrganizer - INFO: Updating jobInformation list
2009-04-09 06:06 - JobOrganizer - INFO: Updating jobInformation list
2009-04-09 06:08 - JobOrganizer - INFO: Updating jobInformation list
2009-04-09 06:10 - JobOrganizer - INFO: Updating jobInformation list
2009-04-09 06:12 - JobOrganizer - INFO: Updating jobInformation list
2009-04-09 06:14 - JobOrganizer - INFO: Updating jobInformation list
2009-04-09 06:16 - JobOrganizer - INFO: Updating jobInformation list
2009-04-09 06:19 - JobOrganizer - INFO: Updating jobInformation list
2009-04-09 06:21 - JobOrganizer - INFO: Updating jobInformation list
2009-04-09 06:23 - JobOrganizer - INFO: Updating jobInformation list
2009-04-09 06:25 - JobOrganizer - INFO: Updating jobInformation list
2009-04-09 06:27 - JobOrganizer - INFO: Updating jobInformation list
2009-04-09 06:29 - JobOrganizer - INFO: Updating jobInformation list
2009-04-09 06:31 - JobOrganizer - INFO: Updating jobInformation list
2009-04-09 06:33 - JobOrganizer - INFO: Updating jobInformation list
2009-04-09 06:35 - JobOrganizer - INFO: Updating jobInformation list
2009-04-09 06:37 - JobOrganizer - INFO: Updating jobInformation list
2009-04-09 06:39 - JobOrganizer - INFO: Updating jobInformation list
2009-04-09 06:41 - JobOrganizer - INFO: Updating jobInformation list
2009-04-09 06:43 - JobOrganizer - INFO: Updating jobInformation list
2009-04-09 06:45 - JobOrganizer - INFO: Updating jobInformation list
2009-04-09 06:47 - JobOrganizer - INFO: Updating jobInformation list
2009-04-09 06:49 - JobOrganizer - INFO: Updating jobInformation list
2009-04-09 06:51 - JobOrganizer - INFO: Updating jobInformation list
2009-04-09 06:53 - JobOrganizer - INFO: Updating jobInformation list
2009-04-09 06:55 - JobOrganizer - INFO: Updating jobInformation list
2009-04-09 06:57 - JobOrganizer - INFO: Updating jobInformation list
2009-04-09 06:59 - JobOrganizer - INFO: Updating jobInformation list
2009-04-09 07:01 - JobOrganizer - INFO: Updating jobInformation list
2009-04-09 07:03 - JobOrganizer - INFO: Updating jobInformation list
2009-04-09 07:05 - JobOrganizer - INFO: Updating jobInformation list
2009-04-09 07:07 - JobOrganizer - INFO: Updating jobInformation list
2009-04-09 07:09 - JobOrganizer - INFO: Updating jobInformation list
2009-04-09 07:11 - JobOrganizer - INFO: Updating jobInformation list
2009-04-09 07:13 - JobOrganizer - INFO: Updating jobInformation list
2009-04-09 07:15 - JobOrganizer - INFO: Updating jobInformation list
2009-04-09 07:17 - JobOrganizer - INFO: Updating jobInformation list
2009-04-09 07:19 - JobOrganizer - INFO: Updating jobInformation list
2009-04-09 07:21 - JobOrganizer - INFO: Updating jobInformation list
2009-04-09 07:23 - JobOrganizer - INFO: Updating jobInformation list
2009-04-09 07:25 - JobOrganizer - INFO: Updating jobInformation list
2009-04-09 07:27 - JobOrganizer - INFO: Updating jobInformation list
2009-04-09 07:29 - JobOrganizer - INFO: Updating jobInformation list
2009-04-09 07:31 - JobOrganizer - INFO: Updating jobInformation list
2009-04-09 07:33 - JobOrganizer - INFO: Updating jobInformation list
2009-04-09 07:35 - JobOrganizer - INFO: Updating jobInformation list
2009-04-09 07:37 - JobOrganizer - INFO: Updating jobInformation list
2009-04-09 07:39 - JobOrganizer - INFO: Updating jobInformation list
2009-04-09 07:41 - JobOrganizer - INFO: Updating jobInformation list
2009-04-09 07:43 - JobOrganizer - INFO: Updating jobInformation list
2009-04-09 07:45 - JobOrganizer - INFO: Updating jobInformation list
2009-04-09 07:47 - JobOrganizer - INFO: Updating jobInformation list
2009-04-09 07:49 - JobOrganizer - INFO: Updating jobInformation list
2009-04-09 07:51 - JobOrganizer - INFO: Updating jobInformation list
2009-04-09 07:53 - JobOrganizer - INFO: Updating jobInformation list
2009-04-09 07:55 - JobOrganizer - INFO: Updating jobInformation list
2009-04-09 07:57 - JobOrganizer - INFO: Updating jobInformation list
2009-04-09 07:59 - JobOrganizer - INFO: Updating jobInformation list
2009-04-09 08:01 - JobOrganizer - INFO: Updating jobInformation list
2009-04-09 08:03 - JobOrganizer - INFO: Updating jobInformation list
2009-04-09 08:05 - JobOrganizer - INFO: Updating jobInformation list
2009-04-09 08:07 - JobOrganizer - INFO: Updating jobInformation list
2009-04-09 08:09 - JobOrganizer - INFO: Updating jobInformation list
2009-04-09 08:11 - JobOrganizer - INFO: Updating jobInformation list
2009-04-09 08:13 - JobOrganizer - INFO: Updating jobInformation list
2009-04-09 08:15 - JobOrganizer - INFO: Updating jobInformation list
2009-04-09 08:17 - JobOrganizer - INFO: Updating jobInformation list
2009-04-09 08:19 - JobOrganizer - INFO: Updating jobInformation list
2009-04-09 08:21 - JobOrganizer - INFO: Updating jobInformation list
2009-04-09 08:23 - JobOrganizer - INFO: Updating jobInformation list
2009-04-09 08:25 - JobOrganizer - INFO: Updating jobInformation list
2009-04-09 08:27 - JobOrganizer - INFO: Updating jobInformation list
2009-04-09 08:29 - JobOrganizer - INFO: Updating jobInformation list
2009-04-09 08:31 - JobOrganizer - INFO: Updating jobInformation list
2009-04-09 08:33 - JobOrganizer - INFO: Updating jobInformation list
2009-04-09 08:35 - JobOrganizer - INFO: Updating jobInformation list
2009-04-09 08:37 - JobOrganizer - INFO: Updating jobInformation list
2009-04-09 08:39 - JobOrganizer - INFO: Updating jobInformation list
2009-04-09 08:41 - JobOrganizer - INFO: Updating jobInformation list
2009-04-09 08:43 - JobOrganizer - INFO: Updating jobInformation list
2009-04-09 08:45 - JobOrganizer - INFO: Updating jobInformation list
2009-04-09 08:47 - JobOrganizer - INFO: Updating jobInformation list
2009-04-09 08:49 - JobOrganizer - INFO: Updating jobInformation list
2009-04-09 08:51 - JobOrganizer - INFO: Updating jobInformation list
2009-04-09 08:53 - JobOrganizer - INFO: Updating jobInformation list
2009-04-09 08:55 - JobOrganizer - INFO: Updating jobInformation list
2009-04-09 08:57 - JobOrganizer - INFO: Updating jobInformation list
2009-04-09 08:59 - JobOrganizer - INFO: Updating jobInformation list
2009-04-09 09:01 - JobOrganizer - INFO: Updating jobInformation list
2009-04-09 09:03 - JobOrganizer - INFO: Updating jobInformation list
2009-04-09 09:05 - JobOrganizer - INFO: Updating jobInformation list
2009-04-09 09:07 - JobOrganizer - INFO: Updating jobInformation list
2009-04-09 09:09 - JobOrganizer - INFO: Updating jobInformation list
2009-04-09 09:11 - JobOrganizer - INFO: Updating jobInformation list
2009-04-09 09:13 - JobOrganizer - INFO: Updating jobInformation list
2009-04-09 09:15 - JobOrganizer - INFO: Updating jobInformation list
2009-04-09 09:17 - JobOrganizer - INFO: Updating jobInformation list
2009-04-09 09:19 - JobOrganizer - INFO: Updating jobInformation list
2009-04-09 09:21 - JobOrganizer - INFO: Updating jobInformation list
2009-04-09 09:23 - JobOrganizer - INFO: Updating jobInformation list
2009-04-09 09:25 - JobOrganizer - INFO: Updating jobInformation list
2009-04-09 09:27 - JobOrganizer - INFO: Updating jobInformation list
2009-04-09 09:29 - JobOrganizer - INFO: Updating jobInformation list
2009-04-09 09:32 - JobOrganizer - INFO: Updating jobInformation list
2009-04-09 09:34 - JobOrganizer - INFO: Updating jobInformation list
2009-04-09 09:36 - JobOrganizer - INFO: Updating jobInformation list
2009-04-09 09:38 - JobOrganizer - INFO: Updating jobInformation list
2009-04-09 09:40 - JobOrganizer - INFO: Updating jobInformation list
2009-04-09 09:42 - JobOrganizer - INFO: Updating jobInformation list
2009-04-09 09:44 - JobOrganizer - INFO: Updating jobInformation list
2009-04-09 09:46 - JobOrganizer - INFO: Updating jobInformation list
2009-04-09 09:48 - JobOrganizer - INFO: Updating jobInformation list
2009-04-09 09:50 - JobOrganizer - INFO: Updating jobInformation list
2009-04-09 09:52 - JobOrganizer - INFO: Updating jobInformation list
2009-04-09 09:54 - JobOrganizer - INFO: Updating jobInformation list
2009-04-09 09:56 - JobOrganizer - INFO: Updating jobInformation list
2009-04-09 09:58 - JobOrganizer - INFO: Updating jobInformation list
2009-04-09 10:00 - JobOrganizer - INFO: Updating jobInformation list
2009-04-09 10:02 - JobOrganizer - INFO: Updating jobInformation list
2009-04-09 10:04 - JobOrganizer - INFO: Updating jobInformation list
2009-04-09 10:06 - JobOrganizer - INFO: Updating jobInformation list
2009-04-09 10:08 - JobOrganizer - INFO: Updating jobInformation list
2009-04-09 10:10 - JobOrganizer - INFO: Updating jobInformation list
2009-04-09 10:12 - JobOrganizer - INFO: Updating jobInformation list
2009-04-09 10:14 - JobOrganizer - INFO: Updating jobInformation list
2009-04-09 10:16 - JobOrganizer - INFO: Updating jobInformation list
2009-04-09 10:18 - JobOrganizer - INFO: Updating jobInformation list
2009-04-09 10:20 - JobOrganizer - INFO: Updating jobInformation list
2009-04-09 10:22 - JobOrganizer - INFO: Updating jobInformation list
2009-04-09 10:24 - JobOrganizer - INFO: Updating jobInformation list
2009-04-09 10:26 - JobOrganizer - INFO: Updating jobInformation list
2009-04-09 10:28 - JobOrganizer - INFO: Updating jobInformation list
2009-04-09 10:30 - JobOrganizer - INFO: Updating jobInformation list
2009-04-09 10:32 - JobOrganizer - INFO: Updating jobInformation list
2009-04-09 10:34 - JobOrganizer - INFO: Updating jobInformation list
2009-04-09 10:36 - JobOrganizer - INFO: Updating jobInformation list
2009-04-09 10:38 - JobOrganizer - INFO: Updating jobInformation list
2009-04-09 10:40 - JobOrganizer - INFO: Updating jobInformation list
2009-04-09 10:42 - JobOrganizer - INFO: Updating jobInformation list
2009-04-09 10:44 - JobOrganizer - INFO: Updating jobInformation list
2009-04-09 10:46 - JobOrganizer - INFO: Updating jobInformation list
2009-04-09 10:48 - JobOrganizer - INFO: Updating jobInformation list
2009-04-09 10:50 - JobOrganizer - INFO: Updating jobInformation list
2009-04-09 10:52 - JobOrganizer - INFO: Updating jobInformation list
2009-04-09 10:54 - JobOrganizer - INFO: Updating jobInformation list
2009-04-09 10:56 - JobOrganizer - INFO: Updating jobInformation list
2009-04-09 10:58 - JobOrganizer - INFO: Updating jobInformation list
2009-04-09 11:00 - JobOrganizer - INFO: Updating jobInformation list
2009-04-09 11:02 - JobOrganizer - INFO: Updating jobInformation list
2009-04-09 11:04 - JobOrganizer - INFO: Updating jobInformation list
2009-04-09 11:06 - JobOrganizer - INFO: Updating jobInformation list
2009-04-09 11:08 - JobOrganizer - INFO: Updating jobInformation list
2009-04-09 11:10 - JobOrganizer - INFO: Updating jobInformation list
2009-04-09 11:12 - JobOrganizer - INFO: Updating jobInformation list
2009-04-09 11:14 - JobOrganizer - INFO: Updating jobInformation list
2009-04-09 11:16 - JobOrganizer - INFO: Updating jobInformation list
2009-04-09 11:18 - JobOrganizer - INFO: Updating jobInformation list
2009-04-09 11:20 - JobOrganizer - INFO: Updating jobInformation list
2009-04-09 11:22 - JobOrganizer - INFO: Updating jobInformation list
2009-04-09 11:24 - JobOrganizer - INFO: Updating jobInformation list
2009-04-09 11:26 - JobOrganizer - INFO: Updating jobInformation list
2009-04-09 11:28 - JobOrganizer - INFO: Updating jobInformation list
2009-04-09 11:30 - JobOrganizer - INFO: Updating jobInformation list
2009-04-09 11:32 - JobOrganizer - INFO: Updating jobInformation list
2009-04-09 11:34 - JobOrganizer - INFO: Updating jobInformation list
2009-04-09 11:36 - JobOrganizer - INFO: Updating jobInformation list
2009-04-09 11:38 - JobOrganizer - INFO: Updating jobInformation list
2009-04-09 11:40 - JobOrganizer - INFO: Updating jobInformation list
2009-04-09 11:42 - JobOrganizer - INFO: Updating jobInformation list
2009-04-09 11:45 - JobOrganizer - INFO: Updating jobInformation list
2009-04-09 11:47 - JobOrganizer - INFO: Updating jobInformation list
2009-04-09 11:49 - JobOrganizer - INFO: Updating jobInformation list
2009-04-09 11:51 - JobOrganizer - INFO: Updating jobInformation list
2009-04-09 11:53 - JobOrganizer - INFO: Updating jobInformation list
2009-04-09 11:55 - JobOrganizer - INFO: Updating jobInformation list
2009-04-09 11:57 - JobOrganizer - INFO: Updating jobInformation list
2009-04-09 11:59 - JobOrganizer - INFO: Updating jobInformation list
2009-04-09 12:01 - JobOrganizer - INFO: Updating jobInformation list
2009-04-09 12:03 - JobOrganizer - INFO: Updating jobInformation list
2009-04-09 12:05 - JobOrganizer - INFO: Updating jobInformation list
2009-04-09 12:07 - JobOrganizer - INFO: Updating jobInformation list
2009-04-09 12:09 - JobOrganizer - INFO: Updating jobInformation list
2009-04-09 12:11 - JobOrganizer - INFO: Updating jobInformation list
2009-04-09 12:13 - JobOrganizer - INFO: Updating jobInformation list
2009-04-09 12:15 - JobOrganizer - INFO: Updating jobInformation list
2009-04-09 12:17 - JobOrganizer - INFO: Updating jobInformation list
2009-04-09 12:19 - JobOrganizer - INFO: Updating jobInformation list
2009-04-09 12:21 - JobOrganizer - INFO: Updating jobInformation list
2009-04-09 12:23 - JobOrganizer - INFO: Updating jobInformation list
2009-04-09 12:25 - JobOrganizer - INFO: Updating jobInformation list
2009-04-09 12:27 - JobOrganizer - INFO: Updating jobInformation list
2009-04-09 12:29 - JobOrganizer - INFO: Updating jobInformation list
2009-04-09 12:31 - JobOrganizer - INFO: Updating jobInformation list
2009-04-09 12:33 - JobOrganizer - INFO: Updating jobInformation list
2009-04-09 12:35 - JobOrganizer - INFO: Updating jobInformation list
2009-04-09 12:37 - JobOrganizer - INFO: Updating jobInformation list
2009-04-09 12:39 - JobOrganizer - INFO: Updating jobInformation list
2009-04-09 12:41 - JobOrganizer - INFO: Updating jobInformation list
2009-04-09 12:43 - JobOrganizer - INFO: Updating jobInformation list
2009-04-09 12:45 - JobOrganizer - INFO: Updating jobInformation list
2009-04-09 12:47 - JobOrganizer - INFO: Updating jobInformation list
2009-04-09 12:49 - JobOrganizer - INFO: Updating jobInformation list
2009-04-09 12:51 - JobOrganizer - INFO: Updating jobInformation list
2009-04-09 12:53 - JobOrganizer - INFO: Updating jobInformation list
2009-04-09 12:55 - JobOrganizer - INFO: Updating jobInformation list
2009-04-09 12:57 - JobOrganizer - INFO: Updating jobInformation list
2009-04-09 12:59 - JobOrganizer - INFO: Updating jobInformation list
2009-04-09 13:01 - JobOrganizer - INFO: Updating jobInformation list
2009-04-09 13:03 - JobOrganizer - INFO: Updating jobInformation list
2009-04-09 13:05 - JobOrganizer - INFO: Updating jobInformation list
2009-04-09 13:07 - JobOrganizer - INFO: Updating jobInformation list
2009-04-09 13:09 - JobOrganizer - INFO: Updating jobInformation list
2009-04-09 13:11 - JobOrganizer - INFO: Updating jobInformation list
2009-04-09 13:13 - JobOrganizer - INFO: Updating jobInformation list
2009-04-09 13:15 - JobOrganizer - INFO: Updating jobInformation list
2009-04-09 13:17 - JobOrganizer - INFO: Updating jobInformation list
2009-04-09 13:19 - JobOrganizer - INFO: Updating jobInformation list
2009-04-09 13:21 - JobOrganizer - INFO: Updating jobInformation list
2009-04-09 13:23 - JobOrganizer - INFO: Updating jobInformation list
2009-04-09 13:25 - JobOrganizer - INFO: Updating jobInformation list
2009-04-09 13:27 - JobOrganizer - INFO: Updating jobInformation list
2009-04-09 13:29 - JobOrganizer - INFO: Updating jobInformation list
2009-04-09 13:31 - JobOrganizer - INFO: Updating jobInformation list
2009-04-09 13:33 - JobOrganizer - INFO: Updating jobInformation list
2009-04-09 13:35 - JobOrganizer - INFO: Updating jobInformation list
2009-04-09 13:37 - JobOrganizer - INFO: Updating jobInformation list
2009-04-09 13:39 - JobOrganizer - INFO: Updating jobInformation list
2009-04-09 13:41 - JobOrganizer - INFO: Updating jobInformation list
2009-04-09 13:43 - JobOrganizer - INFO: Updating jobInformation list
2009-04-09 13:45 - JobOrganizer - INFO: Updating jobInformation list
2009-04-09 13:47 - JobOrganizer - INFO: Updating jobInformation list
2009-04-09 13:49 - JobOrganizer - INFO: Updating jobInformation list
2009-04-09 13:51 - JobOrganizer - INFO: Updating jobInformation list
2009-04-09 13:53 - JobOrganizer - INFO: Updating jobInformation list
2009-04-09 13:55 - JobOrganizer - INFO: Updating jobInformation list
2009-04-09 13:57 - JobOrganizer - INFO: Updating jobInformation list
2009-04-09 13:59 - JobOrganizer - INFO: Updating jobInformation list
2009-04-09 14:01 - JobOrganizer - INFO: Updating jobInformation list
2009-04-09 14:03 - JobOrganizer - INFO: Updating jobInformation list
2009-04-09 14:05 - JobOrganizer - INFO: Updating jobInformation list
2009-04-09 14:07 - JobOrganizer - INFO: Updating jobInformation list
2009-04-09 14:09 - JobOrganizer - INFO: Updating jobInformation list
2009-04-09 14:11 - JobOrganizer - INFO: Updating jobInformation list
2009-04-09 14:13 - JobOrganizer - INFO: Updating jobInformation list
2009-04-09 14:16 - JobOrganizer - INFO: Updating jobInformation list
2009-04-09 14:18 - JobOrganizer - INFO: Updating jobInformation list
2009-04-09 14:20 - JobOrganizer - INFO: Updating jobInformation list
2009-04-09 14:22 - JobOrganizer - INFO: Updating jobInformation list
2009-04-09 14:24 - JobOrganizer - INFO: Updating jobInformation list
2009-04-09 14:26 - JobOrganizer - INFO: Updating jobInformation list
2009-04-09 14:28 - JobOrganizer - INFO: Updating jobInformation list
2009-04-09 14:30 - JobOrganizer - INFO: Updating jobInformation list
2009-04-09 14:32 - JobOrganizer - INFO: Updating jobInformation list
2009-04-09 14:34 - JobOrganizer - INFO: Updating jobInformation list
2009-04-09 14:36 - JobOrganizer - INFO: Updating jobInformation list
2009-04-09 14:38 - JobOrganizer - INFO: Updating jobInformation list
2009-04-09 14:40 - JobOrganizer - INFO: Updating jobInformation list
2009-04-09 14:42 - JobOrganizer - INFO: Updating jobInformation list
2009-04-09 14:44 - JobOrganizer - INFO: Updating jobInformation list
2009-04-09 14:46 - JobOrganizer - INFO: Updating jobInformation list
2009-04-09 14:48 - JobOrganizer - INFO: Updating jobInformation list
2009-04-09 14:50 - JobOrganizer - INFO: Updating jobInformation list
2009-04-09 14:52 - JobOrganizer - INFO: Updating jobInformation list
2009-04-09 14:54 - JobOrganizer - INFO: Updating jobInformation list
2009-04-09 14:56 - JobOrganizer - INFO: Updating jobInformation list
2009-04-09 14:58 - JobOrganizer - INFO: Updating jobInformation list
2009-04-09 15:00 - JobOrganizer - INFO: Updating jobInformation list
2009-04-09 15:02 - JobOrganizer - INFO: Updating jobInformation list
2009-04-09 15:04 - JobOrganizer - INFO: Updating jobInformation list
2009-04-09 15:06 - JobOrganizer - INFO: Updating jobInformation list
2009-04-09 15:08 - JobOrganizer - INFO: Updating jobInformation list
2009-04-09 15:10 - JobOrganizer - INFO: Updating jobInformation list
2009-04-09 15:12 - JobOrganizer - INFO: Updating jobInformation list
2009-04-09 15:14 - JobOrganizer - INFO: Updating jobInformation list
2009-04-09 15:16 - JobOrganizer - INFO: Updating jobInformation list
2009-04-09 15:18 - JobOrganizer - INFO: Updating jobInformation list
2009-04-09 15:20 - JobOrganizer - INFO: Updating jobInformation list
2009-04-09 15:22 - JobOrganizer - INFO: Updating jobInformation list
2009-04-09 15:24 - JobOrganizer - INFO: Updating jobInformation list
2009-04-09 15:26 - JobOrganizer - INFO: Updating jobInformation list
2009-04-09 15:28 - JobOrganizer - INFO: Updating jobInformation list
2009-04-09 15:30 - JobOrganizer - INFO: Updating jobInformation list
2009-04-09 15:32 - JobOrganizer - INFO: Updating jobInformation list
2009-04-09 15:34 - JobOrganizer - INFO: Updating jobInformation list
2009-04-09 15:36 - JobOrganizer - INFO: Updating jobInformation list
2009-04-09 15:38 - JobOrganizer - INFO: Updating jobInformation list
2009-04-09 15:40 - JobOrganizer - INFO: Updating jobInformation list
2009-04-09 15:42 - JobOrganizer - INFO: Updating jobInformation list
2009-04-09 15:44 - JobOrganizer - INFO: Updating jobInformation list
2009-04-09 15:46 - JobOrganizer - INFO: Updating jobInformation list
2009-04-09 15:48 - JobOrganizer - INFO: Updating jobInformation list
2009-04-09 15:50 - JobOrganizer - INFO: Updating jobInformation list
2009-04-09 15:52 - JobOrganizer - INFO: Updating jobInformation list
2009-04-09 15:54 - JobOrganizer - INFO: Updating jobInformation list
2009-04-09 15:56 - JobOrganizer - INFO: Updating jobInformation list
2009-04-09 15:58 - JobOrganizer - INFO: Updating jobInformation list
2009-04-09 16:00 - JobOrganizer - INFO: Updating jobInformation list
2009-04-09 16:02 - JobOrganizer - INFO: Updating jobInformation list
2009-04-09 16:04 - JobOrganizer - INFO: Updating jobInformation list
2009-04-09 16:06 - JobOrganizer - INFO: Updating jobInformation list
2009-04-09 16:08 - JobOrganizer - INFO: Updating jobInformation list
2009-04-09 16:10 - JobOrganizer - INFO: Updating jobInformation list
2009-04-09 16:12 - JobOrganizer - INFO: Updating jobInformation list
2009-04-09 16:14 - JobOrganizer - INFO: Updating jobInformation list
2009-04-09 16:16 - JobOrganizer - INFO: Updating jobInformation list
2009-04-09 16:18 - JobOrganizer - INFO: Updating jobInformation list
2009-04-09 16:20 - JobOrganizer - INFO: Updating jobInformation list
2009-04-09 16:22 - JobOrganizer - INFO: Updating jobInformation list
2009-04-09 16:24 - JobOrganizer - INFO: Updating jobInformation list
2009-04-09 16:26 - JobOrganizer - INFO: Updating jobInformation list
2009-04-09 16:28 - JobOrganizer - INFO: Updating jobInformation list
2009-04-09 16:30 - JobOrganizer - INFO: Updating jobInformation list
2009-04-09 16:32 - JobOrganizer - INFO: Updating jobInformation list
2009-04-09 16:34 - JobOrganizer - INFO: Updating jobInformation list
2009-04-09 16:36 - JobOrganizer - INFO: Updating jobInformation list
2009-04-09 16:38 - JobOrganizer - INFO: Updating jobInformation list
2009-04-09 16:40 - JobOrganizer - INFO: Updating jobInformation list
2009-04-09 16:42 - JobOrganizer - INFO: Updating jobInformation list
2009-04-09 16:44 - JobOrganizer - INFO: Updating jobInformation list
2009-04-09 16:46 - JobOrganizer - INFO: Updating jobInformation list
2009-04-09 16:48 - JobOrganizer - INFO: Updating jobInformation list
2009-04-09 16:50 - JobOrganizer - INFO: Updating jobInformation list
2009-04-09 16:52 - JobOrganizer - INFO: Updating jobInformation list
2009-04-09 16:55 - JobOrganizer - INFO: Updating jobInformation list
2009-04-09 16:57 - JobOrganizer - INFO: Updating jobInformation list
2009-04-09 16:59 - JobOrganizer - INFO: Updating jobInformation list
2009-04-09 17:01 - JobOrganizer - INFO: Updating jobInformation list
2009-04-09 17:03 - JobOrganizer - INFO: Updating jobInformation list
2009-04-09 17:05 - JobOrganizer - INFO: Updating jobInformation list
2009-04-09 17:07 - JobOrganizer - INFO: Updating jobInformation list
2009-04-09 17:09 - JobOrganizer - INFO: Updating jobInformation list
2009-04-09 17:11 - JobOrganizer - INFO: Updating jobInformation list
2009-04-09 17:13 - JobOrganizer - INFO: Updating jobInformation list
2009-04-09 17:15 - JobOrganizer - INFO: Updating jobInformation list
2009-04-09 17:17 - JobOrganizer - INFO: Updating jobInformation list
2009-04-09 17:19 - JobOrganizer - INFO: Updating jobInformation list
2009-04-09 17:21 - JobOrganizer - INFO: Updating jobInformation list
2009-04-09 17:23 - JobOrganizer - INFO: Updating jobInformation list
2009-04-09 17:25 - JobOrganizer - INFO: Updating jobInformation list
2009-04-09 17:27 - JobOrganizer - INFO: Updating jobInformation list
2009-04-09 17:29 - JobOrganizer - INFO: Updating jobInformation list
2009-04-09 17:31 - JobOrganizer - INFO: Updating jobInformation list
2009-04-09 17:33 - JobOrganizer - INFO: Updating jobInformation list
2009-04-09 17:35 - JobOrganizer - INFO: Updating jobInformation list
2009-04-09 17:37 - JobOrganizer - INFO: Updating jobInformation list
2009-04-09 17:39 - JobOrganizer - INFO: Updating jobInformation list
2009-04-09 17:41 - JobOrganizer - INFO: Updating jobInformation list
2009-04-09 17:43 - JobOrganizer - INFO: Updating jobInformation list
2009-04-09 17:45 - JobOrganizer - INFO: Updating jobInformation list
2009-04-09 17:47 - JobOrganizer - INFO: Updating jobInformation list
2009-04-09 17:49 - JobOrganizer - INFO: Updating jobInformation list
2009-04-09 17:51 - JobOrganizer - INFO: Updating jobInformation list
2009-04-09 17:53 - JobOrganizer - INFO: Updating jobInformation list
2009-04-09 17:55 - JobOrganizer - INFO: Updating jobInformation list
2009-04-09 17:57 - JobOrganizer - INFO: Updating jobInformation list
2009-04-09 17:59 - JobOrganizer - INFO: Updating jobInformation list
2009-04-09 18:01 - JobOrganizer - INFO: Updating jobInformation list
2009-04-09 18:03 - JobOrganizer - INFO: Updating jobInformation list
2009-04-09 18:05 - JobOrganizer - INFO: Updating jobInformation list
2009-04-09 18:07 - JobOrganizer - INFO: Updating jobInformation list
2009-04-09 18:09 - JobOrganizer - INFO: Updating jobInformation list
2009-04-09 18:11 - JobOrganizer - INFO: Updating jobInformation list
2009-04-09 18:13 - JobOrganizer - INFO: Updating jobInformation list
2009-04-09 18:15 - JobOrganizer - INFO: Updating jobInformation list
2009-04-09 18:17 - JobOrganizer - INFO: Updating jobInformation list
2009-04-09 18:19 - JobOrganizer - INFO: Updating jobInformation list
2009-04-09 18:21 - JobOrganizer - INFO: Updating jobInformation list
2009-04-09 18:23 - JobOrganizer - INFO: Updating jobInformation list
2009-04-09 18:25 - JobOrganizer - INFO: Updating jobInformation list
2009-04-09 18:27 - JobOrganizer - INFO: Updating jobInformation list
2009-04-09 18:29 - JobOrganizer - INFO: Updating jobInformation list
2009-04-09 18:31 - JobOrganizer - INFO: Updating jobInformation list
2009-04-09 18:33 - JobOrganizer - INFO: Updating jobInformation list
2009-04-09 18:35 - JobOrganizer - INFO: Updating jobInformation list
2009-04-09 18:37 - JobOrganizer - INFO: Updating jobInformation list
2009-04-09 18:39 - JobOrganizer - INFO: Updating jobInformation list
2009-04-09 18:41 - JobOrganizer - INFO: Updating jobInformation list
2009-04-09 18:43 - JobOrganizer - INFO: Updating jobInformation list
2009-04-09 18:45 - JobOrganizer - INFO: Updating jobInformation list
2009-04-09 18:47 - JobOrganizer - INFO: Updating jobInformation list
2009-04-09 18:49 - JobOrganizer - INFO: Updating jobInformation list
2009-04-09 18:51 - JobOrganizer - INFO: Updating jobInformation list
2009-04-09 18:53 - JobOrganizer - INFO: Updating jobInformation list
2009-04-09 18:55 - JobOrganizer - INFO: Updating jobInformation list
2009-04-09 18:57 - JobOrganizer - INFO: Updating jobInformation list
2009-04-09 18:59 - JobOrganizer - INFO: Updating jobInformation list
2009-04-09 19:01 - JobOrganizer - INFO: Updating jobInformation list
2009-04-09 19:03 - JobOrganizer - INFO: Updating jobInformation list
2009-04-09 19:05 - JobOrganizer - INFO: Updating jobInformation list
2009-04-09 19:07 - JobOrganizer - INFO: Updating jobInformation list
2009-04-09 19:09 - JobOrganizer - INFO: Updating jobInformation list
2009-04-09 19:11 - JobOrganizer - INFO: Updating jobInformation list
2009-04-09 19:13 - JobOrganizer - INFO: Updating jobInformation list
2009-04-09 19:15 - JobOrganizer - INFO: Updating jobInformation list
2009-04-09 19:17 - JobOrganizer - INFO: Updating jobInformation list
2009-04-09 19:19 - JobOrganizer - INFO: Updating jobInformation list
2009-04-09 19:21 - JobOrganizer - INFO: Updating jobInformation list
2009-04-09 19:23 - JobOrganizer - INFO: Updating jobInformation list
2009-04-09 19:25 - JobOrganizer - INFO: Updating jobInformation list
2009-04-09 19:27 - JobOrganizer - INFO: Updating jobInformation list
2009-04-09 19:29 - JobOrganizer - INFO: Updating jobInformation list
2009-04-09 19:32 - JobOrganizer - INFO: Updating jobInformation list
2009-04-09 19:34 - JobOrganizer - INFO: Updating jobInformation list
2009-04-09 19:36 - JobOrganizer - INFO: Updating jobInformation list
2009-04-09 19:38 - JobOrganizer - INFO: Updating jobInformation list
2009-04-09 19:40 - JobOrganizer - INFO: Updating jobInformation list
2009-04-09 19:42 - JobOrganizer - INFO: Updating jobInformation list
2009-04-09 19:44 - JobOrganizer - INFO: Updating jobInformation list
2009-04-09 19:46 - JobOrganizer - INFO: Updating jobInformation list
2009-04-09 19:48 - JobOrganizer - INFO: Updating jobInformation list
2009-04-09 19:50 - JobOrganizer - INFO: Updating jobInformation list
2009-04-09 19:52 - JobOrganizer - INFO: Updating jobInformation list
2009-04-09 19:54 - JobOrganizer - INFO: Updating jobInformation list
2009-04-09 19:56 - JobOrganizer - INFO: Updating jobInformation list
2009-04-09 19:58 - JobOrganizer - INFO: Updating jobInformation list
2009-04-09 20:00 - JobOrganizer - INFO: Updating jobInformation list
2009-04-09 20:02 - JobOrganizer - INFO: Updating jobInformation list
2009-04-09 20:04 - JobOrganizer - INFO: Updating jobInformation list
2009-04-09 20:06 - JobOrganizer - INFO: Updating jobInformation list
2009-04-09 20:08 - JobOrganizer - INFO: Updating jobInformation list
2009-04-09 20:10 - JobOrganizer - INFO: Updating jobInformation list
2009-04-09 20:12 - JobOrganizer - INFO: Updating jobInformation list
2009-04-09 20:14 - JobOrganizer - INFO: Updating jobInformation list
2009-04-09 20:16 - JobOrganizer - INFO: Updating jobInformation list
2009-04-09 20:18 - JobOrganizer - INFO: Updating jobInformation list
2009-04-09 20:20 - JobOrganizer - INFO: Updating jobInformation list
2009-04-09 20:22 - JobOrganizer - INFO: Updating jobInformation list
2009-04-09 20:24 - JobOrganizer - INFO: Updating jobInformation list
2009-04-09 20:26 - JobOrganizer - INFO: Updating jobInformation list
2009-04-09 20:28 - JobOrganizer - INFO: Updating jobInformation list
2009-04-09 20:30 - JobOrganizer - INFO: Updating jobInformation list
2009-04-09 20:32 - JobOrganizer - INFO: Updating jobInformation list
2009-04-09 20:34 - JobOrganizer - INFO: Updating jobInformation list
2009-04-09 20:36 - JobOrganizer - INFO: Updating jobInformation list
2009-04-09 20:38 - JobOrganizer - INFO: Updating jobInformation list
2009-04-09 20:40 - JobOrganizer - INFO: Updating jobInformation list
2009-04-09 20:42 - JobOrganizer - INFO: Updating jobInformation list
2009-04-09 20:44 - JobOrganizer - INFO: Updating jobInformation list
2009-04-09 20:46 - JobOrganizer - INFO: Updating jobInformation list
2009-04-09 20:48 - JobOrganizer - INFO: Updating jobInformation list
2009-04-09 20:50 - JobOrganizer - INFO: Updating jobInformation list
2009-04-09 20:52 - JobOrganizer - INFO: Updating jobInformation list
2009-04-09 20:54 - JobOrganizer - INFO: Updating jobInformation list
2009-04-09 20:56 - JobOrganizer - INFO: Updating jobInformation list
2009-04-09 20:58 - JobOrganizer - INFO: Updating jobInformation list
2009-04-09 21:00 - JobOrganizer - INFO: Updating jobInformation list
2009-04-09 21:02 - JobOrganizer - INFO: Updating jobInformation list
2009-04-09 21:04 - JobOrganizer - INFO: Updating jobInformation list
2009-04-09 21:06 - JobOrganizer - INFO: Updating jobInformation list
2009-04-09 21:08 - JobOrganizer - INFO: Updating jobInformation list
2009-04-09 21:11 - JobOrganizer - INFO: Updating jobInformation list
2009-04-09 21:13 - JobOrganizer - INFO: Updating jobInformation list
2009-04-09 21:15 - JobOrganizer - INFO: Updating jobInformation list
2009-04-09 21:17 - JobOrganizer - INFO: Updating jobInformation list
2009-04-09 21:19 - JobOrganizer - INFO: Updating jobInformation list
2009-04-09 21:21 - JobOrganizer - INFO: Updating jobInformation list
2009-04-09 21:23 - JobOrganizer - INFO: Updating jobInformation list
2009-04-09 21:25 - JobOrganizer - INFO: Updating jobInformation list
2009-04-09 21:27 - JobOrganizer - INFO: Updating jobInformation list
2009-04-09 21:30 - JobOrganizer - INFO: Updating jobInformation list
2009-04-09 21:32 - JobOrganizer - INFO: Updating jobInformation list
2009-04-09 21:34 - JobOrganizer - INFO: Updating jobInformation list
2009-04-09 21:36 - JobOrganizer - INFO: Updating jobInformation list
2009-04-09 21:38 - JobOrganizer - INFO: Updating jobInformation list
2009-04-09 21:40 - JobOrganizer - INFO: Updating jobInformation list
2009-04-09 21:42 - JobOrganizer - INFO: Updating jobInformation list
2009-04-09 21:44 - JobOrganizer - INFO: Updating jobInformation list
2009-04-09 21:46 - JobOrganizer - INFO: Updating jobInformation list
2009-04-09 21:48 - JobOrganizer - INFO: Updating jobInformation list
2009-04-09 21:50 - JobOrganizer - INFO: Updating jobInformation list
2009-04-09 21:52 - JobOrganizer - INFO: Updating jobInformation list
2009-04-09 21:54 - JobOrganizer - INFO: Updating jobInformation list
2009-04-09 21:56 - JobOrganizer - INFO: Updating jobInformation list
2009-04-09 21:58 - JobOrganizer - INFO: Updating jobInformation list
2009-04-09 22:00 - JobOrganizer - INFO: Updating jobInformation list
2009-04-09 22:02 - JobOrganizer - INFO: Updating jobInformation list
2009-04-09 22:04 - JobOrganizer - INFO: Updating jobInformation list
2009-04-09 22:06 - JobOrganizer - INFO: Updating jobInformation list
2009-04-09 22:08 - JobOrganizer - INFO: Updating jobInformation list
2009-04-09 22:10 - JobOrganizer - INFO: Updating jobInformation list
2009-04-09 22:12 - JobOrganizer - INFO: Updating jobInformation list
2009-04-09 22:14 - JobOrganizer - INFO: Updating jobInformation list
2009-04-09 22:16 - JobOrganizer - INFO: Updating jobInformation list
2009-04-09 22:18 - JobOrganizer - INFO: Updating jobInformation list
2009-04-09 22:20 - JobOrganizer - INFO: Updating jobInformation list
2009-04-09 22:22 - JobOrganizer - INFO: Updating jobInformation list
2009-04-09 22:24 - JobOrganizer - INFO: Updating jobInformation list
2009-04-09 22:26 - JobOrganizer - INFO: Updating jobInformation list
2009-04-09 22:28 - JobOrganizer - INFO: Updating jobInformation list
2009-04-09 22:30 - JobOrganizer - INFO: Updating jobInformation list
2009-04-09 22:32 - JobOrganizer - INFO: Updating jobInformation list
2009-04-09 22:34 - JobOrganizer - INFO: Updating jobInformation list
2009-04-09 22:36 - JobOrganizer - INFO: Updating jobInformation list
2009-04-09 22:38 - JobOrganizer - INFO: Updating jobInformation list
2009-04-09 22:40 - JobOrganizer - INFO: Updating jobInformation list
2009-04-09 22:42 - JobOrganizer - INFO: Updating jobInformation list
2009-04-09 22:44 - JobOrganizer - INFO: Updating jobInformation list
2009-04-09 22:46 - JobOrganizer - INFO: Updating jobInformation list
2009-04-09 22:48 - JobOrganizer - INFO: Updating jobInformation list
2009-04-09 22:50 - JobOrganizer - INFO: Updating jobInformation list
2009-04-09 22:52 - JobOrganizer - INFO: Updating jobInformation list
2009-04-09 22:54 - JobOrganizer - INFO: Updating jobInformation list
2009-04-09 22:56 - JobOrganizer - INFO: Updating jobInformation list
2009-04-09 22:58 - JobOrganizer - INFO: Updating jobInformation list
2009-04-09 23:00 - JobOrganizer - INFO: Updating jobInformation list
2009-04-09 23:02 - JobOrganizer - INFO: Updating jobInformation list
2009-04-09 23:04 - JobOrganizer - INFO: Updating jobInformation list
2009-04-09 23:06 - JobOrganizer - INFO: Updating jobInformation list
2009-04-09 23:08 - JobOrganizer - INFO: Updating jobInformation list
2009-04-09 23:10 - JobOrganizer - INFO: Updating jobInformation list
2009-04-09 23:12 - JobOrganizer - INFO: Updating jobInformation list
2009-04-09 23:14 - JobOrganizer - INFO: Updating jobInformation list
2009-04-09 23:16 - JobOrganizer - INFO: Updating jobInformation list
2009-04-09 23:18 - JobOrganizer - INFO: Updating jobInformation list
2009-04-09 23:20 - JobOrganizer - INFO: Updating jobInformation list
2009-04-09 23:22 - JobOrganizer - INFO: Updating jobInformation list
2009-04-09 23:24 - JobOrganizer - INFO: Updating jobInformation list
2009-04-09 23:26 - JobOrganizer - INFO: Updating jobInformation list
2009-04-09 23:28 - JobOrganizer - INFO: Updating jobInformation list
2009-04-09 23:30 - JobOrganizer - INFO: Updating jobInformation list
2009-04-09 23:32 - JobOrganizer - INFO: Updating jobInformation list
2009-04-09 23:35 - JobOrganizer - INFO: Updating jobInformation list
2009-04-09 23:37 - JobOrganizer - INFO: Updating jobInformation list
2009-04-09 23:39 - JobOrganizer - INFO: Updating jobInformation list
2009-04-09 23:41 - JobOrganizer - INFO: Updating jobInformation list
2009-04-09 23:43 - JobOrganizer - INFO: Updating jobInformation list
2009-04-09 23:45 - JobOrganizer - INFO: Updating jobInformation list
2009-04-09 23:47 - JobOrganizer - INFO: Updating jobInformation list
2009-04-09 23:49 - JobOrganizer - INFO: Updating jobInformation list
2009-04-09 23:51 - JobOrganizer - INFO: Updating jobInformation list
2009-04-09 23:53 - JobOrganizer - INFO: Updating jobInformation list
2009-04-09 23:55 - JobOrganizer - INFO: Updating jobInformation list
2009-04-09 23:57 - JobOrganizer - INFO: Updating jobInformation list
2009-04-09 23:59 - JobOrganizer - INFO: Updating jobInformation list
