2009-04-20 20:31 - JobOrganizer - INFO: ========================================
2009-04-20 20:31 - JobOrganizer - INFO: JobOrganizer in init
2009-04-20 20:31 - JobOrganizer - INFO: init file JobOrganizerConfig.py was found
2009-04-20 20:31 - JobOrganizer - INFO: retrieveing Db parameters from JobOrganizerConfig.py file
2009-04-20 20:31 - JobOrganizer - INFO: creating job configurations from JobOrganizerConfig.py file
2009-04-20 20:31 - JobOrganizer - INFO: JobOrganizer initialized
2009-04-20 20:31 - JobOrganizer - INFO: ========================================
2009-04-20 20:33 - JobOrganizer - INFO: Updating jobInformation list
2009-04-20 20:35 - JobOrganizer - INFO: Updating jobInformation list
2009-04-20 20:37 - JobOrganizer - INFO: Updating jobInformation list
2009-04-20 20:39 - JobOrganizer - INFO: Updating jobInformation list
2009-04-20 20:41 - JobOrganizer - INFO: Updating jobInformation list
2009-04-20 20:43 - JobOrganizer - INFO: Updating jobInformation list
2009-04-20 20:45 - JobOrganizer - INFO: Updating jobInformation list
2009-04-20 20:47 - JobOrganizer - INFO: Updating jobInformation list
2009-04-20 20:50 - JobOrganizer - INFO: Updating jobInformation list
2009-04-20 20:52 - JobOrganizer - INFO: Updating jobInformation list
2009-04-20 20:54 - JobOrganizer - INFO: Updating jobInformation list
2009-04-20 20:56 - JobOrganizer - INFO: Updating jobInformation list
2009-04-20 20:58 - JobOrganizer - INFO: Updating jobInformation list
2009-04-20 21:00 - JobOrganizer - INFO: Updating jobInformation list
2009-04-20 21:02 - JobOrganizer - INFO: Updating jobInformation list
2009-04-20 21:04 - JobOrganizer - INFO: Updating jobInformation list
2009-04-20 21:06 - JobOrganizer - INFO: Updating jobInformation list
2009-04-20 21:08 - JobOrganizer - INFO: Updating jobInformation list
2009-04-20 21:10 - JobOrganizer - INFO: Updating jobInformation list
2009-04-20 21:12 - JobOrganizer - INFO: Updating jobInformation list
2009-04-20 21:14 - JobOrganizer - INFO: Updating jobInformation list
2009-04-20 21:16 - JobOrganizer - INFO: Updating jobInformation list
2009-04-20 21:18 - JobOrganizer - INFO: Updating jobInformation list
2009-04-20 21:20 - JobOrganizer - INFO: Updating jobInformation list
2009-04-20 21:22 - JobOrganizer - INFO: Updating jobInformation list
2009-04-20 21:24 - JobOrganizer - INFO: Updating jobInformation list
2009-04-20 21:26 - JobOrganizer - INFO: Updating jobInformation list
2009-04-20 21:28 - JobOrganizer - INFO: Updating jobInformation list
2009-04-20 21:30 - JobOrganizer - INFO: Updating jobInformation list
2009-04-20 21:32 - JobOrganizer - INFO: Updating jobInformation list
2009-04-20 21:34 - JobOrganizer - INFO: Updating jobInformation list
2009-04-20 21:36 - JobOrganizer - INFO: Updating jobInformation list
2009-04-20 21:38 - JobOrganizer - INFO: Updating jobInformation list
2009-04-20 21:40 - JobOrganizer - INFO: Updating jobInformation list
2009-04-20 21:42 - JobOrganizer - INFO: Updating jobInformation list
2009-04-20 21:44 - JobOrganizer - INFO: Updating jobInformation list
2009-04-20 21:46 - JobOrganizer - INFO: Updating jobInformation list
2009-04-20 21:48 - JobOrganizer - INFO: Updating jobInformation list
2009-04-20 21:50 - JobOrganizer - INFO: Updating jobInformation list
2009-04-20 21:52 - JobOrganizer - INFO: Updating jobInformation list
2009-04-20 21:54 - JobOrganizer - INFO: Updating jobInformation list
2009-04-20 21:56 - JobOrganizer - INFO: Updating jobInformation list
2009-04-20 21:58 - JobOrganizer - INFO: Updating jobInformation list
2009-04-20 22:00 - JobOrganizer - INFO: Updating jobInformation list
2009-04-20 22:02 - JobOrganizer - INFO: Updating jobInformation list
2009-04-20 22:04 - JobOrganizer - INFO: Updating jobInformation list
2009-04-20 22:06 - JobOrganizer - INFO: Updating jobInformation list
2009-04-20 22:08 - JobOrganizer - INFO: Updating jobInformation list
2009-04-20 22:10 - JobOrganizer - INFO: Updating jobInformation list
2009-04-20 22:12 - JobOrganizer - INFO: Updating jobInformation list
2009-04-20 22:14 - JobOrganizer - INFO: Updating jobInformation list
2009-04-20 22:16 - JobOrganizer - INFO: Updating jobInformation list
2009-04-20 22:18 - JobOrganizer - INFO: Updating jobInformation list
2009-04-20 22:20 - JobOrganizer - INFO: Updating jobInformation list
2009-04-20 22:22 - JobOrganizer - INFO: Updating jobInformation list
2009-04-20 22:24 - JobOrganizer - INFO: Updating jobInformation list
2009-04-20 22:26 - JobOrganizer - INFO: Updating jobInformation list
2009-04-20 22:28 - JobOrganizer - INFO: Updating jobInformation list
2009-04-20 22:30 - JobOrganizer - INFO: Updating jobInformation list
2009-04-20 22:32 - JobOrganizer - INFO: Updating jobInformation list
2009-04-20 22:34 - JobOrganizer - INFO: Updating jobInformation list
2009-04-20 22:36 - JobOrganizer - INFO: Updating jobInformation list
2009-04-20 22:38 - JobOrganizer - INFO: Updating jobInformation list
2009-04-20 22:40 - JobOrganizer - INFO: Updating jobInformation list
2009-04-20 22:42 - JobOrganizer - INFO: Updating jobInformation list
2009-04-20 22:44 - JobOrganizer - INFO: Updating jobInformation list
2009-04-20 22:46 - JobOrganizer - INFO: Updating jobInformation list
2009-04-20 22:48 - JobOrganizer - INFO: Updating jobInformation list
2009-04-20 22:50 - JobOrganizer - INFO: Updating jobInformation list
2009-04-20 22:52 - JobOrganizer - INFO: Updating jobInformation list
2009-04-20 22:54 - JobOrganizer - INFO: Updating jobInformation list
2009-04-20 22:56 - JobOrganizer - INFO: Updating jobInformation list
2009-04-20 22:58 - JobOrganizer - INFO: Updating jobInformation list
2009-04-20 23:00 - JobOrganizer - INFO: Updating jobInformation list
2009-04-20 23:02 - JobOrganizer - INFO: Updating jobInformation list
2009-04-20 23:04 - JobOrganizer - INFO: Updating jobInformation list
2009-04-20 23:06 - JobOrganizer - INFO: Updating jobInformation list
2009-04-20 23:08 - JobOrganizer - INFO: Updating jobInformation list
2009-04-20 23:10 - JobOrganizer - INFO: Updating jobInformation list
2009-04-20 23:12 - JobOrganizer - INFO: Updating jobInformation list
2009-04-20 23:14 - JobOrganizer - INFO: Updating jobInformation list
2009-04-20 23:16 - JobOrganizer - INFO: Updating jobInformation list
2009-04-20 23:18 - JobOrganizer - INFO: Updating jobInformation list
2009-04-20 23:20 - JobOrganizer - INFO: Updating jobInformation list
2009-04-20 23:22 - JobOrganizer - INFO: Updating jobInformation list
2009-04-20 23:24 - JobOrganizer - INFO: Updating jobInformation list
2009-04-20 23:26 - JobOrganizer - INFO: Updating jobInformation list
2009-04-20 23:28 - JobOrganizer - INFO: Updating jobInformation list
2009-04-20 23:30 - JobOrganizer - INFO: Updating jobInformation list
2009-04-20 23:32 - JobOrganizer - INFO: Updating jobInformation list
2009-04-20 23:34 - JobOrganizer - INFO: Updating jobInformation list
2009-04-20 23:36 - JobOrganizer - INFO: Updating jobInformation list
2009-04-20 23:38 - JobOrganizer - INFO: Updating jobInformation list
2009-04-20 23:40 - JobOrganizer - INFO: Updating jobInformation list
2009-04-20 23:42 - JobOrganizer - INFO: Updating jobInformation list
2009-04-20 23:44 - JobOrganizer - INFO: Updating jobInformation list
2009-04-20 23:46 - JobOrganizer - INFO: Updating jobInformation list
2009-04-20 23:48 - JobOrganizer - INFO: Updating jobInformation list
2009-04-20 23:50 - JobOrganizer - INFO: Updating jobInformation list
2009-04-20 23:52 - JobOrganizer - INFO: Updating jobInformation list
2009-04-20 23:54 - JobOrganizer - INFO: Updating jobInformation list
2009-04-20 23:56 - JobOrganizer - INFO: Updating jobInformation list
2009-04-20 23:58 - JobOrganizer - INFO: Updating jobInformation list
2009-04-21 00:00 - JobOrganizer - INFO: Updating jobInformation list
