2009-04-16 14:18 - LArCalibL1Calo - INFO: ========================================
2009-04-16 14:18 - LArCalibL1Calo - INFO: RunListener in init
2009-04-16 14:18 - LArCalibL1Calo - INFO: RunListener initialized
2009-04-16 14:18 - LArCalibL1Calo - INFO: ========================================
2009-04-16 14:19 - LArCalibL1Calo - INFO: ===> from initRunListener <===
2009-04-16 14:19 - LArCalibL1Calo - INFO: 
RunListener LArCalibL1Caloinitialised with the following parameters:
TDAQ DB: COOLONL_TDAQ/COMP200
TRIG DB: COOLONL_TRIGGER/COMP200
Status DB: COOLONL_TDAQ/COMP200
log level: 0
oracle: False
rec. only: True
det. mask: 0
run type: LarCalibL1Calo
det. status: 
det. status tag: HEAD
daq partition: LArgL1Calo-TTC2LAN
tag: 
format: acertd
reverse: False
stoptimestamp: True
cleanstop: True
hasevents: False
last valid run known: 0

2009-04-16 14:30 - LArCalibL1Calo - INFO: ===> listening for new valid runs <===
2009-04-16 14:30 - LArCalibL1Calo - DEBUG: initialising coolRunLister
2009-04-16 14:30 - LArCalibL1Calo - DEBUG: applying selections to coolRunLister
2009-04-16 14:30 - LArCalibL1Calo - INFO: last valid run: 104000
2009-04-16 14:30 - LArCalibL1Calo - INFO: searching for new runs from 104001 to 2147483647
2009-04-16 14:30 - LArCalibL1Calo - DEBUG: new last known run: 104816
2009-04-16 14:30 - LArCalibL1Calo - DEBUG: 
     Run   Events  LumiB            StartTime             StopTime L1Events L2Events EFEvents ErrC Rec Cln RunType                  DetectorMask DAQConfiguration     PartitionName    FilenameTag         
  104783     4500      7  2009-04-01:12:13:10  2009-04-01:12:17:28     4500        0     4500    0  No Yes LarCalibL1Calo             6400057000 Schema=127:Data=118  LArgL1Calo-TTC2LAN L1Calib             
     Run   Events  LumiB            StartTime             StopTime L1Events L2Events EFEvents ErrC Rec Cln RunType                  DetectorMask DAQConfiguration     PartitionName    FilenameTag         
  104804        0      1  2009-04-01:12:50:49  2009-04-01:12:52:05        0        0        0    0  No Yes LarCalibL1Calo             6400057000 Schema=127:Data=119  LArgL1Calo-TTC2LAN L1Calib             
     Run   Events  LumiB            StartTime             StopTime L1Events L2Events EFEvents ErrC Rec Cln RunType                  DetectorMask DAQConfiguration     PartitionName    FilenameTag         
  104809        0      1  2009-04-01:12:55:52  2009-04-01:12:57:07        0        0        0    0  No Yes LarCalibL1Calo             6400057000 Schema=127:Data=119  LArgL1Calo-TTC2LAN L1Calib             
     Run   Events  LumiB            StartTime             StopTime L1Events L2Events EFEvents ErrC Rec Cln RunType                  DetectorMask DAQConfiguration     PartitionName    FilenameTag         
  104816      500      1  2009-04-01:12:59:41  2009-04-01:13:01:51      500        0      500    0  No Yes LarCalibL1Calo             6400057000 Schema=127:Data=119  LArgL1Calo-TTC2LAN L1Calib             

2009-04-16 14:40 - LArCalibL1Calo - INFO: ===> listening for new valid runs <===
2009-04-16 14:40 - LArCalibL1Calo - DEBUG: initialising coolRunLister
2009-04-16 14:40 - LArCalibL1Calo - DEBUG: applying selections to coolRunLister
2009-04-16 14:40 - LArCalibL1Calo - INFO: last valid run: 104816
2009-04-16 14:40 - LArCalibL1Calo - INFO: searching for new runs from 104817 to 2147483647
2009-04-16 14:40 - LArCalibL1Calo - DEBUG:  No new valid run. Last known valid run still: 104816
2009-04-16 14:50 - LArCalibL1Calo - INFO: ===> listening for new valid runs <===
2009-04-16 14:50 - LArCalibL1Calo - DEBUG: initialising coolRunLister
2009-04-16 14:50 - LArCalibL1Calo - DEBUG: applying selections to coolRunLister
2009-04-16 14:50 - LArCalibL1Calo - INFO: last valid run: 104816
2009-04-16 14:50 - LArCalibL1Calo - INFO: searching for new runs from 104817 to 2147483647
2009-04-16 14:50 - LArCalibL1Calo - DEBUG:  No new valid run. Last known valid run still: 104816
2009-04-16 15:00 - LArCalibL1Calo - INFO: ===> listening for new valid runs <===
2009-04-16 15:00 - LArCalibL1Calo - DEBUG: initialising coolRunLister
2009-04-16 15:00 - LArCalibL1Calo - DEBUG: applying selections to coolRunLister
2009-04-16 15:00 - LArCalibL1Calo - INFO: last valid run: 104816
2009-04-16 15:00 - LArCalibL1Calo - INFO: searching for new runs from 104817 to 2147483647
2009-04-16 15:00 - LArCalibL1Calo - DEBUG:  No new valid run. Last known valid run still: 104816
2009-04-16 15:11 - LArCalibL1Calo - INFO: ===> listening for new valid runs <===
2009-04-16 15:11 - LArCalibL1Calo - DEBUG: initialising coolRunLister
2009-04-16 15:11 - LArCalibL1Calo - DEBUG: applying selections to coolRunLister
2009-04-16 15:11 - LArCalibL1Calo - INFO: last valid run: 104816
2009-04-16 15:11 - LArCalibL1Calo - INFO: searching for new runs from 104817 to 2147483647
2009-04-16 15:11 - LArCalibL1Calo - DEBUG:  No new valid run. Last known valid run still: 104816
2009-04-16 15:21 - LArCalibL1Calo - INFO: ===> listening for new valid runs <===
2009-04-16 15:21 - LArCalibL1Calo - DEBUG: initialising coolRunLister
2009-04-16 15:21 - LArCalibL1Calo - DEBUG: applying selections to coolRunLister
2009-04-16 15:21 - LArCalibL1Calo - INFO: last valid run: 104816
2009-04-16 15:21 - LArCalibL1Calo - INFO: searching for new runs from 104817 to 2147483647
2009-04-16 15:21 - LArCalibL1Calo - DEBUG:  No new valid run. Last known valid run still: 104816
2009-04-16 15:31 - LArCalibL1Calo - INFO: ===> listening for new valid runs <===
2009-04-16 15:31 - LArCalibL1Calo - DEBUG: initialising coolRunLister
2009-04-16 15:31 - LArCalibL1Calo - DEBUG: applying selections to coolRunLister
2009-04-16 15:31 - LArCalibL1Calo - INFO: last valid run: 104816
2009-04-16 15:31 - LArCalibL1Calo - INFO: searching for new runs from 104817 to 2147483647
2009-04-16 15:31 - LArCalibL1Calo - DEBUG:  No new valid run. Last known valid run still: 104816
2009-04-16 15:41 - LArCalibL1Calo - INFO: ===> listening for new valid runs <===
2009-04-16 15:41 - LArCalibL1Calo - DEBUG: initialising coolRunLister
2009-04-16 15:41 - LArCalibL1Calo - DEBUG: applying selections to coolRunLister
2009-04-16 15:41 - LArCalibL1Calo - INFO: last valid run: 104816
2009-04-16 15:41 - LArCalibL1Calo - INFO: searching for new runs from 104817 to 2147483647
2009-04-16 15:41 - LArCalibL1Calo - DEBUG:  No new valid run. Last known valid run still: 104816
2009-04-16 15:52 - LArCalibL1Calo - INFO: ===> listening for new valid runs <===
2009-04-16 15:52 - LArCalibL1Calo - DEBUG: initialising coolRunLister
2009-04-16 15:52 - LArCalibL1Calo - DEBUG: applying selections to coolRunLister
2009-04-16 15:52 - LArCalibL1Calo - INFO: last valid run: 104816
2009-04-16 15:52 - LArCalibL1Calo - INFO: searching for new runs from 104817 to 2147483647
2009-04-16 15:52 - LArCalibL1Calo - DEBUG:  No new valid run. Last known valid run still: 104816
2009-04-16 16:02 - LArCalibL1Calo - INFO: ===> listening for new valid runs <===
2009-04-16 16:02 - LArCalibL1Calo - DEBUG: initialising coolRunLister
2009-04-16 16:02 - LArCalibL1Calo - DEBUG: applying selections to coolRunLister
2009-04-16 16:02 - LArCalibL1Calo - INFO: last valid run: 104816
2009-04-16 16:02 - LArCalibL1Calo - INFO: searching for new runs from 104817 to 2147483647
2009-04-16 16:02 - LArCalibL1Calo - DEBUG:  No new valid run. Last known valid run still: 104816
2009-04-16 16:12 - LArCalibL1Calo - INFO: ===> listening for new valid runs <===
2009-04-16 16:12 - LArCalibL1Calo - DEBUG: initialising coolRunLister
2009-04-16 16:12 - LArCalibL1Calo - DEBUG: applying selections to coolRunLister
2009-04-16 16:12 - LArCalibL1Calo - INFO: last valid run: 104816
2009-04-16 16:12 - LArCalibL1Calo - INFO: searching for new runs from 104817 to 2147483647
2009-04-16 16:12 - LArCalibL1Calo - DEBUG:  No new valid run. Last known valid run still: 104816
2009-04-16 16:22 - LArCalibL1Calo - INFO: ===> listening for new valid runs <===
2009-04-16 16:22 - LArCalibL1Calo - DEBUG: initialising coolRunLister
2009-04-16 16:22 - LArCalibL1Calo - DEBUG: applying selections to coolRunLister
2009-04-16 16:22 - LArCalibL1Calo - INFO: last valid run: 104816
2009-04-16 16:22 - LArCalibL1Calo - INFO: searching for new runs from 104817 to 2147483647
2009-04-16 16:22 - LArCalibL1Calo - DEBUG:  No new valid run. Last known valid run still: 104816
2009-04-16 16:33 - LArCalibL1Calo - INFO: ===> listening for new valid runs <===
2009-04-16 16:33 - LArCalibL1Calo - DEBUG: initialising coolRunLister
2009-04-16 16:33 - LArCalibL1Calo - DEBUG: applying selections to coolRunLister
2009-04-16 16:33 - LArCalibL1Calo - INFO: last valid run: 104816
2009-04-16 16:33 - LArCalibL1Calo - INFO: searching for new runs from 104817 to 2147483647
2009-04-16 16:33 - LArCalibL1Calo - DEBUG:  No new valid run. Last known valid run still: 104816
2009-04-16 16:43 - LArCalibL1Calo - INFO: ===> listening for new valid runs <===
2009-04-16 16:43 - LArCalibL1Calo - DEBUG: initialising coolRunLister
2009-04-16 16:43 - LArCalibL1Calo - DEBUG: applying selections to coolRunLister
2009-04-16 16:43 - LArCalibL1Calo - INFO: last valid run: 104816
2009-04-16 16:43 - LArCalibL1Calo - INFO: searching for new runs from 104817 to 2147483647
2009-04-16 16:43 - LArCalibL1Calo - DEBUG:  No new valid run. Last known valid run still: 104816
2009-04-16 16:53 - LArCalibL1Calo - INFO: ===> listening for new valid runs <===
2009-04-16 16:53 - LArCalibL1Calo - DEBUG: initialising coolRunLister
2009-04-16 16:53 - LArCalibL1Calo - DEBUG: applying selections to coolRunLister
2009-04-16 16:53 - LArCalibL1Calo - INFO: last valid run: 104816
2009-04-16 16:53 - LArCalibL1Calo - INFO: searching for new runs from 104817 to 2147483647
2009-04-16 16:53 - LArCalibL1Calo - DEBUG:  No new valid run. Last known valid run still: 104816
2009-04-16 17:03 - LArCalibL1Calo - INFO: ===> listening for new valid runs <===
2009-04-16 17:03 - LArCalibL1Calo - DEBUG: initialising coolRunLister
2009-04-16 17:03 - LArCalibL1Calo - DEBUG: applying selections to coolRunLister
2009-04-16 17:03 - LArCalibL1Calo - INFO: last valid run: 104816
2009-04-16 17:03 - LArCalibL1Calo - INFO: searching for new runs from 104817 to 2147483647
2009-04-16 17:04 - LArCalibL1Calo - DEBUG:  No new valid run. Last known valid run still: 104816
2009-04-16 17:14 - LArCalibL1Calo - INFO: ===> listening for new valid runs <===
2009-04-16 17:14 - LArCalibL1Calo - DEBUG: initialising coolRunLister
2009-04-16 17:14 - LArCalibL1Calo - DEBUG: applying selections to coolRunLister
2009-04-16 17:14 - LArCalibL1Calo - INFO: last valid run: 104816
2009-04-16 17:14 - LArCalibL1Calo - INFO: searching for new runs from 104817 to 2147483647
2009-04-16 17:14 - LArCalibL1Calo - DEBUG:  No new valid run. Last known valid run still: 104816
2009-04-16 17:24 - LArCalibL1Calo - INFO: ===> listening for new valid runs <===
2009-04-16 17:24 - LArCalibL1Calo - DEBUG: initialising coolRunLister
2009-04-16 17:24 - LArCalibL1Calo - DEBUG: applying selections to coolRunLister
2009-04-16 17:24 - LArCalibL1Calo - INFO: last valid run: 104816
2009-04-16 17:24 - LArCalibL1Calo - INFO: searching for new runs from 104817 to 2147483647
2009-04-16 17:24 - LArCalibL1Calo - DEBUG:  No new valid run. Last known valid run still: 104816
2009-04-16 17:34 - LArCalibL1Calo - INFO: ===> listening for new valid runs <===
2009-04-16 17:34 - LArCalibL1Calo - DEBUG: initialising coolRunLister
2009-04-16 17:34 - LArCalibL1Calo - DEBUG: applying selections to coolRunLister
2009-04-16 17:34 - LArCalibL1Calo - INFO: last valid run: 104816
2009-04-16 17:34 - LArCalibL1Calo - INFO: searching for new runs from 104817 to 2147483647
2009-04-16 17:34 - LArCalibL1Calo - DEBUG:  No new valid run. Last known valid run still: 104816
2009-04-16 17:44 - LArCalibL1Calo - INFO: ===> listening for new valid runs <===
2009-04-16 17:44 - LArCalibL1Calo - DEBUG: initialising coolRunLister
2009-04-16 17:44 - LArCalibL1Calo - DEBUG: applying selections to coolRunLister
2009-04-16 17:44 - LArCalibL1Calo - INFO: last valid run: 104816
2009-04-16 17:44 - LArCalibL1Calo - INFO: searching for new runs from 104817 to 2147483647
2009-04-16 17:45 - LArCalibL1Calo - DEBUG:  No new valid run. Last known valid run still: 104816
2009-04-16 17:55 - LArCalibL1Calo - INFO: ===> listening for new valid runs <===
2009-04-16 17:55 - LArCalibL1Calo - DEBUG: initialising coolRunLister
2009-04-16 17:55 - LArCalibL1Calo - DEBUG: applying selections to coolRunLister
2009-04-16 17:55 - LArCalibL1Calo - INFO: last valid run: 104816
2009-04-16 17:55 - LArCalibL1Calo - INFO: searching for new runs from 104817 to 2147483647
2009-04-16 17:55 - LArCalibL1Calo - DEBUG:  No new valid run. Last known valid run still: 104816
2009-04-16 18:05 - LArCalibL1Calo - INFO: ===> listening for new valid runs <===
2009-04-16 18:05 - LArCalibL1Calo - DEBUG: initialising coolRunLister
2009-04-16 18:05 - LArCalibL1Calo - DEBUG: applying selections to coolRunLister
2009-04-16 18:05 - LArCalibL1Calo - INFO: last valid run: 104816
2009-04-16 18:05 - LArCalibL1Calo - INFO: searching for new runs from 104817 to 2147483647
2009-04-16 18:05 - LArCalibL1Calo - DEBUG:  No new valid run. Last known valid run still: 104816
2009-04-16 18:15 - LArCalibL1Calo - INFO: ===> listening for new valid runs <===
2009-04-16 18:15 - LArCalibL1Calo - DEBUG: initialising coolRunLister
2009-04-16 18:15 - LArCalibL1Calo - DEBUG: applying selections to coolRunLister
2009-04-16 18:15 - LArCalibL1Calo - INFO: last valid run: 104816
2009-04-16 18:15 - LArCalibL1Calo - INFO: searching for new runs from 104817 to 2147483647
2009-04-16 18:15 - LArCalibL1Calo - DEBUG:  No new valid run. Last known valid run still: 104816
2009-04-16 18:25 - LArCalibL1Calo - INFO: ===> listening for new valid runs <===
2009-04-16 18:25 - LArCalibL1Calo - DEBUG: initialising coolRunLister
2009-04-16 18:25 - LArCalibL1Calo - DEBUG: applying selections to coolRunLister
2009-04-16 18:25 - LArCalibL1Calo - INFO: last valid run: 104816
2009-04-16 18:25 - LArCalibL1Calo - INFO: searching for new runs from 104817 to 2147483647
2009-04-16 18:26 - LArCalibL1Calo - DEBUG:  No new valid run. Last known valid run still: 104816
2009-04-16 18:36 - LArCalibL1Calo - INFO: ===> listening for new valid runs <===
2009-04-16 18:36 - LArCalibL1Calo - DEBUG: initialising coolRunLister
2009-04-16 18:36 - LArCalibL1Calo - DEBUG: applying selections to coolRunLister
2009-04-16 18:36 - LArCalibL1Calo - INFO: last valid run: 104816
2009-04-16 18:36 - LArCalibL1Calo - INFO: searching for new runs from 104817 to 2147483647
2009-04-16 18:36 - LArCalibL1Calo - DEBUG:  No new valid run. Last known valid run still: 104816
2009-04-16 18:46 - LArCalibL1Calo - INFO: ===> listening for new valid runs <===
2009-04-16 18:46 - LArCalibL1Calo - DEBUG: initialising coolRunLister
2009-04-16 18:46 - LArCalibL1Calo - DEBUG: applying selections to coolRunLister
2009-04-16 18:46 - LArCalibL1Calo - INFO: last valid run: 104816
2009-04-16 18:46 - LArCalibL1Calo - INFO: searching for new runs from 104817 to 2147483647
2009-04-16 18:46 - LArCalibL1Calo - DEBUG:  No new valid run. Last known valid run still: 104816
2009-04-16 18:56 - LArCalibL1Calo - INFO: ===> listening for new valid runs <===
2009-04-16 18:56 - LArCalibL1Calo - DEBUG: initialising coolRunLister
2009-04-16 18:56 - LArCalibL1Calo - DEBUG: applying selections to coolRunLister
2009-04-16 18:56 - LArCalibL1Calo - INFO: last valid run: 104816
2009-04-16 18:56 - LArCalibL1Calo - INFO: searching for new runs from 104817 to 2147483647
2009-04-16 18:56 - LArCalibL1Calo - DEBUG:  No new valid run. Last known valid run still: 104816
2009-04-16 19:07 - LArCalibL1Calo - INFO: ===> listening for new valid runs <===
2009-04-16 19:07 - LArCalibL1Calo - DEBUG: initialising coolRunLister
2009-04-16 19:07 - LArCalibL1Calo - DEBUG: applying selections to coolRunLister
2009-04-16 19:07 - LArCalibL1Calo - INFO: last valid run: 104816
2009-04-16 19:07 - LArCalibL1Calo - INFO: searching for new runs from 104817 to 2147483647
2009-04-16 19:07 - LArCalibL1Calo - DEBUG:  No new valid run. Last known valid run still: 104816
2009-04-16 19:17 - LArCalibL1Calo - INFO: ===> listening for new valid runs <===
2009-04-16 19:17 - LArCalibL1Calo - DEBUG: initialising coolRunLister
2009-04-16 19:17 - LArCalibL1Calo - DEBUG: applying selections to coolRunLister
2009-04-16 19:17 - LArCalibL1Calo - INFO: last valid run: 104816
2009-04-16 19:17 - LArCalibL1Calo - INFO: searching for new runs from 104817 to 2147483647
2009-04-16 19:17 - LArCalibL1Calo - DEBUG:  No new valid run. Last known valid run still: 104816
2009-04-16 19:27 - LArCalibL1Calo - INFO: ===> listening for new valid runs <===
2009-04-16 19:27 - LArCalibL1Calo - DEBUG: initialising coolRunLister
2009-04-16 19:27 - LArCalibL1Calo - DEBUG: applying selections to coolRunLister
2009-04-16 19:27 - LArCalibL1Calo - INFO: last valid run: 104816
2009-04-16 19:27 - LArCalibL1Calo - INFO: searching for new runs from 104817 to 2147483647
2009-04-16 19:27 - LArCalibL1Calo - DEBUG:  No new valid run. Last known valid run still: 104816
2009-04-16 19:37 - LArCalibL1Calo - INFO: ===> listening for new valid runs <===
2009-04-16 19:37 - LArCalibL1Calo - DEBUG: initialising coolRunLister
2009-04-16 19:37 - LArCalibL1Calo - DEBUG: applying selections to coolRunLister
2009-04-16 19:37 - LArCalibL1Calo - INFO: last valid run: 104816
2009-04-16 19:37 - LArCalibL1Calo - INFO: searching for new runs from 104817 to 2147483647
2009-04-16 19:38 - LArCalibL1Calo - DEBUG:  No new valid run. Last known valid run still: 104816
2009-04-16 19:48 - LArCalibL1Calo - INFO: ===> listening for new valid runs <===
2009-04-16 19:48 - LArCalibL1Calo - DEBUG: initialising coolRunLister
2009-04-16 19:48 - LArCalibL1Calo - DEBUG: applying selections to coolRunLister
2009-04-16 19:48 - LArCalibL1Calo - INFO: last valid run: 104816
2009-04-16 19:48 - LArCalibL1Calo - INFO: searching for new runs from 104817 to 2147483647
2009-04-16 19:48 - LArCalibL1Calo - DEBUG:  No new valid run. Last known valid run still: 104816
2009-04-16 19:58 - LArCalibL1Calo - INFO: ===> listening for new valid runs <===
2009-04-16 19:58 - LArCalibL1Calo - DEBUG: initialising coolRunLister
2009-04-16 19:58 - LArCalibL1Calo - DEBUG: applying selections to coolRunLister
2009-04-16 19:58 - LArCalibL1Calo - INFO: last valid run: 104816
2009-04-16 19:58 - LArCalibL1Calo - INFO: searching for new runs from 104817 to 2147483647
2009-04-16 19:58 - LArCalibL1Calo - DEBUG:  No new valid run. Last known valid run still: 104816
2009-04-16 20:08 - LArCalibL1Calo - INFO: ===> listening for new valid runs <===
2009-04-16 20:08 - LArCalibL1Calo - DEBUG: initialising coolRunLister
2009-04-16 20:08 - LArCalibL1Calo - DEBUG: applying selections to coolRunLister
2009-04-16 20:08 - LArCalibL1Calo - INFO: last valid run: 104816
2009-04-16 20:08 - LArCalibL1Calo - INFO: searching for new runs from 104817 to 2147483647
2009-04-16 20:08 - LArCalibL1Calo - DEBUG:  No new valid run. Last known valid run still: 104816
2009-04-16 20:19 - LArCalibL1Calo - INFO: ===> listening for new valid runs <===
2009-04-16 20:19 - LArCalibL1Calo - DEBUG: initialising coolRunLister
2009-04-16 20:19 - LArCalibL1Calo - DEBUG: applying selections to coolRunLister
2009-04-16 20:19 - LArCalibL1Calo - INFO: last valid run: 104816
2009-04-16 20:19 - LArCalibL1Calo - INFO: searching for new runs from 104817 to 2147483647
2009-04-16 20:19 - LArCalibL1Calo - DEBUG:  No new valid run. Last known valid run still: 104816
2009-04-16 20:29 - LArCalibL1Calo - INFO: ===> listening for new valid runs <===
2009-04-16 20:29 - LArCalibL1Calo - DEBUG: initialising coolRunLister
2009-04-16 20:29 - LArCalibL1Calo - DEBUG: applying selections to coolRunLister
2009-04-16 20:29 - LArCalibL1Calo - INFO: last valid run: 104816
2009-04-16 20:29 - LArCalibL1Calo - INFO: searching for new runs from 104817 to 2147483647
2009-04-16 20:29 - LArCalibL1Calo - DEBUG:  No new valid run. Last known valid run still: 104816
2009-04-16 20:39 - LArCalibL1Calo - INFO: ===> listening for new valid runs <===
2009-04-16 20:39 - LArCalibL1Calo - DEBUG: initialising coolRunLister
2009-04-16 20:39 - LArCalibL1Calo - DEBUG: applying selections to coolRunLister
2009-04-16 20:39 - LArCalibL1Calo - INFO: last valid run: 104816
2009-04-16 20:39 - LArCalibL1Calo - INFO: searching for new runs from 104817 to 2147483647
2009-04-16 20:39 - LArCalibL1Calo - DEBUG:  No new valid run. Last known valid run still: 104816
2009-04-16 20:49 - LArCalibL1Calo - INFO: ===> listening for new valid runs <===
2009-04-16 20:49 - LArCalibL1Calo - DEBUG: initialising coolRunLister
2009-04-16 20:49 - LArCalibL1Calo - DEBUG: applying selections to coolRunLister
2009-04-16 20:49 - LArCalibL1Calo - INFO: last valid run: 104816
2009-04-16 20:49 - LArCalibL1Calo - INFO: searching for new runs from 104817 to 2147483647
2009-04-16 20:49 - LArCalibL1Calo - DEBUG:  No new valid run. Last known valid run still: 104816
2009-04-16 21:00 - LArCalibL1Calo - INFO: ===> listening for new valid runs <===
2009-04-16 21:00 - LArCalibL1Calo - DEBUG: initialising coolRunLister
2009-04-16 21:00 - LArCalibL1Calo - DEBUG: applying selections to coolRunLister
2009-04-16 21:00 - LArCalibL1Calo - INFO: last valid run: 104816
2009-04-16 21:00 - LArCalibL1Calo - INFO: searching for new runs from 104817 to 2147483647
2009-04-16 21:00 - LArCalibL1Calo - DEBUG:  No new valid run. Last known valid run still: 104816
2009-04-16 21:10 - LArCalibL1Calo - INFO: ===> listening for new valid runs <===
2009-04-16 21:10 - LArCalibL1Calo - DEBUG: initialising coolRunLister
2009-04-16 21:10 - LArCalibL1Calo - DEBUG: applying selections to coolRunLister
2009-04-16 21:10 - LArCalibL1Calo - INFO: last valid run: 104816
2009-04-16 21:10 - LArCalibL1Calo - INFO: searching for new runs from 104817 to 2147483647
2009-04-16 21:10 - LArCalibL1Calo - DEBUG:  No new valid run. Last known valid run still: 104816
2009-04-16 21:20 - LArCalibL1Calo - INFO: ===> listening for new valid runs <===
2009-04-16 21:20 - LArCalibL1Calo - DEBUG: initialising coolRunLister
2009-04-16 21:20 - LArCalibL1Calo - DEBUG: applying selections to coolRunLister
2009-04-16 21:20 - LArCalibL1Calo - INFO: last valid run: 104816
2009-04-16 21:20 - LArCalibL1Calo - INFO: searching for new runs from 104817 to 2147483647
2009-04-16 21:20 - LArCalibL1Calo - DEBUG:  No new valid run. Last known valid run still: 104816
2009-04-16 21:30 - LArCalibL1Calo - INFO: ===> listening for new valid runs <===
2009-04-16 21:30 - LArCalibL1Calo - DEBUG: initialising coolRunLister
2009-04-16 21:30 - LArCalibL1Calo - DEBUG: applying selections to coolRunLister
2009-04-16 21:30 - LArCalibL1Calo - INFO: last valid run: 104816
2009-04-16 21:30 - LArCalibL1Calo - INFO: searching for new runs from 104817 to 2147483647
2009-04-16 21:30 - LArCalibL1Calo - DEBUG:  No new valid run. Last known valid run still: 104816
2009-04-16 21:41 - LArCalibL1Calo - INFO: ===> listening for new valid runs <===
2009-04-16 21:41 - LArCalibL1Calo - DEBUG: initialising coolRunLister
2009-04-16 21:41 - LArCalibL1Calo - DEBUG: applying selections to coolRunLister
2009-04-16 21:41 - LArCalibL1Calo - INFO: last valid run: 104816
2009-04-16 21:41 - LArCalibL1Calo - INFO: searching for new runs from 104817 to 2147483647
2009-04-16 21:41 - LArCalibL1Calo - DEBUG:  No new valid run. Last known valid run still: 104816
2009-04-16 21:51 - LArCalibL1Calo - INFO: ===> listening for new valid runs <===
2009-04-16 21:51 - LArCalibL1Calo - DEBUG: initialising coolRunLister
2009-04-16 21:51 - LArCalibL1Calo - DEBUG: applying selections to coolRunLister
2009-04-16 21:51 - LArCalibL1Calo - INFO: last valid run: 104816
2009-04-16 21:51 - LArCalibL1Calo - INFO: searching for new runs from 104817 to 2147483647
2009-04-16 21:51 - LArCalibL1Calo - DEBUG:  No new valid run. Last known valid run still: 104816
2009-04-16 22:01 - LArCalibL1Calo - INFO: ===> listening for new valid runs <===
2009-04-16 22:01 - LArCalibL1Calo - DEBUG: initialising coolRunLister
2009-04-16 22:01 - LArCalibL1Calo - DEBUG: applying selections to coolRunLister
2009-04-16 22:01 - LArCalibL1Calo - INFO: last valid run: 104816
2009-04-16 22:01 - LArCalibL1Calo - INFO: searching for new runs from 104817 to 2147483647
2009-04-16 22:01 - LArCalibL1Calo - DEBUG:  No new valid run. Last known valid run still: 104816
2009-04-16 22:11 - LArCalibL1Calo - INFO: ===> listening for new valid runs <===
2009-04-16 22:11 - LArCalibL1Calo - DEBUG: initialising coolRunLister
2009-04-16 22:11 - LArCalibL1Calo - DEBUG: applying selections to coolRunLister
2009-04-16 22:11 - LArCalibL1Calo - INFO: last valid run: 104816
2009-04-16 22:11 - LArCalibL1Calo - INFO: searching for new runs from 104817 to 2147483647
2009-04-16 22:11 - LArCalibL1Calo - DEBUG:  No new valid run. Last known valid run still: 104816
2009-04-16 22:22 - LArCalibL1Calo - INFO: ===> listening for new valid runs <===
2009-04-16 22:22 - LArCalibL1Calo - DEBUG: initialising coolRunLister
2009-04-16 22:22 - LArCalibL1Calo - DEBUG: applying selections to coolRunLister
2009-04-16 22:22 - LArCalibL1Calo - INFO: last valid run: 104816
2009-04-16 22:22 - LArCalibL1Calo - INFO: searching for new runs from 104817 to 2147483647
2009-04-16 22:22 - LArCalibL1Calo - DEBUG:  No new valid run. Last known valid run still: 104816
2009-04-16 22:32 - LArCalibL1Calo - INFO: ===> listening for new valid runs <===
2009-04-16 22:32 - LArCalibL1Calo - DEBUG: initialising coolRunLister
2009-04-16 22:32 - LArCalibL1Calo - DEBUG: applying selections to coolRunLister
2009-04-16 22:32 - LArCalibL1Calo - INFO: last valid run: 104816
2009-04-16 22:32 - LArCalibL1Calo - INFO: searching for new runs from 104817 to 2147483647
2009-04-16 22:32 - LArCalibL1Calo - DEBUG:  No new valid run. Last known valid run still: 104816
2009-04-16 22:42 - LArCalibL1Calo - INFO: ===> listening for new valid runs <===
2009-04-16 22:42 - LArCalibL1Calo - DEBUG: initialising coolRunLister
2009-04-16 22:42 - LArCalibL1Calo - DEBUG: applying selections to coolRunLister
2009-04-16 22:42 - LArCalibL1Calo - INFO: last valid run: 104816
2009-04-16 22:42 - LArCalibL1Calo - INFO: searching for new runs from 104817 to 2147483647
2009-04-16 22:42 - LArCalibL1Calo - DEBUG:  No new valid run. Last known valid run still: 104816
2009-04-16 22:52 - LArCalibL1Calo - INFO: ===> listening for new valid runs <===
2009-04-16 22:52 - LArCalibL1Calo - DEBUG: initialising coolRunLister
2009-04-16 22:52 - LArCalibL1Calo - DEBUG: applying selections to coolRunLister
2009-04-16 22:52 - LArCalibL1Calo - INFO: last valid run: 104816
2009-04-16 22:52 - LArCalibL1Calo - INFO: searching for new runs from 104817 to 2147483647
2009-04-16 22:52 - LArCalibL1Calo - DEBUG:  No new valid run. Last known valid run still: 104816
2009-04-16 23:02 - LArCalibL1Calo - INFO: ===> listening for new valid runs <===
2009-04-16 23:02 - LArCalibL1Calo - DEBUG: initialising coolRunLister
2009-04-16 23:02 - LArCalibL1Calo - DEBUG: applying selections to coolRunLister
2009-04-16 23:02 - LArCalibL1Calo - INFO: last valid run: 104816
2009-04-16 23:02 - LArCalibL1Calo - INFO: searching for new runs from 104817 to 2147483647
2009-04-16 23:03 - LArCalibL1Calo - DEBUG:  No new valid run. Last known valid run still: 104816
2009-04-16 23:13 - LArCalibL1Calo - INFO: ===> listening for new valid runs <===
2009-04-16 23:13 - LArCalibL1Calo - DEBUG: initialising coolRunLister
2009-04-16 23:13 - LArCalibL1Calo - DEBUG: applying selections to coolRunLister
2009-04-16 23:13 - LArCalibL1Calo - INFO: last valid run: 104816
2009-04-16 23:13 - LArCalibL1Calo - INFO: searching for new runs from 104817 to 2147483647
2009-04-16 23:13 - LArCalibL1Calo - DEBUG:  No new valid run. Last known valid run still: 104816
2009-04-16 23:23 - LArCalibL1Calo - INFO: ===> listening for new valid runs <===
2009-04-16 23:23 - LArCalibL1Calo - DEBUG: initialising coolRunLister
2009-04-16 23:23 - LArCalibL1Calo - DEBUG: applying selections to coolRunLister
2009-04-16 23:23 - LArCalibL1Calo - INFO: last valid run: 104816
2009-04-16 23:23 - LArCalibL1Calo - INFO: searching for new runs from 104817 to 2147483647
2009-04-16 23:23 - LArCalibL1Calo - DEBUG:  No new valid run. Last known valid run still: 104816
2009-04-16 23:33 - LArCalibL1Calo - INFO: ===> listening for new valid runs <===
2009-04-16 23:33 - LArCalibL1Calo - DEBUG: initialising coolRunLister
2009-04-16 23:33 - LArCalibL1Calo - DEBUG: applying selections to coolRunLister
2009-04-16 23:33 - LArCalibL1Calo - INFO: last valid run: 104816
2009-04-16 23:33 - LArCalibL1Calo - INFO: searching for new runs from 104817 to 2147483647
2009-04-16 23:33 - LArCalibL1Calo - DEBUG:  No new valid run. Last known valid run still: 104816
2009-04-16 23:43 - LArCalibL1Calo - INFO: ===> listening for new valid runs <===
2009-04-16 23:43 - LArCalibL1Calo - DEBUG: initialising coolRunLister
2009-04-16 23:43 - LArCalibL1Calo - DEBUG: applying selections to coolRunLister
2009-04-16 23:43 - LArCalibL1Calo - INFO: last valid run: 104816
2009-04-16 23:43 - LArCalibL1Calo - INFO: searching for new runs from 104817 to 2147483647
2009-04-16 23:44 - LArCalibL1Calo - DEBUG:  No new valid run. Last known valid run still: 104816
2009-04-16 23:54 - LArCalibL1Calo - INFO: ===> listening for new valid runs <===
2009-04-16 23:54 - LArCalibL1Calo - DEBUG: initialising coolRunLister
2009-04-16 23:54 - LArCalibL1Calo - DEBUG: applying selections to coolRunLister
2009-04-16 23:54 - LArCalibL1Calo - INFO: last valid run: 104816
2009-04-16 23:54 - LArCalibL1Calo - INFO: searching for new runs from 104817 to 2147483647
2009-04-16 23:54 - LArCalibL1Calo - DEBUG:  No new valid run. Last known valid run still: 104816
