2009-04-20 20:31 - TileCalibL1Calo - INFO: ========================================
2009-04-20 20:31 - TileCalibL1Calo - INFO: RunListener in init
2009-04-20 20:31 - TileCalibL1Calo - INFO: RunListener initialized
2009-04-20 20:31 - TileCalibL1Calo - INFO: ========================================
2009-04-20 20:31 - TileCalibL1Calo - INFO: ===> from initRunListener <===
2009-04-20 20:31 - TileCalibL1Calo - INFO: 
RunListener TileCalibL1Caloinitialised with the following parameters:
TDAQ DB: COOLONL_TDAQ/COMP200
TRIG DB: COOLONL_TRIGGER/COMP200
Status DB: COOLONL_TDAQ/COMP200
log level: 0
oracle: False
rec. only: True
det. mask: 0
run type: cismono
det. status: 2
det. status tag: HEAD
daq partition: Tile-TTC2LAN
tag: 
format: acertd
reverse: False
stoptimestamp: True
cleanstop: True
hasevents: True
last valid run known: 0

2009-04-20 20:41 - TileCalibL1Calo - INFO: ===> listening for new valid runs <===
2009-04-20 20:41 - TileCalibL1Calo - DEBUG: initialising coolRunLister
2009-04-20 20:41 - TileCalibL1Calo - DEBUG: applying selections to coolRunLister
2009-04-20 20:41 - TileCalibL1Calo - INFO: last valid run: 104000
2009-04-20 20:41 - TileCalibL1Calo - INFO: searching for new runs from 104001 to 2147483647
2009-04-20 20:41 - TileCalibL1Calo - DEBUG: new last known run: 105072
2009-04-20 20:41 - TileCalibL1Calo - DEBUG: 
     Run   Events  LumiB            StartTime             StopTime L1Events L2Events EFEvents ErrC Rec Cln RunType                  DetectorMask DAQConfiguration     PartitionName    FilenameTag         
  105072     4508      3  2009-04-02:13:28:56  2009-04-02:13:30:15     4508     4508     4508    0  No Yes cismono                    7c00f00000 Schema=127:Data=150  Tile-TTC2LAN                         

2009-04-20 20:52 - TileCalibL1Calo - INFO: ===> listening for new valid runs <===
2009-04-20 20:52 - TileCalibL1Calo - DEBUG: initialising coolRunLister
2009-04-20 20:52 - TileCalibL1Calo - DEBUG: applying selections to coolRunLister
2009-04-20 20:52 - TileCalibL1Calo - INFO: last valid run: 105072
2009-04-20 20:52 - TileCalibL1Calo - INFO: searching for new runs from 105073 to 2147483647
2009-04-20 20:53 - TileCalibL1Calo - DEBUG:  No new valid run. Last known valid run still: 105072
2009-04-20 21:03 - TileCalibL1Calo - INFO: ===> listening for new valid runs <===
2009-04-20 21:03 - TileCalibL1Calo - DEBUG: initialising coolRunLister
2009-04-20 21:03 - TileCalibL1Calo - DEBUG: applying selections to coolRunLister
2009-04-20 21:03 - TileCalibL1Calo - INFO: last valid run: 105072
2009-04-20 21:03 - TileCalibL1Calo - INFO: searching for new runs from 105073 to 2147483647
2009-04-20 21:03 - TileCalibL1Calo - DEBUG:  No new valid run. Last known valid run still: 105072
2009-04-20 21:13 - TileCalibL1Calo - INFO: ===> listening for new valid runs <===
2009-04-20 21:13 - TileCalibL1Calo - DEBUG: initialising coolRunLister
2009-04-20 21:13 - TileCalibL1Calo - DEBUG: applying selections to coolRunLister
2009-04-20 21:13 - TileCalibL1Calo - INFO: last valid run: 105072
2009-04-20 21:13 - TileCalibL1Calo - INFO: searching for new runs from 105073 to 2147483647
2009-04-20 21:13 - TileCalibL1Calo - DEBUG:  No new valid run. Last known valid run still: 105072
2009-04-20 21:23 - TileCalibL1Calo - INFO: ===> listening for new valid runs <===
2009-04-20 21:23 - TileCalibL1Calo - DEBUG: initialising coolRunLister
2009-04-20 21:23 - TileCalibL1Calo - DEBUG: applying selections to coolRunLister
2009-04-20 21:23 - TileCalibL1Calo - INFO: last valid run: 105072
2009-04-20 21:23 - TileCalibL1Calo - INFO: searching for new runs from 105073 to 2147483647
2009-04-20 21:23 - TileCalibL1Calo - DEBUG:  No new valid run. Last known valid run still: 105072
2009-04-20 21:33 - TileCalibL1Calo - INFO: ===> listening for new valid runs <===
2009-04-20 21:33 - TileCalibL1Calo - DEBUG: initialising coolRunLister
2009-04-20 21:33 - TileCalibL1Calo - DEBUG: applying selections to coolRunLister
2009-04-20 21:33 - TileCalibL1Calo - INFO: last valid run: 105072
2009-04-20 21:33 - TileCalibL1Calo - INFO: searching for new runs from 105073 to 2147483647
2009-04-20 21:34 - TileCalibL1Calo - DEBUG:  No new valid run. Last known valid run still: 105072
2009-04-20 21:44 - TileCalibL1Calo - INFO: ===> listening for new valid runs <===
2009-04-20 21:44 - TileCalibL1Calo - DEBUG: initialising coolRunLister
2009-04-20 21:44 - TileCalibL1Calo - DEBUG: applying selections to coolRunLister
2009-04-20 21:44 - TileCalibL1Calo - INFO: last valid run: 105072
2009-04-20 21:44 - TileCalibL1Calo - INFO: searching for new runs from 105073 to 2147483647
2009-04-20 21:44 - TileCalibL1Calo - DEBUG:  No new valid run. Last known valid run still: 105072
2009-04-20 21:54 - TileCalibL1Calo - INFO: ===> listening for new valid runs <===
2009-04-20 21:54 - TileCalibL1Calo - DEBUG: initialising coolRunLister
2009-04-20 21:54 - TileCalibL1Calo - DEBUG: applying selections to coolRunLister
2009-04-20 21:54 - TileCalibL1Calo - INFO: last valid run: 105072
2009-04-20 21:54 - TileCalibL1Calo - INFO: searching for new runs from 105073 to 2147483647
2009-04-20 21:54 - TileCalibL1Calo - DEBUG:  No new valid run. Last known valid run still: 105072
2009-04-20 22:04 - TileCalibL1Calo - INFO: ===> listening for new valid runs <===
2009-04-20 22:04 - TileCalibL1Calo - DEBUG: initialising coolRunLister
2009-04-20 22:04 - TileCalibL1Calo - DEBUG: applying selections to coolRunLister
2009-04-20 22:04 - TileCalibL1Calo - INFO: last valid run: 105072
2009-04-20 22:04 - TileCalibL1Calo - INFO: searching for new runs from 105073 to 2147483647
2009-04-20 22:04 - TileCalibL1Calo - DEBUG:  No new valid run. Last known valid run still: 105072
2009-04-20 22:14 - TileCalibL1Calo - INFO: ===> listening for new valid runs <===
2009-04-20 22:14 - TileCalibL1Calo - DEBUG: initialising coolRunLister
2009-04-20 22:14 - TileCalibL1Calo - DEBUG: applying selections to coolRunLister
2009-04-20 22:14 - TileCalibL1Calo - INFO: last valid run: 105072
2009-04-20 22:14 - TileCalibL1Calo - INFO: searching for new runs from 105073 to 2147483647
2009-04-20 22:14 - TileCalibL1Calo - DEBUG:  No new valid run. Last known valid run still: 105072
2009-04-20 22:25 - TileCalibL1Calo - INFO: ===> listening for new valid runs <===
2009-04-20 22:25 - TileCalibL1Calo - DEBUG: initialising coolRunLister
2009-04-20 22:25 - TileCalibL1Calo - DEBUG: applying selections to coolRunLister
2009-04-20 22:25 - TileCalibL1Calo - INFO: last valid run: 105072
2009-04-20 22:25 - TileCalibL1Calo - INFO: searching for new runs from 105073 to 2147483647
2009-04-20 22:25 - TileCalibL1Calo - DEBUG:  No new valid run. Last known valid run still: 105072
2009-04-20 22:35 - TileCalibL1Calo - INFO: ===> listening for new valid runs <===
2009-04-20 22:35 - TileCalibL1Calo - DEBUG: initialising coolRunLister
2009-04-20 22:35 - TileCalibL1Calo - DEBUG: applying selections to coolRunLister
2009-04-20 22:35 - TileCalibL1Calo - INFO: last valid run: 105072
2009-04-20 22:35 - TileCalibL1Calo - INFO: searching for new runs from 105073 to 2147483647
2009-04-20 22:35 - TileCalibL1Calo - DEBUG:  No new valid run. Last known valid run still: 105072
2009-04-20 22:45 - TileCalibL1Calo - INFO: ===> listening for new valid runs <===
2009-04-20 22:45 - TileCalibL1Calo - DEBUG: initialising coolRunLister
2009-04-20 22:45 - TileCalibL1Calo - DEBUG: applying selections to coolRunLister
2009-04-20 22:45 - TileCalibL1Calo - INFO: last valid run: 105072
2009-04-20 22:45 - TileCalibL1Calo - INFO: searching for new runs from 105073 to 2147483647
2009-04-20 22:45 - TileCalibL1Calo - DEBUG:  No new valid run. Last known valid run still: 105072
2009-04-20 22:55 - TileCalibL1Calo - INFO: ===> listening for new valid runs <===
2009-04-20 22:55 - TileCalibL1Calo - DEBUG: initialising coolRunLister
2009-04-20 22:55 - TileCalibL1Calo - DEBUG: applying selections to coolRunLister
2009-04-20 22:55 - TileCalibL1Calo - INFO: last valid run: 105072
2009-04-20 22:55 - TileCalibL1Calo - INFO: searching for new runs from 105073 to 2147483647
2009-04-20 22:55 - TileCalibL1Calo - DEBUG:  No new valid run. Last known valid run still: 105072
2009-04-20 23:06 - TileCalibL1Calo - INFO: ===> listening for new valid runs <===
2009-04-20 23:06 - TileCalibL1Calo - DEBUG: initialising coolRunLister
2009-04-20 23:06 - TileCalibL1Calo - DEBUG: applying selections to coolRunLister
2009-04-20 23:06 - TileCalibL1Calo - INFO: last valid run: 105072
2009-04-20 23:06 - TileCalibL1Calo - INFO: searching for new runs from 105073 to 2147483647
2009-04-20 23:06 - TileCalibL1Calo - DEBUG:  No new valid run. Last known valid run still: 105072
2009-04-20 23:16 - TileCalibL1Calo - INFO: ===> listening for new valid runs <===
2009-04-20 23:16 - TileCalibL1Calo - DEBUG: initialising coolRunLister
2009-04-20 23:16 - TileCalibL1Calo - DEBUG: applying selections to coolRunLister
2009-04-20 23:16 - TileCalibL1Calo - INFO: last valid run: 105072
2009-04-20 23:16 - TileCalibL1Calo - INFO: searching for new runs from 105073 to 2147483647
2009-04-20 23:16 - TileCalibL1Calo - DEBUG:  No new valid run. Last known valid run still: 105072
2009-04-20 23:26 - TileCalibL1Calo - INFO: ===> listening for new valid runs <===
2009-04-20 23:26 - TileCalibL1Calo - DEBUG: initialising coolRunLister
2009-04-20 23:26 - TileCalibL1Calo - DEBUG: applying selections to coolRunLister
2009-04-20 23:26 - TileCalibL1Calo - INFO: last valid run: 105072
2009-04-20 23:26 - TileCalibL1Calo - INFO: searching for new runs from 105073 to 2147483647
2009-04-20 23:26 - TileCalibL1Calo - DEBUG:  No new valid run. Last known valid run still: 105072
2009-04-20 23:36 - TileCalibL1Calo - INFO: ===> listening for new valid runs <===
2009-04-20 23:36 - TileCalibL1Calo - DEBUG: initialising coolRunLister
2009-04-20 23:36 - TileCalibL1Calo - DEBUG: applying selections to coolRunLister
2009-04-20 23:36 - TileCalibL1Calo - INFO: last valid run: 105072
2009-04-20 23:36 - TileCalibL1Calo - INFO: searching for new runs from 105073 to 2147483647
2009-04-20 23:36 - TileCalibL1Calo - DEBUG:  No new valid run. Last known valid run still: 105072
2009-04-20 23:46 - TileCalibL1Calo - INFO: ===> listening for new valid runs <===
2009-04-20 23:46 - TileCalibL1Calo - DEBUG: initialising coolRunLister
2009-04-20 23:46 - TileCalibL1Calo - DEBUG: applying selections to coolRunLister
2009-04-20 23:46 - TileCalibL1Calo - INFO: last valid run: 105072
2009-04-20 23:46 - TileCalibL1Calo - INFO: searching for new runs from 105073 to 2147483647
2009-04-20 23:47 - TileCalibL1Calo - DEBUG:  No new valid run. Last known valid run still: 105072
2009-04-20 23:57 - TileCalibL1Calo - INFO: ===> listening for new valid runs <===
2009-04-20 23:57 - TileCalibL1Calo - DEBUG: initialising coolRunLister
2009-04-20 23:57 - TileCalibL1Calo - DEBUG: applying selections to coolRunLister
2009-04-20 23:57 - TileCalibL1Calo - INFO: last valid run: 105072
2009-04-20 23:57 - TileCalibL1Calo - INFO: searching for new runs from 105073 to 2147483647
2009-04-20 23:57 - TileCalibL1Calo - DEBUG:  No new valid run. Last known valid run still: 105072
