2009-04-09 00:00 - LArCalibL1Calo - INFO: ========================================
2009-04-09 00:00 - LArCalibL1Calo - INFO: RunListener in init
2009-04-09 00:00 - LArCalibL1Calo - INFO: RunListener initialized
2009-04-09 00:00 - LArCalibL1Calo - INFO: ========================================
2009-04-09 00:00 - LArCalibL1Calo - INFO: ===> from initRunListener <===
2009-04-09 00:00 - LArCalibL1Calo - INFO: 
RunListener LArCalibL1Caloinitialised with the following parameters:
TDAQ DB: COOLONL_TDAQ/COMP200
TRIG DB: COOLONL_TRIGGER/COMP200
Status DB: COOLONL_TDAQ/COMP200
log level: 0
oracle: False
rec. only: True
det. mask: 0
run type: LarCalibL1Calo
det. status: 
det. status tag: HEAD
daq partition: LArgL1Calo-TTC2LAN
tag: 
format: acertd
reverse: False
stoptimestamp: True
cleanstop: True
hasevents: False
last valid run known: 0

2009-04-09 00:11 - LArCalibL1Calo - INFO: ===> listening for new valid runs <===
2009-04-09 00:11 - LArCalibL1Calo - DEBUG: initialising coolRunLister
2009-04-09 00:11 - LArCalibL1Calo - DEBUG: applying selections to coolRunLister
2009-04-09 00:11 - LArCalibL1Calo - INFO: last valid run: 104000
2009-04-09 00:11 - LArCalibL1Calo - INFO: searching for new runs from 104001 to 2147483647
2009-04-09 00:11 - LArCalibL1Calo - DEBUG: new last known run: 104816
2009-04-09 00:11 - LArCalibL1Calo - DEBUG: 
     Run   Events  LumiB            StartTime             StopTime L1Events L2Events EFEvents ErrC Rec Cln RunType                  DetectorMask DAQConfiguration     PartitionName    FilenameTag         
  104783     4500      7  2009-04-01:12:13:10  2009-04-01:12:17:28     4500        0     4500    0  No Yes LarCalibL1Calo             6400057000 Schema=127:Data=118  LArgL1Calo-TTC2LAN L1Calib             
     Run   Events  LumiB            StartTime             StopTime L1Events L2Events EFEvents ErrC Rec Cln RunType                  DetectorMask DAQConfiguration     PartitionName    FilenameTag         
  104804        0      1  2009-04-01:12:50:49  2009-04-01:12:52:05        0        0        0    0  No Yes LarCalibL1Calo             6400057000 Schema=127:Data=119  LArgL1Calo-TTC2LAN L1Calib             
     Run   Events  LumiB            StartTime             StopTime L1Events L2Events EFEvents ErrC Rec Cln RunType                  DetectorMask DAQConfiguration     PartitionName    FilenameTag         
  104809        0      1  2009-04-01:12:55:52  2009-04-01:12:57:07        0        0        0    0  No Yes LarCalibL1Calo             6400057000 Schema=127:Data=119  LArgL1Calo-TTC2LAN L1Calib             
     Run   Events  LumiB            StartTime             StopTime L1Events L2Events EFEvents ErrC Rec Cln RunType                  DetectorMask DAQConfiguration     PartitionName    FilenameTag         
  104816      500      1  2009-04-01:12:59:41  2009-04-01:13:01:51      500        0      500    0  No Yes LarCalibL1Calo             6400057000 Schema=127:Data=119  LArgL1Calo-TTC2LAN L1Calib             

2009-04-09 00:21 - LArCalibL1Calo - INFO: ===> listening for new valid runs <===
2009-04-09 00:21 - LArCalibL1Calo - DEBUG: initialising coolRunLister
2009-04-09 00:21 - LArCalibL1Calo - DEBUG: applying selections to coolRunLister
2009-04-09 00:21 - LArCalibL1Calo - INFO: last valid run: 104816
2009-04-09 00:21 - LArCalibL1Calo - INFO: searching for new runs from 104817 to 2147483647
2009-04-09 00:21 - LArCalibL1Calo - DEBUG:  No new valid run. Last known valid run still: 104816
2009-04-09 00:31 - LArCalibL1Calo - INFO: ===> listening for new valid runs <===
2009-04-09 00:31 - LArCalibL1Calo - DEBUG: initialising coolRunLister
2009-04-09 00:31 - LArCalibL1Calo - DEBUG: applying selections to coolRunLister
2009-04-09 00:31 - LArCalibL1Calo - INFO: last valid run: 104816
2009-04-09 00:31 - LArCalibL1Calo - INFO: searching for new runs from 104817 to 2147483647
2009-04-09 00:31 - LArCalibL1Calo - DEBUG:  No new valid run. Last known valid run still: 104816
2009-04-09 00:41 - LArCalibL1Calo - INFO: ===> listening for new valid runs <===
2009-04-09 00:41 - LArCalibL1Calo - DEBUG: initialising coolRunLister
2009-04-09 00:41 - LArCalibL1Calo - DEBUG: applying selections to coolRunLister
2009-04-09 00:41 - LArCalibL1Calo - INFO: last valid run: 104816
2009-04-09 00:41 - LArCalibL1Calo - INFO: searching for new runs from 104817 to 2147483647
2009-04-09 00:41 - LArCalibL1Calo - DEBUG:  No new valid run. Last known valid run still: 104816
2009-04-09 00:52 - LArCalibL1Calo - INFO: ===> listening for new valid runs <===
2009-04-09 00:52 - LArCalibL1Calo - DEBUG: initialising coolRunLister
2009-04-09 00:52 - LArCalibL1Calo - DEBUG: applying selections to coolRunLister
2009-04-09 00:52 - LArCalibL1Calo - INFO: last valid run: 104816
2009-04-09 00:52 - LArCalibL1Calo - INFO: searching for new runs from 104817 to 2147483647
2009-04-09 00:52 - LArCalibL1Calo - DEBUG:  No new valid run. Last known valid run still: 104816
2009-04-09 01:02 - LArCalibL1Calo - INFO: ===> listening for new valid runs <===
2009-04-09 01:02 - LArCalibL1Calo - DEBUG: initialising coolRunLister
2009-04-09 01:02 - LArCalibL1Calo - DEBUG: applying selections to coolRunLister
2009-04-09 01:02 - LArCalibL1Calo - INFO: last valid run: 104816
2009-04-09 01:02 - LArCalibL1Calo - INFO: searching for new runs from 104817 to 2147483647
2009-04-09 01:02 - LArCalibL1Calo - DEBUG:  No new valid run. Last known valid run still: 104816
2009-04-09 01:12 - LArCalibL1Calo - INFO: ===> listening for new valid runs <===
2009-04-09 01:12 - LArCalibL1Calo - DEBUG: initialising coolRunLister
2009-04-09 01:12 - LArCalibL1Calo - DEBUG: applying selections to coolRunLister
2009-04-09 01:12 - LArCalibL1Calo - INFO: last valid run: 104816
2009-04-09 01:12 - LArCalibL1Calo - INFO: searching for new runs from 104817 to 2147483647
2009-04-09 01:12 - LArCalibL1Calo - DEBUG:  No new valid run. Last known valid run still: 104816
2009-04-09 01:22 - LArCalibL1Calo - INFO: ===> listening for new valid runs <===
2009-04-09 01:22 - LArCalibL1Calo - DEBUG: initialising coolRunLister
2009-04-09 01:22 - LArCalibL1Calo - DEBUG: applying selections to coolRunLister
2009-04-09 01:22 - LArCalibL1Calo - INFO: last valid run: 104816
2009-04-09 01:22 - LArCalibL1Calo - INFO: searching for new runs from 104817 to 2147483647
2009-04-09 01:22 - LArCalibL1Calo - DEBUG:  No new valid run. Last known valid run still: 104816
2009-04-09 01:32 - LArCalibL1Calo - INFO: ===> listening for new valid runs <===
2009-04-09 01:32 - LArCalibL1Calo - DEBUG: initialising coolRunLister
2009-04-09 01:32 - LArCalibL1Calo - DEBUG: applying selections to coolRunLister
2009-04-09 01:32 - LArCalibL1Calo - INFO: last valid run: 104816
2009-04-09 01:32 - LArCalibL1Calo - INFO: searching for new runs from 104817 to 2147483647
2009-04-09 01:33 - LArCalibL1Calo - DEBUG:  No new valid run. Last known valid run still: 104816
2009-04-09 01:43 - LArCalibL1Calo - INFO: ===> listening for new valid runs <===
2009-04-09 01:43 - LArCalibL1Calo - DEBUG: initialising coolRunLister
2009-04-09 01:43 - LArCalibL1Calo - DEBUG: applying selections to coolRunLister
2009-04-09 01:43 - LArCalibL1Calo - INFO: last valid run: 104816
2009-04-09 01:43 - LArCalibL1Calo - INFO: searching for new runs from 104817 to 2147483647
2009-04-09 01:43 - LArCalibL1Calo - DEBUG:  No new valid run. Last known valid run still: 104816
2009-04-09 01:53 - LArCalibL1Calo - INFO: ===> listening for new valid runs <===
2009-04-09 01:53 - LArCalibL1Calo - DEBUG: initialising coolRunLister
2009-04-09 01:53 - LArCalibL1Calo - DEBUG: applying selections to coolRunLister
2009-04-09 01:53 - LArCalibL1Calo - INFO: last valid run: 104816
2009-04-09 01:53 - LArCalibL1Calo - INFO: searching for new runs from 104817 to 2147483647
2009-04-09 01:53 - LArCalibL1Calo - DEBUG:  No new valid run. Last known valid run still: 104816
2009-04-09 02:03 - LArCalibL1Calo - INFO: ===> listening for new valid runs <===
2009-04-09 02:03 - LArCalibL1Calo - DEBUG: initialising coolRunLister
2009-04-09 02:03 - LArCalibL1Calo - DEBUG: applying selections to coolRunLister
2009-04-09 02:03 - LArCalibL1Calo - INFO: last valid run: 104816
2009-04-09 02:03 - LArCalibL1Calo - INFO: searching for new runs from 104817 to 2147483647
2009-04-09 02:03 - LArCalibL1Calo - DEBUG:  No new valid run. Last known valid run still: 104816
2009-04-09 02:13 - LArCalibL1Calo - INFO: ===> listening for new valid runs <===
2009-04-09 02:13 - LArCalibL1Calo - DEBUG: initialising coolRunLister
2009-04-09 02:13 - LArCalibL1Calo - DEBUG: applying selections to coolRunLister
2009-04-09 02:13 - LArCalibL1Calo - INFO: last valid run: 104816
2009-04-09 02:13 - LArCalibL1Calo - INFO: searching for new runs from 104817 to 2147483647
2009-04-09 02:13 - LArCalibL1Calo - DEBUG:  No new valid run. Last known valid run still: 104816
2009-04-09 02:24 - LArCalibL1Calo - INFO: ===> listening for new valid runs <===
2009-04-09 02:24 - LArCalibL1Calo - DEBUG: initialising coolRunLister
2009-04-09 02:24 - LArCalibL1Calo - DEBUG: applying selections to coolRunLister
2009-04-09 02:24 - LArCalibL1Calo - INFO: last valid run: 104816
2009-04-09 02:24 - LArCalibL1Calo - INFO: searching for new runs from 104817 to 2147483647
2009-04-09 02:24 - LArCalibL1Calo - DEBUG:  No new valid run. Last known valid run still: 104816
2009-04-09 02:34 - LArCalibL1Calo - INFO: ===> listening for new valid runs <===
2009-04-09 02:34 - LArCalibL1Calo - DEBUG: initialising coolRunLister
2009-04-09 02:34 - LArCalibL1Calo - DEBUG: applying selections to coolRunLister
2009-04-09 02:34 - LArCalibL1Calo - INFO: last valid run: 104816
2009-04-09 02:34 - LArCalibL1Calo - INFO: searching for new runs from 104817 to 2147483647
2009-04-09 02:34 - LArCalibL1Calo - DEBUG:  No new valid run. Last known valid run still: 104816
2009-04-09 02:44 - LArCalibL1Calo - INFO: ===> listening for new valid runs <===
2009-04-09 02:44 - LArCalibL1Calo - DEBUG: initialising coolRunLister
2009-04-09 02:44 - LArCalibL1Calo - DEBUG: applying selections to coolRunLister
2009-04-09 02:44 - LArCalibL1Calo - INFO: last valid run: 104816
2009-04-09 02:44 - LArCalibL1Calo - INFO: searching for new runs from 104817 to 2147483647
2009-04-09 02:44 - LArCalibL1Calo - DEBUG:  No new valid run. Last known valid run still: 104816
2009-04-09 02:54 - LArCalibL1Calo - INFO: ===> listening for new valid runs <===
2009-04-09 02:54 - LArCalibL1Calo - DEBUG: initialising coolRunLister
2009-04-09 02:54 - LArCalibL1Calo - DEBUG: applying selections to coolRunLister
2009-04-09 02:54 - LArCalibL1Calo - INFO: last valid run: 104816
2009-04-09 02:54 - LArCalibL1Calo - INFO: searching for new runs from 104817 to 2147483647
2009-04-09 02:54 - LArCalibL1Calo - DEBUG:  No new valid run. Last known valid run still: 104816
2009-04-09 03:05 - LArCalibL1Calo - INFO: ===> listening for new valid runs <===
2009-04-09 03:05 - LArCalibL1Calo - DEBUG: initialising coolRunLister
2009-04-09 03:05 - LArCalibL1Calo - DEBUG: applying selections to coolRunLister
2009-04-09 03:05 - LArCalibL1Calo - INFO: last valid run: 104816
2009-04-09 03:05 - LArCalibL1Calo - INFO: searching for new runs from 104817 to 2147483647
2009-04-09 03:05 - LArCalibL1Calo - DEBUG:  No new valid run. Last known valid run still: 104816
2009-04-09 03:15 - LArCalibL1Calo - INFO: ===> listening for new valid runs <===
2009-04-09 03:15 - LArCalibL1Calo - DEBUG: initialising coolRunLister
2009-04-09 03:15 - LArCalibL1Calo - DEBUG: applying selections to coolRunLister
2009-04-09 03:15 - LArCalibL1Calo - INFO: last valid run: 104816
2009-04-09 03:15 - LArCalibL1Calo - INFO: searching for new runs from 104817 to 2147483647
2009-04-09 03:15 - LArCalibL1Calo - DEBUG:  No new valid run. Last known valid run still: 104816
2009-04-09 03:25 - LArCalibL1Calo - INFO: ===> listening for new valid runs <===
2009-04-09 03:25 - LArCalibL1Calo - DEBUG: initialising coolRunLister
2009-04-09 03:25 - LArCalibL1Calo - DEBUG: applying selections to coolRunLister
2009-04-09 03:25 - LArCalibL1Calo - INFO: last valid run: 104816
2009-04-09 03:25 - LArCalibL1Calo - INFO: searching for new runs from 104817 to 2147483647
2009-04-09 03:25 - LArCalibL1Calo - DEBUG:  No new valid run. Last known valid run still: 104816
2009-04-09 03:35 - LArCalibL1Calo - INFO: ===> listening for new valid runs <===
2009-04-09 03:35 - LArCalibL1Calo - DEBUG: initialising coolRunLister
2009-04-09 03:35 - LArCalibL1Calo - DEBUG: applying selections to coolRunLister
2009-04-09 03:35 - LArCalibL1Calo - INFO: last valid run: 104816
2009-04-09 03:35 - LArCalibL1Calo - INFO: searching for new runs from 104817 to 2147483647
2009-04-09 03:35 - LArCalibL1Calo - DEBUG:  No new valid run. Last known valid run still: 104816
2009-04-09 03:46 - LArCalibL1Calo - INFO: ===> listening for new valid runs <===
2009-04-09 03:46 - LArCalibL1Calo - DEBUG: initialising coolRunLister
2009-04-09 03:46 - LArCalibL1Calo - DEBUG: applying selections to coolRunLister
2009-04-09 03:46 - LArCalibL1Calo - INFO: last valid run: 104816
2009-04-09 03:46 - LArCalibL1Calo - INFO: searching for new runs from 104817 to 2147483647
2009-04-09 03:46 - LArCalibL1Calo - DEBUG:  No new valid run. Last known valid run still: 104816
2009-04-09 03:56 - LArCalibL1Calo - INFO: ===> listening for new valid runs <===
2009-04-09 03:56 - LArCalibL1Calo - DEBUG: initialising coolRunLister
2009-04-09 03:56 - LArCalibL1Calo - DEBUG: applying selections to coolRunLister
2009-04-09 03:56 - LArCalibL1Calo - INFO: last valid run: 104816
2009-04-09 03:56 - LArCalibL1Calo - INFO: searching for new runs from 104817 to 2147483647
2009-04-09 03:56 - LArCalibL1Calo - DEBUG:  No new valid run. Last known valid run still: 104816
2009-04-09 04:06 - LArCalibL1Calo - INFO: ===> listening for new valid runs <===
2009-04-09 04:06 - LArCalibL1Calo - DEBUG: initialising coolRunLister
2009-04-09 04:06 - LArCalibL1Calo - DEBUG: applying selections to coolRunLister
2009-04-09 04:06 - LArCalibL1Calo - INFO: last valid run: 104816
2009-04-09 04:06 - LArCalibL1Calo - INFO: searching for new runs from 104817 to 2147483647
2009-04-09 04:06 - LArCalibL1Calo - DEBUG:  No new valid run. Last known valid run still: 104816
2009-04-09 04:16 - LArCalibL1Calo - INFO: ===> listening for new valid runs <===
2009-04-09 04:16 - LArCalibL1Calo - DEBUG: initialising coolRunLister
2009-04-09 04:16 - LArCalibL1Calo - DEBUG: applying selections to coolRunLister
2009-04-09 04:16 - LArCalibL1Calo - INFO: last valid run: 104816
2009-04-09 04:16 - LArCalibL1Calo - INFO: searching for new runs from 104817 to 2147483647
2009-04-09 04:16 - LArCalibL1Calo - DEBUG:  No new valid run. Last known valid run still: 104816
2009-04-09 04:26 - LArCalibL1Calo - INFO: ===> listening for new valid runs <===
2009-04-09 04:26 - LArCalibL1Calo - DEBUG: initialising coolRunLister
2009-04-09 04:26 - LArCalibL1Calo - DEBUG: applying selections to coolRunLister
2009-04-09 04:26 - LArCalibL1Calo - INFO: last valid run: 104816
2009-04-09 04:26 - LArCalibL1Calo - INFO: searching for new runs from 104817 to 2147483647
2009-04-09 04:26 - LArCalibL1Calo - DEBUG:  No new valid run. Last known valid run still: 104816
2009-04-09 04:37 - LArCalibL1Calo - INFO: ===> listening for new valid runs <===
2009-04-09 04:37 - LArCalibL1Calo - DEBUG: initialising coolRunLister
2009-04-09 04:37 - LArCalibL1Calo - DEBUG: applying selections to coolRunLister
2009-04-09 04:37 - LArCalibL1Calo - INFO: last valid run: 104816
2009-04-09 04:37 - LArCalibL1Calo - INFO: searching for new runs from 104817 to 2147483647
2009-04-09 04:37 - LArCalibL1Calo - DEBUG:  No new valid run. Last known valid run still: 104816
2009-04-09 04:47 - LArCalibL1Calo - INFO: ===> listening for new valid runs <===
2009-04-09 04:47 - LArCalibL1Calo - DEBUG: initialising coolRunLister
2009-04-09 04:47 - LArCalibL1Calo - DEBUG: applying selections to coolRunLister
2009-04-09 04:47 - LArCalibL1Calo - INFO: last valid run: 104816
2009-04-09 04:47 - LArCalibL1Calo - INFO: searching for new runs from 104817 to 2147483647
2009-04-09 04:47 - LArCalibL1Calo - DEBUG:  No new valid run. Last known valid run still: 104816
2009-04-09 04:57 - LArCalibL1Calo - INFO: ===> listening for new valid runs <===
2009-04-09 04:57 - LArCalibL1Calo - DEBUG: initialising coolRunLister
2009-04-09 04:57 - LArCalibL1Calo - DEBUG: applying selections to coolRunLister
2009-04-09 04:57 - LArCalibL1Calo - INFO: last valid run: 104816
2009-04-09 04:57 - LArCalibL1Calo - INFO: searching for new runs from 104817 to 2147483647
2009-04-09 04:57 - LArCalibL1Calo - DEBUG:  No new valid run. Last known valid run still: 104816
2009-04-09 05:07 - LArCalibL1Calo - INFO: ===> listening for new valid runs <===
2009-04-09 05:07 - LArCalibL1Calo - DEBUG: initialising coolRunLister
2009-04-09 05:07 - LArCalibL1Calo - DEBUG: applying selections to coolRunLister
2009-04-09 05:07 - LArCalibL1Calo - INFO: last valid run: 104816
2009-04-09 05:07 - LArCalibL1Calo - INFO: searching for new runs from 104817 to 2147483647
2009-04-09 05:07 - LArCalibL1Calo - DEBUG:  No new valid run. Last known valid run still: 104816
2009-04-09 05:18 - LArCalibL1Calo - INFO: ===> listening for new valid runs <===
2009-04-09 05:18 - LArCalibL1Calo - DEBUG: initialising coolRunLister
2009-04-09 05:18 - LArCalibL1Calo - DEBUG: applying selections to coolRunLister
2009-04-09 05:18 - LArCalibL1Calo - INFO: last valid run: 104816
2009-04-09 05:18 - LArCalibL1Calo - INFO: searching for new runs from 104817 to 2147483647
2009-04-09 05:18 - LArCalibL1Calo - DEBUG:  No new valid run. Last known valid run still: 104816
2009-04-09 05:28 - LArCalibL1Calo - INFO: ===> listening for new valid runs <===
2009-04-09 05:28 - LArCalibL1Calo - DEBUG: initialising coolRunLister
2009-04-09 05:28 - LArCalibL1Calo - DEBUG: applying selections to coolRunLister
2009-04-09 05:28 - LArCalibL1Calo - INFO: last valid run: 104816
2009-04-09 05:28 - LArCalibL1Calo - INFO: searching for new runs from 104817 to 2147483647
2009-04-09 05:28 - LArCalibL1Calo - DEBUG:  No new valid run. Last known valid run still: 104816
2009-04-09 05:38 - LArCalibL1Calo - INFO: ===> listening for new valid runs <===
2009-04-09 05:38 - LArCalibL1Calo - DEBUG: initialising coolRunLister
2009-04-09 05:38 - LArCalibL1Calo - DEBUG: applying selections to coolRunLister
2009-04-09 05:38 - LArCalibL1Calo - INFO: last valid run: 104816
2009-04-09 05:38 - LArCalibL1Calo - INFO: searching for new runs from 104817 to 2147483647
2009-04-09 05:38 - LArCalibL1Calo - DEBUG:  No new valid run. Last known valid run still: 104816
2009-04-09 05:48 - LArCalibL1Calo - INFO: ===> listening for new valid runs <===
2009-04-09 05:48 - LArCalibL1Calo - DEBUG: initialising coolRunLister
2009-04-09 05:48 - LArCalibL1Calo - DEBUG: applying selections to coolRunLister
2009-04-09 05:48 - LArCalibL1Calo - INFO: last valid run: 104816
2009-04-09 05:48 - LArCalibL1Calo - INFO: searching for new runs from 104817 to 2147483647
2009-04-09 05:48 - LArCalibL1Calo - DEBUG:  No new valid run. Last known valid run still: 104816
2009-04-09 05:59 - LArCalibL1Calo - INFO: ===> listening for new valid runs <===
2009-04-09 05:59 - LArCalibL1Calo - DEBUG: initialising coolRunLister
2009-04-09 05:59 - LArCalibL1Calo - DEBUG: applying selections to coolRunLister
2009-04-09 05:59 - LArCalibL1Calo - INFO: last valid run: 104816
2009-04-09 05:59 - LArCalibL1Calo - INFO: searching for new runs from 104817 to 2147483647
2009-04-09 05:59 - LArCalibL1Calo - DEBUG:  No new valid run. Last known valid run still: 104816
2009-04-09 06:09 - LArCalibL1Calo - INFO: ===> listening for new valid runs <===
2009-04-09 06:09 - LArCalibL1Calo - DEBUG: initialising coolRunLister
2009-04-09 06:09 - LArCalibL1Calo - DEBUG: applying selections to coolRunLister
2009-04-09 06:09 - LArCalibL1Calo - INFO: last valid run: 104816
2009-04-09 06:09 - LArCalibL1Calo - INFO: searching for new runs from 104817 to 2147483647
2009-04-09 06:09 - LArCalibL1Calo - DEBUG:  No new valid run. Last known valid run still: 104816
2009-04-09 06:19 - LArCalibL1Calo - INFO: ===> listening for new valid runs <===
2009-04-09 06:19 - LArCalibL1Calo - DEBUG: initialising coolRunLister
2009-04-09 06:19 - LArCalibL1Calo - DEBUG: applying selections to coolRunLister
2009-04-09 06:19 - LArCalibL1Calo - INFO: last valid run: 104816
2009-04-09 06:19 - LArCalibL1Calo - INFO: searching for new runs from 104817 to 2147483647
2009-04-09 06:19 - LArCalibL1Calo - DEBUG:  No new valid run. Last known valid run still: 104816
2009-04-09 06:29 - LArCalibL1Calo - INFO: ===> listening for new valid runs <===
2009-04-09 06:29 - LArCalibL1Calo - DEBUG: initialising coolRunLister
2009-04-09 06:29 - LArCalibL1Calo - DEBUG: applying selections to coolRunLister
2009-04-09 06:29 - LArCalibL1Calo - INFO: last valid run: 104816
2009-04-09 06:29 - LArCalibL1Calo - INFO: searching for new runs from 104817 to 2147483647
2009-04-09 06:29 - LArCalibL1Calo - DEBUG:  No new valid run. Last known valid run still: 104816
2009-04-09 06:39 - LArCalibL1Calo - INFO: ===> listening for new valid runs <===
2009-04-09 06:39 - LArCalibL1Calo - DEBUG: initialising coolRunLister
2009-04-09 06:39 - LArCalibL1Calo - DEBUG: applying selections to coolRunLister
2009-04-09 06:39 - LArCalibL1Calo - INFO: last valid run: 104816
2009-04-09 06:39 - LArCalibL1Calo - INFO: searching for new runs from 104817 to 2147483647
2009-04-09 06:40 - LArCalibL1Calo - DEBUG:  No new valid run. Last known valid run still: 104816
2009-04-09 06:50 - LArCalibL1Calo - INFO: ===> listening for new valid runs <===
2009-04-09 06:50 - LArCalibL1Calo - DEBUG: initialising coolRunLister
2009-04-09 06:50 - LArCalibL1Calo - DEBUG: applying selections to coolRunLister
2009-04-09 06:50 - LArCalibL1Calo - INFO: last valid run: 104816
2009-04-09 06:50 - LArCalibL1Calo - INFO: searching for new runs from 104817 to 2147483647
2009-04-09 06:50 - LArCalibL1Calo - DEBUG:  No new valid run. Last known valid run still: 104816
2009-04-09 07:00 - LArCalibL1Calo - INFO: ===> listening for new valid runs <===
2009-04-09 07:00 - LArCalibL1Calo - DEBUG: initialising coolRunLister
2009-04-09 07:00 - LArCalibL1Calo - DEBUG: applying selections to coolRunLister
2009-04-09 07:00 - LArCalibL1Calo - INFO: last valid run: 104816
2009-04-09 07:00 - LArCalibL1Calo - INFO: searching for new runs from 104817 to 2147483647
2009-04-09 07:00 - LArCalibL1Calo - DEBUG:  No new valid run. Last known valid run still: 104816
2009-04-09 07:10 - LArCalibL1Calo - INFO: ===> listening for new valid runs <===
2009-04-09 07:10 - LArCalibL1Calo - DEBUG: initialising coolRunLister
2009-04-09 07:10 - LArCalibL1Calo - DEBUG: applying selections to coolRunLister
2009-04-09 07:10 - LArCalibL1Calo - INFO: last valid run: 104816
2009-04-09 07:10 - LArCalibL1Calo - INFO: searching for new runs from 104817 to 2147483647
2009-04-09 07:10 - LArCalibL1Calo - DEBUG:  No new valid run. Last known valid run still: 104816
2009-04-09 07:20 - LArCalibL1Calo - INFO: ===> listening for new valid runs <===
2009-04-09 07:20 - LArCalibL1Calo - DEBUG: initialising coolRunLister
2009-04-09 07:20 - LArCalibL1Calo - DEBUG: applying selections to coolRunLister
2009-04-09 07:20 - LArCalibL1Calo - INFO: last valid run: 104816
2009-04-09 07:20 - LArCalibL1Calo - INFO: searching for new runs from 104817 to 2147483647
2009-04-09 07:20 - LArCalibL1Calo - DEBUG:  No new valid run. Last known valid run still: 104816
2009-04-09 07:31 - LArCalibL1Calo - INFO: ===> listening for new valid runs <===
2009-04-09 07:31 - LArCalibL1Calo - DEBUG: initialising coolRunLister
2009-04-09 07:31 - LArCalibL1Calo - DEBUG: applying selections to coolRunLister
2009-04-09 07:31 - LArCalibL1Calo - INFO: last valid run: 104816
2009-04-09 07:31 - LArCalibL1Calo - INFO: searching for new runs from 104817 to 2147483647
2009-04-09 07:31 - LArCalibL1Calo - DEBUG:  No new valid run. Last known valid run still: 104816
2009-04-09 07:41 - LArCalibL1Calo - INFO: ===> listening for new valid runs <===
2009-04-09 07:41 - LArCalibL1Calo - DEBUG: initialising coolRunLister
2009-04-09 07:41 - LArCalibL1Calo - DEBUG: applying selections to coolRunLister
2009-04-09 07:41 - LArCalibL1Calo - INFO: last valid run: 104816
2009-04-09 07:41 - LArCalibL1Calo - INFO: searching for new runs from 104817 to 2147483647
2009-04-09 07:41 - LArCalibL1Calo - DEBUG:  No new valid run. Last known valid run still: 104816
2009-04-09 07:51 - LArCalibL1Calo - INFO: ===> listening for new valid runs <===
2009-04-09 07:51 - LArCalibL1Calo - DEBUG: initialising coolRunLister
2009-04-09 07:51 - LArCalibL1Calo - DEBUG: applying selections to coolRunLister
2009-04-09 07:51 - LArCalibL1Calo - INFO: last valid run: 104816
2009-04-09 07:51 - LArCalibL1Calo - INFO: searching for new runs from 104817 to 2147483647
2009-04-09 07:51 - LArCalibL1Calo - DEBUG:  No new valid run. Last known valid run still: 104816
2009-04-09 08:01 - LArCalibL1Calo - INFO: ===> listening for new valid runs <===
2009-04-09 08:01 - LArCalibL1Calo - DEBUG: initialising coolRunLister
2009-04-09 08:01 - LArCalibL1Calo - DEBUG: applying selections to coolRunLister
2009-04-09 08:01 - LArCalibL1Calo - INFO: last valid run: 104816
2009-04-09 08:01 - LArCalibL1Calo - INFO: searching for new runs from 104817 to 2147483647
2009-04-09 08:01 - LArCalibL1Calo - DEBUG:  No new valid run. Last known valid run still: 104816
2009-04-09 08:12 - LArCalibL1Calo - INFO: ===> listening for new valid runs <===
2009-04-09 08:12 - LArCalibL1Calo - DEBUG: initialising coolRunLister
2009-04-09 08:12 - LArCalibL1Calo - DEBUG: applying selections to coolRunLister
2009-04-09 08:12 - LArCalibL1Calo - INFO: last valid run: 104816
2009-04-09 08:12 - LArCalibL1Calo - INFO: searching for new runs from 104817 to 2147483647
2009-04-09 08:12 - LArCalibL1Calo - DEBUG:  No new valid run. Last known valid run still: 104816
2009-04-09 08:22 - LArCalibL1Calo - INFO: ===> listening for new valid runs <===
2009-04-09 08:22 - LArCalibL1Calo - DEBUG: initialising coolRunLister
2009-04-09 08:22 - LArCalibL1Calo - DEBUG: applying selections to coolRunLister
2009-04-09 08:22 - LArCalibL1Calo - INFO: last valid run: 104816
2009-04-09 08:22 - LArCalibL1Calo - INFO: searching for new runs from 104817 to 2147483647
2009-04-09 08:22 - LArCalibL1Calo - DEBUG:  No new valid run. Last known valid run still: 104816
2009-04-09 08:32 - LArCalibL1Calo - INFO: ===> listening for new valid runs <===
2009-04-09 08:32 - LArCalibL1Calo - DEBUG: initialising coolRunLister
2009-04-09 08:32 - LArCalibL1Calo - DEBUG: applying selections to coolRunLister
2009-04-09 08:32 - LArCalibL1Calo - INFO: last valid run: 104816
2009-04-09 08:32 - LArCalibL1Calo - INFO: searching for new runs from 104817 to 2147483647
2009-04-09 08:32 - LArCalibL1Calo - DEBUG:  No new valid run. Last known valid run still: 104816
2009-04-09 08:42 - LArCalibL1Calo - INFO: ===> listening for new valid runs <===
2009-04-09 08:42 - LArCalibL1Calo - DEBUG: initialising coolRunLister
2009-04-09 08:42 - LArCalibL1Calo - DEBUG: applying selections to coolRunLister
2009-04-09 08:42 - LArCalibL1Calo - INFO: last valid run: 104816
2009-04-09 08:42 - LArCalibL1Calo - INFO: searching for new runs from 104817 to 2147483647
2009-04-09 08:42 - LArCalibL1Calo - DEBUG:  No new valid run. Last known valid run still: 104816
2009-04-09 08:53 - LArCalibL1Calo - INFO: ===> listening for new valid runs <===
2009-04-09 08:53 - LArCalibL1Calo - DEBUG: initialising coolRunLister
2009-04-09 08:53 - LArCalibL1Calo - DEBUG: applying selections to coolRunLister
2009-04-09 08:53 - LArCalibL1Calo - INFO: last valid run: 104816
2009-04-09 08:53 - LArCalibL1Calo - INFO: searching for new runs from 104817 to 2147483647
2009-04-09 08:53 - LArCalibL1Calo - DEBUG:  No new valid run. Last known valid run still: 104816
2009-04-09 09:03 - LArCalibL1Calo - INFO: ===> listening for new valid runs <===
2009-04-09 09:03 - LArCalibL1Calo - DEBUG: initialising coolRunLister
2009-04-09 09:03 - LArCalibL1Calo - DEBUG: applying selections to coolRunLister
2009-04-09 09:03 - LArCalibL1Calo - INFO: last valid run: 104816
2009-04-09 09:03 - LArCalibL1Calo - INFO: searching for new runs from 104817 to 2147483647
2009-04-09 09:03 - LArCalibL1Calo - DEBUG:  No new valid run. Last known valid run still: 104816
2009-04-09 09:13 - LArCalibL1Calo - INFO: ===> listening for new valid runs <===
2009-04-09 09:13 - LArCalibL1Calo - DEBUG: initialising coolRunLister
2009-04-09 09:13 - LArCalibL1Calo - DEBUG: applying selections to coolRunLister
2009-04-09 09:13 - LArCalibL1Calo - INFO: last valid run: 104816
2009-04-09 09:13 - LArCalibL1Calo - INFO: searching for new runs from 104817 to 2147483647
2009-04-09 09:13 - LArCalibL1Calo - DEBUG:  No new valid run. Last known valid run still: 104816
2009-04-09 09:23 - LArCalibL1Calo - INFO: ===> listening for new valid runs <===
2009-04-09 09:23 - LArCalibL1Calo - DEBUG: initialising coolRunLister
2009-04-09 09:23 - LArCalibL1Calo - DEBUG: applying selections to coolRunLister
2009-04-09 09:23 - LArCalibL1Calo - INFO: last valid run: 104816
2009-04-09 09:23 - LArCalibL1Calo - INFO: searching for new runs from 104817 to 2147483647
2009-04-09 09:23 - LArCalibL1Calo - DEBUG:  No new valid run. Last known valid run still: 104816
2009-04-09 09:33 - LArCalibL1Calo - INFO: ===> listening for new valid runs <===
2009-04-09 09:33 - LArCalibL1Calo - DEBUG: initialising coolRunLister
2009-04-09 09:33 - LArCalibL1Calo - DEBUG: applying selections to coolRunLister
2009-04-09 09:33 - LArCalibL1Calo - INFO: last valid run: 104816
2009-04-09 09:33 - LArCalibL1Calo - INFO: searching for new runs from 104817 to 2147483647
2009-04-09 09:34 - LArCalibL1Calo - DEBUG:  No new valid run. Last known valid run still: 104816
2009-04-09 09:44 - LArCalibL1Calo - INFO: ===> listening for new valid runs <===
2009-04-09 09:44 - LArCalibL1Calo - DEBUG: initialising coolRunLister
2009-04-09 09:44 - LArCalibL1Calo - DEBUG: applying selections to coolRunLister
2009-04-09 09:44 - LArCalibL1Calo - INFO: last valid run: 104816
2009-04-09 09:44 - LArCalibL1Calo - INFO: searching for new runs from 104817 to 2147483647
2009-04-09 09:44 - LArCalibL1Calo - DEBUG:  No new valid run. Last known valid run still: 104816
2009-04-09 09:54 - LArCalibL1Calo - INFO: ===> listening for new valid runs <===
2009-04-09 09:54 - LArCalibL1Calo - DEBUG: initialising coolRunLister
2009-04-09 09:54 - LArCalibL1Calo - DEBUG: applying selections to coolRunLister
2009-04-09 09:54 - LArCalibL1Calo - INFO: last valid run: 104816
2009-04-09 09:54 - LArCalibL1Calo - INFO: searching for new runs from 104817 to 2147483647
2009-04-09 09:54 - LArCalibL1Calo - DEBUG:  No new valid run. Last known valid run still: 104816
2009-04-09 10:04 - LArCalibL1Calo - INFO: ===> listening for new valid runs <===
2009-04-09 10:04 - LArCalibL1Calo - DEBUG: initialising coolRunLister
2009-04-09 10:04 - LArCalibL1Calo - DEBUG: applying selections to coolRunLister
2009-04-09 10:04 - LArCalibL1Calo - INFO: last valid run: 104816
2009-04-09 10:04 - LArCalibL1Calo - INFO: searching for new runs from 104817 to 2147483647
2009-04-09 10:04 - LArCalibL1Calo - DEBUG:  No new valid run. Last known valid run still: 104816
2009-04-09 10:14 - LArCalibL1Calo - INFO: ===> listening for new valid runs <===
2009-04-09 10:14 - LArCalibL1Calo - DEBUG: initialising coolRunLister
2009-04-09 10:14 - LArCalibL1Calo - DEBUG: applying selections to coolRunLister
2009-04-09 10:14 - LArCalibL1Calo - INFO: last valid run: 104816
2009-04-09 10:14 - LArCalibL1Calo - INFO: searching for new runs from 104817 to 2147483647
2009-04-09 10:14 - LArCalibL1Calo - DEBUG:  No new valid run. Last known valid run still: 104816
2009-04-09 10:25 - LArCalibL1Calo - INFO: ===> listening for new valid runs <===
2009-04-09 10:25 - LArCalibL1Calo - DEBUG: initialising coolRunLister
2009-04-09 10:25 - LArCalibL1Calo - DEBUG: applying selections to coolRunLister
2009-04-09 10:25 - LArCalibL1Calo - INFO: last valid run: 104816
2009-04-09 10:25 - LArCalibL1Calo - INFO: searching for new runs from 104817 to 2147483647
2009-04-09 10:25 - LArCalibL1Calo - DEBUG:  No new valid run. Last known valid run still: 104816
2009-04-09 10:35 - LArCalibL1Calo - INFO: ===> listening for new valid runs <===
2009-04-09 10:35 - LArCalibL1Calo - DEBUG: initialising coolRunLister
2009-04-09 10:35 - LArCalibL1Calo - DEBUG: applying selections to coolRunLister
2009-04-09 10:35 - LArCalibL1Calo - INFO: last valid run: 104816
2009-04-09 10:35 - LArCalibL1Calo - INFO: searching for new runs from 104817 to 2147483647
2009-04-09 10:35 - LArCalibL1Calo - DEBUG:  No new valid run. Last known valid run still: 104816
2009-04-09 10:45 - LArCalibL1Calo - INFO: ===> listening for new valid runs <===
2009-04-09 10:45 - LArCalibL1Calo - DEBUG: initialising coolRunLister
2009-04-09 10:45 - LArCalibL1Calo - DEBUG: applying selections to coolRunLister
2009-04-09 10:45 - LArCalibL1Calo - INFO: last valid run: 104816
2009-04-09 10:45 - LArCalibL1Calo - INFO: searching for new runs from 104817 to 2147483647
2009-04-09 10:45 - LArCalibL1Calo - DEBUG:  No new valid run. Last known valid run still: 104816
2009-04-09 10:55 - LArCalibL1Calo - INFO: ===> listening for new valid runs <===
2009-04-09 10:55 - LArCalibL1Calo - DEBUG: initialising coolRunLister
2009-04-09 10:55 - LArCalibL1Calo - DEBUG: applying selections to coolRunLister
2009-04-09 10:55 - LArCalibL1Calo - INFO: last valid run: 104816
2009-04-09 10:55 - LArCalibL1Calo - INFO: searching for new runs from 104817 to 2147483647
2009-04-09 10:55 - LArCalibL1Calo - DEBUG:  No new valid run. Last known valid run still: 104816
2009-04-09 11:06 - LArCalibL1Calo - INFO: ===> listening for new valid runs <===
2009-04-09 11:06 - LArCalibL1Calo - DEBUG: initialising coolRunLister
2009-04-09 11:06 - LArCalibL1Calo - DEBUG: applying selections to coolRunLister
2009-04-09 11:06 - LArCalibL1Calo - INFO: last valid run: 104816
2009-04-09 11:06 - LArCalibL1Calo - INFO: searching for new runs from 104817 to 2147483647
2009-04-09 11:06 - LArCalibL1Calo - DEBUG:  No new valid run. Last known valid run still: 104816
2009-04-09 11:16 - LArCalibL1Calo - INFO: ===> listening for new valid runs <===
2009-04-09 11:16 - LArCalibL1Calo - DEBUG: initialising coolRunLister
2009-04-09 11:16 - LArCalibL1Calo - DEBUG: applying selections to coolRunLister
2009-04-09 11:16 - LArCalibL1Calo - INFO: last valid run: 104816
2009-04-09 11:16 - LArCalibL1Calo - INFO: searching for new runs from 104817 to 2147483647
2009-04-09 11:16 - LArCalibL1Calo - DEBUG:  No new valid run. Last known valid run still: 104816
2009-04-09 11:26 - LArCalibL1Calo - INFO: ===> listening for new valid runs <===
2009-04-09 11:26 - LArCalibL1Calo - DEBUG: initialising coolRunLister
2009-04-09 11:26 - LArCalibL1Calo - DEBUG: applying selections to coolRunLister
2009-04-09 11:26 - LArCalibL1Calo - INFO: last valid run: 104816
2009-04-09 11:26 - LArCalibL1Calo - INFO: searching for new runs from 104817 to 2147483647
2009-04-09 11:26 - LArCalibL1Calo - DEBUG:  No new valid run. Last known valid run still: 104816
2009-04-09 11:36 - LArCalibL1Calo - INFO: ===> listening for new valid runs <===
2009-04-09 11:36 - LArCalibL1Calo - DEBUG: initialising coolRunLister
2009-04-09 11:36 - LArCalibL1Calo - DEBUG: applying selections to coolRunLister
2009-04-09 11:36 - LArCalibL1Calo - INFO: last valid run: 104816
2009-04-09 11:36 - LArCalibL1Calo - INFO: searching for new runs from 104817 to 2147483647
2009-04-09 11:36 - LArCalibL1Calo - DEBUG:  No new valid run. Last known valid run still: 104816
2009-04-09 11:47 - LArCalibL1Calo - INFO: ===> listening for new valid runs <===
2009-04-09 11:47 - LArCalibL1Calo - DEBUG: initialising coolRunLister
2009-04-09 11:47 - LArCalibL1Calo - DEBUG: applying selections to coolRunLister
2009-04-09 11:47 - LArCalibL1Calo - INFO: last valid run: 104816
2009-04-09 11:47 - LArCalibL1Calo - INFO: searching for new runs from 104817 to 2147483647
2009-04-09 11:47 - LArCalibL1Calo - DEBUG:  No new valid run. Last known valid run still: 104816
2009-04-09 11:57 - LArCalibL1Calo - INFO: ===> listening for new valid runs <===
2009-04-09 11:57 - LArCalibL1Calo - DEBUG: initialising coolRunLister
2009-04-09 11:57 - LArCalibL1Calo - DEBUG: applying selections to coolRunLister
2009-04-09 11:57 - LArCalibL1Calo - INFO: last valid run: 104816
2009-04-09 11:57 - LArCalibL1Calo - INFO: searching for new runs from 104817 to 2147483647
2009-04-09 11:57 - LArCalibL1Calo - DEBUG:  No new valid run. Last known valid run still: 104816
2009-04-09 12:07 - LArCalibL1Calo - INFO: ===> listening for new valid runs <===
2009-04-09 12:07 - LArCalibL1Calo - DEBUG: initialising coolRunLister
2009-04-09 12:07 - LArCalibL1Calo - DEBUG: applying selections to coolRunLister
2009-04-09 12:07 - LArCalibL1Calo - INFO: last valid run: 104816
2009-04-09 12:07 - LArCalibL1Calo - INFO: searching for new runs from 104817 to 2147483647
2009-04-09 12:07 - LArCalibL1Calo - DEBUG:  No new valid run. Last known valid run still: 104816
2009-04-09 12:17 - LArCalibL1Calo - INFO: ===> listening for new valid runs <===
2009-04-09 12:17 - LArCalibL1Calo - DEBUG: initialising coolRunLister
2009-04-09 12:17 - LArCalibL1Calo - DEBUG: applying selections to coolRunLister
2009-04-09 12:17 - LArCalibL1Calo - INFO: last valid run: 104816
2009-04-09 12:17 - LArCalibL1Calo - INFO: searching for new runs from 104817 to 2147483647
2009-04-09 12:17 - LArCalibL1Calo - DEBUG:  No new valid run. Last known valid run still: 104816
2009-04-09 12:28 - LArCalibL1Calo - INFO: ===> listening for new valid runs <===
2009-04-09 12:28 - LArCalibL1Calo - DEBUG: initialising coolRunLister
2009-04-09 12:28 - LArCalibL1Calo - DEBUG: applying selections to coolRunLister
2009-04-09 12:28 - LArCalibL1Calo - INFO: last valid run: 104816
2009-04-09 12:28 - LArCalibL1Calo - INFO: searching for new runs from 104817 to 2147483647
2009-04-09 12:28 - LArCalibL1Calo - DEBUG:  No new valid run. Last known valid run still: 104816
2009-04-09 12:38 - LArCalibL1Calo - INFO: ===> listening for new valid runs <===
2009-04-09 12:38 - LArCalibL1Calo - DEBUG: initialising coolRunLister
2009-04-09 12:38 - LArCalibL1Calo - DEBUG: applying selections to coolRunLister
2009-04-09 12:38 - LArCalibL1Calo - INFO: last valid run: 104816
2009-04-09 12:38 - LArCalibL1Calo - INFO: searching for new runs from 104817 to 2147483647
2009-04-09 12:38 - LArCalibL1Calo - DEBUG:  No new valid run. Last known valid run still: 104816
2009-04-09 12:48 - LArCalibL1Calo - INFO: ===> listening for new valid runs <===
2009-04-09 12:48 - LArCalibL1Calo - DEBUG: initialising coolRunLister
2009-04-09 12:48 - LArCalibL1Calo - DEBUG: applying selections to coolRunLister
2009-04-09 12:48 - LArCalibL1Calo - INFO: last valid run: 104816
2009-04-09 12:48 - LArCalibL1Calo - INFO: searching for new runs from 104817 to 2147483647
2009-04-09 12:48 - LArCalibL1Calo - DEBUG:  No new valid run. Last known valid run still: 104816
2009-04-09 12:58 - LArCalibL1Calo - INFO: ===> listening for new valid runs <===
2009-04-09 12:58 - LArCalibL1Calo - DEBUG: initialising coolRunLister
2009-04-09 12:58 - LArCalibL1Calo - DEBUG: applying selections to coolRunLister
2009-04-09 12:58 - LArCalibL1Calo - INFO: last valid run: 104816
2009-04-09 12:58 - LArCalibL1Calo - INFO: searching for new runs from 104817 to 2147483647
2009-04-09 12:59 - LArCalibL1Calo - DEBUG:  No new valid run. Last known valid run still: 104816
2009-04-09 13:09 - LArCalibL1Calo - INFO: ===> listening for new valid runs <===
2009-04-09 13:09 - LArCalibL1Calo - DEBUG: initialising coolRunLister
2009-04-09 13:09 - LArCalibL1Calo - DEBUG: applying selections to coolRunLister
2009-04-09 13:09 - LArCalibL1Calo - INFO: last valid run: 104816
2009-04-09 13:09 - LArCalibL1Calo - INFO: searching for new runs from 104817 to 2147483647
2009-04-09 13:09 - LArCalibL1Calo - DEBUG:  No new valid run. Last known valid run still: 104816
2009-04-09 13:19 - LArCalibL1Calo - INFO: ===> listening for new valid runs <===
2009-04-09 13:19 - LArCalibL1Calo - DEBUG: initialising coolRunLister
2009-04-09 13:19 - LArCalibL1Calo - DEBUG: applying selections to coolRunLister
2009-04-09 13:19 - LArCalibL1Calo - INFO: last valid run: 104816
2009-04-09 13:19 - LArCalibL1Calo - INFO: searching for new runs from 104817 to 2147483647
2009-04-09 13:19 - LArCalibL1Calo - DEBUG:  No new valid run. Last known valid run still: 104816
2009-04-09 13:29 - LArCalibL1Calo - INFO: ===> listening for new valid runs <===
2009-04-09 13:29 - LArCalibL1Calo - DEBUG: initialising coolRunLister
2009-04-09 13:29 - LArCalibL1Calo - DEBUG: applying selections to coolRunLister
2009-04-09 13:29 - LArCalibL1Calo - INFO: last valid run: 104816
2009-04-09 13:29 - LArCalibL1Calo - INFO: searching for new runs from 104817 to 2147483647
2009-04-09 13:29 - LArCalibL1Calo - DEBUG:  No new valid run. Last known valid run still: 104816
2009-04-09 13:40 - LArCalibL1Calo - INFO: ===> listening for new valid runs <===
2009-04-09 13:40 - LArCalibL1Calo - DEBUG: initialising coolRunLister
2009-04-09 13:40 - LArCalibL1Calo - DEBUG: applying selections to coolRunLister
2009-04-09 13:40 - LArCalibL1Calo - INFO: last valid run: 104816
2009-04-09 13:40 - LArCalibL1Calo - INFO: searching for new runs from 104817 to 2147483647
2009-04-09 13:40 - LArCalibL1Calo - DEBUG:  No new valid run. Last known valid run still: 104816
2009-04-09 13:50 - LArCalibL1Calo - INFO: ===> listening for new valid runs <===
2009-04-09 13:50 - LArCalibL1Calo - DEBUG: initialising coolRunLister
2009-04-09 13:50 - LArCalibL1Calo - DEBUG: applying selections to coolRunLister
2009-04-09 13:50 - LArCalibL1Calo - INFO: last valid run: 104816
2009-04-09 13:50 - LArCalibL1Calo - INFO: searching for new runs from 104817 to 2147483647
2009-04-09 13:50 - LArCalibL1Calo - DEBUG:  No new valid run. Last known valid run still: 104816
2009-04-09 14:00 - LArCalibL1Calo - INFO: ===> listening for new valid runs <===
2009-04-09 14:00 - LArCalibL1Calo - DEBUG: initialising coolRunLister
2009-04-09 14:00 - LArCalibL1Calo - DEBUG: applying selections to coolRunLister
2009-04-09 14:00 - LArCalibL1Calo - INFO: last valid run: 104816
2009-04-09 14:00 - LArCalibL1Calo - INFO: searching for new runs from 104817 to 2147483647
2009-04-09 14:00 - LArCalibL1Calo - DEBUG:  No new valid run. Last known valid run still: 104816
2009-04-09 14:10 - LArCalibL1Calo - INFO: ===> listening for new valid runs <===
2009-04-09 14:10 - LArCalibL1Calo - DEBUG: initialising coolRunLister
2009-04-09 14:10 - LArCalibL1Calo - DEBUG: applying selections to coolRunLister
2009-04-09 14:10 - LArCalibL1Calo - INFO: last valid run: 104816
2009-04-09 14:10 - LArCalibL1Calo - INFO: searching for new runs from 104817 to 2147483647
2009-04-09 14:10 - LArCalibL1Calo - DEBUG:  No new valid run. Last known valid run still: 104816
2009-04-09 14:21 - LArCalibL1Calo - INFO: ===> listening for new valid runs <===
2009-04-09 14:21 - LArCalibL1Calo - DEBUG: initialising coolRunLister
2009-04-09 14:21 - LArCalibL1Calo - DEBUG: applying selections to coolRunLister
2009-04-09 14:21 - LArCalibL1Calo - INFO: last valid run: 104816
2009-04-09 14:21 - LArCalibL1Calo - INFO: searching for new runs from 104817 to 2147483647
2009-04-09 14:21 - LArCalibL1Calo - DEBUG:  No new valid run. Last known valid run still: 104816
2009-04-09 14:31 - LArCalibL1Calo - INFO: ===> listening for new valid runs <===
2009-04-09 14:31 - LArCalibL1Calo - DEBUG: initialising coolRunLister
2009-04-09 14:31 - LArCalibL1Calo - DEBUG: applying selections to coolRunLister
2009-04-09 14:31 - LArCalibL1Calo - INFO: last valid run: 104816
2009-04-09 14:31 - LArCalibL1Calo - INFO: searching for new runs from 104817 to 2147483647
2009-04-09 14:31 - LArCalibL1Calo - DEBUG:  No new valid run. Last known valid run still: 104816
2009-04-09 14:41 - LArCalibL1Calo - INFO: ===> listening for new valid runs <===
2009-04-09 14:41 - LArCalibL1Calo - DEBUG: initialising coolRunLister
2009-04-09 14:41 - LArCalibL1Calo - DEBUG: applying selections to coolRunLister
2009-04-09 14:41 - LArCalibL1Calo - INFO: last valid run: 104816
2009-04-09 14:41 - LArCalibL1Calo - INFO: searching for new runs from 104817 to 2147483647
2009-04-09 14:41 - LArCalibL1Calo - DEBUG:  No new valid run. Last known valid run still: 104816
2009-04-09 14:51 - LArCalibL1Calo - INFO: ===> listening for new valid runs <===
2009-04-09 14:51 - LArCalibL1Calo - DEBUG: initialising coolRunLister
2009-04-09 14:51 - LArCalibL1Calo - DEBUG: applying selections to coolRunLister
2009-04-09 14:51 - LArCalibL1Calo - INFO: last valid run: 104816
2009-04-09 14:51 - LArCalibL1Calo - INFO: searching for new runs from 104817 to 2147483647
2009-04-09 14:51 - LArCalibL1Calo - DEBUG:  No new valid run. Last known valid run still: 104816
2009-04-09 15:02 - LArCalibL1Calo - INFO: ===> listening for new valid runs <===
2009-04-09 15:02 - LArCalibL1Calo - DEBUG: initialising coolRunLister
2009-04-09 15:02 - LArCalibL1Calo - DEBUG: applying selections to coolRunLister
2009-04-09 15:02 - LArCalibL1Calo - INFO: last valid run: 104816
2009-04-09 15:02 - LArCalibL1Calo - INFO: searching for new runs from 104817 to 2147483647
2009-04-09 15:02 - LArCalibL1Calo - DEBUG:  No new valid run. Last known valid run still: 104816
2009-04-09 15:12 - LArCalibL1Calo - INFO: ===> listening for new valid runs <===
2009-04-09 15:12 - LArCalibL1Calo - DEBUG: initialising coolRunLister
2009-04-09 15:12 - LArCalibL1Calo - DEBUG: applying selections to coolRunLister
2009-04-09 15:12 - LArCalibL1Calo - INFO: last valid run: 104816
2009-04-09 15:12 - LArCalibL1Calo - INFO: searching for new runs from 104817 to 2147483647
2009-04-09 15:12 - LArCalibL1Calo - DEBUG:  No new valid run. Last known valid run still: 104816
2009-04-09 15:22 - LArCalibL1Calo - INFO: ===> listening for new valid runs <===
2009-04-09 15:22 - LArCalibL1Calo - DEBUG: initialising coolRunLister
2009-04-09 15:22 - LArCalibL1Calo - DEBUG: applying selections to coolRunLister
2009-04-09 15:22 - LArCalibL1Calo - INFO: last valid run: 104816
2009-04-09 15:22 - LArCalibL1Calo - INFO: searching for new runs from 104817 to 2147483647
2009-04-09 15:22 - LArCalibL1Calo - DEBUG:  No new valid run. Last known valid run still: 104816
2009-04-09 15:32 - LArCalibL1Calo - INFO: ===> listening for new valid runs <===
2009-04-09 15:32 - LArCalibL1Calo - DEBUG: initialising coolRunLister
2009-04-09 15:32 - LArCalibL1Calo - DEBUG: applying selections to coolRunLister
2009-04-09 15:32 - LArCalibL1Calo - INFO: last valid run: 104816
2009-04-09 15:32 - LArCalibL1Calo - INFO: searching for new runs from 104817 to 2147483647
2009-04-09 15:32 - LArCalibL1Calo - DEBUG:  No new valid run. Last known valid run still: 104816
2009-04-09 15:43 - LArCalibL1Calo - INFO: ===> listening for new valid runs <===
2009-04-09 15:43 - LArCalibL1Calo - DEBUG: initialising coolRunLister
2009-04-09 15:43 - LArCalibL1Calo - DEBUG: applying selections to coolRunLister
2009-04-09 15:43 - LArCalibL1Calo - INFO: last valid run: 104816
2009-04-09 15:43 - LArCalibL1Calo - INFO: searching for new runs from 104817 to 2147483647
2009-04-09 15:43 - LArCalibL1Calo - DEBUG:  No new valid run. Last known valid run still: 104816
2009-04-09 15:53 - LArCalibL1Calo - INFO: ===> listening for new valid runs <===
2009-04-09 15:53 - LArCalibL1Calo - DEBUG: initialising coolRunLister
2009-04-09 15:53 - LArCalibL1Calo - DEBUG: applying selections to coolRunLister
2009-04-09 15:53 - LArCalibL1Calo - INFO: last valid run: 104816
2009-04-09 15:53 - LArCalibL1Calo - INFO: searching for new runs from 104817 to 2147483647
2009-04-09 15:53 - LArCalibL1Calo - DEBUG:  No new valid run. Last known valid run still: 104816
2009-04-09 16:03 - LArCalibL1Calo - INFO: ===> listening for new valid runs <===
2009-04-09 16:03 - LArCalibL1Calo - DEBUG: initialising coolRunLister
2009-04-09 16:03 - LArCalibL1Calo - DEBUG: applying selections to coolRunLister
2009-04-09 16:03 - LArCalibL1Calo - INFO: last valid run: 104816
2009-04-09 16:03 - LArCalibL1Calo - INFO: searching for new runs from 104817 to 2147483647
2009-04-09 16:03 - LArCalibL1Calo - DEBUG:  No new valid run. Last known valid run still: 104816
2009-04-09 16:13 - LArCalibL1Calo - INFO: ===> listening for new valid runs <===
2009-04-09 16:13 - LArCalibL1Calo - DEBUG: initialising coolRunLister
2009-04-09 16:13 - LArCalibL1Calo - DEBUG: applying selections to coolRunLister
2009-04-09 16:13 - LArCalibL1Calo - INFO: last valid run: 104816
2009-04-09 16:13 - LArCalibL1Calo - INFO: searching for new runs from 104817 to 2147483647
2009-04-09 16:13 - LArCalibL1Calo - DEBUG:  No new valid run. Last known valid run still: 104816
2009-04-09 16:24 - LArCalibL1Calo - INFO: ===> listening for new valid runs <===
2009-04-09 16:24 - LArCalibL1Calo - DEBUG: initialising coolRunLister
2009-04-09 16:24 - LArCalibL1Calo - DEBUG: applying selections to coolRunLister
2009-04-09 16:24 - LArCalibL1Calo - INFO: last valid run: 104816
2009-04-09 16:24 - LArCalibL1Calo - INFO: searching for new runs from 104817 to 2147483647
2009-04-09 16:24 - LArCalibL1Calo - DEBUG:  No new valid run. Last known valid run still: 104816
2009-04-09 16:34 - LArCalibL1Calo - INFO: ===> listening for new valid runs <===
2009-04-09 16:34 - LArCalibL1Calo - DEBUG: initialising coolRunLister
2009-04-09 16:34 - LArCalibL1Calo - DEBUG: applying selections to coolRunLister
2009-04-09 16:34 - LArCalibL1Calo - INFO: last valid run: 104816
2009-04-09 16:34 - LArCalibL1Calo - INFO: searching for new runs from 104817 to 2147483647
2009-04-09 16:34 - LArCalibL1Calo - DEBUG:  No new valid run. Last known valid run still: 104816
2009-04-09 16:44 - LArCalibL1Calo - INFO: ===> listening for new valid runs <===
2009-04-09 16:44 - LArCalibL1Calo - DEBUG: initialising coolRunLister
2009-04-09 16:44 - LArCalibL1Calo - DEBUG: applying selections to coolRunLister
2009-04-09 16:44 - LArCalibL1Calo - INFO: last valid run: 104816
2009-04-09 16:44 - LArCalibL1Calo - INFO: searching for new runs from 104817 to 2147483647
2009-04-09 16:44 - LArCalibL1Calo - DEBUG:  No new valid run. Last known valid run still: 104816
2009-04-09 16:54 - LArCalibL1Calo - INFO: ===> listening for new valid runs <===
2009-04-09 16:54 - LArCalibL1Calo - DEBUG: initialising coolRunLister
2009-04-09 16:54 - LArCalibL1Calo - DEBUG: applying selections to coolRunLister
2009-04-09 16:54 - LArCalibL1Calo - INFO: last valid run: 104816
2009-04-09 16:54 - LArCalibL1Calo - INFO: searching for new runs from 104817 to 2147483647
2009-04-09 16:54 - LArCalibL1Calo - DEBUG:  No new valid run. Last known valid run still: 104816
