2009-04-02 19:43 - L1CaloStandalone - INFO: ========================================
2009-04-02 19:43 - L1CaloStandalone - INFO: RunListener in init
2009-04-02 19:43 - L1CaloStandalone - INFO: RunListener initialized
2009-04-02 19:43 - L1CaloStandalone - INFO: ========================================
2009-04-02 19:43 - L1CaloStandalone - INFO: ===> from initRunListener <===
2009-04-02 19:43 - L1CaloStandalone - INFO: 
RunListener L1CaloStandaloneinitialised with the following parameters:
TDAQ DB: COOLONL_TDAQ/COMP200
TRIG DB: COOLONL_TRIGGER/COMP200
Status DB: COOLONL_TDAQ/COMP200
log level: 0
oracle: False
rec. only: True
det. mask: 0
run type: Physics
det. status: 2
det. status tag: HEAD
daq partition: L1CaloStandalone
tag: 
format: acertd
reverse: False
stoptimestamp: True
cleanstop: True
hasevents: True
last valid run known: 0

2009-04-02 19:53 - L1CaloStandalone - INFO: ===> listening for new valid runs <===
2009-04-02 19:53 - L1CaloStandalone - DEBUG: initialising coolRunLister
2009-04-02 19:53 - L1CaloStandalone - DEBUG: applying selections to coolRunLister
2009-04-02 19:53 - L1CaloStandalone - INFO: last valid run: 104000
2009-04-02 19:53 - L1CaloStandalone - INFO: searching for new runs from 104001 to 2147483647
2009-04-02 19:53 - L1CaloStandalone - DEBUG: new last known run: 104823
2009-04-02 19:53 - L1CaloStandalone - DEBUG: 
     Run   Events  LumiB            StartTime             StopTime L1Events L2Events EFEvents ErrC Rec Cln RunType                  DetectorMask DAQConfiguration     PartitionName    FilenameTag         
  104172        0      1  2009-03-27:10:46:32  2009-03-27:10:46:54     1620        0        0    0  No Yes Physics                    7c00000000 Schema=127:Data=47   L1CaloStandalone l1calo              
     Run   Events  LumiB            StartTime             StopTime L1Events L2Events EFEvents ErrC Rec Cln RunType                  DetectorMask DAQConfiguration     PartitionName    FilenameTag         
  104178        0      1  2009-03-27:10:52:28  2009-03-27:10:55:12     1312        0        0    0  No Yes Physics                    7c00000000 Schema=127:Data=47   L1CaloStandalone l1calo              
     Run   Events  LumiB            StartTime             StopTime L1Events L2Events EFEvents ErrC Rec Cln RunType                  DetectorMask DAQConfiguration     PartitionName    FilenameTag         
  104681        0      1  2009-04-01:07:47:22  2009-04-01:07:48:11       65        0        0    0  No Yes Physics                    7c00000000 Schema=127:Data=103  L1CaloStandalone                     
     Run   Events  LumiB            StartTime             StopTime L1Events L2Events EFEvents ErrC Rec Cln RunType                  DetectorMask DAQConfiguration     PartitionName    FilenameTag         
  104683        0      1  2009-04-01:07:55:18  2009-04-01:07:56:43       64        0        0    0  No Yes Physics                    7c00000000 Schema=127:Data=47   L1CaloStandalone l1calo              
     Run   Events  LumiB            StartTime             StopTime L1Events L2Events EFEvents ErrC Rec Cln RunType                  DetectorMask DAQConfiguration     PartitionName    FilenameTag         
  104685        0      1  2009-04-01:08:07:20  2009-04-01:08:08:06       30        0        0    0  No Yes Physics                    3c00000000 Schema=127:Data=104  L1CaloStandalone l1calo              
     Run   Events  LumiB            StartTime             StopTime L1Events L2Events EFEvents ErrC Rec Cln RunType                  DetectorMask DAQConfiguration     PartitionName    FilenameTag         
  104700        0      1  2009-04-01:08:35:06  2009-04-01:08:37:55     1320        0        0    0  No Yes Physics                    2c00000000 Schema=127:Data=108  L1CaloStandalone l1calo              
     Run   Events  LumiB            StartTime             StopTime L1Events L2Events EFEvents ErrC Rec Cln RunType                  DetectorMask DAQConfiguration     PartitionName    FilenameTag         
  104823        0      1  2009-04-01:13:21:51  2009-04-01:13:23:54     1268        0        0    0  No Yes Physics                    6400000000 Schema=127:Data=122  L1CaloStandalone l1calo              

2009-04-02 20:04 - L1CaloStandalone - INFO: ===> listening for new valid runs <===
2009-04-02 20:04 - L1CaloStandalone - DEBUG: initialising coolRunLister
2009-04-02 20:04 - L1CaloStandalone - DEBUG: applying selections to coolRunLister
2009-04-02 20:04 - L1CaloStandalone - INFO: last valid run: 104823
2009-04-02 20:04 - L1CaloStandalone - INFO: searching for new runs from 104824 to 2147483647
2009-04-02 20:04 - L1CaloStandalone - DEBUG:  No new valid run. Last known valid run still: 104823
2009-04-02 20:14 - L1CaloStandalone - INFO: ===> listening for new valid runs <===
2009-04-02 20:14 - L1CaloStandalone - DEBUG: initialising coolRunLister
2009-04-02 20:14 - L1CaloStandalone - DEBUG: applying selections to coolRunLister
2009-04-02 20:14 - L1CaloStandalone - INFO: last valid run: 104823
2009-04-02 20:14 - L1CaloStandalone - INFO: searching for new runs from 104824 to 2147483647
2009-04-02 20:14 - L1CaloStandalone - DEBUG:  No new valid run. Last known valid run still: 104823
2009-04-02 20:24 - L1CaloStandalone - INFO: ===> listening for new valid runs <===
2009-04-02 20:24 - L1CaloStandalone - DEBUG: initialising coolRunLister
2009-04-02 20:24 - L1CaloStandalone - DEBUG: applying selections to coolRunLister
2009-04-02 20:24 - L1CaloStandalone - INFO: last valid run: 104823
2009-04-02 20:24 - L1CaloStandalone - INFO: searching for new runs from 104824 to 2147483647
2009-04-02 20:24 - L1CaloStandalone - DEBUG:  No new valid run. Last known valid run still: 104823
2009-04-02 20:34 - L1CaloStandalone - INFO: ===> listening for new valid runs <===
2009-04-02 20:34 - L1CaloStandalone - DEBUG: initialising coolRunLister
2009-04-02 20:34 - L1CaloStandalone - DEBUG: applying selections to coolRunLister
2009-04-02 20:34 - L1CaloStandalone - INFO: last valid run: 104823
2009-04-02 20:34 - L1CaloStandalone - INFO: searching for new runs from 104824 to 2147483647
2009-04-02 20:34 - L1CaloStandalone - DEBUG:  No new valid run. Last known valid run still: 104823
2009-04-02 20:44 - L1CaloStandalone - INFO: ===> listening for new valid runs <===
2009-04-02 20:44 - L1CaloStandalone - DEBUG: initialising coolRunLister
2009-04-02 20:44 - L1CaloStandalone - DEBUG: applying selections to coolRunLister
2009-04-02 20:44 - L1CaloStandalone - INFO: last valid run: 104823
2009-04-02 20:44 - L1CaloStandalone - INFO: searching for new runs from 104824 to 2147483647
2009-04-02 20:44 - L1CaloStandalone - DEBUG:  No new valid run. Last known valid run still: 104823
2009-04-02 20:54 - L1CaloStandalone - INFO: ===> listening for new valid runs <===
2009-04-02 20:54 - L1CaloStandalone - DEBUG: initialising coolRunLister
2009-04-02 20:54 - L1CaloStandalone - DEBUG: applying selections to coolRunLister
2009-04-02 20:54 - L1CaloStandalone - INFO: last valid run: 104823
2009-04-02 20:54 - L1CaloStandalone - INFO: searching for new runs from 104824 to 2147483647
2009-04-02 20:54 - L1CaloStandalone - DEBUG:  No new valid run. Last known valid run still: 104823
2009-04-02 21:04 - L1CaloStandalone - INFO: ===> listening for new valid runs <===
2009-04-02 21:04 - L1CaloStandalone - DEBUG: initialising coolRunLister
2009-04-02 21:04 - L1CaloStandalone - DEBUG: applying selections to coolRunLister
2009-04-02 21:04 - L1CaloStandalone - INFO: last valid run: 104823
2009-04-02 21:04 - L1CaloStandalone - INFO: searching for new runs from 104824 to 2147483647
2009-04-02 21:04 - L1CaloStandalone - DEBUG:  No new valid run. Last known valid run still: 104823
2009-04-02 21:15 - L1CaloStandalone - INFO: ===> listening for new valid runs <===
2009-04-02 21:15 - L1CaloStandalone - DEBUG: initialising coolRunLister
2009-04-02 21:15 - L1CaloStandalone - DEBUG: applying selections to coolRunLister
2009-04-02 21:15 - L1CaloStandalone - INFO: last valid run: 104823
2009-04-02 21:15 - L1CaloStandalone - INFO: searching for new runs from 104824 to 2147483647
2009-04-02 21:15 - L1CaloStandalone - DEBUG:  No new valid run. Last known valid run still: 104823
2009-04-02 21:25 - L1CaloStandalone - INFO: ===> listening for new valid runs <===
2009-04-02 21:25 - L1CaloStandalone - DEBUG: initialising coolRunLister
2009-04-02 21:25 - L1CaloStandalone - DEBUG: applying selections to coolRunLister
2009-04-02 21:25 - L1CaloStandalone - INFO: last valid run: 104823
2009-04-02 21:25 - L1CaloStandalone - INFO: searching for new runs from 104824 to 2147483647
2009-04-02 21:25 - L1CaloStandalone - DEBUG:  No new valid run. Last known valid run still: 104823
2009-04-02 21:35 - L1CaloStandalone - INFO: ===> listening for new valid runs <===
2009-04-02 21:35 - L1CaloStandalone - DEBUG: initialising coolRunLister
2009-04-02 21:35 - L1CaloStandalone - DEBUG: applying selections to coolRunLister
2009-04-02 21:35 - L1CaloStandalone - INFO: last valid run: 104823
2009-04-02 21:35 - L1CaloStandalone - INFO: searching for new runs from 104824 to 2147483647
2009-04-02 21:35 - L1CaloStandalone - DEBUG:  No new valid run. Last known valid run still: 104823
2009-04-02 21:45 - L1CaloStandalone - INFO: ===> listening for new valid runs <===
2009-04-02 21:45 - L1CaloStandalone - DEBUG: initialising coolRunLister
2009-04-02 21:45 - L1CaloStandalone - DEBUG: applying selections to coolRunLister
2009-04-02 21:45 - L1CaloStandalone - INFO: last valid run: 104823
2009-04-02 21:45 - L1CaloStandalone - INFO: searching for new runs from 104824 to 2147483647
2009-04-02 21:45 - L1CaloStandalone - DEBUG:  No new valid run. Last known valid run still: 104823
2009-04-02 21:55 - L1CaloStandalone - INFO: ===> listening for new valid runs <===
2009-04-02 21:55 - L1CaloStandalone - DEBUG: initialising coolRunLister
2009-04-02 21:55 - L1CaloStandalone - DEBUG: applying selections to coolRunLister
2009-04-02 21:55 - L1CaloStandalone - INFO: last valid run: 104823
2009-04-02 21:55 - L1CaloStandalone - INFO: searching for new runs from 104824 to 2147483647
2009-04-02 21:55 - L1CaloStandalone - DEBUG:  No new valid run. Last known valid run still: 104823
2009-04-02 22:05 - L1CaloStandalone - INFO: ===> listening for new valid runs <===
2009-04-02 22:05 - L1CaloStandalone - DEBUG: initialising coolRunLister
2009-04-02 22:05 - L1CaloStandalone - DEBUG: applying selections to coolRunLister
2009-04-02 22:05 - L1CaloStandalone - INFO: last valid run: 104823
2009-04-02 22:05 - L1CaloStandalone - INFO: searching for new runs from 104824 to 2147483647
2009-04-02 22:05 - L1CaloStandalone - DEBUG:  No new valid run. Last known valid run still: 104823
2009-04-02 22:15 - L1CaloStandalone - INFO: ===> listening for new valid runs <===
2009-04-02 22:15 - L1CaloStandalone - DEBUG: initialising coolRunLister
2009-04-02 22:15 - L1CaloStandalone - DEBUG: applying selections to coolRunLister
2009-04-02 22:15 - L1CaloStandalone - INFO: last valid run: 104823
2009-04-02 22:15 - L1CaloStandalone - INFO: searching for new runs from 104824 to 2147483647
2009-04-02 22:15 - L1CaloStandalone - DEBUG:  No new valid run. Last known valid run still: 104823
2009-04-02 22:25 - L1CaloStandalone - INFO: ===> listening for new valid runs <===
2009-04-02 22:25 - L1CaloStandalone - DEBUG: initialising coolRunLister
2009-04-02 22:25 - L1CaloStandalone - DEBUG: applying selections to coolRunLister
2009-04-02 22:25 - L1CaloStandalone - INFO: last valid run: 104823
2009-04-02 22:25 - L1CaloStandalone - INFO: searching for new runs from 104824 to 2147483647
2009-04-02 22:25 - L1CaloStandalone - DEBUG:  No new valid run. Last known valid run still: 104823
2009-04-02 22:35 - L1CaloStandalone - INFO: ===> listening for new valid runs <===
2009-04-02 22:35 - L1CaloStandalone - DEBUG: initialising coolRunLister
2009-04-02 22:35 - L1CaloStandalone - DEBUG: applying selections to coolRunLister
2009-04-02 22:35 - L1CaloStandalone - INFO: last valid run: 104823
2009-04-02 22:35 - L1CaloStandalone - INFO: searching for new runs from 104824 to 2147483647
2009-04-02 22:36 - L1CaloStandalone - DEBUG:  No new valid run. Last known valid run still: 104823
2009-04-02 22:46 - L1CaloStandalone - INFO: ===> listening for new valid runs <===
2009-04-02 22:46 - L1CaloStandalone - DEBUG: initialising coolRunLister
2009-04-02 22:46 - L1CaloStandalone - DEBUG: applying selections to coolRunLister
2009-04-02 22:46 - L1CaloStandalone - INFO: last valid run: 104823
2009-04-02 22:46 - L1CaloStandalone - INFO: searching for new runs from 104824 to 2147483647
2009-04-02 22:46 - L1CaloStandalone - DEBUG:  No new valid run. Last known valid run still: 104823
2009-04-02 22:56 - L1CaloStandalone - INFO: ===> listening for new valid runs <===
2009-04-02 22:56 - L1CaloStandalone - DEBUG: initialising coolRunLister
2009-04-02 22:56 - L1CaloStandalone - DEBUG: applying selections to coolRunLister
2009-04-02 22:56 - L1CaloStandalone - INFO: last valid run: 104823
2009-04-02 22:56 - L1CaloStandalone - INFO: searching for new runs from 104824 to 2147483647
2009-04-02 22:56 - L1CaloStandalone - DEBUG:  No new valid run. Last known valid run still: 104823
2009-04-02 23:06 - L1CaloStandalone - INFO: ===> listening for new valid runs <===
2009-04-02 23:06 - L1CaloStandalone - DEBUG: initialising coolRunLister
2009-04-02 23:06 - L1CaloStandalone - DEBUG: applying selections to coolRunLister
2009-04-02 23:06 - L1CaloStandalone - INFO: last valid run: 104823
2009-04-02 23:06 - L1CaloStandalone - INFO: searching for new runs from 104824 to 2147483647
2009-04-02 23:06 - L1CaloStandalone - DEBUG:  No new valid run. Last known valid run still: 104823
2009-04-02 23:16 - L1CaloStandalone - INFO: ===> listening for new valid runs <===
2009-04-02 23:16 - L1CaloStandalone - DEBUG: initialising coolRunLister
2009-04-02 23:16 - L1CaloStandalone - DEBUG: applying selections to coolRunLister
2009-04-02 23:16 - L1CaloStandalone - INFO: last valid run: 104823
2009-04-02 23:16 - L1CaloStandalone - INFO: searching for new runs from 104824 to 2147483647
2009-04-02 23:16 - L1CaloStandalone - DEBUG:  No new valid run. Last known valid run still: 104823
2009-04-02 23:26 - L1CaloStandalone - INFO: ===> listening for new valid runs <===
2009-04-02 23:26 - L1CaloStandalone - DEBUG: initialising coolRunLister
2009-04-02 23:26 - L1CaloStandalone - DEBUG: applying selections to coolRunLister
2009-04-02 23:26 - L1CaloStandalone - INFO: last valid run: 104823
2009-04-02 23:26 - L1CaloStandalone - INFO: searching for new runs from 104824 to 2147483647
2009-04-02 23:26 - L1CaloStandalone - DEBUG:  No new valid run. Last known valid run still: 104823
2009-04-02 23:36 - L1CaloStandalone - INFO: ===> listening for new valid runs <===
2009-04-02 23:36 - L1CaloStandalone - DEBUG: initialising coolRunLister
2009-04-02 23:36 - L1CaloStandalone - DEBUG: applying selections to coolRunLister
2009-04-02 23:36 - L1CaloStandalone - INFO: last valid run: 104823
2009-04-02 23:36 - L1CaloStandalone - INFO: searching for new runs from 104824 to 2147483647
2009-04-02 23:36 - L1CaloStandalone - DEBUG:  No new valid run. Last known valid run still: 104823
2009-04-02 23:46 - L1CaloStandalone - INFO: ===> listening for new valid runs <===
2009-04-02 23:46 - L1CaloStandalone - DEBUG: initialising coolRunLister
2009-04-02 23:46 - L1CaloStandalone - DEBUG: applying selections to coolRunLister
2009-04-02 23:46 - L1CaloStandalone - INFO: last valid run: 104823
2009-04-02 23:46 - L1CaloStandalone - INFO: searching for new runs from 104824 to 2147483647
2009-04-02 23:46 - L1CaloStandalone - DEBUG:  No new valid run. Last known valid run still: 104823
2009-04-02 23:56 - L1CaloStandalone - INFO: ===> listening for new valid runs <===
2009-04-02 23:56 - L1CaloStandalone - DEBUG: initialising coolRunLister
2009-04-02 23:56 - L1CaloStandalone - DEBUG: applying selections to coolRunLister
2009-04-02 23:56 - L1CaloStandalone - INFO: last valid run: 104823
2009-04-02 23:56 - L1CaloStandalone - INFO: searching for new runs from 104824 to 2147483647
2009-04-02 23:56 - L1CaloStandalone - DEBUG:  No new valid run. Last known valid run still: 104823
