2009-05-02 00:02 - LArCalibL1Calo - INFO: ========================================
2009-05-02 00:02 - LArCalibL1Calo - INFO: RunListener in init
2009-05-02 00:02 - LArCalibL1Calo - INFO: RunListener initialized
2009-05-02 00:02 - LArCalibL1Calo - INFO: ========================================
2009-05-02 00:02 - LArCalibL1Calo - INFO: ===> from initRunListener <===
2009-05-02 00:02 - LArCalibL1Calo - INFO: 
RunListener LArCalibL1Caloinitialised with the following parameters:
TDAQ DB: COOLONL_TDAQ/COMP200
TRIG DB: COOLONL_TRIGGER/COMP200
Status DB: COOLONL_TDAQ/COMP200
log level: 0
oracle: False
rec. only: True
det. mask: 0
run type: LarCalibL1Calo
det. status: 
det. status tag: HEAD
daq partition: 
 * LArgL1Calo-TTC2LAN
tag: 
format: acertd
reverse: False
stoptimestamp: True
cleanstop: True
hasevents: False
last valid run known: 0

2009-05-02 00:18 - LArCalibL1Calo - INFO: ===> listening for new valid runs <===
2009-05-02 00:18 - LArCalibL1Calo - DEBUG: initialising coolRunLister
2009-05-02 00:18 - LArCalibL1Calo - DEBUG: applying selections to coolRunLister
2009-05-02 00:18 - LArCalibL1Calo - INFO: last valid run: 113232
2009-05-02 00:18 - LArCalibL1Calo - INFO: searching for new runs from 113233 to 2147483647
2009-05-02 00:18 - LArCalibL1Calo - DEBUG:  No new valid run. Last known valid run still: 113232
2009-05-02 00:33 - LArCalibL1Calo - INFO: ===> listening for new valid runs <===
2009-05-02 00:33 - LArCalibL1Calo - DEBUG: initialising coolRunLister
2009-05-02 00:33 - LArCalibL1Calo - DEBUG: applying selections to coolRunLister
2009-05-02 00:33 - LArCalibL1Calo - INFO: last valid run: 113232
2009-05-02 00:33 - LArCalibL1Calo - INFO: searching for new runs from 113233 to 2147483647
2009-05-02 00:33 - LArCalibL1Calo - DEBUG:  No new valid run. Last known valid run still: 113232
2009-05-02 00:48 - LArCalibL1Calo - INFO: ===> listening for new valid runs <===
2009-05-02 00:48 - LArCalibL1Calo - DEBUG: initialising coolRunLister
2009-05-02 00:48 - LArCalibL1Calo - DEBUG: applying selections to coolRunLister
2009-05-02 00:48 - LArCalibL1Calo - INFO: last valid run: 113232
2009-05-02 00:48 - LArCalibL1Calo - INFO: searching for new runs from 113233 to 2147483647
2009-05-02 00:48 - LArCalibL1Calo - DEBUG:  No new valid run. Last known valid run still: 113232
2009-05-02 01:03 - LArCalibL1Calo - INFO: ===> listening for new valid runs <===
2009-05-02 01:03 - LArCalibL1Calo - DEBUG: initialising coolRunLister
2009-05-02 01:03 - LArCalibL1Calo - DEBUG: applying selections to coolRunLister
2009-05-02 01:03 - LArCalibL1Calo - INFO: last valid run: 113232
2009-05-02 01:03 - LArCalibL1Calo - INFO: searching for new runs from 113233 to 2147483647
2009-05-02 01:03 - LArCalibL1Calo - DEBUG:  No new valid run. Last known valid run still: 113232
2009-05-02 01:19 - LArCalibL1Calo - INFO: ===> listening for new valid runs <===
2009-05-02 01:19 - LArCalibL1Calo - DEBUG: initialising coolRunLister
2009-05-02 01:19 - LArCalibL1Calo - DEBUG: applying selections to coolRunLister
2009-05-02 01:19 - LArCalibL1Calo - INFO: last valid run: 113232
2009-05-02 01:19 - LArCalibL1Calo - INFO: searching for new runs from 113233 to 2147483647
2009-05-02 01:19 - LArCalibL1Calo - DEBUG:  No new valid run. Last known valid run still: 113232
2009-05-02 01:34 - LArCalibL1Calo - INFO: ===> listening for new valid runs <===
2009-05-02 01:34 - LArCalibL1Calo - DEBUG: initialising coolRunLister
2009-05-02 01:34 - LArCalibL1Calo - DEBUG: applying selections to coolRunLister
2009-05-02 01:34 - LArCalibL1Calo - INFO: last valid run: 113232
2009-05-02 01:34 - LArCalibL1Calo - INFO: searching for new runs from 113233 to 2147483647
2009-05-02 01:34 - LArCalibL1Calo - DEBUG:  No new valid run. Last known valid run still: 113232
2009-05-02 01:49 - LArCalibL1Calo - INFO: ===> listening for new valid runs <===
2009-05-02 01:49 - LArCalibL1Calo - DEBUG: initialising coolRunLister
2009-05-02 01:49 - LArCalibL1Calo - DEBUG: applying selections to coolRunLister
2009-05-02 01:49 - LArCalibL1Calo - INFO: last valid run: 113232
2009-05-02 01:49 - LArCalibL1Calo - INFO: searching for new runs from 113233 to 2147483647
2009-05-02 01:49 - LArCalibL1Calo - DEBUG:  No new valid run. Last known valid run still: 113232
2009-05-02 02:04 - LArCalibL1Calo - INFO: ===> listening for new valid runs <===
2009-05-02 02:04 - LArCalibL1Calo - DEBUG: initialising coolRunLister
2009-05-02 02:04 - LArCalibL1Calo - DEBUG: applying selections to coolRunLister
2009-05-02 02:04 - LArCalibL1Calo - INFO: last valid run: 113232
2009-05-02 02:04 - LArCalibL1Calo - INFO: searching for new runs from 113233 to 2147483647
2009-05-02 02:04 - LArCalibL1Calo - DEBUG:  No new valid run. Last known valid run still: 113232
2009-05-02 02:19 - LArCalibL1Calo - INFO: ===> listening for new valid runs <===
2009-05-02 02:19 - LArCalibL1Calo - DEBUG: initialising coolRunLister
2009-05-02 02:19 - LArCalibL1Calo - DEBUG: applying selections to coolRunLister
2009-05-02 02:19 - LArCalibL1Calo - INFO: last valid run: 113232
2009-05-02 02:19 - LArCalibL1Calo - INFO: searching for new runs from 113233 to 2147483647
2009-05-02 02:19 - LArCalibL1Calo - DEBUG:  No new valid run. Last known valid run still: 113232
2009-05-02 02:34 - LArCalibL1Calo - INFO: ===> listening for new valid runs <===
2009-05-02 02:34 - LArCalibL1Calo - DEBUG: initialising coolRunLister
2009-05-02 02:34 - LArCalibL1Calo - DEBUG: applying selections to coolRunLister
2009-05-02 02:34 - LArCalibL1Calo - INFO: last valid run: 113232
2009-05-02 02:34 - LArCalibL1Calo - INFO: searching for new runs from 113233 to 2147483647
2009-05-02 02:34 - LArCalibL1Calo - DEBUG:  No new valid run. Last known valid run still: 113232
2009-05-02 02:50 - LArCalibL1Calo - INFO: ===> listening for new valid runs <===
2009-05-02 02:50 - LArCalibL1Calo - DEBUG: initialising coolRunLister
2009-05-02 02:50 - LArCalibL1Calo - DEBUG: applying selections to coolRunLister
2009-05-02 02:50 - LArCalibL1Calo - INFO: last valid run: 113232
2009-05-02 02:50 - LArCalibL1Calo - INFO: searching for new runs from 113233 to 2147483647
2009-05-02 02:50 - LArCalibL1Calo - DEBUG:  No new valid run. Last known valid run still: 113232
2009-05-02 03:05 - LArCalibL1Calo - INFO: ===> listening for new valid runs <===
2009-05-02 03:05 - LArCalibL1Calo - DEBUG: initialising coolRunLister
2009-05-02 03:05 - LArCalibL1Calo - DEBUG: applying selections to coolRunLister
2009-05-02 03:05 - LArCalibL1Calo - INFO: last valid run: 113232
2009-05-02 03:05 - LArCalibL1Calo - INFO: searching for new runs from 113233 to 2147483647
2009-05-02 03:05 - LArCalibL1Calo - DEBUG:  No new valid run. Last known valid run still: 113232
2009-05-02 03:20 - LArCalibL1Calo - INFO: ===> listening for new valid runs <===
2009-05-02 03:20 - LArCalibL1Calo - DEBUG: initialising coolRunLister
2009-05-02 03:20 - LArCalibL1Calo - DEBUG: applying selections to coolRunLister
2009-05-02 03:20 - LArCalibL1Calo - INFO: last valid run: 113232
2009-05-02 03:20 - LArCalibL1Calo - INFO: searching for new runs from 113233 to 2147483647
2009-05-02 03:20 - LArCalibL1Calo - DEBUG:  No new valid run. Last known valid run still: 113232
2009-05-02 03:35 - LArCalibL1Calo - INFO: ===> listening for new valid runs <===
2009-05-02 03:35 - LArCalibL1Calo - DEBUG: initialising coolRunLister
2009-05-02 03:35 - LArCalibL1Calo - DEBUG: applying selections to coolRunLister
2009-05-02 03:35 - LArCalibL1Calo - INFO: last valid run: 113232
2009-05-02 03:35 - LArCalibL1Calo - INFO: searching for new runs from 113233 to 2147483647
2009-05-02 03:35 - LArCalibL1Calo - DEBUG:  No new valid run. Last known valid run still: 113232
2009-05-02 03:50 - LArCalibL1Calo - INFO: ===> listening for new valid runs <===
2009-05-02 03:50 - LArCalibL1Calo - DEBUG: initialising coolRunLister
2009-05-02 03:50 - LArCalibL1Calo - DEBUG: applying selections to coolRunLister
2009-05-02 03:50 - LArCalibL1Calo - INFO: last valid run: 113232
2009-05-02 03:50 - LArCalibL1Calo - INFO: searching for new runs from 113233 to 2147483647
2009-05-02 03:50 - LArCalibL1Calo - DEBUG:  No new valid run. Last known valid run still: 113232
2009-05-02 04:06 - LArCalibL1Calo - INFO: ===> listening for new valid runs <===
2009-05-02 04:06 - LArCalibL1Calo - DEBUG: initialising coolRunLister
2009-05-02 04:06 - LArCalibL1Calo - DEBUG: applying selections to coolRunLister
2009-05-02 04:06 - LArCalibL1Calo - INFO: last valid run: 113232
2009-05-02 04:06 - LArCalibL1Calo - INFO: searching for new runs from 113233 to 2147483647
2009-05-02 04:06 - LArCalibL1Calo - DEBUG:  No new valid run. Last known valid run still: 113232
2009-05-02 04:21 - LArCalibL1Calo - INFO: ===> listening for new valid runs <===
2009-05-02 04:21 - LArCalibL1Calo - DEBUG: initialising coolRunLister
2009-05-02 04:21 - LArCalibL1Calo - DEBUG: applying selections to coolRunLister
2009-05-02 04:21 - LArCalibL1Calo - INFO: last valid run: 113232
2009-05-02 04:21 - LArCalibL1Calo - INFO: searching for new runs from 113233 to 2147483647
2009-05-02 04:21 - LArCalibL1Calo - DEBUG:  No new valid run. Last known valid run still: 113232
2009-05-02 04:36 - LArCalibL1Calo - INFO: ===> listening for new valid runs <===
2009-05-02 04:36 - LArCalibL1Calo - DEBUG: initialising coolRunLister
2009-05-02 04:36 - LArCalibL1Calo - DEBUG: applying selections to coolRunLister
2009-05-02 04:36 - LArCalibL1Calo - INFO: last valid run: 113232
2009-05-02 04:36 - LArCalibL1Calo - INFO: searching for new runs from 113233 to 2147483647
2009-05-02 04:36 - LArCalibL1Calo - DEBUG:  No new valid run. Last known valid run still: 113232
2009-05-02 04:51 - LArCalibL1Calo - INFO: ===> listening for new valid runs <===
2009-05-02 04:51 - LArCalibL1Calo - DEBUG: initialising coolRunLister
2009-05-02 04:51 - LArCalibL1Calo - DEBUG: applying selections to coolRunLister
2009-05-02 04:51 - LArCalibL1Calo - INFO: last valid run: 113232
2009-05-02 04:51 - LArCalibL1Calo - INFO: searching for new runs from 113233 to 2147483647
2009-05-02 04:51 - LArCalibL1Calo - DEBUG:  No new valid run. Last known valid run still: 113232
2009-05-02 05:06 - LArCalibL1Calo - INFO: ===> listening for new valid runs <===
2009-05-02 05:06 - LArCalibL1Calo - DEBUG: initialising coolRunLister
2009-05-02 05:06 - LArCalibL1Calo - DEBUG: applying selections to coolRunLister
2009-05-02 05:06 - LArCalibL1Calo - INFO: last valid run: 113232
2009-05-02 05:06 - LArCalibL1Calo - INFO: searching for new runs from 113233 to 2147483647
2009-05-02 05:06 - LArCalibL1Calo - DEBUG:  No new valid run. Last known valid run still: 113232
2009-05-02 05:22 - LArCalibL1Calo - INFO: ===> listening for new valid runs <===
2009-05-02 05:22 - LArCalibL1Calo - DEBUG: initialising coolRunLister
2009-05-02 05:22 - LArCalibL1Calo - DEBUG: applying selections to coolRunLister
2009-05-02 05:22 - LArCalibL1Calo - INFO: last valid run: 113232
2009-05-02 05:22 - LArCalibL1Calo - INFO: searching for new runs from 113233 to 2147483647
2009-05-02 05:22 - LArCalibL1Calo - DEBUG:  No new valid run. Last known valid run still: 113232
2009-05-02 05:37 - LArCalibL1Calo - INFO: ===> listening for new valid runs <===
2009-05-02 05:37 - LArCalibL1Calo - DEBUG: initialising coolRunLister
2009-05-02 05:37 - LArCalibL1Calo - DEBUG: applying selections to coolRunLister
2009-05-02 05:37 - LArCalibL1Calo - INFO: last valid run: 113232
2009-05-02 05:37 - LArCalibL1Calo - INFO: searching for new runs from 113233 to 2147483647
2009-05-02 05:37 - LArCalibL1Calo - DEBUG:  No new valid run. Last known valid run still: 113232
2009-05-02 05:52 - LArCalibL1Calo - INFO: ===> listening for new valid runs <===
2009-05-02 05:52 - LArCalibL1Calo - DEBUG: initialising coolRunLister
2009-05-02 05:52 - LArCalibL1Calo - DEBUG: applying selections to coolRunLister
2009-05-02 05:52 - LArCalibL1Calo - INFO: last valid run: 113232
2009-05-02 05:52 - LArCalibL1Calo - INFO: searching for new runs from 113233 to 2147483647
2009-05-02 05:52 - LArCalibL1Calo - DEBUG:  No new valid run. Last known valid run still: 113232
2009-05-02 06:07 - LArCalibL1Calo - INFO: ===> listening for new valid runs <===
2009-05-02 06:07 - LArCalibL1Calo - DEBUG: initialising coolRunLister
2009-05-02 06:07 - LArCalibL1Calo - DEBUG: applying selections to coolRunLister
2009-05-02 06:07 - LArCalibL1Calo - INFO: last valid run: 113232
2009-05-02 06:07 - LArCalibL1Calo - INFO: searching for new runs from 113233 to 2147483647
2009-05-02 06:07 - LArCalibL1Calo - DEBUG:  No new valid run. Last known valid run still: 113232
2009-05-02 06:22 - LArCalibL1Calo - INFO: ===> listening for new valid runs <===
2009-05-02 06:22 - LArCalibL1Calo - DEBUG: initialising coolRunLister
2009-05-02 06:22 - LArCalibL1Calo - DEBUG: applying selections to coolRunLister
2009-05-02 06:22 - LArCalibL1Calo - INFO: last valid run: 113232
2009-05-02 06:22 - LArCalibL1Calo - INFO: searching for new runs from 113233 to 2147483647
2009-05-02 06:22 - LArCalibL1Calo - DEBUG:  No new valid run. Last known valid run still: 113232
2009-05-02 06:37 - LArCalibL1Calo - INFO: ===> listening for new valid runs <===
2009-05-02 06:37 - LArCalibL1Calo - DEBUG: initialising coolRunLister
2009-05-02 06:37 - LArCalibL1Calo - DEBUG: applying selections to coolRunLister
2009-05-02 06:37 - LArCalibL1Calo - INFO: last valid run: 113232
2009-05-02 06:37 - LArCalibL1Calo - INFO: searching for new runs from 113233 to 2147483647
2009-05-02 06:37 - LArCalibL1Calo - DEBUG:  No new valid run. Last known valid run still: 113232
2009-05-02 06:53 - LArCalibL1Calo - INFO: ===> listening for new valid runs <===
2009-05-02 06:53 - LArCalibL1Calo - DEBUG: initialising coolRunLister
2009-05-02 06:53 - LArCalibL1Calo - DEBUG: applying selections to coolRunLister
2009-05-02 06:53 - LArCalibL1Calo - INFO: last valid run: 113232
2009-05-02 06:53 - LArCalibL1Calo - INFO: searching for new runs from 113233 to 2147483647
2009-05-02 06:53 - LArCalibL1Calo - DEBUG:  No new valid run. Last known valid run still: 113232
2009-05-02 07:08 - LArCalibL1Calo - INFO: ===> listening for new valid runs <===
2009-05-02 07:08 - LArCalibL1Calo - DEBUG: initialising coolRunLister
2009-05-02 07:08 - LArCalibL1Calo - DEBUG: applying selections to coolRunLister
2009-05-02 07:08 - LArCalibL1Calo - INFO: last valid run: 113232
2009-05-02 07:08 - LArCalibL1Calo - INFO: searching for new runs from 113233 to 2147483647
2009-05-02 07:08 - LArCalibL1Calo - DEBUG:  No new valid run. Last known valid run still: 113232
2009-05-02 07:23 - LArCalibL1Calo - INFO: ===> listening for new valid runs <===
2009-05-02 07:23 - LArCalibL1Calo - DEBUG: initialising coolRunLister
2009-05-02 07:23 - LArCalibL1Calo - DEBUG: applying selections to coolRunLister
2009-05-02 07:23 - LArCalibL1Calo - INFO: last valid run: 113232
2009-05-02 07:23 - LArCalibL1Calo - INFO: searching for new runs from 113233 to 2147483647
2009-05-02 07:23 - LArCalibL1Calo - DEBUG:  No new valid run. Last known valid run still: 113232
2009-05-02 07:38 - LArCalibL1Calo - INFO: ===> listening for new valid runs <===
2009-05-02 07:38 - LArCalibL1Calo - DEBUG: initialising coolRunLister
2009-05-02 07:38 - LArCalibL1Calo - DEBUG: applying selections to coolRunLister
2009-05-02 07:38 - LArCalibL1Calo - INFO: last valid run: 113232
2009-05-02 07:38 - LArCalibL1Calo - INFO: searching for new runs from 113233 to 2147483647
2009-05-02 07:38 - LArCalibL1Calo - DEBUG:  No new valid run. Last known valid run still: 113232
2009-05-02 07:53 - LArCalibL1Calo - INFO: ===> listening for new valid runs <===
2009-05-02 07:53 - LArCalibL1Calo - DEBUG: initialising coolRunLister
2009-05-02 07:53 - LArCalibL1Calo - DEBUG: applying selections to coolRunLister
2009-05-02 07:53 - LArCalibL1Calo - INFO: last valid run: 113232
2009-05-02 07:53 - LArCalibL1Calo - INFO: searching for new runs from 113233 to 2147483647
2009-05-02 07:53 - LArCalibL1Calo - DEBUG:  No new valid run. Last known valid run still: 113232
2009-05-02 08:09 - LArCalibL1Calo - INFO: ===> listening for new valid runs <===
2009-05-02 08:09 - LArCalibL1Calo - DEBUG: initialising coolRunLister
2009-05-02 08:09 - LArCalibL1Calo - DEBUG: applying selections to coolRunLister
2009-05-02 08:09 - LArCalibL1Calo - INFO: last valid run: 113232
2009-05-02 08:09 - LArCalibL1Calo - INFO: searching for new runs from 113233 to 2147483647
2009-05-02 08:09 - LArCalibL1Calo - DEBUG:  No new valid run. Last known valid run still: 113232
2009-05-02 08:24 - LArCalibL1Calo - INFO: ===> listening for new valid runs <===
2009-05-02 08:24 - LArCalibL1Calo - DEBUG: initialising coolRunLister
2009-05-02 08:24 - LArCalibL1Calo - DEBUG: applying selections to coolRunLister
2009-05-02 08:24 - LArCalibL1Calo - INFO: last valid run: 113232
2009-05-02 08:24 - LArCalibL1Calo - INFO: searching for new runs from 113233 to 2147483647
2009-05-02 08:24 - LArCalibL1Calo - DEBUG:  No new valid run. Last known valid run still: 113232
2009-05-02 08:39 - LArCalibL1Calo - INFO: ===> listening for new valid runs <===
2009-05-02 08:39 - LArCalibL1Calo - DEBUG: initialising coolRunLister
2009-05-02 08:39 - LArCalibL1Calo - DEBUG: applying selections to coolRunLister
2009-05-02 08:39 - LArCalibL1Calo - INFO: last valid run: 113232
2009-05-02 08:39 - LArCalibL1Calo - INFO: searching for new runs from 113233 to 2147483647
2009-05-02 08:39 - LArCalibL1Calo - DEBUG:  No new valid run. Last known valid run still: 113232
2009-05-02 08:54 - LArCalibL1Calo - INFO: ===> listening for new valid runs <===
2009-05-02 08:54 - LArCalibL1Calo - DEBUG: initialising coolRunLister
2009-05-02 08:54 - LArCalibL1Calo - DEBUG: applying selections to coolRunLister
2009-05-02 08:54 - LArCalibL1Calo - INFO: last valid run: 113232
2009-05-02 08:54 - LArCalibL1Calo - INFO: searching for new runs from 113233 to 2147483647
2009-05-02 08:54 - LArCalibL1Calo - DEBUG:  No new valid run. Last known valid run still: 113232
2009-05-02 09:09 - LArCalibL1Calo - INFO: ===> listening for new valid runs <===
2009-05-02 09:09 - LArCalibL1Calo - DEBUG: initialising coolRunLister
2009-05-02 09:09 - LArCalibL1Calo - DEBUG: applying selections to coolRunLister
2009-05-02 09:09 - LArCalibL1Calo - INFO: last valid run: 113232
2009-05-02 09:09 - LArCalibL1Calo - INFO: searching for new runs from 113233 to 2147483647
2009-05-02 09:09 - LArCalibL1Calo - DEBUG:  No new valid run. Last known valid run still: 113232
2009-05-02 09:25 - LArCalibL1Calo - INFO: ===> listening for new valid runs <===
2009-05-02 09:25 - LArCalibL1Calo - DEBUG: initialising coolRunLister
2009-05-02 09:25 - LArCalibL1Calo - DEBUG: applying selections to coolRunLister
2009-05-02 09:25 - LArCalibL1Calo - INFO: last valid run: 113232
2009-05-02 09:25 - LArCalibL1Calo - INFO: searching for new runs from 113233 to 2147483647
2009-05-02 09:25 - LArCalibL1Calo - DEBUG:  No new valid run. Last known valid run still: 113232
2009-05-02 09:40 - LArCalibL1Calo - INFO: ===> listening for new valid runs <===
2009-05-02 09:40 - LArCalibL1Calo - DEBUG: initialising coolRunLister
2009-05-02 09:40 - LArCalibL1Calo - DEBUG: applying selections to coolRunLister
2009-05-02 09:40 - LArCalibL1Calo - INFO: last valid run: 113232
2009-05-02 09:40 - LArCalibL1Calo - INFO: searching for new runs from 113233 to 2147483647
2009-05-02 09:40 - LArCalibL1Calo - DEBUG:  No new valid run. Last known valid run still: 113232
2009-05-02 09:55 - LArCalibL1Calo - INFO: ===> listening for new valid runs <===
2009-05-02 09:55 - LArCalibL1Calo - DEBUG: initialising coolRunLister
2009-05-02 09:55 - LArCalibL1Calo - DEBUG: applying selections to coolRunLister
2009-05-02 09:55 - LArCalibL1Calo - INFO: last valid run: 113232
2009-05-02 09:55 - LArCalibL1Calo - INFO: searching for new runs from 113233 to 2147483647
2009-05-02 09:55 - LArCalibL1Calo - DEBUG:  No new valid run. Last known valid run still: 113232
2009-05-02 10:10 - LArCalibL1Calo - INFO: ===> listening for new valid runs <===
2009-05-02 10:10 - LArCalibL1Calo - DEBUG: initialising coolRunLister
2009-05-02 10:10 - LArCalibL1Calo - DEBUG: applying selections to coolRunLister
2009-05-02 10:10 - LArCalibL1Calo - INFO: last valid run: 113232
2009-05-02 10:10 - LArCalibL1Calo - INFO: searching for new runs from 113233 to 2147483647
2009-05-02 10:10 - LArCalibL1Calo - DEBUG:  No new valid run. Last known valid run still: 113232
2009-05-02 10:25 - LArCalibL1Calo - INFO: ===> listening for new valid runs <===
2009-05-02 10:25 - LArCalibL1Calo - DEBUG: initialising coolRunLister
2009-05-02 10:25 - LArCalibL1Calo - DEBUG: applying selections to coolRunLister
2009-05-02 10:25 - LArCalibL1Calo - INFO: last valid run: 113232
2009-05-02 10:25 - LArCalibL1Calo - INFO: searching for new runs from 113233 to 2147483647
2009-05-02 10:25 - LArCalibL1Calo - DEBUG:  No new valid run. Last known valid run still: 113232
2009-05-02 10:40 - LArCalibL1Calo - INFO: ===> listening for new valid runs <===
2009-05-02 10:40 - LArCalibL1Calo - DEBUG: initialising coolRunLister
2009-05-02 10:40 - LArCalibL1Calo - DEBUG: applying selections to coolRunLister
2009-05-02 10:40 - LArCalibL1Calo - INFO: last valid run: 113232
2009-05-02 10:40 - LArCalibL1Calo - INFO: searching for new runs from 113233 to 2147483647
2009-05-02 10:40 - LArCalibL1Calo - DEBUG:  No new valid run. Last known valid run still: 113232
2009-05-02 10:56 - LArCalibL1Calo - INFO: ===> listening for new valid runs <===
2009-05-02 10:56 - LArCalibL1Calo - DEBUG: initialising coolRunLister
2009-05-02 10:56 - LArCalibL1Calo - DEBUG: applying selections to coolRunLister
2009-05-02 10:56 - LArCalibL1Calo - INFO: last valid run: 113232
2009-05-02 10:56 - LArCalibL1Calo - INFO: searching for new runs from 113233 to 2147483647
2009-05-02 10:56 - LArCalibL1Calo - DEBUG:  No new valid run. Last known valid run still: 113232
2009-05-02 11:11 - LArCalibL1Calo - INFO: ===> listening for new valid runs <===
2009-05-02 11:11 - LArCalibL1Calo - DEBUG: initialising coolRunLister
2009-05-02 11:11 - LArCalibL1Calo - DEBUG: applying selections to coolRunLister
2009-05-02 11:11 - LArCalibL1Calo - INFO: last valid run: 113232
2009-05-02 11:11 - LArCalibL1Calo - INFO: searching for new runs from 113233 to 2147483647
2009-05-02 11:11 - LArCalibL1Calo - DEBUG:  No new valid run. Last known valid run still: 113232
2009-05-02 11:26 - LArCalibL1Calo - INFO: ===> listening for new valid runs <===
2009-05-02 11:26 - LArCalibL1Calo - DEBUG: initialising coolRunLister
2009-05-02 11:26 - LArCalibL1Calo - DEBUG: applying selections to coolRunLister
2009-05-02 11:26 - LArCalibL1Calo - INFO: last valid run: 113232
2009-05-02 11:26 - LArCalibL1Calo - INFO: searching for new runs from 113233 to 2147483647
2009-05-02 11:26 - LArCalibL1Calo - DEBUG:  No new valid run. Last known valid run still: 113232
2009-05-02 11:41 - LArCalibL1Calo - INFO: ===> listening for new valid runs <===
2009-05-02 11:41 - LArCalibL1Calo - DEBUG: initialising coolRunLister
2009-05-02 11:41 - LArCalibL1Calo - DEBUG: applying selections to coolRunLister
2009-05-02 11:41 - LArCalibL1Calo - INFO: last valid run: 113232
2009-05-02 11:41 - LArCalibL1Calo - INFO: searching for new runs from 113233 to 2147483647
2009-05-02 11:41 - LArCalibL1Calo - DEBUG:  No new valid run. Last known valid run still: 113232
2009-05-02 11:56 - LArCalibL1Calo - INFO: ===> listening for new valid runs <===
2009-05-02 11:56 - LArCalibL1Calo - DEBUG: initialising coolRunLister
2009-05-02 11:56 - LArCalibL1Calo - DEBUG: applying selections to coolRunLister
2009-05-02 11:56 - LArCalibL1Calo - INFO: last valid run: 113232
2009-05-02 11:56 - LArCalibL1Calo - INFO: searching for new runs from 113233 to 2147483647
2009-05-02 11:56 - LArCalibL1Calo - DEBUG:  No new valid run. Last known valid run still: 113232
2009-05-02 12:12 - LArCalibL1Calo - INFO: ===> listening for new valid runs <===
2009-05-02 12:12 - LArCalibL1Calo - DEBUG: initialising coolRunLister
2009-05-02 12:12 - LArCalibL1Calo - DEBUG: applying selections to coolRunLister
2009-05-02 12:12 - LArCalibL1Calo - INFO: last valid run: 113232
2009-05-02 12:12 - LArCalibL1Calo - INFO: searching for new runs from 113233 to 2147483647
2009-05-02 12:12 - LArCalibL1Calo - DEBUG:  No new valid run. Last known valid run still: 113232
2009-05-02 12:27 - LArCalibL1Calo - INFO: ===> listening for new valid runs <===
2009-05-02 12:27 - LArCalibL1Calo - DEBUG: initialising coolRunLister
2009-05-02 12:27 - LArCalibL1Calo - DEBUG: applying selections to coolRunLister
2009-05-02 12:27 - LArCalibL1Calo - INFO: last valid run: 113232
2009-05-02 12:27 - LArCalibL1Calo - INFO: searching for new runs from 113233 to 2147483647
2009-05-02 12:27 - LArCalibL1Calo - DEBUG:  No new valid run. Last known valid run still: 113232
2009-05-02 12:42 - LArCalibL1Calo - INFO: ===> listening for new valid runs <===
2009-05-02 12:42 - LArCalibL1Calo - DEBUG: initialising coolRunLister
2009-05-02 12:42 - LArCalibL1Calo - DEBUG: applying selections to coolRunLister
2009-05-02 12:42 - LArCalibL1Calo - INFO: last valid run: 113232
2009-05-02 12:42 - LArCalibL1Calo - INFO: searching for new runs from 113233 to 2147483647
2009-05-02 12:42 - LArCalibL1Calo - DEBUG:  No new valid run. Last known valid run still: 113232
2009-05-02 12:57 - LArCalibL1Calo - INFO: ===> listening for new valid runs <===
2009-05-02 12:57 - LArCalibL1Calo - DEBUG: initialising coolRunLister
2009-05-02 12:57 - LArCalibL1Calo - DEBUG: applying selections to coolRunLister
2009-05-02 12:57 - LArCalibL1Calo - INFO: last valid run: 113232
2009-05-02 12:57 - LArCalibL1Calo - INFO: searching for new runs from 113233 to 2147483647
2009-05-02 12:57 - LArCalibL1Calo - DEBUG:  No new valid run. Last known valid run still: 113232
2009-05-02 13:12 - LArCalibL1Calo - INFO: ===> listening for new valid runs <===
2009-05-02 13:12 - LArCalibL1Calo - DEBUG: initialising coolRunLister
2009-05-02 13:12 - LArCalibL1Calo - DEBUG: applying selections to coolRunLister
2009-05-02 13:12 - LArCalibL1Calo - INFO: last valid run: 113232
2009-05-02 13:12 - LArCalibL1Calo - INFO: searching for new runs from 113233 to 2147483647
2009-05-02 13:12 - LArCalibL1Calo - DEBUG:  No new valid run. Last known valid run still: 113232
2009-05-02 13:28 - LArCalibL1Calo - INFO: ===> listening for new valid runs <===
2009-05-02 13:28 - LArCalibL1Calo - DEBUG: initialising coolRunLister
2009-05-02 13:28 - LArCalibL1Calo - DEBUG: applying selections to coolRunLister
2009-05-02 13:28 - LArCalibL1Calo - INFO: last valid run: 113232
2009-05-02 13:28 - LArCalibL1Calo - INFO: searching for new runs from 113233 to 2147483647
2009-05-02 13:28 - LArCalibL1Calo - DEBUG:  No new valid run. Last known valid run still: 113232
2009-05-02 13:43 - LArCalibL1Calo - INFO: ===> listening for new valid runs <===
2009-05-02 13:43 - LArCalibL1Calo - DEBUG: initialising coolRunLister
2009-05-02 13:43 - LArCalibL1Calo - DEBUG: applying selections to coolRunLister
2009-05-02 13:43 - LArCalibL1Calo - INFO: last valid run: 113232
2009-05-02 13:43 - LArCalibL1Calo - INFO: searching for new runs from 113233 to 2147483647
2009-05-02 13:43 - LArCalibL1Calo - DEBUG:  No new valid run. Last known valid run still: 113232
2009-05-02 13:58 - LArCalibL1Calo - INFO: ===> listening for new valid runs <===
2009-05-02 13:58 - LArCalibL1Calo - DEBUG: initialising coolRunLister
2009-05-02 13:58 - LArCalibL1Calo - DEBUG: applying selections to coolRunLister
2009-05-02 13:58 - LArCalibL1Calo - INFO: last valid run: 113232
2009-05-02 13:58 - LArCalibL1Calo - INFO: searching for new runs from 113233 to 2147483647
2009-05-02 13:58 - LArCalibL1Calo - DEBUG:  No new valid run. Last known valid run still: 113232
2009-05-02 14:13 - LArCalibL1Calo - INFO: ===> listening for new valid runs <===
2009-05-02 14:13 - LArCalibL1Calo - DEBUG: initialising coolRunLister
2009-05-02 14:13 - LArCalibL1Calo - DEBUG: applying selections to coolRunLister
2009-05-02 14:13 - LArCalibL1Calo - INFO: last valid run: 113232
2009-05-02 14:13 - LArCalibL1Calo - INFO: searching for new runs from 113233 to 2147483647
2009-05-02 14:13 - LArCalibL1Calo - DEBUG:  No new valid run. Last known valid run still: 113232
2009-05-02 14:28 - LArCalibL1Calo - INFO: ===> listening for new valid runs <===
2009-05-02 14:28 - LArCalibL1Calo - DEBUG: initialising coolRunLister
2009-05-02 14:28 - LArCalibL1Calo - DEBUG: applying selections to coolRunLister
2009-05-02 14:28 - LArCalibL1Calo - INFO: last valid run: 113232
2009-05-02 14:28 - LArCalibL1Calo - INFO: searching for new runs from 113233 to 2147483647
2009-05-02 14:28 - LArCalibL1Calo - DEBUG:  No new valid run. Last known valid run still: 113232
2009-05-02 14:44 - LArCalibL1Calo - INFO: ===> listening for new valid runs <===
2009-05-02 14:44 - LArCalibL1Calo - DEBUG: initialising coolRunLister
2009-05-02 14:44 - LArCalibL1Calo - DEBUG: applying selections to coolRunLister
2009-05-02 14:44 - LArCalibL1Calo - INFO: last valid run: 113232
2009-05-02 14:44 - LArCalibL1Calo - INFO: searching for new runs from 113233 to 2147483647
2009-05-02 14:44 - LArCalibL1Calo - DEBUG:  No new valid run. Last known valid run still: 113232
2009-05-02 14:59 - LArCalibL1Calo - INFO: ===> listening for new valid runs <===
2009-05-02 14:59 - LArCalibL1Calo - DEBUG: initialising coolRunLister
2009-05-02 14:59 - LArCalibL1Calo - DEBUG: applying selections to coolRunLister
2009-05-02 14:59 - LArCalibL1Calo - INFO: last valid run: 113232
2009-05-02 14:59 - LArCalibL1Calo - INFO: searching for new runs from 113233 to 2147483647
2009-05-02 14:59 - LArCalibL1Calo - DEBUG:  No new valid run. Last known valid run still: 113232
2009-05-02 15:14 - LArCalibL1Calo - INFO: ===> listening for new valid runs <===
2009-05-02 15:14 - LArCalibL1Calo - DEBUG: initialising coolRunLister
2009-05-02 15:14 - LArCalibL1Calo - DEBUG: applying selections to coolRunLister
2009-05-02 15:14 - LArCalibL1Calo - INFO: last valid run: 113232
2009-05-02 15:14 - LArCalibL1Calo - INFO: searching for new runs from 113233 to 2147483647
2009-05-02 15:14 - LArCalibL1Calo - DEBUG:  No new valid run. Last known valid run still: 113232
2009-05-02 15:29 - LArCalibL1Calo - INFO: ===> listening for new valid runs <===
2009-05-02 15:29 - LArCalibL1Calo - DEBUG: initialising coolRunLister
2009-05-02 15:29 - LArCalibL1Calo - DEBUG: applying selections to coolRunLister
2009-05-02 15:29 - LArCalibL1Calo - INFO: last valid run: 113232
2009-05-02 15:29 - LArCalibL1Calo - INFO: searching for new runs from 113233 to 2147483647
2009-05-02 15:29 - LArCalibL1Calo - DEBUG:  No new valid run. Last known valid run still: 113232
2009-05-02 15:44 - LArCalibL1Calo - INFO: ===> listening for new valid runs <===
2009-05-02 15:44 - LArCalibL1Calo - DEBUG: initialising coolRunLister
2009-05-02 15:44 - LArCalibL1Calo - DEBUG: applying selections to coolRunLister
2009-05-02 15:44 - LArCalibL1Calo - INFO: last valid run: 113232
2009-05-02 15:44 - LArCalibL1Calo - INFO: searching for new runs from 113233 to 2147483647
2009-05-02 15:44 - LArCalibL1Calo - DEBUG:  No new valid run. Last known valid run still: 113232
2009-05-02 16:00 - LArCalibL1Calo - INFO: ===> listening for new valid runs <===
2009-05-02 16:00 - LArCalibL1Calo - DEBUG: initialising coolRunLister
2009-05-02 16:00 - LArCalibL1Calo - DEBUG: applying selections to coolRunLister
2009-05-02 16:00 - LArCalibL1Calo - INFO: last valid run: 113232
2009-05-02 16:00 - LArCalibL1Calo - INFO: searching for new runs from 113233 to 2147483647
2009-05-02 16:00 - LArCalibL1Calo - DEBUG:  No new valid run. Last known valid run still: 113232
2009-05-02 16:15 - LArCalibL1Calo - INFO: ===> listening for new valid runs <===
2009-05-02 16:15 - LArCalibL1Calo - DEBUG: initialising coolRunLister
2009-05-02 16:15 - LArCalibL1Calo - DEBUG: applying selections to coolRunLister
2009-05-02 16:15 - LArCalibL1Calo - INFO: last valid run: 113232
2009-05-02 16:15 - LArCalibL1Calo - INFO: searching for new runs from 113233 to 2147483647
2009-05-02 16:15 - LArCalibL1Calo - DEBUG:  No new valid run. Last known valid run still: 113232
2009-05-02 16:30 - LArCalibL1Calo - INFO: ===> listening for new valid runs <===
2009-05-02 16:30 - LArCalibL1Calo - DEBUG: initialising coolRunLister
2009-05-02 16:30 - LArCalibL1Calo - DEBUG: applying selections to coolRunLister
2009-05-02 16:30 - LArCalibL1Calo - INFO: last valid run: 113232
2009-05-02 16:30 - LArCalibL1Calo - INFO: searching for new runs from 113233 to 2147483647
2009-05-02 16:30 - LArCalibL1Calo - DEBUG:  No new valid run. Last known valid run still: 113232
2009-05-02 16:45 - LArCalibL1Calo - INFO: ===> listening for new valid runs <===
2009-05-02 16:45 - LArCalibL1Calo - DEBUG: initialising coolRunLister
2009-05-02 16:45 - LArCalibL1Calo - DEBUG: applying selections to coolRunLister
2009-05-02 16:45 - LArCalibL1Calo - INFO: last valid run: 113232
2009-05-02 16:45 - LArCalibL1Calo - INFO: searching for new runs from 113233 to 2147483647
2009-05-02 16:45 - LArCalibL1Calo - DEBUG:  No new valid run. Last known valid run still: 113232
2009-05-02 17:00 - LArCalibL1Calo - INFO: ===> listening for new valid runs <===
2009-05-02 17:00 - LArCalibL1Calo - DEBUG: initialising coolRunLister
2009-05-02 17:00 - LArCalibL1Calo - DEBUG: applying selections to coolRunLister
2009-05-02 17:00 - LArCalibL1Calo - INFO: last valid run: 113232
2009-05-02 17:00 - LArCalibL1Calo - INFO: searching for new runs from 113233 to 2147483647
2009-05-02 17:00 - LArCalibL1Calo - DEBUG:  No new valid run. Last known valid run still: 113232
2009-05-02 17:15 - LArCalibL1Calo - INFO: ===> listening for new valid runs <===
2009-05-02 17:15 - LArCalibL1Calo - DEBUG: initialising coolRunLister
2009-05-02 17:15 - LArCalibL1Calo - DEBUG: applying selections to coolRunLister
2009-05-02 17:15 - LArCalibL1Calo - INFO: last valid run: 113232
2009-05-02 17:15 - LArCalibL1Calo - INFO: searching for new runs from 113233 to 2147483647
2009-05-02 17:16 - LArCalibL1Calo - DEBUG:  No new valid run. Last known valid run still: 113232
2009-05-02 17:31 - LArCalibL1Calo - INFO: ===> listening for new valid runs <===
2009-05-02 17:31 - LArCalibL1Calo - DEBUG: initialising coolRunLister
2009-05-02 17:31 - LArCalibL1Calo - DEBUG: applying selections to coolRunLister
2009-05-02 17:31 - LArCalibL1Calo - INFO: last valid run: 113232
2009-05-02 17:31 - LArCalibL1Calo - INFO: searching for new runs from 113233 to 2147483647
2009-05-02 17:31 - LArCalibL1Calo - DEBUG:  No new valid run. Last known valid run still: 113232
2009-05-02 17:46 - LArCalibL1Calo - INFO: ===> listening for new valid runs <===
2009-05-02 17:46 - LArCalibL1Calo - DEBUG: initialising coolRunLister
2009-05-02 17:46 - LArCalibL1Calo - DEBUG: applying selections to coolRunLister
2009-05-02 17:46 - LArCalibL1Calo - INFO: last valid run: 113232
2009-05-02 17:46 - LArCalibL1Calo - INFO: searching for new runs from 113233 to 2147483647
2009-05-02 17:46 - LArCalibL1Calo - DEBUG:  No new valid run. Last known valid run still: 113232
2009-05-02 18:01 - LArCalibL1Calo - INFO: ===> listening for new valid runs <===
2009-05-02 18:01 - LArCalibL1Calo - DEBUG: initialising coolRunLister
2009-05-02 18:01 - LArCalibL1Calo - DEBUG: applying selections to coolRunLister
2009-05-02 18:01 - LArCalibL1Calo - INFO: last valid run: 113232
2009-05-02 18:01 - LArCalibL1Calo - INFO: searching for new runs from 113233 to 2147483647
2009-05-02 18:01 - LArCalibL1Calo - DEBUG:  No new valid run. Last known valid run still: 113232
2009-05-02 18:16 - LArCalibL1Calo - INFO: ===> listening for new valid runs <===
2009-05-02 18:16 - LArCalibL1Calo - DEBUG: initialising coolRunLister
2009-05-02 18:16 - LArCalibL1Calo - DEBUG: applying selections to coolRunLister
2009-05-02 18:16 - LArCalibL1Calo - INFO: last valid run: 113232
2009-05-02 18:16 - LArCalibL1Calo - INFO: searching for new runs from 113233 to 2147483647
2009-05-02 18:16 - LArCalibL1Calo - DEBUG:  No new valid run. Last known valid run still: 113232
2009-05-02 18:31 - LArCalibL1Calo - INFO: ===> listening for new valid runs <===
2009-05-02 18:31 - LArCalibL1Calo - DEBUG: initialising coolRunLister
2009-05-02 18:31 - LArCalibL1Calo - DEBUG: applying selections to coolRunLister
2009-05-02 18:31 - LArCalibL1Calo - INFO: last valid run: 113232
2009-05-02 18:31 - LArCalibL1Calo - INFO: searching for new runs from 113233 to 2147483647
2009-05-02 18:32 - LArCalibL1Calo - DEBUG:  No new valid run. Last known valid run still: 113232
2009-05-02 18:47 - LArCalibL1Calo - INFO: ===> listening for new valid runs <===
2009-05-02 18:47 - LArCalibL1Calo - DEBUG: initialising coolRunLister
2009-05-02 18:47 - LArCalibL1Calo - DEBUG: applying selections to coolRunLister
2009-05-02 18:47 - LArCalibL1Calo - INFO: last valid run: 113232
2009-05-02 18:47 - LArCalibL1Calo - INFO: searching for new runs from 113233 to 2147483647
2009-05-02 18:47 - LArCalibL1Calo - DEBUG:  No new valid run. Last known valid run still: 113232
2009-05-02 19:02 - LArCalibL1Calo - INFO: ===> listening for new valid runs <===
2009-05-02 19:02 - LArCalibL1Calo - DEBUG: initialising coolRunLister
2009-05-02 19:02 - LArCalibL1Calo - DEBUG: applying selections to coolRunLister
2009-05-02 19:02 - LArCalibL1Calo - INFO: last valid run: 113232
2009-05-02 19:02 - LArCalibL1Calo - INFO: searching for new runs from 113233 to 2147483647
2009-05-02 19:02 - LArCalibL1Calo - DEBUG:  No new valid run. Last known valid run still: 113232
2009-05-02 19:17 - LArCalibL1Calo - INFO: ===> listening for new valid runs <===
2009-05-02 19:17 - LArCalibL1Calo - DEBUG: initialising coolRunLister
2009-05-02 19:17 - LArCalibL1Calo - DEBUG: applying selections to coolRunLister
2009-05-02 19:17 - LArCalibL1Calo - INFO: last valid run: 113232
2009-05-02 19:17 - LArCalibL1Calo - INFO: searching for new runs from 113233 to 2147483647
2009-05-02 19:17 - LArCalibL1Calo - DEBUG:  No new valid run. Last known valid run still: 113232
2009-05-02 19:32 - LArCalibL1Calo - INFO: ===> listening for new valid runs <===
2009-05-02 19:32 - LArCalibL1Calo - DEBUG: initialising coolRunLister
2009-05-02 19:32 - LArCalibL1Calo - DEBUG: applying selections to coolRunLister
2009-05-02 19:32 - LArCalibL1Calo - INFO: last valid run: 113232
2009-05-02 19:32 - LArCalibL1Calo - INFO: searching for new runs from 113233 to 2147483647
2009-05-02 19:32 - LArCalibL1Calo - DEBUG:  No new valid run. Last known valid run still: 113232
2009-05-02 19:47 - LArCalibL1Calo - INFO: ===> listening for new valid runs <===
2009-05-02 19:47 - LArCalibL1Calo - DEBUG: initialising coolRunLister
2009-05-02 19:47 - LArCalibL1Calo - DEBUG: applying selections to coolRunLister
2009-05-02 19:47 - LArCalibL1Calo - INFO: last valid run: 113232
2009-05-02 19:47 - LArCalibL1Calo - INFO: searching for new runs from 113233 to 2147483647
2009-05-02 19:47 - LArCalibL1Calo - DEBUG:  No new valid run. Last known valid run still: 113232
2009-05-02 20:03 - LArCalibL1Calo - INFO: ===> listening for new valid runs <===
2009-05-02 20:03 - LArCalibL1Calo - DEBUG: initialising coolRunLister
2009-05-02 20:03 - LArCalibL1Calo - DEBUG: applying selections to coolRunLister
2009-05-02 20:03 - LArCalibL1Calo - INFO: last valid run: 113232
2009-05-02 20:03 - LArCalibL1Calo - INFO: searching for new runs from 113233 to 2147483647
2009-05-02 20:03 - LArCalibL1Calo - DEBUG:  No new valid run. Last known valid run still: 113232
2009-05-02 20:18 - LArCalibL1Calo - INFO: ===> listening for new valid runs <===
2009-05-02 20:18 - LArCalibL1Calo - DEBUG: initialising coolRunLister
2009-05-02 20:18 - LArCalibL1Calo - DEBUG: applying selections to coolRunLister
2009-05-02 20:18 - LArCalibL1Calo - INFO: last valid run: 113232
2009-05-02 20:18 - LArCalibL1Calo - INFO: searching for new runs from 113233 to 2147483647
2009-05-02 20:18 - LArCalibL1Calo - DEBUG:  No new valid run. Last known valid run still: 113232
2009-05-02 20:33 - LArCalibL1Calo - INFO: ===> listening for new valid runs <===
2009-05-02 20:33 - LArCalibL1Calo - DEBUG: initialising coolRunLister
2009-05-02 20:33 - LArCalibL1Calo - DEBUG: applying selections to coolRunLister
2009-05-02 20:33 - LArCalibL1Calo - INFO: last valid run: 113232
2009-05-02 20:33 - LArCalibL1Calo - INFO: searching for new runs from 113233 to 2147483647
2009-05-02 20:33 - LArCalibL1Calo - DEBUG:  No new valid run. Last known valid run still: 113232
2009-05-02 20:48 - LArCalibL1Calo - INFO: ===> listening for new valid runs <===
2009-05-02 20:48 - LArCalibL1Calo - DEBUG: initialising coolRunLister
2009-05-02 20:48 - LArCalibL1Calo - DEBUG: applying selections to coolRunLister
2009-05-02 20:48 - LArCalibL1Calo - INFO: last valid run: 113232
2009-05-02 20:48 - LArCalibL1Calo - INFO: searching for new runs from 113233 to 2147483647
2009-05-02 20:48 - LArCalibL1Calo - DEBUG:  No new valid run. Last known valid run still: 113232
2009-05-02 21:03 - LArCalibL1Calo - INFO: ===> listening for new valid runs <===
2009-05-02 21:03 - LArCalibL1Calo - DEBUG: initialising coolRunLister
2009-05-02 21:03 - LArCalibL1Calo - DEBUG: applying selections to coolRunLister
2009-05-02 21:03 - LArCalibL1Calo - INFO: last valid run: 113232
2009-05-02 21:03 - LArCalibL1Calo - INFO: searching for new runs from 113233 to 2147483647
2009-05-02 21:03 - LArCalibL1Calo - DEBUG:  No new valid run. Last known valid run still: 113232
2009-05-02 21:19 - LArCalibL1Calo - INFO: ===> listening for new valid runs <===
2009-05-02 21:19 - LArCalibL1Calo - DEBUG: initialising coolRunLister
2009-05-02 21:19 - LArCalibL1Calo - DEBUG: applying selections to coolRunLister
2009-05-02 21:19 - LArCalibL1Calo - INFO: last valid run: 113232
2009-05-02 21:19 - LArCalibL1Calo - INFO: searching for new runs from 113233 to 2147483647
2009-05-02 21:19 - LArCalibL1Calo - DEBUG:  No new valid run. Last known valid run still: 113232
2009-05-02 21:34 - LArCalibL1Calo - INFO: ===> listening for new valid runs <===
2009-05-02 21:34 - LArCalibL1Calo - DEBUG: initialising coolRunLister
2009-05-02 21:34 - LArCalibL1Calo - DEBUG: applying selections to coolRunLister
2009-05-02 21:34 - LArCalibL1Calo - INFO: last valid run: 113232
2009-05-02 21:34 - LArCalibL1Calo - INFO: searching for new runs from 113233 to 2147483647
2009-05-02 21:34 - LArCalibL1Calo - DEBUG:  No new valid run. Last known valid run still: 113232
2009-05-02 21:49 - LArCalibL1Calo - INFO: ===> listening for new valid runs <===
2009-05-02 21:49 - LArCalibL1Calo - DEBUG: initialising coolRunLister
2009-05-02 21:49 - LArCalibL1Calo - DEBUG: applying selections to coolRunLister
2009-05-02 21:49 - LArCalibL1Calo - INFO: last valid run: 113232
2009-05-02 21:49 - LArCalibL1Calo - INFO: searching for new runs from 113233 to 2147483647
2009-05-02 21:49 - LArCalibL1Calo - DEBUG:  No new valid run. Last known valid run still: 113232
2009-05-02 22:04 - LArCalibL1Calo - INFO: ===> listening for new valid runs <===
2009-05-02 22:04 - LArCalibL1Calo - DEBUG: initialising coolRunLister
2009-05-02 22:04 - LArCalibL1Calo - DEBUG: applying selections to coolRunLister
2009-05-02 22:04 - LArCalibL1Calo - INFO: last valid run: 113232
2009-05-02 22:04 - LArCalibL1Calo - INFO: searching for new runs from 113233 to 2147483647
2009-05-02 22:04 - LArCalibL1Calo - DEBUG:  No new valid run. Last known valid run still: 113232
2009-05-02 22:19 - LArCalibL1Calo - INFO: ===> listening for new valid runs <===
2009-05-02 22:19 - LArCalibL1Calo - DEBUG: initialising coolRunLister
2009-05-02 22:19 - LArCalibL1Calo - DEBUG: applying selections to coolRunLister
2009-05-02 22:19 - LArCalibL1Calo - INFO: last valid run: 113232
2009-05-02 22:19 - LArCalibL1Calo - INFO: searching for new runs from 113233 to 2147483647
2009-05-02 22:19 - LArCalibL1Calo - DEBUG:  No new valid run. Last known valid run still: 113232
2009-05-02 22:35 - LArCalibL1Calo - INFO: ===> listening for new valid runs <===
2009-05-02 22:35 - LArCalibL1Calo - DEBUG: initialising coolRunLister
2009-05-02 22:35 - LArCalibL1Calo - DEBUG: applying selections to coolRunLister
2009-05-02 22:35 - LArCalibL1Calo - INFO: last valid run: 113232
2009-05-02 22:35 - LArCalibL1Calo - INFO: searching for new runs from 113233 to 2147483647
2009-05-02 22:35 - LArCalibL1Calo - DEBUG:  No new valid run. Last known valid run still: 113232
2009-05-02 22:50 - LArCalibL1Calo - INFO: ===> listening for new valid runs <===
2009-05-02 22:50 - LArCalibL1Calo - DEBUG: initialising coolRunLister
2009-05-02 22:50 - LArCalibL1Calo - DEBUG: applying selections to coolRunLister
2009-05-02 22:50 - LArCalibL1Calo - INFO: last valid run: 113232
2009-05-02 22:50 - LArCalibL1Calo - INFO: searching for new runs from 113233 to 2147483647
2009-05-02 22:50 - LArCalibL1Calo - DEBUG:  No new valid run. Last known valid run still: 113232
2009-05-02 23:05 - LArCalibL1Calo - INFO: ===> listening for new valid runs <===
2009-05-02 23:05 - LArCalibL1Calo - DEBUG: initialising coolRunLister
2009-05-02 23:05 - LArCalibL1Calo - DEBUG: applying selections to coolRunLister
2009-05-02 23:05 - LArCalibL1Calo - INFO: last valid run: 113232
2009-05-02 23:05 - LArCalibL1Calo - INFO: searching for new runs from 113233 to 2147483647
2009-05-02 23:05 - LArCalibL1Calo - DEBUG:  No new valid run. Last known valid run still: 113232
2009-05-02 23:20 - LArCalibL1Calo - INFO: ===> listening for new valid runs <===
2009-05-02 23:20 - LArCalibL1Calo - DEBUG: initialising coolRunLister
2009-05-02 23:20 - LArCalibL1Calo - DEBUG: applying selections to coolRunLister
2009-05-02 23:20 - LArCalibL1Calo - INFO: last valid run: 113232
2009-05-02 23:20 - LArCalibL1Calo - INFO: searching for new runs from 113233 to 2147483647
2009-05-02 23:20 - LArCalibL1Calo - DEBUG:  No new valid run. Last known valid run still: 113232
2009-05-02 23:35 - LArCalibL1Calo - INFO: ===> listening for new valid runs <===
2009-05-02 23:35 - LArCalibL1Calo - DEBUG: initialising coolRunLister
2009-05-02 23:35 - LArCalibL1Calo - DEBUG: applying selections to coolRunLister
2009-05-02 23:35 - LArCalibL1Calo - INFO: last valid run: 113232
2009-05-02 23:35 - LArCalibL1Calo - INFO: searching for new runs from 113233 to 2147483647
2009-05-02 23:35 - LArCalibL1Calo - DEBUG:  No new valid run. Last known valid run still: 113232
2009-05-02 23:51 - LArCalibL1Calo - INFO: ===> listening for new valid runs <===
2009-05-02 23:51 - LArCalibL1Calo - DEBUG: initialising coolRunLister
2009-05-02 23:51 - LArCalibL1Calo - DEBUG: applying selections to coolRunLister
2009-05-02 23:51 - LArCalibL1Calo - INFO: last valid run: 113232
2009-05-02 23:51 - LArCalibL1Calo - INFO: searching for new runs from 113233 to 2147483647
2009-05-02 23:51 - LArCalibL1Calo - DEBUG:  No new valid run. Last known valid run still: 113232
