2009-05-10 00:01 - L1CaloStandalone - INFO: ========================================
2009-05-10 00:01 - L1CaloStandalone - INFO: RunListener in init
2009-05-10 00:01 - L1CaloStandalone - INFO: RunListener initialized
2009-05-10 00:01 - L1CaloStandalone - INFO: ========================================
2009-05-10 00:01 - L1CaloStandalone - INFO: ===> from initRunListener <===
2009-05-10 00:01 - L1CaloStandalone - INFO: 
RunListener L1CaloStandaloneinitialised with the following parameters:
TDAQ DB: COOLONL_TDAQ/COMP200
TRIG DB: COOLONL_TRIGGER/COMP200
Status DB: COOLONL_TDAQ/COMP200
log level: 0
oracle: False
rec. only: True
det. mask: 0
run type: Physics
det. status: 2
det. status tag: HEAD
daq partition: 
 * L1CaloStandalone
tag: 
format: acertd
reverse: False
stoptimestamp: True
cleanstop: True
hasevents: True
last valid run known: 0

2009-05-10 00:16 - L1CaloStandalone - INFO: ===> listening for new valid runs <===
2009-05-10 00:16 - L1CaloStandalone - DEBUG: initialising coolRunLister
2009-05-10 00:16 - L1CaloStandalone - DEBUG: applying selections to coolRunLister
2009-05-10 00:16 - L1CaloStandalone - INFO: last valid run: 113232
2009-05-10 00:16 - L1CaloStandalone - INFO: searching for new runs from 113233 to 2147483647
2009-05-10 00:16 - L1CaloStandalone - DEBUG: new last known run: 114633
2009-05-10 00:16 - L1CaloStandalone - DEBUG: 
     Run   Events  LumiB            StartTime             StopTime L1Events L2Events EFEvents ErrC Rec Cln RunType                  DetectorMask DAQConfiguration     PartitionName    FilenameTag         
  113234     1324      1  2009-04-25:08:18:47  2009-04-25:08:21:38     1324     1324     1324    0  No Yes Physics                    7c00000000 Schema=136:Data=6    L1CaloStandalone data_test           
     Run   Events  LumiB            StartTime             StopTime L1Events L2Events EFEvents ErrC Rec Cln RunType                  DetectorMask DAQConfiguration     PartitionName    FilenameTag         
  113237     1260      1  2009-04-25:09:11:51  2009-04-25:09:13:57     1260     1260     1260    0  No Yes Physics                    7c00000000 Schema=136:Data=6    L1CaloStandalone data_test           
     Run   Events  LumiB            StartTime             StopTime L1Events L2Events EFEvents ErrC Rec Cln RunType                  DetectorMask DAQConfiguration     PartitionName    FilenameTag         
  113282     1264      1  2009-04-26:15:55:34  2009-04-26:15:57:40     1264     1264     1264    0  No Yes Physics                    7c00000000 Schema=136:Data=6    L1CaloStandalone data_test           
     Run   Events  LumiB            StartTime             StopTime L1Events L2Events EFEvents ErrC Rec Cln RunType                  DetectorMask DAQConfiguration     PartitionName    FilenameTag         
  114150     1308      1  2009-05-04:15:12:59  2009-05-04:15:15:51     1308     1308     1308    0  No Yes Physics                    7c00000000 Schema=139:Data=29   L1CaloStandalone data_test           
     Run   Events  LumiB            StartTime             StopTime L1Events L2Events EFEvents ErrC Rec Cln RunType                  DetectorMask DAQConfiguration     PartitionName    FilenameTag         
  114160     1264      1  2009-05-04:15:55:53  2009-05-04:15:57:59     1264     1264     1264    0  No Yes Physics                    7c00000000 Schema=139:Data=29   L1CaloStandalone data_test           
     Run   Events  LumiB            StartTime             StopTime L1Events L2Events EFEvents ErrC Rec Cln RunType                  DetectorMask DAQConfiguration     PartitionName    FilenameTag         
  114163     4133      1  2009-05-04:16:09:49  2009-05-04:16:10:00     4133     4133     4133    0  No Yes Physics                    7c00000000                      L1CaloStandalone data_test           
     Run   Events  LumiB            StartTime             StopTime L1Events L2Events EFEvents ErrC Rec Cln RunType                  DetectorMask DAQConfiguration     PartitionName    FilenameTag         
  114627     1296      1  2009-05-08:13:14:13  2009-05-08:13:17:05     1296     1296     1296    0  No Yes Physics                    7c00000000 Schema=141:Data=107  L1CaloStandalone data_test           
     Run   Events  LumiB            StartTime             StopTime L1Events L2Events EFEvents ErrC Rec Cln RunType                  DetectorMask DAQConfiguration     PartitionName    FilenameTag         
  114633     1264      1  2009-05-08:13:32:05  2009-05-08:13:34:11     1264     1264     1264    0  No Yes Physics                    7c00000000 Schema=141:Data=107  L1CaloStandalone data_test           

2009-05-10 00:32 - L1CaloStandalone - INFO: ===> listening for new valid runs <===
2009-05-10 00:32 - L1CaloStandalone - DEBUG: initialising coolRunLister
2009-05-10 00:32 - L1CaloStandalone - DEBUG: applying selections to coolRunLister
2009-05-10 00:32 - L1CaloStandalone - INFO: last valid run: 114633
2009-05-10 00:32 - L1CaloStandalone - INFO: searching for new runs from 114634 to 2147483647
2009-05-10 00:32 - L1CaloStandalone - DEBUG:  No new valid run. Last known valid run still: 114633
2009-05-10 00:47 - L1CaloStandalone - INFO: ===> listening for new valid runs <===
2009-05-10 00:47 - L1CaloStandalone - DEBUG: initialising coolRunLister
2009-05-10 00:47 - L1CaloStandalone - DEBUG: applying selections to coolRunLister
2009-05-10 00:47 - L1CaloStandalone - INFO: last valid run: 114633
2009-05-10 00:47 - L1CaloStandalone - INFO: searching for new runs from 114634 to 2147483647
2009-05-10 00:47 - L1CaloStandalone - DEBUG:  No new valid run. Last known valid run still: 114633
2009-05-10 01:02 - L1CaloStandalone - INFO: ===> listening for new valid runs <===
2009-05-10 01:02 - L1CaloStandalone - DEBUG: initialising coolRunLister
2009-05-10 01:02 - L1CaloStandalone - DEBUG: applying selections to coolRunLister
2009-05-10 01:02 - L1CaloStandalone - INFO: last valid run: 114633
2009-05-10 01:02 - L1CaloStandalone - INFO: searching for new runs from 114634 to 2147483647
2009-05-10 01:02 - L1CaloStandalone - DEBUG:  No new valid run. Last known valid run still: 114633
2009-05-10 01:17 - L1CaloStandalone - INFO: ===> listening for new valid runs <===
2009-05-10 01:17 - L1CaloStandalone - DEBUG: initialising coolRunLister
2009-05-10 01:17 - L1CaloStandalone - DEBUG: applying selections to coolRunLister
2009-05-10 01:17 - L1CaloStandalone - INFO: last valid run: 114633
2009-05-10 01:17 - L1CaloStandalone - INFO: searching for new runs from 114634 to 2147483647
2009-05-10 01:17 - L1CaloStandalone - DEBUG:  No new valid run. Last known valid run still: 114633
2009-05-10 01:32 - L1CaloStandalone - INFO: ===> listening for new valid runs <===
2009-05-10 01:32 - L1CaloStandalone - DEBUG: initialising coolRunLister
2009-05-10 01:32 - L1CaloStandalone - DEBUG: applying selections to coolRunLister
2009-05-10 01:32 - L1CaloStandalone - INFO: last valid run: 114633
2009-05-10 01:32 - L1CaloStandalone - INFO: searching for new runs from 114634 to 2147483647
2009-05-10 01:33 - L1CaloStandalone - DEBUG:  No new valid run. Last known valid run still: 114633
2009-05-10 01:48 - L1CaloStandalone - INFO: ===> listening for new valid runs <===
2009-05-10 01:48 - L1CaloStandalone - DEBUG: initialising coolRunLister
2009-05-10 01:48 - L1CaloStandalone - DEBUG: applying selections to coolRunLister
2009-05-10 01:48 - L1CaloStandalone - INFO: last valid run: 114633
2009-05-10 01:48 - L1CaloStandalone - INFO: searching for new runs from 114634 to 2147483647
2009-05-10 01:48 - L1CaloStandalone - DEBUG:  No new valid run. Last known valid run still: 114633
2009-05-10 02:03 - L1CaloStandalone - INFO: ===> listening for new valid runs <===
2009-05-10 02:03 - L1CaloStandalone - DEBUG: initialising coolRunLister
2009-05-10 02:03 - L1CaloStandalone - DEBUG: applying selections to coolRunLister
2009-05-10 02:03 - L1CaloStandalone - INFO: last valid run: 114633
2009-05-10 02:03 - L1CaloStandalone - INFO: searching for new runs from 114634 to 2147483647
2009-05-10 02:03 - L1CaloStandalone - DEBUG:  No new valid run. Last known valid run still: 114633
2009-05-10 02:18 - L1CaloStandalone - INFO: ===> listening for new valid runs <===
2009-05-10 02:18 - L1CaloStandalone - DEBUG: initialising coolRunLister
2009-05-10 02:18 - L1CaloStandalone - DEBUG: applying selections to coolRunLister
2009-05-10 02:18 - L1CaloStandalone - INFO: last valid run: 114633
2009-05-10 02:18 - L1CaloStandalone - INFO: searching for new runs from 114634 to 2147483647
2009-05-10 02:18 - L1CaloStandalone - DEBUG:  No new valid run. Last known valid run still: 114633
2009-05-10 02:33 - L1CaloStandalone - INFO: ===> listening for new valid runs <===
2009-05-10 02:33 - L1CaloStandalone - DEBUG: initialising coolRunLister
2009-05-10 02:33 - L1CaloStandalone - DEBUG: applying selections to coolRunLister
2009-05-10 02:33 - L1CaloStandalone - INFO: last valid run: 114633
2009-05-10 02:33 - L1CaloStandalone - INFO: searching for new runs from 114634 to 2147483647
2009-05-10 02:33 - L1CaloStandalone - DEBUG:  No new valid run. Last known valid run still: 114633
2009-05-10 02:49 - L1CaloStandalone - INFO: ===> listening for new valid runs <===
2009-05-10 02:49 - L1CaloStandalone - DEBUG: initialising coolRunLister
2009-05-10 02:49 - L1CaloStandalone - DEBUG: applying selections to coolRunLister
2009-05-10 02:49 - L1CaloStandalone - INFO: last valid run: 114633
2009-05-10 02:49 - L1CaloStandalone - INFO: searching for new runs from 114634 to 2147483647
2009-05-10 02:49 - L1CaloStandalone - DEBUG:  No new valid run. Last known valid run still: 114633
2009-05-10 03:04 - L1CaloStandalone - INFO: ===> listening for new valid runs <===
2009-05-10 03:04 - L1CaloStandalone - DEBUG: initialising coolRunLister
2009-05-10 03:04 - L1CaloStandalone - DEBUG: applying selections to coolRunLister
2009-05-10 03:04 - L1CaloStandalone - INFO: last valid run: 114633
2009-05-10 03:04 - L1CaloStandalone - INFO: searching for new runs from 114634 to 2147483647
2009-05-10 03:04 - L1CaloStandalone - DEBUG:  No new valid run. Last known valid run still: 114633
2009-05-10 03:19 - L1CaloStandalone - INFO: ===> listening for new valid runs <===
2009-05-10 03:19 - L1CaloStandalone - DEBUG: initialising coolRunLister
2009-05-10 03:19 - L1CaloStandalone - DEBUG: applying selections to coolRunLister
2009-05-10 03:19 - L1CaloStandalone - INFO: last valid run: 114633
2009-05-10 03:19 - L1CaloStandalone - INFO: searching for new runs from 114634 to 2147483647
2009-05-10 03:19 - L1CaloStandalone - DEBUG:  No new valid run. Last known valid run still: 114633
2009-05-10 03:34 - L1CaloStandalone - INFO: ===> listening for new valid runs <===
2009-05-10 03:34 - L1CaloStandalone - DEBUG: initialising coolRunLister
2009-05-10 03:34 - L1CaloStandalone - DEBUG: applying selections to coolRunLister
2009-05-10 03:34 - L1CaloStandalone - INFO: last valid run: 114633
2009-05-10 03:34 - L1CaloStandalone - INFO: searching for new runs from 114634 to 2147483647
2009-05-10 03:34 - L1CaloStandalone - DEBUG:  No new valid run. Last known valid run still: 114633
2009-05-10 03:49 - L1CaloStandalone - INFO: ===> listening for new valid runs <===
2009-05-10 03:49 - L1CaloStandalone - DEBUG: initialising coolRunLister
2009-05-10 03:49 - L1CaloStandalone - DEBUG: applying selections to coolRunLister
2009-05-10 03:49 - L1CaloStandalone - INFO: last valid run: 114633
2009-05-10 03:49 - L1CaloStandalone - INFO: searching for new runs from 114634 to 2147483647
2009-05-10 03:49 - L1CaloStandalone - DEBUG:  No new valid run. Last known valid run still: 114633
2009-05-10 04:05 - L1CaloStandalone - INFO: ===> listening for new valid runs <===
2009-05-10 04:05 - L1CaloStandalone - DEBUG: initialising coolRunLister
2009-05-10 04:05 - L1CaloStandalone - DEBUG: applying selections to coolRunLister
2009-05-10 04:05 - L1CaloStandalone - INFO: last valid run: 114633
2009-05-10 04:05 - L1CaloStandalone - INFO: searching for new runs from 114634 to 2147483647
2009-05-10 04:05 - L1CaloStandalone - DEBUG:  No new valid run. Last known valid run still: 114633
2009-05-10 04:20 - L1CaloStandalone - INFO: ===> listening for new valid runs <===
2009-05-10 04:20 - L1CaloStandalone - DEBUG: initialising coolRunLister
2009-05-10 04:20 - L1CaloStandalone - DEBUG: applying selections to coolRunLister
2009-05-10 04:20 - L1CaloStandalone - INFO: last valid run: 114633
2009-05-10 04:20 - L1CaloStandalone - INFO: searching for new runs from 114634 to 2147483647
2009-05-10 04:20 - L1CaloStandalone - DEBUG:  No new valid run. Last known valid run still: 114633
2009-05-10 04:35 - L1CaloStandalone - INFO: ===> listening for new valid runs <===
2009-05-10 04:35 - L1CaloStandalone - DEBUG: initialising coolRunLister
2009-05-10 04:35 - L1CaloStandalone - DEBUG: applying selections to coolRunLister
2009-05-10 04:35 - L1CaloStandalone - INFO: last valid run: 114633
2009-05-10 04:35 - L1CaloStandalone - INFO: searching for new runs from 114634 to 2147483647
2009-05-10 04:35 - L1CaloStandalone - DEBUG:  No new valid run. Last known valid run still: 114633
2009-05-10 04:50 - L1CaloStandalone - INFO: ===> listening for new valid runs <===
2009-05-10 04:50 - L1CaloStandalone - DEBUG: initialising coolRunLister
2009-05-10 04:50 - L1CaloStandalone - DEBUG: applying selections to coolRunLister
2009-05-10 04:50 - L1CaloStandalone - INFO: last valid run: 114633
2009-05-10 04:50 - L1CaloStandalone - INFO: searching for new runs from 114634 to 2147483647
2009-05-10 04:50 - L1CaloStandalone - DEBUG:  No new valid run. Last known valid run still: 114633
2009-05-10 05:06 - L1CaloStandalone - INFO: ===> listening for new valid runs <===
2009-05-10 05:06 - L1CaloStandalone - DEBUG: initialising coolRunLister
2009-05-10 05:06 - L1CaloStandalone - DEBUG: applying selections to coolRunLister
2009-05-10 05:06 - L1CaloStandalone - INFO: last valid run: 114633
2009-05-10 05:06 - L1CaloStandalone - INFO: searching for new runs from 114634 to 2147483647
2009-05-10 05:06 - L1CaloStandalone - DEBUG:  No new valid run. Last known valid run still: 114633
2009-05-10 05:21 - L1CaloStandalone - INFO: ===> listening for new valid runs <===
2009-05-10 05:21 - L1CaloStandalone - DEBUG: initialising coolRunLister
2009-05-10 05:21 - L1CaloStandalone - DEBUG: applying selections to coolRunLister
2009-05-10 05:21 - L1CaloStandalone - INFO: last valid run: 114633
2009-05-10 05:21 - L1CaloStandalone - INFO: searching for new runs from 114634 to 2147483647
2009-05-10 05:21 - L1CaloStandalone - DEBUG:  No new valid run. Last known valid run still: 114633
2009-05-10 05:36 - L1CaloStandalone - INFO: ===> listening for new valid runs <===
2009-05-10 05:36 - L1CaloStandalone - DEBUG: initialising coolRunLister
2009-05-10 05:36 - L1CaloStandalone - DEBUG: applying selections to coolRunLister
2009-05-10 05:36 - L1CaloStandalone - INFO: last valid run: 114633
2009-05-10 05:36 - L1CaloStandalone - INFO: searching for new runs from 114634 to 2147483647
2009-05-10 05:36 - L1CaloStandalone - DEBUG:  No new valid run. Last known valid run still: 114633
2009-05-10 05:51 - L1CaloStandalone - INFO: ===> listening for new valid runs <===
2009-05-10 05:51 - L1CaloStandalone - DEBUG: initialising coolRunLister
2009-05-10 05:51 - L1CaloStandalone - DEBUG: applying selections to coolRunLister
2009-05-10 05:51 - L1CaloStandalone - INFO: last valid run: 114633
2009-05-10 05:51 - L1CaloStandalone - INFO: searching for new runs from 114634 to 2147483647
2009-05-10 05:51 - L1CaloStandalone - DEBUG:  No new valid run. Last known valid run still: 114633
2009-05-10 06:06 - L1CaloStandalone - INFO: ===> listening for new valid runs <===
2009-05-10 06:06 - L1CaloStandalone - DEBUG: initialising coolRunLister
2009-05-10 06:06 - L1CaloStandalone - DEBUG: applying selections to coolRunLister
2009-05-10 06:06 - L1CaloStandalone - INFO: last valid run: 114633
2009-05-10 06:06 - L1CaloStandalone - INFO: searching for new runs from 114634 to 2147483647
2009-05-10 06:06 - L1CaloStandalone - DEBUG:  No new valid run. Last known valid run still: 114633
2009-05-10 06:22 - L1CaloStandalone - INFO: ===> listening for new valid runs <===
2009-05-10 06:22 - L1CaloStandalone - DEBUG: initialising coolRunLister
2009-05-10 06:22 - L1CaloStandalone - DEBUG: applying selections to coolRunLister
2009-05-10 06:22 - L1CaloStandalone - INFO: last valid run: 114633
2009-05-10 06:22 - L1CaloStandalone - INFO: searching for new runs from 114634 to 2147483647
2009-05-10 06:22 - L1CaloStandalone - DEBUG:  No new valid run. Last known valid run still: 114633
2009-05-10 06:37 - L1CaloStandalone - INFO: ===> listening for new valid runs <===
2009-05-10 06:37 - L1CaloStandalone - DEBUG: initialising coolRunLister
2009-05-10 06:37 - L1CaloStandalone - DEBUG: applying selections to coolRunLister
2009-05-10 06:37 - L1CaloStandalone - INFO: last valid run: 114633
2009-05-10 06:37 - L1CaloStandalone - INFO: searching for new runs from 114634 to 2147483647
2009-05-10 06:37 - L1CaloStandalone - DEBUG:  No new valid run. Last known valid run still: 114633
2009-05-10 06:52 - L1CaloStandalone - INFO: ===> listening for new valid runs <===
2009-05-10 06:52 - L1CaloStandalone - DEBUG: initialising coolRunLister
2009-05-10 06:52 - L1CaloStandalone - DEBUG: applying selections to coolRunLister
2009-05-10 06:52 - L1CaloStandalone - INFO: last valid run: 114633
2009-05-10 06:52 - L1CaloStandalone - INFO: searching for new runs from 114634 to 2147483647
2009-05-10 06:52 - L1CaloStandalone - DEBUG:  No new valid run. Last known valid run still: 114633
2009-05-10 07:07 - L1CaloStandalone - INFO: ===> listening for new valid runs <===
2009-05-10 07:07 - L1CaloStandalone - DEBUG: initialising coolRunLister
2009-05-10 07:07 - L1CaloStandalone - DEBUG: applying selections to coolRunLister
2009-05-10 07:07 - L1CaloStandalone - INFO: last valid run: 114633
2009-05-10 07:07 - L1CaloStandalone - INFO: searching for new runs from 114634 to 2147483647
2009-05-10 07:07 - L1CaloStandalone - DEBUG:  No new valid run. Last known valid run still: 114633
2009-05-10 07:22 - L1CaloStandalone - INFO: ===> listening for new valid runs <===
2009-05-10 07:22 - L1CaloStandalone - DEBUG: initialising coolRunLister
2009-05-10 07:22 - L1CaloStandalone - DEBUG: applying selections to coolRunLister
2009-05-10 07:22 - L1CaloStandalone - INFO: last valid run: 114633
2009-05-10 07:22 - L1CaloStandalone - INFO: searching for new runs from 114634 to 2147483647
2009-05-10 07:22 - L1CaloStandalone - DEBUG:  No new valid run. Last known valid run still: 114633
2009-05-10 07:38 - L1CaloStandalone - INFO: ===> listening for new valid runs <===
2009-05-10 07:38 - L1CaloStandalone - DEBUG: initialising coolRunLister
2009-05-10 07:38 - L1CaloStandalone - DEBUG: applying selections to coolRunLister
2009-05-10 07:38 - L1CaloStandalone - INFO: last valid run: 114633
2009-05-10 07:38 - L1CaloStandalone - INFO: searching for new runs from 114634 to 2147483647
2009-05-10 07:38 - L1CaloStandalone - DEBUG:  No new valid run. Last known valid run still: 114633
2009-05-10 07:53 - L1CaloStandalone - INFO: ===> listening for new valid runs <===
2009-05-10 07:53 - L1CaloStandalone - DEBUG: initialising coolRunLister
2009-05-10 07:53 - L1CaloStandalone - DEBUG: applying selections to coolRunLister
2009-05-10 07:53 - L1CaloStandalone - INFO: last valid run: 114633
2009-05-10 07:53 - L1CaloStandalone - INFO: searching for new runs from 114634 to 2147483647
2009-05-10 07:53 - L1CaloStandalone - DEBUG:  No new valid run. Last known valid run still: 114633
2009-05-10 08:08 - L1CaloStandalone - INFO: ===> listening for new valid runs <===
2009-05-10 08:08 - L1CaloStandalone - DEBUG: initialising coolRunLister
2009-05-10 08:08 - L1CaloStandalone - DEBUG: applying selections to coolRunLister
2009-05-10 08:08 - L1CaloStandalone - INFO: last valid run: 114633
2009-05-10 08:08 - L1CaloStandalone - INFO: searching for new runs from 114634 to 2147483647
2009-05-10 08:08 - L1CaloStandalone - DEBUG:  No new valid run. Last known valid run still: 114633
2009-05-10 08:23 - L1CaloStandalone - INFO: ===> listening for new valid runs <===
2009-05-10 08:23 - L1CaloStandalone - DEBUG: initialising coolRunLister
2009-05-10 08:23 - L1CaloStandalone - DEBUG: applying selections to coolRunLister
2009-05-10 08:23 - L1CaloStandalone - INFO: last valid run: 114633
2009-05-10 08:23 - L1CaloStandalone - INFO: searching for new runs from 114634 to 2147483647
2009-05-10 08:23 - L1CaloStandalone - DEBUG:  No new valid run. Last known valid run still: 114633
2009-05-10 08:39 - L1CaloStandalone - INFO: ===> listening for new valid runs <===
2009-05-10 08:39 - L1CaloStandalone - DEBUG: initialising coolRunLister
2009-05-10 08:39 - L1CaloStandalone - DEBUG: applying selections to coolRunLister
2009-05-10 08:39 - L1CaloStandalone - INFO: last valid run: 114633
2009-05-10 08:39 - L1CaloStandalone - INFO: searching for new runs from 114634 to 2147483647
2009-05-10 08:39 - L1CaloStandalone - DEBUG:  No new valid run. Last known valid run still: 114633
2009-05-10 08:54 - L1CaloStandalone - INFO: ===> listening for new valid runs <===
2009-05-10 08:54 - L1CaloStandalone - DEBUG: initialising coolRunLister
2009-05-10 08:54 - L1CaloStandalone - DEBUG: applying selections to coolRunLister
2009-05-10 08:54 - L1CaloStandalone - INFO: last valid run: 114633
2009-05-10 08:54 - L1CaloStandalone - INFO: searching for new runs from 114634 to 2147483647
2009-05-10 08:54 - L1CaloStandalone - DEBUG:  No new valid run. Last known valid run still: 114633
2009-05-10 09:09 - L1CaloStandalone - INFO: ===> listening for new valid runs <===
2009-05-10 09:09 - L1CaloStandalone - DEBUG: initialising coolRunLister
2009-05-10 09:09 - L1CaloStandalone - DEBUG: applying selections to coolRunLister
2009-05-10 09:09 - L1CaloStandalone - INFO: last valid run: 114633
2009-05-10 09:09 - L1CaloStandalone - INFO: searching for new runs from 114634 to 2147483647
2009-05-10 09:09 - L1CaloStandalone - DEBUG:  No new valid run. Last known valid run still: 114633
2009-05-10 09:24 - L1CaloStandalone - INFO: ===> listening for new valid runs <===
2009-05-10 09:24 - L1CaloStandalone - DEBUG: initialising coolRunLister
2009-05-10 09:24 - L1CaloStandalone - DEBUG: applying selections to coolRunLister
2009-05-10 09:24 - L1CaloStandalone - INFO: last valid run: 114633
2009-05-10 09:24 - L1CaloStandalone - INFO: searching for new runs from 114634 to 2147483647
2009-05-10 09:24 - L1CaloStandalone - DEBUG:  No new valid run. Last known valid run still: 114633
2009-05-10 09:39 - L1CaloStandalone - INFO: ===> listening for new valid runs <===
2009-05-10 09:39 - L1CaloStandalone - DEBUG: initialising coolRunLister
2009-05-10 09:39 - L1CaloStandalone - DEBUG: applying selections to coolRunLister
2009-05-10 09:39 - L1CaloStandalone - INFO: last valid run: 114633
2009-05-10 09:39 - L1CaloStandalone - INFO: searching for new runs from 114634 to 2147483647
2009-05-10 09:39 - L1CaloStandalone - DEBUG:  No new valid run. Last known valid run still: 114633
2009-05-10 09:55 - L1CaloStandalone - INFO: ===> listening for new valid runs <===
2009-05-10 09:55 - L1CaloStandalone - DEBUG: initialising coolRunLister
2009-05-10 09:55 - L1CaloStandalone - DEBUG: applying selections to coolRunLister
2009-05-10 09:55 - L1CaloStandalone - INFO: last valid run: 114633
2009-05-10 09:55 - L1CaloStandalone - INFO: searching for new runs from 114634 to 2147483647
2009-05-10 09:55 - L1CaloStandalone - DEBUG:  No new valid run. Last known valid run still: 114633
2009-05-10 10:10 - L1CaloStandalone - INFO: ===> listening for new valid runs <===
2009-05-10 10:10 - L1CaloStandalone - DEBUG: initialising coolRunLister
2009-05-10 10:10 - L1CaloStandalone - DEBUG: applying selections to coolRunLister
2009-05-10 10:10 - L1CaloStandalone - INFO: last valid run: 114633
2009-05-10 10:10 - L1CaloStandalone - INFO: searching for new runs from 114634 to 2147483647
2009-05-10 10:10 - L1CaloStandalone - DEBUG:  No new valid run. Last known valid run still: 114633
2009-05-10 10:25 - L1CaloStandalone - INFO: ===> listening for new valid runs <===
2009-05-10 10:25 - L1CaloStandalone - DEBUG: initialising coolRunLister
2009-05-10 10:25 - L1CaloStandalone - DEBUG: applying selections to coolRunLister
2009-05-10 10:25 - L1CaloStandalone - INFO: last valid run: 114633
2009-05-10 10:25 - L1CaloStandalone - INFO: searching for new runs from 114634 to 2147483647
2009-05-10 10:25 - L1CaloStandalone - DEBUG:  No new valid run. Last known valid run still: 114633
2009-05-10 10:40 - L1CaloStandalone - INFO: ===> listening for new valid runs <===
2009-05-10 10:40 - L1CaloStandalone - DEBUG: initialising coolRunLister
2009-05-10 10:40 - L1CaloStandalone - DEBUG: applying selections to coolRunLister
2009-05-10 10:40 - L1CaloStandalone - INFO: last valid run: 114633
2009-05-10 10:40 - L1CaloStandalone - INFO: searching for new runs from 114634 to 2147483647
2009-05-10 10:40 - L1CaloStandalone - DEBUG:  No new valid run. Last known valid run still: 114633
2009-05-10 10:56 - L1CaloStandalone - INFO: ===> listening for new valid runs <===
2009-05-10 10:56 - L1CaloStandalone - DEBUG: initialising coolRunLister
2009-05-10 10:56 - L1CaloStandalone - DEBUG: applying selections to coolRunLister
2009-05-10 10:56 - L1CaloStandalone - INFO: last valid run: 114633
2009-05-10 10:56 - L1CaloStandalone - INFO: searching for new runs from 114634 to 2147483647
2009-05-10 10:56 - L1CaloStandalone - DEBUG:  No new valid run. Last known valid run still: 114633
2009-05-10 11:11 - L1CaloStandalone - INFO: ===> listening for new valid runs <===
2009-05-10 11:11 - L1CaloStandalone - DEBUG: initialising coolRunLister
2009-05-10 11:11 - L1CaloStandalone - DEBUG: applying selections to coolRunLister
2009-05-10 11:11 - L1CaloStandalone - INFO: last valid run: 114633
2009-05-10 11:11 - L1CaloStandalone - INFO: searching for new runs from 114634 to 2147483647
2009-05-10 11:11 - L1CaloStandalone - DEBUG:  No new valid run. Last known valid run still: 114633
2009-05-10 11:26 - L1CaloStandalone - INFO: ===> listening for new valid runs <===
2009-05-10 11:26 - L1CaloStandalone - DEBUG: initialising coolRunLister
2009-05-10 11:26 - L1CaloStandalone - DEBUG: applying selections to coolRunLister
2009-05-10 11:26 - L1CaloStandalone - INFO: last valid run: 114633
2009-05-10 11:26 - L1CaloStandalone - INFO: searching for new runs from 114634 to 2147483647
2009-05-10 11:26 - L1CaloStandalone - DEBUG:  No new valid run. Last known valid run still: 114633
2009-05-10 11:41 - L1CaloStandalone - INFO: ===> listening for new valid runs <===
2009-05-10 11:41 - L1CaloStandalone - DEBUG: initialising coolRunLister
2009-05-10 11:41 - L1CaloStandalone - DEBUG: applying selections to coolRunLister
2009-05-10 11:41 - L1CaloStandalone - INFO: last valid run: 114633
2009-05-10 11:41 - L1CaloStandalone - INFO: searching for new runs from 114634 to 2147483647
2009-05-10 11:41 - L1CaloStandalone - DEBUG:  No new valid run. Last known valid run still: 114633
2009-05-10 11:56 - L1CaloStandalone - INFO: ===> listening for new valid runs <===
2009-05-10 11:56 - L1CaloStandalone - DEBUG: initialising coolRunLister
2009-05-10 11:56 - L1CaloStandalone - DEBUG: applying selections to coolRunLister
2009-05-10 11:56 - L1CaloStandalone - INFO: last valid run: 114633
2009-05-10 11:56 - L1CaloStandalone - INFO: searching for new runs from 114634 to 2147483647
2009-05-10 11:57 - L1CaloStandalone - DEBUG:  No new valid run. Last known valid run still: 114633
2009-05-10 12:12 - L1CaloStandalone - INFO: ===> listening for new valid runs <===
2009-05-10 12:12 - L1CaloStandalone - DEBUG: initialising coolRunLister
2009-05-10 12:12 - L1CaloStandalone - DEBUG: applying selections to coolRunLister
2009-05-10 12:12 - L1CaloStandalone - INFO: last valid run: 114633
2009-05-10 12:12 - L1CaloStandalone - INFO: searching for new runs from 114634 to 2147483647
2009-05-10 12:12 - L1CaloStandalone - DEBUG:  No new valid run. Last known valid run still: 114633
2009-05-10 12:27 - L1CaloStandalone - INFO: ===> listening for new valid runs <===
2009-05-10 12:27 - L1CaloStandalone - DEBUG: initialising coolRunLister
2009-05-10 12:27 - L1CaloStandalone - DEBUG: applying selections to coolRunLister
2009-05-10 12:27 - L1CaloStandalone - INFO: last valid run: 114633
2009-05-10 12:27 - L1CaloStandalone - INFO: searching for new runs from 114634 to 2147483647
2009-05-10 12:27 - L1CaloStandalone - DEBUG:  No new valid run. Last known valid run still: 114633
2009-05-10 12:42 - L1CaloStandalone - INFO: ===> listening for new valid runs <===
2009-05-10 12:42 - L1CaloStandalone - DEBUG: initialising coolRunLister
2009-05-10 12:42 - L1CaloStandalone - DEBUG: applying selections to coolRunLister
2009-05-10 12:42 - L1CaloStandalone - INFO: last valid run: 114633
2009-05-10 12:42 - L1CaloStandalone - INFO: searching for new runs from 114634 to 2147483647
2009-05-10 12:42 - L1CaloStandalone - DEBUG:  No new valid run. Last known valid run still: 114633
2009-05-10 12:57 - L1CaloStandalone - INFO: ===> listening for new valid runs <===
2009-05-10 12:57 - L1CaloStandalone - DEBUG: initialising coolRunLister
2009-05-10 12:57 - L1CaloStandalone - DEBUG: applying selections to coolRunLister
2009-05-10 12:57 - L1CaloStandalone - INFO: last valid run: 114633
2009-05-10 12:57 - L1CaloStandalone - INFO: searching for new runs from 114634 to 2147483647
2009-05-10 12:57 - L1CaloStandalone - DEBUG:  No new valid run. Last known valid run still: 114633
2009-05-10 13:13 - L1CaloStandalone - INFO: ===> listening for new valid runs <===
2009-05-10 13:13 - L1CaloStandalone - DEBUG: initialising coolRunLister
2009-05-10 13:13 - L1CaloStandalone - DEBUG: applying selections to coolRunLister
2009-05-10 13:13 - L1CaloStandalone - INFO: last valid run: 114633
2009-05-10 13:13 - L1CaloStandalone - INFO: searching for new runs from 114634 to 2147483647
2009-05-10 13:13 - L1CaloStandalone - DEBUG:  No new valid run. Last known valid run still: 114633
2009-05-10 13:28 - L1CaloStandalone - INFO: ===> listening for new valid runs <===
2009-05-10 13:28 - L1CaloStandalone - DEBUG: initialising coolRunLister
2009-05-10 13:28 - L1CaloStandalone - DEBUG: applying selections to coolRunLister
2009-05-10 13:28 - L1CaloStandalone - INFO: last valid run: 114633
2009-05-10 13:28 - L1CaloStandalone - INFO: searching for new runs from 114634 to 2147483647
2009-05-10 13:28 - L1CaloStandalone - DEBUG:  No new valid run. Last known valid run still: 114633
2009-05-10 13:43 - L1CaloStandalone - INFO: ===> listening for new valid runs <===
2009-05-10 13:43 - L1CaloStandalone - DEBUG: initialising coolRunLister
2009-05-10 13:43 - L1CaloStandalone - DEBUG: applying selections to coolRunLister
2009-05-10 13:43 - L1CaloStandalone - INFO: last valid run: 114633
2009-05-10 13:43 - L1CaloStandalone - INFO: searching for new runs from 114634 to 2147483647
2009-05-10 13:43 - L1CaloStandalone - DEBUG:  No new valid run. Last known valid run still: 114633
2009-05-10 13:58 - L1CaloStandalone - INFO: ===> listening for new valid runs <===
2009-05-10 13:58 - L1CaloStandalone - DEBUG: initialising coolRunLister
2009-05-10 13:58 - L1CaloStandalone - DEBUG: applying selections to coolRunLister
2009-05-10 13:58 - L1CaloStandalone - INFO: last valid run: 114633
2009-05-10 13:58 - L1CaloStandalone - INFO: searching for new runs from 114634 to 2147483647
2009-05-10 13:58 - L1CaloStandalone - DEBUG:  No new valid run. Last known valid run still: 114633
2009-05-10 14:14 - L1CaloStandalone - INFO: ===> listening for new valid runs <===
2009-05-10 14:14 - L1CaloStandalone - DEBUG: initialising coolRunLister
2009-05-10 14:14 - L1CaloStandalone - DEBUG: applying selections to coolRunLister
2009-05-10 14:14 - L1CaloStandalone - INFO: last valid run: 114633
2009-05-10 14:14 - L1CaloStandalone - INFO: searching for new runs from 114634 to 2147483647
2009-05-10 14:14 - L1CaloStandalone - DEBUG:  No new valid run. Last known valid run still: 114633
2009-05-10 14:29 - L1CaloStandalone - INFO: ===> listening for new valid runs <===
2009-05-10 14:29 - L1CaloStandalone - DEBUG: initialising coolRunLister
2009-05-10 14:29 - L1CaloStandalone - DEBUG: applying selections to coolRunLister
2009-05-10 14:29 - L1CaloStandalone - INFO: last valid run: 114633
2009-05-10 14:29 - L1CaloStandalone - INFO: searching for new runs from 114634 to 2147483647
2009-05-10 14:29 - L1CaloStandalone - DEBUG:  No new valid run. Last known valid run still: 114633
2009-05-10 14:44 - L1CaloStandalone - INFO: ===> listening for new valid runs <===
2009-05-10 14:44 - L1CaloStandalone - DEBUG: initialising coolRunLister
2009-05-10 14:44 - L1CaloStandalone - DEBUG: applying selections to coolRunLister
2009-05-10 14:44 - L1CaloStandalone - INFO: last valid run: 114633
2009-05-10 14:44 - L1CaloStandalone - INFO: searching for new runs from 114634 to 2147483647
2009-05-10 14:44 - L1CaloStandalone - DEBUG:  No new valid run. Last known valid run still: 114633
2009-05-10 14:59 - L1CaloStandalone - INFO: ===> listening for new valid runs <===
2009-05-10 14:59 - L1CaloStandalone - DEBUG: initialising coolRunLister
2009-05-10 14:59 - L1CaloStandalone - DEBUG: applying selections to coolRunLister
2009-05-10 14:59 - L1CaloStandalone - INFO: last valid run: 114633
2009-05-10 14:59 - L1CaloStandalone - INFO: searching for new runs from 114634 to 2147483647
2009-05-10 14:59 - L1CaloStandalone - DEBUG:  No new valid run. Last known valid run still: 114633
2009-05-10 15:14 - L1CaloStandalone - INFO: ===> listening for new valid runs <===
2009-05-10 15:14 - L1CaloStandalone - DEBUG: initialising coolRunLister
2009-05-10 15:14 - L1CaloStandalone - DEBUG: applying selections to coolRunLister
2009-05-10 15:14 - L1CaloStandalone - INFO: last valid run: 114633
2009-05-10 15:14 - L1CaloStandalone - INFO: searching for new runs from 114634 to 2147483647
2009-05-10 15:14 - L1CaloStandalone - DEBUG:  No new valid run. Last known valid run still: 114633
2009-05-10 15:30 - L1CaloStandalone - INFO: ===> listening for new valid runs <===
2009-05-10 15:30 - L1CaloStandalone - DEBUG: initialising coolRunLister
2009-05-10 15:30 - L1CaloStandalone - DEBUG: applying selections to coolRunLister
2009-05-10 15:30 - L1CaloStandalone - INFO: last valid run: 114633
2009-05-10 15:30 - L1CaloStandalone - INFO: searching for new runs from 114634 to 2147483647
2009-05-10 15:30 - L1CaloStandalone - DEBUG:  No new valid run. Last known valid run still: 114633
2009-05-10 15:45 - L1CaloStandalone - INFO: ===> listening for new valid runs <===
2009-05-10 15:45 - L1CaloStandalone - DEBUG: initialising coolRunLister
2009-05-10 15:45 - L1CaloStandalone - DEBUG: applying selections to coolRunLister
2009-05-10 15:45 - L1CaloStandalone - INFO: last valid run: 114633
2009-05-10 15:45 - L1CaloStandalone - INFO: searching for new runs from 114634 to 2147483647
2009-05-10 15:45 - L1CaloStandalone - DEBUG:  No new valid run. Last known valid run still: 114633
2009-05-10 16:00 - L1CaloStandalone - INFO: ===> listening for new valid runs <===
2009-05-10 16:00 - L1CaloStandalone - DEBUG: initialising coolRunLister
2009-05-10 16:00 - L1CaloStandalone - DEBUG: applying selections to coolRunLister
2009-05-10 16:00 - L1CaloStandalone - INFO: last valid run: 114633
2009-05-10 16:00 - L1CaloStandalone - INFO: searching for new runs from 114634 to 2147483647
2009-05-10 16:00 - L1CaloStandalone - DEBUG:  No new valid run. Last known valid run still: 114633
2009-05-10 16:15 - L1CaloStandalone - INFO: ===> listening for new valid runs <===
2009-05-10 16:15 - L1CaloStandalone - DEBUG: initialising coolRunLister
2009-05-10 16:15 - L1CaloStandalone - DEBUG: applying selections to coolRunLister
2009-05-10 16:15 - L1CaloStandalone - INFO: last valid run: 114633
2009-05-10 16:15 - L1CaloStandalone - INFO: searching for new runs from 114634 to 2147483647
2009-05-10 16:15 - L1CaloStandalone - DEBUG:  No new valid run. Last known valid run still: 114633
2009-05-10 16:31 - L1CaloStandalone - INFO: ===> listening for new valid runs <===
2009-05-10 16:31 - L1CaloStandalone - DEBUG: initialising coolRunLister
2009-05-10 16:31 - L1CaloStandalone - DEBUG: applying selections to coolRunLister
2009-05-10 16:31 - L1CaloStandalone - INFO: last valid run: 114633
2009-05-10 16:31 - L1CaloStandalone - INFO: searching for new runs from 114634 to 2147483647
2009-05-10 16:31 - L1CaloStandalone - DEBUG:  No new valid run. Last known valid run still: 114633
2009-05-10 16:46 - L1CaloStandalone - INFO: ===> listening for new valid runs <===
2009-05-10 16:46 - L1CaloStandalone - DEBUG: initialising coolRunLister
2009-05-10 16:46 - L1CaloStandalone - DEBUG: applying selections to coolRunLister
2009-05-10 16:46 - L1CaloStandalone - INFO: last valid run: 114633
2009-05-10 16:46 - L1CaloStandalone - INFO: searching for new runs from 114634 to 2147483647
2009-05-10 16:46 - L1CaloStandalone - DEBUG:  No new valid run. Last known valid run still: 114633
2009-05-10 17:01 - L1CaloStandalone - INFO: ===> listening for new valid runs <===
2009-05-10 17:01 - L1CaloStandalone - DEBUG: initialising coolRunLister
2009-05-10 17:01 - L1CaloStandalone - DEBUG: applying selections to coolRunLister
2009-05-10 17:01 - L1CaloStandalone - INFO: last valid run: 114633
2009-05-10 17:01 - L1CaloStandalone - INFO: searching for new runs from 114634 to 2147483647
2009-05-10 17:01 - L1CaloStandalone - DEBUG:  No new valid run. Last known valid run still: 114633
2009-05-10 17:16 - L1CaloStandalone - INFO: ===> listening for new valid runs <===
2009-05-10 17:16 - L1CaloStandalone - DEBUG: initialising coolRunLister
2009-05-10 17:16 - L1CaloStandalone - DEBUG: applying selections to coolRunLister
2009-05-10 17:16 - L1CaloStandalone - INFO: last valid run: 114633
2009-05-10 17:16 - L1CaloStandalone - INFO: searching for new runs from 114634 to 2147483647
2009-05-10 17:16 - L1CaloStandalone - DEBUG:  No new valid run. Last known valid run still: 114633
2009-05-10 17:31 - L1CaloStandalone - INFO: ===> listening for new valid runs <===
2009-05-10 17:31 - L1CaloStandalone - DEBUG: initialising coolRunLister
2009-05-10 17:31 - L1CaloStandalone - DEBUG: applying selections to coolRunLister
2009-05-10 17:31 - L1CaloStandalone - INFO: last valid run: 114633
2009-05-10 17:31 - L1CaloStandalone - INFO: searching for new runs from 114634 to 2147483647
2009-05-10 17:32 - L1CaloStandalone - DEBUG:  No new valid run. Last known valid run still: 114633
2009-05-10 17:47 - L1CaloStandalone - INFO: ===> listening for new valid runs <===
2009-05-10 17:47 - L1CaloStandalone - DEBUG: initialising coolRunLister
2009-05-10 17:47 - L1CaloStandalone - DEBUG: applying selections to coolRunLister
2009-05-10 17:47 - L1CaloStandalone - INFO: last valid run: 114633
2009-05-10 17:47 - L1CaloStandalone - INFO: searching for new runs from 114634 to 2147483647
2009-05-10 17:47 - L1CaloStandalone - DEBUG:  No new valid run. Last known valid run still: 114633
2009-05-10 18:02 - L1CaloStandalone - INFO: ===> listening for new valid runs <===
2009-05-10 18:02 - L1CaloStandalone - DEBUG: initialising coolRunLister
2009-05-10 18:02 - L1CaloStandalone - DEBUG: applying selections to coolRunLister
2009-05-10 18:02 - L1CaloStandalone - INFO: last valid run: 114633
2009-05-10 18:02 - L1CaloStandalone - INFO: searching for new runs from 114634 to 2147483647
2009-05-10 18:02 - L1CaloStandalone - DEBUG:  No new valid run. Last known valid run still: 114633
2009-05-10 18:17 - L1CaloStandalone - INFO: ===> listening for new valid runs <===
2009-05-10 18:17 - L1CaloStandalone - DEBUG: initialising coolRunLister
2009-05-10 18:17 - L1CaloStandalone - DEBUG: applying selections to coolRunLister
2009-05-10 18:17 - L1CaloStandalone - INFO: last valid run: 114633
2009-05-10 18:17 - L1CaloStandalone - INFO: searching for new runs from 114634 to 2147483647
2009-05-10 18:17 - L1CaloStandalone - DEBUG:  No new valid run. Last known valid run still: 114633
2009-05-10 18:32 - L1CaloStandalone - INFO: ===> listening for new valid runs <===
2009-05-10 18:32 - L1CaloStandalone - DEBUG: initialising coolRunLister
2009-05-10 18:32 - L1CaloStandalone - DEBUG: applying selections to coolRunLister
2009-05-10 18:32 - L1CaloStandalone - INFO: last valid run: 114633
2009-05-10 18:32 - L1CaloStandalone - INFO: searching for new runs from 114634 to 2147483647
2009-05-10 18:32 - L1CaloStandalone - DEBUG:  No new valid run. Last known valid run still: 114633
2009-05-10 18:48 - L1CaloStandalone - INFO: ===> listening for new valid runs <===
2009-05-10 18:48 - L1CaloStandalone - DEBUG: initialising coolRunLister
2009-05-10 18:48 - L1CaloStandalone - DEBUG: applying selections to coolRunLister
2009-05-10 18:48 - L1CaloStandalone - INFO: last valid run: 114633
2009-05-10 18:48 - L1CaloStandalone - INFO: searching for new runs from 114634 to 2147483647
2009-05-10 18:48 - L1CaloStandalone - DEBUG:  No new valid run. Last known valid run still: 114633
2009-05-10 19:03 - L1CaloStandalone - INFO: ===> listening for new valid runs <===
2009-05-10 19:03 - L1CaloStandalone - DEBUG: initialising coolRunLister
2009-05-10 19:03 - L1CaloStandalone - DEBUG: applying selections to coolRunLister
2009-05-10 19:03 - L1CaloStandalone - INFO: last valid run: 114633
2009-05-10 19:03 - L1CaloStandalone - INFO: searching for new runs from 114634 to 2147483647
2009-05-10 19:03 - L1CaloStandalone - DEBUG:  No new valid run. Last known valid run still: 114633
2009-05-10 19:18 - L1CaloStandalone - INFO: ===> listening for new valid runs <===
2009-05-10 19:18 - L1CaloStandalone - DEBUG: initialising coolRunLister
2009-05-10 19:18 - L1CaloStandalone - DEBUG: applying selections to coolRunLister
2009-05-10 19:18 - L1CaloStandalone - INFO: last valid run: 114633
2009-05-10 19:18 - L1CaloStandalone - INFO: searching for new runs from 114634 to 2147483647
2009-05-10 19:18 - L1CaloStandalone - DEBUG:  No new valid run. Last known valid run still: 114633
2009-05-10 19:33 - L1CaloStandalone - INFO: ===> listening for new valid runs <===
2009-05-10 19:33 - L1CaloStandalone - DEBUG: initialising coolRunLister
2009-05-10 19:33 - L1CaloStandalone - DEBUG: applying selections to coolRunLister
2009-05-10 19:33 - L1CaloStandalone - INFO: last valid run: 114633
2009-05-10 19:33 - L1CaloStandalone - INFO: searching for new runs from 114634 to 2147483647
2009-05-10 19:33 - L1CaloStandalone - DEBUG:  No new valid run. Last known valid run still: 114633
2009-05-10 19:48 - L1CaloStandalone - INFO: ===> listening for new valid runs <===
2009-05-10 19:48 - L1CaloStandalone - DEBUG: initialising coolRunLister
2009-05-10 19:48 - L1CaloStandalone - DEBUG: applying selections to coolRunLister
2009-05-10 19:48 - L1CaloStandalone - INFO: last valid run: 114633
2009-05-10 19:48 - L1CaloStandalone - INFO: searching for new runs from 114634 to 2147483647
2009-05-10 19:49 - L1CaloStandalone - DEBUG:  No new valid run. Last known valid run still: 114633
2009-05-10 20:04 - L1CaloStandalone - INFO: ===> listening for new valid runs <===
2009-05-10 20:04 - L1CaloStandalone - DEBUG: initialising coolRunLister
2009-05-10 20:04 - L1CaloStandalone - DEBUG: applying selections to coolRunLister
2009-05-10 20:04 - L1CaloStandalone - INFO: last valid run: 114633
2009-05-10 20:04 - L1CaloStandalone - INFO: searching for new runs from 114634 to 2147483647
2009-05-10 20:04 - L1CaloStandalone - DEBUG:  No new valid run. Last known valid run still: 114633
2009-05-10 20:19 - L1CaloStandalone - INFO: ===> listening for new valid runs <===
2009-05-10 20:19 - L1CaloStandalone - DEBUG: initialising coolRunLister
2009-05-10 20:19 - L1CaloStandalone - DEBUG: applying selections to coolRunLister
2009-05-10 20:19 - L1CaloStandalone - INFO: last valid run: 114633
2009-05-10 20:19 - L1CaloStandalone - INFO: searching for new runs from 114634 to 2147483647
2009-05-10 20:19 - L1CaloStandalone - DEBUG:  No new valid run. Last known valid run still: 114633
2009-05-10 20:34 - L1CaloStandalone - INFO: ===> listening for new valid runs <===
2009-05-10 20:34 - L1CaloStandalone - DEBUG: initialising coolRunLister
2009-05-10 20:34 - L1CaloStandalone - DEBUG: applying selections to coolRunLister
2009-05-10 20:34 - L1CaloStandalone - INFO: last valid run: 114633
2009-05-10 20:34 - L1CaloStandalone - INFO: searching for new runs from 114634 to 2147483647
2009-05-10 20:34 - L1CaloStandalone - DEBUG:  No new valid run. Last known valid run still: 114633
2009-05-10 20:49 - L1CaloStandalone - INFO: ===> listening for new valid runs <===
2009-05-10 20:49 - L1CaloStandalone - DEBUG: initialising coolRunLister
2009-05-10 20:49 - L1CaloStandalone - DEBUG: applying selections to coolRunLister
2009-05-10 20:49 - L1CaloStandalone - INFO: last valid run: 114633
2009-05-10 20:49 - L1CaloStandalone - INFO: searching for new runs from 114634 to 2147483647
2009-05-10 20:49 - L1CaloStandalone - DEBUG:  No new valid run. Last known valid run still: 114633
2009-05-10 21:05 - L1CaloStandalone - INFO: ===> listening for new valid runs <===
2009-05-10 21:05 - L1CaloStandalone - DEBUG: initialising coolRunLister
2009-05-10 21:05 - L1CaloStandalone - DEBUG: applying selections to coolRunLister
2009-05-10 21:05 - L1CaloStandalone - INFO: last valid run: 114633
2009-05-10 21:05 - L1CaloStandalone - INFO: searching for new runs from 114634 to 2147483647
2009-05-10 21:05 - L1CaloStandalone - DEBUG:  No new valid run. Last known valid run still: 114633
2009-05-10 21:20 - L1CaloStandalone - INFO: ===> listening for new valid runs <===
2009-05-10 21:20 - L1CaloStandalone - DEBUG: initialising coolRunLister
2009-05-10 21:20 - L1CaloStandalone - DEBUG: applying selections to coolRunLister
2009-05-10 21:20 - L1CaloStandalone - INFO: last valid run: 114633
2009-05-10 21:20 - L1CaloStandalone - INFO: searching for new runs from 114634 to 2147483647
2009-05-10 21:20 - L1CaloStandalone - DEBUG:  No new valid run. Last known valid run still: 114633
2009-05-10 21:35 - L1CaloStandalone - INFO: ===> listening for new valid runs <===
2009-05-10 21:35 - L1CaloStandalone - DEBUG: initialising coolRunLister
2009-05-10 21:35 - L1CaloStandalone - DEBUG: applying selections to coolRunLister
2009-05-10 21:35 - L1CaloStandalone - INFO: last valid run: 114633
2009-05-10 21:35 - L1CaloStandalone - INFO: searching for new runs from 114634 to 2147483647
2009-05-10 21:35 - L1CaloStandalone - DEBUG:  No new valid run. Last known valid run still: 114633
