2009-04-22 00:01 - TileCalibL1Calo - INFO: ========================================
2009-04-22 00:01 - TileCalibL1Calo - INFO: RunListener in init
2009-04-22 00:01 - TileCalibL1Calo - INFO: RunListener initialized
2009-04-22 00:01 - TileCalibL1Calo - INFO: ========================================
2009-04-22 00:01 - TileCalibL1Calo - INFO: ===> from initRunListener <===
2009-04-22 00:01 - TileCalibL1Calo - INFO: 
RunListener TileCalibL1Caloinitialised with the following parameters:
TDAQ DB: COOLONL_TDAQ/COMP200
TRIG DB: COOLONL_TRIGGER/COMP200
Status DB: COOLONL_TDAQ/COMP200
log level: 0
oracle: False
rec. only: True
det. mask: 0
run type: cismono
det. status: 2
det. status tag: HEAD
daq partition: Tile-TTC2LAN
tag: 
format: acertd
reverse: False
stoptimestamp: True
cleanstop: True
hasevents: True
last valid run known: 0

2009-04-22 00:11 - TileCalibL1Calo - INFO: ===> listening for new valid runs <===
2009-04-22 00:11 - TileCalibL1Calo - DEBUG: initialising coolRunLister
2009-04-22 00:11 - TileCalibL1Calo - DEBUG: applying selections to coolRunLister
2009-04-22 00:11 - TileCalibL1Calo - INFO: last valid run: 104000
2009-04-22 00:11 - TileCalibL1Calo - INFO: searching for new runs from 104001 to 2147483647
2009-04-22 00:11 - TileCalibL1Calo - DEBUG: new last known run: 105072
2009-04-22 00:11 - TileCalibL1Calo - DEBUG: 
     Run   Events  LumiB            StartTime             StopTime L1Events L2Events EFEvents ErrC Rec Cln RunType                  DetectorMask DAQConfiguration     PartitionName    FilenameTag         
  105072     4508      3  2009-04-02:13:28:56  2009-04-02:13:30:15     4508     4508     4508    0  No Yes cismono                    7c00f00000 Schema=127:Data=150  Tile-TTC2LAN                         

2009-04-22 00:22 - TileCalibL1Calo - INFO: ===> listening for new valid runs <===
2009-04-22 00:22 - TileCalibL1Calo - DEBUG: initialising coolRunLister
2009-04-22 00:22 - TileCalibL1Calo - DEBUG: applying selections to coolRunLister
2009-04-22 00:22 - TileCalibL1Calo - INFO: last valid run: 105072
2009-04-22 00:22 - TileCalibL1Calo - INFO: searching for new runs from 105073 to 2147483647
2009-04-22 00:23 - TileCalibL1Calo - DEBUG:  No new valid run. Last known valid run still: 105072
2009-04-22 00:33 - TileCalibL1Calo - INFO: ===> listening for new valid runs <===
2009-04-22 00:33 - TileCalibL1Calo - DEBUG: initialising coolRunLister
2009-04-22 00:33 - TileCalibL1Calo - DEBUG: applying selections to coolRunLister
2009-04-22 00:33 - TileCalibL1Calo - INFO: last valid run: 105072
2009-04-22 00:33 - TileCalibL1Calo - INFO: searching for new runs from 105073 to 2147483647
2009-04-22 00:33 - TileCalibL1Calo - DEBUG:  No new valid run. Last known valid run still: 105072
2009-04-22 00:43 - TileCalibL1Calo - INFO: ===> listening for new valid runs <===
2009-04-22 00:43 - TileCalibL1Calo - DEBUG: initialising coolRunLister
2009-04-22 00:43 - TileCalibL1Calo - DEBUG: applying selections to coolRunLister
2009-04-22 00:43 - TileCalibL1Calo - INFO: last valid run: 105072
2009-04-22 00:43 - TileCalibL1Calo - INFO: searching for new runs from 105073 to 2147483647
2009-04-22 00:43 - TileCalibL1Calo - DEBUG:  No new valid run. Last known valid run still: 105072
2009-04-22 00:53 - TileCalibL1Calo - INFO: ===> listening for new valid runs <===
2009-04-22 00:53 - TileCalibL1Calo - DEBUG: initialising coolRunLister
2009-04-22 00:53 - TileCalibL1Calo - DEBUG: applying selections to coolRunLister
2009-04-22 00:53 - TileCalibL1Calo - INFO: last valid run: 105072
2009-04-22 00:53 - TileCalibL1Calo - INFO: searching for new runs from 105073 to 2147483647
2009-04-22 00:53 - TileCalibL1Calo - DEBUG:  No new valid run. Last known valid run still: 105072
2009-04-22 01:03 - TileCalibL1Calo - INFO: ===> listening for new valid runs <===
2009-04-22 01:03 - TileCalibL1Calo - DEBUG: initialising coolRunLister
2009-04-22 01:03 - TileCalibL1Calo - DEBUG: applying selections to coolRunLister
2009-04-22 01:03 - TileCalibL1Calo - INFO: last valid run: 105072
2009-04-22 01:03 - TileCalibL1Calo - INFO: searching for new runs from 105073 to 2147483647
2009-04-22 01:04 - TileCalibL1Calo - DEBUG:  No new valid run. Last known valid run still: 105072
2009-04-22 01:14 - TileCalibL1Calo - INFO: ===> listening for new valid runs <===
2009-04-22 01:14 - TileCalibL1Calo - DEBUG: initialising coolRunLister
2009-04-22 01:14 - TileCalibL1Calo - DEBUG: applying selections to coolRunLister
2009-04-22 01:14 - TileCalibL1Calo - INFO: last valid run: 105072
2009-04-22 01:14 - TileCalibL1Calo - INFO: searching for new runs from 105073 to 2147483647
2009-04-22 01:14 - TileCalibL1Calo - DEBUG:  No new valid run. Last known valid run still: 105072
2009-04-22 01:24 - TileCalibL1Calo - INFO: ===> listening for new valid runs <===
2009-04-22 01:24 - TileCalibL1Calo - DEBUG: initialising coolRunLister
2009-04-22 01:24 - TileCalibL1Calo - DEBUG: applying selections to coolRunLister
2009-04-22 01:24 - TileCalibL1Calo - INFO: last valid run: 105072
2009-04-22 01:24 - TileCalibL1Calo - INFO: searching for new runs from 105073 to 2147483647
2009-04-22 01:24 - TileCalibL1Calo - DEBUG:  No new valid run. Last known valid run still: 105072
2009-04-22 01:34 - TileCalibL1Calo - INFO: ===> listening for new valid runs <===
2009-04-22 01:34 - TileCalibL1Calo - DEBUG: initialising coolRunLister
2009-04-22 01:34 - TileCalibL1Calo - DEBUG: applying selections to coolRunLister
2009-04-22 01:34 - TileCalibL1Calo - INFO: last valid run: 105072
2009-04-22 01:34 - TileCalibL1Calo - INFO: searching for new runs from 105073 to 2147483647
2009-04-22 01:34 - TileCalibL1Calo - DEBUG:  No new valid run. Last known valid run still: 105072
2009-04-22 01:45 - TileCalibL1Calo - INFO: ===> listening for new valid runs <===
2009-04-22 01:45 - TileCalibL1Calo - DEBUG: initialising coolRunLister
2009-04-22 01:45 - TileCalibL1Calo - DEBUG: applying selections to coolRunLister
2009-04-22 01:45 - TileCalibL1Calo - INFO: last valid run: 105072
2009-04-22 01:45 - TileCalibL1Calo - INFO: searching for new runs from 105073 to 2147483647
2009-04-22 01:45 - TileCalibL1Calo - DEBUG:  No new valid run. Last known valid run still: 105072
2009-04-22 01:55 - TileCalibL1Calo - INFO: ===> listening for new valid runs <===
2009-04-22 01:55 - TileCalibL1Calo - DEBUG: initialising coolRunLister
2009-04-22 01:55 - TileCalibL1Calo - DEBUG: applying selections to coolRunLister
2009-04-22 01:55 - TileCalibL1Calo - INFO: last valid run: 105072
2009-04-22 01:55 - TileCalibL1Calo - INFO: searching for new runs from 105073 to 2147483647
2009-04-22 01:55 - TileCalibL1Calo - DEBUG:  No new valid run. Last known valid run still: 105072
2009-04-22 02:05 - TileCalibL1Calo - INFO: ===> listening for new valid runs <===
2009-04-22 02:05 - TileCalibL1Calo - DEBUG: initialising coolRunLister
2009-04-22 02:05 - TileCalibL1Calo - DEBUG: applying selections to coolRunLister
2009-04-22 02:05 - TileCalibL1Calo - INFO: last valid run: 105072
2009-04-22 02:05 - TileCalibL1Calo - INFO: searching for new runs from 105073 to 2147483647
2009-04-22 02:05 - TileCalibL1Calo - DEBUG:  No new valid run. Last known valid run still: 105072
2009-04-22 02:15 - TileCalibL1Calo - INFO: ===> listening for new valid runs <===
2009-04-22 02:15 - TileCalibL1Calo - DEBUG: initialising coolRunLister
2009-04-22 02:15 - TileCalibL1Calo - DEBUG: applying selections to coolRunLister
2009-04-22 02:15 - TileCalibL1Calo - INFO: last valid run: 105072
2009-04-22 02:15 - TileCalibL1Calo - INFO: searching for new runs from 105073 to 2147483647
2009-04-22 02:16 - TileCalibL1Calo - DEBUG:  No new valid run. Last known valid run still: 105072
2009-04-22 02:26 - TileCalibL1Calo - INFO: ===> listening for new valid runs <===
2009-04-22 02:26 - TileCalibL1Calo - DEBUG: initialising coolRunLister
2009-04-22 02:26 - TileCalibL1Calo - DEBUG: applying selections to coolRunLister
2009-04-22 02:26 - TileCalibL1Calo - INFO: last valid run: 105072
2009-04-22 02:26 - TileCalibL1Calo - INFO: searching for new runs from 105073 to 2147483647
2009-04-22 02:26 - TileCalibL1Calo - DEBUG:  No new valid run. Last known valid run still: 105072
2009-04-22 02:36 - TileCalibL1Calo - INFO: ===> listening for new valid runs <===
2009-04-22 02:36 - TileCalibL1Calo - DEBUG: initialising coolRunLister
2009-04-22 02:36 - TileCalibL1Calo - DEBUG: applying selections to coolRunLister
2009-04-22 02:36 - TileCalibL1Calo - INFO: last valid run: 105072
2009-04-22 02:36 - TileCalibL1Calo - INFO: searching for new runs from 105073 to 2147483647
2009-04-22 02:36 - TileCalibL1Calo - DEBUG:  No new valid run. Last known valid run still: 105072
2009-04-22 02:46 - TileCalibL1Calo - INFO: ===> listening for new valid runs <===
2009-04-22 02:46 - TileCalibL1Calo - DEBUG: initialising coolRunLister
2009-04-22 02:46 - TileCalibL1Calo - DEBUG: applying selections to coolRunLister
2009-04-22 02:46 - TileCalibL1Calo - INFO: last valid run: 105072
2009-04-22 02:46 - TileCalibL1Calo - INFO: searching for new runs from 105073 to 2147483647
2009-04-22 02:46 - TileCalibL1Calo - DEBUG:  No new valid run. Last known valid run still: 105072
2009-04-22 02:56 - TileCalibL1Calo - INFO: ===> listening for new valid runs <===
2009-04-22 02:56 - TileCalibL1Calo - DEBUG: initialising coolRunLister
2009-04-22 02:56 - TileCalibL1Calo - DEBUG: applying selections to coolRunLister
2009-04-22 02:56 - TileCalibL1Calo - INFO: last valid run: 105072
2009-04-22 02:56 - TileCalibL1Calo - INFO: searching for new runs from 105073 to 2147483647
2009-04-22 02:57 - TileCalibL1Calo - DEBUG:  No new valid run. Last known valid run still: 105072
2009-04-22 03:07 - TileCalibL1Calo - INFO: ===> listening for new valid runs <===
2009-04-22 03:07 - TileCalibL1Calo - DEBUG: initialising coolRunLister
2009-04-22 03:07 - TileCalibL1Calo - DEBUG: applying selections to coolRunLister
2009-04-22 03:07 - TileCalibL1Calo - INFO: last valid run: 105072
2009-04-22 03:07 - TileCalibL1Calo - INFO: searching for new runs from 105073 to 2147483647
2009-04-22 03:07 - TileCalibL1Calo - DEBUG:  No new valid run. Last known valid run still: 105072
2009-04-22 03:17 - TileCalibL1Calo - INFO: ===> listening for new valid runs <===
2009-04-22 03:17 - TileCalibL1Calo - DEBUG: initialising coolRunLister
2009-04-22 03:17 - TileCalibL1Calo - DEBUG: applying selections to coolRunLister
2009-04-22 03:17 - TileCalibL1Calo - INFO: last valid run: 105072
2009-04-22 03:17 - TileCalibL1Calo - INFO: searching for new runs from 105073 to 2147483647
2009-04-22 03:17 - TileCalibL1Calo - DEBUG:  No new valid run. Last known valid run still: 105072
2009-04-22 03:27 - TileCalibL1Calo - INFO: ===> listening for new valid runs <===
2009-04-22 03:27 - TileCalibL1Calo - DEBUG: initialising coolRunLister
2009-04-22 03:27 - TileCalibL1Calo - DEBUG: applying selections to coolRunLister
2009-04-22 03:27 - TileCalibL1Calo - INFO: last valid run: 105072
2009-04-22 03:27 - TileCalibL1Calo - INFO: searching for new runs from 105073 to 2147483647
2009-04-22 03:27 - TileCalibL1Calo - DEBUG:  No new valid run. Last known valid run still: 105072
2009-04-22 03:37 - TileCalibL1Calo - INFO: ===> listening for new valid runs <===
2009-04-22 03:37 - TileCalibL1Calo - DEBUG: initialising coolRunLister
2009-04-22 03:37 - TileCalibL1Calo - DEBUG: applying selections to coolRunLister
2009-04-22 03:37 - TileCalibL1Calo - INFO: last valid run: 105072
2009-04-22 03:37 - TileCalibL1Calo - INFO: searching for new runs from 105073 to 2147483647
2009-04-22 03:38 - TileCalibL1Calo - DEBUG:  No new valid run. Last known valid run still: 105072
2009-04-22 03:48 - TileCalibL1Calo - INFO: ===> listening for new valid runs <===
2009-04-22 03:48 - TileCalibL1Calo - DEBUG: initialising coolRunLister
2009-04-22 03:48 - TileCalibL1Calo - DEBUG: applying selections to coolRunLister
2009-04-22 03:48 - TileCalibL1Calo - INFO: last valid run: 105072
2009-04-22 03:48 - TileCalibL1Calo - INFO: searching for new runs from 105073 to 2147483647
2009-04-22 03:48 - TileCalibL1Calo - DEBUG:  No new valid run. Last known valid run still: 105072
2009-04-22 03:58 - TileCalibL1Calo - INFO: ===> listening for new valid runs <===
2009-04-22 03:58 - TileCalibL1Calo - DEBUG: initialising coolRunLister
2009-04-22 03:58 - TileCalibL1Calo - DEBUG: applying selections to coolRunLister
2009-04-22 03:58 - TileCalibL1Calo - INFO: last valid run: 105072
2009-04-22 03:58 - TileCalibL1Calo - INFO: searching for new runs from 105073 to 2147483647
2009-04-22 03:58 - TileCalibL1Calo - DEBUG:  No new valid run. Last known valid run still: 105072
2009-04-22 04:08 - TileCalibL1Calo - INFO: ===> listening for new valid runs <===
2009-04-22 04:08 - TileCalibL1Calo - DEBUG: initialising coolRunLister
2009-04-22 04:08 - TileCalibL1Calo - DEBUG: applying selections to coolRunLister
2009-04-22 04:08 - TileCalibL1Calo - INFO: last valid run: 105072
2009-04-22 04:08 - TileCalibL1Calo - INFO: searching for new runs from 105073 to 2147483647
2009-04-22 04:08 - TileCalibL1Calo - DEBUG:  No new valid run. Last known valid run still: 105072
2009-04-22 04:19 - TileCalibL1Calo - INFO: ===> listening for new valid runs <===
2009-04-22 04:19 - TileCalibL1Calo - DEBUG: initialising coolRunLister
2009-04-22 04:19 - TileCalibL1Calo - DEBUG: applying selections to coolRunLister
2009-04-22 04:19 - TileCalibL1Calo - INFO: last valid run: 105072
2009-04-22 04:19 - TileCalibL1Calo - INFO: searching for new runs from 105073 to 2147483647
2009-04-22 04:19 - TileCalibL1Calo - DEBUG:  No new valid run. Last known valid run still: 105072
2009-04-22 04:29 - TileCalibL1Calo - INFO: ===> listening for new valid runs <===
2009-04-22 04:29 - TileCalibL1Calo - DEBUG: initialising coolRunLister
2009-04-22 04:29 - TileCalibL1Calo - DEBUG: applying selections to coolRunLister
2009-04-22 04:29 - TileCalibL1Calo - INFO: last valid run: 105072
2009-04-22 04:29 - TileCalibL1Calo - INFO: searching for new runs from 105073 to 2147483647
2009-04-22 04:29 - TileCalibL1Calo - DEBUG:  No new valid run. Last known valid run still: 105072
2009-04-22 04:39 - TileCalibL1Calo - INFO: ===> listening for new valid runs <===
2009-04-22 04:39 - TileCalibL1Calo - DEBUG: initialising coolRunLister
2009-04-22 04:39 - TileCalibL1Calo - DEBUG: applying selections to coolRunLister
2009-04-22 04:39 - TileCalibL1Calo - INFO: last valid run: 105072
2009-04-22 04:39 - TileCalibL1Calo - INFO: searching for new runs from 105073 to 2147483647
2009-04-22 04:39 - TileCalibL1Calo - DEBUG:  No new valid run. Last known valid run still: 105072
2009-04-22 04:49 - TileCalibL1Calo - INFO: ===> listening for new valid runs <===
2009-04-22 04:49 - TileCalibL1Calo - DEBUG: initialising coolRunLister
2009-04-22 04:49 - TileCalibL1Calo - DEBUG: applying selections to coolRunLister
2009-04-22 04:49 - TileCalibL1Calo - INFO: last valid run: 105072
2009-04-22 04:49 - TileCalibL1Calo - INFO: searching for new runs from 105073 to 2147483647
2009-04-22 04:49 - TileCalibL1Calo - DEBUG:  No new valid run. Last known valid run still: 105072
2009-04-22 05:00 - TileCalibL1Calo - INFO: ===> listening for new valid runs <===
2009-04-22 05:00 - TileCalibL1Calo - DEBUG: initialising coolRunLister
2009-04-22 05:00 - TileCalibL1Calo - DEBUG: applying selections to coolRunLister
2009-04-22 05:00 - TileCalibL1Calo - INFO: last valid run: 105072
2009-04-22 05:00 - TileCalibL1Calo - INFO: searching for new runs from 105073 to 2147483647
2009-04-22 05:00 - TileCalibL1Calo - DEBUG:  No new valid run. Last known valid run still: 105072
2009-04-22 05:10 - TileCalibL1Calo - INFO: ===> listening for new valid runs <===
2009-04-22 05:10 - TileCalibL1Calo - DEBUG: initialising coolRunLister
2009-04-22 05:10 - TileCalibL1Calo - DEBUG: applying selections to coolRunLister
2009-04-22 05:10 - TileCalibL1Calo - INFO: last valid run: 105072
2009-04-22 05:10 - TileCalibL1Calo - INFO: searching for new runs from 105073 to 2147483647
2009-04-22 05:10 - TileCalibL1Calo - DEBUG:  No new valid run. Last known valid run still: 105072
2009-04-22 05:20 - TileCalibL1Calo - INFO: ===> listening for new valid runs <===
2009-04-22 05:20 - TileCalibL1Calo - DEBUG: initialising coolRunLister
2009-04-22 05:20 - TileCalibL1Calo - DEBUG: applying selections to coolRunLister
2009-04-22 05:20 - TileCalibL1Calo - INFO: last valid run: 105072
2009-04-22 05:20 - TileCalibL1Calo - INFO: searching for new runs from 105073 to 2147483647
2009-04-22 05:20 - TileCalibL1Calo - DEBUG:  No new valid run. Last known valid run still: 105072
2009-04-22 05:30 - TileCalibL1Calo - INFO: ===> listening for new valid runs <===
2009-04-22 05:30 - TileCalibL1Calo - DEBUG: initialising coolRunLister
2009-04-22 05:30 - TileCalibL1Calo - DEBUG: applying selections to coolRunLister
2009-04-22 05:30 - TileCalibL1Calo - INFO: last valid run: 105072
2009-04-22 05:30 - TileCalibL1Calo - INFO: searching for new runs from 105073 to 2147483647
2009-04-22 05:30 - TileCalibL1Calo - DEBUG:  No new valid run. Last known valid run still: 105072
2009-04-22 05:41 - TileCalibL1Calo - INFO: ===> listening for new valid runs <===
2009-04-22 05:41 - TileCalibL1Calo - DEBUG: initialising coolRunLister
2009-04-22 05:41 - TileCalibL1Calo - DEBUG: applying selections to coolRunLister
2009-04-22 05:41 - TileCalibL1Calo - INFO: last valid run: 105072
2009-04-22 05:41 - TileCalibL1Calo - INFO: searching for new runs from 105073 to 2147483647
2009-04-22 05:41 - TileCalibL1Calo - DEBUG:  No new valid run. Last known valid run still: 105072
2009-04-22 05:51 - TileCalibL1Calo - INFO: ===> listening for new valid runs <===
2009-04-22 05:51 - TileCalibL1Calo - DEBUG: initialising coolRunLister
2009-04-22 05:51 - TileCalibL1Calo - DEBUG: applying selections to coolRunLister
2009-04-22 05:51 - TileCalibL1Calo - INFO: last valid run: 105072
2009-04-22 05:51 - TileCalibL1Calo - INFO: searching for new runs from 105073 to 2147483647
2009-04-22 05:51 - TileCalibL1Calo - DEBUG:  No new valid run. Last known valid run still: 105072
2009-04-22 06:01 - TileCalibL1Calo - INFO: ===> listening for new valid runs <===
2009-04-22 06:01 - TileCalibL1Calo - DEBUG: initialising coolRunLister
2009-04-22 06:01 - TileCalibL1Calo - DEBUG: applying selections to coolRunLister
2009-04-22 06:01 - TileCalibL1Calo - INFO: last valid run: 105072
2009-04-22 06:01 - TileCalibL1Calo - INFO: searching for new runs from 105073 to 2147483647
2009-04-22 06:01 - TileCalibL1Calo - DEBUG:  No new valid run. Last known valid run still: 105072
2009-04-22 06:11 - TileCalibL1Calo - INFO: ===> listening for new valid runs <===
2009-04-22 06:11 - TileCalibL1Calo - DEBUG: initialising coolRunLister
2009-04-22 06:11 - TileCalibL1Calo - DEBUG: applying selections to coolRunLister
2009-04-22 06:11 - TileCalibL1Calo - INFO: last valid run: 105072
2009-04-22 06:11 - TileCalibL1Calo - INFO: searching for new runs from 105073 to 2147483647
2009-04-22 06:12 - TileCalibL1Calo - DEBUG:  No new valid run. Last known valid run still: 105072
2009-04-22 06:22 - TileCalibL1Calo - INFO: ===> listening for new valid runs <===
2009-04-22 06:22 - TileCalibL1Calo - DEBUG: initialising coolRunLister
2009-04-22 06:22 - TileCalibL1Calo - DEBUG: applying selections to coolRunLister
2009-04-22 06:22 - TileCalibL1Calo - INFO: last valid run: 105072
2009-04-22 06:22 - TileCalibL1Calo - INFO: searching for new runs from 105073 to 2147483647
2009-04-22 06:22 - TileCalibL1Calo - DEBUG:  No new valid run. Last known valid run still: 105072
2009-04-22 06:32 - TileCalibL1Calo - INFO: ===> listening for new valid runs <===
2009-04-22 06:32 - TileCalibL1Calo - DEBUG: initialising coolRunLister
2009-04-22 06:32 - TileCalibL1Calo - DEBUG: applying selections to coolRunLister
2009-04-22 06:32 - TileCalibL1Calo - INFO: last valid run: 105072
2009-04-22 06:32 - TileCalibL1Calo - INFO: searching for new runs from 105073 to 2147483647
2009-04-22 06:32 - TileCalibL1Calo - DEBUG:  No new valid run. Last known valid run still: 105072
2009-04-22 06:42 - TileCalibL1Calo - INFO: ===> listening for new valid runs <===
2009-04-22 06:42 - TileCalibL1Calo - DEBUG: initialising coolRunLister
2009-04-22 06:42 - TileCalibL1Calo - DEBUG: applying selections to coolRunLister
2009-04-22 06:42 - TileCalibL1Calo - INFO: last valid run: 105072
2009-04-22 06:42 - TileCalibL1Calo - INFO: searching for new runs from 105073 to 2147483647
2009-04-22 06:42 - TileCalibL1Calo - DEBUG:  No new valid run. Last known valid run still: 105072
2009-04-22 06:52 - TileCalibL1Calo - INFO: ===> listening for new valid runs <===
2009-04-22 06:52 - TileCalibL1Calo - DEBUG: initialising coolRunLister
2009-04-22 06:52 - TileCalibL1Calo - DEBUG: applying selections to coolRunLister
2009-04-22 06:52 - TileCalibL1Calo - INFO: last valid run: 105072
2009-04-22 06:52 - TileCalibL1Calo - INFO: searching for new runs from 105073 to 2147483647
2009-04-22 06:53 - TileCalibL1Calo - DEBUG:  No new valid run. Last known valid run still: 105072
2009-04-22 07:03 - TileCalibL1Calo - INFO: ===> listening for new valid runs <===
2009-04-22 07:03 - TileCalibL1Calo - DEBUG: initialising coolRunLister
2009-04-22 07:03 - TileCalibL1Calo - DEBUG: applying selections to coolRunLister
2009-04-22 07:03 - TileCalibL1Calo - INFO: last valid run: 105072
2009-04-22 07:03 - TileCalibL1Calo - INFO: searching for new runs from 105073 to 2147483647
2009-04-22 07:03 - TileCalibL1Calo - DEBUG:  No new valid run. Last known valid run still: 105072
2009-04-22 07:13 - TileCalibL1Calo - INFO: ===> listening for new valid runs <===
2009-04-22 07:13 - TileCalibL1Calo - DEBUG: initialising coolRunLister
2009-04-22 07:13 - TileCalibL1Calo - DEBUG: applying selections to coolRunLister
2009-04-22 07:13 - TileCalibL1Calo - INFO: last valid run: 105072
2009-04-22 07:13 - TileCalibL1Calo - INFO: searching for new runs from 105073 to 2147483647
2009-04-22 07:13 - TileCalibL1Calo - DEBUG:  No new valid run. Last known valid run still: 105072
2009-04-22 07:23 - TileCalibL1Calo - INFO: ===> listening for new valid runs <===
2009-04-22 07:23 - TileCalibL1Calo - DEBUG: initialising coolRunLister
2009-04-22 07:23 - TileCalibL1Calo - DEBUG: applying selections to coolRunLister
2009-04-22 07:23 - TileCalibL1Calo - INFO: last valid run: 105072
2009-04-22 07:23 - TileCalibL1Calo - INFO: searching for new runs from 105073 to 2147483647
2009-04-22 07:23 - TileCalibL1Calo - DEBUG:  No new valid run. Last known valid run still: 105072
2009-04-22 07:33 - TileCalibL1Calo - INFO: ===> listening for new valid runs <===
2009-04-22 07:33 - TileCalibL1Calo - DEBUG: initialising coolRunLister
2009-04-22 07:33 - TileCalibL1Calo - DEBUG: applying selections to coolRunLister
2009-04-22 07:33 - TileCalibL1Calo - INFO: last valid run: 105072
2009-04-22 07:33 - TileCalibL1Calo - INFO: searching for new runs from 105073 to 2147483647
2009-04-22 07:34 - TileCalibL1Calo - DEBUG:  No new valid run. Last known valid run still: 105072
2009-04-22 07:44 - TileCalibL1Calo - INFO: ===> listening for new valid runs <===
2009-04-22 07:44 - TileCalibL1Calo - DEBUG: initialising coolRunLister
2009-04-22 07:44 - TileCalibL1Calo - DEBUG: applying selections to coolRunLister
2009-04-22 07:44 - TileCalibL1Calo - INFO: last valid run: 105072
2009-04-22 07:44 - TileCalibL1Calo - INFO: searching for new runs from 105073 to 2147483647
2009-04-22 07:44 - TileCalibL1Calo - DEBUG:  No new valid run. Last known valid run still: 105072
2009-04-22 07:54 - TileCalibL1Calo - INFO: ===> listening for new valid runs <===
2009-04-22 07:54 - TileCalibL1Calo - DEBUG: initialising coolRunLister
2009-04-22 07:54 - TileCalibL1Calo - DEBUG: applying selections to coolRunLister
2009-04-22 07:54 - TileCalibL1Calo - INFO: last valid run: 105072
2009-04-22 07:54 - TileCalibL1Calo - INFO: searching for new runs from 105073 to 2147483647
2009-04-22 07:54 - TileCalibL1Calo - DEBUG:  No new valid run. Last known valid run still: 105072
2009-04-22 08:04 - TileCalibL1Calo - INFO: ===> listening for new valid runs <===
2009-04-22 08:04 - TileCalibL1Calo - DEBUG: initialising coolRunLister
2009-04-22 08:04 - TileCalibL1Calo - DEBUG: applying selections to coolRunLister
2009-04-22 08:04 - TileCalibL1Calo - INFO: last valid run: 105072
2009-04-22 08:04 - TileCalibL1Calo - INFO: searching for new runs from 105073 to 2147483647
2009-04-22 08:04 - TileCalibL1Calo - DEBUG:  No new valid run. Last known valid run still: 105072
2009-04-22 08:15 - TileCalibL1Calo - INFO: ===> listening for new valid runs <===
2009-04-22 08:15 - TileCalibL1Calo - DEBUG: initialising coolRunLister
2009-04-22 08:15 - TileCalibL1Calo - DEBUG: applying selections to coolRunLister
2009-04-22 08:15 - TileCalibL1Calo - INFO: last valid run: 105072
2009-04-22 08:15 - TileCalibL1Calo - INFO: searching for new runs from 105073 to 2147483647
2009-04-22 08:15 - TileCalibL1Calo - DEBUG:  No new valid run. Last known valid run still: 105072
2009-04-22 08:25 - TileCalibL1Calo - INFO: ===> listening for new valid runs <===
2009-04-22 08:25 - TileCalibL1Calo - DEBUG: initialising coolRunLister
2009-04-22 08:25 - TileCalibL1Calo - DEBUG: applying selections to coolRunLister
2009-04-22 08:25 - TileCalibL1Calo - INFO: last valid run: 105072
2009-04-22 08:25 - TileCalibL1Calo - INFO: searching for new runs from 105073 to 2147483647
2009-04-22 08:25 - TileCalibL1Calo - DEBUG:  No new valid run. Last known valid run still: 105072
2009-04-22 08:35 - TileCalibL1Calo - INFO: ===> listening for new valid runs <===
2009-04-22 08:35 - TileCalibL1Calo - DEBUG: initialising coolRunLister
2009-04-22 08:35 - TileCalibL1Calo - DEBUG: applying selections to coolRunLister
2009-04-22 08:35 - TileCalibL1Calo - INFO: last valid run: 105072
2009-04-22 08:35 - TileCalibL1Calo - INFO: searching for new runs from 105073 to 2147483647
2009-04-22 08:35 - TileCalibL1Calo - DEBUG:  No new valid run. Last known valid run still: 105072
2009-04-22 08:45 - TileCalibL1Calo - INFO: ===> listening for new valid runs <===
2009-04-22 08:45 - TileCalibL1Calo - DEBUG: initialising coolRunLister
2009-04-22 08:45 - TileCalibL1Calo - DEBUG: applying selections to coolRunLister
2009-04-22 08:45 - TileCalibL1Calo - INFO: last valid run: 105072
2009-04-22 08:45 - TileCalibL1Calo - INFO: searching for new runs from 105073 to 2147483647
2009-04-22 08:45 - TileCalibL1Calo - DEBUG:  No new valid run. Last known valid run still: 105072
2009-04-22 08:56 - TileCalibL1Calo - INFO: ===> listening for new valid runs <===
2009-04-22 08:56 - TileCalibL1Calo - DEBUG: initialising coolRunLister
2009-04-22 08:56 - TileCalibL1Calo - DEBUG: applying selections to coolRunLister
2009-04-22 08:56 - TileCalibL1Calo - INFO: last valid run: 105072
2009-04-22 08:56 - TileCalibL1Calo - INFO: searching for new runs from 105073 to 2147483647
2009-04-22 08:56 - TileCalibL1Calo - DEBUG:  No new valid run. Last known valid run still: 105072
2009-04-22 09:06 - TileCalibL1Calo - INFO: ===> listening for new valid runs <===
2009-04-22 09:06 - TileCalibL1Calo - DEBUG: initialising coolRunLister
2009-04-22 09:06 - TileCalibL1Calo - DEBUG: applying selections to coolRunLister
2009-04-22 09:06 - TileCalibL1Calo - INFO: last valid run: 105072
2009-04-22 09:06 - TileCalibL1Calo - INFO: searching for new runs from 105073 to 2147483647
2009-04-22 09:06 - TileCalibL1Calo - DEBUG:  No new valid run. Last known valid run still: 105072
2009-04-22 09:16 - TileCalibL1Calo - INFO: ===> listening for new valid runs <===
2009-04-22 09:16 - TileCalibL1Calo - DEBUG: initialising coolRunLister
2009-04-22 09:16 - TileCalibL1Calo - DEBUG: applying selections to coolRunLister
2009-04-22 09:16 - TileCalibL1Calo - INFO: last valid run: 105072
2009-04-22 09:16 - TileCalibL1Calo - INFO: searching for new runs from 105073 to 2147483647
2009-04-22 09:16 - TileCalibL1Calo - DEBUG:  No new valid run. Last known valid run still: 105072
2009-04-22 09:26 - TileCalibL1Calo - INFO: ===> listening for new valid runs <===
2009-04-22 09:26 - TileCalibL1Calo - DEBUG: initialising coolRunLister
2009-04-22 09:26 - TileCalibL1Calo - DEBUG: applying selections to coolRunLister
2009-04-22 09:26 - TileCalibL1Calo - INFO: last valid run: 105072
2009-04-22 09:26 - TileCalibL1Calo - INFO: searching for new runs from 105073 to 2147483647
2009-04-22 09:27 - TileCalibL1Calo - DEBUG:  No new valid run. Last known valid run still: 105072
2009-04-22 09:37 - TileCalibL1Calo - INFO: ===> listening for new valid runs <===
2009-04-22 09:37 - TileCalibL1Calo - DEBUG: initialising coolRunLister
2009-04-22 09:37 - TileCalibL1Calo - DEBUG: applying selections to coolRunLister
2009-04-22 09:37 - TileCalibL1Calo - INFO: last valid run: 105072
2009-04-22 09:37 - TileCalibL1Calo - INFO: searching for new runs from 105073 to 2147483647
2009-04-22 09:37 - TileCalibL1Calo - DEBUG:  No new valid run. Last known valid run still: 105072
2009-04-22 09:47 - TileCalibL1Calo - INFO: ===> listening for new valid runs <===
2009-04-22 09:47 - TileCalibL1Calo - DEBUG: initialising coolRunLister
2009-04-22 09:47 - TileCalibL1Calo - DEBUG: applying selections to coolRunLister
2009-04-22 09:47 - TileCalibL1Calo - INFO: last valid run: 105072
2009-04-22 09:47 - TileCalibL1Calo - INFO: searching for new runs from 105073 to 2147483647
2009-04-22 09:47 - TileCalibL1Calo - DEBUG:  No new valid run. Last known valid run still: 105072
2009-04-22 09:57 - TileCalibL1Calo - INFO: ===> listening for new valid runs <===
2009-04-22 09:57 - TileCalibL1Calo - DEBUG: initialising coolRunLister
2009-04-22 09:57 - TileCalibL1Calo - DEBUG: applying selections to coolRunLister
2009-04-22 09:57 - TileCalibL1Calo - INFO: last valid run: 105072
2009-04-22 09:57 - TileCalibL1Calo - INFO: searching for new runs from 105073 to 2147483647
2009-04-22 09:57 - TileCalibL1Calo - DEBUG:  No new valid run. Last known valid run still: 105072
2009-04-22 10:07 - TileCalibL1Calo - INFO: ===> listening for new valid runs <===
2009-04-22 10:07 - TileCalibL1Calo - DEBUG: initialising coolRunLister
2009-04-22 10:07 - TileCalibL1Calo - DEBUG: applying selections to coolRunLister
2009-04-22 10:07 - TileCalibL1Calo - INFO: last valid run: 105072
2009-04-22 10:07 - TileCalibL1Calo - INFO: searching for new runs from 105073 to 2147483647
2009-04-22 10:08 - TileCalibL1Calo - DEBUG:  No new valid run. Last known valid run still: 105072
2009-04-22 10:18 - TileCalibL1Calo - INFO: ===> listening for new valid runs <===
2009-04-22 10:18 - TileCalibL1Calo - DEBUG: initialising coolRunLister
2009-04-22 10:18 - TileCalibL1Calo - DEBUG: applying selections to coolRunLister
2009-04-22 10:18 - TileCalibL1Calo - INFO: last valid run: 105072
2009-04-22 10:18 - TileCalibL1Calo - INFO: searching for new runs from 105073 to 2147483647
2009-04-22 10:18 - TileCalibL1Calo - DEBUG:  No new valid run. Last known valid run still: 105072
2009-04-22 10:28 - TileCalibL1Calo - INFO: ===> listening for new valid runs <===
2009-04-22 10:28 - TileCalibL1Calo - DEBUG: initialising coolRunLister
2009-04-22 10:28 - TileCalibL1Calo - DEBUG: applying selections to coolRunLister
2009-04-22 10:28 - TileCalibL1Calo - INFO: last valid run: 105072
2009-04-22 10:28 - TileCalibL1Calo - INFO: searching for new runs from 105073 to 2147483647
2009-04-22 10:28 - TileCalibL1Calo - DEBUG:  No new valid run. Last known valid run still: 105072
2009-04-22 10:38 - TileCalibL1Calo - INFO: ===> listening for new valid runs <===
2009-04-22 10:38 - TileCalibL1Calo - DEBUG: initialising coolRunLister
2009-04-22 10:38 - TileCalibL1Calo - DEBUG: applying selections to coolRunLister
2009-04-22 10:38 - TileCalibL1Calo - INFO: last valid run: 105072
2009-04-22 10:38 - TileCalibL1Calo - INFO: searching for new runs from 105073 to 2147483647
2009-04-22 10:38 - TileCalibL1Calo - DEBUG:  No new valid run. Last known valid run still: 105072
2009-04-22 10:49 - TileCalibL1Calo - INFO: ===> listening for new valid runs <===
2009-04-22 10:49 - TileCalibL1Calo - DEBUG: initialising coolRunLister
2009-04-22 10:49 - TileCalibL1Calo - DEBUG: applying selections to coolRunLister
2009-04-22 10:49 - TileCalibL1Calo - INFO: last valid run: 105072
2009-04-22 10:49 - TileCalibL1Calo - INFO: searching for new runs from 105073 to 2147483647
2009-04-22 10:49 - TileCalibL1Calo - DEBUG:  No new valid run. Last known valid run still: 105072
2009-04-22 10:59 - TileCalibL1Calo - INFO: ===> listening for new valid runs <===
2009-04-22 10:59 - TileCalibL1Calo - DEBUG: initialising coolRunLister
2009-04-22 10:59 - TileCalibL1Calo - DEBUG: applying selections to coolRunLister
2009-04-22 10:59 - TileCalibL1Calo - INFO: last valid run: 105072
2009-04-22 10:59 - TileCalibL1Calo - INFO: searching for new runs from 105073 to 2147483647
2009-04-22 10:59 - TileCalibL1Calo - DEBUG:  No new valid run. Last known valid run still: 105072
2009-04-22 11:09 - TileCalibL1Calo - INFO: ===> listening for new valid runs <===
2009-04-22 11:09 - TileCalibL1Calo - DEBUG: initialising coolRunLister
2009-04-22 11:09 - TileCalibL1Calo - DEBUG: applying selections to coolRunLister
2009-04-22 11:09 - TileCalibL1Calo - INFO: last valid run: 105072
2009-04-22 11:09 - TileCalibL1Calo - INFO: searching for new runs from 105073 to 2147483647
2009-04-22 11:09 - TileCalibL1Calo - DEBUG:  No new valid run. Last known valid run still: 105072
2009-04-22 11:19 - TileCalibL1Calo - INFO: ===> listening for new valid runs <===
2009-04-22 11:19 - TileCalibL1Calo - DEBUG: initialising coolRunLister
2009-04-22 11:19 - TileCalibL1Calo - DEBUG: applying selections to coolRunLister
2009-04-22 11:19 - TileCalibL1Calo - INFO: last valid run: 105072
2009-04-22 11:19 - TileCalibL1Calo - INFO: searching for new runs from 105073 to 2147483647
2009-04-22 11:19 - TileCalibL1Calo - DEBUG:  No new valid run. Last known valid run still: 105072
2009-04-22 11:30 - TileCalibL1Calo - INFO: ===> listening for new valid runs <===
2009-04-22 11:30 - TileCalibL1Calo - DEBUG: initialising coolRunLister
2009-04-22 11:30 - TileCalibL1Calo - DEBUG: applying selections to coolRunLister
2009-04-22 11:30 - TileCalibL1Calo - INFO: last valid run: 105072
2009-04-22 11:30 - TileCalibL1Calo - INFO: searching for new runs from 105073 to 2147483647
2009-04-22 11:30 - TileCalibL1Calo - DEBUG:  No new valid run. Last known valid run still: 105072
2009-04-22 11:40 - TileCalibL1Calo - INFO: ===> listening for new valid runs <===
2009-04-22 11:40 - TileCalibL1Calo - DEBUG: initialising coolRunLister
2009-04-22 11:40 - TileCalibL1Calo - DEBUG: applying selections to coolRunLister
2009-04-22 11:40 - TileCalibL1Calo - INFO: last valid run: 105072
2009-04-22 11:40 - TileCalibL1Calo - INFO: searching for new runs from 105073 to 2147483647
2009-04-22 11:40 - TileCalibL1Calo - DEBUG:  No new valid run. Last known valid run still: 105072
2009-04-22 11:50 - TileCalibL1Calo - INFO: ===> listening for new valid runs <===
2009-04-22 11:50 - TileCalibL1Calo - DEBUG: initialising coolRunLister
2009-04-22 11:50 - TileCalibL1Calo - DEBUG: applying selections to coolRunLister
2009-04-22 11:50 - TileCalibL1Calo - INFO: last valid run: 105072
2009-04-22 11:50 - TileCalibL1Calo - INFO: searching for new runs from 105073 to 2147483647
2009-04-22 11:50 - TileCalibL1Calo - DEBUG:  No new valid run. Last known valid run still: 105072
2009-04-22 12:00 - TileCalibL1Calo - INFO: ===> listening for new valid runs <===
2009-04-22 12:00 - TileCalibL1Calo - DEBUG: initialising coolRunLister
2009-04-22 12:00 - TileCalibL1Calo - DEBUG: applying selections to coolRunLister
2009-04-22 12:00 - TileCalibL1Calo - INFO: last valid run: 105072
2009-04-22 12:00 - TileCalibL1Calo - INFO: searching for new runs from 105073 to 2147483647
2009-04-22 12:01 - TileCalibL1Calo - DEBUG:  No new valid run. Last known valid run still: 105072
2009-04-22 12:11 - TileCalibL1Calo - INFO: ===> listening for new valid runs <===
2009-04-22 12:11 - TileCalibL1Calo - DEBUG: initialising coolRunLister
2009-04-22 12:11 - TileCalibL1Calo - DEBUG: applying selections to coolRunLister
2009-04-22 12:11 - TileCalibL1Calo - INFO: last valid run: 105072
2009-04-22 12:11 - TileCalibL1Calo - INFO: searching for new runs from 105073 to 2147483647
2009-04-22 12:11 - TileCalibL1Calo - DEBUG:  No new valid run. Last known valid run still: 105072
2009-04-22 12:21 - TileCalibL1Calo - INFO: ===> listening for new valid runs <===
2009-04-22 12:21 - TileCalibL1Calo - DEBUG: initialising coolRunLister
2009-04-22 12:21 - TileCalibL1Calo - DEBUG: applying selections to coolRunLister
2009-04-22 12:21 - TileCalibL1Calo - INFO: last valid run: 105072
2009-04-22 12:21 - TileCalibL1Calo - INFO: searching for new runs from 105073 to 2147483647
