2009-05-12 00:01 - LArCalibL1Calo - INFO: ========================================
2009-05-12 00:01 - LArCalibL1Calo - INFO: RunListener in init
2009-05-12 00:01 - LArCalibL1Calo - INFO: RunListener initialized
2009-05-12 00:01 - LArCalibL1Calo - INFO: ========================================
2009-05-12 00:01 - LArCalibL1Calo - INFO: ===> from initRunListener <===
2009-05-12 00:01 - LArCalibL1Calo - INFO: 
RunListener LArCalibL1Caloinitialised with the following parameters:
TDAQ DB: COOLONL_TDAQ/COMP200
TRIG DB: COOLONL_TRIGGER/COMP200
Status DB: COOLONL_TDAQ/COMP200
log level: 0
oracle: False
rec. only: True
det. mask: 0
run type: LarCalibL1Calo
det. status: 
det. status tag: HEAD
daq partition: 
 * LArgL1Calo-TTC2LAN
tag: 
format: acertd
reverse: False
stoptimestamp: True
cleanstop: True
hasevents: False
last valid run known: 0

2009-05-12 00:17 - LArCalibL1Calo - INFO: ===> listening for new valid runs <===
2009-05-12 00:17 - LArCalibL1Calo - DEBUG: initialising coolRunLister
2009-05-12 00:17 - LArCalibL1Calo - DEBUG: applying selections to coolRunLister
2009-05-12 00:17 - LArCalibL1Calo - INFO: last valid run: 113232
2009-05-12 00:17 - LArCalibL1Calo - INFO: searching for new runs from 113233 to 2147483647
2009-05-12 00:17 - LArCalibL1Calo - DEBUG:  No new valid run. Last known valid run still: 113232
2009-05-12 00:32 - LArCalibL1Calo - INFO: ===> listening for new valid runs <===
2009-05-12 00:32 - LArCalibL1Calo - DEBUG: initialising coolRunLister
2009-05-12 00:32 - LArCalibL1Calo - DEBUG: applying selections to coolRunLister
2009-05-12 00:32 - LArCalibL1Calo - INFO: last valid run: 113232
2009-05-12 00:32 - LArCalibL1Calo - INFO: searching for new runs from 113233 to 2147483647
2009-05-12 00:32 - LArCalibL1Calo - DEBUG:  No new valid run. Last known valid run still: 113232
2009-05-12 00:48 - LArCalibL1Calo - INFO: ===> listening for new valid runs <===
2009-05-12 00:48 - LArCalibL1Calo - DEBUG: initialising coolRunLister
2009-05-12 00:48 - LArCalibL1Calo - DEBUG: applying selections to coolRunLister
2009-05-12 00:48 - LArCalibL1Calo - INFO: last valid run: 113232
2009-05-12 00:48 - LArCalibL1Calo - INFO: searching for new runs from 113233 to 2147483647
2009-05-12 00:48 - LArCalibL1Calo - DEBUG:  No new valid run. Last known valid run still: 113232
2009-05-12 01:03 - LArCalibL1Calo - INFO: ===> listening for new valid runs <===
2009-05-12 01:03 - LArCalibL1Calo - DEBUG: initialising coolRunLister
2009-05-12 01:03 - LArCalibL1Calo - DEBUG: applying selections to coolRunLister
2009-05-12 01:03 - LArCalibL1Calo - INFO: last valid run: 113232
2009-05-12 01:03 - LArCalibL1Calo - INFO: searching for new runs from 113233 to 2147483647
2009-05-12 01:03 - LArCalibL1Calo - DEBUG:  No new valid run. Last known valid run still: 113232
2009-05-12 01:18 - LArCalibL1Calo - INFO: ===> listening for new valid runs <===
2009-05-12 01:18 - LArCalibL1Calo - DEBUG: initialising coolRunLister
2009-05-12 01:18 - LArCalibL1Calo - DEBUG: applying selections to coolRunLister
2009-05-12 01:18 - LArCalibL1Calo - INFO: last valid run: 113232
2009-05-12 01:18 - LArCalibL1Calo - INFO: searching for new runs from 113233 to 2147483647
2009-05-12 01:18 - LArCalibL1Calo - DEBUG:  No new valid run. Last known valid run still: 113232
2009-05-12 01:33 - LArCalibL1Calo - INFO: ===> listening for new valid runs <===
2009-05-12 01:33 - LArCalibL1Calo - DEBUG: initialising coolRunLister
2009-05-12 01:33 - LArCalibL1Calo - DEBUG: applying selections to coolRunLister
2009-05-12 01:33 - LArCalibL1Calo - INFO: last valid run: 113232
2009-05-12 01:33 - LArCalibL1Calo - INFO: searching for new runs from 113233 to 2147483647
2009-05-12 01:33 - LArCalibL1Calo - DEBUG:  No new valid run. Last known valid run still: 113232
2009-05-12 01:49 - LArCalibL1Calo - INFO: ===> listening for new valid runs <===
2009-05-12 01:49 - LArCalibL1Calo - DEBUG: initialising coolRunLister
2009-05-12 01:49 - LArCalibL1Calo - DEBUG: applying selections to coolRunLister
2009-05-12 01:49 - LArCalibL1Calo - INFO: last valid run: 113232
2009-05-12 01:49 - LArCalibL1Calo - INFO: searching for new runs from 113233 to 2147483647
2009-05-12 01:49 - LArCalibL1Calo - DEBUG:  No new valid run. Last known valid run still: 113232
2009-05-12 02:04 - LArCalibL1Calo - INFO: ===> listening for new valid runs <===
2009-05-12 02:04 - LArCalibL1Calo - DEBUG: initialising coolRunLister
2009-05-12 02:04 - LArCalibL1Calo - DEBUG: applying selections to coolRunLister
2009-05-12 02:04 - LArCalibL1Calo - INFO: last valid run: 113232
2009-05-12 02:04 - LArCalibL1Calo - INFO: searching for new runs from 113233 to 2147483647
2009-05-12 02:04 - LArCalibL1Calo - DEBUG:  No new valid run. Last known valid run still: 113232
2009-05-12 02:19 - LArCalibL1Calo - INFO: ===> listening for new valid runs <===
2009-05-12 02:19 - LArCalibL1Calo - DEBUG: initialising coolRunLister
2009-05-12 02:19 - LArCalibL1Calo - DEBUG: applying selections to coolRunLister
2009-05-12 02:19 - LArCalibL1Calo - INFO: last valid run: 113232
2009-05-12 02:19 - LArCalibL1Calo - INFO: searching for new runs from 113233 to 2147483647
2009-05-12 02:19 - LArCalibL1Calo - DEBUG:  No new valid run. Last known valid run still: 113232
2009-05-12 02:34 - LArCalibL1Calo - INFO: ===> listening for new valid runs <===
2009-05-12 02:34 - LArCalibL1Calo - DEBUG: initialising coolRunLister
2009-05-12 02:34 - LArCalibL1Calo - DEBUG: applying selections to coolRunLister
2009-05-12 02:34 - LArCalibL1Calo - INFO: last valid run: 113232
2009-05-12 02:34 - LArCalibL1Calo - INFO: searching for new runs from 113233 to 2147483647
2009-05-12 02:34 - LArCalibL1Calo - DEBUG:  No new valid run. Last known valid run still: 113232
2009-05-12 02:50 - LArCalibL1Calo - INFO: ===> listening for new valid runs <===
2009-05-12 02:50 - LArCalibL1Calo - DEBUG: initialising coolRunLister
2009-05-12 02:50 - LArCalibL1Calo - DEBUG: applying selections to coolRunLister
2009-05-12 02:50 - LArCalibL1Calo - INFO: last valid run: 113232
2009-05-12 02:50 - LArCalibL1Calo - INFO: searching for new runs from 113233 to 2147483647
2009-05-12 02:50 - LArCalibL1Calo - DEBUG:  No new valid run. Last known valid run still: 113232
2009-05-12 03:05 - LArCalibL1Calo - INFO: ===> listening for new valid runs <===
2009-05-12 03:05 - LArCalibL1Calo - DEBUG: initialising coolRunLister
2009-05-12 03:05 - LArCalibL1Calo - DEBUG: applying selections to coolRunLister
2009-05-12 03:05 - LArCalibL1Calo - INFO: last valid run: 113232
2009-05-12 03:05 - LArCalibL1Calo - INFO: searching for new runs from 113233 to 2147483647
2009-05-12 03:05 - LArCalibL1Calo - DEBUG:  No new valid run. Last known valid run still: 113232
2009-05-12 03:20 - LArCalibL1Calo - INFO: ===> listening for new valid runs <===
2009-05-12 03:20 - LArCalibL1Calo - DEBUG: initialising coolRunLister
2009-05-12 03:20 - LArCalibL1Calo - DEBUG: applying selections to coolRunLister
2009-05-12 03:20 - LArCalibL1Calo - INFO: last valid run: 113232
2009-05-12 03:20 - LArCalibL1Calo - INFO: searching for new runs from 113233 to 2147483647
2009-05-12 03:20 - LArCalibL1Calo - DEBUG:  No new valid run. Last known valid run still: 113232
2009-05-12 03:35 - LArCalibL1Calo - INFO: ===> listening for new valid runs <===
2009-05-12 03:35 - LArCalibL1Calo - DEBUG: initialising coolRunLister
2009-05-12 03:35 - LArCalibL1Calo - DEBUG: applying selections to coolRunLister
2009-05-12 03:35 - LArCalibL1Calo - INFO: last valid run: 113232
2009-05-12 03:35 - LArCalibL1Calo - INFO: searching for new runs from 113233 to 2147483647
2009-05-12 03:35 - LArCalibL1Calo - DEBUG:  No new valid run. Last known valid run still: 113232
2009-05-12 03:51 - LArCalibL1Calo - INFO: ===> listening for new valid runs <===
2009-05-12 03:51 - LArCalibL1Calo - DEBUG: initialising coolRunLister
2009-05-12 03:51 - LArCalibL1Calo - DEBUG: applying selections to coolRunLister
2009-05-12 03:51 - LArCalibL1Calo - INFO: last valid run: 113232
2009-05-12 03:51 - LArCalibL1Calo - INFO: searching for new runs from 113233 to 2147483647
2009-05-12 03:51 - LArCalibL1Calo - DEBUG:  No new valid run. Last known valid run still: 113232
2009-05-12 04:06 - LArCalibL1Calo - INFO: ===> listening for new valid runs <===
2009-05-12 04:06 - LArCalibL1Calo - DEBUG: initialising coolRunLister
2009-05-12 04:06 - LArCalibL1Calo - DEBUG: applying selections to coolRunLister
2009-05-12 04:06 - LArCalibL1Calo - INFO: last valid run: 113232
2009-05-12 04:06 - LArCalibL1Calo - INFO: searching for new runs from 113233 to 2147483647
2009-05-12 04:06 - LArCalibL1Calo - DEBUG:  No new valid run. Last known valid run still: 113232
2009-05-12 04:21 - LArCalibL1Calo - INFO: ===> listening for new valid runs <===
2009-05-12 04:21 - LArCalibL1Calo - DEBUG: initialising coolRunLister
2009-05-12 04:21 - LArCalibL1Calo - DEBUG: applying selections to coolRunLister
2009-05-12 04:21 - LArCalibL1Calo - INFO: last valid run: 113232
2009-05-12 04:21 - LArCalibL1Calo - INFO: searching for new runs from 113233 to 2147483647
2009-05-12 04:21 - LArCalibL1Calo - DEBUG:  No new valid run. Last known valid run still: 113232
2009-05-12 04:36 - LArCalibL1Calo - INFO: ===> listening for new valid runs <===
2009-05-12 04:36 - LArCalibL1Calo - DEBUG: initialising coolRunLister
2009-05-12 04:36 - LArCalibL1Calo - DEBUG: applying selections to coolRunLister
2009-05-12 04:36 - LArCalibL1Calo - INFO: last valid run: 113232
2009-05-12 04:36 - LArCalibL1Calo - INFO: searching for new runs from 113233 to 2147483647
2009-05-12 04:36 - LArCalibL1Calo - DEBUG:  No new valid run. Last known valid run still: 113232
2009-05-12 04:51 - LArCalibL1Calo - INFO: ===> listening for new valid runs <===
2009-05-12 04:51 - LArCalibL1Calo - DEBUG: initialising coolRunLister
2009-05-12 04:51 - LArCalibL1Calo - DEBUG: applying selections to coolRunLister
2009-05-12 04:51 - LArCalibL1Calo - INFO: last valid run: 113232
2009-05-12 04:51 - LArCalibL1Calo - INFO: searching for new runs from 113233 to 2147483647
2009-05-12 04:51 - LArCalibL1Calo - DEBUG:  No new valid run. Last known valid run still: 113232
2009-05-12 05:07 - LArCalibL1Calo - INFO: ===> listening for new valid runs <===
2009-05-12 05:07 - LArCalibL1Calo - DEBUG: initialising coolRunLister
2009-05-12 05:07 - LArCalibL1Calo - DEBUG: applying selections to coolRunLister
2009-05-12 05:07 - LArCalibL1Calo - INFO: last valid run: 113232
2009-05-12 05:07 - LArCalibL1Calo - INFO: searching for new runs from 113233 to 2147483647
2009-05-12 05:07 - LArCalibL1Calo - DEBUG:  No new valid run. Last known valid run still: 113232
2009-05-12 05:22 - LArCalibL1Calo - INFO: ===> listening for new valid runs <===
2009-05-12 05:22 - LArCalibL1Calo - DEBUG: initialising coolRunLister
2009-05-12 05:22 - LArCalibL1Calo - DEBUG: applying selections to coolRunLister
2009-05-12 05:22 - LArCalibL1Calo - INFO: last valid run: 113232
2009-05-12 05:22 - LArCalibL1Calo - INFO: searching for new runs from 113233 to 2147483647
2009-05-12 05:22 - LArCalibL1Calo - DEBUG:  No new valid run. Last known valid run still: 113232
2009-05-12 05:37 - LArCalibL1Calo - INFO: ===> listening for new valid runs <===
2009-05-12 05:37 - LArCalibL1Calo - DEBUG: initialising coolRunLister
2009-05-12 05:37 - LArCalibL1Calo - DEBUG: applying selections to coolRunLister
2009-05-12 05:37 - LArCalibL1Calo - INFO: last valid run: 113232
2009-05-12 05:37 - LArCalibL1Calo - INFO: searching for new runs from 113233 to 2147483647
2009-05-12 05:37 - LArCalibL1Calo - DEBUG:  No new valid run. Last known valid run still: 113232
2009-05-12 05:52 - LArCalibL1Calo - INFO: ===> listening for new valid runs <===
2009-05-12 05:52 - LArCalibL1Calo - DEBUG: initialising coolRunLister
2009-05-12 05:52 - LArCalibL1Calo - DEBUG: applying selections to coolRunLister
2009-05-12 05:52 - LArCalibL1Calo - INFO: last valid run: 113232
2009-05-12 05:52 - LArCalibL1Calo - INFO: searching for new runs from 113233 to 2147483647
2009-05-12 05:52 - LArCalibL1Calo - DEBUG:  No new valid run. Last known valid run still: 113232
2009-05-12 06:08 - LArCalibL1Calo - INFO: ===> listening for new valid runs <===
2009-05-12 06:08 - LArCalibL1Calo - DEBUG: initialising coolRunLister
2009-05-12 06:08 - LArCalibL1Calo - DEBUG: applying selections to coolRunLister
2009-05-12 06:08 - LArCalibL1Calo - INFO: last valid run: 113232
2009-05-12 06:08 - LArCalibL1Calo - INFO: searching for new runs from 113233 to 2147483647
2009-05-12 06:08 - LArCalibL1Calo - DEBUG:  No new valid run. Last known valid run still: 113232
2009-05-12 06:23 - LArCalibL1Calo - INFO: ===> listening for new valid runs <===
2009-05-12 06:23 - LArCalibL1Calo - DEBUG: initialising coolRunLister
2009-05-12 06:23 - LArCalibL1Calo - DEBUG: applying selections to coolRunLister
2009-05-12 06:23 - LArCalibL1Calo - INFO: last valid run: 113232
2009-05-12 06:23 - LArCalibL1Calo - INFO: searching for new runs from 113233 to 2147483647
2009-05-12 06:23 - LArCalibL1Calo - DEBUG:  No new valid run. Last known valid run still: 113232
2009-05-12 06:38 - LArCalibL1Calo - INFO: ===> listening for new valid runs <===
2009-05-12 06:38 - LArCalibL1Calo - DEBUG: initialising coolRunLister
2009-05-12 06:38 - LArCalibL1Calo - DEBUG: applying selections to coolRunLister
2009-05-12 06:38 - LArCalibL1Calo - INFO: last valid run: 113232
2009-05-12 06:38 - LArCalibL1Calo - INFO: searching for new runs from 113233 to 2147483647
2009-05-12 06:38 - LArCalibL1Calo - DEBUG:  No new valid run. Last known valid run still: 113232
2009-05-12 06:53 - LArCalibL1Calo - INFO: ===> listening for new valid runs <===
2009-05-12 06:53 - LArCalibL1Calo - DEBUG: initialising coolRunLister
2009-05-12 06:53 - LArCalibL1Calo - DEBUG: applying selections to coolRunLister
2009-05-12 06:53 - LArCalibL1Calo - INFO: last valid run: 113232
2009-05-12 06:53 - LArCalibL1Calo - INFO: searching for new runs from 113233 to 2147483647
2009-05-12 06:53 - LArCalibL1Calo - DEBUG:  No new valid run. Last known valid run still: 113232
2009-05-12 07:09 - LArCalibL1Calo - INFO: ===> listening for new valid runs <===
2009-05-12 07:09 - LArCalibL1Calo - DEBUG: initialising coolRunLister
2009-05-12 07:09 - LArCalibL1Calo - DEBUG: applying selections to coolRunLister
2009-05-12 07:09 - LArCalibL1Calo - INFO: last valid run: 113232
2009-05-12 07:09 - LArCalibL1Calo - INFO: searching for new runs from 113233 to 2147483647
2009-05-12 07:09 - LArCalibL1Calo - DEBUG:  No new valid run. Last known valid run still: 113232
2009-05-12 07:24 - LArCalibL1Calo - INFO: ===> listening for new valid runs <===
2009-05-12 07:24 - LArCalibL1Calo - DEBUG: initialising coolRunLister
2009-05-12 07:24 - LArCalibL1Calo - DEBUG: applying selections to coolRunLister
2009-05-12 07:24 - LArCalibL1Calo - INFO: last valid run: 113232
2009-05-12 07:24 - LArCalibL1Calo - INFO: searching for new runs from 113233 to 2147483647
2009-05-12 07:24 - LArCalibL1Calo - DEBUG:  No new valid run. Last known valid run still: 113232
2009-05-12 07:39 - LArCalibL1Calo - INFO: ===> listening for new valid runs <===
2009-05-12 07:39 - LArCalibL1Calo - DEBUG: initialising coolRunLister
2009-05-12 07:39 - LArCalibL1Calo - DEBUG: applying selections to coolRunLister
2009-05-12 07:39 - LArCalibL1Calo - INFO: last valid run: 113232
2009-05-12 07:39 - LArCalibL1Calo - INFO: searching for new runs from 113233 to 2147483647
2009-05-12 07:39 - LArCalibL1Calo - DEBUG:  No new valid run. Last known valid run still: 113232
2009-05-12 07:54 - LArCalibL1Calo - INFO: ===> listening for new valid runs <===
2009-05-12 07:54 - LArCalibL1Calo - DEBUG: initialising coolRunLister
2009-05-12 07:54 - LArCalibL1Calo - DEBUG: applying selections to coolRunLister
2009-05-12 07:54 - LArCalibL1Calo - INFO: last valid run: 113232
2009-05-12 07:54 - LArCalibL1Calo - INFO: searching for new runs from 113233 to 2147483647
2009-05-12 07:54 - LArCalibL1Calo - DEBUG:  No new valid run. Last known valid run still: 113232
2009-05-12 08:10 - LArCalibL1Calo - INFO: ===> listening for new valid runs <===
2009-05-12 08:10 - LArCalibL1Calo - DEBUG: initialising coolRunLister
2009-05-12 08:10 - LArCalibL1Calo - DEBUG: applying selections to coolRunLister
2009-05-12 08:10 - LArCalibL1Calo - INFO: last valid run: 113232
2009-05-12 08:10 - LArCalibL1Calo - INFO: searching for new runs from 113233 to 2147483647
2009-05-12 08:10 - LArCalibL1Calo - DEBUG:  No new valid run. Last known valid run still: 113232
2009-05-12 08:25 - LArCalibL1Calo - INFO: ===> listening for new valid runs <===
2009-05-12 08:25 - LArCalibL1Calo - DEBUG: initialising coolRunLister
2009-05-12 08:25 - LArCalibL1Calo - DEBUG: applying selections to coolRunLister
2009-05-12 08:25 - LArCalibL1Calo - INFO: last valid run: 113232
2009-05-12 08:25 - LArCalibL1Calo - INFO: searching for new runs from 113233 to 2147483647
2009-05-12 08:25 - LArCalibL1Calo - DEBUG:  No new valid run. Last known valid run still: 113232
2009-05-12 08:40 - LArCalibL1Calo - INFO: ===> listening for new valid runs <===
2009-05-12 08:40 - LArCalibL1Calo - DEBUG: initialising coolRunLister
2009-05-12 08:40 - LArCalibL1Calo - DEBUG: applying selections to coolRunLister
2009-05-12 08:40 - LArCalibL1Calo - INFO: last valid run: 113232
2009-05-12 08:40 - LArCalibL1Calo - INFO: searching for new runs from 113233 to 2147483647
2009-05-12 08:40 - LArCalibL1Calo - DEBUG:  No new valid run. Last known valid run still: 113232
2009-05-12 08:55 - LArCalibL1Calo - INFO: ===> listening for new valid runs <===
2009-05-12 08:55 - LArCalibL1Calo - DEBUG: initialising coolRunLister
2009-05-12 08:55 - LArCalibL1Calo - DEBUG: applying selections to coolRunLister
2009-05-12 08:55 - LArCalibL1Calo - INFO: last valid run: 113232
2009-05-12 08:55 - LArCalibL1Calo - INFO: searching for new runs from 113233 to 2147483647
2009-05-12 08:55 - LArCalibL1Calo - DEBUG:  No new valid run. Last known valid run still: 113232
2009-05-12 09:10 - LArCalibL1Calo - INFO: ===> listening for new valid runs <===
2009-05-12 09:10 - LArCalibL1Calo - DEBUG: initialising coolRunLister
2009-05-12 09:10 - LArCalibL1Calo - DEBUG: applying selections to coolRunLister
2009-05-12 09:10 - LArCalibL1Calo - INFO: last valid run: 113232
2009-05-12 09:10 - LArCalibL1Calo - INFO: searching for new runs from 113233 to 2147483647
2009-05-12 09:10 - LArCalibL1Calo - DEBUG:  No new valid run. Last known valid run still: 113232
2009-05-12 09:26 - LArCalibL1Calo - INFO: ===> listening for new valid runs <===
2009-05-12 09:26 - LArCalibL1Calo - DEBUG: initialising coolRunLister
2009-05-12 09:26 - LArCalibL1Calo - DEBUG: applying selections to coolRunLister
2009-05-12 09:26 - LArCalibL1Calo - INFO: last valid run: 113232
2009-05-12 09:26 - LArCalibL1Calo - INFO: searching for new runs from 113233 to 2147483647
2009-05-12 09:26 - LArCalibL1Calo - DEBUG:  No new valid run. Last known valid run still: 113232
2009-05-12 09:41 - LArCalibL1Calo - INFO: ===> listening for new valid runs <===
2009-05-12 09:41 - LArCalibL1Calo - DEBUG: initialising coolRunLister
2009-05-12 09:41 - LArCalibL1Calo - DEBUG: applying selections to coolRunLister
2009-05-12 09:41 - LArCalibL1Calo - INFO: last valid run: 113232
2009-05-12 09:41 - LArCalibL1Calo - INFO: searching for new runs from 113233 to 2147483647
2009-05-12 09:41 - LArCalibL1Calo - DEBUG:  No new valid run. Last known valid run still: 113232
2009-05-12 09:56 - LArCalibL1Calo - INFO: ===> listening for new valid runs <===
2009-05-12 09:56 - LArCalibL1Calo - DEBUG: initialising coolRunLister
2009-05-12 09:56 - LArCalibL1Calo - DEBUG: applying selections to coolRunLister
2009-05-12 09:56 - LArCalibL1Calo - INFO: last valid run: 113232
2009-05-12 09:56 - LArCalibL1Calo - INFO: searching for new runs from 113233 to 2147483647
2009-05-12 09:56 - LArCalibL1Calo - DEBUG:  No new valid run. Last known valid run still: 113232
2009-05-12 10:11 - LArCalibL1Calo - INFO: ===> listening for new valid runs <===
2009-05-12 10:11 - LArCalibL1Calo - DEBUG: initialising coolRunLister
2009-05-12 10:11 - LArCalibL1Calo - DEBUG: applying selections to coolRunLister
2009-05-12 10:11 - LArCalibL1Calo - INFO: last valid run: 113232
2009-05-12 10:11 - LArCalibL1Calo - INFO: searching for new runs from 113233 to 2147483647
2009-05-12 10:11 - LArCalibL1Calo - DEBUG:  No new valid run. Last known valid run still: 113232
2009-05-12 10:27 - LArCalibL1Calo - INFO: ===> listening for new valid runs <===
2009-05-12 10:27 - LArCalibL1Calo - DEBUG: initialising coolRunLister
2009-05-12 10:27 - LArCalibL1Calo - DEBUG: applying selections to coolRunLister
2009-05-12 10:27 - LArCalibL1Calo - INFO: last valid run: 113232
2009-05-12 10:27 - LArCalibL1Calo - INFO: searching for new runs from 113233 to 2147483647
2009-05-12 10:27 - LArCalibL1Calo - DEBUG:  No new valid run. Last known valid run still: 113232
2009-05-12 10:42 - LArCalibL1Calo - INFO: ===> listening for new valid runs <===
2009-05-12 10:42 - LArCalibL1Calo - DEBUG: initialising coolRunLister
2009-05-12 10:42 - LArCalibL1Calo - DEBUG: applying selections to coolRunLister
2009-05-12 10:42 - LArCalibL1Calo - INFO: last valid run: 113232
2009-05-12 10:42 - LArCalibL1Calo - INFO: searching for new runs from 113233 to 2147483647
2009-05-12 10:42 - LArCalibL1Calo - DEBUG:  No new valid run. Last known valid run still: 113232
2009-05-12 10:57 - LArCalibL1Calo - INFO: ===> listening for new valid runs <===
2009-05-12 10:57 - LArCalibL1Calo - DEBUG: initialising coolRunLister
2009-05-12 10:57 - LArCalibL1Calo - DEBUG: applying selections to coolRunLister
2009-05-12 10:57 - LArCalibL1Calo - INFO: last valid run: 113232
2009-05-12 10:57 - LArCalibL1Calo - INFO: searching for new runs from 113233 to 2147483647
2009-05-12 10:57 - LArCalibL1Calo - DEBUG:  No new valid run. Last known valid run still: 113232
2009-05-12 11:12 - LArCalibL1Calo - INFO: ===> listening for new valid runs <===
2009-05-12 11:12 - LArCalibL1Calo - DEBUG: initialising coolRunLister
2009-05-12 11:12 - LArCalibL1Calo - DEBUG: applying selections to coolRunLister
2009-05-12 11:12 - LArCalibL1Calo - INFO: last valid run: 113232
2009-05-12 11:12 - LArCalibL1Calo - INFO: searching for new runs from 113233 to 2147483647
2009-05-12 11:13 - LArCalibL1Calo - DEBUG:  No new valid run. Last known valid run still: 113232
2009-05-12 11:28 - LArCalibL1Calo - INFO: ===> listening for new valid runs <===
2009-05-12 11:28 - LArCalibL1Calo - DEBUG: initialising coolRunLister
2009-05-12 11:28 - LArCalibL1Calo - DEBUG: applying selections to coolRunLister
2009-05-12 11:28 - LArCalibL1Calo - INFO: last valid run: 113232
2009-05-12 11:28 - LArCalibL1Calo - INFO: searching for new runs from 113233 to 2147483647
2009-05-12 11:28 - LArCalibL1Calo - DEBUG:  No new valid run. Last known valid run still: 113232
2009-05-12 11:43 - LArCalibL1Calo - INFO: ===> listening for new valid runs <===
2009-05-12 11:43 - LArCalibL1Calo - DEBUG: initialising coolRunLister
2009-05-12 11:43 - LArCalibL1Calo - DEBUG: applying selections to coolRunLister
2009-05-12 11:43 - LArCalibL1Calo - INFO: last valid run: 113232
2009-05-12 11:43 - LArCalibL1Calo - INFO: searching for new runs from 113233 to 2147483647
2009-05-12 11:43 - LArCalibL1Calo - DEBUG:  No new valid run. Last known valid run still: 113232
2009-05-12 11:58 - LArCalibL1Calo - INFO: ===> listening for new valid runs <===
2009-05-12 11:58 - LArCalibL1Calo - DEBUG: initialising coolRunLister
2009-05-12 11:58 - LArCalibL1Calo - DEBUG: applying selections to coolRunLister
2009-05-12 11:58 - LArCalibL1Calo - INFO: last valid run: 113232
2009-05-12 11:58 - LArCalibL1Calo - INFO: searching for new runs from 113233 to 2147483647
2009-05-12 11:58 - LArCalibL1Calo - DEBUG:  No new valid run. Last known valid run still: 113232
2009-05-12 12:13 - LArCalibL1Calo - INFO: ===> listening for new valid runs <===
2009-05-12 12:13 - LArCalibL1Calo - DEBUG: initialising coolRunLister
2009-05-12 12:13 - LArCalibL1Calo - DEBUG: applying selections to coolRunLister
2009-05-12 12:13 - LArCalibL1Calo - INFO: last valid run: 113232
2009-05-12 12:13 - LArCalibL1Calo - INFO: searching for new runs from 113233 to 2147483647
2009-05-12 12:13 - LArCalibL1Calo - DEBUG:  No new valid run. Last known valid run still: 113232
2009-05-12 12:29 - LArCalibL1Calo - INFO: ===> listening for new valid runs <===
2009-05-12 12:29 - LArCalibL1Calo - DEBUG: initialising coolRunLister
2009-05-12 12:29 - LArCalibL1Calo - DEBUG: applying selections to coolRunLister
2009-05-12 12:29 - LArCalibL1Calo - INFO: last valid run: 113232
2009-05-12 12:29 - LArCalibL1Calo - INFO: searching for new runs from 113233 to 2147483647
2009-05-12 12:29 - LArCalibL1Calo - DEBUG:  No new valid run. Last known valid run still: 113232
2009-05-12 12:44 - LArCalibL1Calo - INFO: ===> listening for new valid runs <===
2009-05-12 12:44 - LArCalibL1Calo - DEBUG: initialising coolRunLister
2009-05-12 12:44 - LArCalibL1Calo - DEBUG: applying selections to coolRunLister
2009-05-12 12:44 - LArCalibL1Calo - INFO: last valid run: 113232
2009-05-12 12:44 - LArCalibL1Calo - INFO: searching for new runs from 113233 to 2147483647
2009-05-12 12:44 - LArCalibL1Calo - DEBUG:  No new valid run. Last known valid run still: 113232
2009-05-12 12:59 - LArCalibL1Calo - INFO: ===> listening for new valid runs <===
2009-05-12 12:59 - LArCalibL1Calo - DEBUG: initialising coolRunLister
2009-05-12 12:59 - LArCalibL1Calo - DEBUG: applying selections to coolRunLister
2009-05-12 12:59 - LArCalibL1Calo - INFO: last valid run: 113232
2009-05-12 12:59 - LArCalibL1Calo - INFO: searching for new runs from 113233 to 2147483647
2009-05-12 12:59 - LArCalibL1Calo - DEBUG:  No new valid run. Last known valid run still: 113232
2009-05-12 13:14 - LArCalibL1Calo - INFO: ===> listening for new valid runs <===
2009-05-12 13:14 - LArCalibL1Calo - DEBUG: initialising coolRunLister
2009-05-12 13:14 - LArCalibL1Calo - DEBUG: applying selections to coolRunLister
2009-05-12 13:14 - LArCalibL1Calo - INFO: last valid run: 113232
2009-05-12 13:14 - LArCalibL1Calo - INFO: searching for new runs from 113233 to 2147483647
2009-05-12 13:14 - LArCalibL1Calo - DEBUG:  No new valid run. Last known valid run still: 113232
2009-05-12 13:30 - LArCalibL1Calo - INFO: ===> listening for new valid runs <===
2009-05-12 13:30 - LArCalibL1Calo - DEBUG: initialising coolRunLister
2009-05-12 13:30 - LArCalibL1Calo - DEBUG: applying selections to coolRunLister
2009-05-12 13:30 - LArCalibL1Calo - INFO: last valid run: 113232
2009-05-12 13:30 - LArCalibL1Calo - INFO: searching for new runs from 113233 to 2147483647
2009-05-12 13:30 - LArCalibL1Calo - DEBUG:  No new valid run. Last known valid run still: 113232
2009-05-12 13:45 - LArCalibL1Calo - INFO: ===> listening for new valid runs <===
2009-05-12 13:45 - LArCalibL1Calo - DEBUG: initialising coolRunLister
2009-05-12 13:45 - LArCalibL1Calo - DEBUG: applying selections to coolRunLister
2009-05-12 13:45 - LArCalibL1Calo - INFO: last valid run: 113232
2009-05-12 13:45 - LArCalibL1Calo - INFO: searching for new runs from 113233 to 2147483647
2009-05-12 13:45 - LArCalibL1Calo - DEBUG:  No new valid run. Last known valid run still: 113232
2009-05-12 14:00 - LArCalibL1Calo - INFO: ===> listening for new valid runs <===
2009-05-12 14:00 - LArCalibL1Calo - DEBUG: initialising coolRunLister
2009-05-12 14:00 - LArCalibL1Calo - DEBUG: applying selections to coolRunLister
2009-05-12 14:00 - LArCalibL1Calo - INFO: last valid run: 113232
2009-05-12 14:00 - LArCalibL1Calo - INFO: searching for new runs from 113233 to 2147483647
2009-05-12 14:00 - LArCalibL1Calo - DEBUG:  No new valid run. Last known valid run still: 113232
2009-05-12 14:15 - LArCalibL1Calo - INFO: ===> listening for new valid runs <===
2009-05-12 14:15 - LArCalibL1Calo - DEBUG: initialising coolRunLister
2009-05-12 14:15 - LArCalibL1Calo - DEBUG: applying selections to coolRunLister
2009-05-12 14:15 - LArCalibL1Calo - INFO: last valid run: 113232
2009-05-12 14:15 - LArCalibL1Calo - INFO: searching for new runs from 113233 to 2147483647
2009-05-12 14:15 - LArCalibL1Calo - DEBUG:  No new valid run. Last known valid run still: 113232
2009-05-12 14:31 - LArCalibL1Calo - INFO: ===> listening for new valid runs <===
2009-05-12 14:31 - LArCalibL1Calo - DEBUG: initialising coolRunLister
2009-05-12 14:31 - LArCalibL1Calo - DEBUG: applying selections to coolRunLister
2009-05-12 14:31 - LArCalibL1Calo - INFO: last valid run: 113232
2009-05-12 14:31 - LArCalibL1Calo - INFO: searching for new runs from 113233 to 2147483647
2009-05-12 14:31 - LArCalibL1Calo - DEBUG:  No new valid run. Last known valid run still: 113232
2009-05-12 14:46 - LArCalibL1Calo - INFO: ===> listening for new valid runs <===
2009-05-12 14:46 - LArCalibL1Calo - DEBUG: initialising coolRunLister
2009-05-12 14:46 - LArCalibL1Calo - DEBUG: applying selections to coolRunLister
2009-05-12 14:46 - LArCalibL1Calo - INFO: last valid run: 113232
2009-05-12 14:46 - LArCalibL1Calo - INFO: searching for new runs from 113233 to 2147483647
2009-05-12 14:46 - LArCalibL1Calo - DEBUG:  No new valid run. Last known valid run still: 113232
2009-05-12 15:01 - LArCalibL1Calo - INFO: ===> listening for new valid runs <===
2009-05-12 15:01 - LArCalibL1Calo - DEBUG: initialising coolRunLister
2009-05-12 15:01 - LArCalibL1Calo - DEBUG: applying selections to coolRunLister
2009-05-12 15:01 - LArCalibL1Calo - INFO: last valid run: 113232
2009-05-12 15:01 - LArCalibL1Calo - INFO: searching for new runs from 113233 to 2147483647
2009-05-12 15:01 - LArCalibL1Calo - DEBUG:  No new valid run. Last known valid run still: 113232
2009-05-12 15:17 - LArCalibL1Calo - INFO: ===> listening for new valid runs <===
2009-05-12 15:17 - LArCalibL1Calo - DEBUG: initialising coolRunLister
2009-05-12 15:17 - LArCalibL1Calo - DEBUG: applying selections to coolRunLister
2009-05-12 15:17 - LArCalibL1Calo - INFO: last valid run: 113232
2009-05-12 15:17 - LArCalibL1Calo - INFO: searching for new runs from 113233 to 2147483647
2009-05-12 15:17 - LArCalibL1Calo - DEBUG:  No new valid run. Last known valid run still: 113232
2009-05-12 15:32 - LArCalibL1Calo - INFO: ===> listening for new valid runs <===
2009-05-12 15:32 - LArCalibL1Calo - DEBUG: initialising coolRunLister
2009-05-12 15:32 - LArCalibL1Calo - DEBUG: applying selections to coolRunLister
2009-05-12 15:32 - LArCalibL1Calo - INFO: last valid run: 113232
2009-05-12 15:32 - LArCalibL1Calo - INFO: searching for new runs from 113233 to 2147483647
2009-05-12 15:32 - LArCalibL1Calo - DEBUG:  No new valid run. Last known valid run still: 113232
2009-05-12 15:47 - LArCalibL1Calo - INFO: ===> listening for new valid runs <===
2009-05-12 15:47 - LArCalibL1Calo - DEBUG: initialising coolRunLister
2009-05-12 15:47 - LArCalibL1Calo - DEBUG: applying selections to coolRunLister
2009-05-12 15:47 - LArCalibL1Calo - INFO: last valid run: 113232
2009-05-12 15:47 - LArCalibL1Calo - INFO: searching for new runs from 113233 to 2147483647
2009-05-12 15:47 - LArCalibL1Calo - DEBUG:  No new valid run. Last known valid run still: 113232
2009-05-12 16:08 - LArCalibL1Calo - INFO: ===> listening for new valid runs <===
2009-05-12 16:08 - LArCalibL1Calo - DEBUG: initialising coolRunLister
2009-05-12 16:08 - LArCalibL1Calo - DEBUG: applying selections to coolRunLister
2009-05-12 16:08 - LArCalibL1Calo - INFO: last valid run: 113232
2009-05-12 16:08 - LArCalibL1Calo - INFO: searching for new runs from 113233 to 2147483647
2009-05-12 16:08 - LArCalibL1Calo - DEBUG:  No new valid run. Last known valid run still: 113232
2009-05-12 16:23 - LArCalibL1Calo - INFO: ===> listening for new valid runs <===
2009-05-12 16:23 - LArCalibL1Calo - DEBUG: initialising coolRunLister
2009-05-12 16:23 - LArCalibL1Calo - DEBUG: applying selections to coolRunLister
2009-05-12 16:23 - LArCalibL1Calo - INFO: last valid run: 113232
2009-05-12 16:23 - LArCalibL1Calo - INFO: searching for new runs from 113233 to 2147483647
2009-05-12 16:23 - LArCalibL1Calo - DEBUG:  No new valid run. Last known valid run still: 113232
