2009-04-02 19:43 - TileCalibL1Calo - INFO: ========================================
2009-04-02 19:43 - TileCalibL1Calo - INFO: RunListener in init
2009-04-02 19:43 - TileCalibL1Calo - INFO: RunListener initialized
2009-04-02 19:43 - TileCalibL1Calo - INFO: ========================================
2009-04-02 19:43 - TileCalibL1Calo - INFO: ===> from initRunListener <===
2009-04-02 19:43 - TileCalibL1Calo - INFO: 
RunListener TileCalibL1Caloinitialised with the following parameters:
TDAQ DB: COOLONL_TDAQ/COMP200
TRIG DB: COOLONL_TRIGGER/COMP200
Status DB: COOLONL_TDAQ/COMP200
log level: 0
oracle: False
rec. only: True
det. mask: 0
run type: cismono
det. status: 2
det. status tag: HEAD
daq partition: Tile-TTC2LAN
tag: 
format: acertd
reverse: False
stoptimestamp: True
cleanstop: True
hasevents: True
last valid run known: 0

2009-04-02 19:53 - TileCalibL1Calo - INFO: ===> listening for new valid runs <===
2009-04-02 19:53 - TileCalibL1Calo - DEBUG: initialising coolRunLister
2009-04-02 19:53 - TileCalibL1Calo - DEBUG: applying selections to coolRunLister
2009-04-02 19:53 - TileCalibL1Calo - INFO: last valid run: 104000
2009-04-02 19:53 - TileCalibL1Calo - INFO: searching for new runs from 104001 to 2147483647
2009-04-02 19:53 - TileCalibL1Calo - DEBUG: new last known run: 105072
2009-04-02 19:53 - TileCalibL1Calo - DEBUG: 
     Run   Events  LumiB            StartTime             StopTime L1Events L2Events EFEvents ErrC Rec Cln RunType                  DetectorMask DAQConfiguration     PartitionName    FilenameTag         
  105072     4508      3  2009-04-02:13:28:56  2009-04-02:13:30:15     4508     4508     4508    0  No Yes cismono                    7c00f00000 Schema=127:Data=150  Tile-TTC2LAN                         

2009-04-02 20:04 - TileCalibL1Calo - INFO: ===> listening for new valid runs <===
2009-04-02 20:04 - TileCalibL1Calo - DEBUG: initialising coolRunLister
2009-04-02 20:04 - TileCalibL1Calo - DEBUG: applying selections to coolRunLister
2009-04-02 20:04 - TileCalibL1Calo - INFO: last valid run: 105072
2009-04-02 20:04 - TileCalibL1Calo - INFO: searching for new runs from 105073 to 2147483647
2009-04-02 20:04 - TileCalibL1Calo - DEBUG:  No new valid run. Last known valid run still: 105072
2009-04-02 20:14 - TileCalibL1Calo - INFO: ===> listening for new valid runs <===
2009-04-02 20:14 - TileCalibL1Calo - DEBUG: initialising coolRunLister
2009-04-02 20:14 - TileCalibL1Calo - DEBUG: applying selections to coolRunLister
2009-04-02 20:14 - TileCalibL1Calo - INFO: last valid run: 105072
2009-04-02 20:14 - TileCalibL1Calo - INFO: searching for new runs from 105073 to 2147483647
2009-04-02 20:14 - TileCalibL1Calo - DEBUG:  No new valid run. Last known valid run still: 105072
2009-04-02 20:24 - TileCalibL1Calo - INFO: ===> listening for new valid runs <===
2009-04-02 20:24 - TileCalibL1Calo - DEBUG: initialising coolRunLister
2009-04-02 20:24 - TileCalibL1Calo - DEBUG: applying selections to coolRunLister
2009-04-02 20:24 - TileCalibL1Calo - INFO: last valid run: 105072
2009-04-02 20:24 - TileCalibL1Calo - INFO: searching for new runs from 105073 to 2147483647
2009-04-02 20:24 - TileCalibL1Calo - DEBUG:  No new valid run. Last known valid run still: 105072
2009-04-02 20:34 - TileCalibL1Calo - INFO: ===> listening for new valid runs <===
2009-04-02 20:34 - TileCalibL1Calo - DEBUG: initialising coolRunLister
2009-04-02 20:34 - TileCalibL1Calo - DEBUG: applying selections to coolRunLister
2009-04-02 20:34 - TileCalibL1Calo - INFO: last valid run: 105072
2009-04-02 20:34 - TileCalibL1Calo - INFO: searching for new runs from 105073 to 2147483647
2009-04-02 20:34 - TileCalibL1Calo - DEBUG:  No new valid run. Last known valid run still: 105072
2009-04-02 20:44 - TileCalibL1Calo - INFO: ===> listening for new valid runs <===
2009-04-02 20:44 - TileCalibL1Calo - DEBUG: initialising coolRunLister
2009-04-02 20:44 - TileCalibL1Calo - DEBUG: applying selections to coolRunLister
2009-04-02 20:44 - TileCalibL1Calo - INFO: last valid run: 105072
2009-04-02 20:44 - TileCalibL1Calo - INFO: searching for new runs from 105073 to 2147483647
2009-04-02 20:44 - TileCalibL1Calo - DEBUG:  No new valid run. Last known valid run still: 105072
2009-04-02 20:54 - TileCalibL1Calo - INFO: ===> listening for new valid runs <===
2009-04-02 20:54 - TileCalibL1Calo - DEBUG: initialising coolRunLister
2009-04-02 20:54 - TileCalibL1Calo - DEBUG: applying selections to coolRunLister
2009-04-02 20:54 - TileCalibL1Calo - INFO: last valid run: 105072
2009-04-02 20:54 - TileCalibL1Calo - INFO: searching for new runs from 105073 to 2147483647
2009-04-02 20:54 - TileCalibL1Calo - DEBUG:  No new valid run. Last known valid run still: 105072
2009-04-02 21:04 - TileCalibL1Calo - INFO: ===> listening for new valid runs <===
2009-04-02 21:04 - TileCalibL1Calo - DEBUG: initialising coolRunLister
2009-04-02 21:04 - TileCalibL1Calo - DEBUG: applying selections to coolRunLister
2009-04-02 21:04 - TileCalibL1Calo - INFO: last valid run: 105072
2009-04-02 21:04 - TileCalibL1Calo - INFO: searching for new runs from 105073 to 2147483647
2009-04-02 21:04 - TileCalibL1Calo - DEBUG:  No new valid run. Last known valid run still: 105072
2009-04-02 21:14 - TileCalibL1Calo - INFO: ===> listening for new valid runs <===
2009-04-02 21:14 - TileCalibL1Calo - DEBUG: initialising coolRunLister
2009-04-02 21:14 - TileCalibL1Calo - DEBUG: applying selections to coolRunLister
2009-04-02 21:14 - TileCalibL1Calo - INFO: last valid run: 105072
2009-04-02 21:14 - TileCalibL1Calo - INFO: searching for new runs from 105073 to 2147483647
2009-04-02 21:15 - TileCalibL1Calo - DEBUG:  No new valid run. Last known valid run still: 105072
2009-04-02 21:25 - TileCalibL1Calo - INFO: ===> listening for new valid runs <===
2009-04-02 21:25 - TileCalibL1Calo - DEBUG: initialising coolRunLister
2009-04-02 21:25 - TileCalibL1Calo - DEBUG: applying selections to coolRunLister
2009-04-02 21:25 - TileCalibL1Calo - INFO: last valid run: 105072
2009-04-02 21:25 - TileCalibL1Calo - INFO: searching for new runs from 105073 to 2147483647
2009-04-02 21:25 - TileCalibL1Calo - DEBUG:  No new valid run. Last known valid run still: 105072
2009-04-02 21:35 - TileCalibL1Calo - INFO: ===> listening for new valid runs <===
2009-04-02 21:35 - TileCalibL1Calo - DEBUG: initialising coolRunLister
2009-04-02 21:35 - TileCalibL1Calo - DEBUG: applying selections to coolRunLister
2009-04-02 21:35 - TileCalibL1Calo - INFO: last valid run: 105072
2009-04-02 21:35 - TileCalibL1Calo - INFO: searching for new runs from 105073 to 2147483647
2009-04-02 21:35 - TileCalibL1Calo - DEBUG:  No new valid run. Last known valid run still: 105072
2009-04-02 21:45 - TileCalibL1Calo - INFO: ===> listening for new valid runs <===
2009-04-02 21:45 - TileCalibL1Calo - DEBUG: initialising coolRunLister
2009-04-02 21:45 - TileCalibL1Calo - DEBUG: applying selections to coolRunLister
2009-04-02 21:45 - TileCalibL1Calo - INFO: last valid run: 105072
2009-04-02 21:45 - TileCalibL1Calo - INFO: searching for new runs from 105073 to 2147483647
2009-04-02 21:45 - TileCalibL1Calo - DEBUG:  No new valid run. Last known valid run still: 105072
2009-04-02 21:55 - TileCalibL1Calo - INFO: ===> listening for new valid runs <===
2009-04-02 21:55 - TileCalibL1Calo - DEBUG: initialising coolRunLister
2009-04-02 21:55 - TileCalibL1Calo - DEBUG: applying selections to coolRunLister
2009-04-02 21:55 - TileCalibL1Calo - INFO: last valid run: 105072
2009-04-02 21:55 - TileCalibL1Calo - INFO: searching for new runs from 105073 to 2147483647
2009-04-02 21:55 - TileCalibL1Calo - DEBUG:  No new valid run. Last known valid run still: 105072
2009-04-02 22:05 - TileCalibL1Calo - INFO: ===> listening for new valid runs <===
2009-04-02 22:05 - TileCalibL1Calo - DEBUG: initialising coolRunLister
2009-04-02 22:05 - TileCalibL1Calo - DEBUG: applying selections to coolRunLister
2009-04-02 22:05 - TileCalibL1Calo - INFO: last valid run: 105072
2009-04-02 22:05 - TileCalibL1Calo - INFO: searching for new runs from 105073 to 2147483647
2009-04-02 22:05 - TileCalibL1Calo - DEBUG:  No new valid run. Last known valid run still: 105072
2009-04-02 22:15 - TileCalibL1Calo - INFO: ===> listening for new valid runs <===
2009-04-02 22:15 - TileCalibL1Calo - DEBUG: initialising coolRunLister
2009-04-02 22:15 - TileCalibL1Calo - DEBUG: applying selections to coolRunLister
2009-04-02 22:15 - TileCalibL1Calo - INFO: last valid run: 105072
2009-04-02 22:15 - TileCalibL1Calo - INFO: searching for new runs from 105073 to 2147483647
2009-04-02 22:15 - TileCalibL1Calo - DEBUG:  No new valid run. Last known valid run still: 105072
2009-04-02 22:25 - TileCalibL1Calo - INFO: ===> listening for new valid runs <===
2009-04-02 22:25 - TileCalibL1Calo - DEBUG: initialising coolRunLister
2009-04-02 22:25 - TileCalibL1Calo - DEBUG: applying selections to coolRunLister
2009-04-02 22:25 - TileCalibL1Calo - INFO: last valid run: 105072
2009-04-02 22:25 - TileCalibL1Calo - INFO: searching for new runs from 105073 to 2147483647
2009-04-02 22:25 - TileCalibL1Calo - DEBUG:  No new valid run. Last known valid run still: 105072
2009-04-02 22:35 - TileCalibL1Calo - INFO: ===> listening for new valid runs <===
2009-04-02 22:35 - TileCalibL1Calo - DEBUG: initialising coolRunLister
2009-04-02 22:35 - TileCalibL1Calo - DEBUG: applying selections to coolRunLister
2009-04-02 22:35 - TileCalibL1Calo - INFO: last valid run: 105072
2009-04-02 22:35 - TileCalibL1Calo - INFO: searching for new runs from 105073 to 2147483647
2009-04-02 22:35 - TileCalibL1Calo - DEBUG:  No new valid run. Last known valid run still: 105072
2009-04-02 22:46 - TileCalibL1Calo - INFO: ===> listening for new valid runs <===
2009-04-02 22:46 - TileCalibL1Calo - DEBUG: initialising coolRunLister
2009-04-02 22:46 - TileCalibL1Calo - DEBUG: applying selections to coolRunLister
2009-04-02 22:46 - TileCalibL1Calo - INFO: last valid run: 105072
2009-04-02 22:46 - TileCalibL1Calo - INFO: searching for new runs from 105073 to 2147483647
2009-04-02 22:46 - TileCalibL1Calo - DEBUG:  No new valid run. Last known valid run still: 105072
2009-04-02 22:56 - TileCalibL1Calo - INFO: ===> listening for new valid runs <===
2009-04-02 22:56 - TileCalibL1Calo - DEBUG: initialising coolRunLister
2009-04-02 22:56 - TileCalibL1Calo - DEBUG: applying selections to coolRunLister
2009-04-02 22:56 - TileCalibL1Calo - INFO: last valid run: 105072
2009-04-02 22:56 - TileCalibL1Calo - INFO: searching for new runs from 105073 to 2147483647
2009-04-02 22:56 - TileCalibL1Calo - DEBUG:  No new valid run. Last known valid run still: 105072
2009-04-02 23:06 - TileCalibL1Calo - INFO: ===> listening for new valid runs <===
2009-04-02 23:06 - TileCalibL1Calo - DEBUG: initialising coolRunLister
2009-04-02 23:06 - TileCalibL1Calo - DEBUG: applying selections to coolRunLister
2009-04-02 23:06 - TileCalibL1Calo - INFO: last valid run: 105072
2009-04-02 23:06 - TileCalibL1Calo - INFO: searching for new runs from 105073 to 2147483647
2009-04-02 23:06 - TileCalibL1Calo - DEBUG:  No new valid run. Last known valid run still: 105072
2009-04-02 23:16 - TileCalibL1Calo - INFO: ===> listening for new valid runs <===
2009-04-02 23:16 - TileCalibL1Calo - DEBUG: initialising coolRunLister
2009-04-02 23:16 - TileCalibL1Calo - DEBUG: applying selections to coolRunLister
2009-04-02 23:16 - TileCalibL1Calo - INFO: last valid run: 105072
2009-04-02 23:16 - TileCalibL1Calo - INFO: searching for new runs from 105073 to 2147483647
2009-04-02 23:16 - TileCalibL1Calo - DEBUG:  No new valid run. Last known valid run still: 105072
2009-04-02 23:26 - TileCalibL1Calo - INFO: ===> listening for new valid runs <===
2009-04-02 23:26 - TileCalibL1Calo - DEBUG: initialising coolRunLister
2009-04-02 23:26 - TileCalibL1Calo - DEBUG: applying selections to coolRunLister
2009-04-02 23:26 - TileCalibL1Calo - INFO: last valid run: 105072
2009-04-02 23:26 - TileCalibL1Calo - INFO: searching for new runs from 105073 to 2147483647
2009-04-02 23:26 - TileCalibL1Calo - DEBUG:  No new valid run. Last known valid run still: 105072
2009-04-02 23:36 - TileCalibL1Calo - INFO: ===> listening for new valid runs <===
2009-04-02 23:36 - TileCalibL1Calo - DEBUG: initialising coolRunLister
2009-04-02 23:36 - TileCalibL1Calo - DEBUG: applying selections to coolRunLister
2009-04-02 23:36 - TileCalibL1Calo - INFO: last valid run: 105072
2009-04-02 23:36 - TileCalibL1Calo - INFO: searching for new runs from 105073 to 2147483647
2009-04-02 23:36 - TileCalibL1Calo - DEBUG:  No new valid run. Last known valid run still: 105072
2009-04-02 23:46 - TileCalibL1Calo - INFO: ===> listening for new valid runs <===
2009-04-02 23:46 - TileCalibL1Calo - DEBUG: initialising coolRunLister
2009-04-02 23:46 - TileCalibL1Calo - DEBUG: applying selections to coolRunLister
2009-04-02 23:46 - TileCalibL1Calo - INFO: last valid run: 105072
2009-04-02 23:46 - TileCalibL1Calo - INFO: searching for new runs from 105073 to 2147483647
2009-04-02 23:46 - TileCalibL1Calo - DEBUG:  No new valid run. Last known valid run still: 105072
2009-04-02 23:56 - TileCalibL1Calo - INFO: ===> listening for new valid runs <===
2009-04-02 23:56 - TileCalibL1Calo - DEBUG: initialising coolRunLister
2009-04-02 23:56 - TileCalibL1Calo - DEBUG: applying selections to coolRunLister
2009-04-02 23:56 - TileCalibL1Calo - INFO: last valid run: 105072
2009-04-02 23:56 - TileCalibL1Calo - INFO: searching for new runs from 105073 to 2147483647
2009-04-02 23:56 - TileCalibL1Calo - DEBUG:  No new valid run. Last known valid run still: 105072
