2009-04-13 00:01 - L1CaloStandalone - INFO: ========================================
2009-04-13 00:01 - L1CaloStandalone - INFO: RunListener in init
2009-04-13 00:01 - L1CaloStandalone - INFO: RunListener initialized
2009-04-13 00:01 - L1CaloStandalone - INFO: ========================================
2009-04-13 00:01 - L1CaloStandalone - INFO: ===> from initRunListener <===
2009-04-13 00:01 - L1CaloStandalone - INFO: 
RunListener L1CaloStandaloneinitialised with the following parameters:
TDAQ DB: COOLONL_TDAQ/COMP200
TRIG DB: COOLONL_TRIGGER/COMP200
Status DB: COOLONL_TDAQ/COMP200
log level: 0
oracle: False
rec. only: True
det. mask: 0
run type: Physics
det. status: 2
det. status tag: HEAD
daq partition: L1CaloStandalone
tag: 
format: acertd
reverse: False
stoptimestamp: True
cleanstop: True
hasevents: True
last valid run known: 0

2009-04-13 00:11 - L1CaloStandalone - INFO: ===> listening for new valid runs <===
2009-04-13 00:11 - L1CaloStandalone - DEBUG: initialising coolRunLister
2009-04-13 00:11 - L1CaloStandalone - DEBUG: applying selections to coolRunLister
2009-04-13 00:11 - L1CaloStandalone - INFO: last valid run: 104000
2009-04-13 00:11 - L1CaloStandalone - INFO: searching for new runs from 104001 to 2147483647
2009-04-13 00:12 - L1CaloStandalone - DEBUG: new last known run: 106364
2009-04-13 00:12 - L1CaloStandalone - DEBUG: 
     Run   Events  LumiB            StartTime             StopTime L1Events L2Events EFEvents ErrC Rec Cln RunType                  DetectorMask DAQConfiguration     PartitionName    FilenameTag         
  104172        0      1  2009-03-27:10:46:32  2009-03-27:10:46:54     1620        0        0    0  No Yes Physics                    7c00000000 Schema=127:Data=47   L1CaloStandalone l1calo              
     Run   Events  LumiB            StartTime             StopTime L1Events L2Events EFEvents ErrC Rec Cln RunType                  DetectorMask DAQConfiguration     PartitionName    FilenameTag         
  104178        0      1  2009-03-27:10:52:28  2009-03-27:10:55:12     1312        0        0    0  No Yes Physics                    7c00000000 Schema=127:Data=47   L1CaloStandalone l1calo              
     Run   Events  LumiB            StartTime             StopTime L1Events L2Events EFEvents ErrC Rec Cln RunType                  DetectorMask DAQConfiguration     PartitionName    FilenameTag         
  104681        0      1  2009-04-01:07:47:22  2009-04-01:07:48:11       65        0        0    0  No Yes Physics                    7c00000000 Schema=127:Data=103  L1CaloStandalone                     
     Run   Events  LumiB            StartTime             StopTime L1Events L2Events EFEvents ErrC Rec Cln RunType                  DetectorMask DAQConfiguration     PartitionName    FilenameTag         
  104683        0      1  2009-04-01:07:55:18  2009-04-01:07:56:43       64        0        0    0  No Yes Physics                    7c00000000 Schema=127:Data=47   L1CaloStandalone l1calo              
     Run   Events  LumiB            StartTime             StopTime L1Events L2Events EFEvents ErrC Rec Cln RunType                  DetectorMask DAQConfiguration     PartitionName    FilenameTag         
  104685        0      1  2009-04-01:08:07:20  2009-04-01:08:08:06       30        0        0    0  No Yes Physics                    3c00000000 Schema=127:Data=104  L1CaloStandalone l1calo              
     Run   Events  LumiB            StartTime             StopTime L1Events L2Events EFEvents ErrC Rec Cln RunType                  DetectorMask DAQConfiguration     PartitionName    FilenameTag         
  104700        0      1  2009-04-01:08:35:06  2009-04-01:08:37:55     1320        0        0    0  No Yes Physics                    2c00000000 Schema=127:Data=108  L1CaloStandalone l1calo              
     Run   Events  LumiB            StartTime             StopTime L1Events L2Events EFEvents ErrC Rec Cln RunType                  DetectorMask DAQConfiguration     PartitionName    FilenameTag         
  104823        0      1  2009-04-01:13:21:51  2009-04-01:13:23:54     1268        0        0    0  No Yes Physics                    6400000000 Schema=127:Data=122  L1CaloStandalone l1calo              
     Run   Events  LumiB            StartTime             StopTime L1Events L2Events EFEvents ErrC Rec Cln RunType                  DetectorMask DAQConfiguration     PartitionName    FilenameTag         
  106364        0      1  2009-04-04:15:00:25  2009-04-04:15:01:13   141050        0        0    0  No Yes Physics                    7c00000000 Schema=129:Data=63   L1CaloStandalone                     

2009-04-13 00:22 - L1CaloStandalone - INFO: ===> listening for new valid runs <===
2009-04-13 00:22 - L1CaloStandalone - DEBUG: initialising coolRunLister
2009-04-13 00:22 - L1CaloStandalone - DEBUG: applying selections to coolRunLister
2009-04-13 00:22 - L1CaloStandalone - INFO: last valid run: 106364
2009-04-13 00:22 - L1CaloStandalone - INFO: searching for new runs from 106365 to 2147483647
2009-04-13 00:22 - L1CaloStandalone - DEBUG:  No new valid run. Last known valid run still: 106364
2009-04-13 00:32 - L1CaloStandalone - INFO: ===> listening for new valid runs <===
2009-04-13 00:32 - L1CaloStandalone - DEBUG: initialising coolRunLister
2009-04-13 00:32 - L1CaloStandalone - DEBUG: applying selections to coolRunLister
2009-04-13 00:32 - L1CaloStandalone - INFO: last valid run: 106364
2009-04-13 00:32 - L1CaloStandalone - INFO: searching for new runs from 106365 to 2147483647
2009-04-13 00:33 - L1CaloStandalone - DEBUG:  No new valid run. Last known valid run still: 106364
2009-04-13 00:43 - L1CaloStandalone - INFO: ===> listening for new valid runs <===
2009-04-13 00:43 - L1CaloStandalone - DEBUG: initialising coolRunLister
2009-04-13 00:43 - L1CaloStandalone - DEBUG: applying selections to coolRunLister
2009-04-13 00:43 - L1CaloStandalone - INFO: last valid run: 106364
2009-04-13 00:43 - L1CaloStandalone - INFO: searching for new runs from 106365 to 2147483647
2009-04-13 00:43 - L1CaloStandalone - DEBUG:  No new valid run. Last known valid run still: 106364
2009-04-13 00:53 - L1CaloStandalone - INFO: ===> listening for new valid runs <===
2009-04-13 00:53 - L1CaloStandalone - DEBUG: initialising coolRunLister
2009-04-13 00:53 - L1CaloStandalone - DEBUG: applying selections to coolRunLister
2009-04-13 00:53 - L1CaloStandalone - INFO: last valid run: 106364
2009-04-13 00:53 - L1CaloStandalone - INFO: searching for new runs from 106365 to 2147483647
2009-04-13 00:53 - L1CaloStandalone - DEBUG:  No new valid run. Last known valid run still: 106364
2009-04-13 01:03 - L1CaloStandalone - INFO: ===> listening for new valid runs <===
2009-04-13 01:03 - L1CaloStandalone - DEBUG: initialising coolRunLister
2009-04-13 01:03 - L1CaloStandalone - DEBUG: applying selections to coolRunLister
2009-04-13 01:03 - L1CaloStandalone - INFO: last valid run: 106364
2009-04-13 01:03 - L1CaloStandalone - INFO: searching for new runs from 106365 to 2147483647
2009-04-13 01:04 - L1CaloStandalone - DEBUG:  No new valid run. Last known valid run still: 106364
2009-04-13 01:14 - L1CaloStandalone - INFO: ===> listening for new valid runs <===
2009-04-13 01:14 - L1CaloStandalone - DEBUG: initialising coolRunLister
2009-04-13 01:14 - L1CaloStandalone - DEBUG: applying selections to coolRunLister
2009-04-13 01:14 - L1CaloStandalone - INFO: last valid run: 106364
2009-04-13 01:14 - L1CaloStandalone - INFO: searching for new runs from 106365 to 2147483647
2009-04-13 01:14 - L1CaloStandalone - DEBUG:  No new valid run. Last known valid run still: 106364
2009-04-13 01:24 - L1CaloStandalone - INFO: ===> listening for new valid runs <===
2009-04-13 01:24 - L1CaloStandalone - DEBUG: initialising coolRunLister
2009-04-13 01:24 - L1CaloStandalone - DEBUG: applying selections to coolRunLister
2009-04-13 01:24 - L1CaloStandalone - INFO: last valid run: 106364
2009-04-13 01:24 - L1CaloStandalone - INFO: searching for new runs from 106365 to 2147483647
2009-04-13 01:24 - L1CaloStandalone - DEBUG:  No new valid run. Last known valid run still: 106364
2009-04-13 01:34 - L1CaloStandalone - INFO: ===> listening for new valid runs <===
2009-04-13 01:34 - L1CaloStandalone - DEBUG: initialising coolRunLister
2009-04-13 01:34 - L1CaloStandalone - DEBUG: applying selections to coolRunLister
2009-04-13 01:34 - L1CaloStandalone - INFO: last valid run: 106364
2009-04-13 01:34 - L1CaloStandalone - INFO: searching for new runs from 106365 to 2147483647
2009-04-13 01:34 - L1CaloStandalone - DEBUG:  No new valid run. Last known valid run still: 106364
2009-04-13 01:45 - L1CaloStandalone - INFO: ===> listening for new valid runs <===
2009-04-13 01:45 - L1CaloStandalone - DEBUG: initialising coolRunLister
2009-04-13 01:45 - L1CaloStandalone - DEBUG: applying selections to coolRunLister
2009-04-13 01:45 - L1CaloStandalone - INFO: last valid run: 106364
2009-04-13 01:45 - L1CaloStandalone - INFO: searching for new runs from 106365 to 2147483647
2009-04-13 01:45 - L1CaloStandalone - DEBUG:  No new valid run. Last known valid run still: 106364
2009-04-13 01:55 - L1CaloStandalone - INFO: ===> listening for new valid runs <===
2009-04-13 01:55 - L1CaloStandalone - DEBUG: initialising coolRunLister
2009-04-13 01:55 - L1CaloStandalone - DEBUG: applying selections to coolRunLister
2009-04-13 01:55 - L1CaloStandalone - INFO: last valid run: 106364
2009-04-13 01:55 - L1CaloStandalone - INFO: searching for new runs from 106365 to 2147483647
2009-04-13 01:55 - L1CaloStandalone - DEBUG:  No new valid run. Last known valid run still: 106364
2009-04-13 02:05 - L1CaloStandalone - INFO: ===> listening for new valid runs <===
2009-04-13 02:05 - L1CaloStandalone - DEBUG: initialising coolRunLister
2009-04-13 02:05 - L1CaloStandalone - DEBUG: applying selections to coolRunLister
2009-04-13 02:05 - L1CaloStandalone - INFO: last valid run: 106364
2009-04-13 02:05 - L1CaloStandalone - INFO: searching for new runs from 106365 to 2147483647
2009-04-13 02:05 - L1CaloStandalone - DEBUG:  No new valid run. Last known valid run still: 106364
2009-04-13 02:16 - L1CaloStandalone - INFO: ===> listening for new valid runs <===
2009-04-13 02:16 - L1CaloStandalone - DEBUG: initialising coolRunLister
2009-04-13 02:16 - L1CaloStandalone - DEBUG: applying selections to coolRunLister
2009-04-13 02:16 - L1CaloStandalone - INFO: last valid run: 106364
2009-04-13 02:16 - L1CaloStandalone - INFO: searching for new runs from 106365 to 2147483647
2009-04-13 02:16 - L1CaloStandalone - DEBUG:  No new valid run. Last known valid run still: 106364
2009-04-13 02:26 - L1CaloStandalone - INFO: ===> listening for new valid runs <===
2009-04-13 02:26 - L1CaloStandalone - DEBUG: initialising coolRunLister
2009-04-13 02:26 - L1CaloStandalone - DEBUG: applying selections to coolRunLister
2009-04-13 02:26 - L1CaloStandalone - INFO: last valid run: 106364
2009-04-13 02:26 - L1CaloStandalone - INFO: searching for new runs from 106365 to 2147483647
2009-04-13 02:26 - L1CaloStandalone - DEBUG:  No new valid run. Last known valid run still: 106364
2009-04-13 02:36 - L1CaloStandalone - INFO: ===> listening for new valid runs <===
2009-04-13 02:36 - L1CaloStandalone - DEBUG: initialising coolRunLister
2009-04-13 02:36 - L1CaloStandalone - DEBUG: applying selections to coolRunLister
2009-04-13 02:36 - L1CaloStandalone - INFO: last valid run: 106364
2009-04-13 02:36 - L1CaloStandalone - INFO: searching for new runs from 106365 to 2147483647
2009-04-13 02:36 - L1CaloStandalone - DEBUG:  No new valid run. Last known valid run still: 106364
2009-04-13 02:47 - L1CaloStandalone - INFO: ===> listening for new valid runs <===
2009-04-13 02:47 - L1CaloStandalone - DEBUG: initialising coolRunLister
2009-04-13 02:47 - L1CaloStandalone - DEBUG: applying selections to coolRunLister
2009-04-13 02:47 - L1CaloStandalone - INFO: last valid run: 106364
2009-04-13 02:47 - L1CaloStandalone - INFO: searching for new runs from 106365 to 2147483647
2009-04-13 02:47 - L1CaloStandalone - DEBUG:  No new valid run. Last known valid run still: 106364
2009-04-13 02:57 - L1CaloStandalone - INFO: ===> listening for new valid runs <===
2009-04-13 02:57 - L1CaloStandalone - DEBUG: initialising coolRunLister
2009-04-13 02:57 - L1CaloStandalone - DEBUG: applying selections to coolRunLister
2009-04-13 02:57 - L1CaloStandalone - INFO: last valid run: 106364
2009-04-13 02:57 - L1CaloStandalone - INFO: searching for new runs from 106365 to 2147483647
2009-04-13 02:57 - L1CaloStandalone - DEBUG:  No new valid run. Last known valid run still: 106364
2009-04-13 03:07 - L1CaloStandalone - INFO: ===> listening for new valid runs <===
2009-04-13 03:07 - L1CaloStandalone - DEBUG: initialising coolRunLister
2009-04-13 03:07 - L1CaloStandalone - DEBUG: applying selections to coolRunLister
2009-04-13 03:07 - L1CaloStandalone - INFO: last valid run: 106364
2009-04-13 03:07 - L1CaloStandalone - INFO: searching for new runs from 106365 to 2147483647
2009-04-13 03:07 - L1CaloStandalone - DEBUG:  No new valid run. Last known valid run still: 106364
2009-04-13 03:18 - L1CaloStandalone - INFO: ===> listening for new valid runs <===
2009-04-13 03:18 - L1CaloStandalone - DEBUG: initialising coolRunLister
2009-04-13 03:18 - L1CaloStandalone - DEBUG: applying selections to coolRunLister
2009-04-13 03:18 - L1CaloStandalone - INFO: last valid run: 106364
2009-04-13 03:18 - L1CaloStandalone - INFO: searching for new runs from 106365 to 2147483647
2009-04-13 03:18 - L1CaloStandalone - DEBUG:  No new valid run. Last known valid run still: 106364
2009-04-13 03:28 - L1CaloStandalone - INFO: ===> listening for new valid runs <===
2009-04-13 03:28 - L1CaloStandalone - DEBUG: initialising coolRunLister
2009-04-13 03:28 - L1CaloStandalone - DEBUG: applying selections to coolRunLister
2009-04-13 03:28 - L1CaloStandalone - INFO: last valid run: 106364
2009-04-13 03:28 - L1CaloStandalone - INFO: searching for new runs from 106365 to 2147483647
2009-04-13 03:28 - L1CaloStandalone - DEBUG:  No new valid run. Last known valid run still: 106364
2009-04-13 03:39 - L1CaloStandalone - INFO: ===> listening for new valid runs <===
2009-04-13 03:39 - L1CaloStandalone - DEBUG: initialising coolRunLister
2009-04-13 03:39 - L1CaloStandalone - DEBUG: applying selections to coolRunLister
2009-04-13 03:39 - L1CaloStandalone - INFO: last valid run: 106364
2009-04-13 03:39 - L1CaloStandalone - INFO: searching for new runs from 106365 to 2147483647
2009-04-13 03:39 - L1CaloStandalone - DEBUG:  No new valid run. Last known valid run still: 106364
2009-04-13 03:49 - L1CaloStandalone - INFO: ===> listening for new valid runs <===
2009-04-13 03:49 - L1CaloStandalone - DEBUG: initialising coolRunLister
2009-04-13 03:49 - L1CaloStandalone - DEBUG: applying selections to coolRunLister
2009-04-13 03:49 - L1CaloStandalone - INFO: last valid run: 106364
2009-04-13 03:49 - L1CaloStandalone - INFO: searching for new runs from 106365 to 2147483647
2009-04-13 03:49 - L1CaloStandalone - DEBUG:  No new valid run. Last known valid run still: 106364
2009-04-13 03:59 - L1CaloStandalone - INFO: ===> listening for new valid runs <===
2009-04-13 03:59 - L1CaloStandalone - DEBUG: initialising coolRunLister
2009-04-13 03:59 - L1CaloStandalone - DEBUG: applying selections to coolRunLister
2009-04-13 03:59 - L1CaloStandalone - INFO: last valid run: 106364
2009-04-13 03:59 - L1CaloStandalone - INFO: searching for new runs from 106365 to 2147483647
2009-04-13 04:00 - L1CaloStandalone - DEBUG:  No new valid run. Last known valid run still: 106364
2009-04-13 04:10 - L1CaloStandalone - INFO: ===> listening for new valid runs <===
2009-04-13 04:10 - L1CaloStandalone - DEBUG: initialising coolRunLister
2009-04-13 04:10 - L1CaloStandalone - DEBUG: applying selections to coolRunLister
2009-04-13 04:10 - L1CaloStandalone - INFO: last valid run: 106364
2009-04-13 04:10 - L1CaloStandalone - INFO: searching for new runs from 106365 to 2147483647
2009-04-13 04:10 - L1CaloStandalone - DEBUG:  No new valid run. Last known valid run still: 106364
2009-04-13 04:20 - L1CaloStandalone - INFO: ===> listening for new valid runs <===
2009-04-13 04:20 - L1CaloStandalone - DEBUG: initialising coolRunLister
2009-04-13 04:20 - L1CaloStandalone - DEBUG: applying selections to coolRunLister
2009-04-13 04:20 - L1CaloStandalone - INFO: last valid run: 106364
2009-04-13 04:20 - L1CaloStandalone - INFO: searching for new runs from 106365 to 2147483647
2009-04-13 04:20 - L1CaloStandalone - DEBUG:  No new valid run. Last known valid run still: 106364
2009-04-13 04:30 - L1CaloStandalone - INFO: ===> listening for new valid runs <===
2009-04-13 04:30 - L1CaloStandalone - DEBUG: initialising coolRunLister
2009-04-13 04:30 - L1CaloStandalone - DEBUG: applying selections to coolRunLister
2009-04-13 04:30 - L1CaloStandalone - INFO: last valid run: 106364
2009-04-13 04:30 - L1CaloStandalone - INFO: searching for new runs from 106365 to 2147483647
2009-04-13 04:31 - L1CaloStandalone - DEBUG:  No new valid run. Last known valid run still: 106364
2009-04-13 04:41 - L1CaloStandalone - INFO: ===> listening for new valid runs <===
2009-04-13 04:41 - L1CaloStandalone - DEBUG: initialising coolRunLister
2009-04-13 04:41 - L1CaloStandalone - DEBUG: applying selections to coolRunLister
2009-04-13 04:41 - L1CaloStandalone - INFO: last valid run: 106364
2009-04-13 04:41 - L1CaloStandalone - INFO: searching for new runs from 106365 to 2147483647
2009-04-13 04:41 - L1CaloStandalone - DEBUG:  No new valid run. Last known valid run still: 106364
2009-04-13 04:51 - L1CaloStandalone - INFO: ===> listening for new valid runs <===
2009-04-13 04:51 - L1CaloStandalone - DEBUG: initialising coolRunLister
2009-04-13 04:51 - L1CaloStandalone - DEBUG: applying selections to coolRunLister
2009-04-13 04:51 - L1CaloStandalone - INFO: last valid run: 106364
2009-04-13 04:51 - L1CaloStandalone - INFO: searching for new runs from 106365 to 2147483647
2009-04-13 04:51 - L1CaloStandalone - DEBUG:  No new valid run. Last known valid run still: 106364
2009-04-13 05:01 - L1CaloStandalone - INFO: ===> listening for new valid runs <===
2009-04-13 05:01 - L1CaloStandalone - DEBUG: initialising coolRunLister
2009-04-13 05:01 - L1CaloStandalone - DEBUG: applying selections to coolRunLister
2009-04-13 05:01 - L1CaloStandalone - INFO: last valid run: 106364
2009-04-13 05:01 - L1CaloStandalone - INFO: searching for new runs from 106365 to 2147483647
2009-04-13 05:02 - L1CaloStandalone - DEBUG:  No new valid run. Last known valid run still: 106364
2009-04-13 05:12 - L1CaloStandalone - INFO: ===> listening for new valid runs <===
2009-04-13 05:12 - L1CaloStandalone - DEBUG: initialising coolRunLister
2009-04-13 05:12 - L1CaloStandalone - DEBUG: applying selections to coolRunLister
2009-04-13 05:12 - L1CaloStandalone - INFO: last valid run: 106364
2009-04-13 05:12 - L1CaloStandalone - INFO: searching for new runs from 106365 to 2147483647
2009-04-13 05:12 - L1CaloStandalone - DEBUG:  No new valid run. Last known valid run still: 106364
2009-04-13 05:22 - L1CaloStandalone - INFO: ===> listening for new valid runs <===
2009-04-13 05:22 - L1CaloStandalone - DEBUG: initialising coolRunLister
2009-04-13 05:22 - L1CaloStandalone - DEBUG: applying selections to coolRunLister
2009-04-13 05:22 - L1CaloStandalone - INFO: last valid run: 106364
2009-04-13 05:22 - L1CaloStandalone - INFO: searching for new runs from 106365 to 2147483647
2009-04-13 05:22 - L1CaloStandalone - DEBUG:  No new valid run. Last known valid run still: 106364
2009-04-13 05:32 - L1CaloStandalone - INFO: ===> listening for new valid runs <===
2009-04-13 05:32 - L1CaloStandalone - DEBUG: initialising coolRunLister
2009-04-13 05:32 - L1CaloStandalone - DEBUG: applying selections to coolRunLister
2009-04-13 05:32 - L1CaloStandalone - INFO: last valid run: 106364
2009-04-13 05:32 - L1CaloStandalone - INFO: searching for new runs from 106365 to 2147483647
2009-04-13 05:32 - L1CaloStandalone - DEBUG:  No new valid run. Last known valid run still: 106364
2009-04-13 05:43 - L1CaloStandalone - INFO: ===> listening for new valid runs <===
2009-04-13 05:43 - L1CaloStandalone - DEBUG: initialising coolRunLister
2009-04-13 05:43 - L1CaloStandalone - DEBUG: applying selections to coolRunLister
2009-04-13 05:43 - L1CaloStandalone - INFO: last valid run: 106364
2009-04-13 05:43 - L1CaloStandalone - INFO: searching for new runs from 106365 to 2147483647
2009-04-13 05:43 - L1CaloStandalone - DEBUG:  No new valid run. Last known valid run still: 106364
2009-04-13 05:53 - L1CaloStandalone - INFO: ===> listening for new valid runs <===
2009-04-13 05:53 - L1CaloStandalone - DEBUG: initialising coolRunLister
2009-04-13 05:53 - L1CaloStandalone - DEBUG: applying selections to coolRunLister
2009-04-13 05:53 - L1CaloStandalone - INFO: last valid run: 106364
2009-04-13 05:53 - L1CaloStandalone - INFO: searching for new runs from 106365 to 2147483647
2009-04-13 05:53 - L1CaloStandalone - DEBUG:  No new valid run. Last known valid run still: 106364
2009-04-13 06:03 - L1CaloStandalone - INFO: ===> listening for new valid runs <===
2009-04-13 06:03 - L1CaloStandalone - DEBUG: initialising coolRunLister
2009-04-13 06:03 - L1CaloStandalone - DEBUG: applying selections to coolRunLister
2009-04-13 06:03 - L1CaloStandalone - INFO: last valid run: 106364
2009-04-13 06:03 - L1CaloStandalone - INFO: searching for new runs from 106365 to 2147483647
2009-04-13 06:03 - L1CaloStandalone - DEBUG:  No new valid run. Last known valid run still: 106364
2009-04-13 06:14 - L1CaloStandalone - INFO: ===> listening for new valid runs <===
2009-04-13 06:14 - L1CaloStandalone - DEBUG: initialising coolRunLister
2009-04-13 06:14 - L1CaloStandalone - DEBUG: applying selections to coolRunLister
2009-04-13 06:14 - L1CaloStandalone - INFO: last valid run: 106364
2009-04-13 06:14 - L1CaloStandalone - INFO: searching for new runs from 106365 to 2147483647
2009-04-13 06:14 - L1CaloStandalone - DEBUG:  No new valid run. Last known valid run still: 106364
2009-04-13 06:24 - L1CaloStandalone - INFO: ===> listening for new valid runs <===
2009-04-13 06:24 - L1CaloStandalone - DEBUG: initialising coolRunLister
2009-04-13 06:24 - L1CaloStandalone - DEBUG: applying selections to coolRunLister
2009-04-13 06:24 - L1CaloStandalone - INFO: last valid run: 106364
2009-04-13 06:24 - L1CaloStandalone - INFO: searching for new runs from 106365 to 2147483647
2009-04-13 06:24 - L1CaloStandalone - DEBUG:  No new valid run. Last known valid run still: 106364
2009-04-13 06:34 - L1CaloStandalone - INFO: ===> listening for new valid runs <===
2009-04-13 06:34 - L1CaloStandalone - DEBUG: initialising coolRunLister
2009-04-13 06:34 - L1CaloStandalone - DEBUG: applying selections to coolRunLister
2009-04-13 06:34 - L1CaloStandalone - INFO: last valid run: 106364
2009-04-13 06:34 - L1CaloStandalone - INFO: searching for new runs from 106365 to 2147483647
2009-04-13 06:34 - L1CaloStandalone - DEBUG:  No new valid run. Last known valid run still: 106364
2009-04-13 06:45 - L1CaloStandalone - INFO: ===> listening for new valid runs <===
2009-04-13 06:45 - L1CaloStandalone - DEBUG: initialising coolRunLister
2009-04-13 06:45 - L1CaloStandalone - DEBUG: applying selections to coolRunLister
2009-04-13 06:45 - L1CaloStandalone - INFO: last valid run: 106364
2009-04-13 06:45 - L1CaloStandalone - INFO: searching for new runs from 106365 to 2147483647
2009-04-13 06:45 - L1CaloStandalone - DEBUG:  No new valid run. Last known valid run still: 106364
2009-04-13 06:55 - L1CaloStandalone - INFO: ===> listening for new valid runs <===
2009-04-13 06:55 - L1CaloStandalone - DEBUG: initialising coolRunLister
2009-04-13 06:55 - L1CaloStandalone - DEBUG: applying selections to coolRunLister
2009-04-13 06:55 - L1CaloStandalone - INFO: last valid run: 106364
2009-04-13 06:55 - L1CaloStandalone - INFO: searching for new runs from 106365 to 2147483647
2009-04-13 06:55 - L1CaloStandalone - DEBUG:  No new valid run. Last known valid run still: 106364
2009-04-13 07:05 - L1CaloStandalone - INFO: ===> listening for new valid runs <===
2009-04-13 07:05 - L1CaloStandalone - DEBUG: initialising coolRunLister
2009-04-13 07:05 - L1CaloStandalone - DEBUG: applying selections to coolRunLister
2009-04-13 07:05 - L1CaloStandalone - INFO: last valid run: 106364
2009-04-13 07:05 - L1CaloStandalone - INFO: searching for new runs from 106365 to 2147483647
2009-04-13 07:05 - L1CaloStandalone - DEBUG:  No new valid run. Last known valid run still: 106364
2009-04-13 07:15 - L1CaloStandalone - INFO: ===> listening for new valid runs <===
2009-04-13 07:15 - L1CaloStandalone - DEBUG: initialising coolRunLister
2009-04-13 07:15 - L1CaloStandalone - DEBUG: applying selections to coolRunLister
2009-04-13 07:15 - L1CaloStandalone - INFO: last valid run: 106364
2009-04-13 07:15 - L1CaloStandalone - INFO: searching for new runs from 106365 to 2147483647
2009-04-13 07:16 - L1CaloStandalone - DEBUG:  No new valid run. Last known valid run still: 106364
2009-04-13 07:26 - L1CaloStandalone - INFO: ===> listening for new valid runs <===
2009-04-13 07:26 - L1CaloStandalone - DEBUG: initialising coolRunLister
2009-04-13 07:26 - L1CaloStandalone - DEBUG: applying selections to coolRunLister
2009-04-13 07:26 - L1CaloStandalone - INFO: last valid run: 106364
2009-04-13 07:26 - L1CaloStandalone - INFO: searching for new runs from 106365 to 2147483647
2009-04-13 07:26 - L1CaloStandalone - DEBUG:  No new valid run. Last known valid run still: 106364
2009-04-13 07:36 - L1CaloStandalone - INFO: ===> listening for new valid runs <===
2009-04-13 07:36 - L1CaloStandalone - DEBUG: initialising coolRunLister
2009-04-13 07:36 - L1CaloStandalone - DEBUG: applying selections to coolRunLister
2009-04-13 07:36 - L1CaloStandalone - INFO: last valid run: 106364
2009-04-13 07:36 - L1CaloStandalone - INFO: searching for new runs from 106365 to 2147483647
2009-04-13 07:36 - L1CaloStandalone - DEBUG:  No new valid run. Last known valid run still: 106364
2009-04-13 07:46 - L1CaloStandalone - INFO: ===> listening for new valid runs <===
2009-04-13 07:46 - L1CaloStandalone - DEBUG: initialising coolRunLister
2009-04-13 07:46 - L1CaloStandalone - DEBUG: applying selections to coolRunLister
2009-04-13 07:46 - L1CaloStandalone - INFO: last valid run: 106364
2009-04-13 07:46 - L1CaloStandalone - INFO: searching for new runs from 106365 to 2147483647
2009-04-13 07:47 - L1CaloStandalone - DEBUG:  No new valid run. Last known valid run still: 106364
2009-04-13 07:57 - L1CaloStandalone - INFO: ===> listening for new valid runs <===
2009-04-13 07:57 - L1CaloStandalone - DEBUG: initialising coolRunLister
2009-04-13 07:57 - L1CaloStandalone - DEBUG: applying selections to coolRunLister
2009-04-13 07:57 - L1CaloStandalone - INFO: last valid run: 106364
2009-04-13 07:57 - L1CaloStandalone - INFO: searching for new runs from 106365 to 2147483647
2009-04-13 07:57 - L1CaloStandalone - DEBUG:  No new valid run. Last known valid run still: 106364
2009-04-13 08:07 - L1CaloStandalone - INFO: ===> listening for new valid runs <===
2009-04-13 08:07 - L1CaloStandalone - DEBUG: initialising coolRunLister
2009-04-13 08:07 - L1CaloStandalone - DEBUG: applying selections to coolRunLister
2009-04-13 08:07 - L1CaloStandalone - INFO: last valid run: 106364
2009-04-13 08:07 - L1CaloStandalone - INFO: searching for new runs from 106365 to 2147483647
2009-04-13 08:07 - L1CaloStandalone - DEBUG:  No new valid run. Last known valid run still: 106364
2009-04-13 08:17 - L1CaloStandalone - INFO: ===> listening for new valid runs <===
2009-04-13 08:17 - L1CaloStandalone - DEBUG: initialising coolRunLister
2009-04-13 08:17 - L1CaloStandalone - DEBUG: applying selections to coolRunLister
2009-04-13 08:17 - L1CaloStandalone - INFO: last valid run: 106364
2009-04-13 08:17 - L1CaloStandalone - INFO: searching for new runs from 106365 to 2147483647
2009-04-13 08:17 - L1CaloStandalone - DEBUG:  No new valid run. Last known valid run still: 106364
2009-04-13 08:28 - L1CaloStandalone - INFO: ===> listening for new valid runs <===
2009-04-13 08:28 - L1CaloStandalone - DEBUG: initialising coolRunLister
2009-04-13 08:28 - L1CaloStandalone - DEBUG: applying selections to coolRunLister
2009-04-13 08:28 - L1CaloStandalone - INFO: last valid run: 106364
2009-04-13 08:28 - L1CaloStandalone - INFO: searching for new runs from 106365 to 2147483647
2009-04-13 08:28 - L1CaloStandalone - DEBUG:  No new valid run. Last known valid run still: 106364
2009-04-13 08:38 - L1CaloStandalone - INFO: ===> listening for new valid runs <===
2009-04-13 08:38 - L1CaloStandalone - DEBUG: initialising coolRunLister
2009-04-13 08:38 - L1CaloStandalone - DEBUG: applying selections to coolRunLister
2009-04-13 08:38 - L1CaloStandalone - INFO: last valid run: 106364
2009-04-13 08:38 - L1CaloStandalone - INFO: searching for new runs from 106365 to 2147483647
2009-04-13 08:38 - L1CaloStandalone - DEBUG:  No new valid run. Last known valid run still: 106364
2009-04-13 08:48 - L1CaloStandalone - INFO: ===> listening for new valid runs <===
2009-04-13 08:48 - L1CaloStandalone - DEBUG: initialising coolRunLister
2009-04-13 08:48 - L1CaloStandalone - DEBUG: applying selections to coolRunLister
2009-04-13 08:48 - L1CaloStandalone - INFO: last valid run: 106364
2009-04-13 08:48 - L1CaloStandalone - INFO: searching for new runs from 106365 to 2147483647
2009-04-13 08:48 - L1CaloStandalone - DEBUG:  No new valid run. Last known valid run still: 106364
2009-04-13 08:59 - L1CaloStandalone - INFO: ===> listening for new valid runs <===
2009-04-13 08:59 - L1CaloStandalone - DEBUG: initialising coolRunLister
2009-04-13 08:59 - L1CaloStandalone - DEBUG: applying selections to coolRunLister
2009-04-13 08:59 - L1CaloStandalone - INFO: last valid run: 106364
2009-04-13 08:59 - L1CaloStandalone - INFO: searching for new runs from 106365 to 2147483647
2009-04-13 08:59 - L1CaloStandalone - DEBUG:  No new valid run. Last known valid run still: 106364
2009-04-13 09:09 - L1CaloStandalone - INFO: ===> listening for new valid runs <===
2009-04-13 09:09 - L1CaloStandalone - DEBUG: initialising coolRunLister
2009-04-13 09:09 - L1CaloStandalone - DEBUG: applying selections to coolRunLister
2009-04-13 09:09 - L1CaloStandalone - INFO: last valid run: 106364
2009-04-13 09:09 - L1CaloStandalone - INFO: searching for new runs from 106365 to 2147483647
2009-04-13 09:09 - L1CaloStandalone - DEBUG:  No new valid run. Last known valid run still: 106364
2009-04-13 09:19 - L1CaloStandalone - INFO: ===> listening for new valid runs <===
2009-04-13 09:19 - L1CaloStandalone - DEBUG: initialising coolRunLister
2009-04-13 09:19 - L1CaloStandalone - DEBUG: applying selections to coolRunLister
2009-04-13 09:19 - L1CaloStandalone - INFO: last valid run: 106364
2009-04-13 09:19 - L1CaloStandalone - INFO: searching for new runs from 106365 to 2147483647
2009-04-13 09:19 - L1CaloStandalone - DEBUG:  No new valid run. Last known valid run still: 106364
2009-04-13 09:30 - L1CaloStandalone - INFO: ===> listening for new valid runs <===
2009-04-13 09:30 - L1CaloStandalone - DEBUG: initialising coolRunLister
2009-04-13 09:30 - L1CaloStandalone - DEBUG: applying selections to coolRunLister
2009-04-13 09:30 - L1CaloStandalone - INFO: last valid run: 106364
2009-04-13 09:30 - L1CaloStandalone - INFO: searching for new runs from 106365 to 2147483647
2009-04-13 09:30 - L1CaloStandalone - DEBUG:  No new valid run. Last known valid run still: 106364
2009-04-13 09:40 - L1CaloStandalone - INFO: ===> listening for new valid runs <===
2009-04-13 09:40 - L1CaloStandalone - DEBUG: initialising coolRunLister
2009-04-13 09:40 - L1CaloStandalone - DEBUG: applying selections to coolRunLister
2009-04-13 09:40 - L1CaloStandalone - INFO: last valid run: 106364
2009-04-13 09:40 - L1CaloStandalone - INFO: searching for new runs from 106365 to 2147483647
2009-04-13 09:40 - L1CaloStandalone - DEBUG:  No new valid run. Last known valid run still: 106364
2009-04-13 09:50 - L1CaloStandalone - INFO: ===> listening for new valid runs <===
2009-04-13 09:50 - L1CaloStandalone - DEBUG: initialising coolRunLister
2009-04-13 09:50 - L1CaloStandalone - DEBUG: applying selections to coolRunLister
2009-04-13 09:50 - L1CaloStandalone - INFO: last valid run: 106364
2009-04-13 09:50 - L1CaloStandalone - INFO: searching for new runs from 106365 to 2147483647
2009-04-13 09:50 - L1CaloStandalone - DEBUG:  No new valid run. Last known valid run still: 106364
2009-04-13 10:00 - L1CaloStandalone - INFO: ===> listening for new valid runs <===
2009-04-13 10:00 - L1CaloStandalone - DEBUG: initialising coolRunLister
2009-04-13 10:00 - L1CaloStandalone - DEBUG: applying selections to coolRunLister
2009-04-13 10:00 - L1CaloStandalone - INFO: last valid run: 106364
2009-04-13 10:00 - L1CaloStandalone - INFO: searching for new runs from 106365 to 2147483647
2009-04-13 10:01 - L1CaloStandalone - DEBUG:  No new valid run. Last known valid run still: 106364
2009-04-13 10:11 - L1CaloStandalone - INFO: ===> listening for new valid runs <===
2009-04-13 10:11 - L1CaloStandalone - DEBUG: initialising coolRunLister
2009-04-13 10:11 - L1CaloStandalone - DEBUG: applying selections to coolRunLister
2009-04-13 10:11 - L1CaloStandalone - INFO: last valid run: 106364
2009-04-13 10:11 - L1CaloStandalone - INFO: searching for new runs from 106365 to 2147483647
2009-04-13 10:11 - L1CaloStandalone - DEBUG:  No new valid run. Last known valid run still: 106364
2009-04-13 10:21 - L1CaloStandalone - INFO: ===> listening for new valid runs <===
2009-04-13 10:21 - L1CaloStandalone - DEBUG: initialising coolRunLister
2009-04-13 10:21 - L1CaloStandalone - DEBUG: applying selections to coolRunLister
2009-04-13 10:21 - L1CaloStandalone - INFO: last valid run: 106364
2009-04-13 10:21 - L1CaloStandalone - INFO: searching for new runs from 106365 to 2147483647
2009-04-13 10:21 - L1CaloStandalone - DEBUG:  No new valid run. Last known valid run still: 106364
2009-04-13 10:31 - L1CaloStandalone - INFO: ===> listening for new valid runs <===
2009-04-13 10:31 - L1CaloStandalone - DEBUG: initialising coolRunLister
2009-04-13 10:31 - L1CaloStandalone - DEBUG: applying selections to coolRunLister
2009-04-13 10:31 - L1CaloStandalone - INFO: last valid run: 106364
2009-04-13 10:31 - L1CaloStandalone - INFO: searching for new runs from 106365 to 2147483647
