2009-04-27 19:07 - LArCalibL1Calo - INFO: ========================================
2009-04-27 19:07 - LArCalibL1Calo - INFO: RunListener in init
2009-04-27 19:07 - LArCalibL1Calo - INFO: RunListener initialized
2009-04-27 19:07 - LArCalibL1Calo - INFO: ========================================
2009-04-27 19:07 - LArCalibL1Calo - INFO: ===> from initRunListener <===
2009-04-27 19:07 - LArCalibL1Calo - INFO: 
RunListener LArCalibL1Caloinitialised with the following parameters:
TDAQ DB: COOLONL_TDAQ/COMP200
TRIG DB: COOLONL_TRIGGER/COMP200
Status DB: COOLONL_TDAQ/COMP200
log level: 0
oracle: False
rec. only: True
det. mask: 0
run type: LarCalibL1Calo
det. status: 
det. status tag: HEAD
daq partition: LArgL1Calo-TTC2LAN
tag: 
format: acertd
reverse: False
stoptimestamp: True
cleanstop: True
hasevents: False
last valid run known: 0

2009-04-27 19:22 - LArCalibL1Calo - INFO: ===> listening for new valid runs <===
2009-04-27 19:22 - LArCalibL1Calo - DEBUG: initialising coolRunLister
2009-04-27 19:22 - LArCalibL1Calo - DEBUG: applying selections to coolRunLister
2009-04-27 19:22 - LArCalibL1Calo - INFO: last valid run: 113232
2009-04-27 19:22 - LArCalibL1Calo - INFO: searching for new runs from 113233 to 2147483647
2009-04-27 19:22 - LArCalibL1Calo - DEBUG:  No new valid run. Last known valid run still: 113232
2009-04-27 19:37 - LArCalibL1Calo - INFO: ===> listening for new valid runs <===
2009-04-27 19:37 - LArCalibL1Calo - DEBUG: initialising coolRunLister
2009-04-27 19:37 - LArCalibL1Calo - DEBUG: applying selections to coolRunLister
2009-04-27 19:37 - LArCalibL1Calo - INFO: last valid run: 113232
2009-04-27 19:37 - LArCalibL1Calo - INFO: searching for new runs from 113233 to 2147483647
2009-04-27 19:37 - LArCalibL1Calo - DEBUG:  No new valid run. Last known valid run still: 113232
2009-04-27 19:52 - LArCalibL1Calo - INFO: ===> listening for new valid runs <===
2009-04-27 19:52 - LArCalibL1Calo - DEBUG: initialising coolRunLister
2009-04-27 19:52 - LArCalibL1Calo - DEBUG: applying selections to coolRunLister
2009-04-27 19:52 - LArCalibL1Calo - INFO: last valid run: 113232
2009-04-27 19:52 - LArCalibL1Calo - INFO: searching for new runs from 113233 to 2147483647
2009-04-27 19:52 - LArCalibL1Calo - DEBUG:  No new valid run. Last known valid run still: 113232
2009-04-27 20:07 - LArCalibL1Calo - INFO: ===> listening for new valid runs <===
2009-04-27 20:07 - LArCalibL1Calo - DEBUG: initialising coolRunLister
2009-04-27 20:07 - LArCalibL1Calo - DEBUG: applying selections to coolRunLister
2009-04-27 20:07 - LArCalibL1Calo - INFO: last valid run: 113232
2009-04-27 20:07 - LArCalibL1Calo - INFO: searching for new runs from 113233 to 2147483647
2009-04-27 20:08 - LArCalibL1Calo - DEBUG:  No new valid run. Last known valid run still: 113232
2009-04-27 20:23 - LArCalibL1Calo - INFO: ===> listening for new valid runs <===
2009-04-27 20:23 - LArCalibL1Calo - DEBUG: initialising coolRunLister
2009-04-27 20:23 - LArCalibL1Calo - DEBUG: applying selections to coolRunLister
2009-04-27 20:23 - LArCalibL1Calo - INFO: last valid run: 113232
2009-04-27 20:23 - LArCalibL1Calo - INFO: searching for new runs from 113233 to 2147483647
2009-04-27 20:23 - LArCalibL1Calo - DEBUG:  No new valid run. Last known valid run still: 113232
2009-04-27 20:38 - LArCalibL1Calo - INFO: ===> listening for new valid runs <===
2009-04-27 20:38 - LArCalibL1Calo - DEBUG: initialising coolRunLister
2009-04-27 20:38 - LArCalibL1Calo - DEBUG: applying selections to coolRunLister
2009-04-27 20:38 - LArCalibL1Calo - INFO: last valid run: 113232
2009-04-27 20:38 - LArCalibL1Calo - INFO: searching for new runs from 113233 to 2147483647
2009-04-27 20:38 - LArCalibL1Calo - DEBUG:  No new valid run. Last known valid run still: 113232
2009-04-27 20:53 - LArCalibL1Calo - INFO: ===> listening for new valid runs <===
2009-04-27 20:53 - LArCalibL1Calo - DEBUG: initialising coolRunLister
2009-04-27 20:53 - LArCalibL1Calo - DEBUG: applying selections to coolRunLister
2009-04-27 20:53 - LArCalibL1Calo - INFO: last valid run: 113232
2009-04-27 20:53 - LArCalibL1Calo - INFO: searching for new runs from 113233 to 2147483647
2009-04-27 20:53 - LArCalibL1Calo - DEBUG:  No new valid run. Last known valid run still: 113232
2009-04-27 21:08 - LArCalibL1Calo - INFO: ===> listening for new valid runs <===
2009-04-27 21:08 - LArCalibL1Calo - DEBUG: initialising coolRunLister
2009-04-27 21:08 - LArCalibL1Calo - DEBUG: applying selections to coolRunLister
2009-04-27 21:08 - LArCalibL1Calo - INFO: last valid run: 113232
2009-04-27 21:08 - LArCalibL1Calo - INFO: searching for new runs from 113233 to 2147483647
2009-04-27 21:08 - LArCalibL1Calo - DEBUG:  No new valid run. Last known valid run still: 113232
2009-04-27 21:23 - LArCalibL1Calo - INFO: ===> listening for new valid runs <===
2009-04-27 21:23 - LArCalibL1Calo - DEBUG: initialising coolRunLister
2009-04-27 21:23 - LArCalibL1Calo - DEBUG: applying selections to coolRunLister
2009-04-27 21:23 - LArCalibL1Calo - INFO: last valid run: 113232
2009-04-27 21:23 - LArCalibL1Calo - INFO: searching for new runs from 113233 to 2147483647
2009-04-27 21:23 - LArCalibL1Calo - DEBUG:  No new valid run. Last known valid run still: 113232
2009-04-27 21:38 - LArCalibL1Calo - INFO: ===> listening for new valid runs <===
2009-04-27 21:38 - LArCalibL1Calo - DEBUG: initialising coolRunLister
2009-04-27 21:38 - LArCalibL1Calo - DEBUG: applying selections to coolRunLister
2009-04-27 21:38 - LArCalibL1Calo - INFO: last valid run: 113232
2009-04-27 21:38 - LArCalibL1Calo - INFO: searching for new runs from 113233 to 2147483647
2009-04-27 21:38 - LArCalibL1Calo - DEBUG:  No new valid run. Last known valid run still: 113232
2009-04-27 21:53 - LArCalibL1Calo - INFO: ===> listening for new valid runs <===
2009-04-27 21:53 - LArCalibL1Calo - DEBUG: initialising coolRunLister
2009-04-27 21:53 - LArCalibL1Calo - DEBUG: applying selections to coolRunLister
2009-04-27 21:53 - LArCalibL1Calo - INFO: last valid run: 113232
2009-04-27 21:53 - LArCalibL1Calo - INFO: searching for new runs from 113233 to 2147483647
2009-04-27 21:53 - LArCalibL1Calo - DEBUG:  No new valid run. Last known valid run still: 113232
2009-04-27 22:08 - LArCalibL1Calo - INFO: ===> listening for new valid runs <===
2009-04-27 22:08 - LArCalibL1Calo - DEBUG: initialising coolRunLister
2009-04-27 22:08 - LArCalibL1Calo - DEBUG: applying selections to coolRunLister
2009-04-27 22:08 - LArCalibL1Calo - INFO: last valid run: 113232
2009-04-27 22:08 - LArCalibL1Calo - INFO: searching for new runs from 113233 to 2147483647
2009-04-27 22:09 - LArCalibL1Calo - DEBUG:  No new valid run. Last known valid run still: 113232
2009-04-27 22:24 - LArCalibL1Calo - INFO: ===> listening for new valid runs <===
2009-04-27 22:24 - LArCalibL1Calo - DEBUG: initialising coolRunLister
2009-04-27 22:24 - LArCalibL1Calo - DEBUG: applying selections to coolRunLister
2009-04-27 22:24 - LArCalibL1Calo - INFO: last valid run: 113232
2009-04-27 22:24 - LArCalibL1Calo - INFO: searching for new runs from 113233 to 2147483647
2009-04-27 22:24 - LArCalibL1Calo - DEBUG:  No new valid run. Last known valid run still: 113232
2009-04-27 22:39 - LArCalibL1Calo - INFO: ===> listening for new valid runs <===
2009-04-27 22:39 - LArCalibL1Calo - DEBUG: initialising coolRunLister
2009-04-27 22:39 - LArCalibL1Calo - DEBUG: applying selections to coolRunLister
2009-04-27 22:39 - LArCalibL1Calo - INFO: last valid run: 113232
2009-04-27 22:39 - LArCalibL1Calo - INFO: searching for new runs from 113233 to 2147483647
2009-04-27 22:39 - LArCalibL1Calo - DEBUG:  No new valid run. Last known valid run still: 113232
2009-04-27 22:54 - LArCalibL1Calo - INFO: ===> listening for new valid runs <===
2009-04-27 22:54 - LArCalibL1Calo - DEBUG: initialising coolRunLister
2009-04-27 22:54 - LArCalibL1Calo - DEBUG: applying selections to coolRunLister
2009-04-27 22:54 - LArCalibL1Calo - INFO: last valid run: 113232
2009-04-27 22:54 - LArCalibL1Calo - INFO: searching for new runs from 113233 to 2147483647
2009-04-27 22:54 - LArCalibL1Calo - DEBUG:  No new valid run. Last known valid run still: 113232
2009-04-27 23:09 - LArCalibL1Calo - INFO: ===> listening for new valid runs <===
2009-04-27 23:09 - LArCalibL1Calo - DEBUG: initialising coolRunLister
2009-04-27 23:09 - LArCalibL1Calo - DEBUG: applying selections to coolRunLister
2009-04-27 23:09 - LArCalibL1Calo - INFO: last valid run: 113232
2009-04-27 23:09 - LArCalibL1Calo - INFO: searching for new runs from 113233 to 2147483647
2009-04-27 23:09 - LArCalibL1Calo - DEBUG:  No new valid run. Last known valid run still: 113232
2009-04-27 23:24 - LArCalibL1Calo - INFO: ===> listening for new valid runs <===
2009-04-27 23:24 - LArCalibL1Calo - DEBUG: initialising coolRunLister
2009-04-27 23:24 - LArCalibL1Calo - DEBUG: applying selections to coolRunLister
2009-04-27 23:24 - LArCalibL1Calo - INFO: last valid run: 113232
2009-04-27 23:24 - LArCalibL1Calo - INFO: searching for new runs from 113233 to 2147483647
2009-04-27 23:24 - LArCalibL1Calo - DEBUG:  No new valid run. Last known valid run still: 113232
2009-04-27 23:39 - LArCalibL1Calo - INFO: ===> listening for new valid runs <===
2009-04-27 23:39 - LArCalibL1Calo - DEBUG: initialising coolRunLister
2009-04-27 23:39 - LArCalibL1Calo - DEBUG: applying selections to coolRunLister
2009-04-27 23:39 - LArCalibL1Calo - INFO: last valid run: 113232
2009-04-27 23:39 - LArCalibL1Calo - INFO: searching for new runs from 113233 to 2147483647
2009-04-27 23:39 - LArCalibL1Calo - DEBUG:  No new valid run. Last known valid run still: 113232
2009-04-27 23:54 - LArCalibL1Calo - INFO: ===> listening for new valid runs <===
2009-04-27 23:54 - LArCalibL1Calo - DEBUG: initialising coolRunLister
2009-04-27 23:54 - LArCalibL1Calo - DEBUG: applying selections to coolRunLister
2009-04-27 23:54 - LArCalibL1Calo - INFO: last valid run: 113232
2009-04-27 23:54 - LArCalibL1Calo - INFO: searching for new runs from 113233 to 2147483647
2009-04-27 23:54 - LArCalibL1Calo - DEBUG:  No new valid run. Last known valid run still: 113232
