2009-05-01 00:02 - TileCalibL1Calo - INFO: ========================================
2009-05-01 00:02 - TileCalibL1Calo - INFO: RunListener in init
2009-05-01 00:02 - TileCalibL1Calo - INFO: RunListener initialized
2009-05-01 00:02 - TileCalibL1Calo - INFO: ========================================
2009-05-01 00:02 - TileCalibL1Calo - INFO: ===> from initRunListener <===
2009-05-01 00:02 - TileCalibL1Calo - INFO: 
RunListener TileCalibL1Caloinitialised with the following parameters:
TDAQ DB: COOLONL_TDAQ/COMP200
TRIG DB: COOLONL_TRIGGER/COMP200
Status DB: COOLONL_TDAQ/COMP200
log level: 0
oracle: False
rec. only: True
det. mask: 0
run type: cismono
det. status: 2
det. status tag: HEAD
daq partition: 
 * L1Calo-TTC2LAN
 * Tile-TTC2LAN
tag: 
format: acertd
reverse: False
stoptimestamp: True
cleanstop: True
hasevents: True
last valid run known: 0

2009-05-01 00:17 - TileCalibL1Calo - INFO: ===> listening for new valid runs <===
2009-05-01 00:17 - TileCalibL1Calo - DEBUG: initialising coolRunLister
2009-05-01 00:17 - TileCalibL1Calo - DEBUG: applying selections to coolRunLister
2009-05-01 00:17 - TileCalibL1Calo - INFO: last valid run: 104000
2009-05-01 00:17 - TileCalibL1Calo - INFO: searching for new runs from 104001 to 2147483647
2009-05-01 00:18 - TileCalibL1Calo - DEBUG: new last known run: 113412
2009-05-01 00:18 - TileCalibL1Calo - DEBUG: 
     Run   Events  LumiB            StartTime             StopTime L1Events L2Events EFEvents ErrC Rec Cln RunType                  DetectorMask DAQConfiguration     PartitionName    FilenameTag         
  105072     4508      3  2009-04-02:13:28:56  2009-04-02:13:30:15     4508     4508     4508    0  No Yes cismono                    7c00f00000 Schema=127:Data=150  Tile-TTC2LAN                         
     Run   Events  LumiB            StartTime             StopTime L1Events L2Events EFEvents ErrC Rec Cln RunType                  DetectorMask DAQConfiguration     PartitionName    FilenameTag         
  113384      414      1  2009-04-28:09:25:36  2009-04-28:09:27:25      776      776      414    0  No Yes cismono                    7c00600000 Schema=136:Data=77   L1Calo-TTC2LAN   data09_calocomm     
     Run   Events  LumiB            StartTime             StopTime L1Events L2Events EFEvents ErrC Rec Cln RunType                  DetectorMask DAQConfiguration     PartitionName    FilenameTag         
  113386      259      1  2009-04-28:09:27:46  2009-04-28:09:31:30      515      515      259    0  No Yes cismono                    7c00600000 Schema=136:Data=77   L1Calo-TTC2LAN   data09_calocomm     
     Run   Events  LumiB            StartTime             StopTime L1Events L2Events EFEvents ErrC Rec Cln RunType                  DetectorMask DAQConfiguration     PartitionName    FilenameTag         
  113389      263      1  2009-04-28:09:32:26  2009-04-28:09:34:10      517      517      263    0  No Yes cismono                    7c00600000 Schema=136:Data=77   L1Calo-TTC2LAN   data09_calocomm     
     Run   Events  LumiB            StartTime             StopTime L1Events L2Events EFEvents ErrC Rec Cln RunType                  DetectorMask DAQConfiguration     PartitionName    FilenameTag         
  113390      256      1  2009-04-28:09:34:44  2009-04-28:09:36:59      512      512      256    0  No Yes cismono                    7c00600000 Schema=136:Data=77   L1Calo-TTC2LAN   data09_calocomm     
     Run   Events  LumiB            StartTime             StopTime L1Events L2Events EFEvents ErrC Rec Cln RunType                  DetectorMask DAQConfiguration     PartitionName    FilenameTag         
  113391      253      1  2009-04-28:09:37:22  2009-04-28:09:39:06      519      519      253    0  No Yes cismono                    7c00600000 Schema=136:Data=77   L1Calo-TTC2LAN   data09_calocomm     
     Run   Events  LumiB            StartTime             StopTime L1Events L2Events EFEvents ErrC Rec Cln RunType                  DetectorMask DAQConfiguration     PartitionName    FilenameTag         
  113392      256      1  2009-04-28:09:39:15  2009-04-28:09:40:58      513      513      256    0  No Yes cismono                    7c00600000 Schema=136:Data=77   L1Calo-TTC2LAN   data09_calocomm     
     Run   Events  LumiB            StartTime             StopTime L1Events L2Events EFEvents ErrC Rec Cln RunType                  DetectorMask DAQConfiguration     PartitionName    FilenameTag         
  113394      260      1  2009-04-28:09:41:28  2009-04-28:09:43:12      512      512      260    0  No Yes cismono                    7c00600000 Schema=136:Data=77   L1Calo-TTC2LAN   data09_calocomm     
     Run   Events  LumiB            StartTime             StopTime L1Events L2Events EFEvents ErrC Rec Cln RunType                  DetectorMask DAQConfiguration     PartitionName    FilenameTag         
  113410      571      1  2009-04-28:10:36:32  2009-04-28:10:38:44     1158     1158      571    0  No Yes cismono                    7c00600000 Schema=136:Data=81   L1Calo-TTC2LAN   data09_calocomm     
     Run   Events  LumiB            StartTime             StopTime L1Events L2Events EFEvents ErrC Rec Cln RunType                  DetectorMask DAQConfiguration     PartitionName    FilenameTag         
  113412       24      1  2009-04-28:10:42:55  2009-04-28:10:44:04       33       33       24    0  No Yes cismono                    7c00600000 Schema=136:Data=81   L1Calo-TTC2LAN   data09_calocomm     

2009-05-01 00:33 - TileCalibL1Calo - INFO: ===> listening for new valid runs <===
2009-05-01 00:33 - TileCalibL1Calo - DEBUG: initialising coolRunLister
2009-05-01 00:33 - TileCalibL1Calo - DEBUG: applying selections to coolRunLister
2009-05-01 00:33 - TileCalibL1Calo - INFO: last valid run: 113412
2009-05-01 00:33 - TileCalibL1Calo - INFO: searching for new runs from 113413 to 2147483647
2009-05-01 00:33 - TileCalibL1Calo - DEBUG:  No new valid run. Last known valid run still: 113412
2009-05-01 00:48 - TileCalibL1Calo - INFO: ===> listening for new valid runs <===
2009-05-01 00:48 - TileCalibL1Calo - DEBUG: initialising coolRunLister
2009-05-01 00:48 - TileCalibL1Calo - DEBUG: applying selections to coolRunLister
2009-05-01 00:48 - TileCalibL1Calo - INFO: last valid run: 113412
2009-05-01 00:48 - TileCalibL1Calo - INFO: searching for new runs from 113413 to 2147483647
2009-05-01 00:48 - TileCalibL1Calo - DEBUG:  No new valid run. Last known valid run still: 113412
2009-05-01 01:03 - TileCalibL1Calo - INFO: ===> listening for new valid runs <===
2009-05-01 01:03 - TileCalibL1Calo - DEBUG: initialising coolRunLister
2009-05-01 01:03 - TileCalibL1Calo - DEBUG: applying selections to coolRunLister
2009-05-01 01:03 - TileCalibL1Calo - INFO: last valid run: 113412
2009-05-01 01:03 - TileCalibL1Calo - INFO: searching for new runs from 113413 to 2147483647
2009-05-01 01:03 - TileCalibL1Calo - DEBUG:  No new valid run. Last known valid run still: 113412
2009-05-01 01:18 - TileCalibL1Calo - INFO: ===> listening for new valid runs <===
2009-05-01 01:18 - TileCalibL1Calo - DEBUG: initialising coolRunLister
2009-05-01 01:18 - TileCalibL1Calo - DEBUG: applying selections to coolRunLister
2009-05-01 01:18 - TileCalibL1Calo - INFO: last valid run: 113412
2009-05-01 01:18 - TileCalibL1Calo - INFO: searching for new runs from 113413 to 2147483647
2009-05-01 01:18 - TileCalibL1Calo - DEBUG:  No new valid run. Last known valid run still: 113412
2009-05-01 01:34 - TileCalibL1Calo - INFO: ===> listening for new valid runs <===
2009-05-01 01:34 - TileCalibL1Calo - DEBUG: initialising coolRunLister
2009-05-01 01:34 - TileCalibL1Calo - DEBUG: applying selections to coolRunLister
2009-05-01 01:34 - TileCalibL1Calo - INFO: last valid run: 113412
2009-05-01 01:34 - TileCalibL1Calo - INFO: searching for new runs from 113413 to 2147483647
2009-05-01 01:34 - TileCalibL1Calo - DEBUG:  No new valid run. Last known valid run still: 113412
2009-05-01 01:49 - TileCalibL1Calo - INFO: ===> listening for new valid runs <===
2009-05-01 01:49 - TileCalibL1Calo - DEBUG: initialising coolRunLister
2009-05-01 01:49 - TileCalibL1Calo - DEBUG: applying selections to coolRunLister
2009-05-01 01:49 - TileCalibL1Calo - INFO: last valid run: 113412
2009-05-01 01:49 - TileCalibL1Calo - INFO: searching for new runs from 113413 to 2147483647
2009-05-01 01:49 - TileCalibL1Calo - DEBUG:  No new valid run. Last known valid run still: 113412
2009-05-01 02:04 - TileCalibL1Calo - INFO: ===> listening for new valid runs <===
2009-05-01 02:04 - TileCalibL1Calo - DEBUG: initialising coolRunLister
2009-05-01 02:04 - TileCalibL1Calo - DEBUG: applying selections to coolRunLister
2009-05-01 02:04 - TileCalibL1Calo - INFO: last valid run: 113412
2009-05-01 02:04 - TileCalibL1Calo - INFO: searching for new runs from 113413 to 2147483647
2009-05-01 02:04 - TileCalibL1Calo - DEBUG:  No new valid run. Last known valid run still: 113412
2009-05-01 02:19 - TileCalibL1Calo - INFO: ===> listening for new valid runs <===
2009-05-01 02:19 - TileCalibL1Calo - DEBUG: initialising coolRunLister
2009-05-01 02:19 - TileCalibL1Calo - DEBUG: applying selections to coolRunLister
2009-05-01 02:19 - TileCalibL1Calo - INFO: last valid run: 113412
2009-05-01 02:19 - TileCalibL1Calo - INFO: searching for new runs from 113413 to 2147483647
2009-05-01 02:19 - TileCalibL1Calo - DEBUG:  No new valid run. Last known valid run still: 113412
2009-05-01 02:34 - TileCalibL1Calo - INFO: ===> listening for new valid runs <===
2009-05-01 02:34 - TileCalibL1Calo - DEBUG: initialising coolRunLister
2009-05-01 02:34 - TileCalibL1Calo - DEBUG: applying selections to coolRunLister
2009-05-01 02:34 - TileCalibL1Calo - INFO: last valid run: 113412
2009-05-01 02:34 - TileCalibL1Calo - INFO: searching for new runs from 113413 to 2147483647
2009-05-01 02:34 - TileCalibL1Calo - DEBUG:  No new valid run. Last known valid run still: 113412
2009-05-01 02:49 - TileCalibL1Calo - INFO: ===> listening for new valid runs <===
2009-05-01 02:49 - TileCalibL1Calo - DEBUG: initialising coolRunLister
2009-05-01 02:49 - TileCalibL1Calo - DEBUG: applying selections to coolRunLister
2009-05-01 02:49 - TileCalibL1Calo - INFO: last valid run: 113412
2009-05-01 02:49 - TileCalibL1Calo - INFO: searching for new runs from 113413 to 2147483647
2009-05-01 02:49 - TileCalibL1Calo - DEBUG:  No new valid run. Last known valid run still: 113412
2009-05-01 03:04 - TileCalibL1Calo - INFO: ===> listening for new valid runs <===
2009-05-01 03:04 - TileCalibL1Calo - DEBUG: initialising coolRunLister
2009-05-01 03:04 - TileCalibL1Calo - DEBUG: applying selections to coolRunLister
2009-05-01 03:04 - TileCalibL1Calo - INFO: last valid run: 113412
2009-05-01 03:04 - TileCalibL1Calo - INFO: searching for new runs from 113413 to 2147483647
2009-05-01 03:05 - TileCalibL1Calo - DEBUG:  No new valid run. Last known valid run still: 113412
2009-05-01 03:20 - TileCalibL1Calo - INFO: ===> listening for new valid runs <===
2009-05-01 03:20 - TileCalibL1Calo - DEBUG: initialising coolRunLister
2009-05-01 03:20 - TileCalibL1Calo - DEBUG: applying selections to coolRunLister
2009-05-01 03:20 - TileCalibL1Calo - INFO: last valid run: 113412
2009-05-01 03:20 - TileCalibL1Calo - INFO: searching for new runs from 113413 to 2147483647
2009-05-01 03:20 - TileCalibL1Calo - DEBUG:  No new valid run. Last known valid run still: 113412
2009-05-01 03:35 - TileCalibL1Calo - INFO: ===> listening for new valid runs <===
2009-05-01 03:35 - TileCalibL1Calo - DEBUG: initialising coolRunLister
2009-05-01 03:35 - TileCalibL1Calo - DEBUG: applying selections to coolRunLister
2009-05-01 03:35 - TileCalibL1Calo - INFO: last valid run: 113412
2009-05-01 03:35 - TileCalibL1Calo - INFO: searching for new runs from 113413 to 2147483647
2009-05-01 03:35 - TileCalibL1Calo - DEBUG:  No new valid run. Last known valid run still: 113412
2009-05-01 03:50 - TileCalibL1Calo - INFO: ===> listening for new valid runs <===
2009-05-01 03:50 - TileCalibL1Calo - DEBUG: initialising coolRunLister
2009-05-01 03:50 - TileCalibL1Calo - DEBUG: applying selections to coolRunLister
2009-05-01 03:50 - TileCalibL1Calo - INFO: last valid run: 113412
2009-05-01 03:50 - TileCalibL1Calo - INFO: searching for new runs from 113413 to 2147483647
2009-05-01 03:50 - TileCalibL1Calo - DEBUG:  No new valid run. Last known valid run still: 113412
2009-05-01 04:05 - TileCalibL1Calo - INFO: ===> listening for new valid runs <===
2009-05-01 04:05 - TileCalibL1Calo - DEBUG: initialising coolRunLister
2009-05-01 04:05 - TileCalibL1Calo - DEBUG: applying selections to coolRunLister
2009-05-01 04:05 - TileCalibL1Calo - INFO: last valid run: 113412
2009-05-01 04:05 - TileCalibL1Calo - INFO: searching for new runs from 113413 to 2147483647
2009-05-01 04:05 - TileCalibL1Calo - DEBUG:  No new valid run. Last known valid run still: 113412
2009-05-01 04:20 - TileCalibL1Calo - INFO: ===> listening for new valid runs <===
2009-05-01 04:20 - TileCalibL1Calo - DEBUG: initialising coolRunLister
2009-05-01 04:20 - TileCalibL1Calo - DEBUG: applying selections to coolRunLister
2009-05-01 04:20 - TileCalibL1Calo - INFO: last valid run: 113412
2009-05-01 04:20 - TileCalibL1Calo - INFO: searching for new runs from 113413 to 2147483647
2009-05-01 04:20 - TileCalibL1Calo - DEBUG:  No new valid run. Last known valid run still: 113412
2009-05-01 04:35 - TileCalibL1Calo - INFO: ===> listening for new valid runs <===
2009-05-01 04:35 - TileCalibL1Calo - DEBUG: initialising coolRunLister
2009-05-01 04:35 - TileCalibL1Calo - DEBUG: applying selections to coolRunLister
2009-05-01 04:35 - TileCalibL1Calo - INFO: last valid run: 113412
2009-05-01 04:35 - TileCalibL1Calo - INFO: searching for new runs from 113413 to 2147483647
2009-05-01 04:36 - TileCalibL1Calo - DEBUG:  No new valid run. Last known valid run still: 113412
2009-05-01 04:51 - TileCalibL1Calo - INFO: ===> listening for new valid runs <===
2009-05-01 04:51 - TileCalibL1Calo - DEBUG: initialising coolRunLister
2009-05-01 04:51 - TileCalibL1Calo - DEBUG: applying selections to coolRunLister
2009-05-01 04:51 - TileCalibL1Calo - INFO: last valid run: 113412
2009-05-01 04:51 - TileCalibL1Calo - INFO: searching for new runs from 113413 to 2147483647
2009-05-01 04:51 - TileCalibL1Calo - DEBUG:  No new valid run. Last known valid run still: 113412
2009-05-01 05:06 - TileCalibL1Calo - INFO: ===> listening for new valid runs <===
2009-05-01 05:06 - TileCalibL1Calo - DEBUG: initialising coolRunLister
2009-05-01 05:06 - TileCalibL1Calo - DEBUG: applying selections to coolRunLister
2009-05-01 05:06 - TileCalibL1Calo - INFO: last valid run: 113412
2009-05-01 05:06 - TileCalibL1Calo - INFO: searching for new runs from 113413 to 2147483647
2009-05-01 05:06 - TileCalibL1Calo - DEBUG:  No new valid run. Last known valid run still: 113412
2009-05-01 05:21 - TileCalibL1Calo - INFO: ===> listening for new valid runs <===
2009-05-01 05:21 - TileCalibL1Calo - DEBUG: initialising coolRunLister
2009-05-01 05:21 - TileCalibL1Calo - DEBUG: applying selections to coolRunLister
2009-05-01 05:21 - TileCalibL1Calo - INFO: last valid run: 113412
2009-05-01 05:21 - TileCalibL1Calo - INFO: searching for new runs from 113413 to 2147483647
2009-05-01 05:21 - TileCalibL1Calo - DEBUG:  No new valid run. Last known valid run still: 113412
2009-05-01 05:36 - TileCalibL1Calo - INFO: ===> listening for new valid runs <===
2009-05-01 05:36 - TileCalibL1Calo - DEBUG: initialising coolRunLister
2009-05-01 05:36 - TileCalibL1Calo - DEBUG: applying selections to coolRunLister
2009-05-01 05:36 - TileCalibL1Calo - INFO: last valid run: 113412
2009-05-01 05:36 - TileCalibL1Calo - INFO: searching for new runs from 113413 to 2147483647
2009-05-01 05:36 - TileCalibL1Calo - DEBUG:  No new valid run. Last known valid run still: 113412
2009-05-01 05:51 - TileCalibL1Calo - INFO: ===> listening for new valid runs <===
2009-05-01 05:51 - TileCalibL1Calo - DEBUG: initialising coolRunLister
2009-05-01 05:51 - TileCalibL1Calo - DEBUG: applying selections to coolRunLister
2009-05-01 05:51 - TileCalibL1Calo - INFO: last valid run: 113412
2009-05-01 05:51 - TileCalibL1Calo - INFO: searching for new runs from 113413 to 2147483647
2009-05-01 05:51 - TileCalibL1Calo - DEBUG:  No new valid run. Last known valid run still: 113412
2009-05-01 06:06 - TileCalibL1Calo - INFO: ===> listening for new valid runs <===
2009-05-01 06:06 - TileCalibL1Calo - DEBUG: initialising coolRunLister
2009-05-01 06:06 - TileCalibL1Calo - DEBUG: applying selections to coolRunLister
2009-05-01 06:06 - TileCalibL1Calo - INFO: last valid run: 113412
2009-05-01 06:06 - TileCalibL1Calo - INFO: searching for new runs from 113413 to 2147483647
2009-05-01 06:07 - TileCalibL1Calo - DEBUG:  No new valid run. Last known valid run still: 113412
2009-05-01 06:22 - TileCalibL1Calo - INFO: ===> listening for new valid runs <===
2009-05-01 06:22 - TileCalibL1Calo - DEBUG: initialising coolRunLister
2009-05-01 06:22 - TileCalibL1Calo - DEBUG: applying selections to coolRunLister
2009-05-01 06:22 - TileCalibL1Calo - INFO: last valid run: 113412
2009-05-01 06:22 - TileCalibL1Calo - INFO: searching for new runs from 113413 to 2147483647
2009-05-01 06:22 - TileCalibL1Calo - DEBUG:  No new valid run. Last known valid run still: 113412
2009-05-01 06:37 - TileCalibL1Calo - INFO: ===> listening for new valid runs <===
2009-05-01 06:37 - TileCalibL1Calo - DEBUG: initialising coolRunLister
2009-05-01 06:37 - TileCalibL1Calo - DEBUG: applying selections to coolRunLister
2009-05-01 06:37 - TileCalibL1Calo - INFO: last valid run: 113412
2009-05-01 06:37 - TileCalibL1Calo - INFO: searching for new runs from 113413 to 2147483647
2009-05-01 06:37 - TileCalibL1Calo - DEBUG:  No new valid run. Last known valid run still: 113412
2009-05-01 06:52 - TileCalibL1Calo - INFO: ===> listening for new valid runs <===
2009-05-01 06:52 - TileCalibL1Calo - DEBUG: initialising coolRunLister
2009-05-01 06:52 - TileCalibL1Calo - DEBUG: applying selections to coolRunLister
2009-05-01 06:52 - TileCalibL1Calo - INFO: last valid run: 113412
2009-05-01 06:52 - TileCalibL1Calo - INFO: searching for new runs from 113413 to 2147483647
2009-05-01 06:52 - TileCalibL1Calo - DEBUG:  No new valid run. Last known valid run still: 113412
2009-05-01 07:07 - TileCalibL1Calo - INFO: ===> listening for new valid runs <===
2009-05-01 07:07 - TileCalibL1Calo - DEBUG: initialising coolRunLister
2009-05-01 07:07 - TileCalibL1Calo - DEBUG: applying selections to coolRunLister
2009-05-01 07:07 - TileCalibL1Calo - INFO: last valid run: 113412
2009-05-01 07:07 - TileCalibL1Calo - INFO: searching for new runs from 113413 to 2147483647
2009-05-01 07:07 - TileCalibL1Calo - DEBUG:  No new valid run. Last known valid run still: 113412
2009-05-01 07:22 - TileCalibL1Calo - INFO: ===> listening for new valid runs <===
2009-05-01 07:22 - TileCalibL1Calo - DEBUG: initialising coolRunLister
2009-05-01 07:22 - TileCalibL1Calo - DEBUG: applying selections to coolRunLister
2009-05-01 07:22 - TileCalibL1Calo - INFO: last valid run: 113412
2009-05-01 07:22 - TileCalibL1Calo - INFO: searching for new runs from 113413 to 2147483647
2009-05-01 07:22 - TileCalibL1Calo - DEBUG:  No new valid run. Last known valid run still: 113412
2009-05-01 07:37 - TileCalibL1Calo - INFO: ===> listening for new valid runs <===
2009-05-01 07:37 - TileCalibL1Calo - DEBUG: initialising coolRunLister
2009-05-01 07:37 - TileCalibL1Calo - DEBUG: applying selections to coolRunLister
2009-05-01 07:37 - TileCalibL1Calo - INFO: last valid run: 113412
2009-05-01 07:37 - TileCalibL1Calo - INFO: searching for new runs from 113413 to 2147483647
2009-05-01 07:38 - TileCalibL1Calo - DEBUG:  No new valid run. Last known valid run still: 113412
2009-05-01 07:53 - TileCalibL1Calo - INFO: ===> listening for new valid runs <===
2009-05-01 07:53 - TileCalibL1Calo - DEBUG: initialising coolRunLister
2009-05-01 07:53 - TileCalibL1Calo - DEBUG: applying selections to coolRunLister
2009-05-01 07:53 - TileCalibL1Calo - INFO: last valid run: 113412
2009-05-01 07:53 - TileCalibL1Calo - INFO: searching for new runs from 113413 to 2147483647
2009-05-01 07:53 - TileCalibL1Calo - DEBUG:  No new valid run. Last known valid run still: 113412
2009-05-01 08:08 - TileCalibL1Calo - INFO: ===> listening for new valid runs <===
2009-05-01 08:08 - TileCalibL1Calo - DEBUG: initialising coolRunLister
2009-05-01 08:08 - TileCalibL1Calo - DEBUG: applying selections to coolRunLister
2009-05-01 08:08 - TileCalibL1Calo - INFO: last valid run: 113412
2009-05-01 08:08 - TileCalibL1Calo - INFO: searching for new runs from 113413 to 2147483647
2009-05-01 08:08 - TileCalibL1Calo - DEBUG:  No new valid run. Last known valid run still: 113412
2009-05-01 08:23 - TileCalibL1Calo - INFO: ===> listening for new valid runs <===
2009-05-01 08:23 - TileCalibL1Calo - DEBUG: initialising coolRunLister
2009-05-01 08:23 - TileCalibL1Calo - DEBUG: applying selections to coolRunLister
2009-05-01 08:23 - TileCalibL1Calo - INFO: last valid run: 113412
2009-05-01 08:23 - TileCalibL1Calo - INFO: searching for new runs from 113413 to 2147483647
2009-05-01 08:23 - TileCalibL1Calo - DEBUG:  No new valid run. Last known valid run still: 113412
2009-05-01 08:38 - TileCalibL1Calo - INFO: ===> listening for new valid runs <===
2009-05-01 08:38 - TileCalibL1Calo - DEBUG: initialising coolRunLister
2009-05-01 08:38 - TileCalibL1Calo - DEBUG: applying selections to coolRunLister
2009-05-01 08:38 - TileCalibL1Calo - INFO: last valid run: 113412
2009-05-01 08:38 - TileCalibL1Calo - INFO: searching for new runs from 113413 to 2147483647
2009-05-01 08:38 - TileCalibL1Calo - DEBUG:  No new valid run. Last known valid run still: 113412
2009-05-01 08:53 - TileCalibL1Calo - INFO: ===> listening for new valid runs <===
2009-05-01 08:53 - TileCalibL1Calo - DEBUG: initialising coolRunLister
2009-05-01 08:53 - TileCalibL1Calo - DEBUG: applying selections to coolRunLister
2009-05-01 08:53 - TileCalibL1Calo - INFO: last valid run: 113412
2009-05-01 08:53 - TileCalibL1Calo - INFO: searching for new runs from 113413 to 2147483647
2009-05-01 08:53 - TileCalibL1Calo - DEBUG:  No new valid run. Last known valid run still: 113412
2009-05-01 09:08 - TileCalibL1Calo - INFO: ===> listening for new valid runs <===
2009-05-01 09:08 - TileCalibL1Calo - DEBUG: initialising coolRunLister
2009-05-01 09:08 - TileCalibL1Calo - DEBUG: applying selections to coolRunLister
2009-05-01 09:08 - TileCalibL1Calo - INFO: last valid run: 113412
2009-05-01 09:08 - TileCalibL1Calo - INFO: searching for new runs from 113413 to 2147483647
2009-05-01 09:09 - TileCalibL1Calo - DEBUG:  No new valid run. Last known valid run still: 113412
2009-05-01 09:24 - TileCalibL1Calo - INFO: ===> listening for new valid runs <===
2009-05-01 09:24 - TileCalibL1Calo - DEBUG: initialising coolRunLister
2009-05-01 09:24 - TileCalibL1Calo - DEBUG: applying selections to coolRunLister
2009-05-01 09:24 - TileCalibL1Calo - INFO: last valid run: 113412
2009-05-01 09:24 - TileCalibL1Calo - INFO: searching for new runs from 113413 to 2147483647
2009-05-01 09:24 - TileCalibL1Calo - DEBUG:  No new valid run. Last known valid run still: 113412
2009-05-01 09:39 - TileCalibL1Calo - INFO: ===> listening for new valid runs <===
2009-05-01 09:39 - TileCalibL1Calo - DEBUG: initialising coolRunLister
2009-05-01 09:39 - TileCalibL1Calo - DEBUG: applying selections to coolRunLister
2009-05-01 09:39 - TileCalibL1Calo - INFO: last valid run: 113412
2009-05-01 09:39 - TileCalibL1Calo - INFO: searching for new runs from 113413 to 2147483647
2009-05-01 09:39 - TileCalibL1Calo - DEBUG:  No new valid run. Last known valid run still: 113412
2009-05-01 09:54 - TileCalibL1Calo - INFO: ===> listening for new valid runs <===
2009-05-01 09:54 - TileCalibL1Calo - DEBUG: initialising coolRunLister
2009-05-01 09:54 - TileCalibL1Calo - DEBUG: applying selections to coolRunLister
2009-05-01 09:54 - TileCalibL1Calo - INFO: last valid run: 113412
2009-05-01 09:54 - TileCalibL1Calo - INFO: searching for new runs from 113413 to 2147483647
2009-05-01 09:54 - TileCalibL1Calo - DEBUG:  No new valid run. Last known valid run still: 113412
2009-05-01 10:09 - TileCalibL1Calo - INFO: ===> listening for new valid runs <===
2009-05-01 10:09 - TileCalibL1Calo - DEBUG: initialising coolRunLister
2009-05-01 10:09 - TileCalibL1Calo - DEBUG: applying selections to coolRunLister
2009-05-01 10:09 - TileCalibL1Calo - INFO: last valid run: 113412
2009-05-01 10:09 - TileCalibL1Calo - INFO: searching for new runs from 113413 to 2147483647
2009-05-01 10:09 - TileCalibL1Calo - DEBUG:  No new valid run. Last known valid run still: 113412
2009-05-01 10:24 - TileCalibL1Calo - INFO: ===> listening for new valid runs <===
2009-05-01 10:24 - TileCalibL1Calo - DEBUG: initialising coolRunLister
2009-05-01 10:24 - TileCalibL1Calo - DEBUG: applying selections to coolRunLister
2009-05-01 10:24 - TileCalibL1Calo - INFO: last valid run: 113412
2009-05-01 10:24 - TileCalibL1Calo - INFO: searching for new runs from 113413 to 2147483647
2009-05-01 10:24 - TileCalibL1Calo - DEBUG:  No new valid run. Last known valid run still: 113412
2009-05-01 10:39 - TileCalibL1Calo - INFO: ===> listening for new valid runs <===
2009-05-01 10:39 - TileCalibL1Calo - DEBUG: initialising coolRunLister
2009-05-01 10:39 - TileCalibL1Calo - DEBUG: applying selections to coolRunLister
2009-05-01 10:39 - TileCalibL1Calo - INFO: last valid run: 113412
2009-05-01 10:39 - TileCalibL1Calo - INFO: searching for new runs from 113413 to 2147483647
2009-05-01 10:40 - TileCalibL1Calo - DEBUG:  No new valid run. Last known valid run still: 113412
2009-05-01 10:55 - TileCalibL1Calo - INFO: ===> listening for new valid runs <===
2009-05-01 10:55 - TileCalibL1Calo - DEBUG: initialising coolRunLister
2009-05-01 10:55 - TileCalibL1Calo - DEBUG: applying selections to coolRunLister
2009-05-01 10:55 - TileCalibL1Calo - INFO: last valid run: 113412
2009-05-01 10:55 - TileCalibL1Calo - INFO: searching for new runs from 113413 to 2147483647
2009-05-01 10:55 - TileCalibL1Calo - DEBUG:  No new valid run. Last known valid run still: 113412
2009-05-01 11:10 - TileCalibL1Calo - INFO: ===> listening for new valid runs <===
2009-05-01 11:10 - TileCalibL1Calo - DEBUG: initialising coolRunLister
2009-05-01 11:10 - TileCalibL1Calo - DEBUG: applying selections to coolRunLister
2009-05-01 11:10 - TileCalibL1Calo - INFO: last valid run: 113412
2009-05-01 11:10 - TileCalibL1Calo - INFO: searching for new runs from 113413 to 2147483647
2009-05-01 11:10 - TileCalibL1Calo - DEBUG:  No new valid run. Last known valid run still: 113412
2009-05-01 11:25 - TileCalibL1Calo - INFO: ===> listening for new valid runs <===
2009-05-01 11:25 - TileCalibL1Calo - DEBUG: initialising coolRunLister
2009-05-01 11:25 - TileCalibL1Calo - DEBUG: applying selections to coolRunLister
2009-05-01 11:25 - TileCalibL1Calo - INFO: last valid run: 113412
2009-05-01 11:25 - TileCalibL1Calo - INFO: searching for new runs from 113413 to 2147483647
2009-05-01 11:25 - TileCalibL1Calo - DEBUG:  No new valid run. Last known valid run still: 113412
2009-05-01 11:40 - TileCalibL1Calo - INFO: ===> listening for new valid runs <===
2009-05-01 11:40 - TileCalibL1Calo - DEBUG: initialising coolRunLister
2009-05-01 11:40 - TileCalibL1Calo - DEBUG: applying selections to coolRunLister
2009-05-01 11:40 - TileCalibL1Calo - INFO: last valid run: 113412
2009-05-01 11:40 - TileCalibL1Calo - INFO: searching for new runs from 113413 to 2147483647
2009-05-01 11:40 - TileCalibL1Calo - DEBUG:  No new valid run. Last known valid run still: 113412
2009-05-01 11:55 - TileCalibL1Calo - INFO: ===> listening for new valid runs <===
2009-05-01 11:55 - TileCalibL1Calo - DEBUG: initialising coolRunLister
2009-05-01 11:55 - TileCalibL1Calo - DEBUG: applying selections to coolRunLister
2009-05-01 11:55 - TileCalibL1Calo - INFO: last valid run: 113412
2009-05-01 11:55 - TileCalibL1Calo - INFO: searching for new runs from 113413 to 2147483647
2009-05-01 11:55 - TileCalibL1Calo - DEBUG:  No new valid run. Last known valid run still: 113412
2009-05-01 12:11 - TileCalibL1Calo - INFO: ===> listening for new valid runs <===
2009-05-01 12:11 - TileCalibL1Calo - DEBUG: initialising coolRunLister
2009-05-01 12:11 - TileCalibL1Calo - DEBUG: applying selections to coolRunLister
2009-05-01 12:11 - TileCalibL1Calo - INFO: last valid run: 113412
2009-05-01 12:11 - TileCalibL1Calo - INFO: searching for new runs from 113413 to 2147483647
2009-05-01 12:11 - TileCalibL1Calo - DEBUG:  No new valid run. Last known valid run still: 113412
2009-05-01 12:26 - TileCalibL1Calo - INFO: ===> listening for new valid runs <===
2009-05-01 12:26 - TileCalibL1Calo - DEBUG: initialising coolRunLister
2009-05-01 12:26 - TileCalibL1Calo - DEBUG: applying selections to coolRunLister
2009-05-01 12:26 - TileCalibL1Calo - INFO: last valid run: 113412
2009-05-01 12:26 - TileCalibL1Calo - INFO: searching for new runs from 113413 to 2147483647
2009-05-01 12:26 - TileCalibL1Calo - DEBUG:  No new valid run. Last known valid run still: 113412
2009-05-01 12:41 - TileCalibL1Calo - INFO: ===> listening for new valid runs <===
2009-05-01 12:41 - TileCalibL1Calo - DEBUG: initialising coolRunLister
2009-05-01 12:41 - TileCalibL1Calo - DEBUG: applying selections to coolRunLister
2009-05-01 12:41 - TileCalibL1Calo - INFO: last valid run: 113412
2009-05-01 12:41 - TileCalibL1Calo - INFO: searching for new runs from 113413 to 2147483647
2009-05-01 12:41 - TileCalibL1Calo - DEBUG:  No new valid run. Last known valid run still: 113412
2009-05-01 12:56 - TileCalibL1Calo - INFO: ===> listening for new valid runs <===
2009-05-01 12:56 - TileCalibL1Calo - DEBUG: initialising coolRunLister
2009-05-01 12:56 - TileCalibL1Calo - DEBUG: applying selections to coolRunLister
2009-05-01 12:56 - TileCalibL1Calo - INFO: last valid run: 113412
2009-05-01 12:56 - TileCalibL1Calo - INFO: searching for new runs from 113413 to 2147483647
2009-05-01 12:56 - TileCalibL1Calo - DEBUG:  No new valid run. Last known valid run still: 113412
2009-05-01 13:11 - TileCalibL1Calo - INFO: ===> listening for new valid runs <===
2009-05-01 13:11 - TileCalibL1Calo - DEBUG: initialising coolRunLister
2009-05-01 13:11 - TileCalibL1Calo - DEBUG: applying selections to coolRunLister
2009-05-01 13:11 - TileCalibL1Calo - INFO: last valid run: 113412
2009-05-01 13:11 - TileCalibL1Calo - INFO: searching for new runs from 113413 to 2147483647
2009-05-01 13:11 - TileCalibL1Calo - DEBUG:  No new valid run. Last known valid run still: 113412
2009-05-01 13:26 - TileCalibL1Calo - INFO: ===> listening for new valid runs <===
2009-05-01 13:26 - TileCalibL1Calo - DEBUG: initialising coolRunLister
2009-05-01 13:26 - TileCalibL1Calo - DEBUG: applying selections to coolRunLister
2009-05-01 13:26 - TileCalibL1Calo - INFO: last valid run: 113412
2009-05-01 13:26 - TileCalibL1Calo - INFO: searching for new runs from 113413 to 2147483647
2009-05-01 13:26 - TileCalibL1Calo - DEBUG:  No new valid run. Last known valid run still: 113412
2009-05-01 13:42 - TileCalibL1Calo - INFO: ===> listening for new valid runs <===
2009-05-01 13:42 - TileCalibL1Calo - DEBUG: initialising coolRunLister
2009-05-01 13:42 - TileCalibL1Calo - DEBUG: applying selections to coolRunLister
2009-05-01 13:42 - TileCalibL1Calo - INFO: last valid run: 113412
2009-05-01 13:42 - TileCalibL1Calo - INFO: searching for new runs from 113413 to 2147483647
2009-05-01 13:42 - TileCalibL1Calo - DEBUG:  No new valid run. Last known valid run still: 113412
2009-05-01 13:57 - TileCalibL1Calo - INFO: ===> listening for new valid runs <===
2009-05-01 13:57 - TileCalibL1Calo - DEBUG: initialising coolRunLister
2009-05-01 13:57 - TileCalibL1Calo - DEBUG: applying selections to coolRunLister
2009-05-01 13:57 - TileCalibL1Calo - INFO: last valid run: 113412
2009-05-01 13:57 - TileCalibL1Calo - INFO: searching for new runs from 113413 to 2147483647
2009-05-01 13:57 - TileCalibL1Calo - DEBUG:  No new valid run. Last known valid run still: 113412
2009-05-01 14:12 - TileCalibL1Calo - INFO: ===> listening for new valid runs <===
2009-05-01 14:12 - TileCalibL1Calo - DEBUG: initialising coolRunLister
2009-05-01 14:12 - TileCalibL1Calo - DEBUG: applying selections to coolRunLister
2009-05-01 14:12 - TileCalibL1Calo - INFO: last valid run: 113412
2009-05-01 14:12 - TileCalibL1Calo - INFO: searching for new runs from 113413 to 2147483647
2009-05-01 14:12 - TileCalibL1Calo - DEBUG:  No new valid run. Last known valid run still: 113412
2009-05-01 14:27 - TileCalibL1Calo - INFO: ===> listening for new valid runs <===
2009-05-01 14:27 - TileCalibL1Calo - DEBUG: initialising coolRunLister
2009-05-01 14:27 - TileCalibL1Calo - DEBUG: applying selections to coolRunLister
2009-05-01 14:27 - TileCalibL1Calo - INFO: last valid run: 113412
2009-05-01 14:27 - TileCalibL1Calo - INFO: searching for new runs from 113413 to 2147483647
2009-05-01 14:27 - TileCalibL1Calo - DEBUG:  No new valid run. Last known valid run still: 113412
2009-05-01 14:42 - TileCalibL1Calo - INFO: ===> listening for new valid runs <===
2009-05-01 14:42 - TileCalibL1Calo - DEBUG: initialising coolRunLister
2009-05-01 14:42 - TileCalibL1Calo - DEBUG: applying selections to coolRunLister
2009-05-01 14:42 - TileCalibL1Calo - INFO: last valid run: 113412
2009-05-01 14:42 - TileCalibL1Calo - INFO: searching for new runs from 113413 to 2147483647
2009-05-01 14:42 - TileCalibL1Calo - DEBUG:  No new valid run. Last known valid run still: 113412
2009-05-01 14:57 - TileCalibL1Calo - INFO: ===> listening for new valid runs <===
2009-05-01 14:57 - TileCalibL1Calo - DEBUG: initialising coolRunLister
2009-05-01 14:57 - TileCalibL1Calo - DEBUG: applying selections to coolRunLister
2009-05-01 14:57 - TileCalibL1Calo - INFO: last valid run: 113412
2009-05-01 14:57 - TileCalibL1Calo - INFO: searching for new runs from 113413 to 2147483647
2009-05-01 14:58 - TileCalibL1Calo - DEBUG:  No new valid run. Last known valid run still: 113412
2009-05-01 15:13 - TileCalibL1Calo - INFO: ===> listening for new valid runs <===
2009-05-01 15:13 - TileCalibL1Calo - DEBUG: initialising coolRunLister
2009-05-01 15:13 - TileCalibL1Calo - DEBUG: applying selections to coolRunLister
2009-05-01 15:13 - TileCalibL1Calo - INFO: last valid run: 113412
2009-05-01 15:13 - TileCalibL1Calo - INFO: searching for new runs from 113413 to 2147483647
2009-05-01 15:13 - TileCalibL1Calo - DEBUG:  No new valid run. Last known valid run still: 113412
2009-05-01 15:28 - TileCalibL1Calo - INFO: ===> listening for new valid runs <===
2009-05-01 15:28 - TileCalibL1Calo - DEBUG: initialising coolRunLister
2009-05-01 15:28 - TileCalibL1Calo - DEBUG: applying selections to coolRunLister
2009-05-01 15:28 - TileCalibL1Calo - INFO: last valid run: 113412
2009-05-01 15:28 - TileCalibL1Calo - INFO: searching for new runs from 113413 to 2147483647
2009-05-01 15:28 - TileCalibL1Calo - DEBUG:  No new valid run. Last known valid run still: 113412
2009-05-01 15:43 - TileCalibL1Calo - INFO: ===> listening for new valid runs <===
2009-05-01 15:43 - TileCalibL1Calo - DEBUG: initialising coolRunLister
2009-05-01 15:43 - TileCalibL1Calo - DEBUG: applying selections to coolRunLister
2009-05-01 15:43 - TileCalibL1Calo - INFO: last valid run: 113412
2009-05-01 15:43 - TileCalibL1Calo - INFO: searching for new runs from 113413 to 2147483647
2009-05-01 15:43 - TileCalibL1Calo - DEBUG:  No new valid run. Last known valid run still: 113412
2009-05-01 15:58 - TileCalibL1Calo - INFO: ===> listening for new valid runs <===
2009-05-01 15:58 - TileCalibL1Calo - DEBUG: initialising coolRunLister
2009-05-01 15:58 - TileCalibL1Calo - DEBUG: applying selections to coolRunLister
2009-05-01 15:58 - TileCalibL1Calo - INFO: last valid run: 113412
2009-05-01 15:58 - TileCalibL1Calo - INFO: searching for new runs from 113413 to 2147483647
2009-05-01 15:58 - TileCalibL1Calo - DEBUG:  No new valid run. Last known valid run still: 113412
2009-05-01 16:13 - TileCalibL1Calo - INFO: ===> listening for new valid runs <===
2009-05-01 16:13 - TileCalibL1Calo - DEBUG: initialising coolRunLister
2009-05-01 16:13 - TileCalibL1Calo - DEBUG: applying selections to coolRunLister
2009-05-01 16:13 - TileCalibL1Calo - INFO: last valid run: 113412
2009-05-01 16:13 - TileCalibL1Calo - INFO: searching for new runs from 113413 to 2147483647
2009-05-01 16:13 - TileCalibL1Calo - DEBUG:  No new valid run. Last known valid run still: 113412
2009-05-01 16:29 - TileCalibL1Calo - INFO: ===> listening for new valid runs <===
2009-05-01 16:29 - TileCalibL1Calo - DEBUG: initialising coolRunLister
2009-05-01 16:29 - TileCalibL1Calo - DEBUG: applying selections to coolRunLister
2009-05-01 16:29 - TileCalibL1Calo - INFO: last valid run: 113412
2009-05-01 16:29 - TileCalibL1Calo - INFO: searching for new runs from 113413 to 2147483647
2009-05-01 16:29 - TileCalibL1Calo - DEBUG:  No new valid run. Last known valid run still: 113412
2009-05-01 16:44 - TileCalibL1Calo - INFO: ===> listening for new valid runs <===
2009-05-01 16:44 - TileCalibL1Calo - DEBUG: initialising coolRunLister
2009-05-01 16:44 - TileCalibL1Calo - DEBUG: applying selections to coolRunLister
2009-05-01 16:44 - TileCalibL1Calo - INFO: last valid run: 113412
2009-05-01 16:44 - TileCalibL1Calo - INFO: searching for new runs from 113413 to 2147483647
2009-05-01 16:44 - TileCalibL1Calo - DEBUG:  No new valid run. Last known valid run still: 113412
2009-05-01 16:59 - TileCalibL1Calo - INFO: ===> listening for new valid runs <===
2009-05-01 16:59 - TileCalibL1Calo - DEBUG: initialising coolRunLister
2009-05-01 16:59 - TileCalibL1Calo - DEBUG: applying selections to coolRunLister
2009-05-01 16:59 - TileCalibL1Calo - INFO: last valid run: 113412
2009-05-01 16:59 - TileCalibL1Calo - INFO: searching for new runs from 113413 to 2147483647
2009-05-01 16:59 - TileCalibL1Calo - DEBUG:  No new valid run. Last known valid run still: 113412
2009-05-01 17:14 - TileCalibL1Calo - INFO: ===> listening for new valid runs <===
2009-05-01 17:14 - TileCalibL1Calo - DEBUG: initialising coolRunLister
2009-05-01 17:14 - TileCalibL1Calo - DEBUG: applying selections to coolRunLister
2009-05-01 17:14 - TileCalibL1Calo - INFO: last valid run: 113412
2009-05-01 17:14 - TileCalibL1Calo - INFO: searching for new runs from 113413 to 2147483647
2009-05-01 17:14 - TileCalibL1Calo - DEBUG:  No new valid run. Last known valid run still: 113412
2009-05-01 17:29 - TileCalibL1Calo - INFO: ===> listening for new valid runs <===
2009-05-01 17:29 - TileCalibL1Calo - DEBUG: initialising coolRunLister
2009-05-01 17:29 - TileCalibL1Calo - DEBUG: applying selections to coolRunLister
2009-05-01 17:29 - TileCalibL1Calo - INFO: last valid run: 113412
2009-05-01 17:29 - TileCalibL1Calo - INFO: searching for new runs from 113413 to 2147483647
2009-05-01 17:29 - TileCalibL1Calo - DEBUG:  No new valid run. Last known valid run still: 113412
2009-05-01 17:44 - TileCalibL1Calo - INFO: ===> listening for new valid runs <===
2009-05-01 17:44 - TileCalibL1Calo - DEBUG: initialising coolRunLister
2009-05-01 17:44 - TileCalibL1Calo - DEBUG: applying selections to coolRunLister
2009-05-01 17:44 - TileCalibL1Calo - INFO: last valid run: 113412
2009-05-01 17:44 - TileCalibL1Calo - INFO: searching for new runs from 113413 to 2147483647
2009-05-01 17:44 - TileCalibL1Calo - DEBUG:  No new valid run. Last known valid run still: 113412
2009-05-01 18:00 - TileCalibL1Calo - INFO: ===> listening for new valid runs <===
2009-05-01 18:00 - TileCalibL1Calo - DEBUG: initialising coolRunLister
2009-05-01 18:00 - TileCalibL1Calo - DEBUG: applying selections to coolRunLister
2009-05-01 18:00 - TileCalibL1Calo - INFO: last valid run: 113412
2009-05-01 18:00 - TileCalibL1Calo - INFO: searching for new runs from 113413 to 2147483647
2009-05-01 18:00 - TileCalibL1Calo - DEBUG:  No new valid run. Last known valid run still: 113412
2009-05-01 18:15 - TileCalibL1Calo - INFO: ===> listening for new valid runs <===
2009-05-01 18:15 - TileCalibL1Calo - DEBUG: initialising coolRunLister
2009-05-01 18:15 - TileCalibL1Calo - DEBUG: applying selections to coolRunLister
2009-05-01 18:15 - TileCalibL1Calo - INFO: last valid run: 113412
2009-05-01 18:15 - TileCalibL1Calo - INFO: searching for new runs from 113413 to 2147483647
2009-05-01 18:15 - TileCalibL1Calo - DEBUG:  No new valid run. Last known valid run still: 113412
2009-05-01 18:30 - TileCalibL1Calo - INFO: ===> listening for new valid runs <===
2009-05-01 18:30 - TileCalibL1Calo - DEBUG: initialising coolRunLister
2009-05-01 18:30 - TileCalibL1Calo - DEBUG: applying selections to coolRunLister
2009-05-01 18:30 - TileCalibL1Calo - INFO: last valid run: 113412
2009-05-01 18:30 - TileCalibL1Calo - INFO: searching for new runs from 113413 to 2147483647
2009-05-01 18:30 - TileCalibL1Calo - DEBUG:  No new valid run. Last known valid run still: 113412
2009-05-01 18:45 - TileCalibL1Calo - INFO: ===> listening for new valid runs <===
2009-05-01 18:45 - TileCalibL1Calo - DEBUG: initialising coolRunLister
2009-05-01 18:45 - TileCalibL1Calo - DEBUG: applying selections to coolRunLister
2009-05-01 18:45 - TileCalibL1Calo - INFO: last valid run: 113412
2009-05-01 18:45 - TileCalibL1Calo - INFO: searching for new runs from 113413 to 2147483647
2009-05-01 18:45 - TileCalibL1Calo - DEBUG:  No new valid run. Last known valid run still: 113412
2009-05-01 19:00 - TileCalibL1Calo - INFO: ===> listening for new valid runs <===
2009-05-01 19:00 - TileCalibL1Calo - DEBUG: initialising coolRunLister
2009-05-01 19:00 - TileCalibL1Calo - DEBUG: applying selections to coolRunLister
2009-05-01 19:00 - TileCalibL1Calo - INFO: last valid run: 113412
2009-05-01 19:00 - TileCalibL1Calo - INFO: searching for new runs from 113413 to 2147483647
2009-05-01 19:00 - TileCalibL1Calo - DEBUG:  No new valid run. Last known valid run still: 113412
2009-05-01 19:16 - TileCalibL1Calo - INFO: ===> listening for new valid runs <===
2009-05-01 19:16 - TileCalibL1Calo - DEBUG: initialising coolRunLister
2009-05-01 19:16 - TileCalibL1Calo - DEBUG: applying selections to coolRunLister
2009-05-01 19:16 - TileCalibL1Calo - INFO: last valid run: 113412
2009-05-01 19:16 - TileCalibL1Calo - INFO: searching for new runs from 113413 to 2147483647
2009-05-01 19:16 - TileCalibL1Calo - DEBUG:  No new valid run. Last known valid run still: 113412
2009-05-01 19:31 - TileCalibL1Calo - INFO: ===> listening for new valid runs <===
2009-05-01 19:31 - TileCalibL1Calo - DEBUG: initialising coolRunLister
2009-05-01 19:31 - TileCalibL1Calo - DEBUG: applying selections to coolRunLister
2009-05-01 19:31 - TileCalibL1Calo - INFO: last valid run: 113412
2009-05-01 19:31 - TileCalibL1Calo - INFO: searching for new runs from 113413 to 2147483647
2009-05-01 19:31 - TileCalibL1Calo - DEBUG:  No new valid run. Last known valid run still: 113412
2009-05-01 19:46 - TileCalibL1Calo - INFO: ===> listening for new valid runs <===
2009-05-01 19:46 - TileCalibL1Calo - DEBUG: initialising coolRunLister
2009-05-01 19:46 - TileCalibL1Calo - DEBUG: applying selections to coolRunLister
2009-05-01 19:46 - TileCalibL1Calo - INFO: last valid run: 113412
2009-05-01 19:46 - TileCalibL1Calo - INFO: searching for new runs from 113413 to 2147483647
2009-05-01 19:46 - TileCalibL1Calo - DEBUG:  No new valid run. Last known valid run still: 113412
2009-05-01 20:01 - TileCalibL1Calo - INFO: ===> listening for new valid runs <===
2009-05-01 20:01 - TileCalibL1Calo - DEBUG: initialising coolRunLister
2009-05-01 20:01 - TileCalibL1Calo - DEBUG: applying selections to coolRunLister
2009-05-01 20:01 - TileCalibL1Calo - INFO: last valid run: 113412
2009-05-01 20:01 - TileCalibL1Calo - INFO: searching for new runs from 113413 to 2147483647
2009-05-01 20:01 - TileCalibL1Calo - DEBUG:  No new valid run. Last known valid run still: 113412
2009-05-01 20:16 - TileCalibL1Calo - INFO: ===> listening for new valid runs <===
2009-05-01 20:16 - TileCalibL1Calo - DEBUG: initialising coolRunLister
2009-05-01 20:16 - TileCalibL1Calo - DEBUG: applying selections to coolRunLister
2009-05-01 20:16 - TileCalibL1Calo - INFO: last valid run: 113412
2009-05-01 20:16 - TileCalibL1Calo - INFO: searching for new runs from 113413 to 2147483647
2009-05-01 20:16 - TileCalibL1Calo - DEBUG:  No new valid run. Last known valid run still: 113412
2009-05-01 20:31 - TileCalibL1Calo - INFO: ===> listening for new valid runs <===
2009-05-01 20:31 - TileCalibL1Calo - DEBUG: initialising coolRunLister
2009-05-01 20:31 - TileCalibL1Calo - DEBUG: applying selections to coolRunLister
2009-05-01 20:31 - TileCalibL1Calo - INFO: last valid run: 113412
2009-05-01 20:31 - TileCalibL1Calo - INFO: searching for new runs from 113413 to 2147483647
2009-05-01 20:31 - TileCalibL1Calo - DEBUG:  No new valid run. Last known valid run still: 113412
2009-05-01 20:47 - TileCalibL1Calo - INFO: ===> listening for new valid runs <===
2009-05-01 20:47 - TileCalibL1Calo - DEBUG: initialising coolRunLister
2009-05-01 20:47 - TileCalibL1Calo - DEBUG: applying selections to coolRunLister
2009-05-01 20:47 - TileCalibL1Calo - INFO: last valid run: 113412
2009-05-01 20:47 - TileCalibL1Calo - INFO: searching for new runs from 113413 to 2147483647
2009-05-01 20:47 - TileCalibL1Calo - DEBUG:  No new valid run. Last known valid run still: 113412
2009-05-01 21:02 - TileCalibL1Calo - INFO: ===> listening for new valid runs <===
2009-05-01 21:02 - TileCalibL1Calo - DEBUG: initialising coolRunLister
2009-05-01 21:02 - TileCalibL1Calo - DEBUG: applying selections to coolRunLister
2009-05-01 21:02 - TileCalibL1Calo - INFO: last valid run: 113412
2009-05-01 21:02 - TileCalibL1Calo - INFO: searching for new runs from 113413 to 2147483647
2009-05-01 21:02 - TileCalibL1Calo - DEBUG:  No new valid run. Last known valid run still: 113412
2009-05-01 21:17 - TileCalibL1Calo - INFO: ===> listening for new valid runs <===
2009-05-01 21:17 - TileCalibL1Calo - DEBUG: initialising coolRunLister
2009-05-01 21:17 - TileCalibL1Calo - DEBUG: applying selections to coolRunLister
2009-05-01 21:17 - TileCalibL1Calo - INFO: last valid run: 113412
2009-05-01 21:17 - TileCalibL1Calo - INFO: searching for new runs from 113413 to 2147483647
2009-05-01 21:17 - TileCalibL1Calo - DEBUG:  No new valid run. Last known valid run still: 113412
2009-05-01 21:32 - TileCalibL1Calo - INFO: ===> listening for new valid runs <===
2009-05-01 21:32 - TileCalibL1Calo - DEBUG: initialising coolRunLister
2009-05-01 21:32 - TileCalibL1Calo - DEBUG: applying selections to coolRunLister
2009-05-01 21:32 - TileCalibL1Calo - INFO: last valid run: 113412
2009-05-01 21:32 - TileCalibL1Calo - INFO: searching for new runs from 113413 to 2147483647
2009-05-01 21:32 - TileCalibL1Calo - DEBUG:  No new valid run. Last known valid run still: 113412
2009-05-01 21:47 - TileCalibL1Calo - INFO: ===> listening for new valid runs <===
2009-05-01 21:47 - TileCalibL1Calo - DEBUG: initialising coolRunLister
2009-05-01 21:47 - TileCalibL1Calo - DEBUG: applying selections to coolRunLister
2009-05-01 21:47 - TileCalibL1Calo - INFO: last valid run: 113412
2009-05-01 21:47 - TileCalibL1Calo - INFO: searching for new runs from 113413 to 2147483647
2009-05-01 21:47 - TileCalibL1Calo - DEBUG:  No new valid run. Last known valid run still: 113412
2009-05-01 22:02 - TileCalibL1Calo - INFO: ===> listening for new valid runs <===
2009-05-01 22:02 - TileCalibL1Calo - DEBUG: initialising coolRunLister
2009-05-01 22:02 - TileCalibL1Calo - DEBUG: applying selections to coolRunLister
2009-05-01 22:02 - TileCalibL1Calo - INFO: last valid run: 113412
2009-05-01 22:02 - TileCalibL1Calo - INFO: searching for new runs from 113413 to 2147483647
2009-05-01 22:03 - TileCalibL1Calo - DEBUG:  No new valid run. Last known valid run still: 113412
2009-05-01 22:18 - TileCalibL1Calo - INFO: ===> listening for new valid runs <===
2009-05-01 22:18 - TileCalibL1Calo - DEBUG: initialising coolRunLister
2009-05-01 22:18 - TileCalibL1Calo - DEBUG: applying selections to coolRunLister
2009-05-01 22:18 - TileCalibL1Calo - INFO: last valid run: 113412
2009-05-01 22:18 - TileCalibL1Calo - INFO: searching for new runs from 113413 to 2147483647
2009-05-01 22:18 - TileCalibL1Calo - DEBUG:  No new valid run. Last known valid run still: 113412
2009-05-01 22:33 - TileCalibL1Calo - INFO: ===> listening for new valid runs <===
2009-05-01 22:33 - TileCalibL1Calo - DEBUG: initialising coolRunLister
2009-05-01 22:33 - TileCalibL1Calo - DEBUG: applying selections to coolRunLister
2009-05-01 22:33 - TileCalibL1Calo - INFO: last valid run: 113412
2009-05-01 22:33 - TileCalibL1Calo - INFO: searching for new runs from 113413 to 2147483647
2009-05-01 22:33 - TileCalibL1Calo - DEBUG:  No new valid run. Last known valid run still: 113412
2009-05-01 22:48 - TileCalibL1Calo - INFO: ===> listening for new valid runs <===
2009-05-01 22:48 - TileCalibL1Calo - DEBUG: initialising coolRunLister
2009-05-01 22:48 - TileCalibL1Calo - DEBUG: applying selections to coolRunLister
2009-05-01 22:48 - TileCalibL1Calo - INFO: last valid run: 113412
2009-05-01 22:48 - TileCalibL1Calo - INFO: searching for new runs from 113413 to 2147483647
2009-05-01 22:48 - TileCalibL1Calo - DEBUG:  No new valid run. Last known valid run still: 113412
2009-05-01 23:03 - TileCalibL1Calo - INFO: ===> listening for new valid runs <===
2009-05-01 23:03 - TileCalibL1Calo - DEBUG: initialising coolRunLister
2009-05-01 23:03 - TileCalibL1Calo - DEBUG: applying selections to coolRunLister
2009-05-01 23:03 - TileCalibL1Calo - INFO: last valid run: 113412
2009-05-01 23:03 - TileCalibL1Calo - INFO: searching for new runs from 113413 to 2147483647
2009-05-01 23:03 - TileCalibL1Calo - DEBUG:  No new valid run. Last known valid run still: 113412
2009-05-01 23:18 - TileCalibL1Calo - INFO: ===> listening for new valid runs <===
2009-05-01 23:18 - TileCalibL1Calo - DEBUG: initialising coolRunLister
2009-05-01 23:18 - TileCalibL1Calo - DEBUG: applying selections to coolRunLister
2009-05-01 23:18 - TileCalibL1Calo - INFO: last valid run: 113412
2009-05-01 23:18 - TileCalibL1Calo - INFO: searching for new runs from 113413 to 2147483647
2009-05-01 23:18 - TileCalibL1Calo - DEBUG:  No new valid run. Last known valid run still: 113412
2009-05-01 23:34 - TileCalibL1Calo - INFO: ===> listening for new valid runs <===
2009-05-01 23:34 - TileCalibL1Calo - DEBUG: initialising coolRunLister
2009-05-01 23:34 - TileCalibL1Calo - DEBUG: applying selections to coolRunLister
2009-05-01 23:34 - TileCalibL1Calo - INFO: last valid run: 113412
2009-05-01 23:34 - TileCalibL1Calo - INFO: searching for new runs from 113413 to 2147483647
2009-05-01 23:34 - TileCalibL1Calo - DEBUG:  No new valid run. Last known valid run still: 113412
2009-05-01 23:49 - TileCalibL1Calo - INFO: ===> listening for new valid runs <===
2009-05-01 23:49 - TileCalibL1Calo - DEBUG: initialising coolRunLister
2009-05-01 23:49 - TileCalibL1Calo - DEBUG: applying selections to coolRunLister
2009-05-01 23:49 - TileCalibL1Calo - INFO: last valid run: 113412
2009-05-01 23:49 - TileCalibL1Calo - INFO: searching for new runs from 113413 to 2147483647
2009-05-01 23:49 - TileCalibL1Calo - DEBUG:  No new valid run. Last known valid run still: 113412
