2009-04-07 00:01 - L1CaloStandalone - INFO: ========================================
2009-04-07 00:01 - L1CaloStandalone - INFO: RunListener in init
2009-04-07 00:01 - L1CaloStandalone - INFO: RunListener initialized
2009-04-07 00:01 - L1CaloStandalone - INFO: ========================================
2009-04-07 00:01 - L1CaloStandalone - INFO: ===> from initRunListener <===
2009-04-07 00:01 - L1CaloStandalone - INFO: 
RunListener L1CaloStandaloneinitialised with the following parameters:
TDAQ DB: COOLONL_TDAQ/COMP200
TRIG DB: COOLONL_TRIGGER/COMP200
Status DB: COOLONL_TDAQ/COMP200
log level: 0
oracle: False
rec. only: True
det. mask: 0
run type: Physics
det. status: 2
det. status tag: HEAD
daq partition: L1CaloStandalone
tag: 
format: acertd
reverse: False
stoptimestamp: True
cleanstop: True
hasevents: True
last valid run known: 0

2009-04-07 00:12 - L1CaloStandalone - INFO: ===> listening for new valid runs <===
2009-04-07 00:12 - L1CaloStandalone - DEBUG: initialising coolRunLister
2009-04-07 00:12 - L1CaloStandalone - DEBUG: applying selections to coolRunLister
2009-04-07 00:12 - L1CaloStandalone - INFO: last valid run: 104000
2009-04-07 00:12 - L1CaloStandalone - INFO: searching for new runs from 104001 to 2147483647
2009-04-07 00:12 - L1CaloStandalone - DEBUG: new last known run: 106364
2009-04-07 00:12 - L1CaloStandalone - DEBUG: 
     Run   Events  LumiB            StartTime             StopTime L1Events L2Events EFEvents ErrC Rec Cln RunType                  DetectorMask DAQConfiguration     PartitionName    FilenameTag         
  104172        0      1  2009-03-27:10:46:32  2009-03-27:10:46:54     1620        0        0    0  No Yes Physics                    7c00000000 Schema=127:Data=47   L1CaloStandalone l1calo              
     Run   Events  LumiB            StartTime             StopTime L1Events L2Events EFEvents ErrC Rec Cln RunType                  DetectorMask DAQConfiguration     PartitionName    FilenameTag         
  104178        0      1  2009-03-27:10:52:28  2009-03-27:10:55:12     1312        0        0    0  No Yes Physics                    7c00000000 Schema=127:Data=47   L1CaloStandalone l1calo              
     Run   Events  LumiB            StartTime             StopTime L1Events L2Events EFEvents ErrC Rec Cln RunType                  DetectorMask DAQConfiguration     PartitionName    FilenameTag         
  104681        0      1  2009-04-01:07:47:22  2009-04-01:07:48:11       65        0        0    0  No Yes Physics                    7c00000000 Schema=127:Data=103  L1CaloStandalone                     
     Run   Events  LumiB            StartTime             StopTime L1Events L2Events EFEvents ErrC Rec Cln RunType                  DetectorMask DAQConfiguration     PartitionName    FilenameTag         
  104683        0      1  2009-04-01:07:55:18  2009-04-01:07:56:43       64        0        0    0  No Yes Physics                    7c00000000 Schema=127:Data=47   L1CaloStandalone l1calo              
     Run   Events  LumiB            StartTime             StopTime L1Events L2Events EFEvents ErrC Rec Cln RunType                  DetectorMask DAQConfiguration     PartitionName    FilenameTag         
  104685        0      1  2009-04-01:08:07:20  2009-04-01:08:08:06       30        0        0    0  No Yes Physics                    3c00000000 Schema=127:Data=104  L1CaloStandalone l1calo              
     Run   Events  LumiB            StartTime             StopTime L1Events L2Events EFEvents ErrC Rec Cln RunType                  DetectorMask DAQConfiguration     PartitionName    FilenameTag         
  104700        0      1  2009-04-01:08:35:06  2009-04-01:08:37:55     1320        0        0    0  No Yes Physics                    2c00000000 Schema=127:Data=108  L1CaloStandalone l1calo              
     Run   Events  LumiB            StartTime             StopTime L1Events L2Events EFEvents ErrC Rec Cln RunType                  DetectorMask DAQConfiguration     PartitionName    FilenameTag         
  104823        0      1  2009-04-01:13:21:51  2009-04-01:13:23:54     1268        0        0    0  No Yes Physics                    6400000000 Schema=127:Data=122  L1CaloStandalone l1calo              
     Run   Events  LumiB            StartTime             StopTime L1Events L2Events EFEvents ErrC Rec Cln RunType                  DetectorMask DAQConfiguration     PartitionName    FilenameTag         
  106364        0      1  2009-04-04:15:00:25  2009-04-04:15:01:13   141050        0        0    0  No Yes Physics                    7c00000000 Schema=129:Data=63   L1CaloStandalone                     

2009-04-07 00:22 - L1CaloStandalone - INFO: ===> listening for new valid runs <===
2009-04-07 00:22 - L1CaloStandalone - DEBUG: initialising coolRunLister
2009-04-07 00:22 - L1CaloStandalone - DEBUG: applying selections to coolRunLister
2009-04-07 00:22 - L1CaloStandalone - INFO: last valid run: 106364
2009-04-07 00:22 - L1CaloStandalone - INFO: searching for new runs from 106365 to 2147483647
2009-04-07 00:22 - L1CaloStandalone - DEBUG:  No new valid run. Last known valid run still: 106364
2009-04-07 00:32 - L1CaloStandalone - INFO: ===> listening for new valid runs <===
2009-04-07 00:32 - L1CaloStandalone - DEBUG: initialising coolRunLister
2009-04-07 00:32 - L1CaloStandalone - DEBUG: applying selections to coolRunLister
2009-04-07 00:32 - L1CaloStandalone - INFO: last valid run: 106364
2009-04-07 00:32 - L1CaloStandalone - INFO: searching for new runs from 106365 to 2147483647
2009-04-07 00:32 - L1CaloStandalone - DEBUG:  No new valid run. Last known valid run still: 106364
2009-04-07 00:42 - L1CaloStandalone - INFO: ===> listening for new valid runs <===
2009-04-07 00:42 - L1CaloStandalone - DEBUG: initialising coolRunLister
2009-04-07 00:42 - L1CaloStandalone - DEBUG: applying selections to coolRunLister
2009-04-07 00:42 - L1CaloStandalone - INFO: last valid run: 106364
2009-04-07 00:42 - L1CaloStandalone - INFO: searching for new runs from 106365 to 2147483647
2009-04-07 00:42 - L1CaloStandalone - DEBUG:  No new valid run. Last known valid run still: 106364
2009-04-07 00:52 - L1CaloStandalone - INFO: ===> listening for new valid runs <===
2009-04-07 00:52 - L1CaloStandalone - DEBUG: initialising coolRunLister
2009-04-07 00:52 - L1CaloStandalone - DEBUG: applying selections to coolRunLister
2009-04-07 00:52 - L1CaloStandalone - INFO: last valid run: 106364
2009-04-07 00:52 - L1CaloStandalone - INFO: searching for new runs from 106365 to 2147483647
2009-04-07 00:53 - L1CaloStandalone - DEBUG:  No new valid run. Last known valid run still: 106364
2009-04-07 01:03 - L1CaloStandalone - INFO: ===> listening for new valid runs <===
2009-04-07 01:03 - L1CaloStandalone - DEBUG: initialising coolRunLister
2009-04-07 01:03 - L1CaloStandalone - DEBUG: applying selections to coolRunLister
2009-04-07 01:03 - L1CaloStandalone - INFO: last valid run: 106364
2009-04-07 01:03 - L1CaloStandalone - INFO: searching for new runs from 106365 to 2147483647
2009-04-07 01:03 - L1CaloStandalone - DEBUG:  No new valid run. Last known valid run still: 106364
2009-04-07 01:13 - L1CaloStandalone - INFO: ===> listening for new valid runs <===
2009-04-07 01:13 - L1CaloStandalone - DEBUG: initialising coolRunLister
2009-04-07 01:13 - L1CaloStandalone - DEBUG: applying selections to coolRunLister
2009-04-07 01:13 - L1CaloStandalone - INFO: last valid run: 106364
2009-04-07 01:13 - L1CaloStandalone - INFO: searching for new runs from 106365 to 2147483647
2009-04-07 01:13 - L1CaloStandalone - DEBUG:  No new valid run. Last known valid run still: 106364
2009-04-07 01:23 - L1CaloStandalone - INFO: ===> listening for new valid runs <===
2009-04-07 01:23 - L1CaloStandalone - DEBUG: initialising coolRunLister
2009-04-07 01:23 - L1CaloStandalone - DEBUG: applying selections to coolRunLister
2009-04-07 01:23 - L1CaloStandalone - INFO: last valid run: 106364
2009-04-07 01:23 - L1CaloStandalone - INFO: searching for new runs from 106365 to 2147483647
2009-04-07 01:23 - L1CaloStandalone - DEBUG:  No new valid run. Last known valid run still: 106364
2009-04-07 01:33 - L1CaloStandalone - INFO: ===> listening for new valid runs <===
2009-04-07 01:33 - L1CaloStandalone - DEBUG: initialising coolRunLister
2009-04-07 01:33 - L1CaloStandalone - DEBUG: applying selections to coolRunLister
2009-04-07 01:33 - L1CaloStandalone - INFO: last valid run: 106364
2009-04-07 01:33 - L1CaloStandalone - INFO: searching for new runs from 106365 to 2147483647
2009-04-07 01:33 - L1CaloStandalone - DEBUG:  No new valid run. Last known valid run still: 106364
2009-04-07 01:43 - L1CaloStandalone - INFO: ===> listening for new valid runs <===
2009-04-07 01:43 - L1CaloStandalone - DEBUG: initialising coolRunLister
2009-04-07 01:43 - L1CaloStandalone - DEBUG: applying selections to coolRunLister
2009-04-07 01:43 - L1CaloStandalone - INFO: last valid run: 106364
2009-04-07 01:43 - L1CaloStandalone - INFO: searching for new runs from 106365 to 2147483647
2009-04-07 01:43 - L1CaloStandalone - DEBUG:  No new valid run. Last known valid run still: 106364
2009-04-07 01:53 - L1CaloStandalone - INFO: ===> listening for new valid runs <===
2009-04-07 01:53 - L1CaloStandalone - DEBUG: initialising coolRunLister
2009-04-07 01:53 - L1CaloStandalone - DEBUG: applying selections to coolRunLister
2009-04-07 01:53 - L1CaloStandalone - INFO: last valid run: 106364
2009-04-07 01:53 - L1CaloStandalone - INFO: searching for new runs from 106365 to 2147483647
2009-04-07 01:53 - L1CaloStandalone - DEBUG:  No new valid run. Last known valid run still: 106364
2009-04-07 02:04 - L1CaloStandalone - INFO: ===> listening for new valid runs <===
2009-04-07 02:04 - L1CaloStandalone - DEBUG: initialising coolRunLister
2009-04-07 02:04 - L1CaloStandalone - DEBUG: applying selections to coolRunLister
2009-04-07 02:04 - L1CaloStandalone - INFO: last valid run: 106364
2009-04-07 02:04 - L1CaloStandalone - INFO: searching for new runs from 106365 to 2147483647
2009-04-07 02:04 - L1CaloStandalone - DEBUG:  No new valid run. Last known valid run still: 106364
2009-04-07 02:14 - L1CaloStandalone - INFO: ===> listening for new valid runs <===
2009-04-07 02:14 - L1CaloStandalone - DEBUG: initialising coolRunLister
2009-04-07 02:14 - L1CaloStandalone - DEBUG: applying selections to coolRunLister
2009-04-07 02:14 - L1CaloStandalone - INFO: last valid run: 106364
2009-04-07 02:14 - L1CaloStandalone - INFO: searching for new runs from 106365 to 2147483647
2009-04-07 02:14 - L1CaloStandalone - DEBUG:  No new valid run. Last known valid run still: 106364
2009-04-07 02:24 - L1CaloStandalone - INFO: ===> listening for new valid runs <===
2009-04-07 02:24 - L1CaloStandalone - DEBUG: initialising coolRunLister
2009-04-07 02:24 - L1CaloStandalone - DEBUG: applying selections to coolRunLister
2009-04-07 02:24 - L1CaloStandalone - INFO: last valid run: 106364
2009-04-07 02:24 - L1CaloStandalone - INFO: searching for new runs from 106365 to 2147483647
2009-04-07 02:24 - L1CaloStandalone - DEBUG:  No new valid run. Last known valid run still: 106364
2009-04-07 02:34 - L1CaloStandalone - INFO: ===> listening for new valid runs <===
2009-04-07 02:34 - L1CaloStandalone - DEBUG: initialising coolRunLister
2009-04-07 02:34 - L1CaloStandalone - DEBUG: applying selections to coolRunLister
2009-04-07 02:34 - L1CaloStandalone - INFO: last valid run: 106364
2009-04-07 02:34 - L1CaloStandalone - INFO: searching for new runs from 106365 to 2147483647
2009-04-07 02:34 - L1CaloStandalone - DEBUG:  No new valid run. Last known valid run still: 106364
2009-04-07 02:44 - L1CaloStandalone - INFO: ===> listening for new valid runs <===
2009-04-07 02:44 - L1CaloStandalone - DEBUG: initialising coolRunLister
2009-04-07 02:44 - L1CaloStandalone - DEBUG: applying selections to coolRunLister
2009-04-07 02:44 - L1CaloStandalone - INFO: last valid run: 106364
2009-04-07 02:44 - L1CaloStandalone - INFO: searching for new runs from 106365 to 2147483647
2009-04-07 02:44 - L1CaloStandalone - DEBUG:  No new valid run. Last known valid run still: 106364
2009-04-07 02:54 - L1CaloStandalone - INFO: ===> listening for new valid runs <===
2009-04-07 02:54 - L1CaloStandalone - DEBUG: initialising coolRunLister
2009-04-07 02:54 - L1CaloStandalone - DEBUG: applying selections to coolRunLister
2009-04-07 02:54 - L1CaloStandalone - INFO: last valid run: 106364
2009-04-07 02:54 - L1CaloStandalone - INFO: searching for new runs from 106365 to 2147483647
2009-04-07 02:54 - L1CaloStandalone - DEBUG:  No new valid run. Last known valid run still: 106364
2009-04-07 03:04 - L1CaloStandalone - INFO: ===> listening for new valid runs <===
2009-04-07 03:04 - L1CaloStandalone - DEBUG: initialising coolRunLister
2009-04-07 03:04 - L1CaloStandalone - DEBUG: applying selections to coolRunLister
2009-04-07 03:04 - L1CaloStandalone - INFO: last valid run: 106364
2009-04-07 03:04 - L1CaloStandalone - INFO: searching for new runs from 106365 to 2147483647
2009-04-07 03:04 - L1CaloStandalone - DEBUG:  No new valid run. Last known valid run still: 106364
2009-04-07 03:15 - L1CaloStandalone - INFO: ===> listening for new valid runs <===
2009-04-07 03:15 - L1CaloStandalone - DEBUG: initialising coolRunLister
2009-04-07 03:15 - L1CaloStandalone - DEBUG: applying selections to coolRunLister
2009-04-07 03:15 - L1CaloStandalone - INFO: last valid run: 106364
2009-04-07 03:15 - L1CaloStandalone - INFO: searching for new runs from 106365 to 2147483647
2009-04-07 03:15 - L1CaloStandalone - DEBUG:  No new valid run. Last known valid run still: 106364
2009-04-07 03:25 - L1CaloStandalone - INFO: ===> listening for new valid runs <===
2009-04-07 03:25 - L1CaloStandalone - DEBUG: initialising coolRunLister
2009-04-07 03:25 - L1CaloStandalone - DEBUG: applying selections to coolRunLister
2009-04-07 03:25 - L1CaloStandalone - INFO: last valid run: 106364
2009-04-07 03:25 - L1CaloStandalone - INFO: searching for new runs from 106365 to 2147483647
2009-04-07 03:25 - L1CaloStandalone - DEBUG:  No new valid run. Last known valid run still: 106364
2009-04-07 03:35 - L1CaloStandalone - INFO: ===> listening for new valid runs <===
2009-04-07 03:35 - L1CaloStandalone - DEBUG: initialising coolRunLister
2009-04-07 03:35 - L1CaloStandalone - DEBUG: applying selections to coolRunLister
2009-04-07 03:35 - L1CaloStandalone - INFO: last valid run: 106364
2009-04-07 03:35 - L1CaloStandalone - INFO: searching for new runs from 106365 to 2147483647
2009-04-07 03:35 - L1CaloStandalone - DEBUG:  No new valid run. Last known valid run still: 106364
2009-04-07 03:45 - L1CaloStandalone - INFO: ===> listening for new valid runs <===
2009-04-07 03:45 - L1CaloStandalone - DEBUG: initialising coolRunLister
2009-04-07 03:45 - L1CaloStandalone - DEBUG: applying selections to coolRunLister
2009-04-07 03:45 - L1CaloStandalone - INFO: last valid run: 106364
2009-04-07 03:45 - L1CaloStandalone - INFO: searching for new runs from 106365 to 2147483647
2009-04-07 03:45 - L1CaloStandalone - DEBUG:  No new valid run. Last known valid run still: 106364
2009-04-07 03:55 - L1CaloStandalone - INFO: ===> listening for new valid runs <===
2009-04-07 03:55 - L1CaloStandalone - DEBUG: initialising coolRunLister
2009-04-07 03:55 - L1CaloStandalone - DEBUG: applying selections to coolRunLister
2009-04-07 03:55 - L1CaloStandalone - INFO: last valid run: 106364
2009-04-07 03:55 - L1CaloStandalone - INFO: searching for new runs from 106365 to 2147483647
2009-04-07 03:55 - L1CaloStandalone - DEBUG:  No new valid run. Last known valid run still: 106364
2009-04-07 04:05 - L1CaloStandalone - INFO: ===> listening for new valid runs <===
2009-04-07 04:05 - L1CaloStandalone - DEBUG: initialising coolRunLister
2009-04-07 04:05 - L1CaloStandalone - DEBUG: applying selections to coolRunLister
2009-04-07 04:05 - L1CaloStandalone - INFO: last valid run: 106364
2009-04-07 04:05 - L1CaloStandalone - INFO: searching for new runs from 106365 to 2147483647
2009-04-07 04:05 - L1CaloStandalone - DEBUG:  No new valid run. Last known valid run still: 106364
2009-04-07 04:15 - L1CaloStandalone - INFO: ===> listening for new valid runs <===
2009-04-07 04:15 - L1CaloStandalone - DEBUG: initialising coolRunLister
2009-04-07 04:15 - L1CaloStandalone - DEBUG: applying selections to coolRunLister
2009-04-07 04:15 - L1CaloStandalone - INFO: last valid run: 106364
2009-04-07 04:15 - L1CaloStandalone - INFO: searching for new runs from 106365 to 2147483647
2009-04-07 04:16 - L1CaloStandalone - DEBUG:  No new valid run. Last known valid run still: 106364
2009-04-07 04:26 - L1CaloStandalone - INFO: ===> listening for new valid runs <===
2009-04-07 04:26 - L1CaloStandalone - DEBUG: initialising coolRunLister
2009-04-07 04:26 - L1CaloStandalone - DEBUG: applying selections to coolRunLister
2009-04-07 04:26 - L1CaloStandalone - INFO: last valid run: 106364
2009-04-07 04:26 - L1CaloStandalone - INFO: searching for new runs from 106365 to 2147483647
2009-04-07 04:26 - L1CaloStandalone - DEBUG:  No new valid run. Last known valid run still: 106364
2009-04-07 04:36 - L1CaloStandalone - INFO: ===> listening for new valid runs <===
2009-04-07 04:36 - L1CaloStandalone - DEBUG: initialising coolRunLister
2009-04-07 04:36 - L1CaloStandalone - DEBUG: applying selections to coolRunLister
2009-04-07 04:36 - L1CaloStandalone - INFO: last valid run: 106364
2009-04-07 04:36 - L1CaloStandalone - INFO: searching for new runs from 106365 to 2147483647
2009-04-07 04:36 - L1CaloStandalone - DEBUG:  No new valid run. Last known valid run still: 106364
2009-04-07 04:46 - L1CaloStandalone - INFO: ===> listening for new valid runs <===
2009-04-07 04:46 - L1CaloStandalone - DEBUG: initialising coolRunLister
2009-04-07 04:46 - L1CaloStandalone - DEBUG: applying selections to coolRunLister
2009-04-07 04:46 - L1CaloStandalone - INFO: last valid run: 106364
2009-04-07 04:46 - L1CaloStandalone - INFO: searching for new runs from 106365 to 2147483647
2009-04-07 04:46 - L1CaloStandalone - DEBUG:  No new valid run. Last known valid run still: 106364
2009-04-07 04:56 - L1CaloStandalone - INFO: ===> listening for new valid runs <===
2009-04-07 04:56 - L1CaloStandalone - DEBUG: initialising coolRunLister
2009-04-07 04:56 - L1CaloStandalone - DEBUG: applying selections to coolRunLister
2009-04-07 04:56 - L1CaloStandalone - INFO: last valid run: 106364
2009-04-07 04:56 - L1CaloStandalone - INFO: searching for new runs from 106365 to 2147483647
2009-04-07 04:56 - L1CaloStandalone - DEBUG:  No new valid run. Last known valid run still: 106364
2009-04-07 05:06 - L1CaloStandalone - INFO: ===> listening for new valid runs <===
2009-04-07 05:06 - L1CaloStandalone - DEBUG: initialising coolRunLister
2009-04-07 05:06 - L1CaloStandalone - DEBUG: applying selections to coolRunLister
2009-04-07 05:06 - L1CaloStandalone - INFO: last valid run: 106364
2009-04-07 05:06 - L1CaloStandalone - INFO: searching for new runs from 106365 to 2147483647
2009-04-07 05:06 - L1CaloStandalone - DEBUG:  No new valid run. Last known valid run still: 106364
2009-04-07 05:16 - L1CaloStandalone - INFO: ===> listening for new valid runs <===
2009-04-07 05:16 - L1CaloStandalone - DEBUG: initialising coolRunLister
2009-04-07 05:16 - L1CaloStandalone - DEBUG: applying selections to coolRunLister
2009-04-07 05:16 - L1CaloStandalone - INFO: last valid run: 106364
2009-04-07 05:16 - L1CaloStandalone - INFO: searching for new runs from 106365 to 2147483647
2009-04-07 05:16 - L1CaloStandalone - DEBUG:  No new valid run. Last known valid run still: 106364
2009-04-07 05:27 - L1CaloStandalone - INFO: ===> listening for new valid runs <===
2009-04-07 05:27 - L1CaloStandalone - DEBUG: initialising coolRunLister
2009-04-07 05:27 - L1CaloStandalone - DEBUG: applying selections to coolRunLister
2009-04-07 05:27 - L1CaloStandalone - INFO: last valid run: 106364
2009-04-07 05:27 - L1CaloStandalone - INFO: searching for new runs from 106365 to 2147483647
2009-04-07 05:27 - L1CaloStandalone - DEBUG:  No new valid run. Last known valid run still: 106364
2009-04-07 05:37 - L1CaloStandalone - INFO: ===> listening for new valid runs <===
2009-04-07 05:37 - L1CaloStandalone - DEBUG: initialising coolRunLister
2009-04-07 05:37 - L1CaloStandalone - DEBUG: applying selections to coolRunLister
2009-04-07 05:37 - L1CaloStandalone - INFO: last valid run: 106364
2009-04-07 05:37 - L1CaloStandalone - INFO: searching for new runs from 106365 to 2147483647
2009-04-07 05:37 - L1CaloStandalone - DEBUG:  No new valid run. Last known valid run still: 106364
2009-04-07 05:47 - L1CaloStandalone - INFO: ===> listening for new valid runs <===
2009-04-07 05:47 - L1CaloStandalone - DEBUG: initialising coolRunLister
2009-04-07 05:47 - L1CaloStandalone - DEBUG: applying selections to coolRunLister
2009-04-07 05:47 - L1CaloStandalone - INFO: last valid run: 106364
2009-04-07 05:47 - L1CaloStandalone - INFO: searching for new runs from 106365 to 2147483647
2009-04-07 05:47 - L1CaloStandalone - DEBUG:  No new valid run. Last known valid run still: 106364
2009-04-07 05:57 - L1CaloStandalone - INFO: ===> listening for new valid runs <===
2009-04-07 05:57 - L1CaloStandalone - DEBUG: initialising coolRunLister
2009-04-07 05:57 - L1CaloStandalone - DEBUG: applying selections to coolRunLister
2009-04-07 05:57 - L1CaloStandalone - INFO: last valid run: 106364
2009-04-07 05:57 - L1CaloStandalone - INFO: searching for new runs from 106365 to 2147483647
2009-04-07 05:57 - L1CaloStandalone - DEBUG:  No new valid run. Last known valid run still: 106364
2009-04-07 06:07 - L1CaloStandalone - INFO: ===> listening for new valid runs <===
2009-04-07 06:07 - L1CaloStandalone - DEBUG: initialising coolRunLister
2009-04-07 06:07 - L1CaloStandalone - DEBUG: applying selections to coolRunLister
2009-04-07 06:07 - L1CaloStandalone - INFO: last valid run: 106364
2009-04-07 06:07 - L1CaloStandalone - INFO: searching for new runs from 106365 to 2147483647
2009-04-07 06:07 - L1CaloStandalone - DEBUG:  No new valid run. Last known valid run still: 106364
2009-04-07 06:17 - L1CaloStandalone - INFO: ===> listening for new valid runs <===
2009-04-07 06:17 - L1CaloStandalone - DEBUG: initialising coolRunLister
2009-04-07 06:17 - L1CaloStandalone - DEBUG: applying selections to coolRunLister
2009-04-07 06:17 - L1CaloStandalone - INFO: last valid run: 106364
2009-04-07 06:17 - L1CaloStandalone - INFO: searching for new runs from 106365 to 2147483647
2009-04-07 06:17 - L1CaloStandalone - DEBUG:  No new valid run. Last known valid run still: 106364
2009-04-07 06:27 - L1CaloStandalone - INFO: ===> listening for new valid runs <===
2009-04-07 06:27 - L1CaloStandalone - DEBUG: initialising coolRunLister
2009-04-07 06:27 - L1CaloStandalone - DEBUG: applying selections to coolRunLister
2009-04-07 06:27 - L1CaloStandalone - INFO: last valid run: 106364
2009-04-07 06:27 - L1CaloStandalone - INFO: searching for new runs from 106365 to 2147483647
2009-04-07 06:28 - L1CaloStandalone - DEBUG:  No new valid run. Last known valid run still: 106364
2009-04-07 06:38 - L1CaloStandalone - INFO: ===> listening for new valid runs <===
2009-04-07 06:38 - L1CaloStandalone - DEBUG: initialising coolRunLister
2009-04-07 06:38 - L1CaloStandalone - DEBUG: applying selections to coolRunLister
2009-04-07 06:38 - L1CaloStandalone - INFO: last valid run: 106364
2009-04-07 06:38 - L1CaloStandalone - INFO: searching for new runs from 106365 to 2147483647
2009-04-07 06:38 - L1CaloStandalone - DEBUG:  No new valid run. Last known valid run still: 106364
2009-04-07 06:48 - L1CaloStandalone - INFO: ===> listening for new valid runs <===
2009-04-07 06:48 - L1CaloStandalone - DEBUG: initialising coolRunLister
2009-04-07 06:48 - L1CaloStandalone - DEBUG: applying selections to coolRunLister
2009-04-07 06:48 - L1CaloStandalone - INFO: last valid run: 106364
2009-04-07 06:48 - L1CaloStandalone - INFO: searching for new runs from 106365 to 2147483647
2009-04-07 06:48 - L1CaloStandalone - DEBUG:  No new valid run. Last known valid run still: 106364
2009-04-07 06:58 - L1CaloStandalone - INFO: ===> listening for new valid runs <===
2009-04-07 06:58 - L1CaloStandalone - DEBUG: initialising coolRunLister
2009-04-07 06:58 - L1CaloStandalone - DEBUG: applying selections to coolRunLister
2009-04-07 06:58 - L1CaloStandalone - INFO: last valid run: 106364
2009-04-07 06:58 - L1CaloStandalone - INFO: searching for new runs from 106365 to 2147483647
2009-04-07 06:58 - L1CaloStandalone - DEBUG:  No new valid run. Last known valid run still: 106364
2009-04-07 07:08 - L1CaloStandalone - INFO: ===> listening for new valid runs <===
2009-04-07 07:08 - L1CaloStandalone - DEBUG: initialising coolRunLister
2009-04-07 07:08 - L1CaloStandalone - DEBUG: applying selections to coolRunLister
2009-04-07 07:08 - L1CaloStandalone - INFO: last valid run: 106364
2009-04-07 07:08 - L1CaloStandalone - INFO: searching for new runs from 106365 to 2147483647
2009-04-07 07:08 - L1CaloStandalone - DEBUG:  No new valid run. Last known valid run still: 106364
2009-04-07 07:18 - L1CaloStandalone - INFO: ===> listening for new valid runs <===
2009-04-07 07:18 - L1CaloStandalone - DEBUG: initialising coolRunLister
2009-04-07 07:18 - L1CaloStandalone - DEBUG: applying selections to coolRunLister
2009-04-07 07:18 - L1CaloStandalone - INFO: last valid run: 106364
2009-04-07 07:18 - L1CaloStandalone - INFO: searching for new runs from 106365 to 2147483647
2009-04-07 07:18 - L1CaloStandalone - DEBUG:  No new valid run. Last known valid run still: 106364
2009-04-07 07:28 - L1CaloStandalone - INFO: ===> listening for new valid runs <===
2009-04-07 07:28 - L1CaloStandalone - DEBUG: initialising coolRunLister
2009-04-07 07:28 - L1CaloStandalone - DEBUG: applying selections to coolRunLister
2009-04-07 07:28 - L1CaloStandalone - INFO: last valid run: 106364
2009-04-07 07:28 - L1CaloStandalone - INFO: searching for new runs from 106365 to 2147483647
2009-04-07 07:28 - L1CaloStandalone - DEBUG:  No new valid run. Last known valid run still: 106364
2009-04-07 07:39 - L1CaloStandalone - INFO: ===> listening for new valid runs <===
2009-04-07 07:39 - L1CaloStandalone - DEBUG: initialising coolRunLister
2009-04-07 07:39 - L1CaloStandalone - DEBUG: applying selections to coolRunLister
2009-04-07 07:39 - L1CaloStandalone - INFO: last valid run: 106364
2009-04-07 07:39 - L1CaloStandalone - INFO: searching for new runs from 106365 to 2147483647
2009-04-07 07:39 - L1CaloStandalone - DEBUG:  No new valid run. Last known valid run still: 106364
2009-04-07 07:49 - L1CaloStandalone - INFO: ===> listening for new valid runs <===
2009-04-07 07:49 - L1CaloStandalone - DEBUG: initialising coolRunLister
2009-04-07 07:49 - L1CaloStandalone - DEBUG: applying selections to coolRunLister
2009-04-07 07:49 - L1CaloStandalone - INFO: last valid run: 106364
2009-04-07 07:49 - L1CaloStandalone - INFO: searching for new runs from 106365 to 2147483647
2009-04-07 07:49 - L1CaloStandalone - DEBUG:  No new valid run. Last known valid run still: 106364
2009-04-07 07:59 - L1CaloStandalone - INFO: ===> listening for new valid runs <===
2009-04-07 07:59 - L1CaloStandalone - DEBUG: initialising coolRunLister
2009-04-07 07:59 - L1CaloStandalone - DEBUG: applying selections to coolRunLister
2009-04-07 07:59 - L1CaloStandalone - INFO: last valid run: 106364
2009-04-07 07:59 - L1CaloStandalone - INFO: searching for new runs from 106365 to 2147483647
2009-04-07 07:59 - L1CaloStandalone - DEBUG:  No new valid run. Last known valid run still: 106364
2009-04-07 08:09 - L1CaloStandalone - INFO: ===> listening for new valid runs <===
2009-04-07 08:09 - L1CaloStandalone - DEBUG: initialising coolRunLister
2009-04-07 08:09 - L1CaloStandalone - DEBUG: applying selections to coolRunLister
2009-04-07 08:09 - L1CaloStandalone - INFO: last valid run: 106364
2009-04-07 08:09 - L1CaloStandalone - INFO: searching for new runs from 106365 to 2147483647
2009-04-07 08:09 - L1CaloStandalone - DEBUG:  No new valid run. Last known valid run still: 106364
2009-04-07 08:19 - L1CaloStandalone - INFO: ===> listening for new valid runs <===
2009-04-07 08:19 - L1CaloStandalone - DEBUG: initialising coolRunLister
2009-04-07 08:19 - L1CaloStandalone - DEBUG: applying selections to coolRunLister
2009-04-07 08:19 - L1CaloStandalone - INFO: last valid run: 106364
2009-04-07 08:19 - L1CaloStandalone - INFO: searching for new runs from 106365 to 2147483647
2009-04-07 08:19 - L1CaloStandalone - DEBUG:  No new valid run. Last known valid run still: 106364
2009-04-07 08:29 - L1CaloStandalone - INFO: ===> listening for new valid runs <===
2009-04-07 08:29 - L1CaloStandalone - DEBUG: initialising coolRunLister
2009-04-07 08:29 - L1CaloStandalone - DEBUG: applying selections to coolRunLister
2009-04-07 08:29 - L1CaloStandalone - INFO: last valid run: 106364
2009-04-07 08:29 - L1CaloStandalone - INFO: searching for new runs from 106365 to 2147483647
2009-04-07 08:29 - L1CaloStandalone - DEBUG:  No new valid run. Last known valid run still: 106364
2009-04-07 08:40 - L1CaloStandalone - INFO: ===> listening for new valid runs <===
2009-04-07 08:40 - L1CaloStandalone - DEBUG: initialising coolRunLister
2009-04-07 08:40 - L1CaloStandalone - DEBUG: applying selections to coolRunLister
2009-04-07 08:40 - L1CaloStandalone - INFO: last valid run: 106364
2009-04-07 08:40 - L1CaloStandalone - INFO: searching for new runs from 106365 to 2147483647
2009-04-07 08:40 - L1CaloStandalone - DEBUG:  No new valid run. Last known valid run still: 106364
2009-04-07 08:50 - L1CaloStandalone - INFO: ===> listening for new valid runs <===
2009-04-07 08:50 - L1CaloStandalone - DEBUG: initialising coolRunLister
2009-04-07 08:50 - L1CaloStandalone - DEBUG: applying selections to coolRunLister
2009-04-07 08:50 - L1CaloStandalone - INFO: last valid run: 106364
2009-04-07 08:50 - L1CaloStandalone - INFO: searching for new runs from 106365 to 2147483647
2009-04-07 08:50 - L1CaloStandalone - DEBUG:  No new valid run. Last known valid run still: 106364
2009-04-07 09:00 - L1CaloStandalone - INFO: ===> listening for new valid runs <===
2009-04-07 09:00 - L1CaloStandalone - DEBUG: initialising coolRunLister
2009-04-07 09:00 - L1CaloStandalone - DEBUG: applying selections to coolRunLister
2009-04-07 09:00 - L1CaloStandalone - INFO: last valid run: 106364
2009-04-07 09:00 - L1CaloStandalone - INFO: searching for new runs from 106365 to 2147483647
2009-04-07 09:00 - L1CaloStandalone - DEBUG:  No new valid run. Last known valid run still: 106364
2009-04-07 09:10 - L1CaloStandalone - INFO: ===> listening for new valid runs <===
2009-04-07 09:10 - L1CaloStandalone - DEBUG: initialising coolRunLister
2009-04-07 09:10 - L1CaloStandalone - DEBUG: applying selections to coolRunLister
2009-04-07 09:10 - L1CaloStandalone - INFO: last valid run: 106364
2009-04-07 09:10 - L1CaloStandalone - INFO: searching for new runs from 106365 to 2147483647
2009-04-07 09:10 - L1CaloStandalone - DEBUG:  No new valid run. Last known valid run still: 106364
2009-04-07 09:20 - L1CaloStandalone - INFO: ===> listening for new valid runs <===
2009-04-07 09:20 - L1CaloStandalone - DEBUG: initialising coolRunLister
2009-04-07 09:20 - L1CaloStandalone - DEBUG: applying selections to coolRunLister
2009-04-07 09:20 - L1CaloStandalone - INFO: last valid run: 106364
2009-04-07 09:20 - L1CaloStandalone - INFO: searching for new runs from 106365 to 2147483647
2009-04-07 09:20 - L1CaloStandalone - DEBUG:  No new valid run. Last known valid run still: 106364
2009-04-07 09:30 - L1CaloStandalone - INFO: ===> listening for new valid runs <===
2009-04-07 09:30 - L1CaloStandalone - DEBUG: initialising coolRunLister
2009-04-07 09:30 - L1CaloStandalone - DEBUG: applying selections to coolRunLister
2009-04-07 09:30 - L1CaloStandalone - INFO: last valid run: 106364
2009-04-07 09:30 - L1CaloStandalone - INFO: searching for new runs from 106365 to 2147483647
2009-04-07 09:30 - L1CaloStandalone - DEBUG:  No new valid run. Last known valid run still: 106364
2009-04-07 09:41 - L1CaloStandalone - INFO: ===> listening for new valid runs <===
2009-04-07 09:41 - L1CaloStandalone - DEBUG: initialising coolRunLister
2009-04-07 09:41 - L1CaloStandalone - DEBUG: applying selections to coolRunLister
2009-04-07 09:41 - L1CaloStandalone - INFO: last valid run: 106364
2009-04-07 09:41 - L1CaloStandalone - INFO: searching for new runs from 106365 to 2147483647
2009-04-07 09:41 - L1CaloStandalone - DEBUG:  No new valid run. Last known valid run still: 106364
2009-04-07 09:51 - L1CaloStandalone - INFO: ===> listening for new valid runs <===
2009-04-07 09:51 - L1CaloStandalone - DEBUG: initialising coolRunLister
2009-04-07 09:51 - L1CaloStandalone - DEBUG: applying selections to coolRunLister
2009-04-07 09:51 - L1CaloStandalone - INFO: last valid run: 106364
2009-04-07 09:51 - L1CaloStandalone - INFO: searching for new runs from 106365 to 2147483647
2009-04-07 09:51 - L1CaloStandalone - DEBUG:  No new valid run. Last known valid run still: 106364
2009-04-07 10:01 - L1CaloStandalone - INFO: ===> listening for new valid runs <===
2009-04-07 10:01 - L1CaloStandalone - DEBUG: initialising coolRunLister
2009-04-07 10:01 - L1CaloStandalone - DEBUG: applying selections to coolRunLister
2009-04-07 10:01 - L1CaloStandalone - INFO: last valid run: 106364
2009-04-07 10:01 - L1CaloStandalone - INFO: searching for new runs from 106365 to 2147483647
2009-04-07 10:01 - L1CaloStandalone - DEBUG:  No new valid run. Last known valid run still: 106364
2009-04-07 10:11 - L1CaloStandalone - INFO: ===> listening for new valid runs <===
2009-04-07 10:11 - L1CaloStandalone - DEBUG: initialising coolRunLister
2009-04-07 10:11 - L1CaloStandalone - DEBUG: applying selections to coolRunLister
2009-04-07 10:11 - L1CaloStandalone - INFO: last valid run: 106364
2009-04-07 10:11 - L1CaloStandalone - INFO: searching for new runs from 106365 to 2147483647
2009-04-07 10:11 - L1CaloStandalone - DEBUG:  No new valid run. Last known valid run still: 106364
2009-04-07 10:21 - L1CaloStandalone - INFO: ===> listening for new valid runs <===
2009-04-07 10:21 - L1CaloStandalone - DEBUG: initialising coolRunLister
2009-04-07 10:21 - L1CaloStandalone - DEBUG: applying selections to coolRunLister
2009-04-07 10:21 - L1CaloStandalone - INFO: last valid run: 106364
2009-04-07 10:21 - L1CaloStandalone - INFO: searching for new runs from 106365 to 2147483647
2009-04-07 10:21 - L1CaloStandalone - DEBUG:  No new valid run. Last known valid run still: 106364
2009-04-07 10:31 - L1CaloStandalone - INFO: ===> listening for new valid runs <===
2009-04-07 10:31 - L1CaloStandalone - DEBUG: initialising coolRunLister
2009-04-07 10:31 - L1CaloStandalone - DEBUG: applying selections to coolRunLister
2009-04-07 10:31 - L1CaloStandalone - INFO: last valid run: 106364
2009-04-07 10:31 - L1CaloStandalone - INFO: searching for new runs from 106365 to 2147483647
2009-04-07 10:31 - L1CaloStandalone - DEBUG:  No new valid run. Last known valid run still: 106364
2009-04-07 10:42 - L1CaloStandalone - INFO: ===> listening for new valid runs <===
2009-04-07 10:42 - L1CaloStandalone - DEBUG: initialising coolRunLister
2009-04-07 10:42 - L1CaloStandalone - DEBUG: applying selections to coolRunLister
2009-04-07 10:42 - L1CaloStandalone - INFO: last valid run: 106364
2009-04-07 10:42 - L1CaloStandalone - INFO: searching for new runs from 106365 to 2147483647
2009-04-07 10:42 - L1CaloStandalone - DEBUG:  No new valid run. Last known valid run still: 106364
2009-04-07 10:52 - L1CaloStandalone - INFO: ===> listening for new valid runs <===
2009-04-07 10:52 - L1CaloStandalone - DEBUG: initialising coolRunLister
2009-04-07 10:52 - L1CaloStandalone - DEBUG: applying selections to coolRunLister
2009-04-07 10:52 - L1CaloStandalone - INFO: last valid run: 106364
2009-04-07 10:52 - L1CaloStandalone - INFO: searching for new runs from 106365 to 2147483647
2009-04-07 10:52 - L1CaloStandalone - DEBUG:  No new valid run. Last known valid run still: 106364
2009-04-07 11:02 - L1CaloStandalone - INFO: ===> listening for new valid runs <===
2009-04-07 11:02 - L1CaloStandalone - DEBUG: initialising coolRunLister
2009-04-07 11:02 - L1CaloStandalone - DEBUG: applying selections to coolRunLister
2009-04-07 11:02 - L1CaloStandalone - INFO: last valid run: 106364
2009-04-07 11:02 - L1CaloStandalone - INFO: searching for new runs from 106365 to 2147483647
2009-04-07 11:02 - L1CaloStandalone - DEBUG:  No new valid run. Last known valid run still: 106364
2009-04-07 11:12 - L1CaloStandalone - INFO: ===> listening for new valid runs <===
2009-04-07 11:12 - L1CaloStandalone - DEBUG: initialising coolRunLister
2009-04-07 11:12 - L1CaloStandalone - DEBUG: applying selections to coolRunLister
2009-04-07 11:12 - L1CaloStandalone - INFO: last valid run: 106364
2009-04-07 11:12 - L1CaloStandalone - INFO: searching for new runs from 106365 to 2147483647
2009-04-07 11:12 - L1CaloStandalone - DEBUG:  No new valid run. Last known valid run still: 106364
2009-04-07 11:22 - L1CaloStandalone - INFO: ===> listening for new valid runs <===
2009-04-07 11:22 - L1CaloStandalone - DEBUG: initialising coolRunLister
2009-04-07 11:22 - L1CaloStandalone - DEBUG: applying selections to coolRunLister
2009-04-07 11:22 - L1CaloStandalone - INFO: last valid run: 106364
2009-04-07 11:22 - L1CaloStandalone - INFO: searching for new runs from 106365 to 2147483647
2009-04-07 11:22 - L1CaloStandalone - DEBUG:  No new valid run. Last known valid run still: 106364
2009-04-07 11:32 - L1CaloStandalone - INFO: ===> listening for new valid runs <===
2009-04-07 11:32 - L1CaloStandalone - DEBUG: initialising coolRunLister
2009-04-07 11:32 - L1CaloStandalone - DEBUG: applying selections to coolRunLister
2009-04-07 11:32 - L1CaloStandalone - INFO: last valid run: 106364
2009-04-07 11:32 - L1CaloStandalone - INFO: searching for new runs from 106365 to 2147483647
2009-04-07 11:33 - L1CaloStandalone - DEBUG:  No new valid run. Last known valid run still: 106364
2009-04-07 11:43 - L1CaloStandalone - INFO: ===> listening for new valid runs <===
2009-04-07 11:43 - L1CaloStandalone - DEBUG: initialising coolRunLister
2009-04-07 11:43 - L1CaloStandalone - DEBUG: applying selections to coolRunLister
2009-04-07 11:43 - L1CaloStandalone - INFO: last valid run: 106364
2009-04-07 11:43 - L1CaloStandalone - INFO: searching for new runs from 106365 to 2147483647
2009-04-07 11:43 - L1CaloStandalone - DEBUG:  No new valid run. Last known valid run still: 106364
2009-04-07 11:53 - L1CaloStandalone - INFO: ===> listening for new valid runs <===
2009-04-07 11:53 - L1CaloStandalone - DEBUG: initialising coolRunLister
2009-04-07 11:53 - L1CaloStandalone - DEBUG: applying selections to coolRunLister
2009-04-07 11:53 - L1CaloStandalone - INFO: last valid run: 106364
2009-04-07 11:53 - L1CaloStandalone - INFO: searching for new runs from 106365 to 2147483647
2009-04-07 11:53 - L1CaloStandalone - DEBUG:  No new valid run. Last known valid run still: 106364
2009-04-07 12:03 - L1CaloStandalone - INFO: ===> listening for new valid runs <===
2009-04-07 12:03 - L1CaloStandalone - DEBUG: initialising coolRunLister
2009-04-07 12:03 - L1CaloStandalone - DEBUG: applying selections to coolRunLister
2009-04-07 12:03 - L1CaloStandalone - INFO: last valid run: 106364
2009-04-07 12:03 - L1CaloStandalone - INFO: searching for new runs from 106365 to 2147483647
2009-04-07 12:03 - L1CaloStandalone - DEBUG:  No new valid run. Last known valid run still: 106364
2009-04-07 12:13 - L1CaloStandalone - INFO: ===> listening for new valid runs <===
2009-04-07 12:13 - L1CaloStandalone - DEBUG: initialising coolRunLister
2009-04-07 12:13 - L1CaloStandalone - DEBUG: applying selections to coolRunLister
2009-04-07 12:13 - L1CaloStandalone - INFO: last valid run: 106364
2009-04-07 12:13 - L1CaloStandalone - INFO: searching for new runs from 106365 to 2147483647
2009-04-07 12:13 - L1CaloStandalone - DEBUG:  No new valid run. Last known valid run still: 106364
2009-04-07 12:23 - L1CaloStandalone - INFO: ===> listening for new valid runs <===
2009-04-07 12:23 - L1CaloStandalone - DEBUG: initialising coolRunLister
2009-04-07 12:23 - L1CaloStandalone - DEBUG: applying selections to coolRunLister
2009-04-07 12:23 - L1CaloStandalone - INFO: last valid run: 106364
2009-04-07 12:23 - L1CaloStandalone - INFO: searching for new runs from 106365 to 2147483647
2009-04-07 12:23 - L1CaloStandalone - DEBUG:  No new valid run. Last known valid run still: 106364
2009-04-07 12:34 - L1CaloStandalone - INFO: ===> listening for new valid runs <===
2009-04-07 12:34 - L1CaloStandalone - DEBUG: initialising coolRunLister
2009-04-07 12:34 - L1CaloStandalone - DEBUG: applying selections to coolRunLister
2009-04-07 12:34 - L1CaloStandalone - INFO: last valid run: 106364
2009-04-07 12:34 - L1CaloStandalone - INFO: searching for new runs from 106365 to 2147483647
2009-04-07 12:34 - L1CaloStandalone - DEBUG:  No new valid run. Last known valid run still: 106364
2009-04-07 12:44 - L1CaloStandalone - INFO: ===> listening for new valid runs <===
2009-04-07 12:44 - L1CaloStandalone - DEBUG: initialising coolRunLister
2009-04-07 12:44 - L1CaloStandalone - DEBUG: applying selections to coolRunLister
2009-04-07 12:44 - L1CaloStandalone - INFO: last valid run: 106364
2009-04-07 12:44 - L1CaloStandalone - INFO: searching for new runs from 106365 to 2147483647
2009-04-07 12:44 - L1CaloStandalone - DEBUG:  No new valid run. Last known valid run still: 106364
2009-04-07 12:54 - L1CaloStandalone - INFO: ===> listening for new valid runs <===
2009-04-07 12:54 - L1CaloStandalone - DEBUG: initialising coolRunLister
2009-04-07 12:54 - L1CaloStandalone - DEBUG: applying selections to coolRunLister
2009-04-07 12:54 - L1CaloStandalone - INFO: last valid run: 106364
2009-04-07 12:54 - L1CaloStandalone - INFO: searching for new runs from 106365 to 2147483647
2009-04-07 12:54 - L1CaloStandalone - DEBUG:  No new valid run. Last known valid run still: 106364
2009-04-07 13:04 - L1CaloStandalone - INFO: ===> listening for new valid runs <===
2009-04-07 13:04 - L1CaloStandalone - DEBUG: initialising coolRunLister
2009-04-07 13:04 - L1CaloStandalone - DEBUG: applying selections to coolRunLister
2009-04-07 13:04 - L1CaloStandalone - INFO: last valid run: 106364
2009-04-07 13:04 - L1CaloStandalone - INFO: searching for new runs from 106365 to 2147483647
2009-04-07 13:04 - L1CaloStandalone - DEBUG:  No new valid run. Last known valid run still: 106364
2009-04-07 13:14 - L1CaloStandalone - INFO: ===> listening for new valid runs <===
2009-04-07 13:14 - L1CaloStandalone - DEBUG: initialising coolRunLister
2009-04-07 13:14 - L1CaloStandalone - DEBUG: applying selections to coolRunLister
2009-04-07 13:14 - L1CaloStandalone - INFO: last valid run: 106364
2009-04-07 13:14 - L1CaloStandalone - INFO: searching for new runs from 106365 to 2147483647
2009-04-07 13:14 - L1CaloStandalone - DEBUG:  No new valid run. Last known valid run still: 106364
2009-04-07 13:25 - L1CaloStandalone - INFO: ===> listening for new valid runs <===
2009-04-07 13:25 - L1CaloStandalone - DEBUG: initialising coolRunLister
2009-04-07 13:25 - L1CaloStandalone - DEBUG: applying selections to coolRunLister
2009-04-07 13:25 - L1CaloStandalone - INFO: last valid run: 106364
2009-04-07 13:25 - L1CaloStandalone - INFO: searching for new runs from 106365 to 2147483647
2009-04-07 13:25 - L1CaloStandalone - DEBUG:  No new valid run. Last known valid run still: 106364
2009-04-07 13:35 - L1CaloStandalone - INFO: ===> listening for new valid runs <===
2009-04-07 13:35 - L1CaloStandalone - DEBUG: initialising coolRunLister
2009-04-07 13:35 - L1CaloStandalone - DEBUG: applying selections to coolRunLister
2009-04-07 13:35 - L1CaloStandalone - INFO: last valid run: 106364
2009-04-07 13:35 - L1CaloStandalone - INFO: searching for new runs from 106365 to 2147483647
2009-04-07 13:35 - L1CaloStandalone - DEBUG:  No new valid run. Last known valid run still: 106364
2009-04-07 13:45 - L1CaloStandalone - INFO: ===> listening for new valid runs <===
2009-04-07 13:45 - L1CaloStandalone - DEBUG: initialising coolRunLister
2009-04-07 13:45 - L1CaloStandalone - DEBUG: applying selections to coolRunLister
2009-04-07 13:45 - L1CaloStandalone - INFO: last valid run: 106364
2009-04-07 13:45 - L1CaloStandalone - INFO: searching for new runs from 106365 to 2147483647
2009-04-07 13:45 - L1CaloStandalone - DEBUG:  No new valid run. Last known valid run still: 106364
2009-04-07 13:55 - L1CaloStandalone - INFO: ===> listening for new valid runs <===
2009-04-07 13:55 - L1CaloStandalone - DEBUG: initialising coolRunLister
2009-04-07 13:55 - L1CaloStandalone - DEBUG: applying selections to coolRunLister
2009-04-07 13:55 - L1CaloStandalone - INFO: last valid run: 106364
2009-04-07 13:55 - L1CaloStandalone - INFO: searching for new runs from 106365 to 2147483647
2009-04-07 13:55 - L1CaloStandalone - DEBUG:  No new valid run. Last known valid run still: 106364
2009-04-07 14:05 - L1CaloStandalone - INFO: ===> listening for new valid runs <===
2009-04-07 14:05 - L1CaloStandalone - DEBUG: initialising coolRunLister
2009-04-07 14:05 - L1CaloStandalone - DEBUG: applying selections to coolRunLister
2009-04-07 14:05 - L1CaloStandalone - INFO: last valid run: 106364
2009-04-07 14:05 - L1CaloStandalone - INFO: searching for new runs from 106365 to 2147483647
2009-04-07 14:05 - L1CaloStandalone - DEBUG:  No new valid run. Last known valid run still: 106364
2009-04-07 14:15 - L1CaloStandalone - INFO: ===> listening for new valid runs <===
2009-04-07 14:15 - L1CaloStandalone - DEBUG: initialising coolRunLister
2009-04-07 14:15 - L1CaloStandalone - DEBUG: applying selections to coolRunLister
2009-04-07 14:15 - L1CaloStandalone - INFO: last valid run: 106364
2009-04-07 14:15 - L1CaloStandalone - INFO: searching for new runs from 106365 to 2147483647
2009-04-07 14:16 - L1CaloStandalone - DEBUG:  No new valid run. Last known valid run still: 106364
2009-04-07 14:26 - L1CaloStandalone - INFO: ===> listening for new valid runs <===
2009-04-07 14:26 - L1CaloStandalone - DEBUG: initialising coolRunLister
2009-04-07 14:26 - L1CaloStandalone - DEBUG: applying selections to coolRunLister
2009-04-07 14:26 - L1CaloStandalone - INFO: last valid run: 106364
2009-04-07 14:26 - L1CaloStandalone - INFO: searching for new runs from 106365 to 2147483647
2009-04-07 14:26 - L1CaloStandalone - DEBUG:  No new valid run. Last known valid run still: 106364
2009-04-07 14:36 - L1CaloStandalone - INFO: ===> listening for new valid runs <===
2009-04-07 14:36 - L1CaloStandalone - DEBUG: initialising coolRunLister
2009-04-07 14:36 - L1CaloStandalone - DEBUG: applying selections to coolRunLister
2009-04-07 14:36 - L1CaloStandalone - INFO: last valid run: 106364
2009-04-07 14:36 - L1CaloStandalone - INFO: searching for new runs from 106365 to 2147483647
2009-04-07 14:36 - L1CaloStandalone - DEBUG:  No new valid run. Last known valid run still: 106364
2009-04-07 14:50 - L1CaloStandalone - INFO: ===> listening for new valid runs <===
2009-04-07 14:50 - L1CaloStandalone - DEBUG: initialising coolRunLister
2009-04-07 14:50 - L1CaloStandalone - DEBUG: applying selections to coolRunLister
2009-04-07 14:50 - L1CaloStandalone - INFO: last valid run: 106364
2009-04-07 14:50 - L1CaloStandalone - INFO: searching for new runs from 106365 to 2147483647
2009-04-07 14:50 - L1CaloStandalone - DEBUG:  No new valid run. Last known valid run still: 106364
2009-04-07 15:01 - L1CaloStandalone - INFO: ===> listening for new valid runs <===
2009-04-07 15:01 - L1CaloStandalone - DEBUG: initialising coolRunLister
2009-04-07 15:01 - L1CaloStandalone - DEBUG: applying selections to coolRunLister
2009-04-07 15:01 - L1CaloStandalone - INFO: last valid run: 106364
2009-04-07 15:01 - L1CaloStandalone - INFO: searching for new runs from 106365 to 2147483647
2009-04-07 15:01 - L1CaloStandalone - DEBUG:  No new valid run. Last known valid run still: 106364
2009-04-07 15:11 - L1CaloStandalone - INFO: ===> listening for new valid runs <===
2009-04-07 15:11 - L1CaloStandalone - DEBUG: initialising coolRunLister
2009-04-07 15:11 - L1CaloStandalone - DEBUG: applying selections to coolRunLister
2009-04-07 15:11 - L1CaloStandalone - INFO: last valid run: 106364
2009-04-07 15:11 - L1CaloStandalone - INFO: searching for new runs from 106365 to 2147483647
2009-04-07 15:11 - L1CaloStandalone - DEBUG:  No new valid run. Last known valid run still: 106364
2009-04-07 15:21 - L1CaloStandalone - INFO: ===> listening for new valid runs <===
2009-04-07 15:21 - L1CaloStandalone - DEBUG: initialising coolRunLister
2009-04-07 15:21 - L1CaloStandalone - DEBUG: applying selections to coolRunLister
2009-04-07 15:21 - L1CaloStandalone - INFO: last valid run: 106364
2009-04-07 15:21 - L1CaloStandalone - INFO: searching for new runs from 106365 to 2147483647
2009-04-07 15:21 - L1CaloStandalone - DEBUG:  No new valid run. Last known valid run still: 106364
2009-04-07 15:31 - L1CaloStandalone - INFO: ===> listening for new valid runs <===
2009-04-07 15:31 - L1CaloStandalone - DEBUG: initialising coolRunLister
2009-04-07 15:31 - L1CaloStandalone - DEBUG: applying selections to coolRunLister
2009-04-07 15:31 - L1CaloStandalone - INFO: last valid run: 106364
2009-04-07 15:31 - L1CaloStandalone - INFO: searching for new runs from 106365 to 2147483647
2009-04-07 15:31 - L1CaloStandalone - DEBUG:  No new valid run. Last known valid run still: 106364
2009-04-07 15:42 - L1CaloStandalone - INFO: ===> listening for new valid runs <===
2009-04-07 15:42 - L1CaloStandalone - DEBUG: initialising coolRunLister
2009-04-07 15:42 - L1CaloStandalone - DEBUG: applying selections to coolRunLister
2009-04-07 15:42 - L1CaloStandalone - INFO: last valid run: 106364
2009-04-07 15:42 - L1CaloStandalone - INFO: searching for new runs from 106365 to 2147483647
2009-04-07 15:42 - L1CaloStandalone - DEBUG:  No new valid run. Last known valid run still: 106364
2009-04-07 15:52 - L1CaloStandalone - INFO: ===> listening for new valid runs <===
2009-04-07 15:52 - L1CaloStandalone - DEBUG: initialising coolRunLister
2009-04-07 15:52 - L1CaloStandalone - DEBUG: applying selections to coolRunLister
2009-04-07 15:52 - L1CaloStandalone - INFO: last valid run: 106364
2009-04-07 15:52 - L1CaloStandalone - INFO: searching for new runs from 106365 to 2147483647
2009-04-07 15:53 - L1CaloStandalone - DEBUG:  No new valid run. Last known valid run still: 106364
2009-04-07 16:03 - L1CaloStandalone - INFO: ===> listening for new valid runs <===
2009-04-07 16:03 - L1CaloStandalone - DEBUG: initialising coolRunLister
2009-04-07 16:03 - L1CaloStandalone - DEBUG: applying selections to coolRunLister
2009-04-07 16:03 - L1CaloStandalone - INFO: last valid run: 106364
2009-04-07 16:03 - L1CaloStandalone - INFO: searching for new runs from 106365 to 2147483647
2009-04-07 16:03 - L1CaloStandalone - DEBUG:  No new valid run. Last known valid run still: 106364
2009-04-07 16:13 - L1CaloStandalone - INFO: ===> listening for new valid runs <===
2009-04-07 16:13 - L1CaloStandalone - DEBUG: initialising coolRunLister
2009-04-07 16:13 - L1CaloStandalone - DEBUG: applying selections to coolRunLister
2009-04-07 16:13 - L1CaloStandalone - INFO: last valid run: 106364
2009-04-07 16:13 - L1CaloStandalone - INFO: searching for new runs from 106365 to 2147483647
2009-04-07 16:13 - L1CaloStandalone - DEBUG:  No new valid run. Last known valid run still: 106364
2009-04-07 16:24 - L1CaloStandalone - INFO: ===> listening for new valid runs <===
2009-04-07 16:24 - L1CaloStandalone - DEBUG: initialising coolRunLister
2009-04-07 16:24 - L1CaloStandalone - DEBUG: applying selections to coolRunLister
2009-04-07 16:24 - L1CaloStandalone - INFO: last valid run: 106364
2009-04-07 16:24 - L1CaloStandalone - INFO: searching for new runs from 106365 to 2147483647
2009-04-07 16:24 - L1CaloStandalone - DEBUG:  No new valid run. Last known valid run still: 106364
2009-04-07 16:34 - L1CaloStandalone - INFO: ===> listening for new valid runs <===
2009-04-07 16:34 - L1CaloStandalone - DEBUG: initialising coolRunLister
2009-04-07 16:34 - L1CaloStandalone - DEBUG: applying selections to coolRunLister
2009-04-07 16:34 - L1CaloStandalone - INFO: last valid run: 106364
2009-04-07 16:34 - L1CaloStandalone - INFO: searching for new runs from 106365 to 2147483647
2009-04-07 16:34 - L1CaloStandalone - DEBUG:  No new valid run. Last known valid run still: 106364
2009-04-07 16:44 - L1CaloStandalone - INFO: ===> listening for new valid runs <===
2009-04-07 16:44 - L1CaloStandalone - DEBUG: initialising coolRunLister
2009-04-07 16:44 - L1CaloStandalone - DEBUG: applying selections to coolRunLister
2009-04-07 16:44 - L1CaloStandalone - INFO: last valid run: 106364
2009-04-07 16:44 - L1CaloStandalone - INFO: searching for new runs from 106365 to 2147483647
2009-04-07 16:44 - L1CaloStandalone - DEBUG:  No new valid run. Last known valid run still: 106364
2009-04-07 16:54 - L1CaloStandalone - INFO: ===> listening for new valid runs <===
2009-04-07 16:54 - L1CaloStandalone - DEBUG: initialising coolRunLister
2009-04-07 16:54 - L1CaloStandalone - DEBUG: applying selections to coolRunLister
2009-04-07 16:54 - L1CaloStandalone - INFO: last valid run: 106364
2009-04-07 16:54 - L1CaloStandalone - INFO: searching for new runs from 106365 to 2147483647
2009-04-07 16:54 - L1CaloStandalone - DEBUG:  No new valid run. Last known valid run still: 106364
2009-04-07 17:04 - L1CaloStandalone - INFO: ===> listening for new valid runs <===
2009-04-07 17:04 - L1CaloStandalone - DEBUG: initialising coolRunLister
2009-04-07 17:04 - L1CaloStandalone - DEBUG: applying selections to coolRunLister
2009-04-07 17:04 - L1CaloStandalone - INFO: last valid run: 106364
2009-04-07 17:04 - L1CaloStandalone - INFO: searching for new runs from 106365 to 2147483647
2009-04-07 17:05 - L1CaloStandalone - DEBUG:  No new valid run. Last known valid run still: 106364
2009-04-07 17:15 - L1CaloStandalone - INFO: ===> listening for new valid runs <===
2009-04-07 17:15 - L1CaloStandalone - DEBUG: initialising coolRunLister
2009-04-07 17:15 - L1CaloStandalone - DEBUG: applying selections to coolRunLister
2009-04-07 17:15 - L1CaloStandalone - INFO: last valid run: 106364
2009-04-07 17:15 - L1CaloStandalone - INFO: searching for new runs from 106365 to 2147483647
2009-04-07 17:15 - L1CaloStandalone - DEBUG:  No new valid run. Last known valid run still: 106364
2009-04-07 17:25 - L1CaloStandalone - INFO: ===> listening for new valid runs <===
2009-04-07 17:25 - L1CaloStandalone - DEBUG: initialising coolRunLister
2009-04-07 17:25 - L1CaloStandalone - DEBUG: applying selections to coolRunLister
2009-04-07 17:25 - L1CaloStandalone - INFO: last valid run: 106364
2009-04-07 17:25 - L1CaloStandalone - INFO: searching for new runs from 106365 to 2147483647
2009-04-07 17:25 - L1CaloStandalone - DEBUG:  No new valid run. Last known valid run still: 106364
2009-04-07 17:35 - L1CaloStandalone - INFO: ===> listening for new valid runs <===
2009-04-07 17:35 - L1CaloStandalone - DEBUG: initialising coolRunLister
2009-04-07 17:35 - L1CaloStandalone - DEBUG: applying selections to coolRunLister
2009-04-07 17:35 - L1CaloStandalone - INFO: last valid run: 106364
2009-04-07 17:35 - L1CaloStandalone - INFO: searching for new runs from 106365 to 2147483647
2009-04-07 17:35 - L1CaloStandalone - DEBUG:  No new valid run. Last known valid run still: 106364
2009-04-07 17:45 - L1CaloStandalone - INFO: ===> listening for new valid runs <===
2009-04-07 17:45 - L1CaloStandalone - DEBUG: initialising coolRunLister
2009-04-07 17:45 - L1CaloStandalone - DEBUG: applying selections to coolRunLister
2009-04-07 17:45 - L1CaloStandalone - INFO: last valid run: 106364
2009-04-07 17:45 - L1CaloStandalone - INFO: searching for new runs from 106365 to 2147483647
2009-04-07 17:45 - L1CaloStandalone - DEBUG:  No new valid run. Last known valid run still: 106364
2009-04-07 17:56 - L1CaloStandalone - INFO: ===> listening for new valid runs <===
2009-04-07 17:56 - L1CaloStandalone - DEBUG: initialising coolRunLister
2009-04-07 17:56 - L1CaloStandalone - DEBUG: applying selections to coolRunLister
2009-04-07 17:56 - L1CaloStandalone - INFO: last valid run: 106364
2009-04-07 17:56 - L1CaloStandalone - INFO: searching for new runs from 106365 to 2147483647
2009-04-07 17:56 - L1CaloStandalone - DEBUG:  No new valid run. Last known valid run still: 106364
2009-04-07 18:06 - L1CaloStandalone - INFO: ===> listening for new valid runs <===
2009-04-07 18:06 - L1CaloStandalone - DEBUG: initialising coolRunLister
2009-04-07 18:06 - L1CaloStandalone - DEBUG: applying selections to coolRunLister
2009-04-07 18:06 - L1CaloStandalone - INFO: last valid run: 106364
2009-04-07 18:06 - L1CaloStandalone - INFO: searching for new runs from 106365 to 2147483647
2009-04-07 18:06 - L1CaloStandalone - DEBUG:  No new valid run. Last known valid run still: 106364
2009-04-07 18:16 - L1CaloStandalone - INFO: ===> listening for new valid runs <===
2009-04-07 18:16 - L1CaloStandalone - DEBUG: initialising coolRunLister
2009-04-07 18:16 - L1CaloStandalone - DEBUG: applying selections to coolRunLister
2009-04-07 18:16 - L1CaloStandalone - INFO: last valid run: 106364
2009-04-07 18:16 - L1CaloStandalone - INFO: searching for new runs from 106365 to 2147483647
2009-04-07 18:16 - L1CaloStandalone - DEBUG:  No new valid run. Last known valid run still: 106364
2009-04-07 18:26 - L1CaloStandalone - INFO: ===> listening for new valid runs <===
2009-04-07 18:26 - L1CaloStandalone - DEBUG: initialising coolRunLister
2009-04-07 18:26 - L1CaloStandalone - DEBUG: applying selections to coolRunLister
2009-04-07 18:26 - L1CaloStandalone - INFO: last valid run: 106364
2009-04-07 18:26 - L1CaloStandalone - INFO: searching for new runs from 106365 to 2147483647
2009-04-07 18:26 - L1CaloStandalone - DEBUG:  No new valid run. Last known valid run still: 106364
2009-04-07 18:36 - L1CaloStandalone - INFO: ===> listening for new valid runs <===
2009-04-07 18:36 - L1CaloStandalone - DEBUG: initialising coolRunLister
2009-04-07 18:36 - L1CaloStandalone - DEBUG: applying selections to coolRunLister
2009-04-07 18:36 - L1CaloStandalone - INFO: last valid run: 106364
2009-04-07 18:36 - L1CaloStandalone - INFO: searching for new runs from 106365 to 2147483647
2009-04-07 18:36 - L1CaloStandalone - DEBUG:  No new valid run. Last known valid run still: 106364
2009-04-07 18:47 - L1CaloStandalone - INFO: ===> listening for new valid runs <===
2009-04-07 18:47 - L1CaloStandalone - DEBUG: initialising coolRunLister
2009-04-07 18:47 - L1CaloStandalone - DEBUG: applying selections to coolRunLister
2009-04-07 18:47 - L1CaloStandalone - INFO: last valid run: 106364
2009-04-07 18:47 - L1CaloStandalone - INFO: searching for new runs from 106365 to 2147483647
2009-04-07 18:47 - L1CaloStandalone - DEBUG:  No new valid run. Last known valid run still: 106364
2009-04-07 18:57 - L1CaloStandalone - INFO: ===> listening for new valid runs <===
2009-04-07 18:57 - L1CaloStandalone - DEBUG: initialising coolRunLister
2009-04-07 18:57 - L1CaloStandalone - DEBUG: applying selections to coolRunLister
2009-04-07 18:57 - L1CaloStandalone - INFO: last valid run: 106364
2009-04-07 18:57 - L1CaloStandalone - INFO: searching for new runs from 106365 to 2147483647
2009-04-07 18:57 - L1CaloStandalone - DEBUG:  No new valid run. Last known valid run still: 106364
2009-04-07 19:07 - L1CaloStandalone - INFO: ===> listening for new valid runs <===
2009-04-07 19:07 - L1CaloStandalone - DEBUG: initialising coolRunLister
2009-04-07 19:07 - L1CaloStandalone - DEBUG: applying selections to coolRunLister
2009-04-07 19:07 - L1CaloStandalone - INFO: last valid run: 106364
2009-04-07 19:07 - L1CaloStandalone - INFO: searching for new runs from 106365 to 2147483647
2009-04-07 19:07 - L1CaloStandalone - DEBUG:  No new valid run. Last known valid run still: 106364
2009-04-07 19:17 - L1CaloStandalone - INFO: ===> listening for new valid runs <===
2009-04-07 19:17 - L1CaloStandalone - DEBUG: initialising coolRunLister
2009-04-07 19:17 - L1CaloStandalone - DEBUG: applying selections to coolRunLister
2009-04-07 19:17 - L1CaloStandalone - INFO: last valid run: 106364
2009-04-07 19:17 - L1CaloStandalone - INFO: searching for new runs from 106365 to 2147483647
2009-04-07 19:17 - L1CaloStandalone - DEBUG:  No new valid run. Last known valid run still: 106364
2009-04-07 19:27 - L1CaloStandalone - INFO: ===> listening for new valid runs <===
2009-04-07 19:27 - L1CaloStandalone - DEBUG: initialising coolRunLister
2009-04-07 19:27 - L1CaloStandalone - DEBUG: applying selections to coolRunLister
2009-04-07 19:27 - L1CaloStandalone - INFO: last valid run: 106364
2009-04-07 19:27 - L1CaloStandalone - INFO: searching for new runs from 106365 to 2147483647
2009-04-07 19:27 - L1CaloStandalone - DEBUG:  No new valid run. Last known valid run still: 106364
2009-04-07 19:37 - L1CaloStandalone - INFO: ===> listening for new valid runs <===
2009-04-07 19:37 - L1CaloStandalone - DEBUG: initialising coolRunLister
2009-04-07 19:37 - L1CaloStandalone - DEBUG: applying selections to coolRunLister
2009-04-07 19:37 - L1CaloStandalone - INFO: last valid run: 106364
2009-04-07 19:37 - L1CaloStandalone - INFO: searching for new runs from 106365 to 2147483647
2009-04-07 19:38 - L1CaloStandalone - DEBUG:  No new valid run. Last known valid run still: 106364
2009-04-07 19:48 - L1CaloStandalone - INFO: ===> listening for new valid runs <===
2009-04-07 19:48 - L1CaloStandalone - DEBUG: initialising coolRunLister
2009-04-07 19:48 - L1CaloStandalone - DEBUG: applying selections to coolRunLister
2009-04-07 19:48 - L1CaloStandalone - INFO: last valid run: 106364
2009-04-07 19:48 - L1CaloStandalone - INFO: searching for new runs from 106365 to 2147483647
2009-04-07 19:48 - L1CaloStandalone - DEBUG:  No new valid run. Last known valid run still: 106364
2009-04-07 19:58 - L1CaloStandalone - INFO: ===> listening for new valid runs <===
2009-04-07 19:58 - L1CaloStandalone - DEBUG: initialising coolRunLister
2009-04-07 19:58 - L1CaloStandalone - DEBUG: applying selections to coolRunLister
2009-04-07 19:58 - L1CaloStandalone - INFO: last valid run: 106364
2009-04-07 19:58 - L1CaloStandalone - INFO: searching for new runs from 106365 to 2147483647
2009-04-07 19:58 - L1CaloStandalone - DEBUG:  No new valid run. Last known valid run still: 106364
2009-04-07 20:08 - L1CaloStandalone - INFO: ===> listening for new valid runs <===
2009-04-07 20:08 - L1CaloStandalone - DEBUG: initialising coolRunLister
2009-04-07 20:08 - L1CaloStandalone - DEBUG: applying selections to coolRunLister
2009-04-07 20:08 - L1CaloStandalone - INFO: last valid run: 106364
2009-04-07 20:08 - L1CaloStandalone - INFO: searching for new runs from 106365 to 2147483647
2009-04-07 20:08 - L1CaloStandalone - DEBUG:  No new valid run. Last known valid run still: 106364
2009-04-07 20:18 - L1CaloStandalone - INFO: ===> listening for new valid runs <===
2009-04-07 20:18 - L1CaloStandalone - DEBUG: initialising coolRunLister
2009-04-07 20:18 - L1CaloStandalone - DEBUG: applying selections to coolRunLister
2009-04-07 20:18 - L1CaloStandalone - INFO: last valid run: 106364
2009-04-07 20:18 - L1CaloStandalone - INFO: searching for new runs from 106365 to 2147483647
2009-04-07 20:18 - L1CaloStandalone - DEBUG:  No new valid run. Last known valid run still: 106364
2009-04-07 20:28 - L1CaloStandalone - INFO: ===> listening for new valid runs <===
2009-04-07 20:28 - L1CaloStandalone - DEBUG: initialising coolRunLister
2009-04-07 20:28 - L1CaloStandalone - DEBUG: applying selections to coolRunLister
2009-04-07 20:28 - L1CaloStandalone - INFO: last valid run: 106364
2009-04-07 20:28 - L1CaloStandalone - INFO: searching for new runs from 106365 to 2147483647
2009-04-07 20:29 - L1CaloStandalone - DEBUG:  No new valid run. Last known valid run still: 106364
2009-04-07 20:39 - L1CaloStandalone - INFO: ===> listening for new valid runs <===
2009-04-07 20:39 - L1CaloStandalone - DEBUG: initialising coolRunLister
2009-04-07 20:39 - L1CaloStandalone - DEBUG: applying selections to coolRunLister
2009-04-07 20:39 - L1CaloStandalone - INFO: last valid run: 106364
2009-04-07 20:39 - L1CaloStandalone - INFO: searching for new runs from 106365 to 2147483647
2009-04-07 20:39 - L1CaloStandalone - DEBUG:  No new valid run. Last known valid run still: 106364
2009-04-07 20:49 - L1CaloStandalone - INFO: ===> listening for new valid runs <===
2009-04-07 20:49 - L1CaloStandalone - DEBUG: initialising coolRunLister
2009-04-07 20:49 - L1CaloStandalone - DEBUG: applying selections to coolRunLister
2009-04-07 20:49 - L1CaloStandalone - INFO: last valid run: 106364
2009-04-07 20:49 - L1CaloStandalone - INFO: searching for new runs from 106365 to 2147483647
2009-04-07 20:49 - L1CaloStandalone - DEBUG:  No new valid run. Last known valid run still: 106364
2009-04-07 20:59 - L1CaloStandalone - INFO: ===> listening for new valid runs <===
2009-04-07 20:59 - L1CaloStandalone - DEBUG: initialising coolRunLister
2009-04-07 20:59 - L1CaloStandalone - DEBUG: applying selections to coolRunLister
2009-04-07 20:59 - L1CaloStandalone - INFO: last valid run: 106364
2009-04-07 20:59 - L1CaloStandalone - INFO: searching for new runs from 106365 to 2147483647
2009-04-07 20:59 - L1CaloStandalone - DEBUG:  No new valid run. Last known valid run still: 106364
2009-04-07 21:09 - L1CaloStandalone - INFO: ===> listening for new valid runs <===
2009-04-07 21:09 - L1CaloStandalone - DEBUG: initialising coolRunLister
2009-04-07 21:09 - L1CaloStandalone - DEBUG: applying selections to coolRunLister
2009-04-07 21:09 - L1CaloStandalone - INFO: last valid run: 106364
2009-04-07 21:09 - L1CaloStandalone - INFO: searching for new runs from 106365 to 2147483647
2009-04-07 21:09 - L1CaloStandalone - DEBUG:  No new valid run. Last known valid run still: 106364
2009-04-07 21:19 - L1CaloStandalone - INFO: ===> listening for new valid runs <===
2009-04-07 21:19 - L1CaloStandalone - DEBUG: initialising coolRunLister
2009-04-07 21:19 - L1CaloStandalone - DEBUG: applying selections to coolRunLister
2009-04-07 21:19 - L1CaloStandalone - INFO: last valid run: 106364
2009-04-07 21:19 - L1CaloStandalone - INFO: searching for new runs from 106365 to 2147483647
2009-04-07 21:19 - L1CaloStandalone - DEBUG:  No new valid run. Last known valid run still: 106364
2009-04-07 21:30 - L1CaloStandalone - INFO: ===> listening for new valid runs <===
2009-04-07 21:30 - L1CaloStandalone - DEBUG: initialising coolRunLister
2009-04-07 21:30 - L1CaloStandalone - DEBUG: applying selections to coolRunLister
2009-04-07 21:30 - L1CaloStandalone - INFO: last valid run: 106364
2009-04-07 21:30 - L1CaloStandalone - INFO: searching for new runs from 106365 to 2147483647
2009-04-07 21:30 - L1CaloStandalone - DEBUG:  No new valid run. Last known valid run still: 106364
2009-04-07 21:40 - L1CaloStandalone - INFO: ===> listening for new valid runs <===
2009-04-07 21:40 - L1CaloStandalone - DEBUG: initialising coolRunLister
2009-04-07 21:40 - L1CaloStandalone - DEBUG: applying selections to coolRunLister
2009-04-07 21:40 - L1CaloStandalone - INFO: last valid run: 106364
2009-04-07 21:40 - L1CaloStandalone - INFO: searching for new runs from 106365 to 2147483647
2009-04-07 21:40 - L1CaloStandalone - DEBUG:  No new valid run. Last known valid run still: 106364
2009-04-07 21:50 - L1CaloStandalone - INFO: ===> listening for new valid runs <===
2009-04-07 21:50 - L1CaloStandalone - DEBUG: initialising coolRunLister
2009-04-07 21:50 - L1CaloStandalone - DEBUG: applying selections to coolRunLister
2009-04-07 21:50 - L1CaloStandalone - INFO: last valid run: 106364
2009-04-07 21:50 - L1CaloStandalone - INFO: searching for new runs from 106365 to 2147483647
2009-04-07 21:50 - L1CaloStandalone - DEBUG:  No new valid run. Last known valid run still: 106364
2009-04-07 22:00 - L1CaloStandalone - INFO: ===> listening for new valid runs <===
2009-04-07 22:00 - L1CaloStandalone - DEBUG: initialising coolRunLister
2009-04-07 22:00 - L1CaloStandalone - DEBUG: applying selections to coolRunLister
2009-04-07 22:00 - L1CaloStandalone - INFO: last valid run: 106364
2009-04-07 22:00 - L1CaloStandalone - INFO: searching for new runs from 106365 to 2147483647
2009-04-07 22:00 - L1CaloStandalone - DEBUG:  No new valid run. Last known valid run still: 106364
2009-04-07 22:10 - L1CaloStandalone - INFO: ===> listening for new valid runs <===
2009-04-07 22:10 - L1CaloStandalone - DEBUG: initialising coolRunLister
2009-04-07 22:10 - L1CaloStandalone - DEBUG: applying selections to coolRunLister
2009-04-07 22:10 - L1CaloStandalone - INFO: last valid run: 106364
2009-04-07 22:10 - L1CaloStandalone - INFO: searching for new runs from 106365 to 2147483647
2009-04-07 22:10 - L1CaloStandalone - DEBUG:  No new valid run. Last known valid run still: 106364
2009-04-07 22:21 - L1CaloStandalone - INFO: ===> listening for new valid runs <===
2009-04-07 22:21 - L1CaloStandalone - DEBUG: initialising coolRunLister
2009-04-07 22:21 - L1CaloStandalone - DEBUG: applying selections to coolRunLister
2009-04-07 22:21 - L1CaloStandalone - INFO: last valid run: 106364
2009-04-07 22:21 - L1CaloStandalone - INFO: searching for new runs from 106365 to 2147483647
2009-04-07 22:21 - L1CaloStandalone - DEBUG:  No new valid run. Last known valid run still: 106364
2009-04-07 22:31 - L1CaloStandalone - INFO: ===> listening for new valid runs <===
2009-04-07 22:31 - L1CaloStandalone - DEBUG: initialising coolRunLister
2009-04-07 22:31 - L1CaloStandalone - DEBUG: applying selections to coolRunLister
2009-04-07 22:31 - L1CaloStandalone - INFO: last valid run: 106364
2009-04-07 22:31 - L1CaloStandalone - INFO: searching for new runs from 106365 to 2147483647
2009-04-07 22:31 - L1CaloStandalone - DEBUG:  No new valid run. Last known valid run still: 106364
2009-04-07 22:41 - L1CaloStandalone - INFO: ===> listening for new valid runs <===
2009-04-07 22:41 - L1CaloStandalone - DEBUG: initialising coolRunLister
2009-04-07 22:41 - L1CaloStandalone - DEBUG: applying selections to coolRunLister
2009-04-07 22:41 - L1CaloStandalone - INFO: last valid run: 106364
2009-04-07 22:41 - L1CaloStandalone - INFO: searching for new runs from 106365 to 2147483647
2009-04-07 22:41 - L1CaloStandalone - DEBUG:  No new valid run. Last known valid run still: 106364
2009-04-07 22:51 - L1CaloStandalone - INFO: ===> listening for new valid runs <===
2009-04-07 22:51 - L1CaloStandalone - DEBUG: initialising coolRunLister
2009-04-07 22:51 - L1CaloStandalone - DEBUG: applying selections to coolRunLister
2009-04-07 22:51 - L1CaloStandalone - INFO: last valid run: 106364
2009-04-07 22:51 - L1CaloStandalone - INFO: searching for new runs from 106365 to 2147483647
2009-04-07 22:51 - L1CaloStandalone - DEBUG:  No new valid run. Last known valid run still: 106364
2009-04-07 23:01 - L1CaloStandalone - INFO: ===> listening for new valid runs <===
2009-04-07 23:01 - L1CaloStandalone - DEBUG: initialising coolRunLister
2009-04-07 23:01 - L1CaloStandalone - DEBUG: applying selections to coolRunLister
2009-04-07 23:01 - L1CaloStandalone - INFO: last valid run: 106364
2009-04-07 23:01 - L1CaloStandalone - INFO: searching for new runs from 106365 to 2147483647
2009-04-07 23:01 - L1CaloStandalone - DEBUG:  No new valid run. Last known valid run still: 106364
2009-04-07 23:12 - L1CaloStandalone - INFO: ===> listening for new valid runs <===
2009-04-07 23:12 - L1CaloStandalone - DEBUG: initialising coolRunLister
2009-04-07 23:12 - L1CaloStandalone - DEBUG: applying selections to coolRunLister
2009-04-07 23:12 - L1CaloStandalone - INFO: last valid run: 106364
2009-04-07 23:12 - L1CaloStandalone - INFO: searching for new runs from 106365 to 2147483647
2009-04-07 23:12 - L1CaloStandalone - DEBUG:  No new valid run. Last known valid run still: 106364
2009-04-07 23:22 - L1CaloStandalone - INFO: ===> listening for new valid runs <===
2009-04-07 23:22 - L1CaloStandalone - DEBUG: initialising coolRunLister
2009-04-07 23:22 - L1CaloStandalone - DEBUG: applying selections to coolRunLister
2009-04-07 23:22 - L1CaloStandalone - INFO: last valid run: 106364
2009-04-07 23:22 - L1CaloStandalone - INFO: searching for new runs from 106365 to 2147483647
2009-04-07 23:22 - L1CaloStandalone - DEBUG:  No new valid run. Last known valid run still: 106364
2009-04-07 23:32 - L1CaloStandalone - INFO: ===> listening for new valid runs <===
2009-04-07 23:32 - L1CaloStandalone - DEBUG: initialising coolRunLister
2009-04-07 23:32 - L1CaloStandalone - DEBUG: applying selections to coolRunLister
2009-04-07 23:32 - L1CaloStandalone - INFO: last valid run: 106364
2009-04-07 23:32 - L1CaloStandalone - INFO: searching for new runs from 106365 to 2147483647
2009-04-07 23:32 - L1CaloStandalone - DEBUG:  No new valid run. Last known valid run still: 106364
2009-04-07 23:42 - L1CaloStandalone - INFO: ===> listening for new valid runs <===
2009-04-07 23:42 - L1CaloStandalone - DEBUG: initialising coolRunLister
2009-04-07 23:42 - L1CaloStandalone - DEBUG: applying selections to coolRunLister
2009-04-07 23:42 - L1CaloStandalone - INFO: last valid run: 106364
2009-04-07 23:42 - L1CaloStandalone - INFO: searching for new runs from 106365 to 2147483647
2009-04-07 23:42 - L1CaloStandalone - DEBUG:  No new valid run. Last known valid run still: 106364
2009-04-07 23:52 - L1CaloStandalone - INFO: ===> listening for new valid runs <===
2009-04-07 23:52 - L1CaloStandalone - DEBUG: initialising coolRunLister
2009-04-07 23:52 - L1CaloStandalone - DEBUG: applying selections to coolRunLister
2009-04-07 23:52 - L1CaloStandalone - INFO: last valid run: 106364
2009-04-07 23:52 - L1CaloStandalone - INFO: searching for new runs from 106365 to 2147483647
2009-04-07 23:52 - L1CaloStandalone - DEBUG:  No new valid run. Last known valid run still: 106364
