2009-05-20 00:01 - LArCalibL1Calo - INFO: ========================================
2009-05-20 00:01 - LArCalibL1Calo - INFO: RunListener in init
2009-05-20 00:01 - LArCalibL1Calo - INFO: RunListener initialized
2009-05-20 00:01 - LArCalibL1Calo - INFO: ========================================
2009-05-20 00:01 - LArCalibL1Calo - INFO: ===> from initRunListener <===
2009-05-20 00:01 - LArCalibL1Calo - INFO: 
RunListener LArCalibL1Caloinitialised with the following parameters:
TDAQ DB: COOLONL_TDAQ/COMP200
TRIG DB: COOLONL_TRIGGER/COMP200
Status DB: COOLONL_TDAQ/COMP200
log level: 0
oracle: False
rec. only: True
det. mask: 0
run type: LarCalibL1Calo
det. status: 
det. status tag: HEAD
daq partition: 
 * LArgL1Calo-TTC2LAN
tag: 
format: acertd
reverse: False
stoptimestamp: True
cleanstop: True
hasevents: False
last valid run known: 0

2009-05-20 00:17 - LArCalibL1Calo - INFO: ===> listening for new valid runs <===
2009-05-20 00:17 - LArCalibL1Calo - DEBUG: initialising coolRunLister
2009-05-20 00:17 - LArCalibL1Calo - DEBUG: applying selections to coolRunLister
2009-05-20 00:17 - LArCalibL1Calo - INFO: last valid run: 113232
2009-05-20 00:17 - LArCalibL1Calo - INFO: searching for new runs from 113233 to 2147483647
2009-05-20 00:17 - LArCalibL1Calo - DEBUG: new last known run: 115082
2009-05-20 00:17 - LArCalibL1Calo - DEBUG: 
     Run   Events  LumiB            StartTime             StopTime L1Events L2Events EFEvents ErrC Rec Cln RunType                  DetectorMask DAQConfiguration     PartitionName    FilenameTag         
  115066     4099      6  2009-05-13:09:57:03  2009-05-13:09:59:19     4099        0     4099    0  No Yes LarCalibL1Calo             7c000ff000 Schema=142:Data=47   LArgL1Calo-TTC2LAN data09_calocomm     
     Run   Events  LumiB            StartTime             StopTime L1Events L2Events EFEvents ErrC Rec Cln RunType                  DetectorMask DAQConfiguration     PartitionName    FilenameTag         
  115069     2054      4  2009-05-13:10:11:39  2009-05-13:10:17:39     3000        0     2054    0  No Yes LarCalibL1Calo             7c000ff000 Schema=142:Data=47   LArgL1Calo-TTC2LAN data09_calocomm     
     Run   Events  LumiB            StartTime             StopTime L1Events L2Events EFEvents ErrC Rec Cln RunType                  DetectorMask DAQConfiguration     PartitionName    FilenameTag         
  115071     3000      5  2009-05-13:10:29:06  2009-05-13:10:35:52     3000        0     3000    0  No Yes LarCalibL1Calo             7c000ff000 Schema=142:Data=51   LArgL1Calo-TTC2LAN data09_calocomm     
     Run   Events  LumiB            StartTime             StopTime L1Events L2Events EFEvents ErrC Rec Cln RunType                  DetectorMask DAQConfiguration     PartitionName    FilenameTag         
  115077       10      2  2009-05-13:11:30:08  2009-05-13:11:30:28       10       10       10    0  No Yes LarCalibL1Calo             7c000ff000                      LArgL1Calo-TTC2LAN data09_calocomm     
     Run   Events  LumiB            StartTime             StopTime L1Events L2Events EFEvents ErrC Rec Cln RunType                  DetectorMask DAQConfiguration     PartitionName    FilenameTag         
  115078        5      1  2009-05-13:11:35:06  2009-05-13:11:35:24        5        5        5    0  No Yes LarCalibL1Calo             7c000ff000                      LArgL1Calo-TTC2LAN data09_calocomm     
     Run   Events  LumiB            StartTime             StopTime L1Events L2Events EFEvents ErrC Rec Cln RunType                  DetectorMask DAQConfiguration     PartitionName    FilenameTag         
  115079        0      1  2009-05-13:11:39:29  2009-05-13:11:39:48        0        0        0    0  No Yes LarCalibL1Calo             7c000ff000                      LArgL1Calo-TTC2LAN data09_calocomm     
     Run   Events  LumiB            StartTime             StopTime L1Events L2Events EFEvents ErrC Rec Cln RunType                  DetectorMask DAQConfiguration     PartitionName    FilenameTag         
  115081     4500      5  2009-05-13:11:48:58  2009-05-13:12:00:43     4500        0     4500    0  No Yes LarCalibL1Calo             7c000ff000 Schema=142:Data=51   LArgL1Calo-TTC2LAN data09_calocomm     
     Run   Events  LumiB            StartTime             StopTime L1Events L2Events EFEvents ErrC Rec Cln RunType                  DetectorMask DAQConfiguration     PartitionName    FilenameTag         
  115082      900      3  2009-05-13:12:03:11  2009-05-13:12:09:26      900        0      900    0  No Yes LarCalibL1Calo             7c000ff000 Schema=142:Data=51   LArgL1Calo-TTC2LAN data09_calocomm     

2009-05-20 00:32 - LArCalibL1Calo - INFO: ===> listening for new valid runs <===
2009-05-20 00:32 - LArCalibL1Calo - DEBUG: initialising coolRunLister
2009-05-20 00:32 - LArCalibL1Calo - DEBUG: applying selections to coolRunLister
2009-05-20 00:32 - LArCalibL1Calo - INFO: last valid run: 115082
2009-05-20 00:32 - LArCalibL1Calo - INFO: searching for new runs from 115083 to 2147483647
2009-05-20 00:32 - LArCalibL1Calo - DEBUG:  No new valid run. Last known valid run still: 115082
2009-05-20 00:47 - LArCalibL1Calo - INFO: ===> listening for new valid runs <===
2009-05-20 00:47 - LArCalibL1Calo - DEBUG: initialising coolRunLister
2009-05-20 00:47 - LArCalibL1Calo - DEBUG: applying selections to coolRunLister
2009-05-20 00:47 - LArCalibL1Calo - INFO: last valid run: 115082
2009-05-20 00:47 - LArCalibL1Calo - INFO: searching for new runs from 115083 to 2147483647
2009-05-20 00:47 - LArCalibL1Calo - DEBUG:  No new valid run. Last known valid run still: 115082
2009-05-20 01:03 - LArCalibL1Calo - INFO: ===> listening for new valid runs <===
2009-05-20 01:03 - LArCalibL1Calo - DEBUG: initialising coolRunLister
2009-05-20 01:03 - LArCalibL1Calo - DEBUG: applying selections to coolRunLister
2009-05-20 01:03 - LArCalibL1Calo - INFO: last valid run: 115082
2009-05-20 01:03 - LArCalibL1Calo - INFO: searching for new runs from 115083 to 2147483647
2009-05-20 01:03 - LArCalibL1Calo - DEBUG:  No new valid run. Last known valid run still: 115082
2009-05-20 01:18 - LArCalibL1Calo - INFO: ===> listening for new valid runs <===
2009-05-20 01:18 - LArCalibL1Calo - DEBUG: initialising coolRunLister
2009-05-20 01:18 - LArCalibL1Calo - DEBUG: applying selections to coolRunLister
2009-05-20 01:18 - LArCalibL1Calo - INFO: last valid run: 115082
2009-05-20 01:18 - LArCalibL1Calo - INFO: searching for new runs from 115083 to 2147483647
2009-05-20 01:18 - LArCalibL1Calo - DEBUG:  No new valid run. Last known valid run still: 115082
2009-05-20 01:33 - LArCalibL1Calo - INFO: ===> listening for new valid runs <===
2009-05-20 01:33 - LArCalibL1Calo - DEBUG: initialising coolRunLister
2009-05-20 01:33 - LArCalibL1Calo - DEBUG: applying selections to coolRunLister
2009-05-20 01:33 - LArCalibL1Calo - INFO: last valid run: 115082
2009-05-20 01:33 - LArCalibL1Calo - INFO: searching for new runs from 115083 to 2147483647
2009-05-20 01:33 - LArCalibL1Calo - DEBUG:  No new valid run. Last known valid run still: 115082
2009-05-20 01:48 - LArCalibL1Calo - INFO: ===> listening for new valid runs <===
2009-05-20 01:48 - LArCalibL1Calo - DEBUG: initialising coolRunLister
2009-05-20 01:48 - LArCalibL1Calo - DEBUG: applying selections to coolRunLister
2009-05-20 01:48 - LArCalibL1Calo - INFO: last valid run: 115082
2009-05-20 01:48 - LArCalibL1Calo - INFO: searching for new runs from 115083 to 2147483647
2009-05-20 01:48 - LArCalibL1Calo - DEBUG:  No new valid run. Last known valid run still: 115082
2009-05-20 02:03 - LArCalibL1Calo - INFO: ===> listening for new valid runs <===
2009-05-20 02:03 - LArCalibL1Calo - DEBUG: initialising coolRunLister
2009-05-20 02:03 - LArCalibL1Calo - DEBUG: applying selections to coolRunLister
2009-05-20 02:03 - LArCalibL1Calo - INFO: last valid run: 115082
2009-05-20 02:03 - LArCalibL1Calo - INFO: searching for new runs from 115083 to 2147483647
2009-05-20 02:03 - LArCalibL1Calo - DEBUG:  No new valid run. Last known valid run still: 115082
2009-05-20 02:18 - LArCalibL1Calo - INFO: ===> listening for new valid runs <===
2009-05-20 02:18 - LArCalibL1Calo - DEBUG: initialising coolRunLister
2009-05-20 02:18 - LArCalibL1Calo - DEBUG: applying selections to coolRunLister
2009-05-20 02:18 - LArCalibL1Calo - INFO: last valid run: 115082
2009-05-20 02:18 - LArCalibL1Calo - INFO: searching for new runs from 115083 to 2147483647
2009-05-20 02:18 - LArCalibL1Calo - DEBUG:  No new valid run. Last known valid run still: 115082
2009-05-20 02:33 - LArCalibL1Calo - INFO: ===> listening for new valid runs <===
2009-05-20 02:33 - LArCalibL1Calo - DEBUG: initialising coolRunLister
2009-05-20 02:33 - LArCalibL1Calo - DEBUG: applying selections to coolRunLister
2009-05-20 02:33 - LArCalibL1Calo - INFO: last valid run: 115082
2009-05-20 02:33 - LArCalibL1Calo - INFO: searching for new runs from 115083 to 2147483647
2009-05-20 02:33 - LArCalibL1Calo - DEBUG:  No new valid run. Last known valid run still: 115082
2009-05-20 02:48 - LArCalibL1Calo - INFO: ===> listening for new valid runs <===
2009-05-20 02:48 - LArCalibL1Calo - DEBUG: initialising coolRunLister
2009-05-20 02:48 - LArCalibL1Calo - DEBUG: applying selections to coolRunLister
2009-05-20 02:48 - LArCalibL1Calo - INFO: last valid run: 115082
2009-05-20 02:48 - LArCalibL1Calo - INFO: searching for new runs from 115083 to 2147483647
2009-05-20 02:48 - LArCalibL1Calo - DEBUG:  No new valid run. Last known valid run still: 115082
2009-05-20 03:03 - LArCalibL1Calo - INFO: ===> listening for new valid runs <===
2009-05-20 03:03 - LArCalibL1Calo - DEBUG: initialising coolRunLister
2009-05-20 03:03 - LArCalibL1Calo - DEBUG: applying selections to coolRunLister
2009-05-20 03:03 - LArCalibL1Calo - INFO: last valid run: 115082
2009-05-20 03:03 - LArCalibL1Calo - INFO: searching for new runs from 115083 to 2147483647
2009-05-20 03:03 - LArCalibL1Calo - DEBUG:  No new valid run. Last known valid run still: 115082
2009-05-20 03:19 - LArCalibL1Calo - INFO: ===> listening for new valid runs <===
2009-05-20 03:19 - LArCalibL1Calo - DEBUG: initialising coolRunLister
2009-05-20 03:19 - LArCalibL1Calo - DEBUG: applying selections to coolRunLister
2009-05-20 03:19 - LArCalibL1Calo - INFO: last valid run: 115082
2009-05-20 03:19 - LArCalibL1Calo - INFO: searching for new runs from 115083 to 2147483647
2009-05-20 03:19 - LArCalibL1Calo - DEBUG:  No new valid run. Last known valid run still: 115082
2009-05-20 03:34 - LArCalibL1Calo - INFO: ===> listening for new valid runs <===
2009-05-20 03:34 - LArCalibL1Calo - DEBUG: initialising coolRunLister
2009-05-20 03:34 - LArCalibL1Calo - DEBUG: applying selections to coolRunLister
2009-05-20 03:34 - LArCalibL1Calo - INFO: last valid run: 115082
2009-05-20 03:34 - LArCalibL1Calo - INFO: searching for new runs from 115083 to 2147483647
2009-05-20 03:34 - LArCalibL1Calo - DEBUG:  No new valid run. Last known valid run still: 115082
2009-05-20 03:49 - LArCalibL1Calo - INFO: ===> listening for new valid runs <===
2009-05-20 03:49 - LArCalibL1Calo - DEBUG: initialising coolRunLister
2009-05-20 03:49 - LArCalibL1Calo - DEBUG: applying selections to coolRunLister
2009-05-20 03:49 - LArCalibL1Calo - INFO: last valid run: 115082
2009-05-20 03:49 - LArCalibL1Calo - INFO: searching for new runs from 115083 to 2147483647
2009-05-20 03:49 - LArCalibL1Calo - DEBUG:  No new valid run. Last known valid run still: 115082
2009-05-20 04:04 - LArCalibL1Calo - INFO: ===> listening for new valid runs <===
2009-05-20 04:04 - LArCalibL1Calo - DEBUG: initialising coolRunLister
2009-05-20 04:04 - LArCalibL1Calo - DEBUG: applying selections to coolRunLister
2009-05-20 04:04 - LArCalibL1Calo - INFO: last valid run: 115082
2009-05-20 04:04 - LArCalibL1Calo - INFO: searching for new runs from 115083 to 2147483647
2009-05-20 04:04 - LArCalibL1Calo - DEBUG:  No new valid run. Last known valid run still: 115082
2009-05-20 04:19 - LArCalibL1Calo - INFO: ===> listening for new valid runs <===
2009-05-20 04:19 - LArCalibL1Calo - DEBUG: initialising coolRunLister
2009-05-20 04:19 - LArCalibL1Calo - DEBUG: applying selections to coolRunLister
2009-05-20 04:19 - LArCalibL1Calo - INFO: last valid run: 115082
2009-05-20 04:19 - LArCalibL1Calo - INFO: searching for new runs from 115083 to 2147483647
2009-05-20 04:19 - LArCalibL1Calo - DEBUG:  No new valid run. Last known valid run still: 115082
2009-05-20 04:34 - LArCalibL1Calo - INFO: ===> listening for new valid runs <===
2009-05-20 04:34 - LArCalibL1Calo - DEBUG: initialising coolRunLister
2009-05-20 04:34 - LArCalibL1Calo - DEBUG: applying selections to coolRunLister
2009-05-20 04:34 - LArCalibL1Calo - INFO: last valid run: 115082
2009-05-20 04:34 - LArCalibL1Calo - INFO: searching for new runs from 115083 to 2147483647
2009-05-20 04:34 - LArCalibL1Calo - DEBUG:  No new valid run. Last known valid run still: 115082
2009-05-20 04:49 - LArCalibL1Calo - INFO: ===> listening for new valid runs <===
2009-05-20 04:49 - LArCalibL1Calo - DEBUG: initialising coolRunLister
2009-05-20 04:49 - LArCalibL1Calo - DEBUG: applying selections to coolRunLister
2009-05-20 04:49 - LArCalibL1Calo - INFO: last valid run: 115082
2009-05-20 04:49 - LArCalibL1Calo - INFO: searching for new runs from 115083 to 2147483647
2009-05-20 04:49 - LArCalibL1Calo - DEBUG:  No new valid run. Last known valid run still: 115082
2009-05-20 05:04 - LArCalibL1Calo - INFO: ===> listening for new valid runs <===
2009-05-20 05:04 - LArCalibL1Calo - DEBUG: initialising coolRunLister
2009-05-20 05:04 - LArCalibL1Calo - DEBUG: applying selections to coolRunLister
2009-05-20 05:04 - LArCalibL1Calo - INFO: last valid run: 115082
2009-05-20 05:04 - LArCalibL1Calo - INFO: searching for new runs from 115083 to 2147483647
2009-05-20 05:04 - LArCalibL1Calo - DEBUG:  No new valid run. Last known valid run still: 115082
2009-05-20 05:19 - LArCalibL1Calo - INFO: ===> listening for new valid runs <===
2009-05-20 05:19 - LArCalibL1Calo - DEBUG: initialising coolRunLister
2009-05-20 05:19 - LArCalibL1Calo - DEBUG: applying selections to coolRunLister
2009-05-20 05:19 - LArCalibL1Calo - INFO: last valid run: 115082
2009-05-20 05:19 - LArCalibL1Calo - INFO: searching for new runs from 115083 to 2147483647
2009-05-20 05:19 - LArCalibL1Calo - DEBUG:  No new valid run. Last known valid run still: 115082
2009-05-20 05:35 - LArCalibL1Calo - INFO: ===> listening for new valid runs <===
2009-05-20 05:35 - LArCalibL1Calo - DEBUG: initialising coolRunLister
2009-05-20 05:35 - LArCalibL1Calo - DEBUG: applying selections to coolRunLister
2009-05-20 05:35 - LArCalibL1Calo - INFO: last valid run: 115082
2009-05-20 05:35 - LArCalibL1Calo - INFO: searching for new runs from 115083 to 2147483647
2009-05-20 05:35 - LArCalibL1Calo - DEBUG:  No new valid run. Last known valid run still: 115082
2009-05-20 05:50 - LArCalibL1Calo - INFO: ===> listening for new valid runs <===
2009-05-20 05:50 - LArCalibL1Calo - DEBUG: initialising coolRunLister
2009-05-20 05:50 - LArCalibL1Calo - DEBUG: applying selections to coolRunLister
2009-05-20 05:50 - LArCalibL1Calo - INFO: last valid run: 115082
2009-05-20 05:50 - LArCalibL1Calo - INFO: searching for new runs from 115083 to 2147483647
2009-05-20 05:50 - LArCalibL1Calo - DEBUG:  No new valid run. Last known valid run still: 115082
2009-05-20 06:05 - LArCalibL1Calo - INFO: ===> listening for new valid runs <===
2009-05-20 06:05 - LArCalibL1Calo - DEBUG: initialising coolRunLister
2009-05-20 06:05 - LArCalibL1Calo - DEBUG: applying selections to coolRunLister
2009-05-20 06:05 - LArCalibL1Calo - INFO: last valid run: 115082
2009-05-20 06:05 - LArCalibL1Calo - INFO: searching for new runs from 115083 to 2147483647
2009-05-20 06:05 - LArCalibL1Calo - DEBUG:  No new valid run. Last known valid run still: 115082
2009-05-20 06:20 - LArCalibL1Calo - INFO: ===> listening for new valid runs <===
2009-05-20 06:20 - LArCalibL1Calo - DEBUG: initialising coolRunLister
2009-05-20 06:20 - LArCalibL1Calo - DEBUG: applying selections to coolRunLister
2009-05-20 06:20 - LArCalibL1Calo - INFO: last valid run: 115082
2009-05-20 06:20 - LArCalibL1Calo - INFO: searching for new runs from 115083 to 2147483647
2009-05-20 06:20 - LArCalibL1Calo - DEBUG:  No new valid run. Last known valid run still: 115082
2009-05-20 06:35 - LArCalibL1Calo - INFO: ===> listening for new valid runs <===
2009-05-20 06:35 - LArCalibL1Calo - DEBUG: initialising coolRunLister
2009-05-20 06:35 - LArCalibL1Calo - DEBUG: applying selections to coolRunLister
2009-05-20 06:35 - LArCalibL1Calo - INFO: last valid run: 115082
2009-05-20 06:35 - LArCalibL1Calo - INFO: searching for new runs from 115083 to 2147483647
2009-05-20 06:35 - LArCalibL1Calo - DEBUG:  No new valid run. Last known valid run still: 115082
2009-05-20 06:50 - LArCalibL1Calo - INFO: ===> listening for new valid runs <===
2009-05-20 06:50 - LArCalibL1Calo - DEBUG: initialising coolRunLister
2009-05-20 06:50 - LArCalibL1Calo - DEBUG: applying selections to coolRunLister
2009-05-20 06:50 - LArCalibL1Calo - INFO: last valid run: 115082
2009-05-20 06:50 - LArCalibL1Calo - INFO: searching for new runs from 115083 to 2147483647
2009-05-20 06:50 - LArCalibL1Calo - DEBUG:  No new valid run. Last known valid run still: 115082
2009-05-20 07:05 - LArCalibL1Calo - INFO: ===> listening for new valid runs <===
2009-05-20 07:05 - LArCalibL1Calo - DEBUG: initialising coolRunLister
2009-05-20 07:05 - LArCalibL1Calo - DEBUG: applying selections to coolRunLister
2009-05-20 07:05 - LArCalibL1Calo - INFO: last valid run: 115082
2009-05-20 07:05 - LArCalibL1Calo - INFO: searching for new runs from 115083 to 2147483647
2009-05-20 07:05 - LArCalibL1Calo - DEBUG:  No new valid run. Last known valid run still: 115082
2009-05-20 07:20 - LArCalibL1Calo - INFO: ===> listening for new valid runs <===
2009-05-20 07:20 - LArCalibL1Calo - DEBUG: initialising coolRunLister
2009-05-20 07:20 - LArCalibL1Calo - DEBUG: applying selections to coolRunLister
2009-05-20 07:20 - LArCalibL1Calo - INFO: last valid run: 115082
2009-05-20 07:20 - LArCalibL1Calo - INFO: searching for new runs from 115083 to 2147483647
2009-05-20 07:20 - LArCalibL1Calo - DEBUG:  No new valid run. Last known valid run still: 115082
2009-05-20 07:35 - LArCalibL1Calo - INFO: ===> listening for new valid runs <===
2009-05-20 07:35 - LArCalibL1Calo - DEBUG: initialising coolRunLister
2009-05-20 07:35 - LArCalibL1Calo - DEBUG: applying selections to coolRunLister
2009-05-20 07:35 - LArCalibL1Calo - INFO: last valid run: 115082
2009-05-20 07:35 - LArCalibL1Calo - INFO: searching for new runs from 115083 to 2147483647
2009-05-20 07:36 - LArCalibL1Calo - DEBUG:  No new valid run. Last known valid run still: 115082
2009-05-20 07:51 - LArCalibL1Calo - INFO: ===> listening for new valid runs <===
2009-05-20 07:51 - LArCalibL1Calo - DEBUG: initialising coolRunLister
2009-05-20 07:51 - LArCalibL1Calo - DEBUG: applying selections to coolRunLister
2009-05-20 07:51 - LArCalibL1Calo - INFO: last valid run: 115082
2009-05-20 07:51 - LArCalibL1Calo - INFO: searching for new runs from 115083 to 2147483647
2009-05-20 07:51 - LArCalibL1Calo - DEBUG:  No new valid run. Last known valid run still: 115082
2009-05-20 08:06 - LArCalibL1Calo - INFO: ===> listening for new valid runs <===
2009-05-20 08:06 - LArCalibL1Calo - DEBUG: initialising coolRunLister
2009-05-20 08:06 - LArCalibL1Calo - DEBUG: applying selections to coolRunLister
2009-05-20 08:06 - LArCalibL1Calo - INFO: last valid run: 115082
2009-05-20 08:06 - LArCalibL1Calo - INFO: searching for new runs from 115083 to 2147483647
2009-05-20 08:06 - LArCalibL1Calo - DEBUG:  No new valid run. Last known valid run still: 115082
2009-05-20 08:21 - LArCalibL1Calo - INFO: ===> listening for new valid runs <===
2009-05-20 08:21 - LArCalibL1Calo - DEBUG: initialising coolRunLister
2009-05-20 08:21 - LArCalibL1Calo - DEBUG: applying selections to coolRunLister
2009-05-20 08:21 - LArCalibL1Calo - INFO: last valid run: 115082
2009-05-20 08:21 - LArCalibL1Calo - INFO: searching for new runs from 115083 to 2147483647
2009-05-20 08:21 - LArCalibL1Calo - DEBUG:  No new valid run. Last known valid run still: 115082
2009-05-20 08:36 - LArCalibL1Calo - INFO: ===> listening for new valid runs <===
2009-05-20 08:36 - LArCalibL1Calo - DEBUG: initialising coolRunLister
2009-05-20 08:36 - LArCalibL1Calo - DEBUG: applying selections to coolRunLister
2009-05-20 08:36 - LArCalibL1Calo - INFO: last valid run: 115082
2009-05-20 08:36 - LArCalibL1Calo - INFO: searching for new runs from 115083 to 2147483647
2009-05-20 08:36 - LArCalibL1Calo - DEBUG:  No new valid run. Last known valid run still: 115082
2009-05-20 08:51 - LArCalibL1Calo - INFO: ===> listening for new valid runs <===
2009-05-20 08:51 - LArCalibL1Calo - DEBUG: initialising coolRunLister
2009-05-20 08:51 - LArCalibL1Calo - DEBUG: applying selections to coolRunLister
2009-05-20 08:51 - LArCalibL1Calo - INFO: last valid run: 115082
2009-05-20 08:51 - LArCalibL1Calo - INFO: searching for new runs from 115083 to 2147483647
2009-05-20 08:51 - LArCalibL1Calo - DEBUG:  No new valid run. Last known valid run still: 115082
2009-05-20 09:06 - LArCalibL1Calo - INFO: ===> listening for new valid runs <===
2009-05-20 09:06 - LArCalibL1Calo - DEBUG: initialising coolRunLister
2009-05-20 09:06 - LArCalibL1Calo - DEBUG: applying selections to coolRunLister
2009-05-20 09:06 - LArCalibL1Calo - INFO: last valid run: 115082
2009-05-20 09:06 - LArCalibL1Calo - INFO: searching for new runs from 115083 to 2147483647
2009-05-20 09:06 - LArCalibL1Calo - DEBUG:  No new valid run. Last known valid run still: 115082
2009-05-20 09:21 - LArCalibL1Calo - INFO: ===> listening for new valid runs <===
2009-05-20 09:21 - LArCalibL1Calo - DEBUG: initialising coolRunLister
2009-05-20 09:21 - LArCalibL1Calo - DEBUG: applying selections to coolRunLister
2009-05-20 09:21 - LArCalibL1Calo - INFO: last valid run: 115082
2009-05-20 09:21 - LArCalibL1Calo - INFO: searching for new runs from 115083 to 2147483647
2009-05-20 09:21 - LArCalibL1Calo - DEBUG:  No new valid run. Last known valid run still: 115082
2009-05-20 09:36 - LArCalibL1Calo - INFO: ===> listening for new valid runs <===
2009-05-20 09:36 - LArCalibL1Calo - DEBUG: initialising coolRunLister
2009-05-20 09:36 - LArCalibL1Calo - DEBUG: applying selections to coolRunLister
2009-05-20 09:36 - LArCalibL1Calo - INFO: last valid run: 115082
2009-05-20 09:36 - LArCalibL1Calo - INFO: searching for new runs from 115083 to 2147483647
2009-05-20 09:36 - LArCalibL1Calo - DEBUG:  No new valid run. Last known valid run still: 115082
2009-05-20 09:51 - LArCalibL1Calo - INFO: ===> listening for new valid runs <===
2009-05-20 09:51 - LArCalibL1Calo - DEBUG: initialising coolRunLister
2009-05-20 09:51 - LArCalibL1Calo - DEBUG: applying selections to coolRunLister
2009-05-20 09:51 - LArCalibL1Calo - INFO: last valid run: 115082
2009-05-20 09:51 - LArCalibL1Calo - INFO: searching for new runs from 115083 to 2147483647
2009-05-20 09:52 - LArCalibL1Calo - DEBUG:  No new valid run. Last known valid run still: 115082
2009-05-20 10:07 - LArCalibL1Calo - INFO: ===> listening for new valid runs <===
2009-05-20 10:07 - LArCalibL1Calo - DEBUG: initialising coolRunLister
2009-05-20 10:07 - LArCalibL1Calo - DEBUG: applying selections to coolRunLister
2009-05-20 10:07 - LArCalibL1Calo - INFO: last valid run: 115082
2009-05-20 10:07 - LArCalibL1Calo - INFO: searching for new runs from 115083 to 2147483647
2009-05-20 10:07 - LArCalibL1Calo - DEBUG:  No new valid run. Last known valid run still: 115082
2009-05-20 10:22 - LArCalibL1Calo - INFO: ===> listening for new valid runs <===
2009-05-20 10:22 - LArCalibL1Calo - DEBUG: initialising coolRunLister
2009-05-20 10:22 - LArCalibL1Calo - DEBUG: applying selections to coolRunLister
2009-05-20 10:22 - LArCalibL1Calo - INFO: last valid run: 115082
2009-05-20 10:22 - LArCalibL1Calo - INFO: searching for new runs from 115083 to 2147483647
2009-05-20 10:22 - LArCalibL1Calo - DEBUG:  No new valid run. Last known valid run still: 115082
2009-05-20 10:37 - LArCalibL1Calo - INFO: ===> listening for new valid runs <===
2009-05-20 10:37 - LArCalibL1Calo - DEBUG: initialising coolRunLister
2009-05-20 10:37 - LArCalibL1Calo - DEBUG: applying selections to coolRunLister
2009-05-20 10:37 - LArCalibL1Calo - INFO: last valid run: 115082
2009-05-20 10:37 - LArCalibL1Calo - INFO: searching for new runs from 115083 to 2147483647
2009-05-20 10:37 - LArCalibL1Calo - DEBUG:  No new valid run. Last known valid run still: 115082
2009-05-20 10:52 - LArCalibL1Calo - INFO: ===> listening for new valid runs <===
2009-05-20 10:52 - LArCalibL1Calo - DEBUG: initialising coolRunLister
2009-05-20 10:52 - LArCalibL1Calo - DEBUG: applying selections to coolRunLister
2009-05-20 10:52 - LArCalibL1Calo - INFO: last valid run: 115082
2009-05-20 10:52 - LArCalibL1Calo - INFO: searching for new runs from 115083 to 2147483647
2009-05-20 10:52 - LArCalibL1Calo - DEBUG:  No new valid run. Last known valid run still: 115082
2009-05-20 11:07 - LArCalibL1Calo - INFO: ===> listening for new valid runs <===
2009-05-20 11:07 - LArCalibL1Calo - DEBUG: initialising coolRunLister
2009-05-20 11:07 - LArCalibL1Calo - DEBUG: applying selections to coolRunLister
2009-05-20 11:07 - LArCalibL1Calo - INFO: last valid run: 115082
2009-05-20 11:07 - LArCalibL1Calo - INFO: searching for new runs from 115083 to 2147483647
2009-05-20 11:07 - LArCalibL1Calo - DEBUG:  No new valid run. Last known valid run still: 115082
2009-05-20 11:22 - LArCalibL1Calo - INFO: ===> listening for new valid runs <===
2009-05-20 11:22 - LArCalibL1Calo - DEBUG: initialising coolRunLister
2009-05-20 11:22 - LArCalibL1Calo - DEBUG: applying selections to coolRunLister
2009-05-20 11:22 - LArCalibL1Calo - INFO: last valid run: 115082
2009-05-20 11:22 - LArCalibL1Calo - INFO: searching for new runs from 115083 to 2147483647
2009-05-20 11:22 - LArCalibL1Calo - DEBUG:  No new valid run. Last known valid run still: 115082
2009-05-20 11:37 - LArCalibL1Calo - INFO: ===> listening for new valid runs <===
2009-05-20 11:37 - LArCalibL1Calo - DEBUG: initialising coolRunLister
2009-05-20 11:37 - LArCalibL1Calo - DEBUG: applying selections to coolRunLister
2009-05-20 11:37 - LArCalibL1Calo - INFO: last valid run: 115082
2009-05-20 11:37 - LArCalibL1Calo - INFO: searching for new runs from 115083 to 2147483647
2009-05-20 11:37 - LArCalibL1Calo - DEBUG: new last known run: 115854
2009-05-20 11:37 - LArCalibL1Calo - DEBUG: 
     Run   Events  LumiB            StartTime             StopTime L1Events L2Events EFEvents ErrC Rec Cln RunType                  DetectorMask DAQConfiguration     PartitionName    FilenameTag         
  115854     2300      2  2009-05-20:09:28:44  2009-05-20:09:35:24     2300        0     2300    0  No Yes LarCalibL1Calo             7c000ff000 Schema=142:Data=184  LArgL1Calo-TTC2LAN data09_calocomm     

2009-05-20 11:53 - LArCalibL1Calo - INFO: ===> listening for new valid runs <===
2009-05-20 11:53 - LArCalibL1Calo - DEBUG: initialising coolRunLister
2009-05-20 11:53 - LArCalibL1Calo - DEBUG: applying selections to coolRunLister
2009-05-20 11:53 - LArCalibL1Calo - INFO: last valid run: 115854
2009-05-20 11:53 - LArCalibL1Calo - INFO: searching for new runs from 115855 to 2147483647
2009-05-20 11:53 - LArCalibL1Calo - DEBUG:  No new valid run. Last known valid run still: 115854
2009-05-20 12:08 - LArCalibL1Calo - INFO: ===> listening for new valid runs <===
2009-05-20 12:08 - LArCalibL1Calo - DEBUG: initialising coolRunLister
2009-05-20 12:08 - LArCalibL1Calo - DEBUG: applying selections to coolRunLister
2009-05-20 12:08 - LArCalibL1Calo - INFO: last valid run: 115854
2009-05-20 12:08 - LArCalibL1Calo - INFO: searching for new runs from 115855 to 2147483647
2009-05-20 12:08 - LArCalibL1Calo - DEBUG:  No new valid run. Last known valid run still: 115854
2009-05-20 12:23 - LArCalibL1Calo - INFO: ===> listening for new valid runs <===
2009-05-20 12:23 - LArCalibL1Calo - DEBUG: initialising coolRunLister
2009-05-20 12:23 - LArCalibL1Calo - DEBUG: applying selections to coolRunLister
2009-05-20 12:23 - LArCalibL1Calo - INFO: last valid run: 115854
2009-05-20 12:23 - LArCalibL1Calo - INFO: searching for new runs from 115855 to 2147483647
2009-05-20 12:23 - LArCalibL1Calo - DEBUG: new last known run: 115872
2009-05-20 12:23 - LArCalibL1Calo - DEBUG: 
     Run   Events  LumiB            StartTime             StopTime L1Events L2Events EFEvents ErrC Rec Cln RunType                  DetectorMask DAQConfiguration     PartitionName    FilenameTag         
  115872     2700      2  2009-05-20:10:09:34  2009-05-20:10:17:09     2700        0     2700    0  No Yes LarCalibL1Calo             7c000ff000 Schema=142:Data=184  LArgL1Calo-TTC2LAN data09_calocomm     

2009-05-20 12:38 - LArCalibL1Calo - INFO: ===> listening for new valid runs <===
2009-05-20 12:38 - LArCalibL1Calo - DEBUG: initialising coolRunLister
2009-05-20 12:38 - LArCalibL1Calo - DEBUG: applying selections to coolRunLister
2009-05-20 12:38 - LArCalibL1Calo - INFO: last valid run: 115872
2009-05-20 12:38 - LArCalibL1Calo - INFO: searching for new runs from 115873 to 2147483647
2009-05-20 12:38 - LArCalibL1Calo - DEBUG: new last known run: 115874
2009-05-20 12:38 - LArCalibL1Calo - DEBUG: 
     Run   Events  LumiB            StartTime             StopTime L1Events L2Events EFEvents ErrC Rec Cln RunType                  DetectorMask DAQConfiguration     PartitionName    FilenameTag         
  115874     2099      2  2009-05-20:10:21:54  2009-05-20:10:28:12     2100        0     2100    0  No Yes LarCalibL1Calo             7c000ff000 Schema=142:Data=184  LArgL1Calo-TTC2LAN data09_calocomm     

2009-05-20 12:53 - LArCalibL1Calo - INFO: ===> listening for new valid runs <===
2009-05-20 12:53 - LArCalibL1Calo - DEBUG: initialising coolRunLister
2009-05-20 12:53 - LArCalibL1Calo - DEBUG: applying selections to coolRunLister
2009-05-20 12:53 - LArCalibL1Calo - INFO: last valid run: 115874
2009-05-20 12:53 - LArCalibL1Calo - INFO: searching for new runs from 115875 to 2147483647
2009-05-20 12:53 - LArCalibL1Calo - DEBUG:  No new valid run. Last known valid run still: 115874
2009-05-20 13:08 - LArCalibL1Calo - INFO: ===> listening for new valid runs <===
2009-05-20 13:08 - LArCalibL1Calo - DEBUG: initialising coolRunLister
2009-05-20 13:08 - LArCalibL1Calo - DEBUG: applying selections to coolRunLister
2009-05-20 13:08 - LArCalibL1Calo - INFO: last valid run: 115874
2009-05-20 13:08 - LArCalibL1Calo - INFO: searching for new runs from 115875 to 2147483647
2009-05-20 13:08 - LArCalibL1Calo - DEBUG:  No new valid run. Last known valid run still: 115874
2009-05-20 13:23 - LArCalibL1Calo - INFO: ===> listening for new valid runs <===
2009-05-20 13:23 - LArCalibL1Calo - DEBUG: initialising coolRunLister
2009-05-20 13:23 - LArCalibL1Calo - DEBUG: applying selections to coolRunLister
2009-05-20 13:23 - LArCalibL1Calo - INFO: last valid run: 115874
2009-05-20 13:23 - LArCalibL1Calo - INFO: searching for new runs from 115875 to 2147483647
2009-05-20 13:23 - LArCalibL1Calo - DEBUG:  No new valid run. Last known valid run still: 115874
2009-05-20 13:38 - LArCalibL1Calo - INFO: ===> listening for new valid runs <===
2009-05-20 13:38 - LArCalibL1Calo - DEBUG: initialising coolRunLister
2009-05-20 13:38 - LArCalibL1Calo - DEBUG: applying selections to coolRunLister
2009-05-20 13:38 - LArCalibL1Calo - INFO: last valid run: 115874
2009-05-20 13:38 - LArCalibL1Calo - INFO: searching for new runs from 115875 to 2147483647
2009-05-20 13:39 - LArCalibL1Calo - DEBUG:  No new valid run. Last known valid run still: 115874
2009-05-20 13:54 - LArCalibL1Calo - INFO: ===> listening for new valid runs <===
2009-05-20 13:54 - LArCalibL1Calo - DEBUG: initialising coolRunLister
2009-05-20 13:54 - LArCalibL1Calo - DEBUG: applying selections to coolRunLister
2009-05-20 13:54 - LArCalibL1Calo - INFO: last valid run: 115874
2009-05-20 13:54 - LArCalibL1Calo - INFO: searching for new runs from 115875 to 2147483647
2009-05-20 13:54 - LArCalibL1Calo - DEBUG:  No new valid run. Last known valid run still: 115874
2009-05-20 14:09 - LArCalibL1Calo - INFO: ===> listening for new valid runs <===
2009-05-20 14:09 - LArCalibL1Calo - DEBUG: initialising coolRunLister
2009-05-20 14:09 - LArCalibL1Calo - DEBUG: applying selections to coolRunLister
2009-05-20 14:09 - LArCalibL1Calo - INFO: last valid run: 115874
2009-05-20 14:09 - LArCalibL1Calo - INFO: searching for new runs from 115875 to 2147483647
2009-05-20 14:09 - LArCalibL1Calo - DEBUG:  No new valid run. Last known valid run still: 115874
2009-05-20 14:24 - LArCalibL1Calo - INFO: ===> listening for new valid runs <===
2009-05-20 14:24 - LArCalibL1Calo - DEBUG: initialising coolRunLister
2009-05-20 14:24 - LArCalibL1Calo - DEBUG: applying selections to coolRunLister
2009-05-20 14:24 - LArCalibL1Calo - INFO: last valid run: 115874
2009-05-20 14:24 - LArCalibL1Calo - INFO: searching for new runs from 115875 to 2147483647
2009-05-20 14:24 - LArCalibL1Calo - DEBUG:  No new valid run. Last known valid run still: 115874
2009-05-20 14:39 - LArCalibL1Calo - INFO: ===> listening for new valid runs <===
2009-05-20 14:39 - LArCalibL1Calo - DEBUG: initialising coolRunLister
2009-05-20 14:39 - LArCalibL1Calo - DEBUG: applying selections to coolRunLister
2009-05-20 14:39 - LArCalibL1Calo - INFO: last valid run: 115874
2009-05-20 14:39 - LArCalibL1Calo - INFO: searching for new runs from 115875 to 2147483647
2009-05-20 14:39 - LArCalibL1Calo - DEBUG:  No new valid run. Last known valid run still: 115874
2009-05-20 14:54 - LArCalibL1Calo - INFO: ===> listening for new valid runs <===
2009-05-20 14:54 - LArCalibL1Calo - DEBUG: initialising coolRunLister
2009-05-20 14:54 - LArCalibL1Calo - DEBUG: applying selections to coolRunLister
2009-05-20 14:54 - LArCalibL1Calo - INFO: last valid run: 115874
2009-05-20 14:54 - LArCalibL1Calo - INFO: searching for new runs from 115875 to 2147483647
2009-05-20 14:54 - LArCalibL1Calo - DEBUG: new last known run: 115902
2009-05-20 14:54 - LArCalibL1Calo - DEBUG: 
     Run   Events  LumiB            StartTime             StopTime L1Events L2Events EFEvents ErrC Rec Cln RunType                  DetectorMask DAQConfiguration     PartitionName    FilenameTag         
  115902     1400      1  2009-05-20:12:36:56  2009-05-20:12:40:49     1400        0     1400    0  No Yes LarCalibL1Calo             7c000ff000 Schema=142:Data=184  LArgL1Calo-TTC2LAN data09_calocomm     

2009-05-20 15:09 - LArCalibL1Calo - INFO: ===> listening for new valid runs <===
2009-05-20 15:09 - LArCalibL1Calo - DEBUG: initialising coolRunLister
2009-05-20 15:09 - LArCalibL1Calo - DEBUG: applying selections to coolRunLister
2009-05-20 15:09 - LArCalibL1Calo - INFO: last valid run: 115902
2009-05-20 15:09 - LArCalibL1Calo - INFO: searching for new runs from 115903 to 2147483647
2009-05-20 15:09 - LArCalibL1Calo - DEBUG:  No new valid run. Last known valid run still: 115902
2009-05-20 15:24 - LArCalibL1Calo - INFO: ===> listening for new valid runs <===
2009-05-20 15:24 - LArCalibL1Calo - DEBUG: initialising coolRunLister
2009-05-20 15:24 - LArCalibL1Calo - DEBUG: applying selections to coolRunLister
2009-05-20 15:24 - LArCalibL1Calo - INFO: last valid run: 115902
2009-05-20 15:24 - LArCalibL1Calo - INFO: searching for new runs from 115903 to 2147483647
2009-05-20 15:24 - LArCalibL1Calo - DEBUG:  No new valid run. Last known valid run still: 115902
2009-05-20 15:40 - LArCalibL1Calo - INFO: ===> listening for new valid runs <===
2009-05-20 15:40 - LArCalibL1Calo - DEBUG: initialising coolRunLister
2009-05-20 15:40 - LArCalibL1Calo - DEBUG: applying selections to coolRunLister
2009-05-20 15:40 - LArCalibL1Calo - INFO: last valid run: 115902
2009-05-20 15:40 - LArCalibL1Calo - INFO: searching for new runs from 115903 to 2147483647
2009-05-20 15:40 - LArCalibL1Calo - DEBUG:  No new valid run. Last known valid run still: 115902
2009-05-20 15:55 - LArCalibL1Calo - INFO: ===> listening for new valid runs <===
2009-05-20 15:55 - LArCalibL1Calo - DEBUG: initialising coolRunLister
2009-05-20 15:55 - LArCalibL1Calo - DEBUG: applying selections to coolRunLister
2009-05-20 15:55 - LArCalibL1Calo - INFO: last valid run: 115902
2009-05-20 15:55 - LArCalibL1Calo - INFO: searching for new runs from 115903 to 2147483647
2009-05-20 15:55 - LArCalibL1Calo - DEBUG:  No new valid run. Last known valid run still: 115902
2009-05-20 16:10 - LArCalibL1Calo - INFO: ===> listening for new valid runs <===
2009-05-20 16:10 - LArCalibL1Calo - DEBUG: initialising coolRunLister
2009-05-20 16:10 - LArCalibL1Calo - DEBUG: applying selections to coolRunLister
2009-05-20 16:10 - LArCalibL1Calo - INFO: last valid run: 115902
2009-05-20 16:10 - LArCalibL1Calo - INFO: searching for new runs from 115903 to 2147483647
2009-05-20 16:10 - LArCalibL1Calo - DEBUG:  No new valid run. Last known valid run still: 115902
2009-05-20 16:25 - LArCalibL1Calo - INFO: ===> listening for new valid runs <===
2009-05-20 16:25 - LArCalibL1Calo - DEBUG: initialising coolRunLister
2009-05-20 16:25 - LArCalibL1Calo - DEBUG: applying selections to coolRunLister
2009-05-20 16:25 - LArCalibL1Calo - INFO: last valid run: 115902
2009-05-20 16:25 - LArCalibL1Calo - INFO: searching for new runs from 115903 to 2147483647
2009-05-20 16:25 - LArCalibL1Calo - DEBUG:  No new valid run. Last known valid run still: 115902
2009-05-20 16:40 - LArCalibL1Calo - INFO: ===> listening for new valid runs <===
2009-05-20 16:40 - LArCalibL1Calo - DEBUG: initialising coolRunLister
2009-05-20 16:40 - LArCalibL1Calo - DEBUG: applying selections to coolRunLister
2009-05-20 16:40 - LArCalibL1Calo - INFO: last valid run: 115902
2009-05-20 16:40 - LArCalibL1Calo - INFO: searching for new runs from 115903 to 2147483647
2009-05-20 16:40 - LArCalibL1Calo - DEBUG: new last known run: 115922
2009-05-20 16:41 - LArCalibL1Calo - DEBUG: 
     Run   Events  LumiB            StartTime             StopTime L1Events L2Events EFEvents ErrC Rec Cln RunType                  DetectorMask DAQConfiguration     PartitionName    FilenameTag         
  115922     1400      3  2009-05-20:14:28:17  2009-05-20:14:31:46     1400        0     1400    0  No Yes LarCalibL1Calo             7c000ff000 Schema=142:Data=184  LArgL1Calo-TTC2LAN data09_calocomm     

2009-05-20 16:56 - LArCalibL1Calo - INFO: ===> listening for new valid runs <===
2009-05-20 16:56 - LArCalibL1Calo - DEBUG: initialising coolRunLister
2009-05-20 16:56 - LArCalibL1Calo - DEBUG: applying selections to coolRunLister
2009-05-20 16:56 - LArCalibL1Calo - INFO: last valid run: 115922
2009-05-20 16:56 - LArCalibL1Calo - INFO: searching for new runs from 115923 to 2147483647
2009-05-20 16:56 - LArCalibL1Calo - DEBUG: new last known run: 115926
2009-05-20 16:56 - LArCalibL1Calo - DEBUG: 
     Run   Events  LumiB            StartTime             StopTime L1Events L2Events EFEvents ErrC Rec Cln RunType                  DetectorMask DAQConfiguration     PartitionName    FilenameTag         
  115926     4500      7  2009-05-20:14:33:52  2009-05-20:14:53:03     4500        0     4500    0  No Yes LarCalibL1Calo             7c000ff000 Schema=142:Data=184  LArgL1Calo-TTC2LAN data09_calocomm     

2009-05-20 17:11 - LArCalibL1Calo - INFO: ===> listening for new valid runs <===
2009-05-20 17:11 - LArCalibL1Calo - DEBUG: initialising coolRunLister
2009-05-20 17:11 - LArCalibL1Calo - DEBUG: applying selections to coolRunLister
2009-05-20 17:11 - LArCalibL1Calo - INFO: last valid run: 115926
2009-05-20 17:11 - LArCalibL1Calo - INFO: searching for new runs from 115927 to 2147483647
2009-05-20 17:11 - LArCalibL1Calo - DEBUG:  No new valid run. Last known valid run still: 115926
2009-05-20 17:27 - LArCalibL1Calo - INFO: ===> listening for new valid runs <===
2009-05-20 17:27 - LArCalibL1Calo - DEBUG: initialising coolRunLister
2009-05-20 17:27 - LArCalibL1Calo - DEBUG: applying selections to coolRunLister
2009-05-20 17:27 - LArCalibL1Calo - INFO: last valid run: 115926
2009-05-20 17:27 - LArCalibL1Calo - INFO: searching for new runs from 115927 to 2147483647
2009-05-20 17:27 - LArCalibL1Calo - DEBUG:  No new valid run. Last known valid run still: 115926
2009-05-20 17:42 - LArCalibL1Calo - INFO: ===> listening for new valid runs <===
2009-05-20 17:42 - LArCalibL1Calo - DEBUG: initialising coolRunLister
2009-05-20 17:42 - LArCalibL1Calo - DEBUG: applying selections to coolRunLister
2009-05-20 17:42 - LArCalibL1Calo - INFO: last valid run: 115926
2009-05-20 17:42 - LArCalibL1Calo - INFO: searching for new runs from 115927 to 2147483647
2009-05-20 17:42 - LArCalibL1Calo - DEBUG:  No new valid run. Last known valid run still: 115926
2009-05-20 17:57 - LArCalibL1Calo - INFO: ===> listening for new valid runs <===
2009-05-20 17:57 - LArCalibL1Calo - DEBUG: initialising coolRunLister
2009-05-20 17:57 - LArCalibL1Calo - DEBUG: applying selections to coolRunLister
2009-05-20 17:57 - LArCalibL1Calo - INFO: last valid run: 115926
2009-05-20 17:57 - LArCalibL1Calo - INFO: searching for new runs from 115927 to 2147483647
2009-05-20 17:57 - LArCalibL1Calo - DEBUG:  No new valid run. Last known valid run still: 115926
2009-05-20 18:12 - LArCalibL1Calo - INFO: ===> listening for new valid runs <===
2009-05-20 18:12 - LArCalibL1Calo - DEBUG: initialising coolRunLister
2009-05-20 18:12 - LArCalibL1Calo - DEBUG: applying selections to coolRunLister
2009-05-20 18:12 - LArCalibL1Calo - INFO: last valid run: 115926
2009-05-20 18:12 - LArCalibL1Calo - INFO: searching for new runs from 115927 to 2147483647
2009-05-20 18:12 - LArCalibL1Calo - DEBUG:  No new valid run. Last known valid run still: 115926
2009-05-20 18:27 - LArCalibL1Calo - INFO: ===> listening for new valid runs <===
2009-05-20 18:27 - LArCalibL1Calo - DEBUG: initialising coolRunLister
2009-05-20 18:27 - LArCalibL1Calo - DEBUG: applying selections to coolRunLister
2009-05-20 18:27 - LArCalibL1Calo - INFO: last valid run: 115926
2009-05-20 18:27 - LArCalibL1Calo - INFO: searching for new runs from 115927 to 2147483647
2009-05-20 18:27 - LArCalibL1Calo - DEBUG:  No new valid run. Last known valid run still: 115926
2009-05-20 18:42 - LArCalibL1Calo - INFO: ===> listening for new valid runs <===
2009-05-20 18:42 - LArCalibL1Calo - DEBUG: initialising coolRunLister
2009-05-20 18:42 - LArCalibL1Calo - DEBUG: applying selections to coolRunLister
2009-05-20 18:42 - LArCalibL1Calo - INFO: last valid run: 115926
2009-05-20 18:42 - LArCalibL1Calo - INFO: searching for new runs from 115927 to 2147483647
2009-05-20 18:42 - LArCalibL1Calo - DEBUG: new last known run: 115950
2009-05-20 18:42 - LArCalibL1Calo - DEBUG: 
     Run   Events  LumiB            StartTime             StopTime L1Events L2Events EFEvents ErrC Rec Cln RunType                  DetectorMask DAQConfiguration     PartitionName    FilenameTag         
  115950     2032      4  2009-05-20:16:28:48  2009-05-20:16:35:44     2103        0     2032    0  No Yes LarCalibL1Calo             7c000ff000 Schema=142:Data=207  LArgL1Calo-TTC2LAN data09_calocomm     

2009-05-20 18:58 - LArCalibL1Calo - INFO: ===> listening for new valid runs <===
2009-05-20 18:58 - LArCalibL1Calo - DEBUG: initialising coolRunLister
2009-05-20 18:58 - LArCalibL1Calo - DEBUG: applying selections to coolRunLister
2009-05-20 18:58 - LArCalibL1Calo - INFO: last valid run: 115950
2009-05-20 18:58 - LArCalibL1Calo - INFO: searching for new runs from 115951 to 2147483647
2009-05-20 18:58 - LArCalibL1Calo - DEBUG: new last known run: 115952
2009-05-20 18:58 - LArCalibL1Calo - DEBUG: 
     Run   Events  LumiB            StartTime             StopTime L1Events L2Events EFEvents ErrC Rec Cln RunType                  DetectorMask DAQConfiguration     PartitionName    FilenameTag         
  115951     1913      1  2009-05-20:16:40:52  2009-05-20:16:47:00     1913        0     1913    0  No Yes LarCalibL1Calo             7c000ff000 Schema=142:Data=207  LArgL1Calo-TTC2LAN data09_calocomm     
     Run   Events  LumiB            StartTime             StopTime L1Events L2Events EFEvents ErrC Rec Cln RunType                  DetectorMask DAQConfiguration     PartitionName    FilenameTag         
  115952     1812      3  2009-05-20:16:48:22  2009-05-20:16:54:57     1813        0     1813    0  No Yes LarCalibL1Calo             7c000ff000 Schema=142:Data=207  LArgL1Calo-TTC2LAN data09_calocomm     

2009-05-20 19:13 - LArCalibL1Calo - INFO: ===> listening for new valid runs <===
2009-05-20 19:13 - LArCalibL1Calo - DEBUG: initialising coolRunLister
2009-05-20 19:13 - LArCalibL1Calo - DEBUG: applying selections to coolRunLister
2009-05-20 19:13 - LArCalibL1Calo - INFO: last valid run: 115952
2009-05-20 19:13 - LArCalibL1Calo - INFO: searching for new runs from 115953 to 2147483647
2009-05-20 19:13 - LArCalibL1Calo - DEBUG:  No new valid run. Last known valid run still: 115952
2009-05-20 19:28 - LArCalibL1Calo - INFO: ===> listening for new valid runs <===
2009-05-20 19:28 - LArCalibL1Calo - DEBUG: initialising coolRunLister
2009-05-20 19:28 - LArCalibL1Calo - DEBUG: applying selections to coolRunLister
2009-05-20 19:28 - LArCalibL1Calo - INFO: last valid run: 115952
2009-05-20 19:28 - LArCalibL1Calo - INFO: searching for new runs from 115953 to 2147483647
2009-05-20 19:28 - LArCalibL1Calo - DEBUG:  No new valid run. Last known valid run still: 115952
2009-05-20 19:43 - LArCalibL1Calo - INFO: ===> listening for new valid runs <===
2009-05-20 19:43 - LArCalibL1Calo - DEBUG: initialising coolRunLister
2009-05-20 19:43 - LArCalibL1Calo - DEBUG: applying selections to coolRunLister
2009-05-20 19:43 - LArCalibL1Calo - INFO: last valid run: 115952
2009-05-20 19:43 - LArCalibL1Calo - INFO: searching for new runs from 115953 to 2147483647
2009-05-20 19:43 - LArCalibL1Calo - DEBUG:  No new valid run. Last known valid run still: 115952
2009-05-20 19:59 - LArCalibL1Calo - INFO: ===> listening for new valid runs <===
2009-05-20 19:59 - LArCalibL1Calo - DEBUG: initialising coolRunLister
2009-05-20 19:59 - LArCalibL1Calo - DEBUG: applying selections to coolRunLister
2009-05-20 19:59 - LArCalibL1Calo - INFO: last valid run: 115952
2009-05-20 19:59 - LArCalibL1Calo - INFO: searching for new runs from 115953 to 2147483647
2009-05-20 19:59 - LArCalibL1Calo - DEBUG:  No new valid run. Last known valid run still: 115952
2009-05-20 20:14 - LArCalibL1Calo - INFO: ===> listening for new valid runs <===
2009-05-20 20:14 - LArCalibL1Calo - DEBUG: initialising coolRunLister
2009-05-20 20:14 - LArCalibL1Calo - DEBUG: applying selections to coolRunLister
2009-05-20 20:14 - LArCalibL1Calo - INFO: last valid run: 115952
2009-05-20 20:14 - LArCalibL1Calo - INFO: searching for new runs from 115953 to 2147483647
2009-05-20 20:14 - LArCalibL1Calo - DEBUG:  No new valid run. Last known valid run still: 115952
2009-05-20 20:29 - LArCalibL1Calo - INFO: ===> listening for new valid runs <===
2009-05-20 20:29 - LArCalibL1Calo - DEBUG: initialising coolRunLister
2009-05-20 20:29 - LArCalibL1Calo - DEBUG: applying selections to coolRunLister
2009-05-20 20:29 - LArCalibL1Calo - INFO: last valid run: 115952
2009-05-20 20:29 - LArCalibL1Calo - INFO: searching for new runs from 115953 to 2147483647
2009-05-20 20:29 - LArCalibL1Calo - DEBUG:  No new valid run. Last known valid run still: 115952
2009-05-20 20:44 - LArCalibL1Calo - INFO: ===> listening for new valid runs <===
2009-05-20 20:44 - LArCalibL1Calo - DEBUG: initialising coolRunLister
2009-05-20 20:44 - LArCalibL1Calo - DEBUG: applying selections to coolRunLister
2009-05-20 20:44 - LArCalibL1Calo - INFO: last valid run: 115952
2009-05-20 20:44 - LArCalibL1Calo - INFO: searching for new runs from 115953 to 2147483647
2009-05-20 20:44 - LArCalibL1Calo - DEBUG:  No new valid run. Last known valid run still: 115952
2009-05-20 20:59 - LArCalibL1Calo - INFO: ===> listening for new valid runs <===
2009-05-20 20:59 - LArCalibL1Calo - DEBUG: initialising coolRunLister
2009-05-20 20:59 - LArCalibL1Calo - DEBUG: applying selections to coolRunLister
2009-05-20 20:59 - LArCalibL1Calo - INFO: last valid run: 115952
2009-05-20 20:59 - LArCalibL1Calo - INFO: searching for new runs from 115953 to 2147483647
2009-05-20 20:59 - LArCalibL1Calo - DEBUG:  No new valid run. Last known valid run still: 115952
2009-05-20 21:14 - LArCalibL1Calo - INFO: ===> listening for new valid runs <===
2009-05-20 21:14 - LArCalibL1Calo - DEBUG: initialising coolRunLister
2009-05-20 21:14 - LArCalibL1Calo - DEBUG: applying selections to coolRunLister
2009-05-20 21:14 - LArCalibL1Calo - INFO: last valid run: 115952
2009-05-20 21:14 - LArCalibL1Calo - INFO: searching for new runs from 115953 to 2147483647
2009-05-20 21:14 - LArCalibL1Calo - DEBUG:  No new valid run. Last known valid run still: 115952
2009-05-20 21:29 - LArCalibL1Calo - INFO: ===> listening for new valid runs <===
2009-05-20 21:29 - LArCalibL1Calo - DEBUG: initialising coolRunLister
2009-05-20 21:29 - LArCalibL1Calo - DEBUG: applying selections to coolRunLister
2009-05-20 21:29 - LArCalibL1Calo - INFO: last valid run: 115952
2009-05-20 21:29 - LArCalibL1Calo - INFO: searching for new runs from 115953 to 2147483647
2009-05-20 21:29 - LArCalibL1Calo - DEBUG:  No new valid run. Last known valid run still: 115952
2009-05-20 21:44 - LArCalibL1Calo - INFO: ===> listening for new valid runs <===
2009-05-20 21:44 - LArCalibL1Calo - DEBUG: initialising coolRunLister
2009-05-20 21:44 - LArCalibL1Calo - DEBUG: applying selections to coolRunLister
2009-05-20 21:44 - LArCalibL1Calo - INFO: last valid run: 115952
2009-05-20 21:44 - LArCalibL1Calo - INFO: searching for new runs from 115953 to 2147483647
2009-05-20 21:44 - LArCalibL1Calo - DEBUG:  No new valid run. Last known valid run still: 115952
2009-05-20 22:00 - LArCalibL1Calo - INFO: ===> listening for new valid runs <===
2009-05-20 22:00 - LArCalibL1Calo - DEBUG: initialising coolRunLister
2009-05-20 22:00 - LArCalibL1Calo - DEBUG: applying selections to coolRunLister
2009-05-20 22:00 - LArCalibL1Calo - INFO: last valid run: 115952
2009-05-20 22:00 - LArCalibL1Calo - INFO: searching for new runs from 115953 to 2147483647
2009-05-20 22:00 - LArCalibL1Calo - DEBUG:  No new valid run. Last known valid run still: 115952
2009-05-20 22:15 - LArCalibL1Calo - INFO: ===> listening for new valid runs <===
2009-05-20 22:15 - LArCalibL1Calo - DEBUG: initialising coolRunLister
2009-05-20 22:15 - LArCalibL1Calo - DEBUG: applying selections to coolRunLister
2009-05-20 22:15 - LArCalibL1Calo - INFO: last valid run: 115952
2009-05-20 22:15 - LArCalibL1Calo - INFO: searching for new runs from 115953 to 2147483647
2009-05-20 22:15 - LArCalibL1Calo - DEBUG:  No new valid run. Last known valid run still: 115952
2009-05-20 22:30 - LArCalibL1Calo - INFO: ===> listening for new valid runs <===
2009-05-20 22:30 - LArCalibL1Calo - DEBUG: initialising coolRunLister
2009-05-20 22:30 - LArCalibL1Calo - DEBUG: applying selections to coolRunLister
2009-05-20 22:30 - LArCalibL1Calo - INFO: last valid run: 115952
2009-05-20 22:30 - LArCalibL1Calo - INFO: searching for new runs from 115953 to 2147483647
2009-05-20 22:30 - LArCalibL1Calo - DEBUG:  No new valid run. Last known valid run still: 115952
2009-05-20 22:45 - LArCalibL1Calo - INFO: ===> listening for new valid runs <===
2009-05-20 22:45 - LArCalibL1Calo - DEBUG: initialising coolRunLister
2009-05-20 22:45 - LArCalibL1Calo - DEBUG: applying selections to coolRunLister
2009-05-20 22:45 - LArCalibL1Calo - INFO: last valid run: 115952
2009-05-20 22:45 - LArCalibL1Calo - INFO: searching for new runs from 115953 to 2147483647
2009-05-20 22:45 - LArCalibL1Calo - DEBUG:  No new valid run. Last known valid run still: 115952
2009-05-20 23:00 - LArCalibL1Calo - INFO: ===> listening for new valid runs <===
2009-05-20 23:00 - LArCalibL1Calo - DEBUG: initialising coolRunLister
2009-05-20 23:00 - LArCalibL1Calo - DEBUG: applying selections to coolRunLister
2009-05-20 23:00 - LArCalibL1Calo - INFO: last valid run: 115952
2009-05-20 23:00 - LArCalibL1Calo - INFO: searching for new runs from 115953 to 2147483647
2009-05-20 23:00 - LArCalibL1Calo - DEBUG:  No new valid run. Last known valid run still: 115952
2009-05-20 23:15 - LArCalibL1Calo - INFO: ===> listening for new valid runs <===
2009-05-20 23:15 - LArCalibL1Calo - DEBUG: initialising coolRunLister
2009-05-20 23:15 - LArCalibL1Calo - DEBUG: applying selections to coolRunLister
2009-05-20 23:15 - LArCalibL1Calo - INFO: last valid run: 115952
2009-05-20 23:15 - LArCalibL1Calo - INFO: searching for new runs from 115953 to 2147483647
2009-05-20 23:15 - LArCalibL1Calo - DEBUG:  No new valid run. Last known valid run still: 115952
2009-05-20 23:30 - LArCalibL1Calo - INFO: ===> listening for new valid runs <===
2009-05-20 23:30 - LArCalibL1Calo - DEBUG: initialising coolRunLister
2009-05-20 23:30 - LArCalibL1Calo - DEBUG: applying selections to coolRunLister
2009-05-20 23:30 - LArCalibL1Calo - INFO: last valid run: 115952
2009-05-20 23:30 - LArCalibL1Calo - INFO: searching for new runs from 115953 to 2147483647
2009-05-20 23:30 - LArCalibL1Calo - DEBUG:  No new valid run. Last known valid run still: 115952
2009-05-20 23:45 - LArCalibL1Calo - INFO: ===> listening for new valid runs <===
2009-05-20 23:45 - LArCalibL1Calo - DEBUG: initialising coolRunLister
2009-05-20 23:45 - LArCalibL1Calo - DEBUG: applying selections to coolRunLister
2009-05-20 23:45 - LArCalibL1Calo - INFO: last valid run: 115952
2009-05-20 23:45 - LArCalibL1Calo - INFO: searching for new runs from 115953 to 2147483647
2009-05-20 23:45 - LArCalibL1Calo - DEBUG:  No new valid run. Last known valid run still: 115952
2009-05-21 00:01 - LArCalibL1Calo - INFO: ===> listening for new valid runs <===
2009-05-21 00:01 - LArCalibL1Calo - DEBUG: initialising coolRunLister
2009-05-21 00:01 - LArCalibL1Calo - DEBUG: applying selections to coolRunLister
2009-05-21 00:01 - LArCalibL1Calo - INFO: last valid run: 115952
2009-05-21 00:01 - LArCalibL1Calo - INFO: searching for new runs from 115953 to 2147483647
2009-05-21 00:01 - LArCalibL1Calo - DEBUG:  No new valid run. Last known valid run still: 115952
