2009-06-17 00:01 - LArCalibL1Calo - INFO: ========================================
2009-06-17 00:01 - LArCalibL1Calo - INFO: RunListener in init
2009-06-17 00:01 - LArCalibL1Calo - INFO: RunListener initialized
2009-06-17 00:01 - LArCalibL1Calo - INFO: ========================================
2009-06-17 00:01 - LArCalibL1Calo - INFO: ===> from initRunListener <===
2009-06-17 00:01 - LArCalibL1Calo - INFO: 
RunListener LArCalibL1Caloinitialised with the following parameters:
TDAQ DB: COOLONL_TDAQ/COMP200
TRIG DB: COOLONL_TRIGGER/COMP200
Status DB: COOLONL_TDAQ/COMP200
log level: 0
oracle: False
rec. only: True
det. mask: 0
run type: LarCalibL1Calo
det. status: 
det. status tag: HEAD
daq partition: 
 * LArgL1CaloCombined
tag: 
format: acertd
reverse: False
stoptimestamp: True
cleanstop: True
hasevents: False
last valid run known: 0

2009-06-17 00:19 - LArCalibL1Calo - INFO: ===> listening for new valid runs <===
2009-06-17 00:19 - LArCalibL1Calo - DEBUG: initialising coolRunLister
2009-06-17 00:19 - LArCalibL1Calo - DEBUG: applying selections to coolRunLister
2009-06-17 00:19 - LArCalibL1Calo - INFO: last valid run: 113232
2009-06-17 00:19 - LArCalibL1Calo - INFO: searching for new runs from 113233 to 2147483647
2009-06-17 00:20 - LArCalibL1Calo - DEBUG:  No new valid run. Last known valid run still: 113232
2009-06-17 00:35 - LArCalibL1Calo - INFO: ===> listening for new valid runs <===
2009-06-17 00:35 - LArCalibL1Calo - DEBUG: initialising coolRunLister
2009-06-17 00:35 - LArCalibL1Calo - DEBUG: applying selections to coolRunLister
2009-06-17 00:35 - LArCalibL1Calo - INFO: last valid run: 113232
2009-06-17 00:35 - LArCalibL1Calo - INFO: searching for new runs from 113233 to 2147483647
2009-06-17 00:36 - LArCalibL1Calo - DEBUG:  No new valid run. Last known valid run still: 113232
2009-06-17 00:51 - LArCalibL1Calo - INFO: ===> listening for new valid runs <===
2009-06-17 00:51 - LArCalibL1Calo - DEBUG: initialising coolRunLister
2009-06-17 00:51 - LArCalibL1Calo - DEBUG: applying selections to coolRunLister
2009-06-17 00:51 - LArCalibL1Calo - INFO: last valid run: 113232
2009-06-17 00:51 - LArCalibL1Calo - INFO: searching for new runs from 113233 to 2147483647
2009-06-17 00:51 - LArCalibL1Calo - DEBUG:  No new valid run. Last known valid run still: 113232
2009-06-17 01:07 - LArCalibL1Calo - INFO: ===> listening for new valid runs <===
2009-06-17 01:07 - LArCalibL1Calo - DEBUG: initialising coolRunLister
2009-06-17 01:07 - LArCalibL1Calo - DEBUG: applying selections to coolRunLister
2009-06-17 01:07 - LArCalibL1Calo - INFO: last valid run: 113232
2009-06-17 01:07 - LArCalibL1Calo - INFO: searching for new runs from 113233 to 2147483647
2009-06-17 01:07 - LArCalibL1Calo - DEBUG:  No new valid run. Last known valid run still: 113232
2009-06-17 01:22 - LArCalibL1Calo - INFO: ===> listening for new valid runs <===
2009-06-17 01:22 - LArCalibL1Calo - DEBUG: initialising coolRunLister
2009-06-17 01:22 - LArCalibL1Calo - DEBUG: applying selections to coolRunLister
2009-06-17 01:22 - LArCalibL1Calo - INFO: last valid run: 113232
2009-06-17 01:22 - LArCalibL1Calo - INFO: searching for new runs from 113233 to 2147483647
2009-06-17 01:23 - LArCalibL1Calo - DEBUG:  No new valid run. Last known valid run still: 113232
2009-06-17 01:38 - LArCalibL1Calo - INFO: ===> listening for new valid runs <===
2009-06-17 01:38 - LArCalibL1Calo - DEBUG: initialising coolRunLister
2009-06-17 01:38 - LArCalibL1Calo - DEBUG: applying selections to coolRunLister
2009-06-17 01:38 - LArCalibL1Calo - INFO: last valid run: 113232
2009-06-17 01:38 - LArCalibL1Calo - INFO: searching for new runs from 113233 to 2147483647
2009-06-17 01:38 - LArCalibL1Calo - DEBUG:  No new valid run. Last known valid run still: 113232
2009-06-17 01:54 - LArCalibL1Calo - INFO: ===> listening for new valid runs <===
2009-06-17 01:54 - LArCalibL1Calo - DEBUG: initialising coolRunLister
2009-06-17 01:54 - LArCalibL1Calo - DEBUG: applying selections to coolRunLister
2009-06-17 01:54 - LArCalibL1Calo - INFO: last valid run: 113232
2009-06-17 01:54 - LArCalibL1Calo - INFO: searching for new runs from 113233 to 2147483647
2009-06-17 01:54 - LArCalibL1Calo - DEBUG:  No new valid run. Last known valid run still: 113232
2009-06-17 02:09 - LArCalibL1Calo - INFO: ===> listening for new valid runs <===
2009-06-17 02:09 - LArCalibL1Calo - DEBUG: initialising coolRunLister
2009-06-17 02:09 - LArCalibL1Calo - DEBUG: applying selections to coolRunLister
2009-06-17 02:09 - LArCalibL1Calo - INFO: last valid run: 113232
2009-06-17 02:09 - LArCalibL1Calo - INFO: searching for new runs from 113233 to 2147483647
2009-06-17 02:10 - LArCalibL1Calo - DEBUG:  No new valid run. Last known valid run still: 113232
2009-06-17 02:25 - LArCalibL1Calo - INFO: ===> listening for new valid runs <===
2009-06-17 02:25 - LArCalibL1Calo - DEBUG: initialising coolRunLister
2009-06-17 02:25 - LArCalibL1Calo - DEBUG: applying selections to coolRunLister
2009-06-17 02:25 - LArCalibL1Calo - INFO: last valid run: 113232
2009-06-17 02:25 - LArCalibL1Calo - INFO: searching for new runs from 113233 to 2147483647
2009-06-17 02:25 - LArCalibL1Calo - DEBUG:  No new valid run. Last known valid run still: 113232
2009-06-17 02:40 - LArCalibL1Calo - INFO: ===> listening for new valid runs <===
2009-06-17 02:40 - LArCalibL1Calo - DEBUG: initialising coolRunLister
2009-06-17 02:40 - LArCalibL1Calo - DEBUG: applying selections to coolRunLister
2009-06-17 02:40 - LArCalibL1Calo - INFO: last valid run: 113232
2009-06-17 02:40 - LArCalibL1Calo - INFO: searching for new runs from 113233 to 2147483647
2009-06-17 02:41 - LArCalibL1Calo - DEBUG:  No new valid run. Last known valid run still: 113232
2009-06-17 02:56 - LArCalibL1Calo - INFO: ===> listening for new valid runs <===
2009-06-17 02:56 - LArCalibL1Calo - DEBUG: initialising coolRunLister
2009-06-17 02:56 - LArCalibL1Calo - DEBUG: applying selections to coolRunLister
2009-06-17 02:56 - LArCalibL1Calo - INFO: last valid run: 113232
2009-06-17 02:56 - LArCalibL1Calo - INFO: searching for new runs from 113233 to 2147483647
2009-06-17 02:57 - LArCalibL1Calo - DEBUG:  No new valid run. Last known valid run still: 113232
2009-06-17 03:12 - LArCalibL1Calo - INFO: ===> listening for new valid runs <===
2009-06-17 03:12 - LArCalibL1Calo - DEBUG: initialising coolRunLister
2009-06-17 03:12 - LArCalibL1Calo - DEBUG: applying selections to coolRunLister
2009-06-17 03:12 - LArCalibL1Calo - INFO: last valid run: 113232
2009-06-17 03:12 - LArCalibL1Calo - INFO: searching for new runs from 113233 to 2147483647
2009-06-17 03:12 - LArCalibL1Calo - DEBUG:  No new valid run. Last known valid run still: 113232
2009-06-17 03:27 - LArCalibL1Calo - INFO: ===> listening for new valid runs <===
2009-06-17 03:27 - LArCalibL1Calo - DEBUG: initialising coolRunLister
2009-06-17 03:27 - LArCalibL1Calo - DEBUG: applying selections to coolRunLister
2009-06-17 03:27 - LArCalibL1Calo - INFO: last valid run: 113232
2009-06-17 03:27 - LArCalibL1Calo - INFO: searching for new runs from 113233 to 2147483647
2009-06-17 03:28 - LArCalibL1Calo - DEBUG:  No new valid run. Last known valid run still: 113232
2009-06-17 03:43 - LArCalibL1Calo - INFO: ===> listening for new valid runs <===
2009-06-17 03:43 - LArCalibL1Calo - DEBUG: initialising coolRunLister
2009-06-17 03:43 - LArCalibL1Calo - DEBUG: applying selections to coolRunLister
2009-06-17 03:43 - LArCalibL1Calo - INFO: last valid run: 113232
2009-06-17 03:43 - LArCalibL1Calo - INFO: searching for new runs from 113233 to 2147483647
2009-06-17 03:43 - LArCalibL1Calo - DEBUG:  No new valid run. Last known valid run still: 113232
2009-06-17 03:59 - LArCalibL1Calo - INFO: ===> listening for new valid runs <===
2009-06-17 03:59 - LArCalibL1Calo - DEBUG: initialising coolRunLister
2009-06-17 03:59 - LArCalibL1Calo - DEBUG: applying selections to coolRunLister
2009-06-17 03:59 - LArCalibL1Calo - INFO: last valid run: 113232
2009-06-17 03:59 - LArCalibL1Calo - INFO: searching for new runs from 113233 to 2147483647
2009-06-17 03:59 - LArCalibL1Calo - DEBUG:  No new valid run. Last known valid run still: 113232
2009-06-17 04:14 - LArCalibL1Calo - INFO: ===> listening for new valid runs <===
2009-06-17 04:14 - LArCalibL1Calo - DEBUG: initialising coolRunLister
2009-06-17 04:14 - LArCalibL1Calo - DEBUG: applying selections to coolRunLister
2009-06-17 04:14 - LArCalibL1Calo - INFO: last valid run: 113232
2009-06-17 04:14 - LArCalibL1Calo - INFO: searching for new runs from 113233 to 2147483647
2009-06-17 04:15 - LArCalibL1Calo - DEBUG:  No new valid run. Last known valid run still: 113232
2009-06-17 04:30 - LArCalibL1Calo - INFO: ===> listening for new valid runs <===
2009-06-17 04:30 - LArCalibL1Calo - DEBUG: initialising coolRunLister
2009-06-17 04:30 - LArCalibL1Calo - DEBUG: applying selections to coolRunLister
2009-06-17 04:30 - LArCalibL1Calo - INFO: last valid run: 113232
2009-06-17 04:30 - LArCalibL1Calo - INFO: searching for new runs from 113233 to 2147483647
2009-06-17 04:30 - LArCalibL1Calo - DEBUG:  No new valid run. Last known valid run still: 113232
2009-06-17 04:46 - LArCalibL1Calo - INFO: ===> listening for new valid runs <===
2009-06-17 04:46 - LArCalibL1Calo - DEBUG: initialising coolRunLister
2009-06-17 04:46 - LArCalibL1Calo - DEBUG: applying selections to coolRunLister
2009-06-17 04:46 - LArCalibL1Calo - INFO: last valid run: 113232
2009-06-17 04:46 - LArCalibL1Calo - INFO: searching for new runs from 113233 to 2147483647
2009-06-17 04:46 - LArCalibL1Calo - DEBUG:  No new valid run. Last known valid run still: 113232
2009-06-17 05:01 - LArCalibL1Calo - INFO: ===> listening for new valid runs <===
2009-06-17 05:01 - LArCalibL1Calo - DEBUG: initialising coolRunLister
2009-06-17 05:01 - LArCalibL1Calo - DEBUG: applying selections to coolRunLister
2009-06-17 05:01 - LArCalibL1Calo - INFO: last valid run: 113232
2009-06-17 05:01 - LArCalibL1Calo - INFO: searching for new runs from 113233 to 2147483647
2009-06-17 05:02 - LArCalibL1Calo - DEBUG:  No new valid run. Last known valid run still: 113232
2009-06-17 05:17 - LArCalibL1Calo - INFO: ===> listening for new valid runs <===
2009-06-17 05:17 - LArCalibL1Calo - DEBUG: initialising coolRunLister
2009-06-17 05:17 - LArCalibL1Calo - DEBUG: applying selections to coolRunLister
2009-06-17 05:17 - LArCalibL1Calo - INFO: last valid run: 113232
2009-06-17 05:17 - LArCalibL1Calo - INFO: searching for new runs from 113233 to 2147483647
2009-06-17 05:17 - LArCalibL1Calo - DEBUG:  No new valid run. Last known valid run still: 113232
2009-06-17 05:33 - LArCalibL1Calo - INFO: ===> listening for new valid runs <===
2009-06-17 05:33 - LArCalibL1Calo - DEBUG: initialising coolRunLister
2009-06-17 05:33 - LArCalibL1Calo - DEBUG: applying selections to coolRunLister
2009-06-17 05:33 - LArCalibL1Calo - INFO: last valid run: 113232
2009-06-17 05:33 - LArCalibL1Calo - INFO: searching for new runs from 113233 to 2147483647
2009-06-17 05:33 - LArCalibL1Calo - DEBUG:  No new valid run. Last known valid run still: 113232
2009-06-17 05:48 - LArCalibL1Calo - INFO: ===> listening for new valid runs <===
2009-06-17 05:48 - LArCalibL1Calo - DEBUG: initialising coolRunLister
2009-06-17 05:48 - LArCalibL1Calo - DEBUG: applying selections to coolRunLister
2009-06-17 05:48 - LArCalibL1Calo - INFO: last valid run: 113232
2009-06-17 05:48 - LArCalibL1Calo - INFO: searching for new runs from 113233 to 2147483647
2009-06-17 05:49 - LArCalibL1Calo - DEBUG:  No new valid run. Last known valid run still: 113232
2009-06-17 06:04 - LArCalibL1Calo - INFO: ===> listening for new valid runs <===
2009-06-17 06:04 - LArCalibL1Calo - DEBUG: initialising coolRunLister
2009-06-17 06:04 - LArCalibL1Calo - DEBUG: applying selections to coolRunLister
2009-06-17 06:04 - LArCalibL1Calo - INFO: last valid run: 113232
2009-06-17 06:04 - LArCalibL1Calo - INFO: searching for new runs from 113233 to 2147483647
