2009-05-26 00:01 - L1CaloStandalone - INFO: ========================================
2009-05-26 00:01 - L1CaloStandalone - INFO: RunListener in init
2009-05-26 00:01 - L1CaloStandalone - INFO: RunListener initialized
2009-05-26 00:01 - L1CaloStandalone - INFO: ========================================
2009-05-26 00:01 - L1CaloStandalone - INFO: ===> from initRunListener <===
2009-05-26 00:01 - L1CaloStandalone - INFO: 
RunListener L1CaloStandaloneinitialised with the following parameters:
TDAQ DB: COOLONL_TDAQ/COMP200
TRIG DB: COOLONL_TRIGGER/COMP200
Status DB: COOLONL_TDAQ/COMP200
log level: 0
oracle: False
rec. only: True
det. mask: 0
run type: Physics
det. status: 2
det. status tag: HEAD
daq partition: 
 * L1CaloStandalone
tag: 
format: acertd
reverse: False
stoptimestamp: True
cleanstop: True
hasevents: True
last valid run known: 0

2009-05-26 00:17 - L1CaloStandalone - INFO: ===> listening for new valid runs <===
2009-05-26 00:17 - L1CaloStandalone - DEBUG: initialising coolRunLister
2009-05-26 00:17 - L1CaloStandalone - DEBUG: applying selections to coolRunLister
2009-05-26 00:17 - L1CaloStandalone - INFO: last valid run: 113232
2009-05-26 00:17 - L1CaloStandalone - INFO: searching for new runs from 113233 to 2147483647
2009-05-26 00:17 - L1CaloStandalone - DEBUG: new last known run: 116415
2009-05-26 00:17 - L1CaloStandalone - DEBUG: 
     Run   Events  LumiB            StartTime             StopTime L1Events L2Events EFEvents ErrC Rec Cln RunType                  DetectorMask DAQConfiguration     PartitionName    FilenameTag         
  113234     1324      1  2009-04-25:08:18:47  2009-04-25:08:21:38     1324     1324     1324    0  No Yes Physics                    7c00000000 Schema=136:Data=6    L1CaloStandalone data_test           
     Run   Events  LumiB            StartTime             StopTime L1Events L2Events EFEvents ErrC Rec Cln RunType                  DetectorMask DAQConfiguration     PartitionName    FilenameTag         
  113237     1260      1  2009-04-25:09:11:51  2009-04-25:09:13:57     1260     1260     1260    0  No Yes Physics                    7c00000000 Schema=136:Data=6    L1CaloStandalone data_test           
     Run   Events  LumiB            StartTime             StopTime L1Events L2Events EFEvents ErrC Rec Cln RunType                  DetectorMask DAQConfiguration     PartitionName    FilenameTag         
  113282     1264      1  2009-04-26:15:55:34  2009-04-26:15:57:40     1264     1264     1264    0  No Yes Physics                    7c00000000 Schema=136:Data=6    L1CaloStandalone data_test           
     Run   Events  LumiB            StartTime             StopTime L1Events L2Events EFEvents ErrC Rec Cln RunType                  DetectorMask DAQConfiguration     PartitionName    FilenameTag         
  114150     1308      1  2009-05-04:15:12:59  2009-05-04:15:15:51     1308     1308     1308    0  No Yes Physics                    7c00000000 Schema=139:Data=29   L1CaloStandalone data_test           
     Run   Events  LumiB            StartTime             StopTime L1Events L2Events EFEvents ErrC Rec Cln RunType                  DetectorMask DAQConfiguration     PartitionName    FilenameTag         
  114160     1264      1  2009-05-04:15:55:53  2009-05-04:15:57:59     1264     1264     1264    0  No Yes Physics                    7c00000000 Schema=139:Data=29   L1CaloStandalone data_test           
     Run   Events  LumiB            StartTime             StopTime L1Events L2Events EFEvents ErrC Rec Cln RunType                  DetectorMask DAQConfiguration     PartitionName    FilenameTag         
  114163     4133      1  2009-05-04:16:09:49  2009-05-04:16:10:00     4133     4133     4133    0  No Yes Physics                    7c00000000                      L1CaloStandalone data_test           
     Run   Events  LumiB            StartTime             StopTime L1Events L2Events EFEvents ErrC Rec Cln RunType                  DetectorMask DAQConfiguration     PartitionName    FilenameTag         
  114627     1296      1  2009-05-08:13:14:13  2009-05-08:13:17:05     1296     1296     1296    0  No Yes Physics                    7c00000000 Schema=141:Data=107  L1CaloStandalone data_test           
     Run   Events  LumiB            StartTime             StopTime L1Events L2Events EFEvents ErrC Rec Cln RunType                  DetectorMask DAQConfiguration     PartitionName    FilenameTag         
  114633     1264      1  2009-05-08:13:32:05  2009-05-08:13:34:11     1264     1264     1264    0  No Yes Physics                    7c00000000 Schema=141:Data=107  L1CaloStandalone data_test           
     Run   Events  LumiB            StartTime             StopTime L1Events L2Events EFEvents ErrC Rec Cln RunType                  DetectorMask DAQConfiguration     PartitionName    FilenameTag         
  114859   425579      1  2009-05-11:13:37:38  2009-05-11:13:41:36   425579   425579   425579    0  No Yes Physics                    7c00000000 Schema=141:Data=167  L1CaloStandalone data_test           
     Run   Events  LumiB            StartTime             StopTime L1Events L2Events EFEvents ErrC Rec Cln RunType                  DetectorMask DAQConfiguration     PartitionName    FilenameTag         
  114948     1324      1  2009-05-12:08:11:08  2009-05-12:08:13:57     1324     1324     1324    0  No Yes Physics                    7c00000000 Schema=141:Data=210  L1CaloStandalone data_test           
     Run   Events  LumiB            StartTime             StopTime L1Events L2Events EFEvents ErrC Rec Cln RunType                  DetectorMask DAQConfiguration     PartitionName    FilenameTag         
  114951     1264      1  2009-05-12:08:22:56  2009-05-12:08:25:02     1264     1264     1264    0  No Yes Physics                    7c00000000 Schema=141:Data=210  L1CaloStandalone data_test           
     Run   Events  LumiB            StartTime             StopTime L1Events L2Events EFEvents ErrC Rec Cln RunType                  DetectorMask DAQConfiguration     PartitionName    FilenameTag         
  114955      672      1  2009-05-12:08:32:28  2009-05-12:08:43:14      672      672      672    0  No Yes Physics                    7c00000000 Schema=141:Data=210  L1CaloStandalone data_test           
     Run   Events  LumiB            StartTime             StopTime L1Events L2Events EFEvents ErrC Rec Cln RunType                  DetectorMask DAQConfiguration     PartitionName    FilenameTag         
  115640     1324      1  2009-05-19:09:33:30  2009-05-19:09:36:25     1324     1324     1324    0  No Yes Physics                    7c00000000 Schema=142:Data=125  L1CaloStandalone data_test           
     Run   Events  LumiB            StartTime             StopTime L1Events L2Events EFEvents ErrC Rec Cln RunType                  DetectorMask DAQConfiguration     PartitionName    FilenameTag         
  115651     1264      1  2009-05-19:10:03:24  2009-05-19:10:05:30     1264     1264     1264    0  No Yes Physics                    7c00000000 Schema=142:Data=125  L1CaloStandalone data_test           
     Run   Events  LumiB            StartTime             StopTime L1Events L2Events EFEvents ErrC Rec Cln RunType                  DetectorMask DAQConfiguration     PartitionName    FilenameTag         
  115906     1280      1  2009-05-20:12:43:53  2009-05-20:12:46:56     1280     1280     1280    0  No Yes Physics                    7c00000000                      L1CaloStandalone data_test           
     Run   Events  LumiB            StartTime             StopTime L1Events L2Events EFEvents ErrC Rec Cln RunType                  DetectorMask DAQConfiguration     PartitionName    FilenameTag         
  115917     1264      1  2009-05-20:13:38:32  2009-05-20:13:40:53     1264     1264     1264    0  No Yes Physics                    7c00000000 Schema=142:Data=196  L1CaloStandalone data_test           
     Run   Events  LumiB            StartTime             StopTime L1Events L2Events EFEvents ErrC Rec Cln RunType                  DetectorMask DAQConfiguration     PartitionName    FilenameTag         
  116412   236824      1  2009-05-25:06:47:32  2009-05-25:07:25:49   236824   236824   236824    0  No Yes Physics                    7c00000000 Schema=142:Data=264  L1CaloStandalone data_test           
     Run   Events  LumiB            StartTime             StopTime L1Events L2Events EFEvents ErrC Rec Cln RunType                  DetectorMask DAQConfiguration     PartitionName    FilenameTag         
  116415    57613      1  2009-05-25:07:30:15  2009-05-25:07:39:38    57613    57613    57613    0  No Yes Physics                    7c00000000 Schema=142:Data=264  L1CaloStandalone data_test           

2009-05-26 00:33 - L1CaloStandalone - INFO: ===> listening for new valid runs <===
2009-05-26 00:33 - L1CaloStandalone - DEBUG: initialising coolRunLister
2009-05-26 00:33 - L1CaloStandalone - DEBUG: applying selections to coolRunLister
2009-05-26 00:33 - L1CaloStandalone - INFO: last valid run: 116415
2009-05-26 00:33 - L1CaloStandalone - INFO: searching for new runs from 116416 to 2147483647
2009-05-26 00:33 - L1CaloStandalone - DEBUG:  No new valid run. Last known valid run still: 116415
2009-05-26 00:48 - L1CaloStandalone - INFO: ===> listening for new valid runs <===
2009-05-26 00:48 - L1CaloStandalone - DEBUG: initialising coolRunLister
2009-05-26 00:48 - L1CaloStandalone - DEBUG: applying selections to coolRunLister
2009-05-26 00:48 - L1CaloStandalone - INFO: last valid run: 116415
2009-05-26 00:48 - L1CaloStandalone - INFO: searching for new runs from 116416 to 2147483647
2009-05-26 00:48 - L1CaloStandalone - DEBUG:  No new valid run. Last known valid run still: 116415
2009-05-26 01:04 - L1CaloStandalone - INFO: ===> listening for new valid runs <===
2009-05-26 01:04 - L1CaloStandalone - DEBUG: initialising coolRunLister
2009-05-26 01:04 - L1CaloStandalone - DEBUG: applying selections to coolRunLister
2009-05-26 01:04 - L1CaloStandalone - INFO: last valid run: 116415
2009-05-26 01:04 - L1CaloStandalone - INFO: searching for new runs from 116416 to 2147483647
2009-05-26 01:04 - L1CaloStandalone - DEBUG:  No new valid run. Last known valid run still: 116415
2009-05-26 01:19 - L1CaloStandalone - INFO: ===> listening for new valid runs <===
2009-05-26 01:19 - L1CaloStandalone - DEBUG: initialising coolRunLister
2009-05-26 01:19 - L1CaloStandalone - DEBUG: applying selections to coolRunLister
2009-05-26 01:19 - L1CaloStandalone - INFO: last valid run: 116415
2009-05-26 01:19 - L1CaloStandalone - INFO: searching for new runs from 116416 to 2147483647
2009-05-26 01:19 - L1CaloStandalone - DEBUG:  No new valid run. Last known valid run still: 116415
2009-05-26 01:34 - L1CaloStandalone - INFO: ===> listening for new valid runs <===
2009-05-26 01:34 - L1CaloStandalone - DEBUG: initialising coolRunLister
2009-05-26 01:34 - L1CaloStandalone - DEBUG: applying selections to coolRunLister
2009-05-26 01:34 - L1CaloStandalone - INFO: last valid run: 116415
2009-05-26 01:34 - L1CaloStandalone - INFO: searching for new runs from 116416 to 2147483647
2009-05-26 01:34 - L1CaloStandalone - DEBUG:  No new valid run. Last known valid run still: 116415
2009-05-26 01:49 - L1CaloStandalone - INFO: ===> listening for new valid runs <===
2009-05-26 01:49 - L1CaloStandalone - DEBUG: initialising coolRunLister
2009-05-26 01:49 - L1CaloStandalone - DEBUG: applying selections to coolRunLister
2009-05-26 01:49 - L1CaloStandalone - INFO: last valid run: 116415
2009-05-26 01:49 - L1CaloStandalone - INFO: searching for new runs from 116416 to 2147483647
2009-05-26 01:49 - L1CaloStandalone - DEBUG:  No new valid run. Last known valid run still: 116415
2009-05-26 02:04 - L1CaloStandalone - INFO: ===> listening for new valid runs <===
2009-05-26 02:04 - L1CaloStandalone - DEBUG: initialising coolRunLister
2009-05-26 02:04 - L1CaloStandalone - DEBUG: applying selections to coolRunLister
2009-05-26 02:04 - L1CaloStandalone - INFO: last valid run: 116415
2009-05-26 02:04 - L1CaloStandalone - INFO: searching for new runs from 116416 to 2147483647
2009-05-26 02:04 - L1CaloStandalone - DEBUG:  No new valid run. Last known valid run still: 116415
2009-05-26 02:19 - L1CaloStandalone - INFO: ===> listening for new valid runs <===
2009-05-26 02:19 - L1CaloStandalone - DEBUG: initialising coolRunLister
2009-05-26 02:19 - L1CaloStandalone - DEBUG: applying selections to coolRunLister
2009-05-26 02:19 - L1CaloStandalone - INFO: last valid run: 116415
2009-05-26 02:19 - L1CaloStandalone - INFO: searching for new runs from 116416 to 2147483647
2009-05-26 02:19 - L1CaloStandalone - DEBUG:  No new valid run. Last known valid run still: 116415
2009-05-26 02:35 - L1CaloStandalone - INFO: ===> listening for new valid runs <===
2009-05-26 02:35 - L1CaloStandalone - DEBUG: initialising coolRunLister
2009-05-26 02:35 - L1CaloStandalone - DEBUG: applying selections to coolRunLister
2009-05-26 02:35 - L1CaloStandalone - INFO: last valid run: 116415
2009-05-26 02:35 - L1CaloStandalone - INFO: searching for new runs from 116416 to 2147483647
2009-05-26 02:35 - L1CaloStandalone - DEBUG:  No new valid run. Last known valid run still: 116415
2009-05-26 02:50 - L1CaloStandalone - INFO: ===> listening for new valid runs <===
2009-05-26 02:50 - L1CaloStandalone - DEBUG: initialising coolRunLister
2009-05-26 02:50 - L1CaloStandalone - DEBUG: applying selections to coolRunLister
2009-05-26 02:50 - L1CaloStandalone - INFO: last valid run: 116415
2009-05-26 02:50 - L1CaloStandalone - INFO: searching for new runs from 116416 to 2147483647
2009-05-26 02:50 - L1CaloStandalone - DEBUG:  No new valid run. Last known valid run still: 116415
2009-05-26 03:05 - L1CaloStandalone - INFO: ===> listening for new valid runs <===
2009-05-26 03:05 - L1CaloStandalone - DEBUG: initialising coolRunLister
2009-05-26 03:05 - L1CaloStandalone - DEBUG: applying selections to coolRunLister
2009-05-26 03:05 - L1CaloStandalone - INFO: last valid run: 116415
2009-05-26 03:05 - L1CaloStandalone - INFO: searching for new runs from 116416 to 2147483647
2009-05-26 03:05 - L1CaloStandalone - DEBUG:  No new valid run. Last known valid run still: 116415
2009-05-26 03:20 - L1CaloStandalone - INFO: ===> listening for new valid runs <===
2009-05-26 03:20 - L1CaloStandalone - DEBUG: initialising coolRunLister
2009-05-26 03:20 - L1CaloStandalone - DEBUG: applying selections to coolRunLister
2009-05-26 03:20 - L1CaloStandalone - INFO: last valid run: 116415
2009-05-26 03:20 - L1CaloStandalone - INFO: searching for new runs from 116416 to 2147483647
2009-05-26 03:20 - L1CaloStandalone - DEBUG:  No new valid run. Last known valid run still: 116415
2009-05-26 03:35 - L1CaloStandalone - INFO: ===> listening for new valid runs <===
2009-05-26 03:35 - L1CaloStandalone - DEBUG: initialising coolRunLister
2009-05-26 03:35 - L1CaloStandalone - DEBUG: applying selections to coolRunLister
2009-05-26 03:35 - L1CaloStandalone - INFO: last valid run: 116415
2009-05-26 03:35 - L1CaloStandalone - INFO: searching for new runs from 116416 to 2147483647
2009-05-26 03:35 - L1CaloStandalone - DEBUG:  No new valid run. Last known valid run still: 116415
2009-05-26 03:50 - L1CaloStandalone - INFO: ===> listening for new valid runs <===
2009-05-26 03:50 - L1CaloStandalone - DEBUG: initialising coolRunLister
2009-05-26 03:50 - L1CaloStandalone - DEBUG: applying selections to coolRunLister
2009-05-26 03:50 - L1CaloStandalone - INFO: last valid run: 116415
2009-05-26 03:50 - L1CaloStandalone - INFO: searching for new runs from 116416 to 2147483647
2009-05-26 03:50 - L1CaloStandalone - DEBUG:  No new valid run. Last known valid run still: 116415
2009-05-26 04:06 - L1CaloStandalone - INFO: ===> listening for new valid runs <===
2009-05-26 04:06 - L1CaloStandalone - DEBUG: initialising coolRunLister
2009-05-26 04:06 - L1CaloStandalone - DEBUG: applying selections to coolRunLister
2009-05-26 04:06 - L1CaloStandalone - INFO: last valid run: 116415
2009-05-26 04:06 - L1CaloStandalone - INFO: searching for new runs from 116416 to 2147483647
2009-05-26 04:06 - L1CaloStandalone - DEBUG:  No new valid run. Last known valid run still: 116415
2009-05-26 04:21 - L1CaloStandalone - INFO: ===> listening for new valid runs <===
2009-05-26 04:21 - L1CaloStandalone - DEBUG: initialising coolRunLister
2009-05-26 04:21 - L1CaloStandalone - DEBUG: applying selections to coolRunLister
2009-05-26 04:21 - L1CaloStandalone - INFO: last valid run: 116415
2009-05-26 04:21 - L1CaloStandalone - INFO: searching for new runs from 116416 to 2147483647
2009-05-26 04:21 - L1CaloStandalone - DEBUG:  No new valid run. Last known valid run still: 116415
2009-05-26 04:36 - L1CaloStandalone - INFO: ===> listening for new valid runs <===
2009-05-26 04:36 - L1CaloStandalone - DEBUG: initialising coolRunLister
2009-05-26 04:36 - L1CaloStandalone - DEBUG: applying selections to coolRunLister
2009-05-26 04:36 - L1CaloStandalone - INFO: last valid run: 116415
2009-05-26 04:36 - L1CaloStandalone - INFO: searching for new runs from 116416 to 2147483647
2009-05-26 04:36 - L1CaloStandalone - DEBUG:  No new valid run. Last known valid run still: 116415
2009-05-26 04:51 - L1CaloStandalone - INFO: ===> listening for new valid runs <===
2009-05-26 04:51 - L1CaloStandalone - DEBUG: initialising coolRunLister
2009-05-26 04:51 - L1CaloStandalone - DEBUG: applying selections to coolRunLister
2009-05-26 04:51 - L1CaloStandalone - INFO: last valid run: 116415
2009-05-26 04:51 - L1CaloStandalone - INFO: searching for new runs from 116416 to 2147483647
2009-05-26 04:51 - L1CaloStandalone - DEBUG:  No new valid run. Last known valid run still: 116415
2009-05-26 05:06 - L1CaloStandalone - INFO: ===> listening for new valid runs <===
2009-05-26 05:06 - L1CaloStandalone - DEBUG: initialising coolRunLister
2009-05-26 05:06 - L1CaloStandalone - DEBUG: applying selections to coolRunLister
2009-05-26 05:06 - L1CaloStandalone - INFO: last valid run: 116415
2009-05-26 05:06 - L1CaloStandalone - INFO: searching for new runs from 116416 to 2147483647
2009-05-26 05:06 - L1CaloStandalone - DEBUG:  No new valid run. Last known valid run still: 116415
2009-05-26 05:21 - L1CaloStandalone - INFO: ===> listening for new valid runs <===
2009-05-26 05:21 - L1CaloStandalone - DEBUG: initialising coolRunLister
2009-05-26 05:21 - L1CaloStandalone - DEBUG: applying selections to coolRunLister
2009-05-26 05:21 - L1CaloStandalone - INFO: last valid run: 116415
2009-05-26 05:21 - L1CaloStandalone - INFO: searching for new runs from 116416 to 2147483647
2009-05-26 05:21 - L1CaloStandalone - DEBUG:  No new valid run. Last known valid run still: 116415
2009-05-26 05:36 - L1CaloStandalone - INFO: ===> listening for new valid runs <===
2009-05-26 05:36 - L1CaloStandalone - DEBUG: initialising coolRunLister
2009-05-26 05:36 - L1CaloStandalone - DEBUG: applying selections to coolRunLister
2009-05-26 05:36 - L1CaloStandalone - INFO: last valid run: 116415
2009-05-26 05:36 - L1CaloStandalone - INFO: searching for new runs from 116416 to 2147483647
2009-05-26 05:36 - L1CaloStandalone - DEBUG:  No new valid run. Last known valid run still: 116415
2009-05-26 05:52 - L1CaloStandalone - INFO: ===> listening for new valid runs <===
2009-05-26 05:52 - L1CaloStandalone - DEBUG: initialising coolRunLister
2009-05-26 05:52 - L1CaloStandalone - DEBUG: applying selections to coolRunLister
2009-05-26 05:52 - L1CaloStandalone - INFO: last valid run: 116415
2009-05-26 05:52 - L1CaloStandalone - INFO: searching for new runs from 116416 to 2147483647
2009-05-26 05:52 - L1CaloStandalone - DEBUG:  No new valid run. Last known valid run still: 116415
2009-05-26 06:07 - L1CaloStandalone - INFO: ===> listening for new valid runs <===
2009-05-26 06:07 - L1CaloStandalone - DEBUG: initialising coolRunLister
2009-05-26 06:07 - L1CaloStandalone - DEBUG: applying selections to coolRunLister
2009-05-26 06:07 - L1CaloStandalone - INFO: last valid run: 116415
2009-05-26 06:07 - L1CaloStandalone - INFO: searching for new runs from 116416 to 2147483647
2009-05-26 06:07 - L1CaloStandalone - DEBUG:  No new valid run. Last known valid run still: 116415
2009-05-26 06:22 - L1CaloStandalone - INFO: ===> listening for new valid runs <===
2009-05-26 06:22 - L1CaloStandalone - DEBUG: initialising coolRunLister
2009-05-26 06:22 - L1CaloStandalone - DEBUG: applying selections to coolRunLister
2009-05-26 06:22 - L1CaloStandalone - INFO: last valid run: 116415
2009-05-26 06:22 - L1CaloStandalone - INFO: searching for new runs from 116416 to 2147483647
2009-05-26 06:22 - L1CaloStandalone - DEBUG:  No new valid run. Last known valid run still: 116415
2009-05-26 06:37 - L1CaloStandalone - INFO: ===> listening for new valid runs <===
2009-05-26 06:37 - L1CaloStandalone - DEBUG: initialising coolRunLister
2009-05-26 06:37 - L1CaloStandalone - DEBUG: applying selections to coolRunLister
2009-05-26 06:37 - L1CaloStandalone - INFO: last valid run: 116415
2009-05-26 06:37 - L1CaloStandalone - INFO: searching for new runs from 116416 to 2147483647
2009-05-26 06:37 - L1CaloStandalone - DEBUG:  No new valid run. Last known valid run still: 116415
2009-05-26 06:52 - L1CaloStandalone - INFO: ===> listening for new valid runs <===
2009-05-26 06:52 - L1CaloStandalone - DEBUG: initialising coolRunLister
2009-05-26 06:52 - L1CaloStandalone - DEBUG: applying selections to coolRunLister
2009-05-26 06:52 - L1CaloStandalone - INFO: last valid run: 116415
2009-05-26 06:52 - L1CaloStandalone - INFO: searching for new runs from 116416 to 2147483647
2009-05-26 06:52 - L1CaloStandalone - DEBUG:  No new valid run. Last known valid run still: 116415
2009-05-26 07:07 - L1CaloStandalone - INFO: ===> listening for new valid runs <===
2009-05-26 07:07 - L1CaloStandalone - DEBUG: initialising coolRunLister
2009-05-26 07:07 - L1CaloStandalone - DEBUG: applying selections to coolRunLister
2009-05-26 07:07 - L1CaloStandalone - INFO: last valid run: 116415
2009-05-26 07:07 - L1CaloStandalone - INFO: searching for new runs from 116416 to 2147483647
2009-05-26 07:07 - L1CaloStandalone - DEBUG:  No new valid run. Last known valid run still: 116415
2009-05-26 07:23 - L1CaloStandalone - INFO: ===> listening for new valid runs <===
2009-05-26 07:23 - L1CaloStandalone - DEBUG: initialising coolRunLister
2009-05-26 07:23 - L1CaloStandalone - DEBUG: applying selections to coolRunLister
2009-05-26 07:23 - L1CaloStandalone - INFO: last valid run: 116415
2009-05-26 07:23 - L1CaloStandalone - INFO: searching for new runs from 116416 to 2147483647
2009-05-26 07:23 - L1CaloStandalone - DEBUG:  No new valid run. Last known valid run still: 116415
2009-05-26 07:38 - L1CaloStandalone - INFO: ===> listening for new valid runs <===
2009-05-26 07:38 - L1CaloStandalone - DEBUG: initialising coolRunLister
2009-05-26 07:38 - L1CaloStandalone - DEBUG: applying selections to coolRunLister
2009-05-26 07:38 - L1CaloStandalone - INFO: last valid run: 116415
2009-05-26 07:38 - L1CaloStandalone - INFO: searching for new runs from 116416 to 2147483647
2009-05-26 07:38 - L1CaloStandalone - DEBUG:  No new valid run. Last known valid run still: 116415
2009-05-26 07:53 - L1CaloStandalone - INFO: ===> listening for new valid runs <===
2009-05-26 07:53 - L1CaloStandalone - DEBUG: initialising coolRunLister
2009-05-26 07:53 - L1CaloStandalone - DEBUG: applying selections to coolRunLister
2009-05-26 07:53 - L1CaloStandalone - INFO: last valid run: 116415
2009-05-26 07:53 - L1CaloStandalone - INFO: searching for new runs from 116416 to 2147483647
2009-05-26 07:53 - L1CaloStandalone - DEBUG:  No new valid run. Last known valid run still: 116415
2009-05-26 08:08 - L1CaloStandalone - INFO: ===> listening for new valid runs <===
2009-05-26 08:08 - L1CaloStandalone - DEBUG: initialising coolRunLister
2009-05-26 08:08 - L1CaloStandalone - DEBUG: applying selections to coolRunLister
2009-05-26 08:08 - L1CaloStandalone - INFO: last valid run: 116415
2009-05-26 08:08 - L1CaloStandalone - INFO: searching for new runs from 116416 to 2147483647
2009-05-26 08:08 - L1CaloStandalone - DEBUG:  No new valid run. Last known valid run still: 116415
2009-05-26 08:23 - L1CaloStandalone - INFO: ===> listening for new valid runs <===
2009-05-26 08:23 - L1CaloStandalone - DEBUG: initialising coolRunLister
2009-05-26 08:23 - L1CaloStandalone - DEBUG: applying selections to coolRunLister
2009-05-26 08:23 - L1CaloStandalone - INFO: last valid run: 116415
2009-05-26 08:23 - L1CaloStandalone - INFO: searching for new runs from 116416 to 2147483647
2009-05-26 08:23 - L1CaloStandalone - DEBUG:  No new valid run. Last known valid run still: 116415
2009-05-26 08:38 - L1CaloStandalone - INFO: ===> listening for new valid runs <===
2009-05-26 08:38 - L1CaloStandalone - DEBUG: initialising coolRunLister
2009-05-26 08:38 - L1CaloStandalone - DEBUG: applying selections to coolRunLister
2009-05-26 08:38 - L1CaloStandalone - INFO: last valid run: 116415
2009-05-26 08:38 - L1CaloStandalone - INFO: searching for new runs from 116416 to 2147483647
2009-05-26 08:38 - L1CaloStandalone - DEBUG:  No new valid run. Last known valid run still: 116415
2009-05-26 08:54 - L1CaloStandalone - INFO: ===> listening for new valid runs <===
2009-05-26 08:54 - L1CaloStandalone - DEBUG: initialising coolRunLister
2009-05-26 08:54 - L1CaloStandalone - DEBUG: applying selections to coolRunLister
2009-05-26 08:54 - L1CaloStandalone - INFO: last valid run: 116415
2009-05-26 08:54 - L1CaloStandalone - INFO: searching for new runs from 116416 to 2147483647
2009-05-26 08:54 - L1CaloStandalone - DEBUG:  No new valid run. Last known valid run still: 116415
2009-05-26 09:09 - L1CaloStandalone - INFO: ===> listening for new valid runs <===
2009-05-26 09:09 - L1CaloStandalone - DEBUG: initialising coolRunLister
2009-05-26 09:09 - L1CaloStandalone - DEBUG: applying selections to coolRunLister
2009-05-26 09:09 - L1CaloStandalone - INFO: last valid run: 116415
2009-05-26 09:09 - L1CaloStandalone - INFO: searching for new runs from 116416 to 2147483647
2009-05-26 09:09 - L1CaloStandalone - DEBUG:  No new valid run. Last known valid run still: 116415
2009-05-26 09:24 - L1CaloStandalone - INFO: ===> listening for new valid runs <===
2009-05-26 09:24 - L1CaloStandalone - DEBUG: initialising coolRunLister
2009-05-26 09:24 - L1CaloStandalone - DEBUG: applying selections to coolRunLister
2009-05-26 09:24 - L1CaloStandalone - INFO: last valid run: 116415
2009-05-26 09:24 - L1CaloStandalone - INFO: searching for new runs from 116416 to 2147483647
2009-05-26 09:24 - L1CaloStandalone - DEBUG:  No new valid run. Last known valid run still: 116415
2009-05-26 09:39 - L1CaloStandalone - INFO: ===> listening for new valid runs <===
2009-05-26 09:39 - L1CaloStandalone - DEBUG: initialising coolRunLister
2009-05-26 09:39 - L1CaloStandalone - DEBUG: applying selections to coolRunLister
2009-05-26 09:39 - L1CaloStandalone - INFO: last valid run: 116415
2009-05-26 09:39 - L1CaloStandalone - INFO: searching for new runs from 116416 to 2147483647
2009-05-26 09:39 - L1CaloStandalone - DEBUG:  No new valid run. Last known valid run still: 116415
2009-05-26 09:54 - L1CaloStandalone - INFO: ===> listening for new valid runs <===
2009-05-26 09:54 - L1CaloStandalone - DEBUG: initialising coolRunLister
2009-05-26 09:54 - L1CaloStandalone - DEBUG: applying selections to coolRunLister
2009-05-26 09:54 - L1CaloStandalone - INFO: last valid run: 116415
2009-05-26 09:54 - L1CaloStandalone - INFO: searching for new runs from 116416 to 2147483647
2009-05-26 09:54 - L1CaloStandalone - DEBUG:  No new valid run. Last known valid run still: 116415
2009-05-26 10:09 - L1CaloStandalone - INFO: ===> listening for new valid runs <===
2009-05-26 10:09 - L1CaloStandalone - DEBUG: initialising coolRunLister
2009-05-26 10:09 - L1CaloStandalone - DEBUG: applying selections to coolRunLister
2009-05-26 10:09 - L1CaloStandalone - INFO: last valid run: 116415
2009-05-26 10:09 - L1CaloStandalone - INFO: searching for new runs from 116416 to 2147483647
2009-05-26 10:09 - L1CaloStandalone - DEBUG:  No new valid run. Last known valid run still: 116415
2009-05-26 10:24 - L1CaloStandalone - INFO: ===> listening for new valid runs <===
2009-05-26 10:24 - L1CaloStandalone - DEBUG: initialising coolRunLister
2009-05-26 10:24 - L1CaloStandalone - DEBUG: applying selections to coolRunLister
2009-05-26 10:24 - L1CaloStandalone - INFO: last valid run: 116415
2009-05-26 10:24 - L1CaloStandalone - INFO: searching for new runs from 116416 to 2147483647
2009-05-26 10:25 - L1CaloStandalone - DEBUG:  No new valid run. Last known valid run still: 116415
2009-05-26 10:40 - L1CaloStandalone - INFO: ===> listening for new valid runs <===
2009-05-26 10:40 - L1CaloStandalone - DEBUG: initialising coolRunLister
2009-05-26 10:40 - L1CaloStandalone - DEBUG: applying selections to coolRunLister
2009-05-26 10:40 - L1CaloStandalone - INFO: last valid run: 116415
2009-05-26 10:40 - L1CaloStandalone - INFO: searching for new runs from 116416 to 2147483647
2009-05-26 10:40 - L1CaloStandalone - DEBUG:  No new valid run. Last known valid run still: 116415
2009-05-26 10:55 - L1CaloStandalone - INFO: ===> listening for new valid runs <===
2009-05-26 10:55 - L1CaloStandalone - DEBUG: initialising coolRunLister
2009-05-26 10:55 - L1CaloStandalone - DEBUG: applying selections to coolRunLister
2009-05-26 10:55 - L1CaloStandalone - INFO: last valid run: 116415
2009-05-26 10:55 - L1CaloStandalone - INFO: searching for new runs from 116416 to 2147483647
2009-05-26 10:55 - L1CaloStandalone - DEBUG:  No new valid run. Last known valid run still: 116415
2009-05-26 11:10 - L1CaloStandalone - INFO: ===> listening for new valid runs <===
2009-05-26 11:10 - L1CaloStandalone - DEBUG: initialising coolRunLister
2009-05-26 11:10 - L1CaloStandalone - DEBUG: applying selections to coolRunLister
2009-05-26 11:10 - L1CaloStandalone - INFO: last valid run: 116415
2009-05-26 11:10 - L1CaloStandalone - INFO: searching for new runs from 116416 to 2147483647
2009-05-26 11:10 - L1CaloStandalone - DEBUG:  No new valid run. Last known valid run still: 116415
2009-05-26 11:25 - L1CaloStandalone - INFO: ===> listening for new valid runs <===
2009-05-26 11:25 - L1CaloStandalone - DEBUG: initialising coolRunLister
2009-05-26 11:25 - L1CaloStandalone - DEBUG: applying selections to coolRunLister
2009-05-26 11:25 - L1CaloStandalone - INFO: last valid run: 116415
2009-05-26 11:25 - L1CaloStandalone - INFO: searching for new runs from 116416 to 2147483647
2009-05-26 11:25 - L1CaloStandalone - DEBUG:  No new valid run. Last known valid run still: 116415
2009-05-26 11:40 - L1CaloStandalone - INFO: ===> listening for new valid runs <===
2009-05-26 11:40 - L1CaloStandalone - DEBUG: initialising coolRunLister
2009-05-26 11:40 - L1CaloStandalone - DEBUG: applying selections to coolRunLister
2009-05-26 11:40 - L1CaloStandalone - INFO: last valid run: 116415
2009-05-26 11:40 - L1CaloStandalone - INFO: searching for new runs from 116416 to 2147483647
2009-05-26 11:40 - L1CaloStandalone - DEBUG:  No new valid run. Last known valid run still: 116415
2009-05-26 11:55 - L1CaloStandalone - INFO: ===> listening for new valid runs <===
2009-05-26 11:55 - L1CaloStandalone - DEBUG: initialising coolRunLister
2009-05-26 11:55 - L1CaloStandalone - DEBUG: applying selections to coolRunLister
2009-05-26 11:55 - L1CaloStandalone - INFO: last valid run: 116415
2009-05-26 11:55 - L1CaloStandalone - INFO: searching for new runs from 116416 to 2147483647
2009-05-26 11:55 - L1CaloStandalone - DEBUG:  No new valid run. Last known valid run still: 116415
2009-05-26 12:11 - L1CaloStandalone - INFO: ===> listening for new valid runs <===
2009-05-26 12:11 - L1CaloStandalone - DEBUG: initialising coolRunLister
2009-05-26 12:11 - L1CaloStandalone - DEBUG: applying selections to coolRunLister
2009-05-26 12:11 - L1CaloStandalone - INFO: last valid run: 116415
2009-05-26 12:11 - L1CaloStandalone - INFO: searching for new runs from 116416 to 2147483647
2009-05-26 12:11 - L1CaloStandalone - DEBUG:  No new valid run. Last known valid run still: 116415
2009-05-26 12:26 - L1CaloStandalone - INFO: ===> listening for new valid runs <===
2009-05-26 12:26 - L1CaloStandalone - DEBUG: initialising coolRunLister
2009-05-26 12:26 - L1CaloStandalone - DEBUG: applying selections to coolRunLister
2009-05-26 12:26 - L1CaloStandalone - INFO: last valid run: 116415
2009-05-26 12:26 - L1CaloStandalone - INFO: searching for new runs from 116416 to 2147483647
2009-05-26 12:26 - L1CaloStandalone - DEBUG:  No new valid run. Last known valid run still: 116415
2009-05-26 12:41 - L1CaloStandalone - INFO: ===> listening for new valid runs <===
2009-05-26 12:41 - L1CaloStandalone - DEBUG: initialising coolRunLister
2009-05-26 12:41 - L1CaloStandalone - DEBUG: applying selections to coolRunLister
2009-05-26 12:41 - L1CaloStandalone - INFO: last valid run: 116415
2009-05-26 12:41 - L1CaloStandalone - INFO: searching for new runs from 116416 to 2147483647
2009-05-26 12:41 - L1CaloStandalone - DEBUG:  No new valid run. Last known valid run still: 116415
2009-05-26 12:56 - L1CaloStandalone - INFO: ===> listening for new valid runs <===
2009-05-26 12:56 - L1CaloStandalone - DEBUG: initialising coolRunLister
2009-05-26 12:56 - L1CaloStandalone - DEBUG: applying selections to coolRunLister
2009-05-26 12:56 - L1CaloStandalone - INFO: last valid run: 116415
2009-05-26 12:56 - L1CaloStandalone - INFO: searching for new runs from 116416 to 2147483647
2009-05-26 12:56 - L1CaloStandalone - DEBUG:  No new valid run. Last known valid run still: 116415
2009-05-26 13:11 - L1CaloStandalone - INFO: ===> listening for new valid runs <===
2009-05-26 13:11 - L1CaloStandalone - DEBUG: initialising coolRunLister
2009-05-26 13:11 - L1CaloStandalone - DEBUG: applying selections to coolRunLister
2009-05-26 13:11 - L1CaloStandalone - INFO: last valid run: 116415
2009-05-26 13:11 - L1CaloStandalone - INFO: searching for new runs from 116416 to 2147483647
2009-05-26 13:11 - L1CaloStandalone - DEBUG:  No new valid run. Last known valid run still: 116415
2009-05-26 13:26 - L1CaloStandalone - INFO: ===> listening for new valid runs <===
2009-05-26 13:26 - L1CaloStandalone - DEBUG: initialising coolRunLister
2009-05-26 13:26 - L1CaloStandalone - DEBUG: applying selections to coolRunLister
2009-05-26 13:26 - L1CaloStandalone - INFO: last valid run: 116415
2009-05-26 13:26 - L1CaloStandalone - INFO: searching for new runs from 116416 to 2147483647
2009-05-26 13:26 - L1CaloStandalone - DEBUG:  No new valid run. Last known valid run still: 116415
2009-05-26 13:42 - L1CaloStandalone - INFO: ===> listening for new valid runs <===
2009-05-26 13:42 - L1CaloStandalone - DEBUG: initialising coolRunLister
2009-05-26 13:42 - L1CaloStandalone - DEBUG: applying selections to coolRunLister
2009-05-26 13:42 - L1CaloStandalone - INFO: last valid run: 116415
2009-05-26 13:42 - L1CaloStandalone - INFO: searching for new runs from 116416 to 2147483647
2009-05-26 13:42 - L1CaloStandalone - DEBUG:  No new valid run. Last known valid run still: 116415
2009-05-26 13:57 - L1CaloStandalone - INFO: ===> listening for new valid runs <===
2009-05-26 13:57 - L1CaloStandalone - DEBUG: initialising coolRunLister
2009-05-26 13:57 - L1CaloStandalone - DEBUG: applying selections to coolRunLister
2009-05-26 13:57 - L1CaloStandalone - INFO: last valid run: 116415
2009-05-26 13:57 - L1CaloStandalone - INFO: searching for new runs from 116416 to 2147483647
2009-05-26 13:57 - L1CaloStandalone - DEBUG:  No new valid run. Last known valid run still: 116415
2009-05-26 14:12 - L1CaloStandalone - INFO: ===> listening for new valid runs <===
2009-05-26 14:12 - L1CaloStandalone - DEBUG: initialising coolRunLister
2009-05-26 14:12 - L1CaloStandalone - DEBUG: applying selections to coolRunLister
2009-05-26 14:12 - L1CaloStandalone - INFO: last valid run: 116415
2009-05-26 14:12 - L1CaloStandalone - INFO: searching for new runs from 116416 to 2147483647
2009-05-26 14:12 - L1CaloStandalone - DEBUG:  No new valid run. Last known valid run still: 116415
2009-05-26 14:27 - L1CaloStandalone - INFO: ===> listening for new valid runs <===
2009-05-26 14:27 - L1CaloStandalone - DEBUG: initialising coolRunLister
2009-05-26 14:27 - L1CaloStandalone - DEBUG: applying selections to coolRunLister
2009-05-26 14:27 - L1CaloStandalone - INFO: last valid run: 116415
2009-05-26 14:27 - L1CaloStandalone - INFO: searching for new runs from 116416 to 2147483647
2009-05-26 14:27 - L1CaloStandalone - DEBUG:  No new valid run. Last known valid run still: 116415
2009-05-26 14:42 - L1CaloStandalone - INFO: ===> listening for new valid runs <===
2009-05-26 14:42 - L1CaloStandalone - DEBUG: initialising coolRunLister
2009-05-26 14:42 - L1CaloStandalone - DEBUG: applying selections to coolRunLister
2009-05-26 14:42 - L1CaloStandalone - INFO: last valid run: 116415
2009-05-26 14:42 - L1CaloStandalone - INFO: searching for new runs from 116416 to 2147483647
2009-05-26 14:42 - L1CaloStandalone - DEBUG:  No new valid run. Last known valid run still: 116415
2009-05-26 14:57 - L1CaloStandalone - INFO: ===> listening for new valid runs <===
2009-05-26 14:57 - L1CaloStandalone - DEBUG: initialising coolRunLister
2009-05-26 14:57 - L1CaloStandalone - DEBUG: applying selections to coolRunLister
2009-05-26 14:57 - L1CaloStandalone - INFO: last valid run: 116415
2009-05-26 14:57 - L1CaloStandalone - INFO: searching for new runs from 116416 to 2147483647
2009-05-26 14:57 - L1CaloStandalone - DEBUG:  No new valid run. Last known valid run still: 116415
2009-05-26 15:13 - L1CaloStandalone - INFO: ===> listening for new valid runs <===
2009-05-26 15:13 - L1CaloStandalone - DEBUG: initialising coolRunLister
2009-05-26 15:13 - L1CaloStandalone - DEBUG: applying selections to coolRunLister
2009-05-26 15:13 - L1CaloStandalone - INFO: last valid run: 116415
2009-05-26 15:13 - L1CaloStandalone - INFO: searching for new runs from 116416 to 2147483647
2009-05-26 15:13 - L1CaloStandalone - DEBUG:  No new valid run. Last known valid run still: 116415
2009-05-26 15:28 - L1CaloStandalone - INFO: ===> listening for new valid runs <===
2009-05-26 15:28 - L1CaloStandalone - DEBUG: initialising coolRunLister
2009-05-26 15:28 - L1CaloStandalone - DEBUG: applying selections to coolRunLister
2009-05-26 15:28 - L1CaloStandalone - INFO: last valid run: 116415
2009-05-26 15:28 - L1CaloStandalone - INFO: searching for new runs from 116416 to 2147483647
2009-05-26 15:28 - L1CaloStandalone - DEBUG:  No new valid run. Last known valid run still: 116415
2009-05-26 15:43 - L1CaloStandalone - INFO: ===> listening for new valid runs <===
2009-05-26 15:43 - L1CaloStandalone - DEBUG: initialising coolRunLister
2009-05-26 15:43 - L1CaloStandalone - DEBUG: applying selections to coolRunLister
2009-05-26 15:43 - L1CaloStandalone - INFO: last valid run: 116415
2009-05-26 15:43 - L1CaloStandalone - INFO: searching for new runs from 116416 to 2147483647
2009-05-26 15:43 - L1CaloStandalone - DEBUG:  No new valid run. Last known valid run still: 116415
2009-05-26 15:58 - L1CaloStandalone - INFO: ===> listening for new valid runs <===
2009-05-26 15:58 - L1CaloStandalone - DEBUG: initialising coolRunLister
2009-05-26 15:58 - L1CaloStandalone - DEBUG: applying selections to coolRunLister
2009-05-26 15:58 - L1CaloStandalone - INFO: last valid run: 116415
2009-05-26 15:58 - L1CaloStandalone - INFO: searching for new runs from 116416 to 2147483647
2009-05-26 15:58 - L1CaloStandalone - DEBUG:  No new valid run. Last known valid run still: 116415
2009-05-26 16:13 - L1CaloStandalone - INFO: ===> listening for new valid runs <===
2009-05-26 16:13 - L1CaloStandalone - DEBUG: initialising coolRunLister
2009-05-26 16:13 - L1CaloStandalone - DEBUG: applying selections to coolRunLister
2009-05-26 16:13 - L1CaloStandalone - INFO: last valid run: 116415
2009-05-26 16:13 - L1CaloStandalone - INFO: searching for new runs from 116416 to 2147483647
2009-05-26 16:13 - L1CaloStandalone - DEBUG:  No new valid run. Last known valid run still: 116415
2009-05-26 16:28 - L1CaloStandalone - INFO: ===> listening for new valid runs <===
2009-05-26 16:28 - L1CaloStandalone - DEBUG: initialising coolRunLister
2009-05-26 16:28 - L1CaloStandalone - DEBUG: applying selections to coolRunLister
2009-05-26 16:28 - L1CaloStandalone - INFO: last valid run: 116415
2009-05-26 16:28 - L1CaloStandalone - INFO: searching for new runs from 116416 to 2147483647
2009-05-26 16:28 - L1CaloStandalone - DEBUG:  No new valid run. Last known valid run still: 116415
2009-05-26 16:43 - L1CaloStandalone - INFO: ===> listening for new valid runs <===
2009-05-26 16:43 - L1CaloStandalone - DEBUG: initialising coolRunLister
2009-05-26 16:43 - L1CaloStandalone - DEBUG: applying selections to coolRunLister
2009-05-26 16:43 - L1CaloStandalone - INFO: last valid run: 116415
2009-05-26 16:43 - L1CaloStandalone - INFO: searching for new runs from 116416 to 2147483647
2009-05-26 16:44 - L1CaloStandalone - DEBUG:  No new valid run. Last known valid run still: 116415
2009-05-26 16:59 - L1CaloStandalone - INFO: ===> listening for new valid runs <===
2009-05-26 16:59 - L1CaloStandalone - DEBUG: initialising coolRunLister
2009-05-26 16:59 - L1CaloStandalone - DEBUG: applying selections to coolRunLister
2009-05-26 16:59 - L1CaloStandalone - INFO: last valid run: 116415
2009-05-26 16:59 - L1CaloStandalone - INFO: searching for new runs from 116416 to 2147483647
2009-05-26 16:59 - L1CaloStandalone - DEBUG:  No new valid run. Last known valid run still: 116415
2009-05-26 17:14 - L1CaloStandalone - INFO: ===> listening for new valid runs <===
2009-05-26 17:14 - L1CaloStandalone - DEBUG: initialising coolRunLister
2009-05-26 17:14 - L1CaloStandalone - DEBUG: applying selections to coolRunLister
2009-05-26 17:14 - L1CaloStandalone - INFO: last valid run: 116415
2009-05-26 17:14 - L1CaloStandalone - INFO: searching for new runs from 116416 to 2147483647
2009-05-26 17:14 - L1CaloStandalone - DEBUG:  No new valid run. Last known valid run still: 116415
2009-05-26 17:29 - L1CaloStandalone - INFO: ===> listening for new valid runs <===
2009-05-26 17:29 - L1CaloStandalone - DEBUG: initialising coolRunLister
2009-05-26 17:29 - L1CaloStandalone - DEBUG: applying selections to coolRunLister
2009-05-26 17:29 - L1CaloStandalone - INFO: last valid run: 116415
2009-05-26 17:29 - L1CaloStandalone - INFO: searching for new runs from 116416 to 2147483647
2009-05-26 17:29 - L1CaloStandalone - DEBUG:  No new valid run. Last known valid run still: 116415
2009-05-26 17:44 - L1CaloStandalone - INFO: ===> listening for new valid runs <===
2009-05-26 17:44 - L1CaloStandalone - DEBUG: initialising coolRunLister
2009-05-26 17:44 - L1CaloStandalone - DEBUG: applying selections to coolRunLister
2009-05-26 17:44 - L1CaloStandalone - INFO: last valid run: 116415
2009-05-26 17:44 - L1CaloStandalone - INFO: searching for new runs from 116416 to 2147483647
2009-05-26 17:44 - L1CaloStandalone - DEBUG:  No new valid run. Last known valid run still: 116415
2009-05-26 17:59 - L1CaloStandalone - INFO: ===> listening for new valid runs <===
2009-05-26 17:59 - L1CaloStandalone - DEBUG: initialising coolRunLister
2009-05-26 17:59 - L1CaloStandalone - DEBUG: applying selections to coolRunLister
2009-05-26 17:59 - L1CaloStandalone - INFO: last valid run: 116415
2009-05-26 17:59 - L1CaloStandalone - INFO: searching for new runs from 116416 to 2147483647
2009-05-26 17:59 - L1CaloStandalone - DEBUG:  No new valid run. Last known valid run still: 116415
2009-05-26 18:15 - L1CaloStandalone - INFO: ===> listening for new valid runs <===
2009-05-26 18:15 - L1CaloStandalone - DEBUG: initialising coolRunLister
2009-05-26 18:15 - L1CaloStandalone - DEBUG: applying selections to coolRunLister
2009-05-26 18:15 - L1CaloStandalone - INFO: last valid run: 116415
2009-05-26 18:15 - L1CaloStandalone - INFO: searching for new runs from 116416 to 2147483647
2009-05-26 18:15 - L1CaloStandalone - DEBUG:  No new valid run. Last known valid run still: 116415
2009-05-26 18:30 - L1CaloStandalone - INFO: ===> listening for new valid runs <===
2009-05-26 18:30 - L1CaloStandalone - DEBUG: initialising coolRunLister
2009-05-26 18:30 - L1CaloStandalone - DEBUG: applying selections to coolRunLister
2009-05-26 18:30 - L1CaloStandalone - INFO: last valid run: 116415
2009-05-26 18:30 - L1CaloStandalone - INFO: searching for new runs from 116416 to 2147483647
2009-05-26 18:30 - L1CaloStandalone - DEBUG:  No new valid run. Last known valid run still: 116415
2009-05-26 18:45 - L1CaloStandalone - INFO: ===> listening for new valid runs <===
2009-05-26 18:45 - L1CaloStandalone - DEBUG: initialising coolRunLister
2009-05-26 18:45 - L1CaloStandalone - DEBUG: applying selections to coolRunLister
2009-05-26 18:45 - L1CaloStandalone - INFO: last valid run: 116415
2009-05-26 18:45 - L1CaloStandalone - INFO: searching for new runs from 116416 to 2147483647
2009-05-26 18:45 - L1CaloStandalone - DEBUG:  No new valid run. Last known valid run still: 116415
2009-05-26 19:00 - L1CaloStandalone - INFO: ===> listening for new valid runs <===
2009-05-26 19:00 - L1CaloStandalone - DEBUG: initialising coolRunLister
2009-05-26 19:00 - L1CaloStandalone - DEBUG: applying selections to coolRunLister
2009-05-26 19:00 - L1CaloStandalone - INFO: last valid run: 116415
2009-05-26 19:00 - L1CaloStandalone - INFO: searching for new runs from 116416 to 2147483647
2009-05-26 19:00 - L1CaloStandalone - DEBUG:  No new valid run. Last known valid run still: 116415
2009-05-26 19:16 - L1CaloStandalone - INFO: ===> listening for new valid runs <===
2009-05-26 19:16 - L1CaloStandalone - DEBUG: initialising coolRunLister
2009-05-26 19:16 - L1CaloStandalone - DEBUG: applying selections to coolRunLister
2009-05-26 19:16 - L1CaloStandalone - INFO: last valid run: 116415
2009-05-26 19:16 - L1CaloStandalone - INFO: searching for new runs from 116416 to 2147483647
2009-05-26 19:16 - L1CaloStandalone - DEBUG:  No new valid run. Last known valid run still: 116415
2009-05-26 19:31 - L1CaloStandalone - INFO: ===> listening for new valid runs <===
2009-05-26 19:31 - L1CaloStandalone - DEBUG: initialising coolRunLister
2009-05-26 19:31 - L1CaloStandalone - DEBUG: applying selections to coolRunLister
2009-05-26 19:31 - L1CaloStandalone - INFO: last valid run: 116415
2009-05-26 19:31 - L1CaloStandalone - INFO: searching for new runs from 116416 to 2147483647
2009-05-26 19:31 - L1CaloStandalone - DEBUG:  No new valid run. Last known valid run still: 116415
2009-05-26 19:46 - L1CaloStandalone - INFO: ===> listening for new valid runs <===
2009-05-26 19:46 - L1CaloStandalone - DEBUG: initialising coolRunLister
2009-05-26 19:46 - L1CaloStandalone - DEBUG: applying selections to coolRunLister
2009-05-26 19:46 - L1CaloStandalone - INFO: last valid run: 116415
2009-05-26 19:46 - L1CaloStandalone - INFO: searching for new runs from 116416 to 2147483647
2009-05-26 19:46 - L1CaloStandalone - DEBUG:  No new valid run. Last known valid run still: 116415
2009-05-26 20:01 - L1CaloStandalone - INFO: ===> listening for new valid runs <===
2009-05-26 20:01 - L1CaloStandalone - DEBUG: initialising coolRunLister
2009-05-26 20:01 - L1CaloStandalone - DEBUG: applying selections to coolRunLister
2009-05-26 20:01 - L1CaloStandalone - INFO: last valid run: 116415
2009-05-26 20:01 - L1CaloStandalone - INFO: searching for new runs from 116416 to 2147483647
2009-05-26 20:02 - L1CaloStandalone - DEBUG:  No new valid run. Last known valid run still: 116415
2009-05-26 20:17 - L1CaloStandalone - INFO: ===> listening for new valid runs <===
2009-05-26 20:17 - L1CaloStandalone - DEBUG: initialising coolRunLister
2009-05-26 20:17 - L1CaloStandalone - DEBUG: applying selections to coolRunLister
2009-05-26 20:17 - L1CaloStandalone - INFO: last valid run: 116415
2009-05-26 20:17 - L1CaloStandalone - INFO: searching for new runs from 116416 to 2147483647
2009-05-26 20:17 - L1CaloStandalone - DEBUG:  No new valid run. Last known valid run still: 116415
2009-05-26 20:32 - L1CaloStandalone - INFO: ===> listening for new valid runs <===
2009-05-26 20:32 - L1CaloStandalone - DEBUG: initialising coolRunLister
2009-05-26 20:32 - L1CaloStandalone - DEBUG: applying selections to coolRunLister
2009-05-26 20:32 - L1CaloStandalone - INFO: last valid run: 116415
2009-05-26 20:32 - L1CaloStandalone - INFO: searching for new runs from 116416 to 2147483647
2009-05-26 20:32 - L1CaloStandalone - DEBUG:  No new valid run. Last known valid run still: 116415
2009-05-26 20:47 - L1CaloStandalone - INFO: ===> listening for new valid runs <===
2009-05-26 20:47 - L1CaloStandalone - DEBUG: initialising coolRunLister
2009-05-26 20:47 - L1CaloStandalone - DEBUG: applying selections to coolRunLister
2009-05-26 20:47 - L1CaloStandalone - INFO: last valid run: 116415
2009-05-26 20:47 - L1CaloStandalone - INFO: searching for new runs from 116416 to 2147483647
2009-05-26 20:47 - L1CaloStandalone - DEBUG:  No new valid run. Last known valid run still: 116415
2009-05-26 21:03 - L1CaloStandalone - INFO: ===> listening for new valid runs <===
2009-05-26 21:03 - L1CaloStandalone - DEBUG: initialising coolRunLister
2009-05-26 21:03 - L1CaloStandalone - DEBUG: applying selections to coolRunLister
2009-05-26 21:03 - L1CaloStandalone - INFO: last valid run: 116415
2009-05-26 21:03 - L1CaloStandalone - INFO: searching for new runs from 116416 to 2147483647
2009-05-26 21:03 - L1CaloStandalone - DEBUG:  No new valid run. Last known valid run still: 116415
2009-05-26 21:18 - L1CaloStandalone - INFO: ===> listening for new valid runs <===
2009-05-26 21:18 - L1CaloStandalone - DEBUG: initialising coolRunLister
2009-05-26 21:18 - L1CaloStandalone - DEBUG: applying selections to coolRunLister
2009-05-26 21:18 - L1CaloStandalone - INFO: last valid run: 116415
2009-05-26 21:18 - L1CaloStandalone - INFO: searching for new runs from 116416 to 2147483647
2009-05-26 21:18 - L1CaloStandalone - DEBUG:  No new valid run. Last known valid run still: 116415
2009-05-26 21:33 - L1CaloStandalone - INFO: ===> listening for new valid runs <===
2009-05-26 21:33 - L1CaloStandalone - DEBUG: initialising coolRunLister
2009-05-26 21:33 - L1CaloStandalone - DEBUG: applying selections to coolRunLister
2009-05-26 21:33 - L1CaloStandalone - INFO: last valid run: 116415
2009-05-26 21:33 - L1CaloStandalone - INFO: searching for new runs from 116416 to 2147483647
2009-05-26 21:33 - L1CaloStandalone - DEBUG:  No new valid run. Last known valid run still: 116415
2009-05-26 21:48 - L1CaloStandalone - INFO: ===> listening for new valid runs <===
2009-05-26 21:48 - L1CaloStandalone - DEBUG: initialising coolRunLister
2009-05-26 21:48 - L1CaloStandalone - DEBUG: applying selections to coolRunLister
2009-05-26 21:48 - L1CaloStandalone - INFO: last valid run: 116415
2009-05-26 21:48 - L1CaloStandalone - INFO: searching for new runs from 116416 to 2147483647
2009-05-26 21:48 - L1CaloStandalone - DEBUG:  No new valid run. Last known valid run still: 116415
2009-05-26 22:04 - L1CaloStandalone - INFO: ===> listening for new valid runs <===
2009-05-26 22:04 - L1CaloStandalone - DEBUG: initialising coolRunLister
2009-05-26 22:04 - L1CaloStandalone - DEBUG: applying selections to coolRunLister
2009-05-26 22:04 - L1CaloStandalone - INFO: last valid run: 116415
2009-05-26 22:04 - L1CaloStandalone - INFO: searching for new runs from 116416 to 2147483647
2009-05-26 22:04 - L1CaloStandalone - DEBUG:  No new valid run. Last known valid run still: 116415
2009-05-26 22:19 - L1CaloStandalone - INFO: ===> listening for new valid runs <===
2009-05-26 22:19 - L1CaloStandalone - DEBUG: initialising coolRunLister
2009-05-26 22:19 - L1CaloStandalone - DEBUG: applying selections to coolRunLister
2009-05-26 22:19 - L1CaloStandalone - INFO: last valid run: 116415
2009-05-26 22:19 - L1CaloStandalone - INFO: searching for new runs from 116416 to 2147483647
2009-05-26 22:19 - L1CaloStandalone - DEBUG:  No new valid run. Last known valid run still: 116415
2009-05-26 22:34 - L1CaloStandalone - INFO: ===> listening for new valid runs <===
2009-05-26 22:34 - L1CaloStandalone - DEBUG: initialising coolRunLister
2009-05-26 22:34 - L1CaloStandalone - DEBUG: applying selections to coolRunLister
2009-05-26 22:34 - L1CaloStandalone - INFO: last valid run: 116415
2009-05-26 22:34 - L1CaloStandalone - INFO: searching for new runs from 116416 to 2147483647
2009-05-26 22:34 - L1CaloStandalone - DEBUG:  No new valid run. Last known valid run still: 116415
2009-05-26 22:49 - L1CaloStandalone - INFO: ===> listening for new valid runs <===
2009-05-26 22:49 - L1CaloStandalone - DEBUG: initialising coolRunLister
2009-05-26 22:49 - L1CaloStandalone - DEBUG: applying selections to coolRunLister
2009-05-26 22:49 - L1CaloStandalone - INFO: last valid run: 116415
2009-05-26 22:49 - L1CaloStandalone - INFO: searching for new runs from 116416 to 2147483647
2009-05-26 22:49 - L1CaloStandalone - DEBUG:  No new valid run. Last known valid run still: 116415
2009-05-26 23:05 - L1CaloStandalone - INFO: ===> listening for new valid runs <===
2009-05-26 23:05 - L1CaloStandalone - DEBUG: initialising coolRunLister
2009-05-26 23:05 - L1CaloStandalone - DEBUG: applying selections to coolRunLister
2009-05-26 23:05 - L1CaloStandalone - INFO: last valid run: 116415
2009-05-26 23:05 - L1CaloStandalone - INFO: searching for new runs from 116416 to 2147483647
2009-05-26 23:05 - L1CaloStandalone - DEBUG:  No new valid run. Last known valid run still: 116415
2009-05-26 23:20 - L1CaloStandalone - INFO: ===> listening for new valid runs <===
2009-05-26 23:20 - L1CaloStandalone - DEBUG: initialising coolRunLister
2009-05-26 23:20 - L1CaloStandalone - DEBUG: applying selections to coolRunLister
2009-05-26 23:20 - L1CaloStandalone - INFO: last valid run: 116415
2009-05-26 23:20 - L1CaloStandalone - INFO: searching for new runs from 116416 to 2147483647
2009-05-26 23:20 - L1CaloStandalone - DEBUG:  No new valid run. Last known valid run still: 116415
2009-05-26 23:35 - L1CaloStandalone - INFO: ===> listening for new valid runs <===
2009-05-26 23:35 - L1CaloStandalone - DEBUG: initialising coolRunLister
2009-05-26 23:35 - L1CaloStandalone - DEBUG: applying selections to coolRunLister
2009-05-26 23:35 - L1CaloStandalone - INFO: last valid run: 116415
2009-05-26 23:35 - L1CaloStandalone - INFO: searching for new runs from 116416 to 2147483647
2009-05-26 23:35 - L1CaloStandalone - DEBUG:  No new valid run. Last known valid run still: 116415
2009-05-26 23:50 - L1CaloStandalone - INFO: ===> listening for new valid runs <===
2009-05-26 23:50 - L1CaloStandalone - DEBUG: initialising coolRunLister
2009-05-26 23:50 - L1CaloStandalone - DEBUG: applying selections to coolRunLister
2009-05-26 23:50 - L1CaloStandalone - INFO: last valid run: 116415
2009-05-26 23:50 - L1CaloStandalone - INFO: searching for new runs from 116416 to 2147483647
2009-05-26 23:51 - L1CaloStandalone - DEBUG:  No new valid run. Last known valid run still: 116415
