2009-06-25 00:00 - L1CaloStandalone - INFO: ========================================
2009-06-25 00:00 - L1CaloStandalone - INFO: RunListener in init
2009-06-25 00:00 - L1CaloStandalone - INFO: RunListener initialized
2009-06-25 00:00 - L1CaloStandalone - INFO: ========================================
2009-06-25 00:00 - L1CaloStandalone - INFO: ===> from initRunListener <===
2009-06-25 00:00 - L1CaloStandalone - INFO: 
RunListener L1CaloStandaloneinitialised with the following parameters:
TDAQ DB: COOLONL_TDAQ/COMP200
TRIG DB: COOLONL_TRIGGER/COMP200
Status DB: COOLONL_TDAQ/COMP200
log level: 0
oracle: False
rec. only: True
det. mask: 0
run type: Physics
det. status: 2
det. status tag: HEAD
daq partition: 
 * L1CaloStandalone
tag: 
format: acertd
reverse: False
stoptimestamp: True
cleanstop: True
hasevents: True
last valid run known: 0

2009-06-25 00:17 - L1CaloStandalone - INFO: ===> listening for new valid runs <===
2009-06-25 00:17 - L1CaloStandalone - DEBUG: initialising coolRunLister
2009-06-25 00:17 - L1CaloStandalone - DEBUG: applying selections to coolRunLister
2009-06-25 00:17 - L1CaloStandalone - INFO: last valid run: 113232
2009-06-25 00:17 - L1CaloStandalone - INFO: searching for new runs from 113233 to 2147483647
2009-06-25 00:18 - L1CaloStandalone - DEBUG: new last known run: 120525
2009-06-25 00:18 - L1CaloStandalone - DEBUG: 
     Run   Events  LumiB            StartTime             StopTime L1Events L2Events EFEvents ErrC Rec Cln RunType                  DetectorMask DAQConfiguration     PartitionName    FilenameTag         
  113234     1324      1  2009-04-25:08:18:47  2009-04-25:08:21:38     1324     1324     1324    0  No Yes Physics                    7c00000000 Schema=136:Data=6    L1CaloStandalone data_test           
     Run   Events  LumiB            StartTime             StopTime L1Events L2Events EFEvents ErrC Rec Cln RunType                  DetectorMask DAQConfiguration     PartitionName    FilenameTag         
  113237     1260      1  2009-04-25:09:11:51  2009-04-25:09:13:57     1260     1260     1260    0  No Yes Physics                    7c00000000 Schema=136:Data=6    L1CaloStandalone data_test           
     Run   Events  LumiB            StartTime             StopTime L1Events L2Events EFEvents ErrC Rec Cln RunType                  DetectorMask DAQConfiguration     PartitionName    FilenameTag         
  113282     1264      1  2009-04-26:15:55:34  2009-04-26:15:57:40     1264     1264     1264    0  No Yes Physics                    7c00000000 Schema=136:Data=6    L1CaloStandalone data_test           
     Run   Events  LumiB            StartTime             StopTime L1Events L2Events EFEvents ErrC Rec Cln RunType                  DetectorMask DAQConfiguration     PartitionName    FilenameTag         
  114150     1308      1  2009-05-04:15:12:59  2009-05-04:15:15:51     1308     1308     1308    0  No Yes Physics                    7c00000000 Schema=139:Data=29   L1CaloStandalone data_test           
     Run   Events  LumiB            StartTime             StopTime L1Events L2Events EFEvents ErrC Rec Cln RunType                  DetectorMask DAQConfiguration     PartitionName    FilenameTag         
  114160     1264      1  2009-05-04:15:55:53  2009-05-04:15:57:59     1264     1264     1264    0  No Yes Physics                    7c00000000 Schema=139:Data=29   L1CaloStandalone data_test           
     Run   Events  LumiB            StartTime             StopTime L1Events L2Events EFEvents ErrC Rec Cln RunType                  DetectorMask DAQConfiguration     PartitionName    FilenameTag         
  114163     4133      1  2009-05-04:16:09:49  2009-05-04:16:10:00     4133     4133     4133    0  No Yes Physics                    7c00000000                      L1CaloStandalone data_test           
     Run   Events  LumiB            StartTime             StopTime L1Events L2Events EFEvents ErrC Rec Cln RunType                  DetectorMask DAQConfiguration     PartitionName    FilenameTag         
  114627     1296      1  2009-05-08:13:14:13  2009-05-08:13:17:05     1296     1296     1296    0  No Yes Physics                    7c00000000 Schema=141:Data=107  L1CaloStandalone data_test           
     Run   Events  LumiB            StartTime             StopTime L1Events L2Events EFEvents ErrC Rec Cln RunType                  DetectorMask DAQConfiguration     PartitionName    FilenameTag         
  114633     1264      1  2009-05-08:13:32:05  2009-05-08:13:34:11     1264     1264     1264    0  No Yes Physics                    7c00000000 Schema=141:Data=107  L1CaloStandalone data_test           
     Run   Events  LumiB            StartTime             StopTime L1Events L2Events EFEvents ErrC Rec Cln RunType                  DetectorMask DAQConfiguration     PartitionName    FilenameTag         
  114859   425579      1  2009-05-11:13:37:38  2009-05-11:13:41:36   425579   425579   425579    0  No Yes Physics                    7c00000000 Schema=141:Data=167  L1CaloStandalone data_test           
     Run   Events  LumiB            StartTime             StopTime L1Events L2Events EFEvents ErrC Rec Cln RunType                  DetectorMask DAQConfiguration     PartitionName    FilenameTag         
  114948     1324      1  2009-05-12:08:11:08  2009-05-12:08:13:57     1324     1324     1324    0  No Yes Physics                    7c00000000 Schema=141:Data=210  L1CaloStandalone data_test           
     Run   Events  LumiB            StartTime             StopTime L1Events L2Events EFEvents ErrC Rec Cln RunType                  DetectorMask DAQConfiguration     PartitionName    FilenameTag         
  114951     1264      1  2009-05-12:08:22:56  2009-05-12:08:25:02     1264     1264     1264    0  No Yes Physics                    7c00000000 Schema=141:Data=210  L1CaloStandalone data_test           
     Run   Events  LumiB            StartTime             StopTime L1Events L2Events EFEvents ErrC Rec Cln RunType                  DetectorMask DAQConfiguration     PartitionName    FilenameTag         
  114955      672      1  2009-05-12:08:32:28  2009-05-12:08:43:14      672      672      672    0  No Yes Physics                    7c00000000 Schema=141:Data=210  L1CaloStandalone data_test           
     Run   Events  LumiB            StartTime             StopTime L1Events L2Events EFEvents ErrC Rec Cln RunType                  DetectorMask DAQConfiguration     PartitionName    FilenameTag         
  115640     1324      1  2009-05-19:09:33:30  2009-05-19:09:36:25     1324     1324     1324    0  No Yes Physics                    7c00000000 Schema=142:Data=125  L1CaloStandalone data_test           
     Run   Events  LumiB            StartTime             StopTime L1Events L2Events EFEvents ErrC Rec Cln RunType                  DetectorMask DAQConfiguration     PartitionName    FilenameTag         
  115651     1264      1  2009-05-19:10:03:24  2009-05-19:10:05:30     1264     1264     1264    0  No Yes Physics                    7c00000000 Schema=142:Data=125  L1CaloStandalone data_test           
     Run   Events  LumiB            StartTime             StopTime L1Events L2Events EFEvents ErrC Rec Cln RunType                  DetectorMask DAQConfiguration     PartitionName    FilenameTag         
  115906     1280      1  2009-05-20:12:43:53  2009-05-20:12:46:56     1280     1280     1280    0  No Yes Physics                    7c00000000                      L1CaloStandalone data_test           
     Run   Events  LumiB            StartTime             StopTime L1Events L2Events EFEvents ErrC Rec Cln RunType                  DetectorMask DAQConfiguration     PartitionName    FilenameTag         
  115917     1264      1  2009-05-20:13:38:32  2009-05-20:13:40:53     1264     1264     1264    0  No Yes Physics                    7c00000000 Schema=142:Data=196  L1CaloStandalone data_test           
     Run   Events  LumiB            StartTime             StopTime L1Events L2Events EFEvents ErrC Rec Cln RunType                  DetectorMask DAQConfiguration     PartitionName    FilenameTag         
  116412   236824      1  2009-05-25:06:47:32  2009-05-25:07:25:49   236824   236824   236824    0  No Yes Physics                    7c00000000 Schema=142:Data=264  L1CaloStandalone data_test           
     Run   Events  LumiB            StartTime             StopTime L1Events L2Events EFEvents ErrC Rec Cln RunType                  DetectorMask DAQConfiguration     PartitionName    FilenameTag         
  116415    57613      1  2009-05-25:07:30:15  2009-05-25:07:39:38    57613    57613    57613    0  No Yes Physics                    7c00000000 Schema=142:Data=264  L1CaloStandalone data_test           
     Run   Events  LumiB            StartTime             StopTime L1Events L2Events EFEvents ErrC Rec Cln RunType                  DetectorMask DAQConfiguration     PartitionName    FilenameTag         
  116777     1284      1  2009-05-28:10:17:13  2009-05-28:10:20:06     1284     1284     1284    0  No Yes Physics                    7c00000000 Schema=145:Data=12   L1CaloStandalone data_test           
     Run   Events  LumiB            StartTime             StopTime L1Events L2Events EFEvents ErrC Rec Cln RunType                  DetectorMask DAQConfiguration     PartitionName    FilenameTag         
  116788     1264      1  2009-05-28:10:45:14  2009-05-28:10:47:20     1264     1264     1264    0  No Yes Physics                    7c00000000 Schema=145:Data=12   L1CaloStandalone data_test           
     Run   Events  LumiB            StartTime             StopTime L1Events L2Events EFEvents ErrC Rec Cln RunType                  DetectorMask DAQConfiguration     PartitionName    FilenameTag         
  117422     1300      1  2009-06-02:08:21:40  2009-06-02:08:24:25     1300     1300     1300    0  No Yes Physics                    7c00000000 Schema=146:Data=29   L1CaloStandalone data_test           
     Run   Events  LumiB            StartTime             StopTime L1Events L2Events EFEvents ErrC Rec Cln RunType                  DetectorMask DAQConfiguration     PartitionName    FilenameTag         
  117436     1304      1  2009-06-02:09:43:34  2009-06-02:09:46:24     1304     1304     1304    0  No Yes Physics                    7c00000000 Schema=147:Data=3    L1CaloStandalone data_test           
     Run   Events  LumiB            StartTime             StopTime L1Events L2Events EFEvents ErrC Rec Cln RunType                  DetectorMask DAQConfiguration     PartitionName    FilenameTag         
  117444     1264      1  2009-06-02:10:11:42  2009-06-02:10:13:48     1264     1264     1264    0  No Yes Physics                    7c00000000 Schema=147:Data=1    L1CaloStandalone data_test           
     Run   Events  LumiB            StartTime             StopTime L1Events L2Events EFEvents ErrC Rec Cln RunType                  DetectorMask DAQConfiguration     PartitionName    FilenameTag         
  118121     1131      1  2009-06-08:08:54:05  2009-06-08:08:54:26     1131     1131     1131    0  No Yes Physics                    7800000000                      L1CaloStandalone data_test           
     Run   Events  LumiB            StartTime             StopTime L1Events L2Events EFEvents ErrC Rec Cln RunType                  DetectorMask DAQConfiguration     PartitionName    FilenameTag         
  118123      306      1  2009-06-08:09:03:52  2009-06-08:09:04:03      306      306      306    0  No Yes Physics                    7800000000                      L1CaloStandalone data_test           
     Run   Events  LumiB            StartTime             StopTime L1Events L2Events EFEvents ErrC Rec Cln RunType                  DetectorMask DAQConfiguration     PartitionName    FilenameTag         
  118124      394      1  2009-06-08:09:07:04  2009-06-08:09:07:17      394      394      394    0  No Yes Physics                    7800000000                      L1CaloStandalone data_test           
     Run   Events  LumiB            StartTime             StopTime L1Events L2Events EFEvents ErrC Rec Cln RunType                  DetectorMask DAQConfiguration     PartitionName    FilenameTag         
  119847      556      1  2009-06-17:10:18:12  2009-06-17:10:19:10      556      556      556    0  No Yes Physics                    1c00000000 Schema=154:Data=64   L1CaloStandalone data_test           
     Run   Events  LumiB            StartTime             StopTime L1Events L2Events EFEvents ErrC Rec Cln RunType                  DetectorMask DAQConfiguration     PartitionName    FilenameTag         
  119850     1307      2  2009-06-17:10:20:23  2009-06-17:10:23:08     1307     1307     1307    0  No Yes Physics                    1c00000000 Schema=154:Data=65   L1CaloStandalone data_test           
     Run   Events  LumiB            StartTime             StopTime L1Events L2Events EFEvents ErrC Rec Cln RunType                  DetectorMask DAQConfiguration     PartitionName    FilenameTag         
  119915    42011     41  2009-06-17:13:42:38  2009-06-17:13:49:31    42011    42011    42011    0  No Yes Physics                    7c00000000 Schema=154:Data=78   L1CaloStandalone data_test           
     Run   Events  LumiB            StartTime             StopTime L1Events L2Events EFEvents ErrC Rec Cln RunType                  DetectorMask DAQConfiguration     PartitionName    FilenameTag         
  119920   286221     65  2009-06-17:13:51:30  2009-06-17:13:57:01   286221   286221   286221    0  No Yes Physics                    7c00000000 Schema=154:Data=78   L1CaloStandalone data_test           
     Run   Events  LumiB            StartTime             StopTime L1Events L2Events EFEvents ErrC Rec Cln RunType                  DetectorMask DAQConfiguration     PartitionName    FilenameTag         
  119925    16940      4  2009-06-17:14:08:10  2009-06-17:14:09:41    16940    16940    16940    0  No Yes Physics                    7c00000000 Schema=154:Data=78   L1CaloStandalone data_test           
     Run   Events  LumiB            StartTime             StopTime L1Events L2Events EFEvents ErrC Rec Cln RunType                  DetectorMask DAQConfiguration     PartitionName    FilenameTag         
  119927    81202     19  2009-06-17:14:12:17  2009-06-17:14:13:55    81202    81202    81202    0  No Yes Physics                    7c00000000 Schema=154:Data=81   L1CaloStandalone data_test           
     Run   Events  LumiB            StartTime             StopTime L1Events L2Events EFEvents ErrC Rec Cln RunType                  DetectorMask DAQConfiguration     PartitionName    FilenameTag         
  119929    24370     10  2009-06-17:14:17:09  2009-06-17:14:26:35    24370    24370    24370    0  No Yes Physics                    7c00000000 Schema=154:Data=81   L1CaloStandalone data_test           
     Run   Events  LumiB            StartTime             StopTime L1Events L2Events EFEvents ErrC Rec Cln RunType                  DetectorMask DAQConfiguration     PartitionName    FilenameTag         
  119939    10559      3  2009-06-17:14:36:04  2009-06-17:14:40:27    10559    10559    10559    0  No Yes Physics                    7c00000000 Schema=154:Data=83   L1CaloStandalone data_test           
     Run   Events  LumiB            StartTime             StopTime L1Events L2Events EFEvents ErrC Rec Cln RunType                  DetectorMask DAQConfiguration     PartitionName    FilenameTag         
  120194        3      1  2009-06-19:08:02:51  2009-06-19:08:03:29        3        3        3    0  No Yes Physics                    7c00000000 Schema=154:Data=141  L1CaloStandalone data_test           
     Run   Events  LumiB            StartTime             StopTime L1Events L2Events EFEvents ErrC Rec Cln RunType                  DetectorMask DAQConfiguration     PartitionName    FilenameTag         
  120195     1264      2  2009-06-19:08:04:59  2009-06-19:08:07:06     1264     1264     1264    0  No Yes Physics                    7c00000000 Schema=154:Data=141  L1CaloStandalone data_test           
     Run   Events  LumiB            StartTime             StopTime L1Events L2Events EFEvents ErrC Rec Cln RunType                  DetectorMask DAQConfiguration     PartitionName    FilenameTag         
  120197     1308      2  2009-06-19:08:09:59  2009-06-19:08:12:50     1308     1308     1308    0  No Yes Physics                    7c00000000 Schema=154:Data=141  L1CaloStandalone data_test           
     Run   Events  LumiB            StartTime             StopTime L1Events L2Events EFEvents ErrC Rec Cln RunType                  DetectorMask DAQConfiguration     PartitionName    FilenameTag         
  120315     1292      2  2009-06-19:14:28:59  2009-06-19:14:31:49     1292     1292     1292    0  No Yes Physics                    7c00000000 Schema=154:Data=190  L1CaloStandalone data_test           
     Run   Events  LumiB            StartTime             StopTime L1Events L2Events EFEvents ErrC Rec Cln RunType                  DetectorMask DAQConfiguration     PartitionName    FilenameTag         
  120510      832      1  2009-06-21:11:13:25  2009-06-21:11:14:50      832      832      832    0  No Yes Physics                    7c00000000 Schema=154:Data=212  L1CaloStandalone data_test           
     Run   Events  LumiB            StartTime             StopTime L1Events L2Events EFEvents ErrC Rec Cln RunType                  DetectorMask DAQConfiguration     PartitionName    FilenameTag         
  120511     1300      2  2009-06-21:11:19:23  2009-06-21:11:22:14     1300     1300     1300    0  No Yes Physics                    7c00000000 Schema=154:Data=212  L1CaloStandalone data_test           
     Run   Events  LumiB            StartTime             StopTime L1Events L2Events EFEvents ErrC Rec Cln RunType                  DetectorMask DAQConfiguration     PartitionName    FilenameTag         
  120512     1264      2  2009-06-21:11:46:42  2009-06-21:11:48:49     1264     1264     1264    0  No Yes Physics                    7c00000000 Schema=154:Data=212  L1CaloStandalone data_test           
     Run   Events  LumiB            StartTime             StopTime L1Events L2Events EFEvents ErrC Rec Cln RunType                  DetectorMask DAQConfiguration     PartitionName    FilenameTag         
  120525    15348     15  2009-06-21:16:50:36  2009-06-21:16:53:10    15348    15348    15348    0  No Yes Physics                    7c00000000 Schema=154:Data=212  L1CaloStandalone data_test           

2009-06-25 00:35 - L1CaloStandalone - INFO: ===> listening for new valid runs <===
2009-06-25 00:35 - L1CaloStandalone - DEBUG: initialising coolRunLister
2009-06-25 00:35 - L1CaloStandalone - DEBUG: applying selections to coolRunLister
2009-06-25 00:35 - L1CaloStandalone - INFO: last valid run: 120525
2009-06-25 00:35 - L1CaloStandalone - INFO: searching for new runs from 120526 to 2147483647
2009-06-25 00:35 - L1CaloStandalone - DEBUG:  No new valid run. Last known valid run still: 120525
2009-06-25 00:51 - L1CaloStandalone - INFO: ===> listening for new valid runs <===
2009-06-25 00:51 - L1CaloStandalone - DEBUG: initialising coolRunLister
2009-06-25 00:51 - L1CaloStandalone - DEBUG: applying selections to coolRunLister
2009-06-25 00:51 - L1CaloStandalone - INFO: last valid run: 120525
2009-06-25 00:51 - L1CaloStandalone - INFO: searching for new runs from 120526 to 2147483647
2009-06-25 00:51 - L1CaloStandalone - DEBUG:  No new valid run. Last known valid run still: 120525
2009-06-25 01:06 - L1CaloStandalone - INFO: ===> listening for new valid runs <===
2009-06-25 01:06 - L1CaloStandalone - DEBUG: initialising coolRunLister
2009-06-25 01:06 - L1CaloStandalone - DEBUG: applying selections to coolRunLister
2009-06-25 01:06 - L1CaloStandalone - INFO: last valid run: 120525
2009-06-25 01:06 - L1CaloStandalone - INFO: searching for new runs from 120526 to 2147483647
2009-06-25 01:06 - L1CaloStandalone - DEBUG:  No new valid run. Last known valid run still: 120525
2009-06-25 01:21 - L1CaloStandalone - INFO: ===> listening for new valid runs <===
2009-06-25 01:21 - L1CaloStandalone - DEBUG: initialising coolRunLister
2009-06-25 01:21 - L1CaloStandalone - DEBUG: applying selections to coolRunLister
2009-06-25 01:21 - L1CaloStandalone - INFO: last valid run: 120525
2009-06-25 01:21 - L1CaloStandalone - INFO: searching for new runs from 120526 to 2147483647
2009-06-25 01:21 - L1CaloStandalone - DEBUG:  No new valid run. Last known valid run still: 120525
2009-06-25 01:36 - L1CaloStandalone - INFO: ===> listening for new valid runs <===
2009-06-25 01:36 - L1CaloStandalone - DEBUG: initialising coolRunLister
2009-06-25 01:36 - L1CaloStandalone - DEBUG: applying selections to coolRunLister
2009-06-25 01:36 - L1CaloStandalone - INFO: last valid run: 120525
2009-06-25 01:36 - L1CaloStandalone - INFO: searching for new runs from 120526 to 2147483647
2009-06-25 01:36 - L1CaloStandalone - DEBUG:  No new valid run. Last known valid run still: 120525
2009-06-25 01:52 - L1CaloStandalone - INFO: ===> listening for new valid runs <===
2009-06-25 01:52 - L1CaloStandalone - DEBUG: initialising coolRunLister
2009-06-25 01:52 - L1CaloStandalone - DEBUG: applying selections to coolRunLister
2009-06-25 01:52 - L1CaloStandalone - INFO: last valid run: 120525
2009-06-25 01:52 - L1CaloStandalone - INFO: searching for new runs from 120526 to 2147483647
2009-06-25 01:52 - L1CaloStandalone - DEBUG:  No new valid run. Last known valid run still: 120525
2009-06-25 02:07 - L1CaloStandalone - INFO: ===> listening for new valid runs <===
2009-06-25 02:07 - L1CaloStandalone - DEBUG: initialising coolRunLister
2009-06-25 02:07 - L1CaloStandalone - DEBUG: applying selections to coolRunLister
2009-06-25 02:07 - L1CaloStandalone - INFO: last valid run: 120525
2009-06-25 02:07 - L1CaloStandalone - INFO: searching for new runs from 120526 to 2147483647
2009-06-25 02:07 - L1CaloStandalone - DEBUG:  No new valid run. Last known valid run still: 120525
2009-06-25 02:22 - L1CaloStandalone - INFO: ===> listening for new valid runs <===
2009-06-25 02:22 - L1CaloStandalone - DEBUG: initialising coolRunLister
2009-06-25 02:22 - L1CaloStandalone - DEBUG: applying selections to coolRunLister
2009-06-25 02:22 - L1CaloStandalone - INFO: last valid run: 120525
2009-06-25 02:22 - L1CaloStandalone - INFO: searching for new runs from 120526 to 2147483647
2009-06-25 02:22 - L1CaloStandalone - DEBUG:  No new valid run. Last known valid run still: 120525
2009-06-25 02:37 - L1CaloStandalone - INFO: ===> listening for new valid runs <===
2009-06-25 02:37 - L1CaloStandalone - DEBUG: initialising coolRunLister
2009-06-25 02:37 - L1CaloStandalone - DEBUG: applying selections to coolRunLister
2009-06-25 02:37 - L1CaloStandalone - INFO: last valid run: 120525
2009-06-25 02:37 - L1CaloStandalone - INFO: searching for new runs from 120526 to 2147483647
2009-06-25 02:37 - L1CaloStandalone - DEBUG:  No new valid run. Last known valid run still: 120525
2009-06-25 02:53 - L1CaloStandalone - INFO: ===> listening for new valid runs <===
2009-06-25 02:53 - L1CaloStandalone - DEBUG: initialising coolRunLister
2009-06-25 02:53 - L1CaloStandalone - DEBUG: applying selections to coolRunLister
2009-06-25 02:53 - L1CaloStandalone - INFO: last valid run: 120525
2009-06-25 02:53 - L1CaloStandalone - INFO: searching for new runs from 120526 to 2147483647
2009-06-25 02:53 - L1CaloStandalone - DEBUG:  No new valid run. Last known valid run still: 120525
2009-06-25 03:08 - L1CaloStandalone - INFO: ===> listening for new valid runs <===
2009-06-25 03:08 - L1CaloStandalone - DEBUG: initialising coolRunLister
2009-06-25 03:08 - L1CaloStandalone - DEBUG: applying selections to coolRunLister
2009-06-25 03:08 - L1CaloStandalone - INFO: last valid run: 120525
2009-06-25 03:08 - L1CaloStandalone - INFO: searching for new runs from 120526 to 2147483647
2009-06-25 03:08 - L1CaloStandalone - DEBUG:  No new valid run. Last known valid run still: 120525
2009-06-25 03:23 - L1CaloStandalone - INFO: ===> listening for new valid runs <===
2009-06-25 03:23 - L1CaloStandalone - DEBUG: initialising coolRunLister
2009-06-25 03:23 - L1CaloStandalone - DEBUG: applying selections to coolRunLister
2009-06-25 03:23 - L1CaloStandalone - INFO: last valid run: 120525
2009-06-25 03:23 - L1CaloStandalone - INFO: searching for new runs from 120526 to 2147483647
2009-06-25 03:23 - L1CaloStandalone - DEBUG:  No new valid run. Last known valid run still: 120525
2009-06-25 03:38 - L1CaloStandalone - INFO: ===> listening for new valid runs <===
2009-06-25 03:38 - L1CaloStandalone - DEBUG: initialising coolRunLister
2009-06-25 03:38 - L1CaloStandalone - DEBUG: applying selections to coolRunLister
2009-06-25 03:38 - L1CaloStandalone - INFO: last valid run: 120525
2009-06-25 03:38 - L1CaloStandalone - INFO: searching for new runs from 120526 to 2147483647
2009-06-25 03:38 - L1CaloStandalone - DEBUG:  No new valid run. Last known valid run still: 120525
2009-06-25 03:54 - L1CaloStandalone - INFO: ===> listening for new valid runs <===
2009-06-25 03:54 - L1CaloStandalone - DEBUG: initialising coolRunLister
2009-06-25 03:54 - L1CaloStandalone - DEBUG: applying selections to coolRunLister
2009-06-25 03:54 - L1CaloStandalone - INFO: last valid run: 120525
2009-06-25 03:54 - L1CaloStandalone - INFO: searching for new runs from 120526 to 2147483647
2009-06-25 03:54 - L1CaloStandalone - DEBUG:  No new valid run. Last known valid run still: 120525
2009-06-25 04:09 - L1CaloStandalone - INFO: ===> listening for new valid runs <===
2009-06-25 04:09 - L1CaloStandalone - DEBUG: initialising coolRunLister
2009-06-25 04:09 - L1CaloStandalone - DEBUG: applying selections to coolRunLister
2009-06-25 04:09 - L1CaloStandalone - INFO: last valid run: 120525
2009-06-25 04:09 - L1CaloStandalone - INFO: searching for new runs from 120526 to 2147483647
2009-06-25 04:09 - L1CaloStandalone - DEBUG:  No new valid run. Last known valid run still: 120525
2009-06-25 04:24 - L1CaloStandalone - INFO: ===> listening for new valid runs <===
2009-06-25 04:24 - L1CaloStandalone - DEBUG: initialising coolRunLister
2009-06-25 04:24 - L1CaloStandalone - DEBUG: applying selections to coolRunLister
2009-06-25 04:24 - L1CaloStandalone - INFO: last valid run: 120525
2009-06-25 04:24 - L1CaloStandalone - INFO: searching for new runs from 120526 to 2147483647
2009-06-25 04:24 - L1CaloStandalone - DEBUG:  No new valid run. Last known valid run still: 120525
2009-06-25 04:39 - L1CaloStandalone - INFO: ===> listening for new valid runs <===
2009-06-25 04:39 - L1CaloStandalone - DEBUG: initialising coolRunLister
2009-06-25 04:39 - L1CaloStandalone - DEBUG: applying selections to coolRunLister
2009-06-25 04:39 - L1CaloStandalone - INFO: last valid run: 120525
2009-06-25 04:39 - L1CaloStandalone - INFO: searching for new runs from 120526 to 2147483647
2009-06-25 04:39 - L1CaloStandalone - DEBUG:  No new valid run. Last known valid run still: 120525
2009-06-25 04:55 - L1CaloStandalone - INFO: ===> listening for new valid runs <===
2009-06-25 04:55 - L1CaloStandalone - DEBUG: initialising coolRunLister
2009-06-25 04:55 - L1CaloStandalone - DEBUG: applying selections to coolRunLister
2009-06-25 04:55 - L1CaloStandalone - INFO: last valid run: 120525
2009-06-25 04:55 - L1CaloStandalone - INFO: searching for new runs from 120526 to 2147483647
2009-06-25 04:55 - L1CaloStandalone - DEBUG:  No new valid run. Last known valid run still: 120525
2009-06-25 05:10 - L1CaloStandalone - INFO: ===> listening for new valid runs <===
2009-06-25 05:10 - L1CaloStandalone - DEBUG: initialising coolRunLister
2009-06-25 05:10 - L1CaloStandalone - DEBUG: applying selections to coolRunLister
2009-06-25 05:10 - L1CaloStandalone - INFO: last valid run: 120525
2009-06-25 05:10 - L1CaloStandalone - INFO: searching for new runs from 120526 to 2147483647
2009-06-25 05:10 - L1CaloStandalone - DEBUG:  No new valid run. Last known valid run still: 120525
2009-06-25 05:25 - L1CaloStandalone - INFO: ===> listening for new valid runs <===
2009-06-25 05:25 - L1CaloStandalone - DEBUG: initialising coolRunLister
2009-06-25 05:25 - L1CaloStandalone - DEBUG: applying selections to coolRunLister
2009-06-25 05:25 - L1CaloStandalone - INFO: last valid run: 120525
2009-06-25 05:25 - L1CaloStandalone - INFO: searching for new runs from 120526 to 2147483647
2009-06-25 05:25 - L1CaloStandalone - DEBUG:  No new valid run. Last known valid run still: 120525
2009-06-25 05:40 - L1CaloStandalone - INFO: ===> listening for new valid runs <===
2009-06-25 05:40 - L1CaloStandalone - DEBUG: initialising coolRunLister
2009-06-25 05:40 - L1CaloStandalone - DEBUG: applying selections to coolRunLister
2009-06-25 05:40 - L1CaloStandalone - INFO: last valid run: 120525
2009-06-25 05:40 - L1CaloStandalone - INFO: searching for new runs from 120526 to 2147483647
2009-06-25 05:41 - L1CaloStandalone - DEBUG:  No new valid run. Last known valid run still: 120525
2009-06-25 05:56 - L1CaloStandalone - INFO: ===> listening for new valid runs <===
2009-06-25 05:56 - L1CaloStandalone - DEBUG: initialising coolRunLister
2009-06-25 05:56 - L1CaloStandalone - DEBUG: applying selections to coolRunLister
2009-06-25 05:56 - L1CaloStandalone - INFO: last valid run: 120525
2009-06-25 05:56 - L1CaloStandalone - INFO: searching for new runs from 120526 to 2147483647
2009-06-25 05:56 - L1CaloStandalone - DEBUG:  No new valid run. Last known valid run still: 120525
2009-06-25 06:11 - L1CaloStandalone - INFO: ===> listening for new valid runs <===
2009-06-25 06:11 - L1CaloStandalone - DEBUG: initialising coolRunLister
2009-06-25 06:11 - L1CaloStandalone - DEBUG: applying selections to coolRunLister
2009-06-25 06:11 - L1CaloStandalone - INFO: last valid run: 120525
2009-06-25 06:11 - L1CaloStandalone - INFO: searching for new runs from 120526 to 2147483647
2009-06-25 06:11 - L1CaloStandalone - DEBUG:  No new valid run. Last known valid run still: 120525
2009-06-25 06:26 - L1CaloStandalone - INFO: ===> listening for new valid runs <===
2009-06-25 06:26 - L1CaloStandalone - DEBUG: initialising coolRunLister
2009-06-25 06:26 - L1CaloStandalone - DEBUG: applying selections to coolRunLister
2009-06-25 06:26 - L1CaloStandalone - INFO: last valid run: 120525
2009-06-25 06:26 - L1CaloStandalone - INFO: searching for new runs from 120526 to 2147483647
2009-06-25 06:26 - L1CaloStandalone - DEBUG:  No new valid run. Last known valid run still: 120525
2009-06-25 06:42 - L1CaloStandalone - INFO: ===> listening for new valid runs <===
2009-06-25 06:42 - L1CaloStandalone - DEBUG: initialising coolRunLister
2009-06-25 06:42 - L1CaloStandalone - DEBUG: applying selections to coolRunLister
2009-06-25 06:42 - L1CaloStandalone - INFO: last valid run: 120525
2009-06-25 06:42 - L1CaloStandalone - INFO: searching for new runs from 120526 to 2147483647
2009-06-25 06:42 - L1CaloStandalone - DEBUG:  No new valid run. Last known valid run still: 120525
2009-06-25 06:57 - L1CaloStandalone - INFO: ===> listening for new valid runs <===
2009-06-25 06:57 - L1CaloStandalone - DEBUG: initialising coolRunLister
2009-06-25 06:57 - L1CaloStandalone - DEBUG: applying selections to coolRunLister
2009-06-25 06:57 - L1CaloStandalone - INFO: last valid run: 120525
2009-06-25 06:57 - L1CaloStandalone - INFO: searching for new runs from 120526 to 2147483647
2009-06-25 06:57 - L1CaloStandalone - DEBUG:  No new valid run. Last known valid run still: 120525
2009-06-25 07:12 - L1CaloStandalone - INFO: ===> listening for new valid runs <===
2009-06-25 07:12 - L1CaloStandalone - DEBUG: initialising coolRunLister
2009-06-25 07:12 - L1CaloStandalone - DEBUG: applying selections to coolRunLister
2009-06-25 07:12 - L1CaloStandalone - INFO: last valid run: 120525
2009-06-25 07:12 - L1CaloStandalone - INFO: searching for new runs from 120526 to 2147483647
2009-06-25 07:12 - L1CaloStandalone - DEBUG:  No new valid run. Last known valid run still: 120525
2009-06-25 07:27 - L1CaloStandalone - INFO: ===> listening for new valid runs <===
2009-06-25 07:27 - L1CaloStandalone - DEBUG: initialising coolRunLister
2009-06-25 07:27 - L1CaloStandalone - DEBUG: applying selections to coolRunLister
2009-06-25 07:27 - L1CaloStandalone - INFO: last valid run: 120525
2009-06-25 07:27 - L1CaloStandalone - INFO: searching for new runs from 120526 to 2147483647
2009-06-25 07:27 - L1CaloStandalone - DEBUG:  No new valid run. Last known valid run still: 120525
2009-06-25 07:43 - L1CaloStandalone - INFO: ===> listening for new valid runs <===
2009-06-25 07:43 - L1CaloStandalone - DEBUG: initialising coolRunLister
2009-06-25 07:43 - L1CaloStandalone - DEBUG: applying selections to coolRunLister
2009-06-25 07:43 - L1CaloStandalone - INFO: last valid run: 120525
2009-06-25 07:43 - L1CaloStandalone - INFO: searching for new runs from 120526 to 2147483647
2009-06-25 07:43 - L1CaloStandalone - DEBUG:  No new valid run. Last known valid run still: 120525
2009-06-25 07:58 - L1CaloStandalone - INFO: ===> listening for new valid runs <===
2009-06-25 07:58 - L1CaloStandalone - DEBUG: initialising coolRunLister
2009-06-25 07:58 - L1CaloStandalone - DEBUG: applying selections to coolRunLister
2009-06-25 07:58 - L1CaloStandalone - INFO: last valid run: 120525
2009-06-25 07:58 - L1CaloStandalone - INFO: searching for new runs from 120526 to 2147483647
2009-06-25 07:58 - L1CaloStandalone - DEBUG:  No new valid run. Last known valid run still: 120525
2009-06-25 08:13 - L1CaloStandalone - INFO: ===> listening for new valid runs <===
2009-06-25 08:13 - L1CaloStandalone - DEBUG: initialising coolRunLister
2009-06-25 08:13 - L1CaloStandalone - DEBUG: applying selections to coolRunLister
2009-06-25 08:13 - L1CaloStandalone - INFO: last valid run: 120525
2009-06-25 08:13 - L1CaloStandalone - INFO: searching for new runs from 120526 to 2147483647
2009-06-25 08:13 - L1CaloStandalone - DEBUG:  No new valid run. Last known valid run still: 120525
2009-06-25 08:28 - L1CaloStandalone - INFO: ===> listening for new valid runs <===
2009-06-25 08:28 - L1CaloStandalone - DEBUG: initialising coolRunLister
2009-06-25 08:28 - L1CaloStandalone - DEBUG: applying selections to coolRunLister
2009-06-25 08:28 - L1CaloStandalone - INFO: last valid run: 120525
2009-06-25 08:28 - L1CaloStandalone - INFO: searching for new runs from 120526 to 2147483647
2009-06-25 08:29 - L1CaloStandalone - DEBUG:  No new valid run. Last known valid run still: 120525
2009-06-25 08:44 - L1CaloStandalone - INFO: ===> listening for new valid runs <===
2009-06-25 08:44 - L1CaloStandalone - DEBUG: initialising coolRunLister
2009-06-25 08:44 - L1CaloStandalone - DEBUG: applying selections to coolRunLister
2009-06-25 08:44 - L1CaloStandalone - INFO: last valid run: 120525
2009-06-25 08:44 - L1CaloStandalone - INFO: searching for new runs from 120526 to 2147483647
2009-06-25 08:44 - L1CaloStandalone - DEBUG:  No new valid run. Last known valid run still: 120525
2009-06-25 08:59 - L1CaloStandalone - INFO: ===> listening for new valid runs <===
2009-06-25 08:59 - L1CaloStandalone - DEBUG: initialising coolRunLister
2009-06-25 08:59 - L1CaloStandalone - DEBUG: applying selections to coolRunLister
2009-06-25 08:59 - L1CaloStandalone - INFO: last valid run: 120525
2009-06-25 08:59 - L1CaloStandalone - INFO: searching for new runs from 120526 to 2147483647
2009-06-25 08:59 - L1CaloStandalone - DEBUG:  No new valid run. Last known valid run still: 120525
2009-06-25 09:14 - L1CaloStandalone - INFO: ===> listening for new valid runs <===
2009-06-25 09:14 - L1CaloStandalone - DEBUG: initialising coolRunLister
2009-06-25 09:14 - L1CaloStandalone - DEBUG: applying selections to coolRunLister
2009-06-25 09:14 - L1CaloStandalone - INFO: last valid run: 120525
2009-06-25 09:14 - L1CaloStandalone - INFO: searching for new runs from 120526 to 2147483647
2009-06-25 09:15 - L1CaloStandalone - DEBUG:  No new valid run. Last known valid run still: 120525
2009-06-25 09:30 - L1CaloStandalone - INFO: ===> listening for new valid runs <===
2009-06-25 09:30 - L1CaloStandalone - DEBUG: initialising coolRunLister
2009-06-25 09:30 - L1CaloStandalone - DEBUG: applying selections to coolRunLister
2009-06-25 09:30 - L1CaloStandalone - INFO: last valid run: 120525
2009-06-25 09:30 - L1CaloStandalone - INFO: searching for new runs from 120526 to 2147483647
2009-06-25 09:30 - L1CaloStandalone - DEBUG:  No new valid run. Last known valid run still: 120525
2009-06-25 09:45 - L1CaloStandalone - INFO: ===> listening for new valid runs <===
2009-06-25 09:45 - L1CaloStandalone - DEBUG: initialising coolRunLister
2009-06-25 09:45 - L1CaloStandalone - DEBUG: applying selections to coolRunLister
2009-06-25 09:45 - L1CaloStandalone - INFO: last valid run: 120525
2009-06-25 09:45 - L1CaloStandalone - INFO: searching for new runs from 120526 to 2147483647
2009-06-25 09:45 - L1CaloStandalone - DEBUG:  No new valid run. Last known valid run still: 120525
2009-06-25 10:00 - L1CaloStandalone - INFO: ===> listening for new valid runs <===
2009-06-25 10:00 - L1CaloStandalone - DEBUG: initialising coolRunLister
2009-06-25 10:00 - L1CaloStandalone - DEBUG: applying selections to coolRunLister
2009-06-25 10:00 - L1CaloStandalone - INFO: last valid run: 120525
2009-06-25 10:00 - L1CaloStandalone - INFO: searching for new runs from 120526 to 2147483647
2009-06-25 10:00 - L1CaloStandalone - DEBUG:  No new valid run. Last known valid run still: 120525
2009-06-25 10:16 - L1CaloStandalone - INFO: ===> listening for new valid runs <===
2009-06-25 10:16 - L1CaloStandalone - DEBUG: initialising coolRunLister
2009-06-25 10:16 - L1CaloStandalone - DEBUG: applying selections to coolRunLister
2009-06-25 10:16 - L1CaloStandalone - INFO: last valid run: 120525
2009-06-25 10:16 - L1CaloStandalone - INFO: searching for new runs from 120526 to 2147483647
2009-06-25 10:16 - L1CaloStandalone - DEBUG:  No new valid run. Last known valid run still: 120525
2009-06-25 10:31 - L1CaloStandalone - INFO: ===> listening for new valid runs <===
2009-06-25 10:31 - L1CaloStandalone - DEBUG: initialising coolRunLister
2009-06-25 10:31 - L1CaloStandalone - DEBUG: applying selections to coolRunLister
2009-06-25 10:31 - L1CaloStandalone - INFO: last valid run: 120525
2009-06-25 10:31 - L1CaloStandalone - INFO: searching for new runs from 120526 to 2147483647
2009-06-25 10:31 - L1CaloStandalone - DEBUG:  No new valid run. Last known valid run still: 120525
2009-06-25 10:46 - L1CaloStandalone - INFO: ===> listening for new valid runs <===
2009-06-25 10:46 - L1CaloStandalone - DEBUG: initialising coolRunLister
2009-06-25 10:46 - L1CaloStandalone - DEBUG: applying selections to coolRunLister
2009-06-25 10:46 - L1CaloStandalone - INFO: last valid run: 120525
2009-06-25 10:46 - L1CaloStandalone - INFO: searching for new runs from 120526 to 2147483647
2009-06-25 10:46 - L1CaloStandalone - DEBUG:  No new valid run. Last known valid run still: 120525
2009-06-25 11:01 - L1CaloStandalone - INFO: ===> listening for new valid runs <===
2009-06-25 11:01 - L1CaloStandalone - DEBUG: initialising coolRunLister
2009-06-25 11:01 - L1CaloStandalone - DEBUG: applying selections to coolRunLister
2009-06-25 11:01 - L1CaloStandalone - INFO: last valid run: 120525
2009-06-25 11:01 - L1CaloStandalone - INFO: searching for new runs from 120526 to 2147483647
2009-06-25 11:01 - L1CaloStandalone - DEBUG:  No new valid run. Last known valid run still: 120525
2009-06-25 11:17 - L1CaloStandalone - INFO: ===> listening for new valid runs <===
2009-06-25 11:17 - L1CaloStandalone - DEBUG: initialising coolRunLister
2009-06-25 11:17 - L1CaloStandalone - DEBUG: applying selections to coolRunLister
2009-06-25 11:17 - L1CaloStandalone - INFO: last valid run: 120525
2009-06-25 11:17 - L1CaloStandalone - INFO: searching for new runs from 120526 to 2147483647
2009-06-25 11:17 - L1CaloStandalone - DEBUG:  No new valid run. Last known valid run still: 120525
2009-06-25 11:32 - L1CaloStandalone - INFO: ===> listening for new valid runs <===
2009-06-25 11:32 - L1CaloStandalone - DEBUG: initialising coolRunLister
2009-06-25 11:32 - L1CaloStandalone - DEBUG: applying selections to coolRunLister
2009-06-25 11:32 - L1CaloStandalone - INFO: last valid run: 120525
2009-06-25 11:32 - L1CaloStandalone - INFO: searching for new runs from 120526 to 2147483647
2009-06-25 11:32 - L1CaloStandalone - DEBUG:  No new valid run. Last known valid run still: 120525
2009-06-25 11:47 - L1CaloStandalone - INFO: ===> listening for new valid runs <===
2009-06-25 11:47 - L1CaloStandalone - DEBUG: initialising coolRunLister
2009-06-25 11:47 - L1CaloStandalone - DEBUG: applying selections to coolRunLister
2009-06-25 11:47 - L1CaloStandalone - INFO: last valid run: 120525
2009-06-25 11:47 - L1CaloStandalone - INFO: searching for new runs from 120526 to 2147483647
2009-06-25 11:47 - L1CaloStandalone - DEBUG:  No new valid run. Last known valid run still: 120525
2009-06-25 12:03 - L1CaloStandalone - INFO: ===> listening for new valid runs <===
2009-06-25 12:03 - L1CaloStandalone - DEBUG: initialising coolRunLister
2009-06-25 12:03 - L1CaloStandalone - DEBUG: applying selections to coolRunLister
2009-06-25 12:03 - L1CaloStandalone - INFO: last valid run: 120525
2009-06-25 12:03 - L1CaloStandalone - INFO: searching for new runs from 120526 to 2147483647
2009-06-25 12:03 - L1CaloStandalone - DEBUG:  No new valid run. Last known valid run still: 120525
2009-06-25 12:18 - L1CaloStandalone - INFO: ===> listening for new valid runs <===
2009-06-25 12:18 - L1CaloStandalone - DEBUG: initialising coolRunLister
2009-06-25 12:18 - L1CaloStandalone - DEBUG: applying selections to coolRunLister
2009-06-25 12:18 - L1CaloStandalone - INFO: last valid run: 120525
2009-06-25 12:18 - L1CaloStandalone - INFO: searching for new runs from 120526 to 2147483647
2009-06-25 12:18 - L1CaloStandalone - DEBUG:  No new valid run. Last known valid run still: 120525
2009-06-25 12:33 - L1CaloStandalone - INFO: ===> listening for new valid runs <===
2009-06-25 12:33 - L1CaloStandalone - DEBUG: initialising coolRunLister
2009-06-25 12:33 - L1CaloStandalone - DEBUG: applying selections to coolRunLister
2009-06-25 12:33 - L1CaloStandalone - INFO: last valid run: 120525
2009-06-25 12:33 - L1CaloStandalone - INFO: searching for new runs from 120526 to 2147483647
2009-06-25 12:33 - L1CaloStandalone - DEBUG:  No new valid run. Last known valid run still: 120525
2009-06-25 12:49 - L1CaloStandalone - INFO: ===> listening for new valid runs <===
2009-06-25 12:49 - L1CaloStandalone - DEBUG: initialising coolRunLister
2009-06-25 12:49 - L1CaloStandalone - DEBUG: applying selections to coolRunLister
2009-06-25 12:49 - L1CaloStandalone - INFO: last valid run: 120525
2009-06-25 12:49 - L1CaloStandalone - INFO: searching for new runs from 120526 to 2147483647
2009-06-25 12:49 - L1CaloStandalone - DEBUG:  No new valid run. Last known valid run still: 120525
2009-06-25 13:04 - L1CaloStandalone - INFO: ===> listening for new valid runs <===
2009-06-25 13:04 - L1CaloStandalone - DEBUG: initialising coolRunLister
2009-06-25 13:04 - L1CaloStandalone - DEBUG: applying selections to coolRunLister
2009-06-25 13:04 - L1CaloStandalone - INFO: last valid run: 120525
2009-06-25 13:04 - L1CaloStandalone - INFO: searching for new runs from 120526 to 2147483647
2009-06-25 13:04 - L1CaloStandalone - DEBUG:  No new valid run. Last known valid run still: 120525
2009-06-25 13:19 - L1CaloStandalone - INFO: ===> listening for new valid runs <===
2009-06-25 13:19 - L1CaloStandalone - DEBUG: initialising coolRunLister
2009-06-25 13:19 - L1CaloStandalone - DEBUG: applying selections to coolRunLister
2009-06-25 13:19 - L1CaloStandalone - INFO: last valid run: 120525
2009-06-25 13:19 - L1CaloStandalone - INFO: searching for new runs from 120526 to 2147483647
2009-06-25 13:19 - L1CaloStandalone - DEBUG:  No new valid run. Last known valid run still: 120525
2009-06-25 13:34 - L1CaloStandalone - INFO: ===> listening for new valid runs <===
2009-06-25 13:34 - L1CaloStandalone - DEBUG: initialising coolRunLister
2009-06-25 13:34 - L1CaloStandalone - DEBUG: applying selections to coolRunLister
2009-06-25 13:34 - L1CaloStandalone - INFO: last valid run: 120525
2009-06-25 13:34 - L1CaloStandalone - INFO: searching for new runs from 120526 to 2147483647
2009-06-25 13:35 - L1CaloStandalone - DEBUG:  No new valid run. Last known valid run still: 120525
2009-06-25 13:50 - L1CaloStandalone - INFO: ===> listening for new valid runs <===
2009-06-25 13:50 - L1CaloStandalone - DEBUG: initialising coolRunLister
2009-06-25 13:50 - L1CaloStandalone - DEBUG: applying selections to coolRunLister
2009-06-25 13:50 - L1CaloStandalone - INFO: last valid run: 120525
2009-06-25 13:50 - L1CaloStandalone - INFO: searching for new runs from 120526 to 2147483647
2009-06-25 13:50 - L1CaloStandalone - DEBUG:  No new valid run. Last known valid run still: 120525
2009-06-25 14:05 - L1CaloStandalone - INFO: ===> listening for new valid runs <===
2009-06-25 14:05 - L1CaloStandalone - DEBUG: initialising coolRunLister
2009-06-25 14:05 - L1CaloStandalone - DEBUG: applying selections to coolRunLister
2009-06-25 14:05 - L1CaloStandalone - INFO: last valid run: 120525
2009-06-25 14:05 - L1CaloStandalone - INFO: searching for new runs from 120526 to 2147483647
2009-06-25 14:05 - L1CaloStandalone - DEBUG:  No new valid run. Last known valid run still: 120525
2009-06-25 14:20 - L1CaloStandalone - INFO: ===> listening for new valid runs <===
2009-06-25 14:20 - L1CaloStandalone - DEBUG: initialising coolRunLister
2009-06-25 14:20 - L1CaloStandalone - DEBUG: applying selections to coolRunLister
2009-06-25 14:20 - L1CaloStandalone - INFO: last valid run: 120525
2009-06-25 14:20 - L1CaloStandalone - INFO: searching for new runs from 120526 to 2147483647
2009-06-25 14:20 - L1CaloStandalone - DEBUG:  No new valid run. Last known valid run still: 120525
2009-06-25 14:36 - L1CaloStandalone - INFO: ===> listening for new valid runs <===
2009-06-25 14:36 - L1CaloStandalone - DEBUG: initialising coolRunLister
2009-06-25 14:36 - L1CaloStandalone - DEBUG: applying selections to coolRunLister
2009-06-25 14:36 - L1CaloStandalone - INFO: last valid run: 120525
2009-06-25 14:36 - L1CaloStandalone - INFO: searching for new runs from 120526 to 2147483647
2009-06-25 14:36 - L1CaloStandalone - DEBUG:  No new valid run. Last known valid run still: 120525
2009-06-25 14:51 - L1CaloStandalone - INFO: ===> listening for new valid runs <===
2009-06-25 14:51 - L1CaloStandalone - DEBUG: initialising coolRunLister
2009-06-25 14:51 - L1CaloStandalone - DEBUG: applying selections to coolRunLister
2009-06-25 14:51 - L1CaloStandalone - INFO: last valid run: 120525
2009-06-25 14:51 - L1CaloStandalone - INFO: searching for new runs from 120526 to 2147483647
2009-06-25 14:51 - L1CaloStandalone - DEBUG:  No new valid run. Last known valid run still: 120525
2009-06-25 15:06 - L1CaloStandalone - INFO: ===> listening for new valid runs <===
2009-06-25 15:06 - L1CaloStandalone - DEBUG: initialising coolRunLister
2009-06-25 15:06 - L1CaloStandalone - DEBUG: applying selections to coolRunLister
2009-06-25 15:06 - L1CaloStandalone - INFO: last valid run: 120525
2009-06-25 15:06 - L1CaloStandalone - INFO: searching for new runs from 120526 to 2147483647
2009-06-25 15:06 - L1CaloStandalone - DEBUG:  No new valid run. Last known valid run still: 120525
2009-06-25 15:21 - L1CaloStandalone - INFO: ===> listening for new valid runs <===
2009-06-25 15:21 - L1CaloStandalone - DEBUG: initialising coolRunLister
2009-06-25 15:21 - L1CaloStandalone - DEBUG: applying selections to coolRunLister
2009-06-25 15:21 - L1CaloStandalone - INFO: last valid run: 120525
2009-06-25 15:21 - L1CaloStandalone - INFO: searching for new runs from 120526 to 2147483647
2009-06-25 15:22 - L1CaloStandalone - DEBUG:  No new valid run. Last known valid run still: 120525
2009-06-25 15:37 - L1CaloStandalone - INFO: ===> listening for new valid runs <===
2009-06-25 15:37 - L1CaloStandalone - DEBUG: initialising coolRunLister
2009-06-25 15:37 - L1CaloStandalone - DEBUG: applying selections to coolRunLister
2009-06-25 15:37 - L1CaloStandalone - INFO: last valid run: 120525
2009-06-25 15:37 - L1CaloStandalone - INFO: searching for new runs from 120526 to 2147483647
2009-06-25 15:37 - L1CaloStandalone - DEBUG:  No new valid run. Last known valid run still: 120525
2009-06-25 15:52 - L1CaloStandalone - INFO: ===> listening for new valid runs <===
2009-06-25 15:52 - L1CaloStandalone - DEBUG: initialising coolRunLister
2009-06-25 15:52 - L1CaloStandalone - DEBUG: applying selections to coolRunLister
2009-06-25 15:52 - L1CaloStandalone - INFO: last valid run: 120525
2009-06-25 15:52 - L1CaloStandalone - INFO: searching for new runs from 120526 to 2147483647
2009-06-25 15:52 - L1CaloStandalone - DEBUG:  No new valid run. Last known valid run still: 120525
2009-06-25 16:07 - L1CaloStandalone - INFO: ===> listening for new valid runs <===
2009-06-25 16:07 - L1CaloStandalone - DEBUG: initialising coolRunLister
2009-06-25 16:07 - L1CaloStandalone - DEBUG: applying selections to coolRunLister
2009-06-25 16:07 - L1CaloStandalone - INFO: last valid run: 120525
2009-06-25 16:07 - L1CaloStandalone - INFO: searching for new runs from 120526 to 2147483647
2009-06-25 16:07 - L1CaloStandalone - DEBUG:  No new valid run. Last known valid run still: 120525
2009-06-25 16:23 - L1CaloStandalone - INFO: ===> listening for new valid runs <===
2009-06-25 16:23 - L1CaloStandalone - DEBUG: initialising coolRunLister
2009-06-25 16:23 - L1CaloStandalone - DEBUG: applying selections to coolRunLister
2009-06-25 16:23 - L1CaloStandalone - INFO: last valid run: 120525
2009-06-25 16:23 - L1CaloStandalone - INFO: searching for new runs from 120526 to 2147483647
2009-06-25 16:23 - L1CaloStandalone - DEBUG:  No new valid run. Last known valid run still: 120525
2009-06-25 16:38 - L1CaloStandalone - INFO: ===> listening for new valid runs <===
2009-06-25 16:38 - L1CaloStandalone - DEBUG: initialising coolRunLister
2009-06-25 16:38 - L1CaloStandalone - DEBUG: applying selections to coolRunLister
2009-06-25 16:38 - L1CaloStandalone - INFO: last valid run: 120525
2009-06-25 16:38 - L1CaloStandalone - INFO: searching for new runs from 120526 to 2147483647
2009-06-25 16:38 - L1CaloStandalone - DEBUG:  No new valid run. Last known valid run still: 120525
2009-06-25 16:53 - L1CaloStandalone - INFO: ===> listening for new valid runs <===
2009-06-25 16:53 - L1CaloStandalone - DEBUG: initialising coolRunLister
2009-06-25 16:53 - L1CaloStandalone - DEBUG: applying selections to coolRunLister
2009-06-25 16:53 - L1CaloStandalone - INFO: last valid run: 120525
2009-06-25 16:53 - L1CaloStandalone - INFO: searching for new runs from 120526 to 2147483647
2009-06-25 16:53 - L1CaloStandalone - DEBUG:  No new valid run. Last known valid run still: 120525
2009-06-25 17:08 - L1CaloStandalone - INFO: ===> listening for new valid runs <===
2009-06-25 17:08 - L1CaloStandalone - DEBUG: initialising coolRunLister
2009-06-25 17:08 - L1CaloStandalone - DEBUG: applying selections to coolRunLister
2009-06-25 17:08 - L1CaloStandalone - INFO: last valid run: 120525
2009-06-25 17:08 - L1CaloStandalone - INFO: searching for new runs from 120526 to 2147483647
2009-06-25 17:09 - L1CaloStandalone - DEBUG:  No new valid run. Last known valid run still: 120525
2009-06-25 17:24 - L1CaloStandalone - INFO: ===> listening for new valid runs <===
2009-06-25 17:24 - L1CaloStandalone - DEBUG: initialising coolRunLister
2009-06-25 17:24 - L1CaloStandalone - DEBUG: applying selections to coolRunLister
2009-06-25 17:24 - L1CaloStandalone - INFO: last valid run: 120525
2009-06-25 17:24 - L1CaloStandalone - INFO: searching for new runs from 120526 to 2147483647
2009-06-25 17:24 - L1CaloStandalone - DEBUG:  No new valid run. Last known valid run still: 120525
2009-06-25 17:39 - L1CaloStandalone - INFO: ===> listening for new valid runs <===
2009-06-25 17:39 - L1CaloStandalone - DEBUG: initialising coolRunLister
2009-06-25 17:39 - L1CaloStandalone - DEBUG: applying selections to coolRunLister
2009-06-25 17:39 - L1CaloStandalone - INFO: last valid run: 120525
2009-06-25 17:39 - L1CaloStandalone - INFO: searching for new runs from 120526 to 2147483647
2009-06-25 17:39 - L1CaloStandalone - DEBUG:  No new valid run. Last known valid run still: 120525
2009-06-25 17:54 - L1CaloStandalone - INFO: ===> listening for new valid runs <===
2009-06-25 17:54 - L1CaloStandalone - DEBUG: initialising coolRunLister
2009-06-25 17:54 - L1CaloStandalone - DEBUG: applying selections to coolRunLister
2009-06-25 17:54 - L1CaloStandalone - INFO: last valid run: 120525
2009-06-25 17:54 - L1CaloStandalone - INFO: searching for new runs from 120526 to 2147483647
2009-06-25 17:55 - L1CaloStandalone - DEBUG:  No new valid run. Last known valid run still: 120525
2009-06-25 18:10 - L1CaloStandalone - INFO: ===> listening for new valid runs <===
2009-06-25 18:10 - L1CaloStandalone - DEBUG: initialising coolRunLister
2009-06-25 18:10 - L1CaloStandalone - DEBUG: applying selections to coolRunLister
2009-06-25 18:10 - L1CaloStandalone - INFO: last valid run: 120525
2009-06-25 18:10 - L1CaloStandalone - INFO: searching for new runs from 120526 to 2147483647
2009-06-25 18:10 - L1CaloStandalone - DEBUG:  No new valid run. Last known valid run still: 120525
2009-06-25 18:25 - L1CaloStandalone - INFO: ===> listening for new valid runs <===
2009-06-25 18:25 - L1CaloStandalone - DEBUG: initialising coolRunLister
2009-06-25 18:25 - L1CaloStandalone - DEBUG: applying selections to coolRunLister
2009-06-25 18:25 - L1CaloStandalone - INFO: last valid run: 120525
2009-06-25 18:25 - L1CaloStandalone - INFO: searching for new runs from 120526 to 2147483647
2009-06-25 18:25 - L1CaloStandalone - DEBUG:  No new valid run. Last known valid run still: 120525
2009-06-25 18:40 - L1CaloStandalone - INFO: ===> listening for new valid runs <===
2009-06-25 18:40 - L1CaloStandalone - DEBUG: initialising coolRunLister
2009-06-25 18:40 - L1CaloStandalone - DEBUG: applying selections to coolRunLister
2009-06-25 18:40 - L1CaloStandalone - INFO: last valid run: 120525
2009-06-25 18:40 - L1CaloStandalone - INFO: searching for new runs from 120526 to 2147483647
2009-06-25 18:40 - L1CaloStandalone - DEBUG:  No new valid run. Last known valid run still: 120525
2009-06-25 18:56 - L1CaloStandalone - INFO: ===> listening for new valid runs <===
2009-06-25 18:56 - L1CaloStandalone - DEBUG: initialising coolRunLister
2009-06-25 18:56 - L1CaloStandalone - DEBUG: applying selections to coolRunLister
2009-06-25 18:56 - L1CaloStandalone - INFO: last valid run: 120525
2009-06-25 18:56 - L1CaloStandalone - INFO: searching for new runs from 120526 to 2147483647
2009-06-25 18:56 - L1CaloStandalone - DEBUG:  No new valid run. Last known valid run still: 120525
2009-06-25 19:11 - L1CaloStandalone - INFO: ===> listening for new valid runs <===
2009-06-25 19:11 - L1CaloStandalone - DEBUG: initialising coolRunLister
2009-06-25 19:11 - L1CaloStandalone - DEBUG: applying selections to coolRunLister
2009-06-25 19:11 - L1CaloStandalone - INFO: last valid run: 120525
2009-06-25 19:11 - L1CaloStandalone - INFO: searching for new runs from 120526 to 2147483647
2009-06-25 19:11 - L1CaloStandalone - DEBUG:  No new valid run. Last known valid run still: 120525
2009-06-25 19:26 - L1CaloStandalone - INFO: ===> listening for new valid runs <===
2009-06-25 19:26 - L1CaloStandalone - DEBUG: initialising coolRunLister
2009-06-25 19:26 - L1CaloStandalone - DEBUG: applying selections to coolRunLister
2009-06-25 19:26 - L1CaloStandalone - INFO: last valid run: 120525
2009-06-25 19:26 - L1CaloStandalone - INFO: searching for new runs from 120526 to 2147483647
2009-06-25 19:26 - L1CaloStandalone - DEBUG:  No new valid run. Last known valid run still: 120525
2009-06-25 19:42 - L1CaloStandalone - INFO: ===> listening for new valid runs <===
2009-06-25 19:42 - L1CaloStandalone - DEBUG: initialising coolRunLister
2009-06-25 19:42 - L1CaloStandalone - DEBUG: applying selections to coolRunLister
2009-06-25 19:42 - L1CaloStandalone - INFO: last valid run: 120525
2009-06-25 19:42 - L1CaloStandalone - INFO: searching for new runs from 120526 to 2147483647
2009-06-25 19:42 - L1CaloStandalone - DEBUG:  No new valid run. Last known valid run still: 120525
2009-06-25 19:57 - L1CaloStandalone - INFO: ===> listening for new valid runs <===
2009-06-25 19:57 - L1CaloStandalone - DEBUG: initialising coolRunLister
2009-06-25 19:57 - L1CaloStandalone - DEBUG: applying selections to coolRunLister
2009-06-25 19:57 - L1CaloStandalone - INFO: last valid run: 120525
2009-06-25 19:57 - L1CaloStandalone - INFO: searching for new runs from 120526 to 2147483647
2009-06-25 19:57 - L1CaloStandalone - DEBUG:  No new valid run. Last known valid run still: 120525
2009-06-25 20:12 - L1CaloStandalone - INFO: ===> listening for new valid runs <===
2009-06-25 20:12 - L1CaloStandalone - DEBUG: initialising coolRunLister
2009-06-25 20:12 - L1CaloStandalone - DEBUG: applying selections to coolRunLister
2009-06-25 20:12 - L1CaloStandalone - INFO: last valid run: 120525
2009-06-25 20:12 - L1CaloStandalone - INFO: searching for new runs from 120526 to 2147483647
2009-06-25 20:12 - L1CaloStandalone - DEBUG:  No new valid run. Last known valid run still: 120525
2009-06-25 20:28 - L1CaloStandalone - INFO: ===> listening for new valid runs <===
2009-06-25 20:28 - L1CaloStandalone - DEBUG: initialising coolRunLister
2009-06-25 20:28 - L1CaloStandalone - DEBUG: applying selections to coolRunLister
2009-06-25 20:28 - L1CaloStandalone - INFO: last valid run: 120525
2009-06-25 20:28 - L1CaloStandalone - INFO: searching for new runs from 120526 to 2147483647
2009-06-25 20:28 - L1CaloStandalone - DEBUG:  No new valid run. Last known valid run still: 120525
2009-06-25 20:43 - L1CaloStandalone - INFO: ===> listening for new valid runs <===
2009-06-25 20:43 - L1CaloStandalone - DEBUG: initialising coolRunLister
2009-06-25 20:43 - L1CaloStandalone - DEBUG: applying selections to coolRunLister
2009-06-25 20:43 - L1CaloStandalone - INFO: last valid run: 120525
2009-06-25 20:43 - L1CaloStandalone - INFO: searching for new runs from 120526 to 2147483647
2009-06-25 20:43 - L1CaloStandalone - DEBUG:  No new valid run. Last known valid run still: 120525
2009-06-25 20:58 - L1CaloStandalone - INFO: ===> listening for new valid runs <===
2009-06-25 20:58 - L1CaloStandalone - DEBUG: initialising coolRunLister
2009-06-25 20:58 - L1CaloStandalone - DEBUG: applying selections to coolRunLister
2009-06-25 20:58 - L1CaloStandalone - INFO: last valid run: 120525
2009-06-25 20:58 - L1CaloStandalone - INFO: searching for new runs from 120526 to 2147483647
2009-06-25 20:58 - L1CaloStandalone - DEBUG:  No new valid run. Last known valid run still: 120525
2009-06-25 21:13 - L1CaloStandalone - INFO: ===> listening for new valid runs <===
2009-06-25 21:13 - L1CaloStandalone - DEBUG: initialising coolRunLister
2009-06-25 21:13 - L1CaloStandalone - DEBUG: applying selections to coolRunLister
2009-06-25 21:13 - L1CaloStandalone - INFO: last valid run: 120525
2009-06-25 21:13 - L1CaloStandalone - INFO: searching for new runs from 120526 to 2147483647
2009-06-25 21:13 - L1CaloStandalone - DEBUG:  No new valid run. Last known valid run still: 120525
2009-06-25 21:29 - L1CaloStandalone - INFO: ===> listening for new valid runs <===
2009-06-25 21:29 - L1CaloStandalone - DEBUG: initialising coolRunLister
2009-06-25 21:29 - L1CaloStandalone - DEBUG: applying selections to coolRunLister
2009-06-25 21:29 - L1CaloStandalone - INFO: last valid run: 120525
2009-06-25 21:29 - L1CaloStandalone - INFO: searching for new runs from 120526 to 2147483647
2009-06-25 21:29 - L1CaloStandalone - DEBUG:  No new valid run. Last known valid run still: 120525
2009-06-25 21:44 - L1CaloStandalone - INFO: ===> listening for new valid runs <===
2009-06-25 21:44 - L1CaloStandalone - DEBUG: initialising coolRunLister
2009-06-25 21:44 - L1CaloStandalone - DEBUG: applying selections to coolRunLister
2009-06-25 21:44 - L1CaloStandalone - INFO: last valid run: 120525
2009-06-25 21:44 - L1CaloStandalone - INFO: searching for new runs from 120526 to 2147483647
2009-06-25 21:44 - L1CaloStandalone - DEBUG:  No new valid run. Last known valid run still: 120525
2009-06-25 21:59 - L1CaloStandalone - INFO: ===> listening for new valid runs <===
2009-06-25 21:59 - L1CaloStandalone - DEBUG: initialising coolRunLister
2009-06-25 21:59 - L1CaloStandalone - DEBUG: applying selections to coolRunLister
2009-06-25 21:59 - L1CaloStandalone - INFO: last valid run: 120525
2009-06-25 21:59 - L1CaloStandalone - INFO: searching for new runs from 120526 to 2147483647
2009-06-25 21:59 - L1CaloStandalone - DEBUG:  No new valid run. Last known valid run still: 120525
2009-06-25 22:15 - L1CaloStandalone - INFO: ===> listening for new valid runs <===
2009-06-25 22:15 - L1CaloStandalone - DEBUG: initialising coolRunLister
2009-06-25 22:15 - L1CaloStandalone - DEBUG: applying selections to coolRunLister
2009-06-25 22:15 - L1CaloStandalone - INFO: last valid run: 120525
2009-06-25 22:15 - L1CaloStandalone - INFO: searching for new runs from 120526 to 2147483647
2009-06-25 22:15 - L1CaloStandalone - DEBUG:  No new valid run. Last known valid run still: 120525
2009-06-25 22:30 - L1CaloStandalone - INFO: ===> listening for new valid runs <===
2009-06-25 22:30 - L1CaloStandalone - DEBUG: initialising coolRunLister
2009-06-25 22:30 - L1CaloStandalone - DEBUG: applying selections to coolRunLister
2009-06-25 22:30 - L1CaloStandalone - INFO: last valid run: 120525
2009-06-25 22:30 - L1CaloStandalone - INFO: searching for new runs from 120526 to 2147483647
2009-06-25 22:30 - L1CaloStandalone - DEBUG:  No new valid run. Last known valid run still: 120525
2009-06-25 22:45 - L1CaloStandalone - INFO: ===> listening for new valid runs <===
2009-06-25 22:45 - L1CaloStandalone - DEBUG: initialising coolRunLister
2009-06-25 22:45 - L1CaloStandalone - DEBUG: applying selections to coolRunLister
2009-06-25 22:45 - L1CaloStandalone - INFO: last valid run: 120525
2009-06-25 22:45 - L1CaloStandalone - INFO: searching for new runs from 120526 to 2147483647
2009-06-25 22:45 - L1CaloStandalone - DEBUG:  No new valid run. Last known valid run still: 120525
2009-06-25 23:00 - L1CaloStandalone - INFO: ===> listening for new valid runs <===
2009-06-25 23:00 - L1CaloStandalone - DEBUG: initialising coolRunLister
2009-06-25 23:00 - L1CaloStandalone - DEBUG: applying selections to coolRunLister
2009-06-25 23:00 - L1CaloStandalone - INFO: last valid run: 120525
2009-06-25 23:00 - L1CaloStandalone - INFO: searching for new runs from 120526 to 2147483647
2009-06-25 23:01 - L1CaloStandalone - DEBUG:  No new valid run. Last known valid run still: 120525
2009-06-25 23:16 - L1CaloStandalone - INFO: ===> listening for new valid runs <===
2009-06-25 23:16 - L1CaloStandalone - DEBUG: initialising coolRunLister
2009-06-25 23:16 - L1CaloStandalone - DEBUG: applying selections to coolRunLister
2009-06-25 23:16 - L1CaloStandalone - INFO: last valid run: 120525
2009-06-25 23:16 - L1CaloStandalone - INFO: searching for new runs from 120526 to 2147483647
2009-06-25 23:16 - L1CaloStandalone - DEBUG:  No new valid run. Last known valid run still: 120525
2009-06-25 23:31 - L1CaloStandalone - INFO: ===> listening for new valid runs <===
2009-06-25 23:31 - L1CaloStandalone - DEBUG: initialising coolRunLister
2009-06-25 23:31 - L1CaloStandalone - DEBUG: applying selections to coolRunLister
2009-06-25 23:31 - L1CaloStandalone - INFO: last valid run: 120525
2009-06-25 23:31 - L1CaloStandalone - INFO: searching for new runs from 120526 to 2147483647
2009-06-25 23:31 - L1CaloStandalone - DEBUG:  No new valid run. Last known valid run still: 120525
