2009-05-15 00:01 - L1CaloStandalone - INFO: ========================================
2009-05-15 00:01 - L1CaloStandalone - INFO: RunListener in init
2009-05-15 00:01 - L1CaloStandalone - INFO: RunListener initialized
2009-05-15 00:01 - L1CaloStandalone - INFO: ========================================
2009-05-15 00:01 - L1CaloStandalone - INFO: ===> from initRunListener <===
2009-05-15 00:01 - L1CaloStandalone - INFO: 
RunListener L1CaloStandaloneinitialised with the following parameters:
TDAQ DB: COOLONL_TDAQ/COMP200
TRIG DB: COOLONL_TRIGGER/COMP200
Status DB: COOLONL_TDAQ/COMP200
log level: 0
oracle: False
rec. only: True
det. mask: 0
run type: Physics
det. status: 2
det. status tag: HEAD
daq partition: 
 * L1CaloStandalone
tag: 
format: acertd
reverse: False
stoptimestamp: True
cleanstop: True
hasevents: True
last valid run known: 0

2009-05-15 00:16 - L1CaloStandalone - INFO: ===> listening for new valid runs <===
2009-05-15 00:16 - L1CaloStandalone - DEBUG: initialising coolRunLister
2009-05-15 00:16 - L1CaloStandalone - DEBUG: applying selections to coolRunLister
2009-05-15 00:16 - L1CaloStandalone - INFO: last valid run: 113232
2009-05-15 00:16 - L1CaloStandalone - INFO: searching for new runs from 113233 to 2147483647
2009-05-15 00:17 - L1CaloStandalone - DEBUG: new last known run: 114955
2009-05-15 00:17 - L1CaloStandalone - DEBUG: 
     Run   Events  LumiB            StartTime             StopTime L1Events L2Events EFEvents ErrC Rec Cln RunType                  DetectorMask DAQConfiguration     PartitionName    FilenameTag         
  113234     1324      1  2009-04-25:08:18:47  2009-04-25:08:21:38     1324     1324     1324    0  No Yes Physics                    7c00000000 Schema=136:Data=6    L1CaloStandalone data_test           
     Run   Events  LumiB            StartTime             StopTime L1Events L2Events EFEvents ErrC Rec Cln RunType                  DetectorMask DAQConfiguration     PartitionName    FilenameTag         
  113237     1260      1  2009-04-25:09:11:51  2009-04-25:09:13:57     1260     1260     1260    0  No Yes Physics                    7c00000000 Schema=136:Data=6    L1CaloStandalone data_test           
     Run   Events  LumiB            StartTime             StopTime L1Events L2Events EFEvents ErrC Rec Cln RunType                  DetectorMask DAQConfiguration     PartitionName    FilenameTag         
  113282     1264      1  2009-04-26:15:55:34  2009-04-26:15:57:40     1264     1264     1264    0  No Yes Physics                    7c00000000 Schema=136:Data=6    L1CaloStandalone data_test           
     Run   Events  LumiB            StartTime             StopTime L1Events L2Events EFEvents ErrC Rec Cln RunType                  DetectorMask DAQConfiguration     PartitionName    FilenameTag         
  114150     1308      1  2009-05-04:15:12:59  2009-05-04:15:15:51     1308     1308     1308    0  No Yes Physics                    7c00000000 Schema=139:Data=29   L1CaloStandalone data_test           
     Run   Events  LumiB            StartTime             StopTime L1Events L2Events EFEvents ErrC Rec Cln RunType                  DetectorMask DAQConfiguration     PartitionName    FilenameTag         
  114160     1264      1  2009-05-04:15:55:53  2009-05-04:15:57:59     1264     1264     1264    0  No Yes Physics                    7c00000000 Schema=139:Data=29   L1CaloStandalone data_test           
     Run   Events  LumiB            StartTime             StopTime L1Events L2Events EFEvents ErrC Rec Cln RunType                  DetectorMask DAQConfiguration     PartitionName    FilenameTag         
  114163     4133      1  2009-05-04:16:09:49  2009-05-04:16:10:00     4133     4133     4133    0  No Yes Physics                    7c00000000                      L1CaloStandalone data_test           
     Run   Events  LumiB            StartTime             StopTime L1Events L2Events EFEvents ErrC Rec Cln RunType                  DetectorMask DAQConfiguration     PartitionName    FilenameTag         
  114627     1296      1  2009-05-08:13:14:13  2009-05-08:13:17:05     1296     1296     1296    0  No Yes Physics                    7c00000000 Schema=141:Data=107  L1CaloStandalone data_test           
     Run   Events  LumiB            StartTime             StopTime L1Events L2Events EFEvents ErrC Rec Cln RunType                  DetectorMask DAQConfiguration     PartitionName    FilenameTag         
  114633     1264      1  2009-05-08:13:32:05  2009-05-08:13:34:11     1264     1264     1264    0  No Yes Physics                    7c00000000 Schema=141:Data=107  L1CaloStandalone data_test           
     Run   Events  LumiB            StartTime             StopTime L1Events L2Events EFEvents ErrC Rec Cln RunType                  DetectorMask DAQConfiguration     PartitionName    FilenameTag         
  114859   425579      1  2009-05-11:13:37:38  2009-05-11:13:41:36   425579   425579   425579    0  No Yes Physics                    7c00000000 Schema=141:Data=167  L1CaloStandalone data_test           
     Run   Events  LumiB            StartTime             StopTime L1Events L2Events EFEvents ErrC Rec Cln RunType                  DetectorMask DAQConfiguration     PartitionName    FilenameTag         
  114948     1324      1  2009-05-12:08:11:08  2009-05-12:08:13:57     1324     1324     1324    0  No Yes Physics                    7c00000000 Schema=141:Data=210  L1CaloStandalone data_test           
     Run   Events  LumiB            StartTime             StopTime L1Events L2Events EFEvents ErrC Rec Cln RunType                  DetectorMask DAQConfiguration     PartitionName    FilenameTag         
  114951     1264      1  2009-05-12:08:22:56  2009-05-12:08:25:02     1264     1264     1264    0  No Yes Physics                    7c00000000 Schema=141:Data=210  L1CaloStandalone data_test           
     Run   Events  LumiB            StartTime             StopTime L1Events L2Events EFEvents ErrC Rec Cln RunType                  DetectorMask DAQConfiguration     PartitionName    FilenameTag         
  114955      672      1  2009-05-12:08:32:28  2009-05-12:08:43:14      672      672      672    0  No Yes Physics                    7c00000000 Schema=141:Data=210  L1CaloStandalone data_test           

2009-05-15 00:32 - L1CaloStandalone - INFO: ===> listening for new valid runs <===
2009-05-15 00:32 - L1CaloStandalone - DEBUG: initialising coolRunLister
2009-05-15 00:32 - L1CaloStandalone - DEBUG: applying selections to coolRunLister
2009-05-15 00:32 - L1CaloStandalone - INFO: last valid run: 114955
2009-05-15 00:32 - L1CaloStandalone - INFO: searching for new runs from 114956 to 2147483647
2009-05-15 00:32 - L1CaloStandalone - DEBUG:  No new valid run. Last known valid run still: 114955
2009-05-15 00:47 - L1CaloStandalone - INFO: ===> listening for new valid runs <===
2009-05-15 00:47 - L1CaloStandalone - DEBUG: initialising coolRunLister
2009-05-15 00:47 - L1CaloStandalone - DEBUG: applying selections to coolRunLister
2009-05-15 00:47 - L1CaloStandalone - INFO: last valid run: 114955
2009-05-15 00:47 - L1CaloStandalone - INFO: searching for new runs from 114956 to 2147483647
2009-05-15 00:47 - L1CaloStandalone - DEBUG:  No new valid run. Last known valid run still: 114955
2009-05-15 01:02 - L1CaloStandalone - INFO: ===> listening for new valid runs <===
2009-05-15 01:02 - L1CaloStandalone - DEBUG: initialising coolRunLister
2009-05-15 01:02 - L1CaloStandalone - DEBUG: applying selections to coolRunLister
2009-05-15 01:02 - L1CaloStandalone - INFO: last valid run: 114955
2009-05-15 01:02 - L1CaloStandalone - INFO: searching for new runs from 114956 to 2147483647
2009-05-15 01:02 - L1CaloStandalone - DEBUG:  No new valid run. Last known valid run still: 114955
2009-05-15 01:17 - L1CaloStandalone - INFO: ===> listening for new valid runs <===
2009-05-15 01:17 - L1CaloStandalone - DEBUG: initialising coolRunLister
2009-05-15 01:17 - L1CaloStandalone - DEBUG: applying selections to coolRunLister
2009-05-15 01:17 - L1CaloStandalone - INFO: last valid run: 114955
2009-05-15 01:17 - L1CaloStandalone - INFO: searching for new runs from 114956 to 2147483647
2009-05-15 01:17 - L1CaloStandalone - DEBUG:  No new valid run. Last known valid run still: 114955
2009-05-15 01:33 - L1CaloStandalone - INFO: ===> listening for new valid runs <===
2009-05-15 01:33 - L1CaloStandalone - DEBUG: initialising coolRunLister
2009-05-15 01:33 - L1CaloStandalone - DEBUG: applying selections to coolRunLister
2009-05-15 01:33 - L1CaloStandalone - INFO: last valid run: 114955
2009-05-15 01:33 - L1CaloStandalone - INFO: searching for new runs from 114956 to 2147483647
2009-05-15 01:33 - L1CaloStandalone - DEBUG:  No new valid run. Last known valid run still: 114955
2009-05-15 01:48 - L1CaloStandalone - INFO: ===> listening for new valid runs <===
2009-05-15 01:48 - L1CaloStandalone - DEBUG: initialising coolRunLister
2009-05-15 01:48 - L1CaloStandalone - DEBUG: applying selections to coolRunLister
2009-05-15 01:48 - L1CaloStandalone - INFO: last valid run: 114955
2009-05-15 01:48 - L1CaloStandalone - INFO: searching for new runs from 114956 to 2147483647
2009-05-15 01:48 - L1CaloStandalone - DEBUG:  No new valid run. Last known valid run still: 114955
2009-05-15 02:03 - L1CaloStandalone - INFO: ===> listening for new valid runs <===
2009-05-15 02:03 - L1CaloStandalone - DEBUG: initialising coolRunLister
2009-05-15 02:03 - L1CaloStandalone - DEBUG: applying selections to coolRunLister
2009-05-15 02:03 - L1CaloStandalone - INFO: last valid run: 114955
2009-05-15 02:03 - L1CaloStandalone - INFO: searching for new runs from 114956 to 2147483647
2009-05-15 02:03 - L1CaloStandalone - DEBUG:  No new valid run. Last known valid run still: 114955
2009-05-15 02:18 - L1CaloStandalone - INFO: ===> listening for new valid runs <===
2009-05-15 02:18 - L1CaloStandalone - DEBUG: initialising coolRunLister
2009-05-15 02:18 - L1CaloStandalone - DEBUG: applying selections to coolRunLister
2009-05-15 02:18 - L1CaloStandalone - INFO: last valid run: 114955
2009-05-15 02:18 - L1CaloStandalone - INFO: searching for new runs from 114956 to 2147483647
2009-05-15 02:18 - L1CaloStandalone - DEBUG:  No new valid run. Last known valid run still: 114955
2009-05-15 02:33 - L1CaloStandalone - INFO: ===> listening for new valid runs <===
2009-05-15 02:33 - L1CaloStandalone - DEBUG: initialising coolRunLister
2009-05-15 02:33 - L1CaloStandalone - DEBUG: applying selections to coolRunLister
2009-05-15 02:33 - L1CaloStandalone - INFO: last valid run: 114955
2009-05-15 02:33 - L1CaloStandalone - INFO: searching for new runs from 114956 to 2147483647
2009-05-15 02:33 - L1CaloStandalone - DEBUG:  No new valid run. Last known valid run still: 114955
2009-05-15 02:48 - L1CaloStandalone - INFO: ===> listening for new valid runs <===
2009-05-15 02:48 - L1CaloStandalone - DEBUG: initialising coolRunLister
2009-05-15 02:48 - L1CaloStandalone - DEBUG: applying selections to coolRunLister
2009-05-15 02:48 - L1CaloStandalone - INFO: last valid run: 114955
2009-05-15 02:48 - L1CaloStandalone - INFO: searching for new runs from 114956 to 2147483647
2009-05-15 02:48 - L1CaloStandalone - DEBUG:  No new valid run. Last known valid run still: 114955
2009-05-15 03:03 - L1CaloStandalone - INFO: ===> listening for new valid runs <===
2009-05-15 03:03 - L1CaloStandalone - DEBUG: initialising coolRunLister
2009-05-15 03:03 - L1CaloStandalone - DEBUG: applying selections to coolRunLister
2009-05-15 03:03 - L1CaloStandalone - INFO: last valid run: 114955
2009-05-15 03:03 - L1CaloStandalone - INFO: searching for new runs from 114956 to 2147483647
2009-05-15 03:03 - L1CaloStandalone - DEBUG:  No new valid run. Last known valid run still: 114955
2009-05-15 03:18 - L1CaloStandalone - INFO: ===> listening for new valid runs <===
2009-05-15 03:18 - L1CaloStandalone - DEBUG: initialising coolRunLister
2009-05-15 03:18 - L1CaloStandalone - DEBUG: applying selections to coolRunLister
2009-05-15 03:18 - L1CaloStandalone - INFO: last valid run: 114955
2009-05-15 03:18 - L1CaloStandalone - INFO: searching for new runs from 114956 to 2147483647
2009-05-15 03:18 - L1CaloStandalone - DEBUG:  No new valid run. Last known valid run still: 114955
2009-05-15 03:33 - L1CaloStandalone - INFO: ===> listening for new valid runs <===
2009-05-15 03:33 - L1CaloStandalone - DEBUG: initialising coolRunLister
2009-05-15 03:33 - L1CaloStandalone - DEBUG: applying selections to coolRunLister
2009-05-15 03:33 - L1CaloStandalone - INFO: last valid run: 114955
2009-05-15 03:33 - L1CaloStandalone - INFO: searching for new runs from 114956 to 2147483647
2009-05-15 03:34 - L1CaloStandalone - DEBUG:  No new valid run. Last known valid run still: 114955
2009-05-15 03:49 - L1CaloStandalone - INFO: ===> listening for new valid runs <===
2009-05-15 03:49 - L1CaloStandalone - DEBUG: initialising coolRunLister
2009-05-15 03:49 - L1CaloStandalone - DEBUG: applying selections to coolRunLister
2009-05-15 03:49 - L1CaloStandalone - INFO: last valid run: 114955
2009-05-15 03:49 - L1CaloStandalone - INFO: searching for new runs from 114956 to 2147483647
2009-05-15 03:49 - L1CaloStandalone - DEBUG:  No new valid run. Last known valid run still: 114955
2009-05-15 04:04 - L1CaloStandalone - INFO: ===> listening for new valid runs <===
2009-05-15 04:04 - L1CaloStandalone - DEBUG: initialising coolRunLister
2009-05-15 04:04 - L1CaloStandalone - DEBUG: applying selections to coolRunLister
2009-05-15 04:04 - L1CaloStandalone - INFO: last valid run: 114955
2009-05-15 04:04 - L1CaloStandalone - INFO: searching for new runs from 114956 to 2147483647
2009-05-15 04:04 - L1CaloStandalone - DEBUG:  No new valid run. Last known valid run still: 114955
2009-05-15 04:19 - L1CaloStandalone - INFO: ===> listening for new valid runs <===
2009-05-15 04:19 - L1CaloStandalone - DEBUG: initialising coolRunLister
2009-05-15 04:19 - L1CaloStandalone - DEBUG: applying selections to coolRunLister
2009-05-15 04:19 - L1CaloStandalone - INFO: last valid run: 114955
2009-05-15 04:19 - L1CaloStandalone - INFO: searching for new runs from 114956 to 2147483647
2009-05-15 04:19 - L1CaloStandalone - DEBUG:  No new valid run. Last known valid run still: 114955
2009-05-15 04:34 - L1CaloStandalone - INFO: ===> listening for new valid runs <===
2009-05-15 04:34 - L1CaloStandalone - DEBUG: initialising coolRunLister
2009-05-15 04:34 - L1CaloStandalone - DEBUG: applying selections to coolRunLister
2009-05-15 04:34 - L1CaloStandalone - INFO: last valid run: 114955
2009-05-15 04:34 - L1CaloStandalone - INFO: searching for new runs from 114956 to 2147483647
2009-05-15 04:34 - L1CaloStandalone - DEBUG:  No new valid run. Last known valid run still: 114955
2009-05-15 04:49 - L1CaloStandalone - INFO: ===> listening for new valid runs <===
2009-05-15 04:49 - L1CaloStandalone - DEBUG: initialising coolRunLister
2009-05-15 04:49 - L1CaloStandalone - DEBUG: applying selections to coolRunLister
2009-05-15 04:49 - L1CaloStandalone - INFO: last valid run: 114955
2009-05-15 04:49 - L1CaloStandalone - INFO: searching for new runs from 114956 to 2147483647
2009-05-15 04:49 - L1CaloStandalone - DEBUG:  No new valid run. Last known valid run still: 114955
2009-05-15 05:04 - L1CaloStandalone - INFO: ===> listening for new valid runs <===
2009-05-15 05:04 - L1CaloStandalone - DEBUG: initialising coolRunLister
2009-05-15 05:04 - L1CaloStandalone - DEBUG: applying selections to coolRunLister
2009-05-15 05:04 - L1CaloStandalone - INFO: last valid run: 114955
2009-05-15 05:04 - L1CaloStandalone - INFO: searching for new runs from 114956 to 2147483647
2009-05-15 05:04 - L1CaloStandalone - DEBUG:  No new valid run. Last known valid run still: 114955
2009-05-15 05:19 - L1CaloStandalone - INFO: ===> listening for new valid runs <===
2009-05-15 05:19 - L1CaloStandalone - DEBUG: initialising coolRunLister
2009-05-15 05:19 - L1CaloStandalone - DEBUG: applying selections to coolRunLister
2009-05-15 05:19 - L1CaloStandalone - INFO: last valid run: 114955
2009-05-15 05:19 - L1CaloStandalone - INFO: searching for new runs from 114956 to 2147483647
2009-05-15 05:19 - L1CaloStandalone - DEBUG:  No new valid run. Last known valid run still: 114955
2009-05-15 05:34 - L1CaloStandalone - INFO: ===> listening for new valid runs <===
2009-05-15 05:34 - L1CaloStandalone - DEBUG: initialising coolRunLister
2009-05-15 05:34 - L1CaloStandalone - DEBUG: applying selections to coolRunLister
2009-05-15 05:34 - L1CaloStandalone - INFO: last valid run: 114955
2009-05-15 05:34 - L1CaloStandalone - INFO: searching for new runs from 114956 to 2147483647
2009-05-15 05:35 - L1CaloStandalone - DEBUG:  No new valid run. Last known valid run still: 114955
2009-05-15 05:50 - L1CaloStandalone - INFO: ===> listening for new valid runs <===
2009-05-15 05:50 - L1CaloStandalone - DEBUG: initialising coolRunLister
2009-05-15 05:50 - L1CaloStandalone - DEBUG: applying selections to coolRunLister
2009-05-15 05:50 - L1CaloStandalone - INFO: last valid run: 114955
2009-05-15 05:50 - L1CaloStandalone - INFO: searching for new runs from 114956 to 2147483647
2009-05-15 05:50 - L1CaloStandalone - DEBUG:  No new valid run. Last known valid run still: 114955
2009-05-15 06:05 - L1CaloStandalone - INFO: ===> listening for new valid runs <===
2009-05-15 06:05 - L1CaloStandalone - DEBUG: initialising coolRunLister
2009-05-15 06:05 - L1CaloStandalone - DEBUG: applying selections to coolRunLister
2009-05-15 06:05 - L1CaloStandalone - INFO: last valid run: 114955
2009-05-15 06:05 - L1CaloStandalone - INFO: searching for new runs from 114956 to 2147483647
2009-05-15 06:05 - L1CaloStandalone - DEBUG:  No new valid run. Last known valid run still: 114955
2009-05-15 06:20 - L1CaloStandalone - INFO: ===> listening for new valid runs <===
2009-05-15 06:20 - L1CaloStandalone - DEBUG: initialising coolRunLister
2009-05-15 06:20 - L1CaloStandalone - DEBUG: applying selections to coolRunLister
2009-05-15 06:20 - L1CaloStandalone - INFO: last valid run: 114955
2009-05-15 06:20 - L1CaloStandalone - INFO: searching for new runs from 114956 to 2147483647
2009-05-15 06:20 - L1CaloStandalone - DEBUG:  No new valid run. Last known valid run still: 114955
2009-05-15 06:35 - L1CaloStandalone - INFO: ===> listening for new valid runs <===
2009-05-15 06:35 - L1CaloStandalone - DEBUG: initialising coolRunLister
2009-05-15 06:35 - L1CaloStandalone - DEBUG: applying selections to coolRunLister
2009-05-15 06:35 - L1CaloStandalone - INFO: last valid run: 114955
2009-05-15 06:35 - L1CaloStandalone - INFO: searching for new runs from 114956 to 2147483647
2009-05-15 06:35 - L1CaloStandalone - DEBUG:  No new valid run. Last known valid run still: 114955
2009-05-15 06:50 - L1CaloStandalone - INFO: ===> listening for new valid runs <===
2009-05-15 06:50 - L1CaloStandalone - DEBUG: initialising coolRunLister
2009-05-15 06:50 - L1CaloStandalone - DEBUG: applying selections to coolRunLister
2009-05-15 06:50 - L1CaloStandalone - INFO: last valid run: 114955
2009-05-15 06:50 - L1CaloStandalone - INFO: searching for new runs from 114956 to 2147483647
2009-05-15 06:50 - L1CaloStandalone - DEBUG:  No new valid run. Last known valid run still: 114955
2009-05-15 07:05 - L1CaloStandalone - INFO: ===> listening for new valid runs <===
2009-05-15 07:05 - L1CaloStandalone - DEBUG: initialising coolRunLister
2009-05-15 07:05 - L1CaloStandalone - DEBUG: applying selections to coolRunLister
2009-05-15 07:05 - L1CaloStandalone - INFO: last valid run: 114955
2009-05-15 07:05 - L1CaloStandalone - INFO: searching for new runs from 114956 to 2147483647
2009-05-15 07:05 - L1CaloStandalone - DEBUG:  No new valid run. Last known valid run still: 114955
2009-05-15 07:20 - L1CaloStandalone - INFO: ===> listening for new valid runs <===
2009-05-15 07:20 - L1CaloStandalone - DEBUG: initialising coolRunLister
2009-05-15 07:20 - L1CaloStandalone - DEBUG: applying selections to coolRunLister
2009-05-15 07:20 - L1CaloStandalone - INFO: last valid run: 114955
2009-05-15 07:20 - L1CaloStandalone - INFO: searching for new runs from 114956 to 2147483647
2009-05-15 07:20 - L1CaloStandalone - DEBUG:  No new valid run. Last known valid run still: 114955
2009-05-15 07:35 - L1CaloStandalone - INFO: ===> listening for new valid runs <===
2009-05-15 07:35 - L1CaloStandalone - DEBUG: initialising coolRunLister
2009-05-15 07:35 - L1CaloStandalone - DEBUG: applying selections to coolRunLister
2009-05-15 07:35 - L1CaloStandalone - INFO: last valid run: 114955
2009-05-15 07:35 - L1CaloStandalone - INFO: searching for new runs from 114956 to 2147483647
2009-05-15 07:36 - L1CaloStandalone - DEBUG:  No new valid run. Last known valid run still: 114955
2009-05-15 07:51 - L1CaloStandalone - INFO: ===> listening for new valid runs <===
2009-05-15 07:51 - L1CaloStandalone - DEBUG: initialising coolRunLister
2009-05-15 07:51 - L1CaloStandalone - DEBUG: applying selections to coolRunLister
2009-05-15 07:51 - L1CaloStandalone - INFO: last valid run: 114955
2009-05-15 07:51 - L1CaloStandalone - INFO: searching for new runs from 114956 to 2147483647
2009-05-15 07:51 - L1CaloStandalone - DEBUG:  No new valid run. Last known valid run still: 114955
2009-05-15 08:06 - L1CaloStandalone - INFO: ===> listening for new valid runs <===
2009-05-15 08:06 - L1CaloStandalone - DEBUG: initialising coolRunLister
2009-05-15 08:06 - L1CaloStandalone - DEBUG: applying selections to coolRunLister
2009-05-15 08:06 - L1CaloStandalone - INFO: last valid run: 114955
2009-05-15 08:06 - L1CaloStandalone - INFO: searching for new runs from 114956 to 2147483647
2009-05-15 08:06 - L1CaloStandalone - DEBUG:  No new valid run. Last known valid run still: 114955
2009-05-15 08:21 - L1CaloStandalone - INFO: ===> listening for new valid runs <===
2009-05-15 08:21 - L1CaloStandalone - DEBUG: initialising coolRunLister
2009-05-15 08:21 - L1CaloStandalone - DEBUG: applying selections to coolRunLister
2009-05-15 08:21 - L1CaloStandalone - INFO: last valid run: 114955
2009-05-15 08:21 - L1CaloStandalone - INFO: searching for new runs from 114956 to 2147483647
2009-05-15 08:21 - L1CaloStandalone - DEBUG:  No new valid run. Last known valid run still: 114955
2009-05-15 08:36 - L1CaloStandalone - INFO: ===> listening for new valid runs <===
2009-05-15 08:36 - L1CaloStandalone - DEBUG: initialising coolRunLister
2009-05-15 08:36 - L1CaloStandalone - DEBUG: applying selections to coolRunLister
2009-05-15 08:36 - L1CaloStandalone - INFO: last valid run: 114955
2009-05-15 08:36 - L1CaloStandalone - INFO: searching for new runs from 114956 to 2147483647
2009-05-15 08:36 - L1CaloStandalone - DEBUG:  No new valid run. Last known valid run still: 114955
2009-05-15 08:51 - L1CaloStandalone - INFO: ===> listening for new valid runs <===
2009-05-15 08:51 - L1CaloStandalone - DEBUG: initialising coolRunLister
2009-05-15 08:51 - L1CaloStandalone - DEBUG: applying selections to coolRunLister
2009-05-15 08:51 - L1CaloStandalone - INFO: last valid run: 114955
2009-05-15 08:51 - L1CaloStandalone - INFO: searching for new runs from 114956 to 2147483647
2009-05-15 08:51 - L1CaloStandalone - DEBUG:  No new valid run. Last known valid run still: 114955
2009-05-15 09:06 - L1CaloStandalone - INFO: ===> listening for new valid runs <===
2009-05-15 09:06 - L1CaloStandalone - DEBUG: initialising coolRunLister
2009-05-15 09:06 - L1CaloStandalone - DEBUG: applying selections to coolRunLister
2009-05-15 09:06 - L1CaloStandalone - INFO: last valid run: 114955
2009-05-15 09:06 - L1CaloStandalone - INFO: searching for new runs from 114956 to 2147483647
2009-05-15 09:06 - L1CaloStandalone - DEBUG:  No new valid run. Last known valid run still: 114955
2009-05-15 09:21 - L1CaloStandalone - INFO: ===> listening for new valid runs <===
2009-05-15 09:21 - L1CaloStandalone - DEBUG: initialising coolRunLister
2009-05-15 09:21 - L1CaloStandalone - DEBUG: applying selections to coolRunLister
2009-05-15 09:21 - L1CaloStandalone - INFO: last valid run: 114955
2009-05-15 09:21 - L1CaloStandalone - INFO: searching for new runs from 114956 to 2147483647
2009-05-15 09:21 - L1CaloStandalone - DEBUG:  No new valid run. Last known valid run still: 114955
2009-05-15 09:36 - L1CaloStandalone - INFO: ===> listening for new valid runs <===
2009-05-15 09:36 - L1CaloStandalone - DEBUG: initialising coolRunLister
2009-05-15 09:36 - L1CaloStandalone - DEBUG: applying selections to coolRunLister
2009-05-15 09:36 - L1CaloStandalone - INFO: last valid run: 114955
2009-05-15 09:36 - L1CaloStandalone - INFO: searching for new runs from 114956 to 2147483647
2009-05-15 09:37 - L1CaloStandalone - DEBUG:  No new valid run. Last known valid run still: 114955
2009-05-15 09:52 - L1CaloStandalone - INFO: ===> listening for new valid runs <===
2009-05-15 09:52 - L1CaloStandalone - DEBUG: initialising coolRunLister
2009-05-15 09:52 - L1CaloStandalone - DEBUG: applying selections to coolRunLister
2009-05-15 09:52 - L1CaloStandalone - INFO: last valid run: 114955
2009-05-15 09:52 - L1CaloStandalone - INFO: searching for new runs from 114956 to 2147483647
2009-05-15 09:52 - L1CaloStandalone - DEBUG:  No new valid run. Last known valid run still: 114955
2009-05-15 10:07 - L1CaloStandalone - INFO: ===> listening for new valid runs <===
2009-05-15 10:07 - L1CaloStandalone - DEBUG: initialising coolRunLister
2009-05-15 10:07 - L1CaloStandalone - DEBUG: applying selections to coolRunLister
2009-05-15 10:07 - L1CaloStandalone - INFO: last valid run: 114955
2009-05-15 10:07 - L1CaloStandalone - INFO: searching for new runs from 114956 to 2147483647
2009-05-15 10:07 - L1CaloStandalone - DEBUG:  No new valid run. Last known valid run still: 114955
2009-05-15 10:22 - L1CaloStandalone - INFO: ===> listening for new valid runs <===
2009-05-15 10:22 - L1CaloStandalone - DEBUG: initialising coolRunLister
2009-05-15 10:22 - L1CaloStandalone - DEBUG: applying selections to coolRunLister
2009-05-15 10:22 - L1CaloStandalone - INFO: last valid run: 114955
2009-05-15 10:22 - L1CaloStandalone - INFO: searching for new runs from 114956 to 2147483647
2009-05-15 10:22 - L1CaloStandalone - DEBUG:  No new valid run. Last known valid run still: 114955
2009-05-15 10:37 - L1CaloStandalone - INFO: ===> listening for new valid runs <===
2009-05-15 10:37 - L1CaloStandalone - DEBUG: initialising coolRunLister
2009-05-15 10:37 - L1CaloStandalone - DEBUG: applying selections to coolRunLister
2009-05-15 10:37 - L1CaloStandalone - INFO: last valid run: 114955
2009-05-15 10:37 - L1CaloStandalone - INFO: searching for new runs from 114956 to 2147483647
2009-05-15 10:37 - L1CaloStandalone - DEBUG:  No new valid run. Last known valid run still: 114955
2009-05-15 10:52 - L1CaloStandalone - INFO: ===> listening for new valid runs <===
2009-05-15 10:52 - L1CaloStandalone - DEBUG: initialising coolRunLister
2009-05-15 10:52 - L1CaloStandalone - DEBUG: applying selections to coolRunLister
2009-05-15 10:52 - L1CaloStandalone - INFO: last valid run: 114955
2009-05-15 10:52 - L1CaloStandalone - INFO: searching for new runs from 114956 to 2147483647
2009-05-15 10:52 - L1CaloStandalone - DEBUG:  No new valid run. Last known valid run still: 114955
2009-05-15 11:07 - L1CaloStandalone - INFO: ===> listening for new valid runs <===
2009-05-15 11:07 - L1CaloStandalone - DEBUG: initialising coolRunLister
2009-05-15 11:07 - L1CaloStandalone - DEBUG: applying selections to coolRunLister
2009-05-15 11:07 - L1CaloStandalone - INFO: last valid run: 114955
2009-05-15 11:07 - L1CaloStandalone - INFO: searching for new runs from 114956 to 2147483647
2009-05-15 11:07 - L1CaloStandalone - DEBUG:  No new valid run. Last known valid run still: 114955
2009-05-15 11:22 - L1CaloStandalone - INFO: ===> listening for new valid runs <===
2009-05-15 11:22 - L1CaloStandalone - DEBUG: initialising coolRunLister
2009-05-15 11:22 - L1CaloStandalone - DEBUG: applying selections to coolRunLister
2009-05-15 11:22 - L1CaloStandalone - INFO: last valid run: 114955
2009-05-15 11:22 - L1CaloStandalone - INFO: searching for new runs from 114956 to 2147483647
2009-05-15 11:23 - L1CaloStandalone - DEBUG:  No new valid run. Last known valid run still: 114955
2009-05-15 11:38 - L1CaloStandalone - INFO: ===> listening for new valid runs <===
2009-05-15 11:38 - L1CaloStandalone - DEBUG: initialising coolRunLister
2009-05-15 11:38 - L1CaloStandalone - DEBUG: applying selections to coolRunLister
2009-05-15 11:38 - L1CaloStandalone - INFO: last valid run: 114955
2009-05-15 11:38 - L1CaloStandalone - INFO: searching for new runs from 114956 to 2147483647
2009-05-15 11:38 - L1CaloStandalone - DEBUG:  No new valid run. Last known valid run still: 114955
2009-05-15 11:53 - L1CaloStandalone - INFO: ===> listening for new valid runs <===
2009-05-15 11:53 - L1CaloStandalone - DEBUG: initialising coolRunLister
2009-05-15 11:53 - L1CaloStandalone - DEBUG: applying selections to coolRunLister
2009-05-15 11:53 - L1CaloStandalone - INFO: last valid run: 114955
2009-05-15 11:53 - L1CaloStandalone - INFO: searching for new runs from 114956 to 2147483647
2009-05-15 11:53 - L1CaloStandalone - DEBUG:  No new valid run. Last known valid run still: 114955
2009-05-15 12:08 - L1CaloStandalone - INFO: ===> listening for new valid runs <===
2009-05-15 12:08 - L1CaloStandalone - DEBUG: initialising coolRunLister
2009-05-15 12:08 - L1CaloStandalone - DEBUG: applying selections to coolRunLister
2009-05-15 12:08 - L1CaloStandalone - INFO: last valid run: 114955
2009-05-15 12:08 - L1CaloStandalone - INFO: searching for new runs from 114956 to 2147483647
2009-05-15 12:08 - L1CaloStandalone - DEBUG:  No new valid run. Last known valid run still: 114955
2009-05-15 12:23 - L1CaloStandalone - INFO: ===> listening for new valid runs <===
2009-05-15 12:23 - L1CaloStandalone - DEBUG: initialising coolRunLister
2009-05-15 12:23 - L1CaloStandalone - DEBUG: applying selections to coolRunLister
2009-05-15 12:23 - L1CaloStandalone - INFO: last valid run: 114955
2009-05-15 12:23 - L1CaloStandalone - INFO: searching for new runs from 114956 to 2147483647
2009-05-15 12:23 - L1CaloStandalone - DEBUG:  No new valid run. Last known valid run still: 114955
2009-05-15 12:38 - L1CaloStandalone - INFO: ===> listening for new valid runs <===
2009-05-15 12:38 - L1CaloStandalone - DEBUG: initialising coolRunLister
2009-05-15 12:38 - L1CaloStandalone - DEBUG: applying selections to coolRunLister
2009-05-15 12:38 - L1CaloStandalone - INFO: last valid run: 114955
2009-05-15 12:38 - L1CaloStandalone - INFO: searching for new runs from 114956 to 2147483647
2009-05-15 12:38 - L1CaloStandalone - DEBUG:  No new valid run. Last known valid run still: 114955
2009-05-15 12:53 - L1CaloStandalone - INFO: ===> listening for new valid runs <===
2009-05-15 12:53 - L1CaloStandalone - DEBUG: initialising coolRunLister
2009-05-15 12:53 - L1CaloStandalone - DEBUG: applying selections to coolRunLister
2009-05-15 12:53 - L1CaloStandalone - INFO: last valid run: 114955
2009-05-15 12:53 - L1CaloStandalone - INFO: searching for new runs from 114956 to 2147483647
2009-05-15 12:53 - L1CaloStandalone - DEBUG:  No new valid run. Last known valid run still: 114955
2009-05-15 13:08 - L1CaloStandalone - INFO: ===> listening for new valid runs <===
2009-05-15 13:08 - L1CaloStandalone - DEBUG: initialising coolRunLister
2009-05-15 13:08 - L1CaloStandalone - DEBUG: applying selections to coolRunLister
2009-05-15 13:08 - L1CaloStandalone - INFO: last valid run: 114955
2009-05-15 13:08 - L1CaloStandalone - INFO: searching for new runs from 114956 to 2147483647
2009-05-15 13:08 - L1CaloStandalone - DEBUG:  No new valid run. Last known valid run still: 114955
2009-05-15 13:24 - L1CaloStandalone - INFO: ===> listening for new valid runs <===
2009-05-15 13:24 - L1CaloStandalone - DEBUG: initialising coolRunLister
2009-05-15 13:24 - L1CaloStandalone - DEBUG: applying selections to coolRunLister
2009-05-15 13:24 - L1CaloStandalone - INFO: last valid run: 114955
2009-05-15 13:24 - L1CaloStandalone - INFO: searching for new runs from 114956 to 2147483647
2009-05-15 13:24 - L1CaloStandalone - DEBUG:  No new valid run. Last known valid run still: 114955
2009-05-15 13:39 - L1CaloStandalone - INFO: ===> listening for new valid runs <===
2009-05-15 13:39 - L1CaloStandalone - DEBUG: initialising coolRunLister
2009-05-15 13:39 - L1CaloStandalone - DEBUG: applying selections to coolRunLister
2009-05-15 13:39 - L1CaloStandalone - INFO: last valid run: 114955
2009-05-15 13:39 - L1CaloStandalone - INFO: searching for new runs from 114956 to 2147483647
2009-05-15 13:39 - L1CaloStandalone - DEBUG:  No new valid run. Last known valid run still: 114955
2009-05-15 13:54 - L1CaloStandalone - INFO: ===> listening for new valid runs <===
2009-05-15 13:54 - L1CaloStandalone - DEBUG: initialising coolRunLister
2009-05-15 13:54 - L1CaloStandalone - DEBUG: applying selections to coolRunLister
2009-05-15 13:54 - L1CaloStandalone - INFO: last valid run: 114955
2009-05-15 13:54 - L1CaloStandalone - INFO: searching for new runs from 114956 to 2147483647
2009-05-15 13:54 - L1CaloStandalone - DEBUG:  No new valid run. Last known valid run still: 114955
2009-05-15 14:09 - L1CaloStandalone - INFO: ===> listening for new valid runs <===
2009-05-15 14:09 - L1CaloStandalone - DEBUG: initialising coolRunLister
2009-05-15 14:09 - L1CaloStandalone - DEBUG: applying selections to coolRunLister
2009-05-15 14:09 - L1CaloStandalone - INFO: last valid run: 114955
2009-05-15 14:09 - L1CaloStandalone - INFO: searching for new runs from 114956 to 2147483647
2009-05-15 14:09 - L1CaloStandalone - DEBUG:  No new valid run. Last known valid run still: 114955
2009-05-15 14:24 - L1CaloStandalone - INFO: ===> listening for new valid runs <===
2009-05-15 14:24 - L1CaloStandalone - DEBUG: initialising coolRunLister
2009-05-15 14:24 - L1CaloStandalone - DEBUG: applying selections to coolRunLister
2009-05-15 14:24 - L1CaloStandalone - INFO: last valid run: 114955
2009-05-15 14:24 - L1CaloStandalone - INFO: searching for new runs from 114956 to 2147483647
2009-05-15 14:24 - L1CaloStandalone - DEBUG:  No new valid run. Last known valid run still: 114955
2009-05-15 14:39 - L1CaloStandalone - INFO: ===> listening for new valid runs <===
2009-05-15 14:39 - L1CaloStandalone - DEBUG: initialising coolRunLister
2009-05-15 14:39 - L1CaloStandalone - DEBUG: applying selections to coolRunLister
2009-05-15 14:39 - L1CaloStandalone - INFO: last valid run: 114955
2009-05-15 14:39 - L1CaloStandalone - INFO: searching for new runs from 114956 to 2147483647
2009-05-15 14:39 - L1CaloStandalone - DEBUG:  No new valid run. Last known valid run still: 114955
2009-05-15 14:54 - L1CaloStandalone - INFO: ===> listening for new valid runs <===
2009-05-15 14:54 - L1CaloStandalone - DEBUG: initialising coolRunLister
2009-05-15 14:54 - L1CaloStandalone - DEBUG: applying selections to coolRunLister
2009-05-15 14:54 - L1CaloStandalone - INFO: last valid run: 114955
2009-05-15 14:54 - L1CaloStandalone - INFO: searching for new runs from 114956 to 2147483647
2009-05-15 14:54 - L1CaloStandalone - DEBUG:  No new valid run. Last known valid run still: 114955
2009-05-15 15:09 - L1CaloStandalone - INFO: ===> listening for new valid runs <===
2009-05-15 15:09 - L1CaloStandalone - DEBUG: initialising coolRunLister
2009-05-15 15:09 - L1CaloStandalone - DEBUG: applying selections to coolRunLister
2009-05-15 15:09 - L1CaloStandalone - INFO: last valid run: 114955
2009-05-15 15:09 - L1CaloStandalone - INFO: searching for new runs from 114956 to 2147483647
2009-05-15 15:10 - L1CaloStandalone - DEBUG:  No new valid run. Last known valid run still: 114955
2009-05-15 15:25 - L1CaloStandalone - INFO: ===> listening for new valid runs <===
2009-05-15 15:25 - L1CaloStandalone - DEBUG: initialising coolRunLister
2009-05-15 15:25 - L1CaloStandalone - DEBUG: applying selections to coolRunLister
2009-05-15 15:25 - L1CaloStandalone - INFO: last valid run: 114955
2009-05-15 15:25 - L1CaloStandalone - INFO: searching for new runs from 114956 to 2147483647
2009-05-15 15:25 - L1CaloStandalone - DEBUG:  No new valid run. Last known valid run still: 114955
2009-05-15 15:40 - L1CaloStandalone - INFO: ===> listening for new valid runs <===
2009-05-15 15:40 - L1CaloStandalone - DEBUG: initialising coolRunLister
2009-05-15 15:40 - L1CaloStandalone - DEBUG: applying selections to coolRunLister
2009-05-15 15:40 - L1CaloStandalone - INFO: last valid run: 114955
2009-05-15 15:40 - L1CaloStandalone - INFO: searching for new runs from 114956 to 2147483647
2009-05-15 15:40 - L1CaloStandalone - DEBUG:  No new valid run. Last known valid run still: 114955
2009-05-15 15:55 - L1CaloStandalone - INFO: ===> listening for new valid runs <===
2009-05-15 15:55 - L1CaloStandalone - DEBUG: initialising coolRunLister
2009-05-15 15:55 - L1CaloStandalone - DEBUG: applying selections to coolRunLister
2009-05-15 15:55 - L1CaloStandalone - INFO: last valid run: 114955
2009-05-15 15:55 - L1CaloStandalone - INFO: searching for new runs from 114956 to 2147483647
2009-05-15 15:55 - L1CaloStandalone - DEBUG:  No new valid run. Last known valid run still: 114955
2009-05-15 16:10 - L1CaloStandalone - INFO: ===> listening for new valid runs <===
2009-05-15 16:10 - L1CaloStandalone - DEBUG: initialising coolRunLister
2009-05-15 16:10 - L1CaloStandalone - DEBUG: applying selections to coolRunLister
2009-05-15 16:10 - L1CaloStandalone - INFO: last valid run: 114955
2009-05-15 16:10 - L1CaloStandalone - INFO: searching for new runs from 114956 to 2147483647
2009-05-15 16:10 - L1CaloStandalone - DEBUG:  No new valid run. Last known valid run still: 114955
2009-05-15 16:25 - L1CaloStandalone - INFO: ===> listening for new valid runs <===
2009-05-15 16:25 - L1CaloStandalone - DEBUG: initialising coolRunLister
2009-05-15 16:25 - L1CaloStandalone - DEBUG: applying selections to coolRunLister
2009-05-15 16:25 - L1CaloStandalone - INFO: last valid run: 114955
2009-05-15 16:25 - L1CaloStandalone - INFO: searching for new runs from 114956 to 2147483647
2009-05-15 16:25 - L1CaloStandalone - DEBUG:  No new valid run. Last known valid run still: 114955
2009-05-15 16:40 - L1CaloStandalone - INFO: ===> listening for new valid runs <===
2009-05-15 16:40 - L1CaloStandalone - DEBUG: initialising coolRunLister
2009-05-15 16:40 - L1CaloStandalone - DEBUG: applying selections to coolRunLister
2009-05-15 16:40 - L1CaloStandalone - INFO: last valid run: 114955
2009-05-15 16:40 - L1CaloStandalone - INFO: searching for new runs from 114956 to 2147483647
2009-05-15 16:40 - L1CaloStandalone - DEBUG:  No new valid run. Last known valid run still: 114955
2009-05-15 16:56 - L1CaloStandalone - INFO: ===> listening for new valid runs <===
2009-05-15 16:56 - L1CaloStandalone - DEBUG: initialising coolRunLister
2009-05-15 16:56 - L1CaloStandalone - DEBUG: applying selections to coolRunLister
2009-05-15 16:56 - L1CaloStandalone - INFO: last valid run: 114955
2009-05-15 16:56 - L1CaloStandalone - INFO: searching for new runs from 114956 to 2147483647
2009-05-15 16:56 - L1CaloStandalone - DEBUG:  No new valid run. Last known valid run still: 114955
2009-05-15 17:11 - L1CaloStandalone - INFO: ===> listening for new valid runs <===
2009-05-15 17:11 - L1CaloStandalone - DEBUG: initialising coolRunLister
2009-05-15 17:11 - L1CaloStandalone - DEBUG: applying selections to coolRunLister
2009-05-15 17:11 - L1CaloStandalone - INFO: last valid run: 114955
2009-05-15 17:11 - L1CaloStandalone - INFO: searching for new runs from 114956 to 2147483647
2009-05-15 17:11 - L1CaloStandalone - DEBUG:  No new valid run. Last known valid run still: 114955
2009-05-15 17:26 - L1CaloStandalone - INFO: ===> listening for new valid runs <===
2009-05-15 17:26 - L1CaloStandalone - DEBUG: initialising coolRunLister
2009-05-15 17:26 - L1CaloStandalone - DEBUG: applying selections to coolRunLister
2009-05-15 17:26 - L1CaloStandalone - INFO: last valid run: 114955
2009-05-15 17:26 - L1CaloStandalone - INFO: searching for new runs from 114956 to 2147483647
2009-05-15 17:26 - L1CaloStandalone - DEBUG:  No new valid run. Last known valid run still: 114955
2009-05-15 17:41 - L1CaloStandalone - INFO: ===> listening for new valid runs <===
2009-05-15 17:41 - L1CaloStandalone - DEBUG: initialising coolRunLister
2009-05-15 17:41 - L1CaloStandalone - DEBUG: applying selections to coolRunLister
2009-05-15 17:41 - L1CaloStandalone - INFO: last valid run: 114955
2009-05-15 17:41 - L1CaloStandalone - INFO: searching for new runs from 114956 to 2147483647
2009-05-15 17:41 - L1CaloStandalone - DEBUG:  No new valid run. Last known valid run still: 114955
2009-05-15 17:56 - L1CaloStandalone - INFO: ===> listening for new valid runs <===
2009-05-15 17:56 - L1CaloStandalone - DEBUG: initialising coolRunLister
2009-05-15 17:56 - L1CaloStandalone - DEBUG: applying selections to coolRunLister
2009-05-15 17:56 - L1CaloStandalone - INFO: last valid run: 114955
2009-05-15 17:56 - L1CaloStandalone - INFO: searching for new runs from 114956 to 2147483647
2009-05-15 17:56 - L1CaloStandalone - DEBUG:  No new valid run. Last known valid run still: 114955
2009-05-15 18:11 - L1CaloStandalone - INFO: ===> listening for new valid runs <===
2009-05-15 18:11 - L1CaloStandalone - DEBUG: initialising coolRunLister
2009-05-15 18:11 - L1CaloStandalone - DEBUG: applying selections to coolRunLister
2009-05-15 18:11 - L1CaloStandalone - INFO: last valid run: 114955
2009-05-15 18:11 - L1CaloStandalone - INFO: searching for new runs from 114956 to 2147483647
2009-05-15 18:11 - L1CaloStandalone - DEBUG:  No new valid run. Last known valid run still: 114955
2009-05-15 18:26 - L1CaloStandalone - INFO: ===> listening for new valid runs <===
2009-05-15 18:26 - L1CaloStandalone - DEBUG: initialising coolRunLister
2009-05-15 18:26 - L1CaloStandalone - DEBUG: applying selections to coolRunLister
2009-05-15 18:26 - L1CaloStandalone - INFO: last valid run: 114955
2009-05-15 18:26 - L1CaloStandalone - INFO: searching for new runs from 114956 to 2147483647
2009-05-15 18:26 - L1CaloStandalone - DEBUG:  No new valid run. Last known valid run still: 114955
2009-05-15 18:42 - L1CaloStandalone - INFO: ===> listening for new valid runs <===
2009-05-15 18:42 - L1CaloStandalone - DEBUG: initialising coolRunLister
2009-05-15 18:42 - L1CaloStandalone - DEBUG: applying selections to coolRunLister
2009-05-15 18:42 - L1CaloStandalone - INFO: last valid run: 114955
2009-05-15 18:42 - L1CaloStandalone - INFO: searching for new runs from 114956 to 2147483647
2009-05-15 18:42 - L1CaloStandalone - DEBUG:  No new valid run. Last known valid run still: 114955
2009-05-15 18:57 - L1CaloStandalone - INFO: ===> listening for new valid runs <===
2009-05-15 18:57 - L1CaloStandalone - DEBUG: initialising coolRunLister
2009-05-15 18:57 - L1CaloStandalone - DEBUG: applying selections to coolRunLister
2009-05-15 18:57 - L1CaloStandalone - INFO: last valid run: 114955
2009-05-15 18:57 - L1CaloStandalone - INFO: searching for new runs from 114956 to 2147483647
2009-05-15 18:57 - L1CaloStandalone - DEBUG:  No new valid run. Last known valid run still: 114955
2009-05-15 19:12 - L1CaloStandalone - INFO: ===> listening for new valid runs <===
2009-05-15 19:12 - L1CaloStandalone - DEBUG: initialising coolRunLister
2009-05-15 19:12 - L1CaloStandalone - DEBUG: applying selections to coolRunLister
2009-05-15 19:12 - L1CaloStandalone - INFO: last valid run: 114955
2009-05-15 19:12 - L1CaloStandalone - INFO: searching for new runs from 114956 to 2147483647
2009-05-15 19:12 - L1CaloStandalone - DEBUG:  No new valid run. Last known valid run still: 114955
2009-05-15 19:27 - L1CaloStandalone - INFO: ===> listening for new valid runs <===
2009-05-15 19:27 - L1CaloStandalone - DEBUG: initialising coolRunLister
2009-05-15 19:27 - L1CaloStandalone - DEBUG: applying selections to coolRunLister
2009-05-15 19:27 - L1CaloStandalone - INFO: last valid run: 114955
2009-05-15 19:27 - L1CaloStandalone - INFO: searching for new runs from 114956 to 2147483647
2009-05-15 19:27 - L1CaloStandalone - DEBUG:  No new valid run. Last known valid run still: 114955
2009-05-15 19:42 - L1CaloStandalone - INFO: ===> listening for new valid runs <===
2009-05-15 19:42 - L1CaloStandalone - DEBUG: initialising coolRunLister
2009-05-15 19:42 - L1CaloStandalone - DEBUG: applying selections to coolRunLister
2009-05-15 19:42 - L1CaloStandalone - INFO: last valid run: 114955
2009-05-15 19:42 - L1CaloStandalone - INFO: searching for new runs from 114956 to 2147483647
2009-05-15 19:42 - L1CaloStandalone - DEBUG:  No new valid run. Last known valid run still: 114955
2009-05-15 19:57 - L1CaloStandalone - INFO: ===> listening for new valid runs <===
2009-05-15 19:57 - L1CaloStandalone - DEBUG: initialising coolRunLister
2009-05-15 19:57 - L1CaloStandalone - DEBUG: applying selections to coolRunLister
2009-05-15 19:57 - L1CaloStandalone - INFO: last valid run: 114955
2009-05-15 19:57 - L1CaloStandalone - INFO: searching for new runs from 114956 to 2147483647
2009-05-15 19:57 - L1CaloStandalone - DEBUG:  No new valid run. Last known valid run still: 114955
2009-05-15 20:12 - L1CaloStandalone - INFO: ===> listening for new valid runs <===
2009-05-15 20:12 - L1CaloStandalone - DEBUG: initialising coolRunLister
2009-05-15 20:12 - L1CaloStandalone - DEBUG: applying selections to coolRunLister
2009-05-15 20:12 - L1CaloStandalone - INFO: last valid run: 114955
2009-05-15 20:12 - L1CaloStandalone - INFO: searching for new runs from 114956 to 2147483647
2009-05-15 20:12 - L1CaloStandalone - DEBUG:  No new valid run. Last known valid run still: 114955
2009-05-15 20:28 - L1CaloStandalone - INFO: ===> listening for new valid runs <===
2009-05-15 20:28 - L1CaloStandalone - DEBUG: initialising coolRunLister
2009-05-15 20:28 - L1CaloStandalone - DEBUG: applying selections to coolRunLister
2009-05-15 20:28 - L1CaloStandalone - INFO: last valid run: 114955
2009-05-15 20:28 - L1CaloStandalone - INFO: searching for new runs from 114956 to 2147483647
2009-05-15 20:28 - L1CaloStandalone - DEBUG:  No new valid run. Last known valid run still: 114955
2009-05-15 20:43 - L1CaloStandalone - INFO: ===> listening for new valid runs <===
2009-05-15 20:43 - L1CaloStandalone - DEBUG: initialising coolRunLister
2009-05-15 20:43 - L1CaloStandalone - DEBUG: applying selections to coolRunLister
2009-05-15 20:43 - L1CaloStandalone - INFO: last valid run: 114955
2009-05-15 20:43 - L1CaloStandalone - INFO: searching for new runs from 114956 to 2147483647
2009-05-15 20:43 - L1CaloStandalone - DEBUG:  No new valid run. Last known valid run still: 114955
2009-05-15 20:58 - L1CaloStandalone - INFO: ===> listening for new valid runs <===
2009-05-15 20:58 - L1CaloStandalone - DEBUG: initialising coolRunLister
2009-05-15 20:58 - L1CaloStandalone - DEBUG: applying selections to coolRunLister
2009-05-15 20:58 - L1CaloStandalone - INFO: last valid run: 114955
2009-05-15 20:58 - L1CaloStandalone - INFO: searching for new runs from 114956 to 2147483647
2009-05-15 20:58 - L1CaloStandalone - DEBUG:  No new valid run. Last known valid run still: 114955
2009-05-15 21:13 - L1CaloStandalone - INFO: ===> listening for new valid runs <===
2009-05-15 21:13 - L1CaloStandalone - DEBUG: initialising coolRunLister
2009-05-15 21:13 - L1CaloStandalone - DEBUG: applying selections to coolRunLister
2009-05-15 21:13 - L1CaloStandalone - INFO: last valid run: 114955
2009-05-15 21:13 - L1CaloStandalone - INFO: searching for new runs from 114956 to 2147483647
2009-05-15 21:13 - L1CaloStandalone - DEBUG:  No new valid run. Last known valid run still: 114955
2009-05-15 21:28 - L1CaloStandalone - INFO: ===> listening for new valid runs <===
2009-05-15 21:28 - L1CaloStandalone - DEBUG: initialising coolRunLister
2009-05-15 21:28 - L1CaloStandalone - DEBUG: applying selections to coolRunLister
2009-05-15 21:28 - L1CaloStandalone - INFO: last valid run: 114955
2009-05-15 21:28 - L1CaloStandalone - INFO: searching for new runs from 114956 to 2147483647
2009-05-15 21:28 - L1CaloStandalone - DEBUG:  No new valid run. Last known valid run still: 114955
2009-05-15 21:43 - L1CaloStandalone - INFO: ===> listening for new valid runs <===
2009-05-15 21:43 - L1CaloStandalone - DEBUG: initialising coolRunLister
2009-05-15 21:43 - L1CaloStandalone - DEBUG: applying selections to coolRunLister
2009-05-15 21:43 - L1CaloStandalone - INFO: last valid run: 114955
2009-05-15 21:43 - L1CaloStandalone - INFO: searching for new runs from 114956 to 2147483647
2009-05-15 21:43 - L1CaloStandalone - DEBUG:  No new valid run. Last known valid run still: 114955
2009-05-15 21:58 - L1CaloStandalone - INFO: ===> listening for new valid runs <===
2009-05-15 21:58 - L1CaloStandalone - DEBUG: initialising coolRunLister
2009-05-15 21:58 - L1CaloStandalone - DEBUG: applying selections to coolRunLister
2009-05-15 21:58 - L1CaloStandalone - INFO: last valid run: 114955
2009-05-15 21:58 - L1CaloStandalone - INFO: searching for new runs from 114956 to 2147483647
2009-05-15 21:58 - L1CaloStandalone - DEBUG:  No new valid run. Last known valid run still: 114955
2009-05-15 22:14 - L1CaloStandalone - INFO: ===> listening for new valid runs <===
2009-05-15 22:14 - L1CaloStandalone - DEBUG: initialising coolRunLister
2009-05-15 22:14 - L1CaloStandalone - DEBUG: applying selections to coolRunLister
2009-05-15 22:14 - L1CaloStandalone - INFO: last valid run: 114955
2009-05-15 22:14 - L1CaloStandalone - INFO: searching for new runs from 114956 to 2147483647
2009-05-15 22:14 - L1CaloStandalone - DEBUG:  No new valid run. Last known valid run still: 114955
2009-05-15 22:29 - L1CaloStandalone - INFO: ===> listening for new valid runs <===
2009-05-15 22:29 - L1CaloStandalone - DEBUG: initialising coolRunLister
2009-05-15 22:29 - L1CaloStandalone - DEBUG: applying selections to coolRunLister
2009-05-15 22:29 - L1CaloStandalone - INFO: last valid run: 114955
2009-05-15 22:29 - L1CaloStandalone - INFO: searching for new runs from 114956 to 2147483647
2009-05-15 22:29 - L1CaloStandalone - DEBUG:  No new valid run. Last known valid run still: 114955
2009-05-15 22:44 - L1CaloStandalone - INFO: ===> listening for new valid runs <===
2009-05-15 22:44 - L1CaloStandalone - DEBUG: initialising coolRunLister
2009-05-15 22:44 - L1CaloStandalone - DEBUG: applying selections to coolRunLister
2009-05-15 22:44 - L1CaloStandalone - INFO: last valid run: 114955
2009-05-15 22:44 - L1CaloStandalone - INFO: searching for new runs from 114956 to 2147483647
2009-05-15 22:44 - L1CaloStandalone - DEBUG:  No new valid run. Last known valid run still: 114955
2009-05-15 22:59 - L1CaloStandalone - INFO: ===> listening for new valid runs <===
2009-05-15 22:59 - L1CaloStandalone - DEBUG: initialising coolRunLister
2009-05-15 22:59 - L1CaloStandalone - DEBUG: applying selections to coolRunLister
2009-05-15 22:59 - L1CaloStandalone - INFO: last valid run: 114955
2009-05-15 22:59 - L1CaloStandalone - INFO: searching for new runs from 114956 to 2147483647
2009-05-15 22:59 - L1CaloStandalone - DEBUG:  No new valid run. Last known valid run still: 114955
2009-05-15 23:14 - L1CaloStandalone - INFO: ===> listening for new valid runs <===
2009-05-15 23:14 - L1CaloStandalone - DEBUG: initialising coolRunLister
2009-05-15 23:14 - L1CaloStandalone - DEBUG: applying selections to coolRunLister
2009-05-15 23:14 - L1CaloStandalone - INFO: last valid run: 114955
2009-05-15 23:14 - L1CaloStandalone - INFO: searching for new runs from 114956 to 2147483647
2009-05-15 23:14 - L1CaloStandalone - DEBUG:  No new valid run. Last known valid run still: 114955
2009-05-15 23:29 - L1CaloStandalone - INFO: ===> listening for new valid runs <===
2009-05-15 23:29 - L1CaloStandalone - DEBUG: initialising coolRunLister
2009-05-15 23:29 - L1CaloStandalone - DEBUG: applying selections to coolRunLister
2009-05-15 23:29 - L1CaloStandalone - INFO: last valid run: 114955
2009-05-15 23:29 - L1CaloStandalone - INFO: searching for new runs from 114956 to 2147483647
2009-05-15 23:29 - L1CaloStandalone - DEBUG:  No new valid run. Last known valid run still: 114955
2009-05-15 23:44 - L1CaloStandalone - INFO: ===> listening for new valid runs <===
2009-05-15 23:44 - L1CaloStandalone - DEBUG: initialising coolRunLister
2009-05-15 23:44 - L1CaloStandalone - DEBUG: applying selections to coolRunLister
2009-05-15 23:44 - L1CaloStandalone - INFO: last valid run: 114955
2009-05-15 23:44 - L1CaloStandalone - INFO: searching for new runs from 114956 to 2147483647
2009-05-15 23:44 - L1CaloStandalone - DEBUG:  No new valid run. Last known valid run still: 114955
2009-05-16 00:00 - L1CaloStandalone - INFO: ===> listening for new valid runs <===
2009-05-16 00:00 - L1CaloStandalone - DEBUG: initialising coolRunLister
2009-05-16 00:00 - L1CaloStandalone - DEBUG: applying selections to coolRunLister
2009-05-16 00:00 - L1CaloStandalone - INFO: last valid run: 114955
2009-05-16 00:00 - L1CaloStandalone - INFO: searching for new runs from 114956 to 2147483647
2009-05-16 00:00 - L1CaloStandalone - DEBUG:  No new valid run. Last known valid run still: 114955
