2009-06-14 00:01 - TileCalibL1Calo - INFO: ========================================
2009-06-14 00:01 - TileCalibL1Calo - INFO: RunListener in init
2009-06-14 00:01 - TileCalibL1Calo - INFO: RunListener initialized
2009-06-14 00:01 - TileCalibL1Calo - INFO: ========================================
2009-06-14 00:01 - TileCalibL1Calo - INFO: ===> from initRunListener <===
2009-06-14 00:01 - TileCalibL1Calo - INFO: 
RunListener TileCalibL1Caloinitialised with the following parameters:
TDAQ DB: COOLONL_TDAQ/COMP200
TRIG DB: COOLONL_TRIGGER/COMP200
Status DB: COOLONL_TDAQ/COMP200
log level: 0
oracle: False
rec. only: True
det. mask: 0
run type: cismono
det. status: 2
det. status tag: HEAD
daq partition: 
 * L1CaloCombined
 * TileCombined
 * TileL1CaloCombined
tag: 
format: acertd
reverse: False
stoptimestamp: True
cleanstop: True
hasevents: True
last valid run known: 0

2009-06-14 00:16 - TileCalibL1Calo - INFO: ===> listening for new valid runs <===
2009-06-14 00:16 - TileCalibL1Calo - DEBUG: initialising coolRunLister
2009-06-14 00:16 - TileCalibL1Calo - DEBUG: applying selections to coolRunLister
2009-06-14 00:16 - TileCalibL1Calo - INFO: last valid run: 104000
2009-06-14 00:16 - TileCalibL1Calo - INFO: searching for new runs from 104001 to 2147483647
2009-06-14 00:18 - TileCalibL1Calo - DEBUG: new last known run: 118808
2009-06-14 00:18 - TileCalibL1Calo - DEBUG: 
     Run   Events  LumiB            StartTime             StopTime L1Events L2Events EFEvents ErrC Rec Cln RunType                  DetectorMask DAQConfiguration     PartitionName    FilenameTag         
  118766     1060      1  2009-06-11:13:11:30  2009-06-11:13:14:36     1060     1060     1060    0  No Yes cismono                    7c00f00000                      TileL1CaloCombined data09_calocomm     
     Run   Events  LumiB            StartTime             StopTime L1Events L2Events EFEvents ErrC Rec Cln RunType                  DetectorMask DAQConfiguration     PartitionName    FilenameTag         
  118768      887      1  2009-06-11:13:17:53  2009-06-11:13:20:38      887      887      887    0  No Yes cismono                    7c00f00000                      TileL1CaloCombined data09_calocomm     
     Run   Events  LumiB            StartTime             StopTime L1Events L2Events EFEvents ErrC Rec Cln RunType                  DetectorMask DAQConfiguration     PartitionName    FilenameTag         
  118769      471      1  2009-06-11:13:22:04  2009-06-11:13:24:37      471      471      471    0  No Yes cismono                    7c00f00000                      TileL1CaloCombined data09_calocomm     
     Run   Events  LumiB            StartTime             StopTime L1Events L2Events EFEvents ErrC Rec Cln RunType                  DetectorMask DAQConfiguration     PartitionName    FilenameTag         
  118772     1791      2  2009-06-11:13:26:29  2009-06-11:13:31:22     1791     1791     1791    0  No Yes cismono                    7c00f00000                      TileL1CaloCombined data09_calocomm     
     Run   Events  LumiB            StartTime             StopTime L1Events L2Events EFEvents ErrC Rec Cln RunType                  DetectorMask DAQConfiguration     PartitionName    FilenameTag         
  118808     1344      2  2009-06-11:15:13:07  2009-06-11:15:24:08     1344     1344     1344    0  No Yes cismono                    7c00f00000                      TileL1CaloCombined data09_calocomm     

2009-06-14 00:34 - TileCalibL1Calo - INFO: ===> listening for new valid runs <===
2009-06-14 00:34 - TileCalibL1Calo - DEBUG: initialising coolRunLister
2009-06-14 00:34 - TileCalibL1Calo - DEBUG: applying selections to coolRunLister
2009-06-14 00:34 - TileCalibL1Calo - INFO: last valid run: 118808
2009-06-14 00:34 - TileCalibL1Calo - INFO: searching for new runs from 118809 to 2147483647
2009-06-14 00:34 - TileCalibL1Calo - DEBUG:  No new valid run. Last known valid run still: 118808
2009-06-14 00:50 - TileCalibL1Calo - INFO: ===> listening for new valid runs <===
2009-06-14 00:50 - TileCalibL1Calo - DEBUG: initialising coolRunLister
2009-06-14 00:50 - TileCalibL1Calo - DEBUG: applying selections to coolRunLister
2009-06-14 00:50 - TileCalibL1Calo - INFO: last valid run: 118808
2009-06-14 00:50 - TileCalibL1Calo - INFO: searching for new runs from 118809 to 2147483647
2009-06-14 00:50 - TileCalibL1Calo - DEBUG:  No new valid run. Last known valid run still: 118808
2009-06-14 01:05 - TileCalibL1Calo - INFO: ===> listening for new valid runs <===
2009-06-14 01:05 - TileCalibL1Calo - DEBUG: initialising coolRunLister
2009-06-14 01:05 - TileCalibL1Calo - DEBUG: applying selections to coolRunLister
2009-06-14 01:05 - TileCalibL1Calo - INFO: last valid run: 118808
2009-06-14 01:05 - TileCalibL1Calo - INFO: searching for new runs from 118809 to 2147483647
2009-06-14 01:05 - TileCalibL1Calo - DEBUG:  No new valid run. Last known valid run still: 118808
2009-06-14 01:21 - TileCalibL1Calo - INFO: ===> listening for new valid runs <===
2009-06-14 01:21 - TileCalibL1Calo - DEBUG: initialising coolRunLister
2009-06-14 01:21 - TileCalibL1Calo - DEBUG: applying selections to coolRunLister
2009-06-14 01:21 - TileCalibL1Calo - INFO: last valid run: 118808
2009-06-14 01:21 - TileCalibL1Calo - INFO: searching for new runs from 118809 to 2147483647
2009-06-14 01:21 - TileCalibL1Calo - DEBUG:  No new valid run. Last known valid run still: 118808
2009-06-14 01:37 - TileCalibL1Calo - INFO: ===> listening for new valid runs <===
2009-06-14 01:37 - TileCalibL1Calo - DEBUG: initialising coolRunLister
2009-06-14 01:37 - TileCalibL1Calo - DEBUG: applying selections to coolRunLister
2009-06-14 01:37 - TileCalibL1Calo - INFO: last valid run: 118808
2009-06-14 01:37 - TileCalibL1Calo - INFO: searching for new runs from 118809 to 2147483647
2009-06-14 01:37 - TileCalibL1Calo - DEBUG:  No new valid run. Last known valid run still: 118808
2009-06-14 01:53 - TileCalibL1Calo - INFO: ===> listening for new valid runs <===
2009-06-14 01:53 - TileCalibL1Calo - DEBUG: initialising coolRunLister
2009-06-14 01:53 - TileCalibL1Calo - DEBUG: applying selections to coolRunLister
2009-06-14 01:53 - TileCalibL1Calo - INFO: last valid run: 118808
2009-06-14 01:53 - TileCalibL1Calo - INFO: searching for new runs from 118809 to 2147483647
2009-06-14 01:53 - TileCalibL1Calo - DEBUG:  No new valid run. Last known valid run still: 118808
2009-06-14 02:08 - TileCalibL1Calo - INFO: ===> listening for new valid runs <===
2009-06-14 02:08 - TileCalibL1Calo - DEBUG: initialising coolRunLister
2009-06-14 02:08 - TileCalibL1Calo - DEBUG: applying selections to coolRunLister
2009-06-14 02:08 - TileCalibL1Calo - INFO: last valid run: 118808
2009-06-14 02:08 - TileCalibL1Calo - INFO: searching for new runs from 118809 to 2147483647
2009-06-14 02:08 - TileCalibL1Calo - DEBUG:  No new valid run. Last known valid run still: 118808
2009-06-14 02:24 - TileCalibL1Calo - INFO: ===> listening for new valid runs <===
2009-06-14 02:24 - TileCalibL1Calo - DEBUG: initialising coolRunLister
2009-06-14 02:24 - TileCalibL1Calo - DEBUG: applying selections to coolRunLister
2009-06-14 02:24 - TileCalibL1Calo - INFO: last valid run: 118808
2009-06-14 02:24 - TileCalibL1Calo - INFO: searching for new runs from 118809 to 2147483647
2009-06-14 02:24 - TileCalibL1Calo - DEBUG:  No new valid run. Last known valid run still: 118808
2009-06-14 02:39 - TileCalibL1Calo - INFO: ===> listening for new valid runs <===
2009-06-14 02:39 - TileCalibL1Calo - DEBUG: initialising coolRunLister
2009-06-14 02:39 - TileCalibL1Calo - DEBUG: applying selections to coolRunLister
2009-06-14 02:39 - TileCalibL1Calo - INFO: last valid run: 118808
2009-06-14 02:39 - TileCalibL1Calo - INFO: searching for new runs from 118809 to 2147483647
2009-06-14 02:39 - TileCalibL1Calo - DEBUG:  No new valid run. Last known valid run still: 118808
2009-06-14 02:55 - TileCalibL1Calo - INFO: ===> listening for new valid runs <===
2009-06-14 02:55 - TileCalibL1Calo - DEBUG: initialising coolRunLister
2009-06-14 02:55 - TileCalibL1Calo - DEBUG: applying selections to coolRunLister
2009-06-14 02:55 - TileCalibL1Calo - INFO: last valid run: 118808
2009-06-14 02:55 - TileCalibL1Calo - INFO: searching for new runs from 118809 to 2147483647
2009-06-14 02:55 - TileCalibL1Calo - DEBUG:  No new valid run. Last known valid run still: 118808
2009-06-14 03:11 - TileCalibL1Calo - INFO: ===> listening for new valid runs <===
2009-06-14 03:11 - TileCalibL1Calo - DEBUG: initialising coolRunLister
2009-06-14 03:11 - TileCalibL1Calo - DEBUG: applying selections to coolRunLister
2009-06-14 03:11 - TileCalibL1Calo - INFO: last valid run: 118808
2009-06-14 03:11 - TileCalibL1Calo - INFO: searching for new runs from 118809 to 2147483647
2009-06-14 03:11 - TileCalibL1Calo - DEBUG:  No new valid run. Last known valid run still: 118808
2009-06-14 03:27 - TileCalibL1Calo - INFO: ===> listening for new valid runs <===
2009-06-14 03:27 - TileCalibL1Calo - DEBUG: initialising coolRunLister
2009-06-14 03:27 - TileCalibL1Calo - DEBUG: applying selections to coolRunLister
2009-06-14 03:27 - TileCalibL1Calo - INFO: last valid run: 118808
2009-06-14 03:27 - TileCalibL1Calo - INFO: searching for new runs from 118809 to 2147483647
2009-06-14 03:27 - TileCalibL1Calo - DEBUG:  No new valid run. Last known valid run still: 118808
2009-06-14 03:43 - TileCalibL1Calo - INFO: ===> listening for new valid runs <===
2009-06-14 03:43 - TileCalibL1Calo - DEBUG: initialising coolRunLister
2009-06-14 03:43 - TileCalibL1Calo - DEBUG: applying selections to coolRunLister
2009-06-14 03:43 - TileCalibL1Calo - INFO: last valid run: 118808
2009-06-14 03:43 - TileCalibL1Calo - INFO: searching for new runs from 118809 to 2147483647
2009-06-14 03:43 - TileCalibL1Calo - DEBUG:  No new valid run. Last known valid run still: 118808
2009-06-14 03:58 - TileCalibL1Calo - INFO: ===> listening for new valid runs <===
2009-06-14 03:58 - TileCalibL1Calo - DEBUG: initialising coolRunLister
2009-06-14 03:58 - TileCalibL1Calo - DEBUG: applying selections to coolRunLister
2009-06-14 03:58 - TileCalibL1Calo - INFO: last valid run: 118808
2009-06-14 03:58 - TileCalibL1Calo - INFO: searching for new runs from 118809 to 2147483647
2009-06-14 03:58 - TileCalibL1Calo - DEBUG:  No new valid run. Last known valid run still: 118808
2009-06-14 04:14 - TileCalibL1Calo - INFO: ===> listening for new valid runs <===
2009-06-14 04:14 - TileCalibL1Calo - DEBUG: initialising coolRunLister
2009-06-14 04:14 - TileCalibL1Calo - DEBUG: applying selections to coolRunLister
2009-06-14 04:14 - TileCalibL1Calo - INFO: last valid run: 118808
2009-06-14 04:14 - TileCalibL1Calo - INFO: searching for new runs from 118809 to 2147483647
2009-06-14 04:14 - TileCalibL1Calo - DEBUG:  No new valid run. Last known valid run still: 118808
2009-06-14 04:29 - TileCalibL1Calo - INFO: ===> listening for new valid runs <===
2009-06-14 04:29 - TileCalibL1Calo - DEBUG: initialising coolRunLister
2009-06-14 04:29 - TileCalibL1Calo - DEBUG: applying selections to coolRunLister
2009-06-14 04:29 - TileCalibL1Calo - INFO: last valid run: 118808
2009-06-14 04:29 - TileCalibL1Calo - INFO: searching for new runs from 118809 to 2147483647
2009-06-14 04:30 - TileCalibL1Calo - DEBUG:  No new valid run. Last known valid run still: 118808
2009-06-14 04:45 - TileCalibL1Calo - INFO: ===> listening for new valid runs <===
2009-06-14 04:45 - TileCalibL1Calo - DEBUG: initialising coolRunLister
2009-06-14 04:45 - TileCalibL1Calo - DEBUG: applying selections to coolRunLister
2009-06-14 04:45 - TileCalibL1Calo - INFO: last valid run: 118808
2009-06-14 04:45 - TileCalibL1Calo - INFO: searching for new runs from 118809 to 2147483647
2009-06-14 04:45 - TileCalibL1Calo - DEBUG:  No new valid run. Last known valid run still: 118808
2009-06-14 05:01 - TileCalibL1Calo - INFO: ===> listening for new valid runs <===
2009-06-14 05:01 - TileCalibL1Calo - DEBUG: initialising coolRunLister
2009-06-14 05:01 - TileCalibL1Calo - DEBUG: applying selections to coolRunLister
2009-06-14 05:01 - TileCalibL1Calo - INFO: last valid run: 118808
2009-06-14 05:01 - TileCalibL1Calo - INFO: searching for new runs from 118809 to 2147483647
2009-06-14 05:01 - TileCalibL1Calo - DEBUG:  No new valid run. Last known valid run still: 118808
2009-06-14 05:16 - TileCalibL1Calo - INFO: ===> listening for new valid runs <===
2009-06-14 05:16 - TileCalibL1Calo - DEBUG: initialising coolRunLister
2009-06-14 05:16 - TileCalibL1Calo - DEBUG: applying selections to coolRunLister
2009-06-14 05:16 - TileCalibL1Calo - INFO: last valid run: 118808
2009-06-14 05:16 - TileCalibL1Calo - INFO: searching for new runs from 118809 to 2147483647
2009-06-14 05:16 - TileCalibL1Calo - DEBUG:  No new valid run. Last known valid run still: 118808
2009-06-14 05:32 - TileCalibL1Calo - INFO: ===> listening for new valid runs <===
2009-06-14 05:32 - TileCalibL1Calo - DEBUG: initialising coolRunLister
2009-06-14 05:32 - TileCalibL1Calo - DEBUG: applying selections to coolRunLister
2009-06-14 05:32 - TileCalibL1Calo - INFO: last valid run: 118808
2009-06-14 05:32 - TileCalibL1Calo - INFO: searching for new runs from 118809 to 2147483647
2009-06-14 05:32 - TileCalibL1Calo - DEBUG:  No new valid run. Last known valid run still: 118808
2009-06-14 05:48 - TileCalibL1Calo - INFO: ===> listening for new valid runs <===
2009-06-14 05:48 - TileCalibL1Calo - DEBUG: initialising coolRunLister
2009-06-14 05:48 - TileCalibL1Calo - DEBUG: applying selections to coolRunLister
2009-06-14 05:48 - TileCalibL1Calo - INFO: last valid run: 118808
2009-06-14 05:48 - TileCalibL1Calo - INFO: searching for new runs from 118809 to 2147483647
2009-06-14 05:48 - TileCalibL1Calo - DEBUG:  No new valid run. Last known valid run still: 118808
2009-06-14 06:03 - TileCalibL1Calo - INFO: ===> listening for new valid runs <===
2009-06-14 06:03 - TileCalibL1Calo - DEBUG: initialising coolRunLister
2009-06-14 06:03 - TileCalibL1Calo - DEBUG: applying selections to coolRunLister
2009-06-14 06:03 - TileCalibL1Calo - INFO: last valid run: 118808
2009-06-14 06:03 - TileCalibL1Calo - INFO: searching for new runs from 118809 to 2147483647
2009-06-14 06:03 - TileCalibL1Calo - DEBUG:  No new valid run. Last known valid run still: 118808
2009-06-14 06:19 - TileCalibL1Calo - INFO: ===> listening for new valid runs <===
2009-06-14 06:19 - TileCalibL1Calo - DEBUG: initialising coolRunLister
2009-06-14 06:19 - TileCalibL1Calo - DEBUG: applying selections to coolRunLister
2009-06-14 06:19 - TileCalibL1Calo - INFO: last valid run: 118808
2009-06-14 06:19 - TileCalibL1Calo - INFO: searching for new runs from 118809 to 2147483647
2009-06-14 06:19 - TileCalibL1Calo - DEBUG:  No new valid run. Last known valid run still: 118808
2009-06-14 06:34 - TileCalibL1Calo - INFO: ===> listening for new valid runs <===
2009-06-14 06:34 - TileCalibL1Calo - DEBUG: initialising coolRunLister
2009-06-14 06:34 - TileCalibL1Calo - DEBUG: applying selections to coolRunLister
2009-06-14 06:34 - TileCalibL1Calo - INFO: last valid run: 118808
2009-06-14 06:34 - TileCalibL1Calo - INFO: searching for new runs from 118809 to 2147483647
2009-06-14 06:35 - TileCalibL1Calo - DEBUG:  No new valid run. Last known valid run still: 118808
2009-06-14 06:50 - TileCalibL1Calo - INFO: ===> listening for new valid runs <===
2009-06-14 06:50 - TileCalibL1Calo - DEBUG: initialising coolRunLister
2009-06-14 06:50 - TileCalibL1Calo - DEBUG: applying selections to coolRunLister
2009-06-14 06:50 - TileCalibL1Calo - INFO: last valid run: 118808
2009-06-14 06:50 - TileCalibL1Calo - INFO: searching for new runs from 118809 to 2147483647
2009-06-14 06:50 - TileCalibL1Calo - DEBUG:  No new valid run. Last known valid run still: 118808
