2009-04-03 00:01 - LArCalibL1Calo - INFO: ========================================
2009-04-03 00:01 - LArCalibL1Calo - INFO: RunListener in init
2009-04-03 00:01 - LArCalibL1Calo - INFO: RunListener initialized
2009-04-03 00:01 - LArCalibL1Calo - INFO: ========================================
2009-04-03 00:01 - LArCalibL1Calo - INFO: ===> from initRunListener <===
2009-04-03 00:01 - LArCalibL1Calo - INFO: 
RunListener LArCalibL1Caloinitialised with the following parameters:
TDAQ DB: COOLONL_TDAQ/COMP200
TRIG DB: COOLONL_TRIGGER/COMP200
Status DB: COOLONL_TDAQ/COMP200
log level: 0
oracle: False
rec. only: True
det. mask: 0
run type: LarCalibL1Calo
det. status: 
det. status tag: HEAD
daq partition: LArgL1Calo-TTC2LAN
tag: 
format: acertd
reverse: False
stoptimestamp: True
cleanstop: True
hasevents: False
last valid run known: 0

2009-04-03 00:11 - LArCalibL1Calo - INFO: ===> listening for new valid runs <===
2009-04-03 00:11 - LArCalibL1Calo - DEBUG: initialising coolRunLister
2009-04-03 00:11 - LArCalibL1Calo - DEBUG: applying selections to coolRunLister
2009-04-03 00:11 - LArCalibL1Calo - INFO: last valid run: 104000
2009-04-03 00:11 - LArCalibL1Calo - INFO: searching for new runs from 104001 to 2147483647
2009-04-03 00:11 - LArCalibL1Calo - DEBUG: new last known run: 104816
2009-04-03 00:11 - LArCalibL1Calo - DEBUG: 
     Run   Events  LumiB            StartTime             StopTime L1Events L2Events EFEvents ErrC Rec Cln RunType                  DetectorMask DAQConfiguration     PartitionName    FilenameTag         
  104783     4500      7  2009-04-01:12:13:10  2009-04-01:12:17:28     4500        0     4500    0  No Yes LarCalibL1Calo             6400057000 Schema=127:Data=118  LArgL1Calo-TTC2LAN L1Calib             
     Run   Events  LumiB            StartTime             StopTime L1Events L2Events EFEvents ErrC Rec Cln RunType                  DetectorMask DAQConfiguration     PartitionName    FilenameTag         
  104804        0      1  2009-04-01:12:50:49  2009-04-01:12:52:05        0        0        0    0  No Yes LarCalibL1Calo             6400057000 Schema=127:Data=119  LArgL1Calo-TTC2LAN L1Calib             
     Run   Events  LumiB            StartTime             StopTime L1Events L2Events EFEvents ErrC Rec Cln RunType                  DetectorMask DAQConfiguration     PartitionName    FilenameTag         
  104809        0      1  2009-04-01:12:55:52  2009-04-01:12:57:07        0        0        0    0  No Yes LarCalibL1Calo             6400057000 Schema=127:Data=119  LArgL1Calo-TTC2LAN L1Calib             
     Run   Events  LumiB            StartTime             StopTime L1Events L2Events EFEvents ErrC Rec Cln RunType                  DetectorMask DAQConfiguration     PartitionName    FilenameTag         
  104816      500      1  2009-04-01:12:59:41  2009-04-01:13:01:51      500        0      500    0  No Yes LarCalibL1Calo             6400057000 Schema=127:Data=119  LArgL1Calo-TTC2LAN L1Calib             

2009-04-03 00:21 - LArCalibL1Calo - INFO: ===> listening for new valid runs <===
2009-04-03 00:21 - LArCalibL1Calo - DEBUG: initialising coolRunLister
2009-04-03 00:21 - LArCalibL1Calo - DEBUG: applying selections to coolRunLister
2009-04-03 00:21 - LArCalibL1Calo - INFO: last valid run: 104816
2009-04-03 00:21 - LArCalibL1Calo - INFO: searching for new runs from 104817 to 2147483647
2009-04-03 00:21 - LArCalibL1Calo - DEBUG:  No new valid run. Last known valid run still: 104816
2009-04-03 00:31 - LArCalibL1Calo - INFO: ===> listening for new valid runs <===
2009-04-03 00:31 - LArCalibL1Calo - DEBUG: initialising coolRunLister
2009-04-03 00:31 - LArCalibL1Calo - DEBUG: applying selections to coolRunLister
2009-04-03 00:31 - LArCalibL1Calo - INFO: last valid run: 104816
2009-04-03 00:31 - LArCalibL1Calo - INFO: searching for new runs from 104817 to 2147483647
2009-04-03 00:31 - LArCalibL1Calo - DEBUG:  No new valid run. Last known valid run still: 104816
2009-04-03 00:41 - LArCalibL1Calo - INFO: ===> listening for new valid runs <===
2009-04-03 00:41 - LArCalibL1Calo - DEBUG: initialising coolRunLister
2009-04-03 00:41 - LArCalibL1Calo - DEBUG: applying selections to coolRunLister
2009-04-03 00:41 - LArCalibL1Calo - INFO: last valid run: 104816
2009-04-03 00:41 - LArCalibL1Calo - INFO: searching for new runs from 104817 to 2147483647
2009-04-03 00:41 - LArCalibL1Calo - DEBUG:  No new valid run. Last known valid run still: 104816
2009-04-03 00:52 - LArCalibL1Calo - INFO: ===> listening for new valid runs <===
2009-04-03 00:52 - LArCalibL1Calo - DEBUG: initialising coolRunLister
2009-04-03 00:52 - LArCalibL1Calo - DEBUG: applying selections to coolRunLister
2009-04-03 00:52 - LArCalibL1Calo - INFO: last valid run: 104816
2009-04-03 00:52 - LArCalibL1Calo - INFO: searching for new runs from 104817 to 2147483647
2009-04-03 00:52 - LArCalibL1Calo - DEBUG:  No new valid run. Last known valid run still: 104816
2009-04-03 01:02 - LArCalibL1Calo - INFO: ===> listening for new valid runs <===
2009-04-03 01:02 - LArCalibL1Calo - DEBUG: initialising coolRunLister
2009-04-03 01:02 - LArCalibL1Calo - DEBUG: applying selections to coolRunLister
2009-04-03 01:02 - LArCalibL1Calo - INFO: last valid run: 104816
2009-04-03 01:02 - LArCalibL1Calo - INFO: searching for new runs from 104817 to 2147483647
2009-04-03 01:02 - LArCalibL1Calo - DEBUG:  No new valid run. Last known valid run still: 104816
2009-04-03 01:12 - LArCalibL1Calo - INFO: ===> listening for new valid runs <===
2009-04-03 01:12 - LArCalibL1Calo - DEBUG: initialising coolRunLister
2009-04-03 01:12 - LArCalibL1Calo - DEBUG: applying selections to coolRunLister
2009-04-03 01:12 - LArCalibL1Calo - INFO: last valid run: 104816
2009-04-03 01:12 - LArCalibL1Calo - INFO: searching for new runs from 104817 to 2147483647
2009-04-03 01:12 - LArCalibL1Calo - DEBUG:  No new valid run. Last known valid run still: 104816
2009-04-03 01:22 - LArCalibL1Calo - INFO: ===> listening for new valid runs <===
2009-04-03 01:22 - LArCalibL1Calo - DEBUG: initialising coolRunLister
2009-04-03 01:22 - LArCalibL1Calo - DEBUG: applying selections to coolRunLister
2009-04-03 01:22 - LArCalibL1Calo - INFO: last valid run: 104816
2009-04-03 01:22 - LArCalibL1Calo - INFO: searching for new runs from 104817 to 2147483647
2009-04-03 01:22 - LArCalibL1Calo - DEBUG:  No new valid run. Last known valid run still: 104816
2009-04-03 01:32 - LArCalibL1Calo - INFO: ===> listening for new valid runs <===
2009-04-03 01:32 - LArCalibL1Calo - DEBUG: initialising coolRunLister
2009-04-03 01:32 - LArCalibL1Calo - DEBUG: applying selections to coolRunLister
2009-04-03 01:32 - LArCalibL1Calo - INFO: last valid run: 104816
2009-04-03 01:32 - LArCalibL1Calo - INFO: searching for new runs from 104817 to 2147483647
2009-04-03 01:32 - LArCalibL1Calo - DEBUG:  No new valid run. Last known valid run still: 104816
2009-04-03 01:42 - LArCalibL1Calo - INFO: ===> listening for new valid runs <===
2009-04-03 01:42 - LArCalibL1Calo - DEBUG: initialising coolRunLister
2009-04-03 01:42 - LArCalibL1Calo - DEBUG: applying selections to coolRunLister
2009-04-03 01:42 - LArCalibL1Calo - INFO: last valid run: 104816
2009-04-03 01:42 - LArCalibL1Calo - INFO: searching for new runs from 104817 to 2147483647
2009-04-03 01:42 - LArCalibL1Calo - DEBUG:  No new valid run. Last known valid run still: 104816
2009-04-03 01:52 - LArCalibL1Calo - INFO: ===> listening for new valid runs <===
2009-04-03 01:52 - LArCalibL1Calo - DEBUG: initialising coolRunLister
2009-04-03 01:52 - LArCalibL1Calo - DEBUG: applying selections to coolRunLister
2009-04-03 01:52 - LArCalibL1Calo - INFO: last valid run: 104816
2009-04-03 01:52 - LArCalibL1Calo - INFO: searching for new runs from 104817 to 2147483647
2009-04-03 01:52 - LArCalibL1Calo - DEBUG:  No new valid run. Last known valid run still: 104816
2009-04-03 02:02 - LArCalibL1Calo - INFO: ===> listening for new valid runs <===
2009-04-03 02:02 - LArCalibL1Calo - DEBUG: initialising coolRunLister
2009-04-03 02:02 - LArCalibL1Calo - DEBUG: applying selections to coolRunLister
2009-04-03 02:02 - LArCalibL1Calo - INFO: last valid run: 104816
2009-04-03 02:02 - LArCalibL1Calo - INFO: searching for new runs from 104817 to 2147483647
2009-04-03 02:02 - LArCalibL1Calo - DEBUG:  No new valid run. Last known valid run still: 104816
2009-04-03 02:12 - LArCalibL1Calo - INFO: ===> listening for new valid runs <===
2009-04-03 02:12 - LArCalibL1Calo - DEBUG: initialising coolRunLister
2009-04-03 02:12 - LArCalibL1Calo - DEBUG: applying selections to coolRunLister
2009-04-03 02:12 - LArCalibL1Calo - INFO: last valid run: 104816
2009-04-03 02:12 - LArCalibL1Calo - INFO: searching for new runs from 104817 to 2147483647
2009-04-03 02:12 - LArCalibL1Calo - DEBUG:  No new valid run. Last known valid run still: 104816
2009-04-03 02:23 - LArCalibL1Calo - INFO: ===> listening for new valid runs <===
2009-04-03 02:23 - LArCalibL1Calo - DEBUG: initialising coolRunLister
2009-04-03 02:23 - LArCalibL1Calo - DEBUG: applying selections to coolRunLister
2009-04-03 02:23 - LArCalibL1Calo - INFO: last valid run: 104816
2009-04-03 02:23 - LArCalibL1Calo - INFO: searching for new runs from 104817 to 2147483647
2009-04-03 02:23 - LArCalibL1Calo - DEBUG:  No new valid run. Last known valid run still: 104816
2009-04-03 02:33 - LArCalibL1Calo - INFO: ===> listening for new valid runs <===
2009-04-03 02:33 - LArCalibL1Calo - DEBUG: initialising coolRunLister
2009-04-03 02:33 - LArCalibL1Calo - DEBUG: applying selections to coolRunLister
2009-04-03 02:33 - LArCalibL1Calo - INFO: last valid run: 104816
2009-04-03 02:33 - LArCalibL1Calo - INFO: searching for new runs from 104817 to 2147483647
2009-04-03 02:33 - LArCalibL1Calo - DEBUG:  No new valid run. Last known valid run still: 104816
2009-04-03 02:43 - LArCalibL1Calo - INFO: ===> listening for new valid runs <===
2009-04-03 02:43 - LArCalibL1Calo - DEBUG: initialising coolRunLister
2009-04-03 02:43 - LArCalibL1Calo - DEBUG: applying selections to coolRunLister
2009-04-03 02:43 - LArCalibL1Calo - INFO: last valid run: 104816
2009-04-03 02:43 - LArCalibL1Calo - INFO: searching for new runs from 104817 to 2147483647
2009-04-03 02:43 - LArCalibL1Calo - DEBUG:  No new valid run. Last known valid run still: 104816
2009-04-03 02:53 - LArCalibL1Calo - INFO: ===> listening for new valid runs <===
2009-04-03 02:53 - LArCalibL1Calo - DEBUG: initialising coolRunLister
2009-04-03 02:53 - LArCalibL1Calo - DEBUG: applying selections to coolRunLister
2009-04-03 02:53 - LArCalibL1Calo - INFO: last valid run: 104816
2009-04-03 02:53 - LArCalibL1Calo - INFO: searching for new runs from 104817 to 2147483647
2009-04-03 02:53 - LArCalibL1Calo - DEBUG:  No new valid run. Last known valid run still: 104816
2009-04-03 03:03 - LArCalibL1Calo - INFO: ===> listening for new valid runs <===
2009-04-03 03:03 - LArCalibL1Calo - DEBUG: initialising coolRunLister
2009-04-03 03:03 - LArCalibL1Calo - DEBUG: applying selections to coolRunLister
2009-04-03 03:03 - LArCalibL1Calo - INFO: last valid run: 104816
2009-04-03 03:03 - LArCalibL1Calo - INFO: searching for new runs from 104817 to 2147483647
2009-04-03 03:03 - LArCalibL1Calo - DEBUG:  No new valid run. Last known valid run still: 104816
2009-04-03 03:13 - LArCalibL1Calo - INFO: ===> listening for new valid runs <===
2009-04-03 03:13 - LArCalibL1Calo - DEBUG: initialising coolRunLister
2009-04-03 03:13 - LArCalibL1Calo - DEBUG: applying selections to coolRunLister
2009-04-03 03:13 - LArCalibL1Calo - INFO: last valid run: 104816
2009-04-03 03:13 - LArCalibL1Calo - INFO: searching for new runs from 104817 to 2147483647
2009-04-03 03:13 - LArCalibL1Calo - DEBUG:  No new valid run. Last known valid run still: 104816
2009-04-03 03:23 - LArCalibL1Calo - INFO: ===> listening for new valid runs <===
2009-04-03 03:23 - LArCalibL1Calo - DEBUG: initialising coolRunLister
2009-04-03 03:23 - LArCalibL1Calo - DEBUG: applying selections to coolRunLister
2009-04-03 03:23 - LArCalibL1Calo - INFO: last valid run: 104816
2009-04-03 03:23 - LArCalibL1Calo - INFO: searching for new runs from 104817 to 2147483647
2009-04-03 03:23 - LArCalibL1Calo - DEBUG:  No new valid run. Last known valid run still: 104816
2009-04-03 03:33 - LArCalibL1Calo - INFO: ===> listening for new valid runs <===
2009-04-03 03:33 - LArCalibL1Calo - DEBUG: initialising coolRunLister
2009-04-03 03:33 - LArCalibL1Calo - DEBUG: applying selections to coolRunLister
2009-04-03 03:33 - LArCalibL1Calo - INFO: last valid run: 104816
2009-04-03 03:33 - LArCalibL1Calo - INFO: searching for new runs from 104817 to 2147483647
2009-04-03 03:33 - LArCalibL1Calo - DEBUG:  No new valid run. Last known valid run still: 104816
2009-04-03 03:44 - LArCalibL1Calo - INFO: ===> listening for new valid runs <===
2009-04-03 03:44 - LArCalibL1Calo - DEBUG: initialising coolRunLister
2009-04-03 03:44 - LArCalibL1Calo - DEBUG: applying selections to coolRunLister
2009-04-03 03:44 - LArCalibL1Calo - INFO: last valid run: 104816
2009-04-03 03:44 - LArCalibL1Calo - INFO: searching for new runs from 104817 to 2147483647
2009-04-03 03:44 - LArCalibL1Calo - DEBUG:  No new valid run. Last known valid run still: 104816
2009-04-03 03:54 - LArCalibL1Calo - INFO: ===> listening for new valid runs <===
2009-04-03 03:54 - LArCalibL1Calo - DEBUG: initialising coolRunLister
2009-04-03 03:54 - LArCalibL1Calo - DEBUG: applying selections to coolRunLister
2009-04-03 03:54 - LArCalibL1Calo - INFO: last valid run: 104816
2009-04-03 03:54 - LArCalibL1Calo - INFO: searching for new runs from 104817 to 2147483647
2009-04-03 03:54 - LArCalibL1Calo - DEBUG:  No new valid run. Last known valid run still: 104816
2009-04-03 04:04 - LArCalibL1Calo - INFO: ===> listening for new valid runs <===
2009-04-03 04:04 - LArCalibL1Calo - DEBUG: initialising coolRunLister
2009-04-03 04:04 - LArCalibL1Calo - DEBUG: applying selections to coolRunLister
2009-04-03 04:04 - LArCalibL1Calo - INFO: last valid run: 104816
2009-04-03 04:04 - LArCalibL1Calo - INFO: searching for new runs from 104817 to 2147483647
2009-04-03 04:04 - LArCalibL1Calo - DEBUG:  No new valid run. Last known valid run still: 104816
2009-04-03 04:14 - LArCalibL1Calo - INFO: ===> listening for new valid runs <===
2009-04-03 04:14 - LArCalibL1Calo - DEBUG: initialising coolRunLister
2009-04-03 04:14 - LArCalibL1Calo - DEBUG: applying selections to coolRunLister
2009-04-03 04:14 - LArCalibL1Calo - INFO: last valid run: 104816
2009-04-03 04:14 - LArCalibL1Calo - INFO: searching for new runs from 104817 to 2147483647
2009-04-03 04:14 - LArCalibL1Calo - DEBUG:  No new valid run. Last known valid run still: 104816
2009-04-03 04:24 - LArCalibL1Calo - INFO: ===> listening for new valid runs <===
2009-04-03 04:24 - LArCalibL1Calo - DEBUG: initialising coolRunLister
2009-04-03 04:24 - LArCalibL1Calo - DEBUG: applying selections to coolRunLister
2009-04-03 04:24 - LArCalibL1Calo - INFO: last valid run: 104816
2009-04-03 04:24 - LArCalibL1Calo - INFO: searching for new runs from 104817 to 2147483647
2009-04-03 04:24 - LArCalibL1Calo - DEBUG:  No new valid run. Last known valid run still: 104816
2009-04-03 04:34 - LArCalibL1Calo - INFO: ===> listening for new valid runs <===
2009-04-03 04:34 - LArCalibL1Calo - DEBUG: initialising coolRunLister
2009-04-03 04:34 - LArCalibL1Calo - DEBUG: applying selections to coolRunLister
2009-04-03 04:34 - LArCalibL1Calo - INFO: last valid run: 104816
2009-04-03 04:34 - LArCalibL1Calo - INFO: searching for new runs from 104817 to 2147483647
2009-04-03 04:34 - LArCalibL1Calo - DEBUG:  No new valid run. Last known valid run still: 104816
2009-04-03 04:44 - LArCalibL1Calo - INFO: ===> listening for new valid runs <===
2009-04-03 04:44 - LArCalibL1Calo - DEBUG: initialising coolRunLister
2009-04-03 04:44 - LArCalibL1Calo - DEBUG: applying selections to coolRunLister
2009-04-03 04:44 - LArCalibL1Calo - INFO: last valid run: 104816
2009-04-03 04:44 - LArCalibL1Calo - INFO: searching for new runs from 104817 to 2147483647
2009-04-03 04:44 - LArCalibL1Calo - DEBUG:  No new valid run. Last known valid run still: 104816
2009-04-03 04:54 - LArCalibL1Calo - INFO: ===> listening for new valid runs <===
2009-04-03 04:54 - LArCalibL1Calo - DEBUG: initialising coolRunLister
2009-04-03 04:54 - LArCalibL1Calo - DEBUG: applying selections to coolRunLister
2009-04-03 04:54 - LArCalibL1Calo - INFO: last valid run: 104816
2009-04-03 04:54 - LArCalibL1Calo - INFO: searching for new runs from 104817 to 2147483647
2009-04-03 04:54 - LArCalibL1Calo - DEBUG:  No new valid run. Last known valid run still: 104816
2009-04-03 05:05 - LArCalibL1Calo - INFO: ===> listening for new valid runs <===
2009-04-03 05:05 - LArCalibL1Calo - DEBUG: initialising coolRunLister
2009-04-03 05:05 - LArCalibL1Calo - DEBUG: applying selections to coolRunLister
2009-04-03 05:05 - LArCalibL1Calo - INFO: last valid run: 104816
2009-04-03 05:05 - LArCalibL1Calo - INFO: searching for new runs from 104817 to 2147483647
2009-04-03 05:05 - LArCalibL1Calo - DEBUG:  No new valid run. Last known valid run still: 104816
2009-04-03 05:15 - LArCalibL1Calo - INFO: ===> listening for new valid runs <===
2009-04-03 05:15 - LArCalibL1Calo - DEBUG: initialising coolRunLister
2009-04-03 05:15 - LArCalibL1Calo - DEBUG: applying selections to coolRunLister
2009-04-03 05:15 - LArCalibL1Calo - INFO: last valid run: 104816
2009-04-03 05:15 - LArCalibL1Calo - INFO: searching for new runs from 104817 to 2147483647
2009-04-03 05:15 - LArCalibL1Calo - DEBUG:  No new valid run. Last known valid run still: 104816
2009-04-03 05:25 - LArCalibL1Calo - INFO: ===> listening for new valid runs <===
2009-04-03 05:25 - LArCalibL1Calo - DEBUG: initialising coolRunLister
2009-04-03 05:25 - LArCalibL1Calo - DEBUG: applying selections to coolRunLister
2009-04-03 05:25 - LArCalibL1Calo - INFO: last valid run: 104816
2009-04-03 05:25 - LArCalibL1Calo - INFO: searching for new runs from 104817 to 2147483647
2009-04-03 05:25 - LArCalibL1Calo - DEBUG:  No new valid run. Last known valid run still: 104816
2009-04-03 05:35 - LArCalibL1Calo - INFO: ===> listening for new valid runs <===
2009-04-03 05:35 - LArCalibL1Calo - DEBUG: initialising coolRunLister
2009-04-03 05:35 - LArCalibL1Calo - DEBUG: applying selections to coolRunLister
2009-04-03 05:35 - LArCalibL1Calo - INFO: last valid run: 104816
2009-04-03 05:35 - LArCalibL1Calo - INFO: searching for new runs from 104817 to 2147483647
2009-04-03 05:35 - LArCalibL1Calo - DEBUG:  No new valid run. Last known valid run still: 104816
2009-04-03 05:45 - LArCalibL1Calo - INFO: ===> listening for new valid runs <===
2009-04-03 05:45 - LArCalibL1Calo - DEBUG: initialising coolRunLister
2009-04-03 05:45 - LArCalibL1Calo - DEBUG: applying selections to coolRunLister
2009-04-03 05:45 - LArCalibL1Calo - INFO: last valid run: 104816
2009-04-03 05:45 - LArCalibL1Calo - INFO: searching for new runs from 104817 to 2147483647
2009-04-03 05:45 - LArCalibL1Calo - DEBUG:  No new valid run. Last known valid run still: 104816
2009-04-03 05:55 - LArCalibL1Calo - INFO: ===> listening for new valid runs <===
2009-04-03 05:55 - LArCalibL1Calo - DEBUG: initialising coolRunLister
2009-04-03 05:55 - LArCalibL1Calo - DEBUG: applying selections to coolRunLister
2009-04-03 05:55 - LArCalibL1Calo - INFO: last valid run: 104816
2009-04-03 05:55 - LArCalibL1Calo - INFO: searching for new runs from 104817 to 2147483647
2009-04-03 05:55 - LArCalibL1Calo - DEBUG:  No new valid run. Last known valid run still: 104816
2009-04-03 06:05 - LArCalibL1Calo - INFO: ===> listening for new valid runs <===
2009-04-03 06:05 - LArCalibL1Calo - DEBUG: initialising coolRunLister
2009-04-03 06:05 - LArCalibL1Calo - DEBUG: applying selections to coolRunLister
2009-04-03 06:05 - LArCalibL1Calo - INFO: last valid run: 104816
2009-04-03 06:05 - LArCalibL1Calo - INFO: searching for new runs from 104817 to 2147483647
2009-04-03 06:05 - LArCalibL1Calo - DEBUG:  No new valid run. Last known valid run still: 104816
2009-04-03 06:15 - LArCalibL1Calo - INFO: ===> listening for new valid runs <===
2009-04-03 06:15 - LArCalibL1Calo - DEBUG: initialising coolRunLister
2009-04-03 06:15 - LArCalibL1Calo - DEBUG: applying selections to coolRunLister
2009-04-03 06:15 - LArCalibL1Calo - INFO: last valid run: 104816
2009-04-03 06:15 - LArCalibL1Calo - INFO: searching for new runs from 104817 to 2147483647
2009-04-03 06:15 - LArCalibL1Calo - DEBUG:  No new valid run. Last known valid run still: 104816
2009-04-03 06:26 - LArCalibL1Calo - INFO: ===> listening for new valid runs <===
2009-04-03 06:26 - LArCalibL1Calo - DEBUG: initialising coolRunLister
2009-04-03 06:26 - LArCalibL1Calo - DEBUG: applying selections to coolRunLister
2009-04-03 06:26 - LArCalibL1Calo - INFO: last valid run: 104816
2009-04-03 06:26 - LArCalibL1Calo - INFO: searching for new runs from 104817 to 2147483647
2009-04-03 06:26 - LArCalibL1Calo - DEBUG:  No new valid run. Last known valid run still: 104816
2009-04-03 06:36 - LArCalibL1Calo - INFO: ===> listening for new valid runs <===
2009-04-03 06:36 - LArCalibL1Calo - DEBUG: initialising coolRunLister
2009-04-03 06:36 - LArCalibL1Calo - DEBUG: applying selections to coolRunLister
2009-04-03 06:36 - LArCalibL1Calo - INFO: last valid run: 104816
2009-04-03 06:36 - LArCalibL1Calo - INFO: searching for new runs from 104817 to 2147483647
2009-04-03 06:36 - LArCalibL1Calo - DEBUG:  No new valid run. Last known valid run still: 104816
2009-04-03 06:46 - LArCalibL1Calo - INFO: ===> listening for new valid runs <===
2009-04-03 06:46 - LArCalibL1Calo - DEBUG: initialising coolRunLister
2009-04-03 06:46 - LArCalibL1Calo - DEBUG: applying selections to coolRunLister
2009-04-03 06:46 - LArCalibL1Calo - INFO: last valid run: 104816
2009-04-03 06:46 - LArCalibL1Calo - INFO: searching for new runs from 104817 to 2147483647
2009-04-03 06:46 - LArCalibL1Calo - DEBUG:  No new valid run. Last known valid run still: 104816
2009-04-03 06:56 - LArCalibL1Calo - INFO: ===> listening for new valid runs <===
2009-04-03 06:56 - LArCalibL1Calo - DEBUG: initialising coolRunLister
2009-04-03 06:56 - LArCalibL1Calo - DEBUG: applying selections to coolRunLister
2009-04-03 06:56 - LArCalibL1Calo - INFO: last valid run: 104816
2009-04-03 06:56 - LArCalibL1Calo - INFO: searching for new runs from 104817 to 2147483647
2009-04-03 06:56 - LArCalibL1Calo - DEBUG:  No new valid run. Last known valid run still: 104816
2009-04-03 07:06 - LArCalibL1Calo - INFO: ===> listening for new valid runs <===
2009-04-03 07:06 - LArCalibL1Calo - DEBUG: initialising coolRunLister
2009-04-03 07:06 - LArCalibL1Calo - DEBUG: applying selections to coolRunLister
2009-04-03 07:06 - LArCalibL1Calo - INFO: last valid run: 104816
2009-04-03 07:06 - LArCalibL1Calo - INFO: searching for new runs from 104817 to 2147483647
2009-04-03 07:06 - LArCalibL1Calo - DEBUG:  No new valid run. Last known valid run still: 104816
2009-04-03 07:16 - LArCalibL1Calo - INFO: ===> listening for new valid runs <===
2009-04-03 07:16 - LArCalibL1Calo - DEBUG: initialising coolRunLister
2009-04-03 07:16 - LArCalibL1Calo - DEBUG: applying selections to coolRunLister
2009-04-03 07:16 - LArCalibL1Calo - INFO: last valid run: 104816
2009-04-03 07:16 - LArCalibL1Calo - INFO: searching for new runs from 104817 to 2147483647
2009-04-03 07:16 - LArCalibL1Calo - DEBUG:  No new valid run. Last known valid run still: 104816
2009-04-03 07:26 - LArCalibL1Calo - INFO: ===> listening for new valid runs <===
2009-04-03 07:26 - LArCalibL1Calo - DEBUG: initialising coolRunLister
2009-04-03 07:26 - LArCalibL1Calo - DEBUG: applying selections to coolRunLister
2009-04-03 07:26 - LArCalibL1Calo - INFO: last valid run: 104816
2009-04-03 07:26 - LArCalibL1Calo - INFO: searching for new runs from 104817 to 2147483647
2009-04-03 07:26 - LArCalibL1Calo - DEBUG:  No new valid run. Last known valid run still: 104816
2009-04-03 07:36 - LArCalibL1Calo - INFO: ===> listening for new valid runs <===
2009-04-03 07:36 - LArCalibL1Calo - DEBUG: initialising coolRunLister
2009-04-03 07:36 - LArCalibL1Calo - DEBUG: applying selections to coolRunLister
2009-04-03 07:36 - LArCalibL1Calo - INFO: last valid run: 104816
2009-04-03 07:36 - LArCalibL1Calo - INFO: searching for new runs from 104817 to 2147483647
2009-04-03 07:36 - LArCalibL1Calo - DEBUG:  No new valid run. Last known valid run still: 104816
2009-04-03 07:46 - LArCalibL1Calo - INFO: ===> listening for new valid runs <===
2009-04-03 07:46 - LArCalibL1Calo - DEBUG: initialising coolRunLister
2009-04-03 07:46 - LArCalibL1Calo - DEBUG: applying selections to coolRunLister
2009-04-03 07:46 - LArCalibL1Calo - INFO: last valid run: 104816
2009-04-03 07:46 - LArCalibL1Calo - INFO: searching for new runs from 104817 to 2147483647
2009-04-03 07:47 - LArCalibL1Calo - DEBUG:  No new valid run. Last known valid run still: 104816
2009-04-03 07:57 - LArCalibL1Calo - INFO: ===> listening for new valid runs <===
2009-04-03 07:57 - LArCalibL1Calo - DEBUG: initialising coolRunLister
2009-04-03 07:57 - LArCalibL1Calo - DEBUG: applying selections to coolRunLister
2009-04-03 07:57 - LArCalibL1Calo - INFO: last valid run: 104816
2009-04-03 07:57 - LArCalibL1Calo - INFO: searching for new runs from 104817 to 2147483647
2009-04-03 07:57 - LArCalibL1Calo - DEBUG:  No new valid run. Last known valid run still: 104816
2009-04-03 08:07 - LArCalibL1Calo - INFO: ===> listening for new valid runs <===
2009-04-03 08:07 - LArCalibL1Calo - DEBUG: initialising coolRunLister
2009-04-03 08:07 - LArCalibL1Calo - DEBUG: applying selections to coolRunLister
2009-04-03 08:07 - LArCalibL1Calo - INFO: last valid run: 104816
2009-04-03 08:07 - LArCalibL1Calo - INFO: searching for new runs from 104817 to 2147483647
2009-04-03 08:07 - LArCalibL1Calo - DEBUG:  No new valid run. Last known valid run still: 104816
2009-04-03 08:17 - LArCalibL1Calo - INFO: ===> listening for new valid runs <===
2009-04-03 08:17 - LArCalibL1Calo - DEBUG: initialising coolRunLister
2009-04-03 08:17 - LArCalibL1Calo - DEBUG: applying selections to coolRunLister
2009-04-03 08:17 - LArCalibL1Calo - INFO: last valid run: 104816
2009-04-03 08:17 - LArCalibL1Calo - INFO: searching for new runs from 104817 to 2147483647
2009-04-03 08:17 - LArCalibL1Calo - DEBUG:  No new valid run. Last known valid run still: 104816
2009-04-03 08:27 - LArCalibL1Calo - INFO: ===> listening for new valid runs <===
2009-04-03 08:27 - LArCalibL1Calo - DEBUG: initialising coolRunLister
2009-04-03 08:27 - LArCalibL1Calo - DEBUG: applying selections to coolRunLister
2009-04-03 08:27 - LArCalibL1Calo - INFO: last valid run: 104816
2009-04-03 08:27 - LArCalibL1Calo - INFO: searching for new runs from 104817 to 2147483647
2009-04-03 08:27 - LArCalibL1Calo - DEBUG:  No new valid run. Last known valid run still: 104816
2009-04-03 08:37 - LArCalibL1Calo - INFO: ===> listening for new valid runs <===
2009-04-03 08:37 - LArCalibL1Calo - DEBUG: initialising coolRunLister
2009-04-03 08:37 - LArCalibL1Calo - DEBUG: applying selections to coolRunLister
2009-04-03 08:37 - LArCalibL1Calo - INFO: last valid run: 104816
2009-04-03 08:37 - LArCalibL1Calo - INFO: searching for new runs from 104817 to 2147483647
2009-04-03 08:37 - LArCalibL1Calo - DEBUG:  No new valid run. Last known valid run still: 104816
2009-04-03 08:47 - LArCalibL1Calo - INFO: ===> listening for new valid runs <===
2009-04-03 08:47 - LArCalibL1Calo - DEBUG: initialising coolRunLister
2009-04-03 08:47 - LArCalibL1Calo - DEBUG: applying selections to coolRunLister
2009-04-03 08:47 - LArCalibL1Calo - INFO: last valid run: 104816
2009-04-03 08:47 - LArCalibL1Calo - INFO: searching for new runs from 104817 to 2147483647
2009-04-03 08:47 - LArCalibL1Calo - DEBUG:  No new valid run. Last known valid run still: 104816
2009-04-03 08:57 - LArCalibL1Calo - INFO: ===> listening for new valid runs <===
2009-04-03 08:57 - LArCalibL1Calo - DEBUG: initialising coolRunLister
2009-04-03 08:57 - LArCalibL1Calo - DEBUG: applying selections to coolRunLister
2009-04-03 08:57 - LArCalibL1Calo - INFO: last valid run: 104816
2009-04-03 08:57 - LArCalibL1Calo - INFO: searching for new runs from 104817 to 2147483647
2009-04-03 08:57 - LArCalibL1Calo - DEBUG:  No new valid run. Last known valid run still: 104816
2009-04-03 09:07 - LArCalibL1Calo - INFO: ===> listening for new valid runs <===
2009-04-03 09:07 - LArCalibL1Calo - DEBUG: initialising coolRunLister
2009-04-03 09:07 - LArCalibL1Calo - DEBUG: applying selections to coolRunLister
2009-04-03 09:07 - LArCalibL1Calo - INFO: last valid run: 104816
2009-04-03 09:07 - LArCalibL1Calo - INFO: searching for new runs from 104817 to 2147483647
2009-04-03 09:08 - LArCalibL1Calo - DEBUG:  No new valid run. Last known valid run still: 104816
2009-04-03 09:18 - LArCalibL1Calo - INFO: ===> listening for new valid runs <===
2009-04-03 09:18 - LArCalibL1Calo - DEBUG: initialising coolRunLister
2009-04-03 09:18 - LArCalibL1Calo - DEBUG: applying selections to coolRunLister
2009-04-03 09:18 - LArCalibL1Calo - INFO: last valid run: 104816
2009-04-03 09:18 - LArCalibL1Calo - INFO: searching for new runs from 104817 to 2147483647
2009-04-03 09:18 - LArCalibL1Calo - DEBUG:  No new valid run. Last known valid run still: 104816
2009-04-03 09:28 - LArCalibL1Calo - INFO: ===> listening for new valid runs <===
2009-04-03 09:28 - LArCalibL1Calo - DEBUG: initialising coolRunLister
2009-04-03 09:28 - LArCalibL1Calo - DEBUG: applying selections to coolRunLister
2009-04-03 09:28 - LArCalibL1Calo - INFO: last valid run: 104816
2009-04-03 09:28 - LArCalibL1Calo - INFO: searching for new runs from 104817 to 2147483647
2009-04-03 09:28 - LArCalibL1Calo - DEBUG:  No new valid run. Last known valid run still: 104816
2009-04-03 09:38 - LArCalibL1Calo - INFO: ===> listening for new valid runs <===
2009-04-03 09:38 - LArCalibL1Calo - DEBUG: initialising coolRunLister
2009-04-03 09:38 - LArCalibL1Calo - DEBUG: applying selections to coolRunLister
2009-04-03 09:38 - LArCalibL1Calo - INFO: last valid run: 104816
2009-04-03 09:38 - LArCalibL1Calo - INFO: searching for new runs from 104817 to 2147483647
2009-04-03 09:38 - LArCalibL1Calo - DEBUG:  No new valid run. Last known valid run still: 104816
2009-04-03 09:48 - LArCalibL1Calo - INFO: ===> listening for new valid runs <===
2009-04-03 09:48 - LArCalibL1Calo - DEBUG: initialising coolRunLister
2009-04-03 09:48 - LArCalibL1Calo - DEBUG: applying selections to coolRunLister
2009-04-03 09:48 - LArCalibL1Calo - INFO: last valid run: 104816
2009-04-03 09:48 - LArCalibL1Calo - INFO: searching for new runs from 104817 to 2147483647
2009-04-03 09:48 - LArCalibL1Calo - DEBUG:  No new valid run. Last known valid run still: 104816
2009-04-03 09:58 - LArCalibL1Calo - INFO: ===> listening for new valid runs <===
2009-04-03 09:58 - LArCalibL1Calo - DEBUG: initialising coolRunLister
2009-04-03 09:58 - LArCalibL1Calo - DEBUG: applying selections to coolRunLister
2009-04-03 09:58 - LArCalibL1Calo - INFO: last valid run: 104816
2009-04-03 09:58 - LArCalibL1Calo - INFO: searching for new runs from 104817 to 2147483647
2009-04-03 09:58 - LArCalibL1Calo - DEBUG:  No new valid run. Last known valid run still: 104816
2009-04-03 10:08 - LArCalibL1Calo - INFO: ===> listening for new valid runs <===
2009-04-03 10:08 - LArCalibL1Calo - DEBUG: initialising coolRunLister
2009-04-03 10:08 - LArCalibL1Calo - DEBUG: applying selections to coolRunLister
2009-04-03 10:08 - LArCalibL1Calo - INFO: last valid run: 104816
2009-04-03 10:08 - LArCalibL1Calo - INFO: searching for new runs from 104817 to 2147483647
2009-04-03 10:08 - LArCalibL1Calo - DEBUG:  No new valid run. Last known valid run still: 104816
2009-04-03 10:18 - LArCalibL1Calo - INFO: ===> listening for new valid runs <===
2009-04-03 10:18 - LArCalibL1Calo - DEBUG: initialising coolRunLister
2009-04-03 10:18 - LArCalibL1Calo - DEBUG: applying selections to coolRunLister
2009-04-03 10:18 - LArCalibL1Calo - INFO: last valid run: 104816
2009-04-03 10:18 - LArCalibL1Calo - INFO: searching for new runs from 104817 to 2147483647
2009-04-03 10:18 - LArCalibL1Calo - DEBUG:  No new valid run. Last known valid run still: 104816
2009-04-03 10:28 - LArCalibL1Calo - INFO: ===> listening for new valid runs <===
2009-04-03 10:28 - LArCalibL1Calo - DEBUG: initialising coolRunLister
2009-04-03 10:28 - LArCalibL1Calo - DEBUG: applying selections to coolRunLister
2009-04-03 10:28 - LArCalibL1Calo - INFO: last valid run: 104816
2009-04-03 10:28 - LArCalibL1Calo - INFO: searching for new runs from 104817 to 2147483647
2009-04-03 10:28 - LArCalibL1Calo - DEBUG:  No new valid run. Last known valid run still: 104816
2009-04-03 10:39 - LArCalibL1Calo - INFO: ===> listening for new valid runs <===
2009-04-03 10:39 - LArCalibL1Calo - DEBUG: initialising coolRunLister
2009-04-03 10:39 - LArCalibL1Calo - DEBUG: applying selections to coolRunLister
2009-04-03 10:39 - LArCalibL1Calo - INFO: last valid run: 104816
2009-04-03 10:39 - LArCalibL1Calo - INFO: searching for new runs from 104817 to 2147483647
2009-04-03 10:39 - LArCalibL1Calo - DEBUG:  No new valid run. Last known valid run still: 104816
2009-04-03 10:49 - LArCalibL1Calo - INFO: ===> listening for new valid runs <===
2009-04-03 10:49 - LArCalibL1Calo - DEBUG: initialising coolRunLister
2009-04-03 10:49 - LArCalibL1Calo - DEBUG: applying selections to coolRunLister
2009-04-03 10:49 - LArCalibL1Calo - INFO: last valid run: 104816
2009-04-03 10:49 - LArCalibL1Calo - INFO: searching for new runs from 104817 to 2147483647
2009-04-03 10:49 - LArCalibL1Calo - DEBUG:  No new valid run. Last known valid run still: 104816
2009-04-03 10:59 - LArCalibL1Calo - INFO: ===> listening for new valid runs <===
2009-04-03 10:59 - LArCalibL1Calo - DEBUG: initialising coolRunLister
2009-04-03 10:59 - LArCalibL1Calo - DEBUG: applying selections to coolRunLister
2009-04-03 10:59 - LArCalibL1Calo - INFO: last valid run: 104816
2009-04-03 10:59 - LArCalibL1Calo - INFO: searching for new runs from 104817 to 2147483647
2009-04-03 10:59 - LArCalibL1Calo - DEBUG:  No new valid run. Last known valid run still: 104816
2009-04-03 11:09 - LArCalibL1Calo - INFO: ===> listening for new valid runs <===
2009-04-03 11:09 - LArCalibL1Calo - DEBUG: initialising coolRunLister
2009-04-03 11:09 - LArCalibL1Calo - DEBUG: applying selections to coolRunLister
2009-04-03 11:09 - LArCalibL1Calo - INFO: last valid run: 104816
2009-04-03 11:09 - LArCalibL1Calo - INFO: searching for new runs from 104817 to 2147483647
2009-04-03 11:10 - LArCalibL1Calo - DEBUG:  No new valid run. Last known valid run still: 104816
2009-04-03 11:20 - LArCalibL1Calo - INFO: ===> listening for new valid runs <===
2009-04-03 11:20 - LArCalibL1Calo - DEBUG: initialising coolRunLister
2009-04-03 11:20 - LArCalibL1Calo - DEBUG: applying selections to coolRunLister
2009-04-03 11:20 - LArCalibL1Calo - INFO: last valid run: 104816
2009-04-03 11:20 - LArCalibL1Calo - INFO: searching for new runs from 104817 to 2147483647
2009-04-03 11:20 - LArCalibL1Calo - DEBUG:  No new valid run. Last known valid run still: 104816
2009-04-03 11:30 - LArCalibL1Calo - INFO: ===> listening for new valid runs <===
2009-04-03 11:30 - LArCalibL1Calo - DEBUG: initialising coolRunLister
2009-04-03 11:30 - LArCalibL1Calo - DEBUG: applying selections to coolRunLister
2009-04-03 11:30 - LArCalibL1Calo - INFO: last valid run: 104816
2009-04-03 11:30 - LArCalibL1Calo - INFO: searching for new runs from 104817 to 2147483647
2009-04-03 11:30 - LArCalibL1Calo - DEBUG:  No new valid run. Last known valid run still: 104816
2009-04-03 11:40 - LArCalibL1Calo - INFO: ===> listening for new valid runs <===
2009-04-03 11:40 - LArCalibL1Calo - DEBUG: initialising coolRunLister
2009-04-03 11:40 - LArCalibL1Calo - DEBUG: applying selections to coolRunLister
2009-04-03 11:40 - LArCalibL1Calo - INFO: last valid run: 104816
2009-04-03 11:40 - LArCalibL1Calo - INFO: searching for new runs from 104817 to 2147483647
2009-04-03 11:40 - LArCalibL1Calo - DEBUG:  No new valid run. Last known valid run still: 104816
2009-04-03 11:50 - LArCalibL1Calo - INFO: ===> listening for new valid runs <===
2009-04-03 11:50 - LArCalibL1Calo - DEBUG: initialising coolRunLister
2009-04-03 11:50 - LArCalibL1Calo - DEBUG: applying selections to coolRunLister
2009-04-03 11:50 - LArCalibL1Calo - INFO: last valid run: 104816
2009-04-03 11:50 - LArCalibL1Calo - INFO: searching for new runs from 104817 to 2147483647
2009-04-03 11:50 - LArCalibL1Calo - DEBUG:  No new valid run. Last known valid run still: 104816
2009-04-03 12:00 - LArCalibL1Calo - INFO: ===> listening for new valid runs <===
2009-04-03 12:00 - LArCalibL1Calo - DEBUG: initialising coolRunLister
2009-04-03 12:00 - LArCalibL1Calo - DEBUG: applying selections to coolRunLister
2009-04-03 12:00 - LArCalibL1Calo - INFO: last valid run: 104816
2009-04-03 12:00 - LArCalibL1Calo - INFO: searching for new runs from 104817 to 2147483647
2009-04-03 12:00 - LArCalibL1Calo - DEBUG:  No new valid run. Last known valid run still: 104816
2009-04-03 12:10 - LArCalibL1Calo - INFO: ===> listening for new valid runs <===
2009-04-03 12:10 - LArCalibL1Calo - DEBUG: initialising coolRunLister
2009-04-03 12:10 - LArCalibL1Calo - DEBUG: applying selections to coolRunLister
2009-04-03 12:10 - LArCalibL1Calo - INFO: last valid run: 104816
2009-04-03 12:10 - LArCalibL1Calo - INFO: searching for new runs from 104817 to 2147483647
2009-04-03 12:10 - LArCalibL1Calo - DEBUG:  No new valid run. Last known valid run still: 104816
2009-04-03 12:21 - LArCalibL1Calo - INFO: ===> listening for new valid runs <===
2009-04-03 12:21 - LArCalibL1Calo - DEBUG: initialising coolRunLister
2009-04-03 12:21 - LArCalibL1Calo - DEBUG: applying selections to coolRunLister
2009-04-03 12:21 - LArCalibL1Calo - INFO: last valid run: 104816
2009-04-03 12:21 - LArCalibL1Calo - INFO: searching for new runs from 104817 to 2147483647
2009-04-03 12:21 - LArCalibL1Calo - DEBUG:  No new valid run. Last known valid run still: 104816
2009-04-03 12:31 - LArCalibL1Calo - INFO: ===> listening for new valid runs <===
2009-04-03 12:31 - LArCalibL1Calo - DEBUG: initialising coolRunLister
2009-04-03 12:31 - LArCalibL1Calo - DEBUG: applying selections to coolRunLister
2009-04-03 12:31 - LArCalibL1Calo - INFO: last valid run: 104816
2009-04-03 12:31 - LArCalibL1Calo - INFO: searching for new runs from 104817 to 2147483647
2009-04-03 12:31 - LArCalibL1Calo - DEBUG:  No new valid run. Last known valid run still: 104816
2009-04-03 12:41 - LArCalibL1Calo - INFO: ===> listening for new valid runs <===
2009-04-03 12:41 - LArCalibL1Calo - DEBUG: initialising coolRunLister
2009-04-03 12:41 - LArCalibL1Calo - DEBUG: applying selections to coolRunLister
2009-04-03 12:41 - LArCalibL1Calo - INFO: last valid run: 104816
2009-04-03 12:41 - LArCalibL1Calo - INFO: searching for new runs from 104817 to 2147483647
2009-04-03 12:41 - LArCalibL1Calo - DEBUG:  No new valid run. Last known valid run still: 104816
2009-04-03 12:51 - LArCalibL1Calo - INFO: ===> listening for new valid runs <===
2009-04-03 12:51 - LArCalibL1Calo - DEBUG: initialising coolRunLister
2009-04-03 12:51 - LArCalibL1Calo - DEBUG: applying selections to coolRunLister
2009-04-03 12:51 - LArCalibL1Calo - INFO: last valid run: 104816
2009-04-03 12:51 - LArCalibL1Calo - INFO: searching for new runs from 104817 to 2147483647
2009-04-03 12:51 - LArCalibL1Calo - DEBUG:  No new valid run. Last known valid run still: 104816
2009-04-03 13:01 - LArCalibL1Calo - INFO: ===> listening for new valid runs <===
2009-04-03 13:01 - LArCalibL1Calo - DEBUG: initialising coolRunLister
2009-04-03 13:01 - LArCalibL1Calo - DEBUG: applying selections to coolRunLister
2009-04-03 13:01 - LArCalibL1Calo - INFO: last valid run: 104816
2009-04-03 13:01 - LArCalibL1Calo - INFO: searching for new runs from 104817 to 2147483647
2009-04-03 13:01 - LArCalibL1Calo - DEBUG:  No new valid run. Last known valid run still: 104816
2009-04-03 13:11 - LArCalibL1Calo - INFO: ===> listening for new valid runs <===
2009-04-03 13:11 - LArCalibL1Calo - DEBUG: initialising coolRunLister
2009-04-03 13:11 - LArCalibL1Calo - DEBUG: applying selections to coolRunLister
2009-04-03 13:11 - LArCalibL1Calo - INFO: last valid run: 104816
2009-04-03 13:11 - LArCalibL1Calo - INFO: searching for new runs from 104817 to 2147483647
2009-04-03 13:11 - LArCalibL1Calo - DEBUG:  No new valid run. Last known valid run still: 104816
2009-04-03 13:21 - LArCalibL1Calo - INFO: ===> listening for new valid runs <===
2009-04-03 13:21 - LArCalibL1Calo - DEBUG: initialising coolRunLister
2009-04-03 13:21 - LArCalibL1Calo - DEBUG: applying selections to coolRunLister
2009-04-03 13:21 - LArCalibL1Calo - INFO: last valid run: 104816
2009-04-03 13:21 - LArCalibL1Calo - INFO: searching for new runs from 104817 to 2147483647
2009-04-03 13:21 - LArCalibL1Calo - DEBUG:  No new valid run. Last known valid run still: 104816
2009-04-03 13:32 - LArCalibL1Calo - INFO: ===> listening for new valid runs <===
2009-04-03 13:32 - LArCalibL1Calo - DEBUG: initialising coolRunLister
2009-04-03 13:32 - LArCalibL1Calo - DEBUG: applying selections to coolRunLister
2009-04-03 13:32 - LArCalibL1Calo - INFO: last valid run: 104816
2009-04-03 13:32 - LArCalibL1Calo - INFO: searching for new runs from 104817 to 2147483647
2009-04-03 13:32 - LArCalibL1Calo - DEBUG:  No new valid run. Last known valid run still: 104816
2009-04-03 13:42 - LArCalibL1Calo - INFO: ===> listening for new valid runs <===
2009-04-03 13:42 - LArCalibL1Calo - DEBUG: initialising coolRunLister
2009-04-03 13:42 - LArCalibL1Calo - DEBUG: applying selections to coolRunLister
2009-04-03 13:42 - LArCalibL1Calo - INFO: last valid run: 104816
2009-04-03 13:42 - LArCalibL1Calo - INFO: searching for new runs from 104817 to 2147483647
2009-04-03 13:42 - LArCalibL1Calo - DEBUG:  No new valid run. Last known valid run still: 104816
2009-04-03 13:53 - LArCalibL1Calo - INFO: ===> listening for new valid runs <===
2009-04-03 13:53 - LArCalibL1Calo - DEBUG: initialising coolRunLister
2009-04-03 13:53 - LArCalibL1Calo - DEBUG: applying selections to coolRunLister
2009-04-03 13:53 - LArCalibL1Calo - INFO: last valid run: 104816
2009-04-03 13:53 - LArCalibL1Calo - INFO: searching for new runs from 104817 to 2147483647
2009-04-03 13:53 - LArCalibL1Calo - DEBUG:  No new valid run. Last known valid run still: 104816
2009-04-03 14:03 - LArCalibL1Calo - INFO: ===> listening for new valid runs <===
2009-04-03 14:03 - LArCalibL1Calo - DEBUG: initialising coolRunLister
2009-04-03 14:03 - LArCalibL1Calo - DEBUG: applying selections to coolRunLister
2009-04-03 14:03 - LArCalibL1Calo - INFO: last valid run: 104816
2009-04-03 14:03 - LArCalibL1Calo - INFO: searching for new runs from 104817 to 2147483647
2009-04-03 14:03 - LArCalibL1Calo - DEBUG:  No new valid run. Last known valid run still: 104816
2009-04-03 14:13 - LArCalibL1Calo - INFO: ===> listening for new valid runs <===
2009-04-03 14:13 - LArCalibL1Calo - DEBUG: initialising coolRunLister
2009-04-03 14:13 - LArCalibL1Calo - DEBUG: applying selections to coolRunLister
2009-04-03 14:13 - LArCalibL1Calo - INFO: last valid run: 104816
2009-04-03 14:13 - LArCalibL1Calo - INFO: searching for new runs from 104817 to 2147483647
2009-04-03 14:13 - LArCalibL1Calo - DEBUG:  No new valid run. Last known valid run still: 104816
2009-04-03 14:24 - LArCalibL1Calo - INFO: ===> listening for new valid runs <===
2009-04-03 14:24 - LArCalibL1Calo - DEBUG: initialising coolRunLister
2009-04-03 14:24 - LArCalibL1Calo - DEBUG: applying selections to coolRunLister
2009-04-03 14:24 - LArCalibL1Calo - INFO: last valid run: 104816
2009-04-03 14:24 - LArCalibL1Calo - INFO: searching for new runs from 104817 to 2147483647
2009-04-03 14:24 - LArCalibL1Calo - DEBUG:  No new valid run. Last known valid run still: 104816
2009-04-03 14:34 - LArCalibL1Calo - INFO: ===> listening for new valid runs <===
2009-04-03 14:34 - LArCalibL1Calo - DEBUG: initialising coolRunLister
2009-04-03 14:34 - LArCalibL1Calo - DEBUG: applying selections to coolRunLister
2009-04-03 14:34 - LArCalibL1Calo - INFO: last valid run: 104816
2009-04-03 14:34 - LArCalibL1Calo - INFO: searching for new runs from 104817 to 2147483647
2009-04-03 14:34 - LArCalibL1Calo - DEBUG:  No new valid run. Last known valid run still: 104816
2009-04-03 14:44 - LArCalibL1Calo - INFO: ===> listening for new valid runs <===
2009-04-03 14:44 - LArCalibL1Calo - DEBUG: initialising coolRunLister
2009-04-03 14:44 - LArCalibL1Calo - DEBUG: applying selections to coolRunLister
2009-04-03 14:44 - LArCalibL1Calo - INFO: last valid run: 104816
2009-04-03 14:44 - LArCalibL1Calo - INFO: searching for new runs from 104817 to 2147483647
2009-04-03 14:44 - LArCalibL1Calo - DEBUG:  No new valid run. Last known valid run still: 104816
2009-04-03 14:54 - LArCalibL1Calo - INFO: ===> listening for new valid runs <===
2009-04-03 14:54 - LArCalibL1Calo - DEBUG: initialising coolRunLister
2009-04-03 14:54 - LArCalibL1Calo - DEBUG: applying selections to coolRunLister
2009-04-03 14:54 - LArCalibL1Calo - INFO: last valid run: 104816
2009-04-03 14:54 - LArCalibL1Calo - INFO: searching for new runs from 104817 to 2147483647
2009-04-03 14:54 - LArCalibL1Calo - DEBUG:  No new valid run. Last known valid run still: 104816
2009-04-03 15:04 - LArCalibL1Calo - INFO: ===> listening for new valid runs <===
2009-04-03 15:04 - LArCalibL1Calo - DEBUG: initialising coolRunLister
2009-04-03 15:04 - LArCalibL1Calo - DEBUG: applying selections to coolRunLister
2009-04-03 15:04 - LArCalibL1Calo - INFO: last valid run: 104816
2009-04-03 15:04 - LArCalibL1Calo - INFO: searching for new runs from 104817 to 2147483647
2009-04-03 15:04 - LArCalibL1Calo - DEBUG:  No new valid run. Last known valid run still: 104816
2009-04-03 15:14 - LArCalibL1Calo - INFO: ===> listening for new valid runs <===
2009-04-03 15:14 - LArCalibL1Calo - DEBUG: initialising coolRunLister
2009-04-03 15:14 - LArCalibL1Calo - DEBUG: applying selections to coolRunLister
2009-04-03 15:14 - LArCalibL1Calo - INFO: last valid run: 104816
2009-04-03 15:14 - LArCalibL1Calo - INFO: searching for new runs from 104817 to 2147483647
2009-04-03 15:14 - LArCalibL1Calo - DEBUG:  No new valid run. Last known valid run still: 104816
2009-04-03 15:24 - LArCalibL1Calo - INFO: ===> listening for new valid runs <===
2009-04-03 15:24 - LArCalibL1Calo - DEBUG: initialising coolRunLister
2009-04-03 15:24 - LArCalibL1Calo - DEBUG: applying selections to coolRunLister
2009-04-03 15:24 - LArCalibL1Calo - INFO: last valid run: 104816
2009-04-03 15:24 - LArCalibL1Calo - INFO: searching for new runs from 104817 to 2147483647
2009-04-03 15:25 - LArCalibL1Calo - DEBUG:  No new valid run. Last known valid run still: 104816
2009-04-03 15:35 - LArCalibL1Calo - INFO: ===> listening for new valid runs <===
2009-04-03 15:35 - LArCalibL1Calo - DEBUG: initialising coolRunLister
2009-04-03 15:35 - LArCalibL1Calo - DEBUG: applying selections to coolRunLister
2009-04-03 15:35 - LArCalibL1Calo - INFO: last valid run: 104816
2009-04-03 15:35 - LArCalibL1Calo - INFO: searching for new runs from 104817 to 2147483647
2009-04-03 15:35 - LArCalibL1Calo - DEBUG:  No new valid run. Last known valid run still: 104816
2009-04-03 15:45 - LArCalibL1Calo - INFO: ===> listening for new valid runs <===
2009-04-03 15:45 - LArCalibL1Calo - DEBUG: initialising coolRunLister
2009-04-03 15:45 - LArCalibL1Calo - DEBUG: applying selections to coolRunLister
2009-04-03 15:45 - LArCalibL1Calo - INFO: last valid run: 104816
2009-04-03 15:45 - LArCalibL1Calo - INFO: searching for new runs from 104817 to 2147483647
2009-04-03 15:45 - LArCalibL1Calo - DEBUG:  No new valid run. Last known valid run still: 104816
2009-04-03 15:55 - LArCalibL1Calo - INFO: ===> listening for new valid runs <===
2009-04-03 15:55 - LArCalibL1Calo - DEBUG: initialising coolRunLister
2009-04-03 15:55 - LArCalibL1Calo - DEBUG: applying selections to coolRunLister
2009-04-03 15:55 - LArCalibL1Calo - INFO: last valid run: 104816
2009-04-03 15:55 - LArCalibL1Calo - INFO: searching for new runs from 104817 to 2147483647
2009-04-03 15:55 - LArCalibL1Calo - DEBUG:  No new valid run. Last known valid run still: 104816
2009-04-03 16:05 - LArCalibL1Calo - INFO: ===> listening for new valid runs <===
2009-04-03 16:05 - LArCalibL1Calo - DEBUG: initialising coolRunLister
2009-04-03 16:05 - LArCalibL1Calo - DEBUG: applying selections to coolRunLister
2009-04-03 16:05 - LArCalibL1Calo - INFO: last valid run: 104816
2009-04-03 16:05 - LArCalibL1Calo - INFO: searching for new runs from 104817 to 2147483647
2009-04-03 16:05 - LArCalibL1Calo - DEBUG:  No new valid run. Last known valid run still: 104816
2009-04-03 16:15 - LArCalibL1Calo - INFO: ===> listening for new valid runs <===
2009-04-03 16:15 - LArCalibL1Calo - DEBUG: initialising coolRunLister
2009-04-03 16:15 - LArCalibL1Calo - DEBUG: applying selections to coolRunLister
2009-04-03 16:15 - LArCalibL1Calo - INFO: last valid run: 104816
2009-04-03 16:15 - LArCalibL1Calo - INFO: searching for new runs from 104817 to 2147483647
2009-04-03 16:15 - LArCalibL1Calo - DEBUG:  No new valid run. Last known valid run still: 104816
2009-04-03 16:25 - LArCalibL1Calo - INFO: ===> listening for new valid runs <===
2009-04-03 16:25 - LArCalibL1Calo - DEBUG: initialising coolRunLister
2009-04-03 16:25 - LArCalibL1Calo - DEBUG: applying selections to coolRunLister
2009-04-03 16:25 - LArCalibL1Calo - INFO: last valid run: 104816
2009-04-03 16:25 - LArCalibL1Calo - INFO: searching for new runs from 104817 to 2147483647
2009-04-03 16:26 - LArCalibL1Calo - DEBUG:  No new valid run. Last known valid run still: 104816
2009-04-03 16:36 - LArCalibL1Calo - INFO: ===> listening for new valid runs <===
2009-04-03 16:36 - LArCalibL1Calo - DEBUG: initialising coolRunLister
2009-04-03 16:36 - LArCalibL1Calo - DEBUG: applying selections to coolRunLister
2009-04-03 16:36 - LArCalibL1Calo - INFO: last valid run: 104816
2009-04-03 16:36 - LArCalibL1Calo - INFO: searching for new runs from 104817 to 2147483647
2009-04-03 16:36 - LArCalibL1Calo - DEBUG:  No new valid run. Last known valid run still: 104816
2009-04-03 16:46 - LArCalibL1Calo - INFO: ===> listening for new valid runs <===
2009-04-03 16:46 - LArCalibL1Calo - DEBUG: initialising coolRunLister
2009-04-03 16:46 - LArCalibL1Calo - DEBUG: applying selections to coolRunLister
2009-04-03 16:46 - LArCalibL1Calo - INFO: last valid run: 104816
2009-04-03 16:46 - LArCalibL1Calo - INFO: searching for new runs from 104817 to 2147483647
2009-04-03 16:46 - LArCalibL1Calo - DEBUG:  No new valid run. Last known valid run still: 104816
2009-04-03 16:56 - LArCalibL1Calo - INFO: ===> listening for new valid runs <===
2009-04-03 16:56 - LArCalibL1Calo - DEBUG: initialising coolRunLister
2009-04-03 16:56 - LArCalibL1Calo - DEBUG: applying selections to coolRunLister
2009-04-03 16:56 - LArCalibL1Calo - INFO: last valid run: 104816
2009-04-03 16:56 - LArCalibL1Calo - INFO: searching for new runs from 104817 to 2147483647
2009-04-03 16:56 - LArCalibL1Calo - DEBUG:  No new valid run. Last known valid run still: 104816
2009-04-03 17:06 - LArCalibL1Calo - INFO: ===> listening for new valid runs <===
2009-04-03 17:06 - LArCalibL1Calo - DEBUG: initialising coolRunLister
2009-04-03 17:06 - LArCalibL1Calo - DEBUG: applying selections to coolRunLister
2009-04-03 17:06 - LArCalibL1Calo - INFO: last valid run: 104816
2009-04-03 17:06 - LArCalibL1Calo - INFO: searching for new runs from 104817 to 2147483647
2009-04-03 17:06 - LArCalibL1Calo - DEBUG:  No new valid run. Last known valid run still: 104816
2009-04-03 17:16 - LArCalibL1Calo - INFO: ===> listening for new valid runs <===
2009-04-03 17:16 - LArCalibL1Calo - DEBUG: initialising coolRunLister
2009-04-03 17:16 - LArCalibL1Calo - DEBUG: applying selections to coolRunLister
2009-04-03 17:16 - LArCalibL1Calo - INFO: last valid run: 104816
2009-04-03 17:16 - LArCalibL1Calo - INFO: searching for new runs from 104817 to 2147483647
2009-04-03 17:16 - LArCalibL1Calo - DEBUG:  No new valid run. Last known valid run still: 104816
2009-04-03 17:26 - LArCalibL1Calo - INFO: ===> listening for new valid runs <===
2009-04-03 17:26 - LArCalibL1Calo - DEBUG: initialising coolRunLister
2009-04-03 17:26 - LArCalibL1Calo - DEBUG: applying selections to coolRunLister
2009-04-03 17:26 - LArCalibL1Calo - INFO: last valid run: 104816
2009-04-03 17:26 - LArCalibL1Calo - INFO: searching for new runs from 104817 to 2147483647
2009-04-03 17:27 - LArCalibL1Calo - DEBUG:  No new valid run. Last known valid run still: 104816
2009-04-03 17:37 - LArCalibL1Calo - INFO: ===> listening for new valid runs <===
2009-04-03 17:37 - LArCalibL1Calo - DEBUG: initialising coolRunLister
2009-04-03 17:37 - LArCalibL1Calo - DEBUG: applying selections to coolRunLister
2009-04-03 17:37 - LArCalibL1Calo - INFO: last valid run: 104816
2009-04-03 17:37 - LArCalibL1Calo - INFO: searching for new runs from 104817 to 2147483647
2009-04-03 17:37 - LArCalibL1Calo - DEBUG:  No new valid run. Last known valid run still: 104816
2009-04-03 17:47 - LArCalibL1Calo - INFO: ===> listening for new valid runs <===
2009-04-03 17:47 - LArCalibL1Calo - DEBUG: initialising coolRunLister
2009-04-03 17:47 - LArCalibL1Calo - DEBUG: applying selections to coolRunLister
2009-04-03 17:47 - LArCalibL1Calo - INFO: last valid run: 104816
2009-04-03 17:47 - LArCalibL1Calo - INFO: searching for new runs from 104817 to 2147483647
2009-04-03 17:47 - LArCalibL1Calo - DEBUG:  No new valid run. Last known valid run still: 104816
2009-04-03 17:57 - LArCalibL1Calo - INFO: ===> listening for new valid runs <===
2009-04-03 17:57 - LArCalibL1Calo - DEBUG: initialising coolRunLister
2009-04-03 17:57 - LArCalibL1Calo - DEBUG: applying selections to coolRunLister
2009-04-03 17:57 - LArCalibL1Calo - INFO: last valid run: 104816
2009-04-03 17:57 - LArCalibL1Calo - INFO: searching for new runs from 104817 to 2147483647
2009-04-03 17:57 - LArCalibL1Calo - DEBUG:  No new valid run. Last known valid run still: 104816
2009-04-03 18:07 - LArCalibL1Calo - INFO: ===> listening for new valid runs <===
2009-04-03 18:07 - LArCalibL1Calo - DEBUG: initialising coolRunLister
2009-04-03 18:07 - LArCalibL1Calo - DEBUG: applying selections to coolRunLister
2009-04-03 18:07 - LArCalibL1Calo - INFO: last valid run: 104816
2009-04-03 18:07 - LArCalibL1Calo - INFO: searching for new runs from 104817 to 2147483647
2009-04-03 18:07 - LArCalibL1Calo - DEBUG:  No new valid run. Last known valid run still: 104816
2009-04-03 18:17 - LArCalibL1Calo - INFO: ===> listening for new valid runs <===
2009-04-03 18:17 - LArCalibL1Calo - DEBUG: initialising coolRunLister
2009-04-03 18:17 - LArCalibL1Calo - DEBUG: applying selections to coolRunLister
2009-04-03 18:17 - LArCalibL1Calo - INFO: last valid run: 104816
2009-04-03 18:17 - LArCalibL1Calo - INFO: searching for new runs from 104817 to 2147483647
2009-04-03 18:17 - LArCalibL1Calo - DEBUG:  No new valid run. Last known valid run still: 104816
2009-04-03 18:27 - LArCalibL1Calo - INFO: ===> listening for new valid runs <===
2009-04-03 18:27 - LArCalibL1Calo - DEBUG: initialising coolRunLister
2009-04-03 18:27 - LArCalibL1Calo - DEBUG: applying selections to coolRunLister
2009-04-03 18:27 - LArCalibL1Calo - INFO: last valid run: 104816
2009-04-03 18:27 - LArCalibL1Calo - INFO: searching for new runs from 104817 to 2147483647
2009-04-03 18:28 - LArCalibL1Calo - DEBUG:  No new valid run. Last known valid run still: 104816
2009-04-03 18:38 - LArCalibL1Calo - INFO: ===> listening for new valid runs <===
2009-04-03 18:38 - LArCalibL1Calo - DEBUG: initialising coolRunLister
2009-04-03 18:38 - LArCalibL1Calo - DEBUG: applying selections to coolRunLister
2009-04-03 18:38 - LArCalibL1Calo - INFO: last valid run: 104816
2009-04-03 18:38 - LArCalibL1Calo - INFO: searching for new runs from 104817 to 2147483647
2009-04-03 18:38 - LArCalibL1Calo - DEBUG:  No new valid run. Last known valid run still: 104816
2009-04-03 18:48 - LArCalibL1Calo - INFO: ===> listening for new valid runs <===
2009-04-03 18:48 - LArCalibL1Calo - DEBUG: initialising coolRunLister
2009-04-03 18:48 - LArCalibL1Calo - DEBUG: applying selections to coolRunLister
2009-04-03 18:48 - LArCalibL1Calo - INFO: last valid run: 104816
2009-04-03 18:48 - LArCalibL1Calo - INFO: searching for new runs from 104817 to 2147483647
2009-04-03 18:48 - LArCalibL1Calo - DEBUG:  No new valid run. Last known valid run still: 104816
2009-04-03 18:58 - LArCalibL1Calo - INFO: ===> listening for new valid runs <===
2009-04-03 18:58 - LArCalibL1Calo - DEBUG: initialising coolRunLister
2009-04-03 18:58 - LArCalibL1Calo - DEBUG: applying selections to coolRunLister
2009-04-03 18:58 - LArCalibL1Calo - INFO: last valid run: 104816
2009-04-03 18:58 - LArCalibL1Calo - INFO: searching for new runs from 104817 to 2147483647
2009-04-03 18:58 - LArCalibL1Calo - DEBUG:  No new valid run. Last known valid run still: 104816
2009-04-03 19:08 - LArCalibL1Calo - INFO: ===> listening for new valid runs <===
2009-04-03 19:08 - LArCalibL1Calo - DEBUG: initialising coolRunLister
2009-04-03 19:08 - LArCalibL1Calo - DEBUG: applying selections to coolRunLister
2009-04-03 19:08 - LArCalibL1Calo - INFO: last valid run: 104816
2009-04-03 19:08 - LArCalibL1Calo - INFO: searching for new runs from 104817 to 2147483647
2009-04-03 19:08 - LArCalibL1Calo - DEBUG:  No new valid run. Last known valid run still: 104816
2009-04-03 19:18 - LArCalibL1Calo - INFO: ===> listening for new valid runs <===
2009-04-03 19:18 - LArCalibL1Calo - DEBUG: initialising coolRunLister
2009-04-03 19:18 - LArCalibL1Calo - DEBUG: applying selections to coolRunLister
2009-04-03 19:18 - LArCalibL1Calo - INFO: last valid run: 104816
2009-04-03 19:18 - LArCalibL1Calo - INFO: searching for new runs from 104817 to 2147483647
2009-04-03 19:18 - LArCalibL1Calo - DEBUG:  No new valid run. Last known valid run still: 104816
2009-04-03 19:28 - LArCalibL1Calo - INFO: ===> listening for new valid runs <===
2009-04-03 19:28 - LArCalibL1Calo - DEBUG: initialising coolRunLister
2009-04-03 19:28 - LArCalibL1Calo - DEBUG: applying selections to coolRunLister
2009-04-03 19:28 - LArCalibL1Calo - INFO: last valid run: 104816
2009-04-03 19:28 - LArCalibL1Calo - INFO: searching for new runs from 104817 to 2147483647
2009-04-03 19:29 - LArCalibL1Calo - DEBUG:  No new valid run. Last known valid run still: 104816
2009-04-03 19:39 - LArCalibL1Calo - INFO: ===> listening for new valid runs <===
2009-04-03 19:39 - LArCalibL1Calo - DEBUG: initialising coolRunLister
2009-04-03 19:39 - LArCalibL1Calo - DEBUG: applying selections to coolRunLister
2009-04-03 19:39 - LArCalibL1Calo - INFO: last valid run: 104816
2009-04-03 19:39 - LArCalibL1Calo - INFO: searching for new runs from 104817 to 2147483647
2009-04-03 19:39 - LArCalibL1Calo - DEBUG:  No new valid run. Last known valid run still: 104816
2009-04-03 19:49 - LArCalibL1Calo - INFO: ===> listening for new valid runs <===
2009-04-03 19:49 - LArCalibL1Calo - DEBUG: initialising coolRunLister
2009-04-03 19:49 - LArCalibL1Calo - DEBUG: applying selections to coolRunLister
2009-04-03 19:49 - LArCalibL1Calo - INFO: last valid run: 104816
2009-04-03 19:49 - LArCalibL1Calo - INFO: searching for new runs from 104817 to 2147483647
2009-04-03 19:49 - LArCalibL1Calo - DEBUG:  No new valid run. Last known valid run still: 104816
2009-04-03 19:59 - LArCalibL1Calo - INFO: ===> listening for new valid runs <===
2009-04-03 19:59 - LArCalibL1Calo - DEBUG: initialising coolRunLister
2009-04-03 19:59 - LArCalibL1Calo - DEBUG: applying selections to coolRunLister
2009-04-03 19:59 - LArCalibL1Calo - INFO: last valid run: 104816
2009-04-03 19:59 - LArCalibL1Calo - INFO: searching for new runs from 104817 to 2147483647
2009-04-03 19:59 - LArCalibL1Calo - DEBUG:  No new valid run. Last known valid run still: 104816
2009-04-03 20:09 - LArCalibL1Calo - INFO: ===> listening for new valid runs <===
2009-04-03 20:09 - LArCalibL1Calo - DEBUG: initialising coolRunLister
2009-04-03 20:09 - LArCalibL1Calo - DEBUG: applying selections to coolRunLister
2009-04-03 20:09 - LArCalibL1Calo - INFO: last valid run: 104816
2009-04-03 20:09 - LArCalibL1Calo - INFO: searching for new runs from 104817 to 2147483647
2009-04-03 20:09 - LArCalibL1Calo - DEBUG:  No new valid run. Last known valid run still: 104816
2009-04-03 20:19 - LArCalibL1Calo - INFO: ===> listening for new valid runs <===
2009-04-03 20:19 - LArCalibL1Calo - DEBUG: initialising coolRunLister
2009-04-03 20:19 - LArCalibL1Calo - DEBUG: applying selections to coolRunLister
2009-04-03 20:19 - LArCalibL1Calo - INFO: last valid run: 104816
2009-04-03 20:19 - LArCalibL1Calo - INFO: searching for new runs from 104817 to 2147483647
2009-04-03 20:19 - LArCalibL1Calo - DEBUG:  No new valid run. Last known valid run still: 104816
2009-04-03 20:29 - LArCalibL1Calo - INFO: ===> listening for new valid runs <===
2009-04-03 20:29 - LArCalibL1Calo - DEBUG: initialising coolRunLister
2009-04-03 20:29 - LArCalibL1Calo - DEBUG: applying selections to coolRunLister
2009-04-03 20:29 - LArCalibL1Calo - INFO: last valid run: 104816
2009-04-03 20:29 - LArCalibL1Calo - INFO: searching for new runs from 104817 to 2147483647
2009-04-03 20:30 - LArCalibL1Calo - DEBUG:  No new valid run. Last known valid run still: 104816
2009-04-03 20:40 - LArCalibL1Calo - INFO: ===> listening for new valid runs <===
2009-04-03 20:40 - LArCalibL1Calo - DEBUG: initialising coolRunLister
2009-04-03 20:40 - LArCalibL1Calo - DEBUG: applying selections to coolRunLister
2009-04-03 20:40 - LArCalibL1Calo - INFO: last valid run: 104816
2009-04-03 20:40 - LArCalibL1Calo - INFO: searching for new runs from 104817 to 2147483647
2009-04-03 20:40 - LArCalibL1Calo - DEBUG:  No new valid run. Last known valid run still: 104816
2009-04-03 20:50 - LArCalibL1Calo - INFO: ===> listening for new valid runs <===
2009-04-03 20:50 - LArCalibL1Calo - DEBUG: initialising coolRunLister
2009-04-03 20:50 - LArCalibL1Calo - DEBUG: applying selections to coolRunLister
2009-04-03 20:50 - LArCalibL1Calo - INFO: last valid run: 104816
2009-04-03 20:50 - LArCalibL1Calo - INFO: searching for new runs from 104817 to 2147483647
2009-04-03 20:50 - LArCalibL1Calo - DEBUG:  No new valid run. Last known valid run still: 104816
2009-04-03 21:00 - LArCalibL1Calo - INFO: ===> listening for new valid runs <===
2009-04-03 21:00 - LArCalibL1Calo - DEBUG: initialising coolRunLister
2009-04-03 21:00 - LArCalibL1Calo - DEBUG: applying selections to coolRunLister
2009-04-03 21:00 - LArCalibL1Calo - INFO: last valid run: 104816
2009-04-03 21:00 - LArCalibL1Calo - INFO: searching for new runs from 104817 to 2147483647
2009-04-03 21:00 - LArCalibL1Calo - DEBUG:  No new valid run. Last known valid run still: 104816
2009-04-03 21:10 - LArCalibL1Calo - INFO: ===> listening for new valid runs <===
2009-04-03 21:10 - LArCalibL1Calo - DEBUG: initialising coolRunLister
2009-04-03 21:10 - LArCalibL1Calo - DEBUG: applying selections to coolRunLister
2009-04-03 21:10 - LArCalibL1Calo - INFO: last valid run: 104816
2009-04-03 21:10 - LArCalibL1Calo - INFO: searching for new runs from 104817 to 2147483647
2009-04-03 21:10 - LArCalibL1Calo - DEBUG:  No new valid run. Last known valid run still: 104816
2009-04-03 21:20 - LArCalibL1Calo - INFO: ===> listening for new valid runs <===
2009-04-03 21:20 - LArCalibL1Calo - DEBUG: initialising coolRunLister
2009-04-03 21:20 - LArCalibL1Calo - DEBUG: applying selections to coolRunLister
2009-04-03 21:20 - LArCalibL1Calo - INFO: last valid run: 104816
2009-04-03 21:20 - LArCalibL1Calo - INFO: searching for new runs from 104817 to 2147483647
2009-04-03 21:20 - LArCalibL1Calo - DEBUG:  No new valid run. Last known valid run still: 104816
2009-04-03 21:30 - LArCalibL1Calo - INFO: ===> listening for new valid runs <===
2009-04-03 21:30 - LArCalibL1Calo - DEBUG: initialising coolRunLister
2009-04-03 21:30 - LArCalibL1Calo - DEBUG: applying selections to coolRunLister
2009-04-03 21:30 - LArCalibL1Calo - INFO: last valid run: 104816
2009-04-03 21:30 - LArCalibL1Calo - INFO: searching for new runs from 104817 to 2147483647
2009-04-03 21:31 - LArCalibL1Calo - DEBUG:  No new valid run. Last known valid run still: 104816
2009-04-03 21:41 - LArCalibL1Calo - INFO: ===> listening for new valid runs <===
2009-04-03 21:41 - LArCalibL1Calo - DEBUG: initialising coolRunLister
2009-04-03 21:41 - LArCalibL1Calo - DEBUG: applying selections to coolRunLister
2009-04-03 21:41 - LArCalibL1Calo - INFO: last valid run: 104816
2009-04-03 21:41 - LArCalibL1Calo - INFO: searching for new runs from 104817 to 2147483647
2009-04-03 21:41 - LArCalibL1Calo - DEBUG:  No new valid run. Last known valid run still: 104816
2009-04-03 21:51 - LArCalibL1Calo - INFO: ===> listening for new valid runs <===
2009-04-03 21:51 - LArCalibL1Calo - DEBUG: initialising coolRunLister
2009-04-03 21:51 - LArCalibL1Calo - DEBUG: applying selections to coolRunLister
2009-04-03 21:51 - LArCalibL1Calo - INFO: last valid run: 104816
2009-04-03 21:51 - LArCalibL1Calo - INFO: searching for new runs from 104817 to 2147483647
2009-04-03 21:51 - LArCalibL1Calo - DEBUG:  No new valid run. Last known valid run still: 104816
2009-04-03 22:01 - LArCalibL1Calo - INFO: ===> listening for new valid runs <===
2009-04-03 22:01 - LArCalibL1Calo - DEBUG: initialising coolRunLister
2009-04-03 22:01 - LArCalibL1Calo - DEBUG: applying selections to coolRunLister
2009-04-03 22:01 - LArCalibL1Calo - INFO: last valid run: 104816
2009-04-03 22:01 - LArCalibL1Calo - INFO: searching for new runs from 104817 to 2147483647
2009-04-03 22:01 - LArCalibL1Calo - DEBUG:  No new valid run. Last known valid run still: 104816
2009-04-03 22:11 - LArCalibL1Calo - INFO: ===> listening for new valid runs <===
2009-04-03 22:11 - LArCalibL1Calo - DEBUG: initialising coolRunLister
2009-04-03 22:11 - LArCalibL1Calo - DEBUG: applying selections to coolRunLister
2009-04-03 22:11 - LArCalibL1Calo - INFO: last valid run: 104816
2009-04-03 22:11 - LArCalibL1Calo - INFO: searching for new runs from 104817 to 2147483647
2009-04-03 22:11 - LArCalibL1Calo - DEBUG:  No new valid run. Last known valid run still: 104816
2009-04-03 22:21 - LArCalibL1Calo - INFO: ===> listening for new valid runs <===
2009-04-03 22:21 - LArCalibL1Calo - DEBUG: initialising coolRunLister
2009-04-03 22:21 - LArCalibL1Calo - DEBUG: applying selections to coolRunLister
2009-04-03 22:21 - LArCalibL1Calo - INFO: last valid run: 104816
2009-04-03 22:21 - LArCalibL1Calo - INFO: searching for new runs from 104817 to 2147483647
2009-04-03 22:21 - LArCalibL1Calo - DEBUG:  No new valid run. Last known valid run still: 104816
2009-04-03 22:32 - LArCalibL1Calo - INFO: ===> listening for new valid runs <===
2009-04-03 22:32 - LArCalibL1Calo - DEBUG: initialising coolRunLister
2009-04-03 22:32 - LArCalibL1Calo - DEBUG: applying selections to coolRunLister
2009-04-03 22:32 - LArCalibL1Calo - INFO: last valid run: 104816
2009-04-03 22:32 - LArCalibL1Calo - INFO: searching for new runs from 104817 to 2147483647
2009-04-03 22:32 - LArCalibL1Calo - DEBUG:  No new valid run. Last known valid run still: 104816
2009-04-03 22:42 - LArCalibL1Calo - INFO: ===> listening for new valid runs <===
2009-04-03 22:42 - LArCalibL1Calo - DEBUG: initialising coolRunLister
2009-04-03 22:42 - LArCalibL1Calo - DEBUG: applying selections to coolRunLister
2009-04-03 22:42 - LArCalibL1Calo - INFO: last valid run: 104816
2009-04-03 22:42 - LArCalibL1Calo - INFO: searching for new runs from 104817 to 2147483647
2009-04-03 22:42 - LArCalibL1Calo - DEBUG:  No new valid run. Last known valid run still: 104816
2009-04-03 22:52 - LArCalibL1Calo - INFO: ===> listening for new valid runs <===
2009-04-03 22:52 - LArCalibL1Calo - DEBUG: initialising coolRunLister
2009-04-03 22:52 - LArCalibL1Calo - DEBUG: applying selections to coolRunLister
2009-04-03 22:52 - LArCalibL1Calo - INFO: last valid run: 104816
2009-04-03 22:52 - LArCalibL1Calo - INFO: searching for new runs from 104817 to 2147483647
2009-04-03 22:52 - LArCalibL1Calo - DEBUG:  No new valid run. Last known valid run still: 104816
2009-04-03 23:02 - LArCalibL1Calo - INFO: ===> listening for new valid runs <===
2009-04-03 23:02 - LArCalibL1Calo - DEBUG: initialising coolRunLister
2009-04-03 23:02 - LArCalibL1Calo - DEBUG: applying selections to coolRunLister
2009-04-03 23:02 - LArCalibL1Calo - INFO: last valid run: 104816
2009-04-03 23:02 - LArCalibL1Calo - INFO: searching for new runs from 104817 to 2147483647
2009-04-03 23:02 - LArCalibL1Calo - DEBUG:  No new valid run. Last known valid run still: 104816
2009-04-03 23:12 - LArCalibL1Calo - INFO: ===> listening for new valid runs <===
2009-04-03 23:12 - LArCalibL1Calo - DEBUG: initialising coolRunLister
2009-04-03 23:12 - LArCalibL1Calo - DEBUG: applying selections to coolRunLister
2009-04-03 23:12 - LArCalibL1Calo - INFO: last valid run: 104816
2009-04-03 23:12 - LArCalibL1Calo - INFO: searching for new runs from 104817 to 2147483647
2009-04-03 23:12 - LArCalibL1Calo - DEBUG:  No new valid run. Last known valid run still: 104816
2009-04-03 23:22 - LArCalibL1Calo - INFO: ===> listening for new valid runs <===
2009-04-03 23:22 - LArCalibL1Calo - DEBUG: initialising coolRunLister
2009-04-03 23:22 - LArCalibL1Calo - DEBUG: applying selections to coolRunLister
2009-04-03 23:22 - LArCalibL1Calo - INFO: last valid run: 104816
2009-04-03 23:22 - LArCalibL1Calo - INFO: searching for new runs from 104817 to 2147483647
2009-04-03 23:22 - LArCalibL1Calo - DEBUG:  No new valid run. Last known valid run still: 104816
2009-04-03 23:33 - LArCalibL1Calo - INFO: ===> listening for new valid runs <===
2009-04-03 23:33 - LArCalibL1Calo - DEBUG: initialising coolRunLister
2009-04-03 23:33 - LArCalibL1Calo - DEBUG: applying selections to coolRunLister
2009-04-03 23:33 - LArCalibL1Calo - INFO: last valid run: 104816
2009-04-03 23:33 - LArCalibL1Calo - INFO: searching for new runs from 104817 to 2147483647
2009-04-03 23:33 - LArCalibL1Calo - DEBUG:  No new valid run. Last known valid run still: 104816
2009-04-03 23:43 - LArCalibL1Calo - INFO: ===> listening for new valid runs <===
2009-04-03 23:43 - LArCalibL1Calo - DEBUG: initialising coolRunLister
2009-04-03 23:43 - LArCalibL1Calo - DEBUG: applying selections to coolRunLister
2009-04-03 23:43 - LArCalibL1Calo - INFO: last valid run: 104816
2009-04-03 23:43 - LArCalibL1Calo - INFO: searching for new runs from 104817 to 2147483647
2009-04-03 23:43 - LArCalibL1Calo - DEBUG:  No new valid run. Last known valid run still: 104816
2009-04-03 23:53 - LArCalibL1Calo - INFO: ===> listening for new valid runs <===
2009-04-03 23:53 - LArCalibL1Calo - DEBUG: initialising coolRunLister
2009-04-03 23:53 - LArCalibL1Calo - DEBUG: applying selections to coolRunLister
2009-04-03 23:53 - LArCalibL1Calo - INFO: last valid run: 104816
2009-04-03 23:53 - LArCalibL1Calo - INFO: searching for new runs from 104817 to 2147483647
2009-04-03 23:53 - LArCalibL1Calo - DEBUG:  No new valid run. Last known valid run still: 104816
