2009-06-11 15:07 - LArCalibL1Calo - INFO: ========================================
2009-06-11 15:07 - LArCalibL1Calo - INFO: RunListener in init
2009-06-11 15:07 - LArCalibL1Calo - INFO: RunListener initialized
2009-06-11 15:07 - LArCalibL1Calo - INFO: ========================================
2009-06-11 15:07 - LArCalibL1Calo - INFO: ===> from initRunListener <===
2009-06-11 15:07 - LArCalibL1Calo - INFO: 
RunListener LArCalibL1Caloinitialised with the following parameters:
TDAQ DB: COOLONL_TDAQ/COMP200
TRIG DB: COOLONL_TRIGGER/COMP200
Status DB: COOLONL_TDAQ/COMP200
log level: 0
oracle: False
rec. only: True
det. mask: 0
run type: LarCalibL1Calo
det. status: 
det. status tag: HEAD
daq partition: 
 * LArgL1Calo-Combined
tag: 
format: acertd
reverse: False
stoptimestamp: True
cleanstop: True
hasevents: False
last valid run known: 0

2009-06-11 15:25 - LArCalibL1Calo - INFO: ===> listening for new valid runs <===
2009-06-11 15:25 - LArCalibL1Calo - DEBUG: initialising coolRunLister
2009-06-11 15:25 - LArCalibL1Calo - DEBUG: applying selections to coolRunLister
2009-06-11 15:25 - LArCalibL1Calo - INFO: last valid run: 113232
2009-06-11 15:25 - LArCalibL1Calo - INFO: searching for new runs from 113233 to 2147483647
2009-06-11 15:25 - LArCalibL1Calo - DEBUG:  No new valid run. Last known valid run still: 113232
2009-06-11 15:41 - LArCalibL1Calo - INFO: ===> listening for new valid runs <===
2009-06-11 15:41 - LArCalibL1Calo - DEBUG: initialising coolRunLister
2009-06-11 15:41 - LArCalibL1Calo - DEBUG: applying selections to coolRunLister
2009-06-11 15:41 - LArCalibL1Calo - INFO: last valid run: 113232
2009-06-11 15:41 - LArCalibL1Calo - INFO: searching for new runs from 113233 to 2147483647
2009-06-11 15:42 - LArCalibL1Calo - DEBUG:  No new valid run. Last known valid run still: 113232
2009-06-11 15:58 - LArCalibL1Calo - INFO: ===> listening for new valid runs <===
2009-06-11 15:58 - LArCalibL1Calo - DEBUG: initialising coolRunLister
2009-06-11 15:58 - LArCalibL1Calo - DEBUG: applying selections to coolRunLister
2009-06-11 15:58 - LArCalibL1Calo - INFO: last valid run: 113232
2009-06-11 15:58 - LArCalibL1Calo - INFO: searching for new runs from 113233 to 2147483647
2009-06-11 15:58 - LArCalibL1Calo - DEBUG:  No new valid run. Last known valid run still: 113232
2009-06-11 16:14 - LArCalibL1Calo - INFO: ===> listening for new valid runs <===
2009-06-11 16:14 - LArCalibL1Calo - DEBUG: initialising coolRunLister
2009-06-11 16:14 - LArCalibL1Calo - DEBUG: applying selections to coolRunLister
2009-06-11 16:14 - LArCalibL1Calo - INFO: last valid run: 113232
2009-06-11 16:14 - LArCalibL1Calo - INFO: searching for new runs from 113233 to 2147483647
2009-06-11 16:15 - LArCalibL1Calo - DEBUG:  No new valid run. Last known valid run still: 113232
2009-06-11 16:31 - LArCalibL1Calo - INFO: ===> listening for new valid runs <===
2009-06-11 16:31 - LArCalibL1Calo - DEBUG: initialising coolRunLister
2009-06-11 16:31 - LArCalibL1Calo - DEBUG: applying selections to coolRunLister
2009-06-11 16:31 - LArCalibL1Calo - INFO: last valid run: 113232
2009-06-11 16:31 - LArCalibL1Calo - INFO: searching for new runs from 113233 to 2147483647
2009-06-11 16:31 - LArCalibL1Calo - DEBUG:  No new valid run. Last known valid run still: 113232
2009-06-11 16:47 - LArCalibL1Calo - INFO: ===> listening for new valid runs <===
2009-06-11 16:47 - LArCalibL1Calo - DEBUG: initialising coolRunLister
2009-06-11 16:47 - LArCalibL1Calo - DEBUG: applying selections to coolRunLister
2009-06-11 16:47 - LArCalibL1Calo - INFO: last valid run: 113232
2009-06-11 16:47 - LArCalibL1Calo - INFO: searching for new runs from 113233 to 2147483647
2009-06-11 16:48 - LArCalibL1Calo - DEBUG:  No new valid run. Last known valid run still: 113232
2009-06-11 17:04 - LArCalibL1Calo - INFO: ===> listening for new valid runs <===
2009-06-11 17:04 - LArCalibL1Calo - DEBUG: initialising coolRunLister
2009-06-11 17:04 - LArCalibL1Calo - DEBUG: applying selections to coolRunLister
2009-06-11 17:04 - LArCalibL1Calo - INFO: last valid run: 113232
2009-06-11 17:04 - LArCalibL1Calo - INFO: searching for new runs from 113233 to 2147483647
2009-06-11 17:04 - LArCalibL1Calo - DEBUG:  No new valid run. Last known valid run still: 113232
2009-06-11 17:20 - LArCalibL1Calo - INFO: ===> listening for new valid runs <===
2009-06-11 17:20 - LArCalibL1Calo - DEBUG: initialising coolRunLister
2009-06-11 17:20 - LArCalibL1Calo - DEBUG: applying selections to coolRunLister
2009-06-11 17:20 - LArCalibL1Calo - INFO: last valid run: 113232
2009-06-11 17:20 - LArCalibL1Calo - INFO: searching for new runs from 113233 to 2147483647
2009-06-11 17:21 - LArCalibL1Calo - DEBUG:  No new valid run. Last known valid run still: 113232
2009-06-11 17:37 - LArCalibL1Calo - INFO: ===> listening for new valid runs <===
2009-06-11 17:37 - LArCalibL1Calo - DEBUG: initialising coolRunLister
2009-06-11 17:37 - LArCalibL1Calo - DEBUG: applying selections to coolRunLister
2009-06-11 17:37 - LArCalibL1Calo - INFO: last valid run: 113232
2009-06-11 17:37 - LArCalibL1Calo - INFO: searching for new runs from 113233 to 2147483647
2009-06-11 17:37 - LArCalibL1Calo - DEBUG:  No new valid run. Last known valid run still: 113232
