2009-04-29 16:38 - LArCalibL1Calo - INFO: ========================================
2009-04-29 16:38 - LArCalibL1Calo - INFO: RunListener in init
2009-04-29 16:38 - LArCalibL1Calo - INFO: RunListener initialized
2009-04-29 16:38 - LArCalibL1Calo - INFO: ========================================
2009-04-29 16:38 - LArCalibL1Calo - INFO: ===> from initRunListener <===
2009-04-29 16:38 - LArCalibL1Calo - INFO: 
RunListener LArCalibL1Caloinitialised with the following parameters:
TDAQ DB: COOLONL_TDAQ/COMP200
TRIG DB: COOLONL_TRIGGER/COMP200
Status DB: COOLONL_TDAQ/COMP200
log level: 0
oracle: False
rec. only: True
det. mask: 0
run type: LarCalibL1Calo
det. status: 
det. status tag: HEAD
daq partition: 
 * LArgL1Calo-TTC2LAN
tag: 
format: acertd
reverse: False
stoptimestamp: True
cleanstop: True
hasevents: False
last valid run known: 0

2009-04-29 16:54 - LArCalibL1Calo - INFO: ===> listening for new valid runs <===
2009-04-29 16:54 - LArCalibL1Calo - DEBUG: initialising coolRunLister
2009-04-29 16:54 - LArCalibL1Calo - DEBUG: applying selections to coolRunLister
2009-04-29 16:54 - LArCalibL1Calo - INFO: last valid run: 113232
2009-04-29 16:54 - LArCalibL1Calo - INFO: searching for new runs from 113233 to 2147483647
2009-04-29 16:54 - LArCalibL1Calo - DEBUG:  No new valid run. Last known valid run still: 113232
2009-04-29 17:09 - LArCalibL1Calo - INFO: ===> listening for new valid runs <===
2009-04-29 17:09 - LArCalibL1Calo - DEBUG: initialising coolRunLister
2009-04-29 17:09 - LArCalibL1Calo - DEBUG: applying selections to coolRunLister
2009-04-29 17:09 - LArCalibL1Calo - INFO: last valid run: 113232
2009-04-29 17:09 - LArCalibL1Calo - INFO: searching for new runs from 113233 to 2147483647
2009-04-29 17:09 - LArCalibL1Calo - DEBUG:  No new valid run. Last known valid run still: 113232
2009-04-29 17:24 - LArCalibL1Calo - INFO: ===> listening for new valid runs <===
2009-04-29 17:24 - LArCalibL1Calo - DEBUG: initialising coolRunLister
2009-04-29 17:24 - LArCalibL1Calo - DEBUG: applying selections to coolRunLister
2009-04-29 17:24 - LArCalibL1Calo - INFO: last valid run: 113232
2009-04-29 17:24 - LArCalibL1Calo - INFO: searching for new runs from 113233 to 2147483647
2009-04-29 17:24 - LArCalibL1Calo - DEBUG:  No new valid run. Last known valid run still: 113232
2009-04-29 17:39 - LArCalibL1Calo - INFO: ===> listening for new valid runs <===
2009-04-29 17:39 - LArCalibL1Calo - DEBUG: initialising coolRunLister
2009-04-29 17:39 - LArCalibL1Calo - DEBUG: applying selections to coolRunLister
2009-04-29 17:39 - LArCalibL1Calo - INFO: last valid run: 113232
2009-04-29 17:39 - LArCalibL1Calo - INFO: searching for new runs from 113233 to 2147483647
2009-04-29 17:39 - LArCalibL1Calo - DEBUG:  No new valid run. Last known valid run still: 113232
2009-04-29 17:55 - LArCalibL1Calo - INFO: ===> listening for new valid runs <===
2009-04-29 17:55 - LArCalibL1Calo - DEBUG: initialising coolRunLister
2009-04-29 17:55 - LArCalibL1Calo - DEBUG: applying selections to coolRunLister
2009-04-29 17:55 - LArCalibL1Calo - INFO: last valid run: 113232
2009-04-29 17:55 - LArCalibL1Calo - INFO: searching for new runs from 113233 to 2147483647
2009-04-29 17:55 - LArCalibL1Calo - DEBUG:  No new valid run. Last known valid run still: 113232
2009-04-29 18:10 - LArCalibL1Calo - INFO: ===> listening for new valid runs <===
2009-04-29 18:10 - LArCalibL1Calo - DEBUG: initialising coolRunLister
2009-04-29 18:10 - LArCalibL1Calo - DEBUG: applying selections to coolRunLister
2009-04-29 18:10 - LArCalibL1Calo - INFO: last valid run: 113232
2009-04-29 18:10 - LArCalibL1Calo - INFO: searching for new runs from 113233 to 2147483647
2009-04-29 18:10 - LArCalibL1Calo - DEBUG:  No new valid run. Last known valid run still: 113232
2009-04-29 18:25 - LArCalibL1Calo - INFO: ===> listening for new valid runs <===
2009-04-29 18:25 - LArCalibL1Calo - DEBUG: initialising coolRunLister
2009-04-29 18:25 - LArCalibL1Calo - DEBUG: applying selections to coolRunLister
2009-04-29 18:25 - LArCalibL1Calo - INFO: last valid run: 113232
2009-04-29 18:25 - LArCalibL1Calo - INFO: searching for new runs from 113233 to 2147483647
2009-04-29 18:25 - LArCalibL1Calo - DEBUG:  No new valid run. Last known valid run still: 113232
2009-04-29 18:40 - LArCalibL1Calo - INFO: ===> listening for new valid runs <===
2009-04-29 18:40 - LArCalibL1Calo - DEBUG: initialising coolRunLister
2009-04-29 18:40 - LArCalibL1Calo - DEBUG: applying selections to coolRunLister
2009-04-29 18:40 - LArCalibL1Calo - INFO: last valid run: 113232
2009-04-29 18:40 - LArCalibL1Calo - INFO: searching for new runs from 113233 to 2147483647
2009-04-29 18:40 - LArCalibL1Calo - DEBUG:  No new valid run. Last known valid run still: 113232
2009-04-29 18:55 - LArCalibL1Calo - INFO: ===> listening for new valid runs <===
2009-04-29 18:55 - LArCalibL1Calo - DEBUG: initialising coolRunLister
2009-04-29 18:55 - LArCalibL1Calo - DEBUG: applying selections to coolRunLister
2009-04-29 18:55 - LArCalibL1Calo - INFO: last valid run: 113232
2009-04-29 18:55 - LArCalibL1Calo - INFO: searching for new runs from 113233 to 2147483647
2009-04-29 18:55 - LArCalibL1Calo - DEBUG:  No new valid run. Last known valid run still: 113232
2009-04-29 19:10 - LArCalibL1Calo - INFO: ===> listening for new valid runs <===
2009-04-29 19:10 - LArCalibL1Calo - DEBUG: initialising coolRunLister
2009-04-29 19:10 - LArCalibL1Calo - DEBUG: applying selections to coolRunLister
2009-04-29 19:10 - LArCalibL1Calo - INFO: last valid run: 113232
2009-04-29 19:10 - LArCalibL1Calo - INFO: searching for new runs from 113233 to 2147483647
2009-04-29 19:10 - LArCalibL1Calo - DEBUG:  No new valid run. Last known valid run still: 113232
2009-04-29 19:25 - LArCalibL1Calo - INFO: ===> listening for new valid runs <===
2009-04-29 19:25 - LArCalibL1Calo - DEBUG: initialising coolRunLister
2009-04-29 19:25 - LArCalibL1Calo - DEBUG: applying selections to coolRunLister
2009-04-29 19:25 - LArCalibL1Calo - INFO: last valid run: 113232
2009-04-29 19:25 - LArCalibL1Calo - INFO: searching for new runs from 113233 to 2147483647
2009-04-29 19:25 - LArCalibL1Calo - DEBUG:  No new valid run. Last known valid run still: 113232
2009-04-29 19:40 - LArCalibL1Calo - INFO: ===> listening for new valid runs <===
2009-04-29 19:40 - LArCalibL1Calo - DEBUG: initialising coolRunLister
2009-04-29 19:40 - LArCalibL1Calo - DEBUG: applying selections to coolRunLister
2009-04-29 19:40 - LArCalibL1Calo - INFO: last valid run: 113232
2009-04-29 19:40 - LArCalibL1Calo - INFO: searching for new runs from 113233 to 2147483647
2009-04-29 19:40 - LArCalibL1Calo - DEBUG:  No new valid run. Last known valid run still: 113232
2009-04-29 19:56 - LArCalibL1Calo - INFO: ===> listening for new valid runs <===
2009-04-29 19:56 - LArCalibL1Calo - DEBUG: initialising coolRunLister
2009-04-29 19:56 - LArCalibL1Calo - DEBUG: applying selections to coolRunLister
2009-04-29 19:56 - LArCalibL1Calo - INFO: last valid run: 113232
2009-04-29 19:56 - LArCalibL1Calo - INFO: searching for new runs from 113233 to 2147483647
2009-04-29 19:56 - LArCalibL1Calo - DEBUG:  No new valid run. Last known valid run still: 113232
2009-04-29 20:11 - LArCalibL1Calo - INFO: ===> listening for new valid runs <===
2009-04-29 20:11 - LArCalibL1Calo - DEBUG: initialising coolRunLister
2009-04-29 20:11 - LArCalibL1Calo - DEBUG: applying selections to coolRunLister
2009-04-29 20:11 - LArCalibL1Calo - INFO: last valid run: 113232
2009-04-29 20:11 - LArCalibL1Calo - INFO: searching for new runs from 113233 to 2147483647
2009-04-29 20:11 - LArCalibL1Calo - DEBUG:  No new valid run. Last known valid run still: 113232
2009-04-29 20:26 - LArCalibL1Calo - INFO: ===> listening for new valid runs <===
2009-04-29 20:26 - LArCalibL1Calo - DEBUG: initialising coolRunLister
2009-04-29 20:26 - LArCalibL1Calo - DEBUG: applying selections to coolRunLister
2009-04-29 20:26 - LArCalibL1Calo - INFO: last valid run: 113232
2009-04-29 20:26 - LArCalibL1Calo - INFO: searching for new runs from 113233 to 2147483647
2009-04-29 20:26 - LArCalibL1Calo - DEBUG:  No new valid run. Last known valid run still: 113232
2009-04-29 20:41 - LArCalibL1Calo - INFO: ===> listening for new valid runs <===
2009-04-29 20:41 - LArCalibL1Calo - DEBUG: initialising coolRunLister
2009-04-29 20:41 - LArCalibL1Calo - DEBUG: applying selections to coolRunLister
2009-04-29 20:41 - LArCalibL1Calo - INFO: last valid run: 113232
2009-04-29 20:41 - LArCalibL1Calo - INFO: searching for new runs from 113233 to 2147483647
2009-04-29 20:41 - LArCalibL1Calo - DEBUG:  No new valid run. Last known valid run still: 113232
2009-04-29 20:56 - LArCalibL1Calo - INFO: ===> listening for new valid runs <===
2009-04-29 20:56 - LArCalibL1Calo - DEBUG: initialising coolRunLister
2009-04-29 20:56 - LArCalibL1Calo - DEBUG: applying selections to coolRunLister
2009-04-29 20:56 - LArCalibL1Calo - INFO: last valid run: 113232
2009-04-29 20:56 - LArCalibL1Calo - INFO: searching for new runs from 113233 to 2147483647
2009-04-29 20:56 - LArCalibL1Calo - DEBUG:  No new valid run. Last known valid run still: 113232
2009-04-29 21:11 - LArCalibL1Calo - INFO: ===> listening for new valid runs <===
2009-04-29 21:11 - LArCalibL1Calo - DEBUG: initialising coolRunLister
2009-04-29 21:11 - LArCalibL1Calo - DEBUG: applying selections to coolRunLister
2009-04-29 21:11 - LArCalibL1Calo - INFO: last valid run: 113232
2009-04-29 21:11 - LArCalibL1Calo - INFO: searching for new runs from 113233 to 2147483647
2009-04-29 21:11 - LArCalibL1Calo - DEBUG:  No new valid run. Last known valid run still: 113232
2009-04-29 21:26 - LArCalibL1Calo - INFO: ===> listening for new valid runs <===
2009-04-29 21:26 - LArCalibL1Calo - DEBUG: initialising coolRunLister
2009-04-29 21:26 - LArCalibL1Calo - DEBUG: applying selections to coolRunLister
2009-04-29 21:26 - LArCalibL1Calo - INFO: last valid run: 113232
2009-04-29 21:26 - LArCalibL1Calo - INFO: searching for new runs from 113233 to 2147483647
2009-04-29 21:26 - LArCalibL1Calo - DEBUG:  No new valid run. Last known valid run still: 113232
2009-04-29 21:42 - LArCalibL1Calo - INFO: ===> listening for new valid runs <===
2009-04-29 21:42 - LArCalibL1Calo - DEBUG: initialising coolRunLister
2009-04-29 21:42 - LArCalibL1Calo - DEBUG: applying selections to coolRunLister
2009-04-29 21:42 - LArCalibL1Calo - INFO: last valid run: 113232
2009-04-29 21:42 - LArCalibL1Calo - INFO: searching for new runs from 113233 to 2147483647
2009-04-29 21:42 - LArCalibL1Calo - DEBUG:  No new valid run. Last known valid run still: 113232
2009-04-29 21:57 - LArCalibL1Calo - INFO: ===> listening for new valid runs <===
2009-04-29 21:57 - LArCalibL1Calo - DEBUG: initialising coolRunLister
2009-04-29 21:57 - LArCalibL1Calo - DEBUG: applying selections to coolRunLister
2009-04-29 21:57 - LArCalibL1Calo - INFO: last valid run: 113232
2009-04-29 21:57 - LArCalibL1Calo - INFO: searching for new runs from 113233 to 2147483647
2009-04-29 21:57 - LArCalibL1Calo - DEBUG:  No new valid run. Last known valid run still: 113232
2009-04-29 22:12 - LArCalibL1Calo - INFO: ===> listening for new valid runs <===
2009-04-29 22:12 - LArCalibL1Calo - DEBUG: initialising coolRunLister
2009-04-29 22:12 - LArCalibL1Calo - DEBUG: applying selections to coolRunLister
2009-04-29 22:12 - LArCalibL1Calo - INFO: last valid run: 113232
2009-04-29 22:12 - LArCalibL1Calo - INFO: searching for new runs from 113233 to 2147483647
2009-04-29 22:12 - LArCalibL1Calo - DEBUG:  No new valid run. Last known valid run still: 113232
2009-04-29 22:27 - LArCalibL1Calo - INFO: ===> listening for new valid runs <===
2009-04-29 22:27 - LArCalibL1Calo - DEBUG: initialising coolRunLister
2009-04-29 22:27 - LArCalibL1Calo - DEBUG: applying selections to coolRunLister
2009-04-29 22:27 - LArCalibL1Calo - INFO: last valid run: 113232
2009-04-29 22:27 - LArCalibL1Calo - INFO: searching for new runs from 113233 to 2147483647
2009-04-29 22:27 - LArCalibL1Calo - DEBUG:  No new valid run. Last known valid run still: 113232
2009-04-29 22:42 - LArCalibL1Calo - INFO: ===> listening for new valid runs <===
2009-04-29 22:42 - LArCalibL1Calo - DEBUG: initialising coolRunLister
2009-04-29 22:42 - LArCalibL1Calo - DEBUG: applying selections to coolRunLister
2009-04-29 22:42 - LArCalibL1Calo - INFO: last valid run: 113232
2009-04-29 22:42 - LArCalibL1Calo - INFO: searching for new runs from 113233 to 2147483647
2009-04-29 22:42 - LArCalibL1Calo - DEBUG:  No new valid run. Last known valid run still: 113232
2009-04-29 22:57 - LArCalibL1Calo - INFO: ===> listening for new valid runs <===
2009-04-29 22:57 - LArCalibL1Calo - DEBUG: initialising coolRunLister
2009-04-29 22:57 - LArCalibL1Calo - DEBUG: applying selections to coolRunLister
2009-04-29 22:57 - LArCalibL1Calo - INFO: last valid run: 113232
2009-04-29 22:57 - LArCalibL1Calo - INFO: searching for new runs from 113233 to 2147483647
2009-04-29 22:57 - LArCalibL1Calo - DEBUG:  No new valid run. Last known valid run still: 113232
2009-04-29 23:12 - LArCalibL1Calo - INFO: ===> listening for new valid runs <===
2009-04-29 23:12 - LArCalibL1Calo - DEBUG: initialising coolRunLister
2009-04-29 23:12 - LArCalibL1Calo - DEBUG: applying selections to coolRunLister
2009-04-29 23:12 - LArCalibL1Calo - INFO: last valid run: 113232
2009-04-29 23:12 - LArCalibL1Calo - INFO: searching for new runs from 113233 to 2147483647
2009-04-29 23:12 - LArCalibL1Calo - DEBUG:  No new valid run. Last known valid run still: 113232
2009-04-29 23:27 - LArCalibL1Calo - INFO: ===> listening for new valid runs <===
2009-04-29 23:27 - LArCalibL1Calo - DEBUG: initialising coolRunLister
2009-04-29 23:27 - LArCalibL1Calo - DEBUG: applying selections to coolRunLister
2009-04-29 23:27 - LArCalibL1Calo - INFO: last valid run: 113232
2009-04-29 23:27 - LArCalibL1Calo - INFO: searching for new runs from 113233 to 2147483647
2009-04-29 23:27 - LArCalibL1Calo - DEBUG:  No new valid run. Last known valid run still: 113232
2009-04-29 23:43 - LArCalibL1Calo - INFO: ===> listening for new valid runs <===
2009-04-29 23:43 - LArCalibL1Calo - DEBUG: initialising coolRunLister
2009-04-29 23:43 - LArCalibL1Calo - DEBUG: applying selections to coolRunLister
2009-04-29 23:43 - LArCalibL1Calo - INFO: last valid run: 113232
2009-04-29 23:43 - LArCalibL1Calo - INFO: searching for new runs from 113233 to 2147483647
2009-04-29 23:43 - LArCalibL1Calo - DEBUG:  No new valid run. Last known valid run still: 113232
2009-04-29 23:58 - LArCalibL1Calo - INFO: ===> listening for new valid runs <===
2009-04-29 23:58 - LArCalibL1Calo - DEBUG: initialising coolRunLister
2009-04-29 23:58 - LArCalibL1Calo - DEBUG: applying selections to coolRunLister
2009-04-29 23:58 - LArCalibL1Calo - INFO: last valid run: 113232
2009-04-29 23:58 - LArCalibL1Calo - INFO: searching for new runs from 113233 to 2147483647
2009-04-29 23:58 - LArCalibL1Calo - DEBUG:  No new valid run. Last known valid run still: 113232
2009-04-30 00:13 - LArCalibL1Calo - INFO: ===> listening for new valid runs <===
2009-04-30 00:13 - LArCalibL1Calo - DEBUG: initialising coolRunLister
2009-04-30 00:13 - LArCalibL1Calo - DEBUG: applying selections to coolRunLister
2009-04-30 00:13 - LArCalibL1Calo - INFO: last valid run: 113232
2009-04-30 00:13 - LArCalibL1Calo - INFO: searching for new runs from 113233 to 2147483647
2009-04-30 00:13 - LArCalibL1Calo - DEBUG:  No new valid run. Last known valid run still: 113232
2009-04-30 00:28 - LArCalibL1Calo - INFO: ===> listening for new valid runs <===
2009-04-30 00:28 - LArCalibL1Calo - DEBUG: initialising coolRunLister
2009-04-30 00:28 - LArCalibL1Calo - DEBUG: applying selections to coolRunLister
2009-04-30 00:28 - LArCalibL1Calo - INFO: last valid run: 113232
2009-04-30 00:28 - LArCalibL1Calo - INFO: searching for new runs from 113233 to 2147483647
2009-04-30 00:28 - LArCalibL1Calo - DEBUG:  No new valid run. Last known valid run still: 113232
2009-04-30 00:43 - LArCalibL1Calo - INFO: ===> listening for new valid runs <===
2009-04-30 00:43 - LArCalibL1Calo - DEBUG: initialising coolRunLister
2009-04-30 00:43 - LArCalibL1Calo - DEBUG: applying selections to coolRunLister
2009-04-30 00:43 - LArCalibL1Calo - INFO: last valid run: 113232
2009-04-30 00:43 - LArCalibL1Calo - INFO: searching for new runs from 113233 to 2147483647
2009-04-30 00:43 - LArCalibL1Calo - DEBUG:  No new valid run. Last known valid run still: 113232
2009-04-30 00:58 - LArCalibL1Calo - INFO: ===> listening for new valid runs <===
2009-04-30 00:58 - LArCalibL1Calo - DEBUG: initialising coolRunLister
2009-04-30 00:58 - LArCalibL1Calo - DEBUG: applying selections to coolRunLister
2009-04-30 00:58 - LArCalibL1Calo - INFO: last valid run: 113232
2009-04-30 00:58 - LArCalibL1Calo - INFO: searching for new runs from 113233 to 2147483647
2009-04-30 00:58 - LArCalibL1Calo - DEBUG:  No new valid run. Last known valid run still: 113232
2009-04-30 01:13 - LArCalibL1Calo - INFO: ===> listening for new valid runs <===
2009-04-30 01:13 - LArCalibL1Calo - DEBUG: initialising coolRunLister
2009-04-30 01:13 - LArCalibL1Calo - DEBUG: applying selections to coolRunLister
2009-04-30 01:13 - LArCalibL1Calo - INFO: last valid run: 113232
2009-04-30 01:13 - LArCalibL1Calo - INFO: searching for new runs from 113233 to 2147483647
2009-04-30 01:13 - LArCalibL1Calo - DEBUG:  No new valid run. Last known valid run still: 113232
2009-04-30 01:29 - LArCalibL1Calo - INFO: ===> listening for new valid runs <===
2009-04-30 01:29 - LArCalibL1Calo - DEBUG: initialising coolRunLister
2009-04-30 01:29 - LArCalibL1Calo - DEBUG: applying selections to coolRunLister
2009-04-30 01:29 - LArCalibL1Calo - INFO: last valid run: 113232
2009-04-30 01:29 - LArCalibL1Calo - INFO: searching for new runs from 113233 to 2147483647
2009-04-30 01:29 - LArCalibL1Calo - DEBUG:  No new valid run. Last known valid run still: 113232
2009-04-30 01:44 - LArCalibL1Calo - INFO: ===> listening for new valid runs <===
2009-04-30 01:44 - LArCalibL1Calo - DEBUG: initialising coolRunLister
2009-04-30 01:44 - LArCalibL1Calo - DEBUG: applying selections to coolRunLister
2009-04-30 01:44 - LArCalibL1Calo - INFO: last valid run: 113232
2009-04-30 01:44 - LArCalibL1Calo - INFO: searching for new runs from 113233 to 2147483647
2009-04-30 01:44 - LArCalibL1Calo - DEBUG:  No new valid run. Last known valid run still: 113232
2009-04-30 01:59 - LArCalibL1Calo - INFO: ===> listening for new valid runs <===
2009-04-30 01:59 - LArCalibL1Calo - DEBUG: initialising coolRunLister
2009-04-30 01:59 - LArCalibL1Calo - DEBUG: applying selections to coolRunLister
2009-04-30 01:59 - LArCalibL1Calo - INFO: last valid run: 113232
2009-04-30 01:59 - LArCalibL1Calo - INFO: searching for new runs from 113233 to 2147483647
2009-04-30 01:59 - LArCalibL1Calo - DEBUG:  No new valid run. Last known valid run still: 113232
2009-04-30 02:14 - LArCalibL1Calo - INFO: ===> listening for new valid runs <===
2009-04-30 02:14 - LArCalibL1Calo - DEBUG: initialising coolRunLister
2009-04-30 02:14 - LArCalibL1Calo - DEBUG: applying selections to coolRunLister
2009-04-30 02:14 - LArCalibL1Calo - INFO: last valid run: 113232
2009-04-30 02:14 - LArCalibL1Calo - INFO: searching for new runs from 113233 to 2147483647
2009-04-30 02:14 - LArCalibL1Calo - DEBUG:  No new valid run. Last known valid run still: 113232
2009-04-30 02:29 - LArCalibL1Calo - INFO: ===> listening for new valid runs <===
2009-04-30 02:29 - LArCalibL1Calo - DEBUG: initialising coolRunLister
2009-04-30 02:29 - LArCalibL1Calo - DEBUG: applying selections to coolRunLister
2009-04-30 02:29 - LArCalibL1Calo - INFO: last valid run: 113232
2009-04-30 02:29 - LArCalibL1Calo - INFO: searching for new runs from 113233 to 2147483647
2009-04-30 02:29 - LArCalibL1Calo - DEBUG:  No new valid run. Last known valid run still: 113232
2009-04-30 02:44 - LArCalibL1Calo - INFO: ===> listening for new valid runs <===
2009-04-30 02:44 - LArCalibL1Calo - DEBUG: initialising coolRunLister
2009-04-30 02:44 - LArCalibL1Calo - DEBUG: applying selections to coolRunLister
2009-04-30 02:44 - LArCalibL1Calo - INFO: last valid run: 113232
2009-04-30 02:44 - LArCalibL1Calo - INFO: searching for new runs from 113233 to 2147483647
2009-04-30 02:44 - LArCalibL1Calo - DEBUG:  No new valid run. Last known valid run still: 113232
2009-04-30 02:59 - LArCalibL1Calo - INFO: ===> listening for new valid runs <===
2009-04-30 02:59 - LArCalibL1Calo - DEBUG: initialising coolRunLister
2009-04-30 02:59 - LArCalibL1Calo - DEBUG: applying selections to coolRunLister
2009-04-30 02:59 - LArCalibL1Calo - INFO: last valid run: 113232
2009-04-30 02:59 - LArCalibL1Calo - INFO: searching for new runs from 113233 to 2147483647
2009-04-30 02:59 - LArCalibL1Calo - DEBUG:  No new valid run. Last known valid run still: 113232
2009-04-30 03:15 - LArCalibL1Calo - INFO: ===> listening for new valid runs <===
2009-04-30 03:15 - LArCalibL1Calo - DEBUG: initialising coolRunLister
2009-04-30 03:15 - LArCalibL1Calo - DEBUG: applying selections to coolRunLister
2009-04-30 03:15 - LArCalibL1Calo - INFO: last valid run: 113232
2009-04-30 03:15 - LArCalibL1Calo - INFO: searching for new runs from 113233 to 2147483647
2009-04-30 03:15 - LArCalibL1Calo - DEBUG:  No new valid run. Last known valid run still: 113232
2009-04-30 03:30 - LArCalibL1Calo - INFO: ===> listening for new valid runs <===
2009-04-30 03:30 - LArCalibL1Calo - DEBUG: initialising coolRunLister
2009-04-30 03:30 - LArCalibL1Calo - DEBUG: applying selections to coolRunLister
2009-04-30 03:30 - LArCalibL1Calo - INFO: last valid run: 113232
2009-04-30 03:30 - LArCalibL1Calo - INFO: searching for new runs from 113233 to 2147483647
2009-04-30 03:30 - LArCalibL1Calo - DEBUG:  No new valid run. Last known valid run still: 113232
2009-04-30 03:45 - LArCalibL1Calo - INFO: ===> listening for new valid runs <===
2009-04-30 03:45 - LArCalibL1Calo - DEBUG: initialising coolRunLister
2009-04-30 03:45 - LArCalibL1Calo - DEBUG: applying selections to coolRunLister
2009-04-30 03:45 - LArCalibL1Calo - INFO: last valid run: 113232
2009-04-30 03:45 - LArCalibL1Calo - INFO: searching for new runs from 113233 to 2147483647
2009-04-30 03:45 - LArCalibL1Calo - DEBUG:  No new valid run. Last known valid run still: 113232
2009-04-30 04:00 - LArCalibL1Calo - INFO: ===> listening for new valid runs <===
2009-04-30 04:00 - LArCalibL1Calo - DEBUG: initialising coolRunLister
2009-04-30 04:00 - LArCalibL1Calo - DEBUG: applying selections to coolRunLister
2009-04-30 04:00 - LArCalibL1Calo - INFO: last valid run: 113232
2009-04-30 04:00 - LArCalibL1Calo - INFO: searching for new runs from 113233 to 2147483647
2009-04-30 04:00 - LArCalibL1Calo - DEBUG:  No new valid run. Last known valid run still: 113232
2009-04-30 04:15 - LArCalibL1Calo - INFO: ===> listening for new valid runs <===
2009-04-30 04:15 - LArCalibL1Calo - DEBUG: initialising coolRunLister
2009-04-30 04:15 - LArCalibL1Calo - DEBUG: applying selections to coolRunLister
2009-04-30 04:15 - LArCalibL1Calo - INFO: last valid run: 113232
2009-04-30 04:15 - LArCalibL1Calo - INFO: searching for new runs from 113233 to 2147483647
2009-04-30 04:15 - LArCalibL1Calo - DEBUG:  No new valid run. Last known valid run still: 113232
2009-04-30 04:30 - LArCalibL1Calo - INFO: ===> listening for new valid runs <===
2009-04-30 04:30 - LArCalibL1Calo - DEBUG: initialising coolRunLister
2009-04-30 04:30 - LArCalibL1Calo - DEBUG: applying selections to coolRunLister
2009-04-30 04:30 - LArCalibL1Calo - INFO: last valid run: 113232
2009-04-30 04:30 - LArCalibL1Calo - INFO: searching for new runs from 113233 to 2147483647
2009-04-30 04:30 - LArCalibL1Calo - DEBUG:  No new valid run. Last known valid run still: 113232
2009-04-30 04:45 - LArCalibL1Calo - INFO: ===> listening for new valid runs <===
2009-04-30 04:45 - LArCalibL1Calo - DEBUG: initialising coolRunLister
2009-04-30 04:45 - LArCalibL1Calo - DEBUG: applying selections to coolRunLister
2009-04-30 04:45 - LArCalibL1Calo - INFO: last valid run: 113232
2009-04-30 04:45 - LArCalibL1Calo - INFO: searching for new runs from 113233 to 2147483647
2009-04-30 04:45 - LArCalibL1Calo - DEBUG:  No new valid run. Last known valid run still: 113232
2009-04-30 05:00 - LArCalibL1Calo - INFO: ===> listening for new valid runs <===
2009-04-30 05:00 - LArCalibL1Calo - DEBUG: initialising coolRunLister
2009-04-30 05:00 - LArCalibL1Calo - DEBUG: applying selections to coolRunLister
2009-04-30 05:00 - LArCalibL1Calo - INFO: last valid run: 113232
2009-04-30 05:00 - LArCalibL1Calo - INFO: searching for new runs from 113233 to 2147483647
2009-04-30 05:00 - LArCalibL1Calo - DEBUG:  No new valid run. Last known valid run still: 113232
2009-04-30 05:16 - LArCalibL1Calo - INFO: ===> listening for new valid runs <===
2009-04-30 05:16 - LArCalibL1Calo - DEBUG: initialising coolRunLister
2009-04-30 05:16 - LArCalibL1Calo - DEBUG: applying selections to coolRunLister
2009-04-30 05:16 - LArCalibL1Calo - INFO: last valid run: 113232
2009-04-30 05:16 - LArCalibL1Calo - INFO: searching for new runs from 113233 to 2147483647
2009-04-30 05:16 - LArCalibL1Calo - DEBUG:  No new valid run. Last known valid run still: 113232
2009-04-30 05:31 - LArCalibL1Calo - INFO: ===> listening for new valid runs <===
2009-04-30 05:31 - LArCalibL1Calo - DEBUG: initialising coolRunLister
2009-04-30 05:31 - LArCalibL1Calo - DEBUG: applying selections to coolRunLister
2009-04-30 05:31 - LArCalibL1Calo - INFO: last valid run: 113232
2009-04-30 05:31 - LArCalibL1Calo - INFO: searching for new runs from 113233 to 2147483647
2009-04-30 05:31 - LArCalibL1Calo - DEBUG:  No new valid run. Last known valid run still: 113232
2009-04-30 05:46 - LArCalibL1Calo - INFO: ===> listening for new valid runs <===
2009-04-30 05:46 - LArCalibL1Calo - DEBUG: initialising coolRunLister
2009-04-30 05:46 - LArCalibL1Calo - DEBUG: applying selections to coolRunLister
2009-04-30 05:46 - LArCalibL1Calo - INFO: last valid run: 113232
2009-04-30 05:46 - LArCalibL1Calo - INFO: searching for new runs from 113233 to 2147483647
2009-04-30 05:46 - LArCalibL1Calo - DEBUG:  No new valid run. Last known valid run still: 113232
2009-04-30 06:01 - LArCalibL1Calo - INFO: ===> listening for new valid runs <===
2009-04-30 06:01 - LArCalibL1Calo - DEBUG: initialising coolRunLister
2009-04-30 06:01 - LArCalibL1Calo - DEBUG: applying selections to coolRunLister
2009-04-30 06:01 - LArCalibL1Calo - INFO: last valid run: 113232
2009-04-30 06:01 - LArCalibL1Calo - INFO: searching for new runs from 113233 to 2147483647
2009-04-30 06:01 - LArCalibL1Calo - DEBUG:  No new valid run. Last known valid run still: 113232
2009-04-30 06:16 - LArCalibL1Calo - INFO: ===> listening for new valid runs <===
2009-04-30 06:16 - LArCalibL1Calo - DEBUG: initialising coolRunLister
2009-04-30 06:16 - LArCalibL1Calo - DEBUG: applying selections to coolRunLister
2009-04-30 06:16 - LArCalibL1Calo - INFO: last valid run: 113232
2009-04-30 06:16 - LArCalibL1Calo - INFO: searching for new runs from 113233 to 2147483647
2009-04-30 06:16 - LArCalibL1Calo - DEBUG:  No new valid run. Last known valid run still: 113232
2009-04-30 06:31 - LArCalibL1Calo - INFO: ===> listening for new valid runs <===
2009-04-30 06:31 - LArCalibL1Calo - DEBUG: initialising coolRunLister
2009-04-30 06:31 - LArCalibL1Calo - DEBUG: applying selections to coolRunLister
2009-04-30 06:31 - LArCalibL1Calo - INFO: last valid run: 113232
2009-04-30 06:31 - LArCalibL1Calo - INFO: searching for new runs from 113233 to 2147483647
2009-04-30 06:31 - LArCalibL1Calo - DEBUG:  No new valid run. Last known valid run still: 113232
2009-04-30 06:46 - LArCalibL1Calo - INFO: ===> listening for new valid runs <===
2009-04-30 06:46 - LArCalibL1Calo - DEBUG: initialising coolRunLister
2009-04-30 06:46 - LArCalibL1Calo - DEBUG: applying selections to coolRunLister
2009-04-30 06:46 - LArCalibL1Calo - INFO: last valid run: 113232
2009-04-30 06:46 - LArCalibL1Calo - INFO: searching for new runs from 113233 to 2147483647
2009-04-30 06:46 - LArCalibL1Calo - DEBUG:  No new valid run. Last known valid run still: 113232
2009-04-30 07:02 - LArCalibL1Calo - INFO: ===> listening for new valid runs <===
2009-04-30 07:02 - LArCalibL1Calo - DEBUG: initialising coolRunLister
2009-04-30 07:02 - LArCalibL1Calo - DEBUG: applying selections to coolRunLister
2009-04-30 07:02 - LArCalibL1Calo - INFO: last valid run: 113232
2009-04-30 07:02 - LArCalibL1Calo - INFO: searching for new runs from 113233 to 2147483647
2009-04-30 07:02 - LArCalibL1Calo - DEBUG:  No new valid run. Last known valid run still: 113232
2009-04-30 07:17 - LArCalibL1Calo - INFO: ===> listening for new valid runs <===
2009-04-30 07:17 - LArCalibL1Calo - DEBUG: initialising coolRunLister
2009-04-30 07:17 - LArCalibL1Calo - DEBUG: applying selections to coolRunLister
2009-04-30 07:17 - LArCalibL1Calo - INFO: last valid run: 113232
2009-04-30 07:17 - LArCalibL1Calo - INFO: searching for new runs from 113233 to 2147483647
2009-04-30 07:17 - LArCalibL1Calo - DEBUG:  No new valid run. Last known valid run still: 113232
2009-04-30 07:32 - LArCalibL1Calo - INFO: ===> listening for new valid runs <===
2009-04-30 07:32 - LArCalibL1Calo - DEBUG: initialising coolRunLister
2009-04-30 07:32 - LArCalibL1Calo - DEBUG: applying selections to coolRunLister
2009-04-30 07:32 - LArCalibL1Calo - INFO: last valid run: 113232
2009-04-30 07:32 - LArCalibL1Calo - INFO: searching for new runs from 113233 to 2147483647
2009-04-30 07:32 - LArCalibL1Calo - DEBUG:  No new valid run. Last known valid run still: 113232
2009-04-30 07:47 - LArCalibL1Calo - INFO: ===> listening for new valid runs <===
2009-04-30 07:47 - LArCalibL1Calo - DEBUG: initialising coolRunLister
2009-04-30 07:47 - LArCalibL1Calo - DEBUG: applying selections to coolRunLister
2009-04-30 07:47 - LArCalibL1Calo - INFO: last valid run: 113232
2009-04-30 07:47 - LArCalibL1Calo - INFO: searching for new runs from 113233 to 2147483647
2009-04-30 07:47 - LArCalibL1Calo - DEBUG:  No new valid run. Last known valid run still: 113232
2009-04-30 08:02 - LArCalibL1Calo - INFO: ===> listening for new valid runs <===
2009-04-30 08:02 - LArCalibL1Calo - DEBUG: initialising coolRunLister
2009-04-30 08:02 - LArCalibL1Calo - DEBUG: applying selections to coolRunLister
2009-04-30 08:02 - LArCalibL1Calo - INFO: last valid run: 113232
2009-04-30 08:02 - LArCalibL1Calo - INFO: searching for new runs from 113233 to 2147483647
2009-04-30 08:02 - LArCalibL1Calo - DEBUG:  No new valid run. Last known valid run still: 113232
2009-04-30 08:17 - LArCalibL1Calo - INFO: ===> listening for new valid runs <===
2009-04-30 08:17 - LArCalibL1Calo - DEBUG: initialising coolRunLister
2009-04-30 08:17 - LArCalibL1Calo - DEBUG: applying selections to coolRunLister
2009-04-30 08:17 - LArCalibL1Calo - INFO: last valid run: 113232
2009-04-30 08:17 - LArCalibL1Calo - INFO: searching for new runs from 113233 to 2147483647
2009-04-30 08:17 - LArCalibL1Calo - DEBUG:  No new valid run. Last known valid run still: 113232
2009-04-30 08:32 - LArCalibL1Calo - INFO: ===> listening for new valid runs <===
2009-04-30 08:32 - LArCalibL1Calo - DEBUG: initialising coolRunLister
2009-04-30 08:32 - LArCalibL1Calo - DEBUG: applying selections to coolRunLister
2009-04-30 08:32 - LArCalibL1Calo - INFO: last valid run: 113232
2009-04-30 08:32 - LArCalibL1Calo - INFO: searching for new runs from 113233 to 2147483647
2009-04-30 08:32 - LArCalibL1Calo - DEBUG:  No new valid run. Last known valid run still: 113232
2009-04-30 08:48 - LArCalibL1Calo - INFO: ===> listening for new valid runs <===
2009-04-30 08:48 - LArCalibL1Calo - DEBUG: initialising coolRunLister
2009-04-30 08:48 - LArCalibL1Calo - DEBUG: applying selections to coolRunLister
2009-04-30 08:48 - LArCalibL1Calo - INFO: last valid run: 113232
2009-04-30 08:48 - LArCalibL1Calo - INFO: searching for new runs from 113233 to 2147483647
2009-04-30 08:48 - LArCalibL1Calo - DEBUG:  No new valid run. Last known valid run still: 113232
2009-04-30 09:03 - LArCalibL1Calo - INFO: ===> listening for new valid runs <===
2009-04-30 09:03 - LArCalibL1Calo - DEBUG: initialising coolRunLister
2009-04-30 09:03 - LArCalibL1Calo - DEBUG: applying selections to coolRunLister
2009-04-30 09:03 - LArCalibL1Calo - INFO: last valid run: 113232
2009-04-30 09:03 - LArCalibL1Calo - INFO: searching for new runs from 113233 to 2147483647
2009-04-30 09:03 - LArCalibL1Calo - DEBUG:  No new valid run. Last known valid run still: 113232
2009-04-30 09:18 - LArCalibL1Calo - INFO: ===> listening for new valid runs <===
2009-04-30 09:18 - LArCalibL1Calo - DEBUG: initialising coolRunLister
2009-04-30 09:18 - LArCalibL1Calo - DEBUG: applying selections to coolRunLister
2009-04-30 09:18 - LArCalibL1Calo - INFO: last valid run: 113232
2009-04-30 09:18 - LArCalibL1Calo - INFO: searching for new runs from 113233 to 2147483647
2009-04-30 09:18 - LArCalibL1Calo - DEBUG:  No new valid run. Last known valid run still: 113232
2009-04-30 09:33 - LArCalibL1Calo - INFO: ===> listening for new valid runs <===
2009-04-30 09:33 - LArCalibL1Calo - DEBUG: initialising coolRunLister
2009-04-30 09:33 - LArCalibL1Calo - DEBUG: applying selections to coolRunLister
2009-04-30 09:33 - LArCalibL1Calo - INFO: last valid run: 113232
2009-04-30 09:33 - LArCalibL1Calo - INFO: searching for new runs from 113233 to 2147483647
2009-04-30 09:33 - LArCalibL1Calo - DEBUG:  No new valid run. Last known valid run still: 113232
2009-04-30 09:48 - LArCalibL1Calo - INFO: ===> listening for new valid runs <===
2009-04-30 09:48 - LArCalibL1Calo - DEBUG: initialising coolRunLister
2009-04-30 09:48 - LArCalibL1Calo - DEBUG: applying selections to coolRunLister
2009-04-30 09:48 - LArCalibL1Calo - INFO: last valid run: 113232
2009-04-30 09:48 - LArCalibL1Calo - INFO: searching for new runs from 113233 to 2147483647
2009-04-30 09:48 - LArCalibL1Calo - DEBUG:  No new valid run. Last known valid run still: 113232
