2009-04-29 00:00 - TileCalibL1Calo - INFO: ========================================
2009-04-29 00:00 - TileCalibL1Calo - INFO: RunListener in init
2009-04-29 00:00 - TileCalibL1Calo - INFO: RunListener initialized
2009-04-29 00:00 - TileCalibL1Calo - INFO: ========================================
2009-04-29 00:00 - TileCalibL1Calo - INFO: ===> from initRunListener <===
2009-04-29 00:00 - TileCalibL1Calo - INFO: 
RunListener TileCalibL1Caloinitialised with the following parameters:
TDAQ DB: COOLONL_TDAQ/COMP200
TRIG DB: COOLONL_TRIGGER/COMP200
Status DB: COOLONL_TDAQ/COMP200
log level: 0
oracle: False
rec. only: True
det. mask: 0
run type: cismono
det. status: 2
det. status tag: HEAD
daq partition: Tile-TTC2LAN
tag: 
format: acertd
reverse: False
stoptimestamp: True
cleanstop: True
hasevents: True
last valid run known: 0

2009-04-29 00:15 - TileCalibL1Calo - INFO: ===> listening for new valid runs <===
2009-04-29 00:15 - TileCalibL1Calo - DEBUG: initialising coolRunLister
2009-04-29 00:15 - TileCalibL1Calo - DEBUG: applying selections to coolRunLister
2009-04-29 00:15 - TileCalibL1Calo - INFO: last valid run: 113232
2009-04-29 00:15 - TileCalibL1Calo - INFO: searching for new runs from 113233 to 2147483647
2009-04-29 00:15 - TileCalibL1Calo - DEBUG:  No new valid run. Last known valid run still: 113232
2009-04-29 00:31 - TileCalibL1Calo - INFO: ===> listening for new valid runs <===
2009-04-29 00:31 - TileCalibL1Calo - DEBUG: initialising coolRunLister
2009-04-29 00:31 - TileCalibL1Calo - DEBUG: applying selections to coolRunLister
2009-04-29 00:31 - TileCalibL1Calo - INFO: last valid run: 113232
2009-04-29 00:31 - TileCalibL1Calo - INFO: searching for new runs from 113233 to 2147483647
2009-04-29 00:31 - TileCalibL1Calo - DEBUG:  No new valid run. Last known valid run still: 113232
2009-04-29 00:46 - TileCalibL1Calo - INFO: ===> listening for new valid runs <===
2009-04-29 00:46 - TileCalibL1Calo - DEBUG: initialising coolRunLister
2009-04-29 00:46 - TileCalibL1Calo - DEBUG: applying selections to coolRunLister
2009-04-29 00:46 - TileCalibL1Calo - INFO: last valid run: 113232
2009-04-29 00:46 - TileCalibL1Calo - INFO: searching for new runs from 113233 to 2147483647
2009-04-29 00:46 - TileCalibL1Calo - DEBUG:  No new valid run. Last known valid run still: 113232
2009-04-29 01:01 - TileCalibL1Calo - INFO: ===> listening for new valid runs <===
2009-04-29 01:01 - TileCalibL1Calo - DEBUG: initialising coolRunLister
2009-04-29 01:01 - TileCalibL1Calo - DEBUG: applying selections to coolRunLister
2009-04-29 01:01 - TileCalibL1Calo - INFO: last valid run: 113232
2009-04-29 01:01 - TileCalibL1Calo - INFO: searching for new runs from 113233 to 2147483647
2009-04-29 01:01 - TileCalibL1Calo - DEBUG:  No new valid run. Last known valid run still: 113232
2009-04-29 01:16 - TileCalibL1Calo - INFO: ===> listening for new valid runs <===
2009-04-29 01:16 - TileCalibL1Calo - DEBUG: initialising coolRunLister
2009-04-29 01:16 - TileCalibL1Calo - DEBUG: applying selections to coolRunLister
2009-04-29 01:16 - TileCalibL1Calo - INFO: last valid run: 113232
2009-04-29 01:16 - TileCalibL1Calo - INFO: searching for new runs from 113233 to 2147483647
2009-04-29 01:16 - TileCalibL1Calo - DEBUG:  No new valid run. Last known valid run still: 113232
2009-04-29 01:31 - TileCalibL1Calo - INFO: ===> listening for new valid runs <===
2009-04-29 01:31 - TileCalibL1Calo - DEBUG: initialising coolRunLister
2009-04-29 01:31 - TileCalibL1Calo - DEBUG: applying selections to coolRunLister
2009-04-29 01:31 - TileCalibL1Calo - INFO: last valid run: 113232
2009-04-29 01:31 - TileCalibL1Calo - INFO: searching for new runs from 113233 to 2147483647
2009-04-29 01:31 - TileCalibL1Calo - DEBUG:  No new valid run. Last known valid run still: 113232
2009-04-29 01:46 - TileCalibL1Calo - INFO: ===> listening for new valid runs <===
2009-04-29 01:46 - TileCalibL1Calo - DEBUG: initialising coolRunLister
2009-04-29 01:46 - TileCalibL1Calo - DEBUG: applying selections to coolRunLister
2009-04-29 01:46 - TileCalibL1Calo - INFO: last valid run: 113232
2009-04-29 01:46 - TileCalibL1Calo - INFO: searching for new runs from 113233 to 2147483647
2009-04-29 01:46 - TileCalibL1Calo - DEBUG:  No new valid run. Last known valid run still: 113232
2009-04-29 02:01 - TileCalibL1Calo - INFO: ===> listening for new valid runs <===
2009-04-29 02:01 - TileCalibL1Calo - DEBUG: initialising coolRunLister
2009-04-29 02:01 - TileCalibL1Calo - DEBUG: applying selections to coolRunLister
2009-04-29 02:01 - TileCalibL1Calo - INFO: last valid run: 113232
2009-04-29 02:01 - TileCalibL1Calo - INFO: searching for new runs from 113233 to 2147483647
2009-04-29 02:02 - TileCalibL1Calo - DEBUG:  No new valid run. Last known valid run still: 113232
2009-04-29 02:17 - TileCalibL1Calo - INFO: ===> listening for new valid runs <===
2009-04-29 02:17 - TileCalibL1Calo - DEBUG: initialising coolRunLister
2009-04-29 02:17 - TileCalibL1Calo - DEBUG: applying selections to coolRunLister
2009-04-29 02:17 - TileCalibL1Calo - INFO: last valid run: 113232
2009-04-29 02:17 - TileCalibL1Calo - INFO: searching for new runs from 113233 to 2147483647
2009-04-29 02:17 - TileCalibL1Calo - DEBUG:  No new valid run. Last known valid run still: 113232
2009-04-29 02:32 - TileCalibL1Calo - INFO: ===> listening for new valid runs <===
2009-04-29 02:32 - TileCalibL1Calo - DEBUG: initialising coolRunLister
2009-04-29 02:32 - TileCalibL1Calo - DEBUG: applying selections to coolRunLister
2009-04-29 02:32 - TileCalibL1Calo - INFO: last valid run: 113232
2009-04-29 02:32 - TileCalibL1Calo - INFO: searching for new runs from 113233 to 2147483647
2009-04-29 02:32 - TileCalibL1Calo - DEBUG:  No new valid run. Last known valid run still: 113232
2009-04-29 02:47 - TileCalibL1Calo - INFO: ===> listening for new valid runs <===
2009-04-29 02:47 - TileCalibL1Calo - DEBUG: initialising coolRunLister
2009-04-29 02:47 - TileCalibL1Calo - DEBUG: applying selections to coolRunLister
2009-04-29 02:47 - TileCalibL1Calo - INFO: last valid run: 113232
2009-04-29 02:47 - TileCalibL1Calo - INFO: searching for new runs from 113233 to 2147483647
2009-04-29 02:47 - TileCalibL1Calo - DEBUG:  No new valid run. Last known valid run still: 113232
2009-04-29 03:02 - TileCalibL1Calo - INFO: ===> listening for new valid runs <===
2009-04-29 03:02 - TileCalibL1Calo - DEBUG: initialising coolRunLister
2009-04-29 03:02 - TileCalibL1Calo - DEBUG: applying selections to coolRunLister
2009-04-29 03:02 - TileCalibL1Calo - INFO: last valid run: 113232
2009-04-29 03:02 - TileCalibL1Calo - INFO: searching for new runs from 113233 to 2147483647
2009-04-29 03:02 - TileCalibL1Calo - DEBUG:  No new valid run. Last known valid run still: 113232
2009-04-29 03:17 - TileCalibL1Calo - INFO: ===> listening for new valid runs <===
2009-04-29 03:17 - TileCalibL1Calo - DEBUG: initialising coolRunLister
2009-04-29 03:17 - TileCalibL1Calo - DEBUG: applying selections to coolRunLister
2009-04-29 03:17 - TileCalibL1Calo - INFO: last valid run: 113232
2009-04-29 03:17 - TileCalibL1Calo - INFO: searching for new runs from 113233 to 2147483647
2009-04-29 03:17 - TileCalibL1Calo - DEBUG:  No new valid run. Last known valid run still: 113232
2009-04-29 03:32 - TileCalibL1Calo - INFO: ===> listening for new valid runs <===
2009-04-29 03:32 - TileCalibL1Calo - DEBUG: initialising coolRunLister
2009-04-29 03:32 - TileCalibL1Calo - DEBUG: applying selections to coolRunLister
2009-04-29 03:32 - TileCalibL1Calo - INFO: last valid run: 113232
2009-04-29 03:32 - TileCalibL1Calo - INFO: searching for new runs from 113233 to 2147483647
2009-04-29 03:32 - TileCalibL1Calo - DEBUG:  No new valid run. Last known valid run still: 113232
2009-04-29 03:47 - TileCalibL1Calo - INFO: ===> listening for new valid runs <===
2009-04-29 03:47 - TileCalibL1Calo - DEBUG: initialising coolRunLister
2009-04-29 03:47 - TileCalibL1Calo - DEBUG: applying selections to coolRunLister
2009-04-29 03:47 - TileCalibL1Calo - INFO: last valid run: 113232
2009-04-29 03:47 - TileCalibL1Calo - INFO: searching for new runs from 113233 to 2147483647
2009-04-29 03:48 - TileCalibL1Calo - DEBUG:  No new valid run. Last known valid run still: 113232
2009-04-29 04:03 - TileCalibL1Calo - INFO: ===> listening for new valid runs <===
2009-04-29 04:03 - TileCalibL1Calo - DEBUG: initialising coolRunLister
2009-04-29 04:03 - TileCalibL1Calo - DEBUG: applying selections to coolRunLister
2009-04-29 04:03 - TileCalibL1Calo - INFO: last valid run: 113232
2009-04-29 04:03 - TileCalibL1Calo - INFO: searching for new runs from 113233 to 2147483647
2009-04-29 04:03 - TileCalibL1Calo - DEBUG:  No new valid run. Last known valid run still: 113232
2009-04-29 04:18 - TileCalibL1Calo - INFO: ===> listening for new valid runs <===
2009-04-29 04:18 - TileCalibL1Calo - DEBUG: initialising coolRunLister
2009-04-29 04:18 - TileCalibL1Calo - DEBUG: applying selections to coolRunLister
2009-04-29 04:18 - TileCalibL1Calo - INFO: last valid run: 113232
2009-04-29 04:18 - TileCalibL1Calo - INFO: searching for new runs from 113233 to 2147483647
2009-04-29 04:18 - TileCalibL1Calo - DEBUG:  No new valid run. Last known valid run still: 113232
2009-04-29 04:33 - TileCalibL1Calo - INFO: ===> listening for new valid runs <===
2009-04-29 04:33 - TileCalibL1Calo - DEBUG: initialising coolRunLister
2009-04-29 04:33 - TileCalibL1Calo - DEBUG: applying selections to coolRunLister
2009-04-29 04:33 - TileCalibL1Calo - INFO: last valid run: 113232
2009-04-29 04:33 - TileCalibL1Calo - INFO: searching for new runs from 113233 to 2147483647
2009-04-29 04:33 - TileCalibL1Calo - DEBUG:  No new valid run. Last known valid run still: 113232
2009-04-29 04:48 - TileCalibL1Calo - INFO: ===> listening for new valid runs <===
2009-04-29 04:48 - TileCalibL1Calo - DEBUG: initialising coolRunLister
2009-04-29 04:48 - TileCalibL1Calo - DEBUG: applying selections to coolRunLister
2009-04-29 04:48 - TileCalibL1Calo - INFO: last valid run: 113232
2009-04-29 04:48 - TileCalibL1Calo - INFO: searching for new runs from 113233 to 2147483647
2009-04-29 04:48 - TileCalibL1Calo - DEBUG:  No new valid run. Last known valid run still: 113232
2009-04-29 05:03 - TileCalibL1Calo - INFO: ===> listening for new valid runs <===
2009-04-29 05:03 - TileCalibL1Calo - DEBUG: initialising coolRunLister
2009-04-29 05:03 - TileCalibL1Calo - DEBUG: applying selections to coolRunLister
2009-04-29 05:03 - TileCalibL1Calo - INFO: last valid run: 113232
2009-04-29 05:03 - TileCalibL1Calo - INFO: searching for new runs from 113233 to 2147483647
2009-04-29 05:03 - TileCalibL1Calo - DEBUG:  No new valid run. Last known valid run still: 113232
2009-04-29 05:18 - TileCalibL1Calo - INFO: ===> listening for new valid runs <===
2009-04-29 05:18 - TileCalibL1Calo - DEBUG: initialising coolRunLister
2009-04-29 05:18 - TileCalibL1Calo - DEBUG: applying selections to coolRunLister
2009-04-29 05:18 - TileCalibL1Calo - INFO: last valid run: 113232
2009-04-29 05:18 - TileCalibL1Calo - INFO: searching for new runs from 113233 to 2147483647
2009-04-29 05:18 - TileCalibL1Calo - DEBUG:  No new valid run. Last known valid run still: 113232
2009-04-29 05:33 - TileCalibL1Calo - INFO: ===> listening for new valid runs <===
2009-04-29 05:33 - TileCalibL1Calo - DEBUG: initialising coolRunLister
2009-04-29 05:33 - TileCalibL1Calo - DEBUG: applying selections to coolRunLister
2009-04-29 05:33 - TileCalibL1Calo - INFO: last valid run: 113232
2009-04-29 05:33 - TileCalibL1Calo - INFO: searching for new runs from 113233 to 2147483647
2009-04-29 05:33 - TileCalibL1Calo - DEBUG:  No new valid run. Last known valid run still: 113232
2009-04-29 05:49 - TileCalibL1Calo - INFO: ===> listening for new valid runs <===
2009-04-29 05:49 - TileCalibL1Calo - DEBUG: initialising coolRunLister
2009-04-29 05:49 - TileCalibL1Calo - DEBUG: applying selections to coolRunLister
2009-04-29 05:49 - TileCalibL1Calo - INFO: last valid run: 113232
2009-04-29 05:49 - TileCalibL1Calo - INFO: searching for new runs from 113233 to 2147483647
2009-04-29 05:49 - TileCalibL1Calo - DEBUG:  No new valid run. Last known valid run still: 113232
2009-04-29 06:04 - TileCalibL1Calo - INFO: ===> listening for new valid runs <===
2009-04-29 06:04 - TileCalibL1Calo - DEBUG: initialising coolRunLister
2009-04-29 06:04 - TileCalibL1Calo - DEBUG: applying selections to coolRunLister
2009-04-29 06:04 - TileCalibL1Calo - INFO: last valid run: 113232
2009-04-29 06:04 - TileCalibL1Calo - INFO: searching for new runs from 113233 to 2147483647
2009-04-29 06:04 - TileCalibL1Calo - DEBUG:  No new valid run. Last known valid run still: 113232
2009-04-29 06:19 - TileCalibL1Calo - INFO: ===> listening for new valid runs <===
2009-04-29 06:19 - TileCalibL1Calo - DEBUG: initialising coolRunLister
2009-04-29 06:19 - TileCalibL1Calo - DEBUG: applying selections to coolRunLister
2009-04-29 06:19 - TileCalibL1Calo - INFO: last valid run: 113232
2009-04-29 06:19 - TileCalibL1Calo - INFO: searching for new runs from 113233 to 2147483647
2009-04-29 06:19 - TileCalibL1Calo - DEBUG:  No new valid run. Last known valid run still: 113232
2009-04-29 06:34 - TileCalibL1Calo - INFO: ===> listening for new valid runs <===
2009-04-29 06:34 - TileCalibL1Calo - DEBUG: initialising coolRunLister
2009-04-29 06:34 - TileCalibL1Calo - DEBUG: applying selections to coolRunLister
2009-04-29 06:34 - TileCalibL1Calo - INFO: last valid run: 113232
2009-04-29 06:34 - TileCalibL1Calo - INFO: searching for new runs from 113233 to 2147483647
2009-04-29 06:34 - TileCalibL1Calo - DEBUG:  No new valid run. Last known valid run still: 113232
2009-04-29 06:49 - TileCalibL1Calo - INFO: ===> listening for new valid runs <===
2009-04-29 06:49 - TileCalibL1Calo - DEBUG: initialising coolRunLister
2009-04-29 06:49 - TileCalibL1Calo - DEBUG: applying selections to coolRunLister
2009-04-29 06:49 - TileCalibL1Calo - INFO: last valid run: 113232
2009-04-29 06:49 - TileCalibL1Calo - INFO: searching for new runs from 113233 to 2147483647
2009-04-29 06:49 - TileCalibL1Calo - DEBUG:  No new valid run. Last known valid run still: 113232
2009-04-29 07:04 - TileCalibL1Calo - INFO: ===> listening for new valid runs <===
2009-04-29 07:04 - TileCalibL1Calo - DEBUG: initialising coolRunLister
2009-04-29 07:04 - TileCalibL1Calo - DEBUG: applying selections to coolRunLister
2009-04-29 07:04 - TileCalibL1Calo - INFO: last valid run: 113232
2009-04-29 07:04 - TileCalibL1Calo - INFO: searching for new runs from 113233 to 2147483647
2009-04-29 07:04 - TileCalibL1Calo - DEBUG:  No new valid run. Last known valid run still: 113232
2009-04-29 07:19 - TileCalibL1Calo - INFO: ===> listening for new valid runs <===
2009-04-29 07:19 - TileCalibL1Calo - DEBUG: initialising coolRunLister
2009-04-29 07:19 - TileCalibL1Calo - DEBUG: applying selections to coolRunLister
2009-04-29 07:19 - TileCalibL1Calo - INFO: last valid run: 113232
2009-04-29 07:19 - TileCalibL1Calo - INFO: searching for new runs from 113233 to 2147483647
2009-04-29 07:19 - TileCalibL1Calo - DEBUG:  No new valid run. Last known valid run still: 113232
2009-04-29 07:35 - TileCalibL1Calo - INFO: ===> listening for new valid runs <===
2009-04-29 07:35 - TileCalibL1Calo - DEBUG: initialising coolRunLister
2009-04-29 07:35 - TileCalibL1Calo - DEBUG: applying selections to coolRunLister
2009-04-29 07:35 - TileCalibL1Calo - INFO: last valid run: 113232
2009-04-29 07:35 - TileCalibL1Calo - INFO: searching for new runs from 113233 to 2147483647
2009-04-29 07:35 - TileCalibL1Calo - DEBUG:  No new valid run. Last known valid run still: 113232
2009-04-29 07:50 - TileCalibL1Calo - INFO: ===> listening for new valid runs <===
2009-04-29 07:50 - TileCalibL1Calo - DEBUG: initialising coolRunLister
2009-04-29 07:50 - TileCalibL1Calo - DEBUG: applying selections to coolRunLister
2009-04-29 07:50 - TileCalibL1Calo - INFO: last valid run: 113232
2009-04-29 07:50 - TileCalibL1Calo - INFO: searching for new runs from 113233 to 2147483647
2009-04-29 07:50 - TileCalibL1Calo - DEBUG:  No new valid run. Last known valid run still: 113232
2009-04-29 08:05 - TileCalibL1Calo - INFO: ===> listening for new valid runs <===
2009-04-29 08:05 - TileCalibL1Calo - DEBUG: initialising coolRunLister
2009-04-29 08:05 - TileCalibL1Calo - DEBUG: applying selections to coolRunLister
2009-04-29 08:05 - TileCalibL1Calo - INFO: last valid run: 113232
2009-04-29 08:05 - TileCalibL1Calo - INFO: searching for new runs from 113233 to 2147483647
2009-04-29 08:05 - TileCalibL1Calo - DEBUG:  No new valid run. Last known valid run still: 113232
2009-04-29 08:20 - TileCalibL1Calo - INFO: ===> listening for new valid runs <===
2009-04-29 08:20 - TileCalibL1Calo - DEBUG: initialising coolRunLister
2009-04-29 08:20 - TileCalibL1Calo - DEBUG: applying selections to coolRunLister
2009-04-29 08:20 - TileCalibL1Calo - INFO: last valid run: 113232
2009-04-29 08:20 - TileCalibL1Calo - INFO: searching for new runs from 113233 to 2147483647
2009-04-29 08:20 - TileCalibL1Calo - DEBUG:  No new valid run. Last known valid run still: 113232
2009-04-29 08:35 - TileCalibL1Calo - INFO: ===> listening for new valid runs <===
2009-04-29 08:35 - TileCalibL1Calo - DEBUG: initialising coolRunLister
2009-04-29 08:35 - TileCalibL1Calo - DEBUG: applying selections to coolRunLister
2009-04-29 08:35 - TileCalibL1Calo - INFO: last valid run: 113232
2009-04-29 08:35 - TileCalibL1Calo - INFO: searching for new runs from 113233 to 2147483647
2009-04-29 08:35 - TileCalibL1Calo - DEBUG:  No new valid run. Last known valid run still: 113232
2009-04-29 08:50 - TileCalibL1Calo - INFO: ===> listening for new valid runs <===
2009-04-29 08:50 - TileCalibL1Calo - DEBUG: initialising coolRunLister
2009-04-29 08:50 - TileCalibL1Calo - DEBUG: applying selections to coolRunLister
2009-04-29 08:50 - TileCalibL1Calo - INFO: last valid run: 113232
2009-04-29 08:50 - TileCalibL1Calo - INFO: searching for new runs from 113233 to 2147483647
2009-04-29 08:50 - TileCalibL1Calo - DEBUG:  No new valid run. Last known valid run still: 113232
2009-04-29 09:05 - TileCalibL1Calo - INFO: ===> listening for new valid runs <===
2009-04-29 09:05 - TileCalibL1Calo - DEBUG: initialising coolRunLister
2009-04-29 09:05 - TileCalibL1Calo - DEBUG: applying selections to coolRunLister
2009-04-29 09:05 - TileCalibL1Calo - INFO: last valid run: 113232
2009-04-29 09:05 - TileCalibL1Calo - INFO: searching for new runs from 113233 to 2147483647
2009-04-29 09:05 - TileCalibL1Calo - DEBUG:  No new valid run. Last known valid run still: 113232
2009-04-29 09:21 - TileCalibL1Calo - INFO: ===> listening for new valid runs <===
2009-04-29 09:21 - TileCalibL1Calo - DEBUG: initialising coolRunLister
2009-04-29 09:21 - TileCalibL1Calo - DEBUG: applying selections to coolRunLister
2009-04-29 09:21 - TileCalibL1Calo - INFO: last valid run: 113232
2009-04-29 09:21 - TileCalibL1Calo - INFO: searching for new runs from 113233 to 2147483647
2009-04-29 09:21 - TileCalibL1Calo - DEBUG:  No new valid run. Last known valid run still: 113232
2009-04-29 09:36 - TileCalibL1Calo - INFO: ===> listening for new valid runs <===
2009-04-29 09:36 - TileCalibL1Calo - DEBUG: initialising coolRunLister
2009-04-29 09:36 - TileCalibL1Calo - DEBUG: applying selections to coolRunLister
2009-04-29 09:36 - TileCalibL1Calo - INFO: last valid run: 113232
2009-04-29 09:36 - TileCalibL1Calo - INFO: searching for new runs from 113233 to 2147483647
2009-04-29 09:36 - TileCalibL1Calo - DEBUG:  No new valid run. Last known valid run still: 113232
2009-04-29 09:51 - TileCalibL1Calo - INFO: ===> listening for new valid runs <===
2009-04-29 09:51 - TileCalibL1Calo - DEBUG: initialising coolRunLister
2009-04-29 09:51 - TileCalibL1Calo - DEBUG: applying selections to coolRunLister
2009-04-29 09:51 - TileCalibL1Calo - INFO: last valid run: 113232
2009-04-29 09:51 - TileCalibL1Calo - INFO: searching for new runs from 113233 to 2147483647
2009-04-29 09:51 - TileCalibL1Calo - DEBUG:  No new valid run. Last known valid run still: 113232
2009-04-29 10:06 - TileCalibL1Calo - INFO: ===> listening for new valid runs <===
2009-04-29 10:06 - TileCalibL1Calo - DEBUG: initialising coolRunLister
2009-04-29 10:06 - TileCalibL1Calo - DEBUG: applying selections to coolRunLister
2009-04-29 10:06 - TileCalibL1Calo - INFO: last valid run: 113232
2009-04-29 10:06 - TileCalibL1Calo - INFO: searching for new runs from 113233 to 2147483647
2009-04-29 10:06 - TileCalibL1Calo - DEBUG:  No new valid run. Last known valid run still: 113232
2009-04-29 10:21 - TileCalibL1Calo - INFO: ===> listening for new valid runs <===
2009-04-29 10:21 - TileCalibL1Calo - DEBUG: initialising coolRunLister
2009-04-29 10:21 - TileCalibL1Calo - DEBUG: applying selections to coolRunLister
2009-04-29 10:21 - TileCalibL1Calo - INFO: last valid run: 113232
2009-04-29 10:21 - TileCalibL1Calo - INFO: searching for new runs from 113233 to 2147483647
2009-04-29 10:21 - TileCalibL1Calo - DEBUG:  No new valid run. Last known valid run still: 113232
2009-04-29 10:36 - TileCalibL1Calo - INFO: ===> listening for new valid runs <===
2009-04-29 10:36 - TileCalibL1Calo - DEBUG: initialising coolRunLister
2009-04-29 10:36 - TileCalibL1Calo - DEBUG: applying selections to coolRunLister
2009-04-29 10:36 - TileCalibL1Calo - INFO: last valid run: 113232
2009-04-29 10:36 - TileCalibL1Calo - INFO: searching for new runs from 113233 to 2147483647
2009-04-29 10:36 - TileCalibL1Calo - DEBUG:  No new valid run. Last known valid run still: 113232
2009-04-29 10:51 - TileCalibL1Calo - INFO: ===> listening for new valid runs <===
2009-04-29 10:51 - TileCalibL1Calo - DEBUG: initialising coolRunLister
2009-04-29 10:51 - TileCalibL1Calo - DEBUG: applying selections to coolRunLister
2009-04-29 10:51 - TileCalibL1Calo - INFO: last valid run: 113232
2009-04-29 10:51 - TileCalibL1Calo - INFO: searching for new runs from 113233 to 2147483647
2009-04-29 10:51 - TileCalibL1Calo - DEBUG:  No new valid run. Last known valid run still: 113232
2009-04-29 11:07 - TileCalibL1Calo - INFO: ===> listening for new valid runs <===
2009-04-29 11:07 - TileCalibL1Calo - DEBUG: initialising coolRunLister
2009-04-29 11:07 - TileCalibL1Calo - DEBUG: applying selections to coolRunLister
2009-04-29 11:07 - TileCalibL1Calo - INFO: last valid run: 113232
2009-04-29 11:07 - TileCalibL1Calo - INFO: searching for new runs from 113233 to 2147483647
2009-04-29 11:07 - TileCalibL1Calo - DEBUG:  No new valid run. Last known valid run still: 113232
2009-04-29 11:22 - TileCalibL1Calo - INFO: ===> listening for new valid runs <===
2009-04-29 11:22 - TileCalibL1Calo - DEBUG: initialising coolRunLister
2009-04-29 11:22 - TileCalibL1Calo - DEBUG: applying selections to coolRunLister
2009-04-29 11:22 - TileCalibL1Calo - INFO: last valid run: 113232
2009-04-29 11:22 - TileCalibL1Calo - INFO: searching for new runs from 113233 to 2147483647
2009-04-29 11:22 - TileCalibL1Calo - DEBUG:  No new valid run. Last known valid run still: 113232
2009-04-29 11:37 - TileCalibL1Calo - INFO: ===> listening for new valid runs <===
2009-04-29 11:37 - TileCalibL1Calo - DEBUG: initialising coolRunLister
2009-04-29 11:37 - TileCalibL1Calo - DEBUG: applying selections to coolRunLister
2009-04-29 11:37 - TileCalibL1Calo - INFO: last valid run: 113232
2009-04-29 11:37 - TileCalibL1Calo - INFO: searching for new runs from 113233 to 2147483647
2009-04-29 11:37 - TileCalibL1Calo - DEBUG:  No new valid run. Last known valid run still: 113232
2009-04-29 11:52 - TileCalibL1Calo - INFO: ===> listening for new valid runs <===
2009-04-29 11:52 - TileCalibL1Calo - DEBUG: initialising coolRunLister
2009-04-29 11:52 - TileCalibL1Calo - DEBUG: applying selections to coolRunLister
2009-04-29 11:52 - TileCalibL1Calo - INFO: last valid run: 113232
2009-04-29 11:52 - TileCalibL1Calo - INFO: searching for new runs from 113233 to 2147483647
2009-04-29 11:52 - TileCalibL1Calo - DEBUG:  No new valid run. Last known valid run still: 113232
2009-04-29 12:07 - TileCalibL1Calo - INFO: ===> listening for new valid runs <===
2009-04-29 12:07 - TileCalibL1Calo - DEBUG: initialising coolRunLister
2009-04-29 12:07 - TileCalibL1Calo - DEBUG: applying selections to coolRunLister
2009-04-29 12:07 - TileCalibL1Calo - INFO: last valid run: 113232
2009-04-29 12:07 - TileCalibL1Calo - INFO: searching for new runs from 113233 to 2147483647
2009-04-29 12:07 - TileCalibL1Calo - DEBUG:  No new valid run. Last known valid run still: 113232
2009-04-29 12:22 - TileCalibL1Calo - INFO: ===> listening for new valid runs <===
2009-04-29 12:22 - TileCalibL1Calo - DEBUG: initialising coolRunLister
2009-04-29 12:22 - TileCalibL1Calo - DEBUG: applying selections to coolRunLister
2009-04-29 12:22 - TileCalibL1Calo - INFO: last valid run: 113232
2009-04-29 12:22 - TileCalibL1Calo - INFO: searching for new runs from 113233 to 2147483647
2009-04-29 12:22 - TileCalibL1Calo - DEBUG:  No new valid run. Last known valid run still: 113232
2009-04-29 12:37 - TileCalibL1Calo - INFO: ===> listening for new valid runs <===
2009-04-29 12:37 - TileCalibL1Calo - DEBUG: initialising coolRunLister
2009-04-29 12:37 - TileCalibL1Calo - DEBUG: applying selections to coolRunLister
2009-04-29 12:37 - TileCalibL1Calo - INFO: last valid run: 113232
2009-04-29 12:37 - TileCalibL1Calo - INFO: searching for new runs from 113233 to 2147483647
2009-04-29 12:37 - TileCalibL1Calo - DEBUG:  No new valid run. Last known valid run still: 113232
2009-04-29 12:53 - TileCalibL1Calo - INFO: ===> listening for new valid runs <===
2009-04-29 12:53 - TileCalibL1Calo - DEBUG: initialising coolRunLister
2009-04-29 12:53 - TileCalibL1Calo - DEBUG: applying selections to coolRunLister
2009-04-29 12:53 - TileCalibL1Calo - INFO: last valid run: 113232
2009-04-29 12:53 - TileCalibL1Calo - INFO: searching for new runs from 113233 to 2147483647
2009-04-29 12:53 - TileCalibL1Calo - DEBUG:  No new valid run. Last known valid run still: 113232
2009-04-29 13:08 - TileCalibL1Calo - INFO: ===> listening for new valid runs <===
2009-04-29 13:08 - TileCalibL1Calo - DEBUG: initialising coolRunLister
2009-04-29 13:08 - TileCalibL1Calo - DEBUG: applying selections to coolRunLister
2009-04-29 13:08 - TileCalibL1Calo - INFO: last valid run: 113232
2009-04-29 13:08 - TileCalibL1Calo - INFO: searching for new runs from 113233 to 2147483647
2009-04-29 13:08 - TileCalibL1Calo - DEBUG:  No new valid run. Last known valid run still: 113232
2009-04-29 13:23 - TileCalibL1Calo - INFO: ===> listening for new valid runs <===
2009-04-29 13:23 - TileCalibL1Calo - DEBUG: initialising coolRunLister
2009-04-29 13:23 - TileCalibL1Calo - DEBUG: applying selections to coolRunLister
2009-04-29 13:23 - TileCalibL1Calo - INFO: last valid run: 113232
2009-04-29 13:23 - TileCalibL1Calo - INFO: searching for new runs from 113233 to 2147483647
2009-04-29 13:23 - TileCalibL1Calo - DEBUG:  No new valid run. Last known valid run still: 113232
2009-04-29 13:38 - TileCalibL1Calo - INFO: ===> listening for new valid runs <===
2009-04-29 13:38 - TileCalibL1Calo - DEBUG: initialising coolRunLister
2009-04-29 13:38 - TileCalibL1Calo - DEBUG: applying selections to coolRunLister
2009-04-29 13:38 - TileCalibL1Calo - INFO: last valid run: 113232
2009-04-29 13:38 - TileCalibL1Calo - INFO: searching for new runs from 113233 to 2147483647
2009-04-29 13:38 - TileCalibL1Calo - DEBUG:  No new valid run. Last known valid run still: 113232
2009-04-29 13:53 - TileCalibL1Calo - INFO: ===> listening for new valid runs <===
2009-04-29 13:53 - TileCalibL1Calo - DEBUG: initialising coolRunLister
2009-04-29 13:53 - TileCalibL1Calo - DEBUG: applying selections to coolRunLister
2009-04-29 13:53 - TileCalibL1Calo - INFO: last valid run: 113232
2009-04-29 13:53 - TileCalibL1Calo - INFO: searching for new runs from 113233 to 2147483647
2009-04-29 13:53 - TileCalibL1Calo - DEBUG:  No new valid run. Last known valid run still: 113232
2009-04-29 14:08 - TileCalibL1Calo - INFO: ===> listening for new valid runs <===
2009-04-29 14:08 - TileCalibL1Calo - DEBUG: initialising coolRunLister
2009-04-29 14:08 - TileCalibL1Calo - DEBUG: applying selections to coolRunLister
2009-04-29 14:08 - TileCalibL1Calo - INFO: last valid run: 113232
2009-04-29 14:08 - TileCalibL1Calo - INFO: searching for new runs from 113233 to 2147483647
2009-04-29 14:08 - TileCalibL1Calo - DEBUG:  No new valid run. Last known valid run still: 113232
2009-04-29 14:23 - TileCalibL1Calo - INFO: ===> listening for new valid runs <===
2009-04-29 14:23 - TileCalibL1Calo - DEBUG: initialising coolRunLister
2009-04-29 14:23 - TileCalibL1Calo - DEBUG: applying selections to coolRunLister
2009-04-29 14:23 - TileCalibL1Calo - INFO: last valid run: 113232
2009-04-29 14:23 - TileCalibL1Calo - INFO: searching for new runs from 113233 to 2147483647
2009-04-29 14:24 - TileCalibL1Calo - DEBUG:  No new valid run. Last known valid run still: 113232
2009-04-29 14:39 - TileCalibL1Calo - INFO: ===> listening for new valid runs <===
2009-04-29 14:39 - TileCalibL1Calo - DEBUG: initialising coolRunLister
2009-04-29 14:39 - TileCalibL1Calo - DEBUG: applying selections to coolRunLister
2009-04-29 14:39 - TileCalibL1Calo - INFO: last valid run: 113232
2009-04-29 14:39 - TileCalibL1Calo - INFO: searching for new runs from 113233 to 2147483647
2009-04-29 14:39 - TileCalibL1Calo - DEBUG:  No new valid run. Last known valid run still: 113232
2009-04-29 14:54 - TileCalibL1Calo - INFO: ===> listening for new valid runs <===
2009-04-29 14:54 - TileCalibL1Calo - DEBUG: initialising coolRunLister
2009-04-29 14:54 - TileCalibL1Calo - DEBUG: applying selections to coolRunLister
2009-04-29 14:54 - TileCalibL1Calo - INFO: last valid run: 113232
2009-04-29 14:54 - TileCalibL1Calo - INFO: searching for new runs from 113233 to 2147483647
2009-04-29 14:54 - TileCalibL1Calo - DEBUG:  No new valid run. Last known valid run still: 113232
2009-04-29 15:09 - TileCalibL1Calo - INFO: ===> listening for new valid runs <===
2009-04-29 15:09 - TileCalibL1Calo - DEBUG: initialising coolRunLister
2009-04-29 15:09 - TileCalibL1Calo - DEBUG: applying selections to coolRunLister
2009-04-29 15:09 - TileCalibL1Calo - INFO: last valid run: 113232
2009-04-29 15:09 - TileCalibL1Calo - INFO: searching for new runs from 113233 to 2147483647
2009-04-29 15:09 - TileCalibL1Calo - DEBUG:  No new valid run. Last known valid run still: 113232
2009-04-29 15:24 - TileCalibL1Calo - INFO: ===> listening for new valid runs <===
2009-04-29 15:24 - TileCalibL1Calo - DEBUG: initialising coolRunLister
2009-04-29 15:24 - TileCalibL1Calo - DEBUG: applying selections to coolRunLister
2009-04-29 15:24 - TileCalibL1Calo - INFO: last valid run: 113232
2009-04-29 15:24 - TileCalibL1Calo - INFO: searching for new runs from 113233 to 2147483647
2009-04-29 15:24 - TileCalibL1Calo - DEBUG:  No new valid run. Last known valid run still: 113232
2009-04-29 15:39 - TileCalibL1Calo - INFO: ===> listening for new valid runs <===
2009-04-29 15:39 - TileCalibL1Calo - DEBUG: initialising coolRunLister
2009-04-29 15:39 - TileCalibL1Calo - DEBUG: applying selections to coolRunLister
2009-04-29 15:39 - TileCalibL1Calo - INFO: last valid run: 113232
2009-04-29 15:39 - TileCalibL1Calo - INFO: searching for new runs from 113233 to 2147483647
2009-04-29 15:39 - TileCalibL1Calo - DEBUG:  No new valid run. Last known valid run still: 113232
2009-04-29 15:54 - TileCalibL1Calo - INFO: ===> listening for new valid runs <===
2009-04-29 15:54 - TileCalibL1Calo - DEBUG: initialising coolRunLister
2009-04-29 15:54 - TileCalibL1Calo - DEBUG: applying selections to coolRunLister
2009-04-29 15:54 - TileCalibL1Calo - INFO: last valid run: 113232
2009-04-29 15:54 - TileCalibL1Calo - INFO: searching for new runs from 113233 to 2147483647
2009-04-29 15:54 - TileCalibL1Calo - DEBUG:  No new valid run. Last known valid run still: 113232
