2009-04-16 00:01 - LArCalibL1Calo - INFO: ========================================
2009-04-16 00:01 - LArCalibL1Calo - INFO: RunListener in init
2009-04-16 00:01 - LArCalibL1Calo - INFO: RunListener initialized
2009-04-16 00:01 - LArCalibL1Calo - INFO: ========================================
2009-04-16 00:01 - LArCalibL1Calo - INFO: ===> from initRunListener <===
2009-04-16 00:01 - LArCalibL1Calo - INFO: 
RunListener LArCalibL1Caloinitialised with the following parameters:
TDAQ DB: COOLONL_TDAQ/COMP200
TRIG DB: COOLONL_TRIGGER/COMP200
Status DB: COOLONL_TDAQ/COMP200
log level: 0
oracle: False
rec. only: True
det. mask: 0
run type: LarCalibL1Calo
det. status: 
det. status tag: HEAD
daq partition: LArgL1Calo-TTC2LAN
tag: 
format: acertd
reverse: False
stoptimestamp: True
cleanstop: True
hasevents: False
last valid run known: 0

2009-04-16 00:12 - LArCalibL1Calo - INFO: ===> listening for new valid runs <===
2009-04-16 00:12 - LArCalibL1Calo - DEBUG: initialising coolRunLister
2009-04-16 00:12 - LArCalibL1Calo - DEBUG: applying selections to coolRunLister
2009-04-16 00:12 - LArCalibL1Calo - INFO: last valid run: 104000
2009-04-16 00:12 - LArCalibL1Calo - INFO: searching for new runs from 104001 to 2147483647
2009-04-16 00:12 - LArCalibL1Calo - DEBUG: new last known run: 104816
2009-04-16 00:12 - LArCalibL1Calo - DEBUG: 
     Run   Events  LumiB            StartTime             StopTime L1Events L2Events EFEvents ErrC Rec Cln RunType                  DetectorMask DAQConfiguration     PartitionName    FilenameTag         
  104783     4500      7  2009-04-01:12:13:10  2009-04-01:12:17:28     4500        0     4500    0  No Yes LarCalibL1Calo             6400057000 Schema=127:Data=118  LArgL1Calo-TTC2LAN L1Calib             
     Run   Events  LumiB            StartTime             StopTime L1Events L2Events EFEvents ErrC Rec Cln RunType                  DetectorMask DAQConfiguration     PartitionName    FilenameTag         
  104804        0      1  2009-04-01:12:50:49  2009-04-01:12:52:05        0        0        0    0  No Yes LarCalibL1Calo             6400057000 Schema=127:Data=119  LArgL1Calo-TTC2LAN L1Calib             
     Run   Events  LumiB            StartTime             StopTime L1Events L2Events EFEvents ErrC Rec Cln RunType                  DetectorMask DAQConfiguration     PartitionName    FilenameTag         
  104809        0      1  2009-04-01:12:55:52  2009-04-01:12:57:07        0        0        0    0  No Yes LarCalibL1Calo             6400057000 Schema=127:Data=119  LArgL1Calo-TTC2LAN L1Calib             
     Run   Events  LumiB            StartTime             StopTime L1Events L2Events EFEvents ErrC Rec Cln RunType                  DetectorMask DAQConfiguration     PartitionName    FilenameTag         
  104816      500      1  2009-04-01:12:59:41  2009-04-01:13:01:51      500        0      500    0  No Yes LarCalibL1Calo             6400057000 Schema=127:Data=119  LArgL1Calo-TTC2LAN L1Calib             

2009-04-16 00:22 - LArCalibL1Calo - INFO: ===> listening for new valid runs <===
2009-04-16 00:22 - LArCalibL1Calo - DEBUG: initialising coolRunLister
2009-04-16 00:22 - LArCalibL1Calo - DEBUG: applying selections to coolRunLister
2009-04-16 00:22 - LArCalibL1Calo - INFO: last valid run: 104816
2009-04-16 00:22 - LArCalibL1Calo - INFO: searching for new runs from 104817 to 2147483647
2009-04-16 00:22 - LArCalibL1Calo - DEBUG:  No new valid run. Last known valid run still: 104816
2009-04-16 00:33 - LArCalibL1Calo - INFO: ===> listening for new valid runs <===
2009-04-16 00:33 - LArCalibL1Calo - DEBUG: initialising coolRunLister
2009-04-16 00:33 - LArCalibL1Calo - DEBUG: applying selections to coolRunLister
2009-04-16 00:33 - LArCalibL1Calo - INFO: last valid run: 104816
2009-04-16 00:33 - LArCalibL1Calo - INFO: searching for new runs from 104817 to 2147483647
2009-04-16 00:33 - LArCalibL1Calo - DEBUG:  No new valid run. Last known valid run still: 104816
2009-04-16 00:43 - LArCalibL1Calo - INFO: ===> listening for new valid runs <===
2009-04-16 00:43 - LArCalibL1Calo - DEBUG: initialising coolRunLister
2009-04-16 00:43 - LArCalibL1Calo - DEBUG: applying selections to coolRunLister
2009-04-16 00:43 - LArCalibL1Calo - INFO: last valid run: 104816
2009-04-16 00:43 - LArCalibL1Calo - INFO: searching for new runs from 104817 to 2147483647
2009-04-16 00:43 - LArCalibL1Calo - DEBUG:  No new valid run. Last known valid run still: 104816
2009-04-16 00:53 - LArCalibL1Calo - INFO: ===> listening for new valid runs <===
2009-04-16 00:53 - LArCalibL1Calo - DEBUG: initialising coolRunLister
2009-04-16 00:53 - LArCalibL1Calo - DEBUG: applying selections to coolRunLister
2009-04-16 00:53 - LArCalibL1Calo - INFO: last valid run: 104816
2009-04-16 00:53 - LArCalibL1Calo - INFO: searching for new runs from 104817 to 2147483647
2009-04-16 00:53 - LArCalibL1Calo - DEBUG:  No new valid run. Last known valid run still: 104816
2009-04-16 01:04 - LArCalibL1Calo - INFO: ===> listening for new valid runs <===
2009-04-16 01:04 - LArCalibL1Calo - DEBUG: initialising coolRunLister
2009-04-16 01:04 - LArCalibL1Calo - DEBUG: applying selections to coolRunLister
2009-04-16 01:04 - LArCalibL1Calo - INFO: last valid run: 104816
2009-04-16 01:04 - LArCalibL1Calo - INFO: searching for new runs from 104817 to 2147483647
2009-04-16 01:04 - LArCalibL1Calo - DEBUG:  No new valid run. Last known valid run still: 104816
2009-04-16 01:14 - LArCalibL1Calo - INFO: ===> listening for new valid runs <===
2009-04-16 01:14 - LArCalibL1Calo - DEBUG: initialising coolRunLister
2009-04-16 01:14 - LArCalibL1Calo - DEBUG: applying selections to coolRunLister
2009-04-16 01:14 - LArCalibL1Calo - INFO: last valid run: 104816
2009-04-16 01:14 - LArCalibL1Calo - INFO: searching for new runs from 104817 to 2147483647
2009-04-16 01:14 - LArCalibL1Calo - DEBUG:  No new valid run. Last known valid run still: 104816
2009-04-16 01:24 - LArCalibL1Calo - INFO: ===> listening for new valid runs <===
2009-04-16 01:24 - LArCalibL1Calo - DEBUG: initialising coolRunLister
2009-04-16 01:24 - LArCalibL1Calo - DEBUG: applying selections to coolRunLister
2009-04-16 01:24 - LArCalibL1Calo - INFO: last valid run: 104816
2009-04-16 01:24 - LArCalibL1Calo - INFO: searching for new runs from 104817 to 2147483647
2009-04-16 01:24 - LArCalibL1Calo - DEBUG:  No new valid run. Last known valid run still: 104816
2009-04-16 01:35 - LArCalibL1Calo - INFO: ===> listening for new valid runs <===
2009-04-16 01:35 - LArCalibL1Calo - DEBUG: initialising coolRunLister
2009-04-16 01:35 - LArCalibL1Calo - DEBUG: applying selections to coolRunLister
2009-04-16 01:35 - LArCalibL1Calo - INFO: last valid run: 104816
2009-04-16 01:35 - LArCalibL1Calo - INFO: searching for new runs from 104817 to 2147483647
2009-04-16 01:35 - LArCalibL1Calo - DEBUG:  No new valid run. Last known valid run still: 104816
2009-04-16 01:45 - LArCalibL1Calo - INFO: ===> listening for new valid runs <===
2009-04-16 01:45 - LArCalibL1Calo - DEBUG: initialising coolRunLister
2009-04-16 01:45 - LArCalibL1Calo - DEBUG: applying selections to coolRunLister
2009-04-16 01:45 - LArCalibL1Calo - INFO: last valid run: 104816
2009-04-16 01:45 - LArCalibL1Calo - INFO: searching for new runs from 104817 to 2147483647
2009-04-16 01:45 - LArCalibL1Calo - DEBUG:  No new valid run. Last known valid run still: 104816
2009-04-16 01:55 - LArCalibL1Calo - INFO: ===> listening for new valid runs <===
2009-04-16 01:55 - LArCalibL1Calo - DEBUG: initialising coolRunLister
2009-04-16 01:55 - LArCalibL1Calo - DEBUG: applying selections to coolRunLister
2009-04-16 01:55 - LArCalibL1Calo - INFO: last valid run: 104816
2009-04-16 01:55 - LArCalibL1Calo - INFO: searching for new runs from 104817 to 2147483647
2009-04-16 01:55 - LArCalibL1Calo - DEBUG:  No new valid run. Last known valid run still: 104816
2009-04-16 02:06 - LArCalibL1Calo - INFO: ===> listening for new valid runs <===
2009-04-16 02:06 - LArCalibL1Calo - DEBUG: initialising coolRunLister
2009-04-16 02:06 - LArCalibL1Calo - DEBUG: applying selections to coolRunLister
2009-04-16 02:06 - LArCalibL1Calo - INFO: last valid run: 104816
2009-04-16 02:06 - LArCalibL1Calo - INFO: searching for new runs from 104817 to 2147483647
2009-04-16 02:06 - LArCalibL1Calo - DEBUG:  No new valid run. Last known valid run still: 104816
2009-04-16 02:16 - LArCalibL1Calo - INFO: ===> listening for new valid runs <===
2009-04-16 02:16 - LArCalibL1Calo - DEBUG: initialising coolRunLister
2009-04-16 02:16 - LArCalibL1Calo - DEBUG: applying selections to coolRunLister
2009-04-16 02:16 - LArCalibL1Calo - INFO: last valid run: 104816
2009-04-16 02:16 - LArCalibL1Calo - INFO: searching for new runs from 104817 to 2147483647
2009-04-16 02:16 - LArCalibL1Calo - DEBUG:  No new valid run. Last known valid run still: 104816
2009-04-16 02:26 - LArCalibL1Calo - INFO: ===> listening for new valid runs <===
2009-04-16 02:26 - LArCalibL1Calo - DEBUG: initialising coolRunLister
2009-04-16 02:26 - LArCalibL1Calo - DEBUG: applying selections to coolRunLister
2009-04-16 02:26 - LArCalibL1Calo - INFO: last valid run: 104816
2009-04-16 02:26 - LArCalibL1Calo - INFO: searching for new runs from 104817 to 2147483647
2009-04-16 02:26 - LArCalibL1Calo - DEBUG:  No new valid run. Last known valid run still: 104816
2009-04-16 02:37 - LArCalibL1Calo - INFO: ===> listening for new valid runs <===
2009-04-16 02:37 - LArCalibL1Calo - DEBUG: initialising coolRunLister
2009-04-16 02:37 - LArCalibL1Calo - DEBUG: applying selections to coolRunLister
2009-04-16 02:37 - LArCalibL1Calo - INFO: last valid run: 104816
2009-04-16 02:37 - LArCalibL1Calo - INFO: searching for new runs from 104817 to 2147483647
2009-04-16 02:37 - LArCalibL1Calo - DEBUG:  No new valid run. Last known valid run still: 104816
2009-04-16 02:47 - LArCalibL1Calo - INFO: ===> listening for new valid runs <===
2009-04-16 02:47 - LArCalibL1Calo - DEBUG: initialising coolRunLister
2009-04-16 02:47 - LArCalibL1Calo - DEBUG: applying selections to coolRunLister
2009-04-16 02:47 - LArCalibL1Calo - INFO: last valid run: 104816
2009-04-16 02:47 - LArCalibL1Calo - INFO: searching for new runs from 104817 to 2147483647
2009-04-16 02:47 - LArCalibL1Calo - DEBUG:  No new valid run. Last known valid run still: 104816
2009-04-16 02:57 - LArCalibL1Calo - INFO: ===> listening for new valid runs <===
2009-04-16 02:57 - LArCalibL1Calo - DEBUG: initialising coolRunLister
2009-04-16 02:57 - LArCalibL1Calo - DEBUG: applying selections to coolRunLister
2009-04-16 02:57 - LArCalibL1Calo - INFO: last valid run: 104816
2009-04-16 02:57 - LArCalibL1Calo - INFO: searching for new runs from 104817 to 2147483647
2009-04-16 02:57 - LArCalibL1Calo - DEBUG:  No new valid run. Last known valid run still: 104816
2009-04-16 03:08 - LArCalibL1Calo - INFO: ===> listening for new valid runs <===
2009-04-16 03:08 - LArCalibL1Calo - DEBUG: initialising coolRunLister
2009-04-16 03:08 - LArCalibL1Calo - DEBUG: applying selections to coolRunLister
2009-04-16 03:08 - LArCalibL1Calo - INFO: last valid run: 104816
2009-04-16 03:08 - LArCalibL1Calo - INFO: searching for new runs from 104817 to 2147483647
2009-04-16 03:08 - LArCalibL1Calo - DEBUG:  No new valid run. Last known valid run still: 104816
2009-04-16 03:18 - LArCalibL1Calo - INFO: ===> listening for new valid runs <===
2009-04-16 03:18 - LArCalibL1Calo - DEBUG: initialising coolRunLister
2009-04-16 03:18 - LArCalibL1Calo - DEBUG: applying selections to coolRunLister
2009-04-16 03:18 - LArCalibL1Calo - INFO: last valid run: 104816
2009-04-16 03:18 - LArCalibL1Calo - INFO: searching for new runs from 104817 to 2147483647
2009-04-16 03:18 - LArCalibL1Calo - DEBUG:  No new valid run. Last known valid run still: 104816
2009-04-16 03:28 - LArCalibL1Calo - INFO: ===> listening for new valid runs <===
2009-04-16 03:28 - LArCalibL1Calo - DEBUG: initialising coolRunLister
2009-04-16 03:28 - LArCalibL1Calo - DEBUG: applying selections to coolRunLister
2009-04-16 03:28 - LArCalibL1Calo - INFO: last valid run: 104816
2009-04-16 03:28 - LArCalibL1Calo - INFO: searching for new runs from 104817 to 2147483647
2009-04-16 03:28 - LArCalibL1Calo - DEBUG:  No new valid run. Last known valid run still: 104816
2009-04-16 03:39 - LArCalibL1Calo - INFO: ===> listening for new valid runs <===
2009-04-16 03:39 - LArCalibL1Calo - DEBUG: initialising coolRunLister
2009-04-16 03:39 - LArCalibL1Calo - DEBUG: applying selections to coolRunLister
2009-04-16 03:39 - LArCalibL1Calo - INFO: last valid run: 104816
2009-04-16 03:39 - LArCalibL1Calo - INFO: searching for new runs from 104817 to 2147483647
2009-04-16 03:39 - LArCalibL1Calo - DEBUG:  No new valid run. Last known valid run still: 104816
2009-04-16 03:49 - LArCalibL1Calo - INFO: ===> listening for new valid runs <===
2009-04-16 03:49 - LArCalibL1Calo - DEBUG: initialising coolRunLister
2009-04-16 03:49 - LArCalibL1Calo - DEBUG: applying selections to coolRunLister
2009-04-16 03:49 - LArCalibL1Calo - INFO: last valid run: 104816
2009-04-16 03:49 - LArCalibL1Calo - INFO: searching for new runs from 104817 to 2147483647
2009-04-16 03:49 - LArCalibL1Calo - DEBUG:  No new valid run. Last known valid run still: 104816
2009-04-16 03:59 - LArCalibL1Calo - INFO: ===> listening for new valid runs <===
2009-04-16 03:59 - LArCalibL1Calo - DEBUG: initialising coolRunLister
2009-04-16 03:59 - LArCalibL1Calo - DEBUG: applying selections to coolRunLister
2009-04-16 03:59 - LArCalibL1Calo - INFO: last valid run: 104816
2009-04-16 03:59 - LArCalibL1Calo - INFO: searching for new runs from 104817 to 2147483647
2009-04-16 03:59 - LArCalibL1Calo - DEBUG:  No new valid run. Last known valid run still: 104816
2009-04-16 04:10 - LArCalibL1Calo - INFO: ===> listening for new valid runs <===
2009-04-16 04:10 - LArCalibL1Calo - DEBUG: initialising coolRunLister
2009-04-16 04:10 - LArCalibL1Calo - DEBUG: applying selections to coolRunLister
2009-04-16 04:10 - LArCalibL1Calo - INFO: last valid run: 104816
2009-04-16 04:10 - LArCalibL1Calo - INFO: searching for new runs from 104817 to 2147483647
2009-04-16 04:10 - LArCalibL1Calo - DEBUG:  No new valid run. Last known valid run still: 104816
2009-04-16 04:20 - LArCalibL1Calo - INFO: ===> listening for new valid runs <===
2009-04-16 04:20 - LArCalibL1Calo - DEBUG: initialising coolRunLister
2009-04-16 04:20 - LArCalibL1Calo - DEBUG: applying selections to coolRunLister
2009-04-16 04:20 - LArCalibL1Calo - INFO: last valid run: 104816
2009-04-16 04:20 - LArCalibL1Calo - INFO: searching for new runs from 104817 to 2147483647
2009-04-16 04:20 - LArCalibL1Calo - DEBUG:  No new valid run. Last known valid run still: 104816
2009-04-16 04:30 - LArCalibL1Calo - INFO: ===> listening for new valid runs <===
2009-04-16 04:30 - LArCalibL1Calo - DEBUG: initialising coolRunLister
2009-04-16 04:30 - LArCalibL1Calo - DEBUG: applying selections to coolRunLister
2009-04-16 04:30 - LArCalibL1Calo - INFO: last valid run: 104816
2009-04-16 04:30 - LArCalibL1Calo - INFO: searching for new runs from 104817 to 2147483647
2009-04-16 04:30 - LArCalibL1Calo - DEBUG:  No new valid run. Last known valid run still: 104816
2009-04-16 04:41 - LArCalibL1Calo - INFO: ===> listening for new valid runs <===
2009-04-16 04:41 - LArCalibL1Calo - DEBUG: initialising coolRunLister
2009-04-16 04:41 - LArCalibL1Calo - DEBUG: applying selections to coolRunLister
2009-04-16 04:41 - LArCalibL1Calo - INFO: last valid run: 104816
2009-04-16 04:41 - LArCalibL1Calo - INFO: searching for new runs from 104817 to 2147483647
2009-04-16 04:41 - LArCalibL1Calo - DEBUG:  No new valid run. Last known valid run still: 104816
2009-04-16 04:51 - LArCalibL1Calo - INFO: ===> listening for new valid runs <===
2009-04-16 04:51 - LArCalibL1Calo - DEBUG: initialising coolRunLister
2009-04-16 04:51 - LArCalibL1Calo - DEBUG: applying selections to coolRunLister
2009-04-16 04:51 - LArCalibL1Calo - INFO: last valid run: 104816
2009-04-16 04:51 - LArCalibL1Calo - INFO: searching for new runs from 104817 to 2147483647
2009-04-16 04:51 - LArCalibL1Calo - DEBUG:  No new valid run. Last known valid run still: 104816
2009-04-16 05:01 - LArCalibL1Calo - INFO: ===> listening for new valid runs <===
2009-04-16 05:01 - LArCalibL1Calo - DEBUG: initialising coolRunLister
2009-04-16 05:01 - LArCalibL1Calo - DEBUG: applying selections to coolRunLister
2009-04-16 05:01 - LArCalibL1Calo - INFO: last valid run: 104816
2009-04-16 05:01 - LArCalibL1Calo - INFO: searching for new runs from 104817 to 2147483647
2009-04-16 05:01 - LArCalibL1Calo - DEBUG:  No new valid run. Last known valid run still: 104816
2009-04-16 05:12 - LArCalibL1Calo - INFO: ===> listening for new valid runs <===
2009-04-16 05:12 - LArCalibL1Calo - DEBUG: initialising coolRunLister
2009-04-16 05:12 - LArCalibL1Calo - DEBUG: applying selections to coolRunLister
2009-04-16 05:12 - LArCalibL1Calo - INFO: last valid run: 104816
2009-04-16 05:12 - LArCalibL1Calo - INFO: searching for new runs from 104817 to 2147483647
2009-04-16 05:12 - LArCalibL1Calo - DEBUG:  No new valid run. Last known valid run still: 104816
2009-04-16 05:22 - LArCalibL1Calo - INFO: ===> listening for new valid runs <===
2009-04-16 05:22 - LArCalibL1Calo - DEBUG: initialising coolRunLister
2009-04-16 05:22 - LArCalibL1Calo - DEBUG: applying selections to coolRunLister
2009-04-16 05:22 - LArCalibL1Calo - INFO: last valid run: 104816
2009-04-16 05:22 - LArCalibL1Calo - INFO: searching for new runs from 104817 to 2147483647
2009-04-16 05:22 - LArCalibL1Calo - DEBUG:  No new valid run. Last known valid run still: 104816
2009-04-16 05:32 - LArCalibL1Calo - INFO: ===> listening for new valid runs <===
2009-04-16 05:32 - LArCalibL1Calo - DEBUG: initialising coolRunLister
2009-04-16 05:32 - LArCalibL1Calo - DEBUG: applying selections to coolRunLister
2009-04-16 05:32 - LArCalibL1Calo - INFO: last valid run: 104816
2009-04-16 05:32 - LArCalibL1Calo - INFO: searching for new runs from 104817 to 2147483647
2009-04-16 05:32 - LArCalibL1Calo - DEBUG:  No new valid run. Last known valid run still: 104816
2009-04-16 05:43 - LArCalibL1Calo - INFO: ===> listening for new valid runs <===
2009-04-16 05:43 - LArCalibL1Calo - DEBUG: initialising coolRunLister
2009-04-16 05:43 - LArCalibL1Calo - DEBUG: applying selections to coolRunLister
2009-04-16 05:43 - LArCalibL1Calo - INFO: last valid run: 104816
2009-04-16 05:43 - LArCalibL1Calo - INFO: searching for new runs from 104817 to 2147483647
2009-04-16 05:43 - LArCalibL1Calo - DEBUG:  No new valid run. Last known valid run still: 104816
2009-04-16 05:53 - LArCalibL1Calo - INFO: ===> listening for new valid runs <===
2009-04-16 05:53 - LArCalibL1Calo - DEBUG: initialising coolRunLister
2009-04-16 05:53 - LArCalibL1Calo - DEBUG: applying selections to coolRunLister
2009-04-16 05:53 - LArCalibL1Calo - INFO: last valid run: 104816
2009-04-16 05:53 - LArCalibL1Calo - INFO: searching for new runs from 104817 to 2147483647
2009-04-16 05:53 - LArCalibL1Calo - DEBUG:  No new valid run. Last known valid run still: 104816
2009-04-16 06:03 - LArCalibL1Calo - INFO: ===> listening for new valid runs <===
2009-04-16 06:03 - LArCalibL1Calo - DEBUG: initialising coolRunLister
2009-04-16 06:03 - LArCalibL1Calo - DEBUG: applying selections to coolRunLister
2009-04-16 06:03 - LArCalibL1Calo - INFO: last valid run: 104816
2009-04-16 06:03 - LArCalibL1Calo - INFO: searching for new runs from 104817 to 2147483647
2009-04-16 06:03 - LArCalibL1Calo - DEBUG:  No new valid run. Last known valid run still: 104816
2009-04-16 06:14 - LArCalibL1Calo - INFO: ===> listening for new valid runs <===
2009-04-16 06:14 - LArCalibL1Calo - DEBUG: initialising coolRunLister
2009-04-16 06:14 - LArCalibL1Calo - DEBUG: applying selections to coolRunLister
2009-04-16 06:14 - LArCalibL1Calo - INFO: last valid run: 104816
2009-04-16 06:14 - LArCalibL1Calo - INFO: searching for new runs from 104817 to 2147483647
2009-04-16 06:14 - LArCalibL1Calo - DEBUG:  No new valid run. Last known valid run still: 104816
2009-04-16 06:24 - LArCalibL1Calo - INFO: ===> listening for new valid runs <===
2009-04-16 06:24 - LArCalibL1Calo - DEBUG: initialising coolRunLister
2009-04-16 06:24 - LArCalibL1Calo - DEBUG: applying selections to coolRunLister
2009-04-16 06:24 - LArCalibL1Calo - INFO: last valid run: 104816
2009-04-16 06:24 - LArCalibL1Calo - INFO: searching for new runs from 104817 to 2147483647
2009-04-16 06:24 - LArCalibL1Calo - DEBUG:  No new valid run. Last known valid run still: 104816
2009-04-16 06:34 - LArCalibL1Calo - INFO: ===> listening for new valid runs <===
2009-04-16 06:34 - LArCalibL1Calo - DEBUG: initialising coolRunLister
2009-04-16 06:34 - LArCalibL1Calo - DEBUG: applying selections to coolRunLister
2009-04-16 06:34 - LArCalibL1Calo - INFO: last valid run: 104816
2009-04-16 06:34 - LArCalibL1Calo - INFO: searching for new runs from 104817 to 2147483647
2009-04-16 06:34 - LArCalibL1Calo - DEBUG:  No new valid run. Last known valid run still: 104816
2009-04-16 06:45 - LArCalibL1Calo - INFO: ===> listening for new valid runs <===
2009-04-16 06:45 - LArCalibL1Calo - DEBUG: initialising coolRunLister
2009-04-16 06:45 - LArCalibL1Calo - DEBUG: applying selections to coolRunLister
2009-04-16 06:45 - LArCalibL1Calo - INFO: last valid run: 104816
2009-04-16 06:45 - LArCalibL1Calo - INFO: searching for new runs from 104817 to 2147483647
2009-04-16 06:45 - LArCalibL1Calo - DEBUG:  No new valid run. Last known valid run still: 104816
2009-04-16 06:55 - LArCalibL1Calo - INFO: ===> listening for new valid runs <===
2009-04-16 06:55 - LArCalibL1Calo - DEBUG: initialising coolRunLister
2009-04-16 06:55 - LArCalibL1Calo - DEBUG: applying selections to coolRunLister
2009-04-16 06:55 - LArCalibL1Calo - INFO: last valid run: 104816
2009-04-16 06:55 - LArCalibL1Calo - INFO: searching for new runs from 104817 to 2147483647
2009-04-16 06:55 - LArCalibL1Calo - DEBUG:  No new valid run. Last known valid run still: 104816
2009-04-16 07:05 - LArCalibL1Calo - INFO: ===> listening for new valid runs <===
2009-04-16 07:05 - LArCalibL1Calo - DEBUG: initialising coolRunLister
2009-04-16 07:05 - LArCalibL1Calo - DEBUG: applying selections to coolRunLister
2009-04-16 07:05 - LArCalibL1Calo - INFO: last valid run: 104816
2009-04-16 07:05 - LArCalibL1Calo - INFO: searching for new runs from 104817 to 2147483647
2009-04-16 07:05 - LArCalibL1Calo - DEBUG:  No new valid run. Last known valid run still: 104816
2009-04-16 07:16 - LArCalibL1Calo - INFO: ===> listening for new valid runs <===
2009-04-16 07:16 - LArCalibL1Calo - DEBUG: initialising coolRunLister
2009-04-16 07:16 - LArCalibL1Calo - DEBUG: applying selections to coolRunLister
2009-04-16 07:16 - LArCalibL1Calo - INFO: last valid run: 104816
2009-04-16 07:16 - LArCalibL1Calo - INFO: searching for new runs from 104817 to 2147483647
2009-04-16 07:16 - LArCalibL1Calo - DEBUG:  No new valid run. Last known valid run still: 104816
2009-04-16 07:26 - LArCalibL1Calo - INFO: ===> listening for new valid runs <===
2009-04-16 07:26 - LArCalibL1Calo - DEBUG: initialising coolRunLister
2009-04-16 07:26 - LArCalibL1Calo - DEBUG: applying selections to coolRunLister
2009-04-16 07:26 - LArCalibL1Calo - INFO: last valid run: 104816
2009-04-16 07:26 - LArCalibL1Calo - INFO: searching for new runs from 104817 to 2147483647
2009-04-16 07:26 - LArCalibL1Calo - DEBUG:  No new valid run. Last known valid run still: 104816
2009-04-16 07:36 - LArCalibL1Calo - INFO: ===> listening for new valid runs <===
2009-04-16 07:36 - LArCalibL1Calo - DEBUG: initialising coolRunLister
2009-04-16 07:36 - LArCalibL1Calo - DEBUG: applying selections to coolRunLister
2009-04-16 07:36 - LArCalibL1Calo - INFO: last valid run: 104816
2009-04-16 07:36 - LArCalibL1Calo - INFO: searching for new runs from 104817 to 2147483647
2009-04-16 07:36 - LArCalibL1Calo - DEBUG:  No new valid run. Last known valid run still: 104816
2009-04-16 07:47 - LArCalibL1Calo - INFO: ===> listening for new valid runs <===
2009-04-16 07:47 - LArCalibL1Calo - DEBUG: initialising coolRunLister
2009-04-16 07:47 - LArCalibL1Calo - DEBUG: applying selections to coolRunLister
2009-04-16 07:47 - LArCalibL1Calo - INFO: last valid run: 104816
2009-04-16 07:47 - LArCalibL1Calo - INFO: searching for new runs from 104817 to 2147483647
2009-04-16 07:47 - LArCalibL1Calo - DEBUG:  No new valid run. Last known valid run still: 104816
2009-04-16 07:57 - LArCalibL1Calo - INFO: ===> listening for new valid runs <===
2009-04-16 07:57 - LArCalibL1Calo - DEBUG: initialising coolRunLister
2009-04-16 07:57 - LArCalibL1Calo - DEBUG: applying selections to coolRunLister
2009-04-16 07:57 - LArCalibL1Calo - INFO: last valid run: 104816
2009-04-16 07:57 - LArCalibL1Calo - INFO: searching for new runs from 104817 to 2147483647
2009-04-16 07:57 - LArCalibL1Calo - DEBUG:  No new valid run. Last known valid run still: 104816
2009-04-16 08:07 - LArCalibL1Calo - INFO: ===> listening for new valid runs <===
2009-04-16 08:07 - LArCalibL1Calo - DEBUG: initialising coolRunLister
2009-04-16 08:07 - LArCalibL1Calo - DEBUG: applying selections to coolRunLister
2009-04-16 08:07 - LArCalibL1Calo - INFO: last valid run: 104816
2009-04-16 08:07 - LArCalibL1Calo - INFO: searching for new runs from 104817 to 2147483647
2009-04-16 08:07 - LArCalibL1Calo - DEBUG:  No new valid run. Last known valid run still: 104816
2009-04-16 08:18 - LArCalibL1Calo - INFO: ===> listening for new valid runs <===
2009-04-16 08:18 - LArCalibL1Calo - DEBUG: initialising coolRunLister
2009-04-16 08:18 - LArCalibL1Calo - DEBUG: applying selections to coolRunLister
2009-04-16 08:18 - LArCalibL1Calo - INFO: last valid run: 104816
2009-04-16 08:18 - LArCalibL1Calo - INFO: searching for new runs from 104817 to 2147483647
2009-04-16 08:18 - LArCalibL1Calo - DEBUG:  No new valid run. Last known valid run still: 104816
2009-04-16 08:28 - LArCalibL1Calo - INFO: ===> listening for new valid runs <===
2009-04-16 08:28 - LArCalibL1Calo - DEBUG: initialising coolRunLister
2009-04-16 08:28 - LArCalibL1Calo - DEBUG: applying selections to coolRunLister
2009-04-16 08:28 - LArCalibL1Calo - INFO: last valid run: 104816
2009-04-16 08:28 - LArCalibL1Calo - INFO: searching for new runs from 104817 to 2147483647
2009-04-16 08:28 - LArCalibL1Calo - DEBUG:  No new valid run. Last known valid run still: 104816
2009-04-16 08:38 - LArCalibL1Calo - INFO: ===> listening for new valid runs <===
2009-04-16 08:38 - LArCalibL1Calo - DEBUG: initialising coolRunLister
2009-04-16 08:38 - LArCalibL1Calo - DEBUG: applying selections to coolRunLister
2009-04-16 08:38 - LArCalibL1Calo - INFO: last valid run: 104816
2009-04-16 08:38 - LArCalibL1Calo - INFO: searching for new runs from 104817 to 2147483647
2009-04-16 08:38 - LArCalibL1Calo - DEBUG:  No new valid run. Last known valid run still: 104816
2009-04-16 08:49 - LArCalibL1Calo - INFO: ===> listening for new valid runs <===
2009-04-16 08:49 - LArCalibL1Calo - DEBUG: initialising coolRunLister
2009-04-16 08:49 - LArCalibL1Calo - DEBUG: applying selections to coolRunLister
2009-04-16 08:49 - LArCalibL1Calo - INFO: last valid run: 104816
2009-04-16 08:49 - LArCalibL1Calo - INFO: searching for new runs from 104817 to 2147483647
2009-04-16 08:49 - LArCalibL1Calo - DEBUG:  No new valid run. Last known valid run still: 104816
2009-04-16 08:59 - LArCalibL1Calo - INFO: ===> listening for new valid runs <===
2009-04-16 08:59 - LArCalibL1Calo - DEBUG: initialising coolRunLister
2009-04-16 08:59 - LArCalibL1Calo - DEBUG: applying selections to coolRunLister
2009-04-16 08:59 - LArCalibL1Calo - INFO: last valid run: 104816
2009-04-16 08:59 - LArCalibL1Calo - INFO: searching for new runs from 104817 to 2147483647
2009-04-16 08:59 - LArCalibL1Calo - DEBUG:  No new valid run. Last known valid run still: 104816
2009-04-16 09:09 - LArCalibL1Calo - INFO: ===> listening for new valid runs <===
2009-04-16 09:09 - LArCalibL1Calo - DEBUG: initialising coolRunLister
2009-04-16 09:09 - LArCalibL1Calo - DEBUG: applying selections to coolRunLister
2009-04-16 09:09 - LArCalibL1Calo - INFO: last valid run: 104816
2009-04-16 09:09 - LArCalibL1Calo - INFO: searching for new runs from 104817 to 2147483647
2009-04-16 09:09 - LArCalibL1Calo - DEBUG:  No new valid run. Last known valid run still: 104816
2009-04-16 09:20 - LArCalibL1Calo - INFO: ===> listening for new valid runs <===
2009-04-16 09:20 - LArCalibL1Calo - DEBUG: initialising coolRunLister
2009-04-16 09:20 - LArCalibL1Calo - DEBUG: applying selections to coolRunLister
2009-04-16 09:20 - LArCalibL1Calo - INFO: last valid run: 104816
2009-04-16 09:20 - LArCalibL1Calo - INFO: searching for new runs from 104817 to 2147483647
2009-04-16 09:20 - LArCalibL1Calo - DEBUG:  No new valid run. Last known valid run still: 104816
2009-04-16 09:30 - LArCalibL1Calo - INFO: ===> listening for new valid runs <===
2009-04-16 09:30 - LArCalibL1Calo - DEBUG: initialising coolRunLister
2009-04-16 09:30 - LArCalibL1Calo - DEBUG: applying selections to coolRunLister
2009-04-16 09:30 - LArCalibL1Calo - INFO: last valid run: 104816
2009-04-16 09:30 - LArCalibL1Calo - INFO: searching for new runs from 104817 to 2147483647
2009-04-16 09:30 - LArCalibL1Calo - DEBUG:  No new valid run. Last known valid run still: 104816
2009-04-16 09:40 - LArCalibL1Calo - INFO: ===> listening for new valid runs <===
2009-04-16 09:40 - LArCalibL1Calo - DEBUG: initialising coolRunLister
2009-04-16 09:40 - LArCalibL1Calo - DEBUG: applying selections to coolRunLister
2009-04-16 09:40 - LArCalibL1Calo - INFO: last valid run: 104816
2009-04-16 09:40 - LArCalibL1Calo - INFO: searching for new runs from 104817 to 2147483647
2009-04-16 09:40 - LArCalibL1Calo - DEBUG:  No new valid run. Last known valid run still: 104816
2009-04-16 09:51 - LArCalibL1Calo - INFO: ===> listening for new valid runs <===
2009-04-16 09:51 - LArCalibL1Calo - DEBUG: initialising coolRunLister
2009-04-16 09:51 - LArCalibL1Calo - DEBUG: applying selections to coolRunLister
2009-04-16 09:51 - LArCalibL1Calo - INFO: last valid run: 104816
2009-04-16 09:51 - LArCalibL1Calo - INFO: searching for new runs from 104817 to 2147483647
2009-04-16 09:51 - LArCalibL1Calo - DEBUG:  No new valid run. Last known valid run still: 104816
