2009-05-07 09:29 - LArCalibL1Calo - INFO: ========================================
2009-05-07 09:29 - LArCalibL1Calo - INFO: RunListener in init
2009-05-07 09:29 - LArCalibL1Calo - INFO: RunListener initialized
2009-05-07 09:29 - LArCalibL1Calo - INFO: ========================================
2009-05-07 09:29 - LArCalibL1Calo - INFO: ===> from initRunListener <===
2009-05-07 09:29 - LArCalibL1Calo - INFO: 
RunListener LArCalibL1Caloinitialised with the following parameters:
TDAQ DB: COOLONL_TDAQ/COMP200
TRIG DB: COOLONL_TRIGGER/COMP200
Status DB: COOLONL_TDAQ/COMP200
log level: 0
oracle: False
rec. only: True
det. mask: 0
run type: LarCalibL1Calo
det. status: 
det. status tag: HEAD
daq partition: 
 * LArgL1Calo-TTC2LAN
tag: 
format: acertd
reverse: False
stoptimestamp: True
cleanstop: True
hasevents: False
last valid run known: 0

2009-05-07 09:45 - LArCalibL1Calo - INFO: ===> listening for new valid runs <===
2009-05-07 09:45 - LArCalibL1Calo - DEBUG: initialising coolRunLister
2009-05-07 09:45 - LArCalibL1Calo - DEBUG: applying selections to coolRunLister
2009-05-07 09:45 - LArCalibL1Calo - INFO: last valid run: 113232
2009-05-07 09:45 - LArCalibL1Calo - INFO: searching for new runs from 113233 to 2147483647
2009-05-07 09:45 - LArCalibL1Calo - DEBUG:  No new valid run. Last known valid run still: 113232
2009-05-07 10:00 - LArCalibL1Calo - INFO: ===> listening for new valid runs <===
2009-05-07 10:00 - LArCalibL1Calo - DEBUG: initialising coolRunLister
2009-05-07 10:00 - LArCalibL1Calo - DEBUG: applying selections to coolRunLister
2009-05-07 10:00 - LArCalibL1Calo - INFO: last valid run: 113232
2009-05-07 10:00 - LArCalibL1Calo - INFO: searching for new runs from 113233 to 2147483647
2009-05-07 10:00 - LArCalibL1Calo - DEBUG:  No new valid run. Last known valid run still: 113232
2009-05-07 10:16 - LArCalibL1Calo - INFO: ===> listening for new valid runs <===
2009-05-07 10:16 - LArCalibL1Calo - DEBUG: initialising coolRunLister
2009-05-07 10:16 - LArCalibL1Calo - DEBUG: applying selections to coolRunLister
2009-05-07 10:16 - LArCalibL1Calo - INFO: last valid run: 113232
2009-05-07 10:16 - LArCalibL1Calo - INFO: searching for new runs from 113233 to 2147483647
2009-05-07 10:16 - LArCalibL1Calo - DEBUG:  No new valid run. Last known valid run still: 113232
2009-05-07 10:31 - LArCalibL1Calo - INFO: ===> listening for new valid runs <===
2009-05-07 10:31 - LArCalibL1Calo - DEBUG: initialising coolRunLister
2009-05-07 10:31 - LArCalibL1Calo - DEBUG: applying selections to coolRunLister
2009-05-07 10:31 - LArCalibL1Calo - INFO: last valid run: 113232
2009-05-07 10:31 - LArCalibL1Calo - INFO: searching for new runs from 113233 to 2147483647
2009-05-07 10:31 - LArCalibL1Calo - DEBUG:  No new valid run. Last known valid run still: 113232
2009-05-07 10:46 - LArCalibL1Calo - INFO: ===> listening for new valid runs <===
2009-05-07 10:46 - LArCalibL1Calo - DEBUG: initialising coolRunLister
2009-05-07 10:46 - LArCalibL1Calo - DEBUG: applying selections to coolRunLister
2009-05-07 10:46 - LArCalibL1Calo - INFO: last valid run: 113232
2009-05-07 10:46 - LArCalibL1Calo - INFO: searching for new runs from 113233 to 2147483647
2009-05-07 10:46 - LArCalibL1Calo - DEBUG:  No new valid run. Last known valid run still: 113232
2009-05-07 11:01 - LArCalibL1Calo - INFO: ===> listening for new valid runs <===
2009-05-07 11:01 - LArCalibL1Calo - DEBUG: initialising coolRunLister
2009-05-07 11:01 - LArCalibL1Calo - DEBUG: applying selections to coolRunLister
2009-05-07 11:01 - LArCalibL1Calo - INFO: last valid run: 113232
2009-05-07 11:01 - LArCalibL1Calo - INFO: searching for new runs from 113233 to 2147483647
2009-05-07 11:01 - LArCalibL1Calo - DEBUG:  No new valid run. Last known valid run still: 113232
2009-05-07 11:17 - LArCalibL1Calo - INFO: ===> listening for new valid runs <===
2009-05-07 11:17 - LArCalibL1Calo - DEBUG: initialising coolRunLister
2009-05-07 11:17 - LArCalibL1Calo - DEBUG: applying selections to coolRunLister
2009-05-07 11:17 - LArCalibL1Calo - INFO: last valid run: 113232
2009-05-07 11:17 - LArCalibL1Calo - INFO: searching for new runs from 113233 to 2147483647
2009-05-07 11:17 - LArCalibL1Calo - DEBUG:  No new valid run. Last known valid run still: 113232
2009-05-07 11:32 - LArCalibL1Calo - INFO: ===> listening for new valid runs <===
2009-05-07 11:32 - LArCalibL1Calo - DEBUG: initialising coolRunLister
2009-05-07 11:32 - LArCalibL1Calo - DEBUG: applying selections to coolRunLister
2009-05-07 11:32 - LArCalibL1Calo - INFO: last valid run: 113232
2009-05-07 11:32 - LArCalibL1Calo - INFO: searching for new runs from 113233 to 2147483647
2009-05-07 11:32 - LArCalibL1Calo - DEBUG:  No new valid run. Last known valid run still: 113232
2009-05-07 11:47 - LArCalibL1Calo - INFO: ===> listening for new valid runs <===
2009-05-07 11:47 - LArCalibL1Calo - DEBUG: initialising coolRunLister
2009-05-07 11:47 - LArCalibL1Calo - DEBUG: applying selections to coolRunLister
2009-05-07 11:47 - LArCalibL1Calo - INFO: last valid run: 113232
2009-05-07 11:47 - LArCalibL1Calo - INFO: searching for new runs from 113233 to 2147483647
2009-05-07 11:47 - LArCalibL1Calo - DEBUG:  No new valid run. Last known valid run still: 113232
2009-05-07 12:03 - LArCalibL1Calo - INFO: ===> listening for new valid runs <===
2009-05-07 12:03 - LArCalibL1Calo - DEBUG: initialising coolRunLister
2009-05-07 12:03 - LArCalibL1Calo - DEBUG: applying selections to coolRunLister
2009-05-07 12:03 - LArCalibL1Calo - INFO: last valid run: 113232
2009-05-07 12:03 - LArCalibL1Calo - INFO: searching for new runs from 113233 to 2147483647
2009-05-07 12:03 - LArCalibL1Calo - DEBUG:  No new valid run. Last known valid run still: 113232
2009-05-07 12:18 - LArCalibL1Calo - INFO: ===> listening for new valid runs <===
2009-05-07 12:18 - LArCalibL1Calo - DEBUG: initialising coolRunLister
2009-05-07 12:18 - LArCalibL1Calo - DEBUG: applying selections to coolRunLister
2009-05-07 12:18 - LArCalibL1Calo - INFO: last valid run: 113232
2009-05-07 12:18 - LArCalibL1Calo - INFO: searching for new runs from 113233 to 2147483647
2009-05-07 12:18 - LArCalibL1Calo - DEBUG:  No new valid run. Last known valid run still: 113232
2009-05-07 12:33 - LArCalibL1Calo - INFO: ===> listening for new valid runs <===
2009-05-07 12:33 - LArCalibL1Calo - DEBUG: initialising coolRunLister
2009-05-07 12:33 - LArCalibL1Calo - DEBUG: applying selections to coolRunLister
2009-05-07 12:33 - LArCalibL1Calo - INFO: last valid run: 113232
2009-05-07 12:33 - LArCalibL1Calo - INFO: searching for new runs from 113233 to 2147483647
2009-05-07 12:33 - LArCalibL1Calo - DEBUG:  No new valid run. Last known valid run still: 113232
2009-05-07 12:48 - LArCalibL1Calo - INFO: ===> listening for new valid runs <===
2009-05-07 12:48 - LArCalibL1Calo - DEBUG: initialising coolRunLister
2009-05-07 12:48 - LArCalibL1Calo - DEBUG: applying selections to coolRunLister
2009-05-07 12:48 - LArCalibL1Calo - INFO: last valid run: 113232
2009-05-07 12:48 - LArCalibL1Calo - INFO: searching for new runs from 113233 to 2147483647
2009-05-07 12:48 - LArCalibL1Calo - DEBUG:  No new valid run. Last known valid run still: 113232
2009-05-07 13:03 - LArCalibL1Calo - INFO: ===> listening for new valid runs <===
2009-05-07 13:03 - LArCalibL1Calo - DEBUG: initialising coolRunLister
2009-05-07 13:03 - LArCalibL1Calo - DEBUG: applying selections to coolRunLister
2009-05-07 13:03 - LArCalibL1Calo - INFO: last valid run: 113232
2009-05-07 13:03 - LArCalibL1Calo - INFO: searching for new runs from 113233 to 2147483647
2009-05-07 13:03 - LArCalibL1Calo - DEBUG:  No new valid run. Last known valid run still: 113232
2009-05-07 13:19 - LArCalibL1Calo - INFO: ===> listening for new valid runs <===
2009-05-07 13:19 - LArCalibL1Calo - DEBUG: initialising coolRunLister
2009-05-07 13:19 - LArCalibL1Calo - DEBUG: applying selections to coolRunLister
2009-05-07 13:19 - LArCalibL1Calo - INFO: last valid run: 113232
2009-05-07 13:19 - LArCalibL1Calo - INFO: searching for new runs from 113233 to 2147483647
2009-05-07 13:19 - LArCalibL1Calo - DEBUG:  No new valid run. Last known valid run still: 113232
2009-05-07 13:34 - LArCalibL1Calo - INFO: ===> listening for new valid runs <===
2009-05-07 13:34 - LArCalibL1Calo - DEBUG: initialising coolRunLister
2009-05-07 13:34 - LArCalibL1Calo - DEBUG: applying selections to coolRunLister
2009-05-07 13:34 - LArCalibL1Calo - INFO: last valid run: 113232
2009-05-07 13:34 - LArCalibL1Calo - INFO: searching for new runs from 113233 to 2147483647
2009-05-07 13:34 - LArCalibL1Calo - DEBUG:  No new valid run. Last known valid run still: 113232
2009-05-07 13:49 - LArCalibL1Calo - INFO: ===> listening for new valid runs <===
2009-05-07 13:49 - LArCalibL1Calo - DEBUG: initialising coolRunLister
2009-05-07 13:49 - LArCalibL1Calo - DEBUG: applying selections to coolRunLister
2009-05-07 13:49 - LArCalibL1Calo - INFO: last valid run: 113232
2009-05-07 13:49 - LArCalibL1Calo - INFO: searching for new runs from 113233 to 2147483647
2009-05-07 13:49 - LArCalibL1Calo - DEBUG:  No new valid run. Last known valid run still: 113232
2009-05-07 14:04 - LArCalibL1Calo - INFO: ===> listening for new valid runs <===
2009-05-07 14:04 - LArCalibL1Calo - DEBUG: initialising coolRunLister
2009-05-07 14:04 - LArCalibL1Calo - DEBUG: applying selections to coolRunLister
2009-05-07 14:04 - LArCalibL1Calo - INFO: last valid run: 113232
2009-05-07 14:04 - LArCalibL1Calo - INFO: searching for new runs from 113233 to 2147483647
2009-05-07 14:04 - LArCalibL1Calo - DEBUG:  No new valid run. Last known valid run still: 113232
2009-05-07 14:19 - LArCalibL1Calo - INFO: ===> listening for new valid runs <===
2009-05-07 14:19 - LArCalibL1Calo - DEBUG: initialising coolRunLister
2009-05-07 14:19 - LArCalibL1Calo - DEBUG: applying selections to coolRunLister
2009-05-07 14:19 - LArCalibL1Calo - INFO: last valid run: 113232
2009-05-07 14:19 - LArCalibL1Calo - INFO: searching for new runs from 113233 to 2147483647
2009-05-07 14:19 - LArCalibL1Calo - DEBUG:  No new valid run. Last known valid run still: 113232
2009-05-07 14:35 - LArCalibL1Calo - INFO: ===> listening for new valid runs <===
2009-05-07 14:35 - LArCalibL1Calo - DEBUG: initialising coolRunLister
2009-05-07 14:35 - LArCalibL1Calo - DEBUG: applying selections to coolRunLister
2009-05-07 14:35 - LArCalibL1Calo - INFO: last valid run: 113232
2009-05-07 14:35 - LArCalibL1Calo - INFO: searching for new runs from 113233 to 2147483647
2009-05-07 14:35 - LArCalibL1Calo - DEBUG:  No new valid run. Last known valid run still: 113232
2009-05-07 14:50 - LArCalibL1Calo - INFO: ===> listening for new valid runs <===
2009-05-07 14:50 - LArCalibL1Calo - DEBUG: initialising coolRunLister
2009-05-07 14:50 - LArCalibL1Calo - DEBUG: applying selections to coolRunLister
2009-05-07 14:50 - LArCalibL1Calo - INFO: last valid run: 113232
2009-05-07 14:50 - LArCalibL1Calo - INFO: searching for new runs from 113233 to 2147483647
2009-05-07 14:50 - LArCalibL1Calo - DEBUG:  No new valid run. Last known valid run still: 113232
2009-05-07 15:05 - LArCalibL1Calo - INFO: ===> listening for new valid runs <===
2009-05-07 15:05 - LArCalibL1Calo - DEBUG: initialising coolRunLister
2009-05-07 15:05 - LArCalibL1Calo - DEBUG: applying selections to coolRunLister
2009-05-07 15:05 - LArCalibL1Calo - INFO: last valid run: 113232
2009-05-07 15:05 - LArCalibL1Calo - INFO: searching for new runs from 113233 to 2147483647
2009-05-07 15:05 - LArCalibL1Calo - DEBUG:  No new valid run. Last known valid run still: 113232
2009-05-07 15:20 - LArCalibL1Calo - INFO: ===> listening for new valid runs <===
2009-05-07 15:20 - LArCalibL1Calo - DEBUG: initialising coolRunLister
2009-05-07 15:20 - LArCalibL1Calo - DEBUG: applying selections to coolRunLister
2009-05-07 15:20 - LArCalibL1Calo - INFO: last valid run: 113232
2009-05-07 15:20 - LArCalibL1Calo - INFO: searching for new runs from 113233 to 2147483647
2009-05-07 15:20 - LArCalibL1Calo - DEBUG:  No new valid run. Last known valid run still: 113232
2009-05-07 15:36 - LArCalibL1Calo - INFO: ===> listening for new valid runs <===
2009-05-07 15:36 - LArCalibL1Calo - DEBUG: initialising coolRunLister
2009-05-07 15:36 - LArCalibL1Calo - DEBUG: applying selections to coolRunLister
2009-05-07 15:36 - LArCalibL1Calo - INFO: last valid run: 113232
2009-05-07 15:36 - LArCalibL1Calo - INFO: searching for new runs from 113233 to 2147483647
2009-05-07 15:36 - LArCalibL1Calo - DEBUG:  No new valid run. Last known valid run still: 113232
2009-05-07 15:51 - LArCalibL1Calo - INFO: ===> listening for new valid runs <===
2009-05-07 15:51 - LArCalibL1Calo - DEBUG: initialising coolRunLister
2009-05-07 15:51 - LArCalibL1Calo - DEBUG: applying selections to coolRunLister
2009-05-07 15:51 - LArCalibL1Calo - INFO: last valid run: 113232
2009-05-07 15:51 - LArCalibL1Calo - INFO: searching for new runs from 113233 to 2147483647
2009-05-07 15:51 - LArCalibL1Calo - DEBUG:  No new valid run. Last known valid run still: 113232
2009-05-07 16:06 - LArCalibL1Calo - INFO: ===> listening for new valid runs <===
2009-05-07 16:06 - LArCalibL1Calo - DEBUG: initialising coolRunLister
2009-05-07 16:06 - LArCalibL1Calo - DEBUG: applying selections to coolRunLister
2009-05-07 16:06 - LArCalibL1Calo - INFO: last valid run: 113232
2009-05-07 16:06 - LArCalibL1Calo - INFO: searching for new runs from 113233 to 2147483647
2009-05-07 16:06 - LArCalibL1Calo - DEBUG:  No new valid run. Last known valid run still: 113232
2009-05-07 16:21 - LArCalibL1Calo - INFO: ===> listening for new valid runs <===
2009-05-07 16:21 - LArCalibL1Calo - DEBUG: initialising coolRunLister
2009-05-07 16:21 - LArCalibL1Calo - DEBUG: applying selections to coolRunLister
2009-05-07 16:21 - LArCalibL1Calo - INFO: last valid run: 113232
2009-05-07 16:21 - LArCalibL1Calo - INFO: searching for new runs from 113233 to 2147483647
2009-05-07 16:21 - LArCalibL1Calo - DEBUG:  No new valid run. Last known valid run still: 113232
2009-05-07 16:36 - LArCalibL1Calo - INFO: ===> listening for new valid runs <===
2009-05-07 16:36 - LArCalibL1Calo - DEBUG: initialising coolRunLister
2009-05-07 16:36 - LArCalibL1Calo - DEBUG: applying selections to coolRunLister
2009-05-07 16:36 - LArCalibL1Calo - INFO: last valid run: 113232
2009-05-07 16:36 - LArCalibL1Calo - INFO: searching for new runs from 113233 to 2147483647
2009-05-07 16:36 - LArCalibL1Calo - DEBUG:  No new valid run. Last known valid run still: 113232
2009-05-07 16:52 - LArCalibL1Calo - INFO: ===> listening for new valid runs <===
2009-05-07 16:52 - LArCalibL1Calo - DEBUG: initialising coolRunLister
2009-05-07 16:52 - LArCalibL1Calo - DEBUG: applying selections to coolRunLister
2009-05-07 16:52 - LArCalibL1Calo - INFO: last valid run: 113232
2009-05-07 16:52 - LArCalibL1Calo - INFO: searching for new runs from 113233 to 2147483647
2009-05-07 16:52 - LArCalibL1Calo - DEBUG:  No new valid run. Last known valid run still: 113232
2009-05-07 17:07 - LArCalibL1Calo - INFO: ===> listening for new valid runs <===
2009-05-07 17:07 - LArCalibL1Calo - DEBUG: initialising coolRunLister
2009-05-07 17:07 - LArCalibL1Calo - DEBUG: applying selections to coolRunLister
2009-05-07 17:07 - LArCalibL1Calo - INFO: last valid run: 113232
2009-05-07 17:07 - LArCalibL1Calo - INFO: searching for new runs from 113233 to 2147483647
2009-05-07 17:07 - LArCalibL1Calo - DEBUG:  No new valid run. Last known valid run still: 113232
2009-05-07 17:22 - LArCalibL1Calo - INFO: ===> listening for new valid runs <===
2009-05-07 17:22 - LArCalibL1Calo - DEBUG: initialising coolRunLister
2009-05-07 17:22 - LArCalibL1Calo - DEBUG: applying selections to coolRunLister
2009-05-07 17:22 - LArCalibL1Calo - INFO: last valid run: 113232
2009-05-07 17:22 - LArCalibL1Calo - INFO: searching for new runs from 113233 to 2147483647
2009-05-07 17:22 - LArCalibL1Calo - DEBUG:  No new valid run. Last known valid run still: 113232
2009-05-07 17:37 - LArCalibL1Calo - INFO: ===> listening for new valid runs <===
2009-05-07 17:37 - LArCalibL1Calo - DEBUG: initialising coolRunLister
2009-05-07 17:37 - LArCalibL1Calo - DEBUG: applying selections to coolRunLister
2009-05-07 17:37 - LArCalibL1Calo - INFO: last valid run: 113232
2009-05-07 17:37 - LArCalibL1Calo - INFO: searching for new runs from 113233 to 2147483647
2009-05-07 17:37 - LArCalibL1Calo - DEBUG:  No new valid run. Last known valid run still: 113232
2009-05-07 17:53 - LArCalibL1Calo - INFO: ===> listening for new valid runs <===
2009-05-07 17:53 - LArCalibL1Calo - DEBUG: initialising coolRunLister
2009-05-07 17:53 - LArCalibL1Calo - DEBUG: applying selections to coolRunLister
2009-05-07 17:53 - LArCalibL1Calo - INFO: last valid run: 113232
2009-05-07 17:53 - LArCalibL1Calo - INFO: searching for new runs from 113233 to 2147483647
2009-05-07 17:53 - LArCalibL1Calo - DEBUG:  No new valid run. Last known valid run still: 113232
2009-05-07 18:08 - LArCalibL1Calo - INFO: ===> listening for new valid runs <===
2009-05-07 18:08 - LArCalibL1Calo - DEBUG: initialising coolRunLister
2009-05-07 18:08 - LArCalibL1Calo - DEBUG: applying selections to coolRunLister
2009-05-07 18:08 - LArCalibL1Calo - INFO: last valid run: 113232
2009-05-07 18:08 - LArCalibL1Calo - INFO: searching for new runs from 113233 to 2147483647
2009-05-07 18:08 - LArCalibL1Calo - DEBUG:  No new valid run. Last known valid run still: 113232
2009-05-07 18:23 - LArCalibL1Calo - INFO: ===> listening for new valid runs <===
2009-05-07 18:23 - LArCalibL1Calo - DEBUG: initialising coolRunLister
2009-05-07 18:23 - LArCalibL1Calo - DEBUG: applying selections to coolRunLister
2009-05-07 18:23 - LArCalibL1Calo - INFO: last valid run: 113232
2009-05-07 18:23 - LArCalibL1Calo - INFO: searching for new runs from 113233 to 2147483647
2009-05-07 18:23 - LArCalibL1Calo - DEBUG:  No new valid run. Last known valid run still: 113232
2009-05-07 18:38 - LArCalibL1Calo - INFO: ===> listening for new valid runs <===
2009-05-07 18:38 - LArCalibL1Calo - DEBUG: initialising coolRunLister
2009-05-07 18:38 - LArCalibL1Calo - DEBUG: applying selections to coolRunLister
2009-05-07 18:38 - LArCalibL1Calo - INFO: last valid run: 113232
2009-05-07 18:38 - LArCalibL1Calo - INFO: searching for new runs from 113233 to 2147483647
2009-05-07 18:38 - LArCalibL1Calo - DEBUG:  No new valid run. Last known valid run still: 113232
2009-05-07 18:53 - LArCalibL1Calo - INFO: ===> listening for new valid runs <===
2009-05-07 18:53 - LArCalibL1Calo - DEBUG: initialising coolRunLister
2009-05-07 18:53 - LArCalibL1Calo - DEBUG: applying selections to coolRunLister
2009-05-07 18:53 - LArCalibL1Calo - INFO: last valid run: 113232
2009-05-07 18:53 - LArCalibL1Calo - INFO: searching for new runs from 113233 to 2147483647
2009-05-07 18:53 - LArCalibL1Calo - DEBUG:  No new valid run. Last known valid run still: 113232
2009-05-07 19:09 - LArCalibL1Calo - INFO: ===> listening for new valid runs <===
2009-05-07 19:09 - LArCalibL1Calo - DEBUG: initialising coolRunLister
2009-05-07 19:09 - LArCalibL1Calo - DEBUG: applying selections to coolRunLister
2009-05-07 19:09 - LArCalibL1Calo - INFO: last valid run: 113232
2009-05-07 19:09 - LArCalibL1Calo - INFO: searching for new runs from 113233 to 2147483647
2009-05-07 19:09 - LArCalibL1Calo - DEBUG:  No new valid run. Last known valid run still: 113232
2009-05-07 19:24 - LArCalibL1Calo - INFO: ===> listening for new valid runs <===
2009-05-07 19:24 - LArCalibL1Calo - DEBUG: initialising coolRunLister
2009-05-07 19:24 - LArCalibL1Calo - DEBUG: applying selections to coolRunLister
2009-05-07 19:24 - LArCalibL1Calo - INFO: last valid run: 113232
2009-05-07 19:24 - LArCalibL1Calo - INFO: searching for new runs from 113233 to 2147483647
2009-05-07 19:24 - LArCalibL1Calo - DEBUG:  No new valid run. Last known valid run still: 113232
2009-05-07 19:39 - LArCalibL1Calo - INFO: ===> listening for new valid runs <===
2009-05-07 19:39 - LArCalibL1Calo - DEBUG: initialising coolRunLister
2009-05-07 19:39 - LArCalibL1Calo - DEBUG: applying selections to coolRunLister
2009-05-07 19:39 - LArCalibL1Calo - INFO: last valid run: 113232
2009-05-07 19:39 - LArCalibL1Calo - INFO: searching for new runs from 113233 to 2147483647
2009-05-07 19:39 - LArCalibL1Calo - DEBUG:  No new valid run. Last known valid run still: 113232
2009-05-07 19:54 - LArCalibL1Calo - INFO: ===> listening for new valid runs <===
2009-05-07 19:54 - LArCalibL1Calo - DEBUG: initialising coolRunLister
2009-05-07 19:54 - LArCalibL1Calo - DEBUG: applying selections to coolRunLister
2009-05-07 19:54 - LArCalibL1Calo - INFO: last valid run: 113232
2009-05-07 19:54 - LArCalibL1Calo - INFO: searching for new runs from 113233 to 2147483647
2009-05-07 19:54 - LArCalibL1Calo - DEBUG:  No new valid run. Last known valid run still: 113232
2009-05-07 20:09 - LArCalibL1Calo - INFO: ===> listening for new valid runs <===
2009-05-07 20:09 - LArCalibL1Calo - DEBUG: initialising coolRunLister
2009-05-07 20:09 - LArCalibL1Calo - DEBUG: applying selections to coolRunLister
2009-05-07 20:09 - LArCalibL1Calo - INFO: last valid run: 113232
2009-05-07 20:09 - LArCalibL1Calo - INFO: searching for new runs from 113233 to 2147483647
2009-05-07 20:09 - LArCalibL1Calo - DEBUG:  No new valid run. Last known valid run still: 113232
2009-05-07 20:25 - LArCalibL1Calo - INFO: ===> listening for new valid runs <===
2009-05-07 20:25 - LArCalibL1Calo - DEBUG: initialising coolRunLister
2009-05-07 20:25 - LArCalibL1Calo - DEBUG: applying selections to coolRunLister
2009-05-07 20:25 - LArCalibL1Calo - INFO: last valid run: 113232
2009-05-07 20:25 - LArCalibL1Calo - INFO: searching for new runs from 113233 to 2147483647
2009-05-07 20:25 - LArCalibL1Calo - DEBUG:  No new valid run. Last known valid run still: 113232
2009-05-07 20:40 - LArCalibL1Calo - INFO: ===> listening for new valid runs <===
2009-05-07 20:40 - LArCalibL1Calo - DEBUG: initialising coolRunLister
2009-05-07 20:40 - LArCalibL1Calo - DEBUG: applying selections to coolRunLister
2009-05-07 20:40 - LArCalibL1Calo - INFO: last valid run: 113232
2009-05-07 20:40 - LArCalibL1Calo - INFO: searching for new runs from 113233 to 2147483647
2009-05-07 20:40 - LArCalibL1Calo - DEBUG:  No new valid run. Last known valid run still: 113232
2009-05-07 20:55 - LArCalibL1Calo - INFO: ===> listening for new valid runs <===
2009-05-07 20:55 - LArCalibL1Calo - DEBUG: initialising coolRunLister
2009-05-07 20:55 - LArCalibL1Calo - DEBUG: applying selections to coolRunLister
2009-05-07 20:55 - LArCalibL1Calo - INFO: last valid run: 113232
2009-05-07 20:55 - LArCalibL1Calo - INFO: searching for new runs from 113233 to 2147483647
2009-05-07 20:55 - LArCalibL1Calo - DEBUG:  No new valid run. Last known valid run still: 113232
2009-05-07 21:10 - LArCalibL1Calo - INFO: ===> listening for new valid runs <===
2009-05-07 21:10 - LArCalibL1Calo - DEBUG: initialising coolRunLister
2009-05-07 21:10 - LArCalibL1Calo - DEBUG: applying selections to coolRunLister
2009-05-07 21:10 - LArCalibL1Calo - INFO: last valid run: 113232
2009-05-07 21:10 - LArCalibL1Calo - INFO: searching for new runs from 113233 to 2147483647
2009-05-07 21:10 - LArCalibL1Calo - DEBUG:  No new valid run. Last known valid run still: 113232
2009-05-07 21:26 - LArCalibL1Calo - INFO: ===> listening for new valid runs <===
2009-05-07 21:26 - LArCalibL1Calo - DEBUG: initialising coolRunLister
2009-05-07 21:26 - LArCalibL1Calo - DEBUG: applying selections to coolRunLister
2009-05-07 21:26 - LArCalibL1Calo - INFO: last valid run: 113232
2009-05-07 21:26 - LArCalibL1Calo - INFO: searching for new runs from 113233 to 2147483647
2009-05-07 21:26 - LArCalibL1Calo - DEBUG:  No new valid run. Last known valid run still: 113232
2009-05-07 21:41 - LArCalibL1Calo - INFO: ===> listening for new valid runs <===
2009-05-07 21:41 - LArCalibL1Calo - DEBUG: initialising coolRunLister
2009-05-07 21:41 - LArCalibL1Calo - DEBUG: applying selections to coolRunLister
2009-05-07 21:41 - LArCalibL1Calo - INFO: last valid run: 113232
2009-05-07 21:41 - LArCalibL1Calo - INFO: searching for new runs from 113233 to 2147483647
2009-05-07 21:41 - LArCalibL1Calo - DEBUG:  No new valid run. Last known valid run still: 113232
2009-05-07 21:56 - LArCalibL1Calo - INFO: ===> listening for new valid runs <===
2009-05-07 21:56 - LArCalibL1Calo - DEBUG: initialising coolRunLister
2009-05-07 21:56 - LArCalibL1Calo - DEBUG: applying selections to coolRunLister
2009-05-07 21:56 - LArCalibL1Calo - INFO: last valid run: 113232
2009-05-07 21:56 - LArCalibL1Calo - INFO: searching for new runs from 113233 to 2147483647
2009-05-07 21:56 - LArCalibL1Calo - DEBUG:  No new valid run. Last known valid run still: 113232
2009-05-07 22:11 - LArCalibL1Calo - INFO: ===> listening for new valid runs <===
2009-05-07 22:11 - LArCalibL1Calo - DEBUG: initialising coolRunLister
2009-05-07 22:11 - LArCalibL1Calo - DEBUG: applying selections to coolRunLister
2009-05-07 22:11 - LArCalibL1Calo - INFO: last valid run: 113232
2009-05-07 22:11 - LArCalibL1Calo - INFO: searching for new runs from 113233 to 2147483647
2009-05-07 22:11 - LArCalibL1Calo - DEBUG:  No new valid run. Last known valid run still: 113232
2009-05-07 22:26 - LArCalibL1Calo - INFO: ===> listening for new valid runs <===
2009-05-07 22:26 - LArCalibL1Calo - DEBUG: initialising coolRunLister
2009-05-07 22:26 - LArCalibL1Calo - DEBUG: applying selections to coolRunLister
2009-05-07 22:26 - LArCalibL1Calo - INFO: last valid run: 113232
2009-05-07 22:26 - LArCalibL1Calo - INFO: searching for new runs from 113233 to 2147483647
2009-05-07 22:26 - LArCalibL1Calo - DEBUG:  No new valid run. Last known valid run still: 113232
2009-05-07 22:42 - LArCalibL1Calo - INFO: ===> listening for new valid runs <===
2009-05-07 22:42 - LArCalibL1Calo - DEBUG: initialising coolRunLister
2009-05-07 22:42 - LArCalibL1Calo - DEBUG: applying selections to coolRunLister
2009-05-07 22:42 - LArCalibL1Calo - INFO: last valid run: 113232
2009-05-07 22:42 - LArCalibL1Calo - INFO: searching for new runs from 113233 to 2147483647
2009-05-07 22:42 - LArCalibL1Calo - DEBUG:  No new valid run. Last known valid run still: 113232
2009-05-07 22:57 - LArCalibL1Calo - INFO: ===> listening for new valid runs <===
2009-05-07 22:57 - LArCalibL1Calo - DEBUG: initialising coolRunLister
2009-05-07 22:57 - LArCalibL1Calo - DEBUG: applying selections to coolRunLister
2009-05-07 22:57 - LArCalibL1Calo - INFO: last valid run: 113232
2009-05-07 22:57 - LArCalibL1Calo - INFO: searching for new runs from 113233 to 2147483647
2009-05-07 22:57 - LArCalibL1Calo - DEBUG:  No new valid run. Last known valid run still: 113232
2009-05-07 23:12 - LArCalibL1Calo - INFO: ===> listening for new valid runs <===
2009-05-07 23:12 - LArCalibL1Calo - DEBUG: initialising coolRunLister
2009-05-07 23:12 - LArCalibL1Calo - DEBUG: applying selections to coolRunLister
2009-05-07 23:12 - LArCalibL1Calo - INFO: last valid run: 113232
2009-05-07 23:12 - LArCalibL1Calo - INFO: searching for new runs from 113233 to 2147483647
2009-05-07 23:12 - LArCalibL1Calo - DEBUG:  No new valid run. Last known valid run still: 113232
2009-05-07 23:27 - LArCalibL1Calo - INFO: ===> listening for new valid runs <===
2009-05-07 23:27 - LArCalibL1Calo - DEBUG: initialising coolRunLister
2009-05-07 23:27 - LArCalibL1Calo - DEBUG: applying selections to coolRunLister
2009-05-07 23:27 - LArCalibL1Calo - INFO: last valid run: 113232
2009-05-07 23:27 - LArCalibL1Calo - INFO: searching for new runs from 113233 to 2147483647
2009-05-07 23:27 - LArCalibL1Calo - DEBUG:  No new valid run. Last known valid run still: 113232
2009-05-07 23:42 - LArCalibL1Calo - INFO: ===> listening for new valid runs <===
2009-05-07 23:42 - LArCalibL1Calo - DEBUG: initialising coolRunLister
2009-05-07 23:42 - LArCalibL1Calo - DEBUG: applying selections to coolRunLister
2009-05-07 23:42 - LArCalibL1Calo - INFO: last valid run: 113232
2009-05-07 23:42 - LArCalibL1Calo - INFO: searching for new runs from 113233 to 2147483647
2009-05-07 23:43 - LArCalibL1Calo - DEBUG:  No new valid run. Last known valid run still: 113232
2009-05-07 23:58 - LArCalibL1Calo - INFO: ===> listening for new valid runs <===
2009-05-07 23:58 - LArCalibL1Calo - DEBUG: initialising coolRunLister
2009-05-07 23:58 - LArCalibL1Calo - DEBUG: applying selections to coolRunLister
2009-05-07 23:58 - LArCalibL1Calo - INFO: last valid run: 113232
2009-05-07 23:58 - LArCalibL1Calo - INFO: searching for new runs from 113233 to 2147483647
2009-05-07 23:58 - LArCalibL1Calo - DEBUG:  No new valid run. Last known valid run still: 113232
