2009-06-17 08:54 - LArCalibL1Calo - INFO: ========================================
2009-06-17 08:54 - LArCalibL1Calo - INFO: RunListener in init
2009-06-17 08:54 - LArCalibL1Calo - INFO: RunListener initialized
2009-06-17 08:54 - LArCalibL1Calo - INFO: ========================================
2009-06-17 08:54 - LArCalibL1Calo - INFO: ===> from initRunListener <===
2009-06-17 08:54 - LArCalibL1Calo - INFO: 
RunListener LArCalibL1Caloinitialised with the following parameters:
TDAQ DB: COOLONL_TDAQ/COMP200
TRIG DB: COOLONL_TRIGGER/COMP200
Status DB: COOLONL_TDAQ/COMP200
log level: 0
oracle: False
rec. only: True
det. mask: 0
run type: LarCalibL1Calo
det. status: 
det. status tag: HEAD
daq partition: 
 * LArgL1CaloCombined
tag: 
format: acertd
reverse: False
stoptimestamp: True
cleanstop: True
hasevents: False
last valid run known: 0

2009-06-17 08:59 - LArCalibL1Calo - INFO: ===> listening for new valid runs <===
2009-06-17 08:59 - LArCalibL1Calo - DEBUG: initialising coolRunLister
2009-06-17 08:59 - LArCalibL1Calo - DEBUG: applying selections to coolRunLister
2009-06-17 08:59 - LArCalibL1Calo - INFO: last valid run: 113232
2009-06-17 08:59 - LArCalibL1Calo - INFO: searching for new runs from 113233 to 2147483647
2009-06-17 09:00 - LArCalibL1Calo - DEBUG: new last known run: 119761
2009-06-17 09:00 - LArCalibL1Calo - DEBUG: 
     Run   Events  LumiB            StartTime             StopTime L1Events L2Events EFEvents ErrC Rec Cln RunType                  DetectorMask DAQConfiguration     PartitionName    FilenameTag         
  119760        0      1  2009-06-17:06:55:31  2009-06-17:06:55:45        0        0        0    0  No Yes LarCalibL1Calo             1c000ff000                      LArgL1CaloCombined data09_calocomm     
     Run   Events  LumiB            StartTime             StopTime L1Events L2Events EFEvents ErrC Rec Cln RunType                  DetectorMask DAQConfiguration     PartitionName    FilenameTag         
  119761      200      1  2009-06-17:06:55:54  2009-06-17:06:57:12      200        0      200    0  No Yes LarCalibL1Calo             1c000ff000 Schema=154:Data=52   LArgL1CaloCombined data09_calocomm     

2009-06-17 09:02 - LArCalibL1Calo - INFO: ===> listening for new valid runs <===
2009-06-17 09:02 - LArCalibL1Calo - DEBUG: initialising coolRunLister
2009-06-17 09:02 - LArCalibL1Calo - DEBUG: applying selections to coolRunLister
2009-06-17 09:02 - LArCalibL1Calo - INFO: last valid run: 119761
2009-06-17 09:02 - LArCalibL1Calo - INFO: searching for new runs from 119762 to 2147483647
2009-06-17 09:02 - LArCalibL1Calo - DEBUG:  No new valid run. Last known valid run still: 119761
2009-06-17 09:04 - LArCalibL1Calo - INFO: ===> listening for new valid runs <===
2009-06-17 09:04 - LArCalibL1Calo - DEBUG: initialising coolRunLister
2009-06-17 09:04 - LArCalibL1Calo - DEBUG: applying selections to coolRunLister
2009-06-17 09:04 - LArCalibL1Calo - INFO: last valid run: 119761
2009-06-17 09:04 - LArCalibL1Calo - INFO: searching for new runs from 119762 to 2147483647
2009-06-17 09:04 - LArCalibL1Calo - DEBUG:  No new valid run. Last known valid run still: 119761
2009-06-17 09:07 - LArCalibL1Calo - INFO: ===> listening for new valid runs <===
2009-06-17 09:07 - LArCalibL1Calo - DEBUG: initialising coolRunLister
2009-06-17 09:07 - LArCalibL1Calo - DEBUG: applying selections to coolRunLister
2009-06-17 09:07 - LArCalibL1Calo - INFO: last valid run: 119761
2009-06-17 09:07 - LArCalibL1Calo - INFO: searching for new runs from 119762 to 2147483647
2009-06-17 09:07 - LArCalibL1Calo - DEBUG: new last known run: 119762
2009-06-17 09:07 - LArCalibL1Calo - DEBUG: 
     Run   Events  LumiB            StartTime             StopTime L1Events L2Events EFEvents ErrC Rec Cln RunType                  DetectorMask DAQConfiguration     PartitionName    FilenameTag         
  119762      110      1  2009-06-17:07:05:06  2009-06-17:07:05:30      110        0      110    0  No Yes LarCalibL1Calo             1c000ff000                      LArgL1CaloCombined data09_calocomm     

2009-06-17 09:09 - LArCalibL1Calo - INFO: ===> listening for new valid runs <===
2009-06-17 09:09 - LArCalibL1Calo - DEBUG: initialising coolRunLister
2009-06-17 09:09 - LArCalibL1Calo - DEBUG: applying selections to coolRunLister
2009-06-17 09:09 - LArCalibL1Calo - INFO: last valid run: 119762
2009-06-17 09:09 - LArCalibL1Calo - INFO: searching for new runs from 119763 to 2147483647
2009-06-17 09:09 - LArCalibL1Calo - DEBUG:  No new valid run. Last known valid run still: 119762
2009-06-17 09:11 - LArCalibL1Calo - INFO: ===> listening for new valid runs <===
2009-06-17 09:11 - LArCalibL1Calo - DEBUG: initialising coolRunLister
2009-06-17 09:11 - LArCalibL1Calo - DEBUG: applying selections to coolRunLister
2009-06-17 09:11 - LArCalibL1Calo - INFO: last valid run: 119762
2009-06-17 09:11 - LArCalibL1Calo - INFO: searching for new runs from 119763 to 2147483647
2009-06-17 09:11 - LArCalibL1Calo - DEBUG:  No new valid run. Last known valid run still: 119762
2009-06-17 09:14 - LArCalibL1Calo - INFO: ===> listening for new valid runs <===
2009-06-17 09:14 - LArCalibL1Calo - DEBUG: initialising coolRunLister
2009-06-17 09:14 - LArCalibL1Calo - DEBUG: applying selections to coolRunLister
2009-06-17 09:14 - LArCalibL1Calo - INFO: last valid run: 119762
2009-06-17 09:14 - LArCalibL1Calo - INFO: searching for new runs from 119763 to 2147483647
2009-06-17 09:14 - LArCalibL1Calo - DEBUG:  No new valid run. Last known valid run still: 119762
2009-06-17 09:16 - LArCalibL1Calo - INFO: ===> listening for new valid runs <===
2009-06-17 09:16 - LArCalibL1Calo - DEBUG: initialising coolRunLister
2009-06-17 09:16 - LArCalibL1Calo - DEBUG: applying selections to coolRunLister
2009-06-17 09:16 - LArCalibL1Calo - INFO: last valid run: 119762
2009-06-17 09:16 - LArCalibL1Calo - INFO: searching for new runs from 119763 to 2147483647
2009-06-17 09:16 - LArCalibL1Calo - DEBUG:  No new valid run. Last known valid run still: 119762
2009-06-17 09:18 - LArCalibL1Calo - INFO: ===> listening for new valid runs <===
2009-06-17 09:18 - LArCalibL1Calo - DEBUG: initialising coolRunLister
2009-06-17 09:18 - LArCalibL1Calo - DEBUG: applying selections to coolRunLister
2009-06-17 09:18 - LArCalibL1Calo - INFO: last valid run: 119762
2009-06-17 09:18 - LArCalibL1Calo - INFO: searching for new runs from 119763 to 2147483647
2009-06-17 09:18 - LArCalibL1Calo - DEBUG:  No new valid run. Last known valid run still: 119762
2009-06-17 09:20 - LArCalibL1Calo - INFO: ===> listening for new valid runs <===
2009-06-17 09:20 - LArCalibL1Calo - DEBUG: initialising coolRunLister
2009-06-17 09:20 - LArCalibL1Calo - DEBUG: applying selections to coolRunLister
2009-06-17 09:20 - LArCalibL1Calo - INFO: last valid run: 119762
2009-06-17 09:20 - LArCalibL1Calo - INFO: searching for new runs from 119763 to 2147483647
2009-06-17 09:20 - LArCalibL1Calo - DEBUG:  No new valid run. Last known valid run still: 119762
2009-06-17 09:23 - LArCalibL1Calo - INFO: ===> listening for new valid runs <===
2009-06-17 09:23 - LArCalibL1Calo - DEBUG: initialising coolRunLister
2009-06-17 09:23 - LArCalibL1Calo - DEBUG: applying selections to coolRunLister
2009-06-17 09:23 - LArCalibL1Calo - INFO: last valid run: 119762
2009-06-17 09:23 - LArCalibL1Calo - INFO: searching for new runs from 119763 to 2147483647
2009-06-17 09:23 - LArCalibL1Calo - DEBUG:  No new valid run. Last known valid run still: 119762
2009-06-17 09:25 - LArCalibL1Calo - INFO: ===> listening for new valid runs <===
2009-06-17 09:25 - LArCalibL1Calo - DEBUG: initialising coolRunLister
2009-06-17 09:25 - LArCalibL1Calo - DEBUG: applying selections to coolRunLister
2009-06-17 09:25 - LArCalibL1Calo - INFO: last valid run: 119762
2009-06-17 09:25 - LArCalibL1Calo - INFO: searching for new runs from 119763 to 2147483647
2009-06-17 09:25 - LArCalibL1Calo - DEBUG:  No new valid run. Last known valid run still: 119762
2009-06-17 09:27 - LArCalibL1Calo - INFO: ===> listening for new valid runs <===
2009-06-17 09:27 - LArCalibL1Calo - DEBUG: initialising coolRunLister
2009-06-17 09:27 - LArCalibL1Calo - DEBUG: applying selections to coolRunLister
2009-06-17 09:27 - LArCalibL1Calo - INFO: last valid run: 119762
2009-06-17 09:27 - LArCalibL1Calo - INFO: searching for new runs from 119763 to 2147483647
2009-06-17 09:27 - LArCalibL1Calo - DEBUG:  No new valid run. Last known valid run still: 119762
2009-06-17 09:29 - LArCalibL1Calo - INFO: ===> listening for new valid runs <===
2009-06-17 09:29 - LArCalibL1Calo - DEBUG: initialising coolRunLister
2009-06-17 09:29 - LArCalibL1Calo - DEBUG: applying selections to coolRunLister
2009-06-17 09:29 - LArCalibL1Calo - INFO: last valid run: 119762
2009-06-17 09:29 - LArCalibL1Calo - INFO: searching for new runs from 119763 to 2147483647
2009-06-17 09:29 - LArCalibL1Calo - DEBUG:  No new valid run. Last known valid run still: 119762
2009-06-17 09:32 - LArCalibL1Calo - INFO: ===> listening for new valid runs <===
2009-06-17 09:32 - LArCalibL1Calo - DEBUG: initialising coolRunLister
2009-06-17 09:32 - LArCalibL1Calo - DEBUG: applying selections to coolRunLister
2009-06-17 09:32 - LArCalibL1Calo - INFO: last valid run: 119762
2009-06-17 09:32 - LArCalibL1Calo - INFO: searching for new runs from 119763 to 2147483647
2009-06-17 09:32 - LArCalibL1Calo - DEBUG: new last known run: 119770
2009-06-17 09:32 - LArCalibL1Calo - DEBUG: 
     Run   Events  LumiB            StartTime             StopTime L1Events L2Events EFEvents ErrC Rec Cln RunType                  DetectorMask DAQConfiguration     PartitionName    FilenameTag         
  119770     1195      3  2009-06-17:07:28:35  2009-06-17:07:31:36     1195        0     1195    0  No Yes LarCalibL1Calo             1c000ff000 Schema=154:Data=54   LArgL1CaloCombined data09_calocomm     

2009-06-17 09:34 - LArCalibL1Calo - INFO: ===> listening for new valid runs <===
2009-06-17 09:34 - LArCalibL1Calo - DEBUG: initialising coolRunLister
2009-06-17 09:34 - LArCalibL1Calo - DEBUG: applying selections to coolRunLister
2009-06-17 09:34 - LArCalibL1Calo - INFO: last valid run: 119770
2009-06-17 09:34 - LArCalibL1Calo - INFO: searching for new runs from 119771 to 2147483647
2009-06-17 09:34 - LArCalibL1Calo - DEBUG:  No new valid run. Last known valid run still: 119770
2009-06-17 09:36 - LArCalibL1Calo - INFO: ===> listening for new valid runs <===
2009-06-17 09:36 - LArCalibL1Calo - DEBUG: initialising coolRunLister
2009-06-17 09:36 - LArCalibL1Calo - DEBUG: applying selections to coolRunLister
2009-06-17 09:36 - LArCalibL1Calo - INFO: last valid run: 119770
2009-06-17 09:36 - LArCalibL1Calo - INFO: searching for new runs from 119771 to 2147483647
2009-06-17 09:36 - LArCalibL1Calo - DEBUG:  No new valid run. Last known valid run still: 119770
2009-06-17 09:38 - LArCalibL1Calo - INFO: ===> listening for new valid runs <===
2009-06-17 09:38 - LArCalibL1Calo - DEBUG: initialising coolRunLister
2009-06-17 09:38 - LArCalibL1Calo - DEBUG: applying selections to coolRunLister
2009-06-17 09:38 - LArCalibL1Calo - INFO: last valid run: 119770
2009-06-17 09:38 - LArCalibL1Calo - INFO: searching for new runs from 119771 to 2147483647
2009-06-17 09:38 - LArCalibL1Calo - DEBUG:  No new valid run. Last known valid run still: 119770
2009-06-17 09:41 - LArCalibL1Calo - INFO: ===> listening for new valid runs <===
2009-06-17 09:41 - LArCalibL1Calo - DEBUG: initialising coolRunLister
2009-06-17 09:41 - LArCalibL1Calo - DEBUG: applying selections to coolRunLister
2009-06-17 09:41 - LArCalibL1Calo - INFO: last valid run: 119770
2009-06-17 09:41 - LArCalibL1Calo - INFO: searching for new runs from 119771 to 2147483647
2009-06-17 09:41 - LArCalibL1Calo - DEBUG:  No new valid run. Last known valid run still: 119770
2009-06-17 09:43 - LArCalibL1Calo - INFO: ===> listening for new valid runs <===
2009-06-17 09:43 - LArCalibL1Calo - DEBUG: initialising coolRunLister
2009-06-17 09:43 - LArCalibL1Calo - DEBUG: applying selections to coolRunLister
2009-06-17 09:43 - LArCalibL1Calo - INFO: last valid run: 119770
2009-06-17 09:43 - LArCalibL1Calo - INFO: searching for new runs from 119771 to 2147483647
2009-06-17 09:43 - LArCalibL1Calo - DEBUG: new last known run: 119771
2009-06-17 09:43 - LArCalibL1Calo - DEBUG: 
     Run   Events  LumiB            StartTime             StopTime L1Events L2Events EFEvents ErrC Rec Cln RunType                  DetectorMask DAQConfiguration     PartitionName    FilenameTag         
  119771     4162      6  2009-06-17:07:38:20  2009-06-17:07:41:06     4162        0     4162    0  No Yes LarCalibL1Calo             1c000ff000 Schema=154:Data=54   LArgL1CaloCombined data09_calocomm     

2009-06-17 09:45 - LArCalibL1Calo - INFO: ===> listening for new valid runs <===
2009-06-17 09:45 - LArCalibL1Calo - DEBUG: initialising coolRunLister
2009-06-17 09:45 - LArCalibL1Calo - DEBUG: applying selections to coolRunLister
2009-06-17 09:45 - LArCalibL1Calo - INFO: last valid run: 119771
2009-06-17 09:45 - LArCalibL1Calo - INFO: searching for new runs from 119772 to 2147483647
2009-06-17 09:45 - LArCalibL1Calo - DEBUG: new last known run: 119776
2009-06-17 09:45 - LArCalibL1Calo - DEBUG: 
     Run   Events  LumiB            StartTime             StopTime L1Events L2Events EFEvents ErrC Rec Cln RunType                  DetectorMask DAQConfiguration     PartitionName    FilenameTag         
  119776        0      3  2009-06-17:07:43:12  2009-06-17:07:45:10        0        0        0    0  No Yes LarCalibL1Calo             1c000ff000 Schema=154:Data=54   LArgL1CaloCombined data09_calocomm     

2009-06-17 09:48 - LArCalibL1Calo - INFO: ===> listening for new valid runs <===
2009-06-17 09:48 - LArCalibL1Calo - DEBUG: initialising coolRunLister
2009-06-17 09:48 - LArCalibL1Calo - DEBUG: applying selections to coolRunLister
2009-06-17 09:48 - LArCalibL1Calo - INFO: last valid run: 119776
2009-06-17 09:48 - LArCalibL1Calo - INFO: searching for new runs from 119777 to 2147483647
2009-06-17 09:48 - LArCalibL1Calo - DEBUG:  No new valid run. Last known valid run still: 119776
2009-06-17 09:50 - LArCalibL1Calo - INFO: ===> listening for new valid runs <===
2009-06-17 09:50 - LArCalibL1Calo - DEBUG: initialising coolRunLister
2009-06-17 09:50 - LArCalibL1Calo - DEBUG: applying selections to coolRunLister
2009-06-17 09:50 - LArCalibL1Calo - INFO: last valid run: 119776
2009-06-17 09:50 - LArCalibL1Calo - INFO: searching for new runs from 119777 to 2147483647
2009-06-17 09:50 - LArCalibL1Calo - DEBUG:  No new valid run. Last known valid run still: 119776
2009-06-17 09:52 - LArCalibL1Calo - INFO: ===> listening for new valid runs <===
2009-06-17 09:52 - LArCalibL1Calo - DEBUG: initialising coolRunLister
2009-06-17 09:52 - LArCalibL1Calo - DEBUG: applying selections to coolRunLister
2009-06-17 09:52 - LArCalibL1Calo - INFO: last valid run: 119776
2009-06-17 09:52 - LArCalibL1Calo - INFO: searching for new runs from 119777 to 2147483647
2009-06-17 09:52 - LArCalibL1Calo - DEBUG:  No new valid run. Last known valid run still: 119776
2009-06-17 09:54 - LArCalibL1Calo - INFO: ===> listening for new valid runs <===
2009-06-17 09:54 - LArCalibL1Calo - DEBUG: initialising coolRunLister
2009-06-17 09:54 - LArCalibL1Calo - DEBUG: applying selections to coolRunLister
2009-06-17 09:54 - LArCalibL1Calo - INFO: last valid run: 119776
2009-06-17 09:54 - LArCalibL1Calo - INFO: searching for new runs from 119777 to 2147483647
2009-06-17 09:54 - LArCalibL1Calo - DEBUG:  No new valid run. Last known valid run still: 119776
2009-06-17 09:57 - LArCalibL1Calo - INFO: ===> listening for new valid runs <===
2009-06-17 09:57 - LArCalibL1Calo - DEBUG: initialising coolRunLister
2009-06-17 09:57 - LArCalibL1Calo - DEBUG: applying selections to coolRunLister
2009-06-17 09:57 - LArCalibL1Calo - INFO: last valid run: 119776
2009-06-17 09:57 - LArCalibL1Calo - INFO: searching for new runs from 119777 to 2147483647
2009-06-17 09:57 - LArCalibL1Calo - DEBUG:  No new valid run. Last known valid run still: 119776
2009-06-17 09:59 - LArCalibL1Calo - INFO: ===> listening for new valid runs <===
2009-06-17 09:59 - LArCalibL1Calo - DEBUG: initialising coolRunLister
2009-06-17 09:59 - LArCalibL1Calo - DEBUG: applying selections to coolRunLister
2009-06-17 09:59 - LArCalibL1Calo - INFO: last valid run: 119776
2009-06-17 09:59 - LArCalibL1Calo - INFO: searching for new runs from 119777 to 2147483647
2009-06-17 09:59 - LArCalibL1Calo - DEBUG:  No new valid run. Last known valid run still: 119776
2009-06-17 10:01 - LArCalibL1Calo - INFO: ===> listening for new valid runs <===
2009-06-17 10:01 - LArCalibL1Calo - DEBUG: initialising coolRunLister
2009-06-17 10:01 - LArCalibL1Calo - DEBUG: applying selections to coolRunLister
2009-06-17 10:01 - LArCalibL1Calo - INFO: last valid run: 119776
2009-06-17 10:01 - LArCalibL1Calo - INFO: searching for new runs from 119777 to 2147483647
2009-06-17 10:01 - LArCalibL1Calo - DEBUG: new last known run: 119778
2009-06-17 10:01 - LArCalibL1Calo - DEBUG: 
     Run   Events  LumiB            StartTime             StopTime L1Events L2Events EFEvents ErrC Rec Cln RunType                  DetectorMask DAQConfiguration     PartitionName    FilenameTag         
  119778     4500      4  2009-06-17:07:57:30  2009-06-17:08:00:24     4500        0     4500    0  No Yes LarCalibL1Calo             1c000ff000 Schema=154:Data=54   LArgL1CaloCombined data09_calocomm     

2009-06-17 10:03 - LArCalibL1Calo - INFO: ===> listening for new valid runs <===
2009-06-17 10:03 - LArCalibL1Calo - DEBUG: initialising coolRunLister
2009-06-17 10:03 - LArCalibL1Calo - DEBUG: applying selections to coolRunLister
2009-06-17 10:03 - LArCalibL1Calo - INFO: last valid run: 119778
2009-06-17 10:03 - LArCalibL1Calo - INFO: searching for new runs from 119779 to 2147483647
2009-06-17 10:03 - LArCalibL1Calo - DEBUG:  No new valid run. Last known valid run still: 119778
2009-06-17 10:06 - LArCalibL1Calo - INFO: ===> listening for new valid runs <===
2009-06-17 10:06 - LArCalibL1Calo - DEBUG: initialising coolRunLister
2009-06-17 10:06 - LArCalibL1Calo - DEBUG: applying selections to coolRunLister
2009-06-17 10:06 - LArCalibL1Calo - INFO: last valid run: 119778
2009-06-17 10:06 - LArCalibL1Calo - INFO: searching for new runs from 119779 to 2147483647
2009-06-17 10:06 - LArCalibL1Calo - DEBUG: new last known run: 119779
2009-06-17 10:06 - LArCalibL1Calo - DEBUG: 
     Run   Events  LumiB            StartTime             StopTime L1Events L2Events EFEvents ErrC Rec Cln RunType                  DetectorMask DAQConfiguration     PartitionName    FilenameTag         
  119779     1409      4  2009-06-17:08:01:22  2009-06-17:08:04:13     1409        0     1409    0  No Yes LarCalibL1Calo             1c000ff000 Schema=154:Data=54   LArgL1CaloCombined data09_calocomm     

2009-06-17 10:08 - LArCalibL1Calo - INFO: ===> listening for new valid runs <===
2009-06-17 10:08 - LArCalibL1Calo - DEBUG: initialising coolRunLister
2009-06-17 10:08 - LArCalibL1Calo - DEBUG: applying selections to coolRunLister
2009-06-17 10:08 - LArCalibL1Calo - INFO: last valid run: 119779
2009-06-17 10:08 - LArCalibL1Calo - INFO: searching for new runs from 119780 to 2147483647
2009-06-17 10:08 - LArCalibL1Calo - DEBUG: new last known run: 119782
2009-06-17 10:08 - LArCalibL1Calo - DEBUG: 
     Run   Events  LumiB            StartTime             StopTime L1Events L2Events EFEvents ErrC Rec Cln RunType                  DetectorMask DAQConfiguration     PartitionName    FilenameTag         
  119782     1409      4  2009-06-17:08:05:26  2009-06-17:08:08:12     1409        0     1409    0  No Yes LarCalibL1Calo             1c000ff000 Schema=154:Data=54   LArgL1CaloCombined data09_calocomm     

2009-06-17 10:10 - LArCalibL1Calo - INFO: ===> listening for new valid runs <===
2009-06-17 10:10 - LArCalibL1Calo - DEBUG: initialising coolRunLister
2009-06-17 10:10 - LArCalibL1Calo - DEBUG: applying selections to coolRunLister
2009-06-17 10:10 - LArCalibL1Calo - INFO: last valid run: 119782
2009-06-17 10:10 - LArCalibL1Calo - INFO: searching for new runs from 119783 to 2147483647
2009-06-17 10:10 - LArCalibL1Calo - DEBUG:  No new valid run. Last known valid run still: 119782
2009-06-17 10:13 - LArCalibL1Calo - INFO: ===> listening for new valid runs <===
2009-06-17 10:13 - LArCalibL1Calo - DEBUG: initialising coolRunLister
2009-06-17 10:13 - LArCalibL1Calo - DEBUG: applying selections to coolRunLister
2009-06-17 10:13 - LArCalibL1Calo - INFO: last valid run: 119782
2009-06-17 10:13 - LArCalibL1Calo - INFO: searching for new runs from 119783 to 2147483647
2009-06-17 10:13 - LArCalibL1Calo - DEBUG:  No new valid run. Last known valid run still: 119782
2009-06-17 10:15 - LArCalibL1Calo - INFO: ===> listening for new valid runs <===
2009-06-17 10:15 - LArCalibL1Calo - DEBUG: initialising coolRunLister
2009-06-17 10:15 - LArCalibL1Calo - DEBUG: applying selections to coolRunLister
2009-06-17 10:15 - LArCalibL1Calo - INFO: last valid run: 119782
2009-06-17 10:15 - LArCalibL1Calo - INFO: searching for new runs from 119783 to 2147483647
2009-06-17 10:15 - LArCalibL1Calo - DEBUG:  No new valid run. Last known valid run still: 119782
2009-06-17 10:17 - LArCalibL1Calo - INFO: ===> listening for new valid runs <===
2009-06-17 10:17 - LArCalibL1Calo - DEBUG: initialising coolRunLister
2009-06-17 10:17 - LArCalibL1Calo - DEBUG: applying selections to coolRunLister
2009-06-17 10:17 - LArCalibL1Calo - INFO: last valid run: 119782
2009-06-17 10:17 - LArCalibL1Calo - INFO: searching for new runs from 119783 to 2147483647
2009-06-17 10:17 - LArCalibL1Calo - DEBUG: new last known run: 119784
2009-06-17 10:17 - LArCalibL1Calo - DEBUG: 
     Run   Events  LumiB            StartTime             StopTime L1Events L2Events EFEvents ErrC Rec Cln RunType                  DetectorMask DAQConfiguration     PartitionName    FilenameTag         
  119784        0      1  2009-06-17:08:09:06  2009-06-17:08:15:41        0        0        0    0  No Yes LarCalibL1Calo             1c000ff000 Schema=154:Data=54   LArgL1CaloCombined data09_calocomm     

2009-06-17 10:20 - LArCalibL1Calo - INFO: ===> listening for new valid runs <===
2009-06-17 10:20 - LArCalibL1Calo - DEBUG: initialising coolRunLister
2009-06-17 10:20 - LArCalibL1Calo - DEBUG: applying selections to coolRunLister
2009-06-17 10:20 - LArCalibL1Calo - INFO: last valid run: 119784
2009-06-17 10:20 - LArCalibL1Calo - INFO: searching for new runs from 119785 to 2147483647
2009-06-17 10:20 - LArCalibL1Calo - DEBUG: new last known run: 119787
2009-06-17 10:20 - LArCalibL1Calo - DEBUG: 
     Run   Events  LumiB            StartTime             StopTime L1Events L2Events EFEvents ErrC Rec Cln RunType                  DetectorMask DAQConfiguration     PartitionName    FilenameTag         
  119787     4308      4  2009-06-17:08:15:42  2009-06-17:08:18:29     4308        0     4308    0  No Yes LarCalibL1Calo             1c000ff000 Schema=154:Data=54   LArgL1CaloCombined data09_calocomm     

2009-06-17 10:22 - LArCalibL1Calo - INFO: ===> listening for new valid runs <===
2009-06-17 10:22 - LArCalibL1Calo - DEBUG: initialising coolRunLister
2009-06-17 10:22 - LArCalibL1Calo - DEBUG: applying selections to coolRunLister
2009-06-17 10:22 - LArCalibL1Calo - INFO: last valid run: 119787
2009-06-17 10:22 - LArCalibL1Calo - INFO: searching for new runs from 119788 to 2147483647
2009-06-17 10:22 - LArCalibL1Calo - DEBUG:  No new valid run. Last known valid run still: 119787
2009-06-17 10:24 - LArCalibL1Calo - INFO: ===> listening for new valid runs <===
2009-06-17 10:24 - LArCalibL1Calo - DEBUG: initialising coolRunLister
2009-06-17 10:24 - LArCalibL1Calo - DEBUG: applying selections to coolRunLister
2009-06-17 10:24 - LArCalibL1Calo - INFO: last valid run: 119787
2009-06-17 10:24 - LArCalibL1Calo - INFO: searching for new runs from 119788 to 2147483647
2009-06-17 10:24 - LArCalibL1Calo - DEBUG:  No new valid run. Last known valid run still: 119787
2009-06-17 10:26 - LArCalibL1Calo - INFO: ===> listening for new valid runs <===
2009-06-17 10:26 - LArCalibL1Calo - DEBUG: initialising coolRunLister
2009-06-17 10:26 - LArCalibL1Calo - DEBUG: applying selections to coolRunLister
2009-06-17 10:26 - LArCalibL1Calo - INFO: last valid run: 119787
2009-06-17 10:26 - LArCalibL1Calo - INFO: searching for new runs from 119788 to 2147483647
2009-06-17 10:26 - LArCalibL1Calo - DEBUG:  No new valid run. Last known valid run still: 119787
2009-06-17 10:29 - LArCalibL1Calo - INFO: ===> listening for new valid runs <===
2009-06-17 10:29 - LArCalibL1Calo - DEBUG: initialising coolRunLister
2009-06-17 10:29 - LArCalibL1Calo - DEBUG: applying selections to coolRunLister
2009-06-17 10:29 - LArCalibL1Calo - INFO: last valid run: 119787
2009-06-17 10:29 - LArCalibL1Calo - INFO: searching for new runs from 119788 to 2147483647
2009-06-17 10:29 - LArCalibL1Calo - DEBUG:  No new valid run. Last known valid run still: 119787
2009-06-17 10:31 - LArCalibL1Calo - INFO: ===> listening for new valid runs <===
2009-06-17 10:31 - LArCalibL1Calo - DEBUG: initialising coolRunLister
2009-06-17 10:31 - LArCalibL1Calo - DEBUG: applying selections to coolRunLister
2009-06-17 10:31 - LArCalibL1Calo - INFO: last valid run: 119787
2009-06-17 10:31 - LArCalibL1Calo - INFO: searching for new runs from 119788 to 2147483647
2009-06-17 10:31 - LArCalibL1Calo - DEBUG:  No new valid run. Last known valid run still: 119787
2009-06-17 10:33 - LArCalibL1Calo - INFO: ===> listening for new valid runs <===
2009-06-17 10:33 - LArCalibL1Calo - DEBUG: initialising coolRunLister
2009-06-17 10:33 - LArCalibL1Calo - DEBUG: applying selections to coolRunLister
2009-06-17 10:33 - LArCalibL1Calo - INFO: last valid run: 119787
2009-06-17 10:33 - LArCalibL1Calo - INFO: searching for new runs from 119788 to 2147483647
2009-06-17 10:33 - LArCalibL1Calo - DEBUG: new last known run: 119797
2009-06-17 10:33 - LArCalibL1Calo - DEBUG: 
     Run   Events  LumiB            StartTime             StopTime L1Events L2Events EFEvents ErrC Rec Cln RunType                  DetectorMask DAQConfiguration     PartitionName    FilenameTag         
  119797     4192      6  2009-06-17:08:29:17  2009-06-17:08:32:06     4192        0     4192    0  No Yes LarCalibL1Calo             1c000ff000 Schema=154:Data=54   LArgL1CaloCombined data09_calocomm     

2009-06-17 10:35 - LArCalibL1Calo - INFO: ===> listening for new valid runs <===
2009-06-17 10:35 - LArCalibL1Calo - DEBUG: initialising coolRunLister
2009-06-17 10:35 - LArCalibL1Calo - DEBUG: applying selections to coolRunLister
2009-06-17 10:35 - LArCalibL1Calo - INFO: last valid run: 119797
2009-06-17 10:35 - LArCalibL1Calo - INFO: searching for new runs from 119798 to 2147483647
2009-06-17 10:36 - LArCalibL1Calo - DEBUG: new last known run: 119800
2009-06-17 10:36 - LArCalibL1Calo - DEBUG: 
     Run   Events  LumiB            StartTime             StopTime L1Events L2Events EFEvents ErrC Rec Cln RunType                  DetectorMask DAQConfiguration     PartitionName    FilenameTag         
  119800     1409      4  2009-06-17:08:32:46  2009-06-17:08:35:02     1409        0     1409    0  No Yes LarCalibL1Calo             1c000ff000 Schema=154:Data=54   LArgL1CaloCombined data09_calocomm     

2009-06-17 10:38 - LArCalibL1Calo - INFO: ===> listening for new valid runs <===
2009-06-17 10:38 - LArCalibL1Calo - DEBUG: initialising coolRunLister
2009-06-17 10:38 - LArCalibL1Calo - DEBUG: applying selections to coolRunLister
2009-06-17 10:38 - LArCalibL1Calo - INFO: last valid run: 119800
2009-06-17 10:38 - LArCalibL1Calo - INFO: searching for new runs from 119801 to 2147483647
2009-06-17 10:38 - LArCalibL1Calo - DEBUG:  No new valid run. Last known valid run still: 119800
2009-06-17 10:40 - LArCalibL1Calo - INFO: ===> listening for new valid runs <===
2009-06-17 10:40 - LArCalibL1Calo - DEBUG: initialising coolRunLister
2009-06-17 10:40 - LArCalibL1Calo - DEBUG: applying selections to coolRunLister
2009-06-17 10:40 - LArCalibL1Calo - INFO: last valid run: 119800
2009-06-17 10:40 - LArCalibL1Calo - INFO: searching for new runs from 119801 to 2147483647
2009-06-17 10:40 - LArCalibL1Calo - DEBUG: new last known run: 119805
2009-06-17 10:40 - LArCalibL1Calo - DEBUG: 
     Run   Events  LumiB            StartTime             StopTime L1Events L2Events EFEvents ErrC Rec Cln RunType                  DetectorMask DAQConfiguration     PartitionName    FilenameTag         
  119805     4503      6  2009-06-17:08:36:58  2009-06-17:08:39:50     4503        0     4503    0  No Yes LarCalibL1Calo             1c000ff000 Schema=154:Data=54   LArgL1CaloCombined data09_calocomm     

2009-06-17 10:42 - LArCalibL1Calo - INFO: ===> listening for new valid runs <===
2009-06-17 10:42 - LArCalibL1Calo - DEBUG: initialising coolRunLister
2009-06-17 10:42 - LArCalibL1Calo - DEBUG: applying selections to coolRunLister
2009-06-17 10:42 - LArCalibL1Calo - INFO: last valid run: 119805
2009-06-17 10:42 - LArCalibL1Calo - INFO: searching for new runs from 119806 to 2147483647
2009-06-17 10:42 - LArCalibL1Calo - DEBUG:  No new valid run. Last known valid run still: 119805
2009-06-17 10:45 - LArCalibL1Calo - INFO: ===> listening for new valid runs <===
2009-06-17 10:45 - LArCalibL1Calo - DEBUG: initialising coolRunLister
2009-06-17 10:45 - LArCalibL1Calo - DEBUG: applying selections to coolRunLister
2009-06-17 10:45 - LArCalibL1Calo - INFO: last valid run: 119805
2009-06-17 10:45 - LArCalibL1Calo - INFO: searching for new runs from 119806 to 2147483647
2009-06-17 10:45 - LArCalibL1Calo - DEBUG: new last known run: 119808
2009-06-17 10:45 - LArCalibL1Calo - DEBUG: 
     Run   Events  LumiB            StartTime             StopTime L1Events L2Events EFEvents ErrC Rec Cln RunType                  DetectorMask DAQConfiguration     PartitionName    FilenameTag         
  119808     4265      6  2009-06-17:08:41:56  2009-06-17:08:44:48     4265        0     4265    0  No Yes LarCalibL1Calo             1c000ff000 Schema=154:Data=54   LArgL1CaloCombined data09_calocomm     

2009-06-17 10:47 - LArCalibL1Calo - INFO: ===> listening for new valid runs <===
2009-06-17 10:47 - LArCalibL1Calo - DEBUG: initialising coolRunLister
2009-06-17 10:47 - LArCalibL1Calo - DEBUG: applying selections to coolRunLister
2009-06-17 10:47 - LArCalibL1Calo - INFO: last valid run: 119808
2009-06-17 10:47 - LArCalibL1Calo - INFO: searching for new runs from 119809 to 2147483647
2009-06-17 10:47 - LArCalibL1Calo - DEBUG:  No new valid run. Last known valid run still: 119808
2009-06-17 10:49 - LArCalibL1Calo - INFO: ===> listening for new valid runs <===
2009-06-17 10:49 - LArCalibL1Calo - DEBUG: initialising coolRunLister
2009-06-17 10:49 - LArCalibL1Calo - DEBUG: applying selections to coolRunLister
2009-06-17 10:49 - LArCalibL1Calo - INFO: last valid run: 119808
2009-06-17 10:49 - LArCalibL1Calo - INFO: searching for new runs from 119809 to 2147483647
2009-06-17 10:49 - LArCalibL1Calo - DEBUG:  No new valid run. Last known valid run still: 119808
2009-06-17 10:51 - LArCalibL1Calo - INFO: ===> listening for new valid runs <===
2009-06-17 10:51 - LArCalibL1Calo - DEBUG: initialising coolRunLister
2009-06-17 10:51 - LArCalibL1Calo - DEBUG: applying selections to coolRunLister
2009-06-17 10:51 - LArCalibL1Calo - INFO: last valid run: 119808
2009-06-17 10:51 - LArCalibL1Calo - INFO: searching for new runs from 119809 to 2147483647
2009-06-17 10:51 - LArCalibL1Calo - DEBUG:  No new valid run. Last known valid run still: 119808
2009-06-17 10:54 - LArCalibL1Calo - INFO: ===> listening for new valid runs <===
2009-06-17 10:54 - LArCalibL1Calo - DEBUG: initialising coolRunLister
2009-06-17 10:54 - LArCalibL1Calo - DEBUG: applying selections to coolRunLister
2009-06-17 10:54 - LArCalibL1Calo - INFO: last valid run: 119808
2009-06-17 10:54 - LArCalibL1Calo - INFO: searching for new runs from 119809 to 2147483647
2009-06-17 10:54 - LArCalibL1Calo - DEBUG: new last known run: 119813
2009-06-17 10:54 - LArCalibL1Calo - DEBUG: 
     Run   Events  LumiB            StartTime             StopTime L1Events L2Events EFEvents ErrC Rec Cln RunType                  DetectorMask DAQConfiguration     PartitionName    FilenameTag         
  119813     4429      4  2009-06-17:08:49:21  2009-06-17:08:52:14     4430        0     4430    0  No Yes LarCalibL1Calo             1c000ff000 Schema=154:Data=54   LArgL1CaloCombined data09_calocomm     

2009-06-17 10:56 - LArCalibL1Calo - INFO: ===> listening for new valid runs <===
2009-06-17 10:56 - LArCalibL1Calo - DEBUG: initialising coolRunLister
2009-06-17 10:56 - LArCalibL1Calo - DEBUG: applying selections to coolRunLister
2009-06-17 10:56 - LArCalibL1Calo - INFO: last valid run: 119813
2009-06-17 10:56 - LArCalibL1Calo - INFO: searching for new runs from 119814 to 2147483647
2009-06-17 10:56 - LArCalibL1Calo - DEBUG:  No new valid run. Last known valid run still: 119813
2009-06-17 10:58 - LArCalibL1Calo - INFO: ===> listening for new valid runs <===
2009-06-17 10:58 - LArCalibL1Calo - DEBUG: initialising coolRunLister
2009-06-17 10:58 - LArCalibL1Calo - DEBUG: applying selections to coolRunLister
2009-06-17 10:58 - LArCalibL1Calo - INFO: last valid run: 119813
2009-06-17 10:58 - LArCalibL1Calo - INFO: searching for new runs from 119814 to 2147483647
2009-06-17 10:58 - LArCalibL1Calo - DEBUG:  No new valid run. Last known valid run still: 119813
2009-06-17 11:01 - LArCalibL1Calo - INFO: ===> listening for new valid runs <===
2009-06-17 11:01 - LArCalibL1Calo - DEBUG: initialising coolRunLister
2009-06-17 11:01 - LArCalibL1Calo - DEBUG: applying selections to coolRunLister
2009-06-17 11:01 - LArCalibL1Calo - INFO: last valid run: 119813
2009-06-17 11:01 - LArCalibL1Calo - INFO: searching for new runs from 119814 to 2147483647
2009-06-17 11:01 - LArCalibL1Calo - DEBUG:  No new valid run. Last known valid run still: 119813
2009-06-17 11:03 - LArCalibL1Calo - INFO: ===> listening for new valid runs <===
2009-06-17 11:03 - LArCalibL1Calo - DEBUG: initialising coolRunLister
2009-06-17 11:03 - LArCalibL1Calo - DEBUG: applying selections to coolRunLister
2009-06-17 11:03 - LArCalibL1Calo - INFO: last valid run: 119813
2009-06-17 11:03 - LArCalibL1Calo - INFO: searching for new runs from 119814 to 2147483647
2009-06-17 11:03 - LArCalibL1Calo - DEBUG:  No new valid run. Last known valid run still: 119813
2009-06-17 11:05 - LArCalibL1Calo - INFO: ===> listening for new valid runs <===
2009-06-17 11:05 - LArCalibL1Calo - DEBUG: initialising coolRunLister
2009-06-17 11:05 - LArCalibL1Calo - DEBUG: applying selections to coolRunLister
2009-06-17 11:05 - LArCalibL1Calo - INFO: last valid run: 119813
2009-06-17 11:05 - LArCalibL1Calo - INFO: searching for new runs from 119814 to 2147483647
2009-06-17 11:05 - LArCalibL1Calo - DEBUG: new last known run: 119815
2009-06-17 11:05 - LArCalibL1Calo - DEBUG: 
     Run   Events  LumiB            StartTime             StopTime L1Events L2Events EFEvents ErrC Rec Cln RunType                  DetectorMask DAQConfiguration     PartitionName    FilenameTag         
  119815     4300      6  2009-06-17:09:01:40  2009-06-17:09:04:29     4300        0     4300    0  No Yes LarCalibL1Calo             1c000ff000 Schema=154:Data=54   LArgL1CaloCombined data09_calocomm     

2009-06-17 11:08 - LArCalibL1Calo - INFO: ===> listening for new valid runs <===
2009-06-17 11:08 - LArCalibL1Calo - DEBUG: initialising coolRunLister
2009-06-17 11:08 - LArCalibL1Calo - DEBUG: applying selections to coolRunLister
2009-06-17 11:08 - LArCalibL1Calo - INFO: last valid run: 119815
2009-06-17 11:08 - LArCalibL1Calo - INFO: searching for new runs from 119816 to 2147483647
2009-06-17 11:08 - LArCalibL1Calo - DEBUG:  No new valid run. Last known valid run still: 119815
2009-06-17 11:10 - LArCalibL1Calo - INFO: ===> listening for new valid runs <===
2009-06-17 11:10 - LArCalibL1Calo - DEBUG: initialising coolRunLister
2009-06-17 11:10 - LArCalibL1Calo - DEBUG: applying selections to coolRunLister
2009-06-17 11:10 - LArCalibL1Calo - INFO: last valid run: 119815
2009-06-17 11:10 - LArCalibL1Calo - INFO: searching for new runs from 119816 to 2147483647
2009-06-17 11:10 - LArCalibL1Calo - DEBUG: new last known run: 119820
2009-06-17 11:10 - LArCalibL1Calo - DEBUG: 
     Run   Events  LumiB            StartTime             StopTime L1Events L2Events EFEvents ErrC Rec Cln RunType                  DetectorMask DAQConfiguration     PartitionName    FilenameTag         
  119817        0      1  2009-06-17:09:06:17  2009-06-17:09:08:09        0        0        0    0  No Yes LarCalibL1Calo             1c000ff000 Schema=154:Data=54   LArgL1CaloCombined data09_calocomm     
     Run   Events  LumiB            StartTime             StopTime L1Events L2Events EFEvents ErrC Rec Cln RunType                  DetectorMask DAQConfiguration     PartitionName    FilenameTag         
  119820        0      1  2009-06-17:09:08:10  2009-06-17:09:08:49        0        0        0    0  No Yes LarCalibL1Calo             1c000ff000 Schema=154:Data=54   LArgL1CaloCombined data09_calocomm     

2009-06-17 11:12 - LArCalibL1Calo - INFO: ===> listening for new valid runs <===
2009-06-17 11:12 - LArCalibL1Calo - DEBUG: initialising coolRunLister
2009-06-17 11:12 - LArCalibL1Calo - DEBUG: applying selections to coolRunLister
2009-06-17 11:12 - LArCalibL1Calo - INFO: last valid run: 119820
2009-06-17 11:12 - LArCalibL1Calo - INFO: searching for new runs from 119821 to 2147483647
2009-06-17 11:12 - LArCalibL1Calo - DEBUG:  No new valid run. Last known valid run still: 119820
2009-06-17 11:14 - LArCalibL1Calo - INFO: ===> listening for new valid runs <===
2009-06-17 11:14 - LArCalibL1Calo - DEBUG: initialising coolRunLister
2009-06-17 11:14 - LArCalibL1Calo - DEBUG: applying selections to coolRunLister
2009-06-17 11:14 - LArCalibL1Calo - INFO: last valid run: 119820
2009-06-17 11:14 - LArCalibL1Calo - INFO: searching for new runs from 119821 to 2147483647
2009-06-17 11:14 - LArCalibL1Calo - DEBUG:  No new valid run. Last known valid run still: 119820
2009-06-17 11:17 - LArCalibL1Calo - INFO: ===> listening for new valid runs <===
2009-06-17 11:17 - LArCalibL1Calo - DEBUG: initialising coolRunLister
2009-06-17 11:17 - LArCalibL1Calo - DEBUG: applying selections to coolRunLister
2009-06-17 11:17 - LArCalibL1Calo - INFO: last valid run: 119820
2009-06-17 11:17 - LArCalibL1Calo - INFO: searching for new runs from 119821 to 2147483647
2009-06-17 11:17 - LArCalibL1Calo - DEBUG: new last known run: 119822
2009-06-17 11:17 - LArCalibL1Calo - DEBUG: 
     Run   Events  LumiB            StartTime             StopTime L1Events L2Events EFEvents ErrC Rec Cln RunType                  DetectorMask DAQConfiguration     PartitionName    FilenameTag         
  119822     4396      4  2009-06-17:09:12:14  2009-06-17:09:15:02     4396        0     4396    0  No Yes LarCalibL1Calo             1c000ff000 Schema=154:Data=54   LArgL1CaloCombined data09_calocomm     

2009-06-17 11:19 - LArCalibL1Calo - INFO: ===> listening for new valid runs <===
2009-06-17 11:19 - LArCalibL1Calo - DEBUG: initialising coolRunLister
2009-06-17 11:19 - LArCalibL1Calo - DEBUG: applying selections to coolRunLister
2009-06-17 11:19 - LArCalibL1Calo - INFO: last valid run: 119822
2009-06-17 11:19 - LArCalibL1Calo - INFO: searching for new runs from 119823 to 2147483647
2009-06-17 11:19 - LArCalibL1Calo - DEBUG:  No new valid run. Last known valid run still: 119822
2009-06-17 11:21 - LArCalibL1Calo - INFO: ===> listening for new valid runs <===
2009-06-17 11:21 - LArCalibL1Calo - DEBUG: initialising coolRunLister
2009-06-17 11:21 - LArCalibL1Calo - DEBUG: applying selections to coolRunLister
2009-06-17 11:21 - LArCalibL1Calo - INFO: last valid run: 119822
2009-06-17 11:21 - LArCalibL1Calo - INFO: searching for new runs from 119823 to 2147483647
2009-06-17 11:21 - LArCalibL1Calo - DEBUG:  No new valid run. Last known valid run still: 119822
2009-06-17 11:24 - LArCalibL1Calo - INFO: ===> listening for new valid runs <===
2009-06-17 11:24 - LArCalibL1Calo - DEBUG: initialising coolRunLister
2009-06-17 11:24 - LArCalibL1Calo - DEBUG: applying selections to coolRunLister
2009-06-17 11:24 - LArCalibL1Calo - INFO: last valid run: 119822
2009-06-17 11:24 - LArCalibL1Calo - INFO: searching for new runs from 119823 to 2147483647
2009-06-17 11:24 - LArCalibL1Calo - DEBUG:  No new valid run. Last known valid run still: 119822
2009-06-17 11:26 - LArCalibL1Calo - INFO: ===> listening for new valid runs <===
2009-06-17 11:26 - LArCalibL1Calo - DEBUG: initialising coolRunLister
2009-06-17 11:26 - LArCalibL1Calo - DEBUG: applying selections to coolRunLister
2009-06-17 11:26 - LArCalibL1Calo - INFO: last valid run: 119822
2009-06-17 11:26 - LArCalibL1Calo - INFO: searching for new runs from 119823 to 2147483647
2009-06-17 11:26 - LArCalibL1Calo - DEBUG:  No new valid run. Last known valid run still: 119822
2009-06-17 11:28 - LArCalibL1Calo - INFO: ===> listening for new valid runs <===
2009-06-17 11:28 - LArCalibL1Calo - DEBUG: initialising coolRunLister
2009-06-17 11:28 - LArCalibL1Calo - DEBUG: applying selections to coolRunLister
2009-06-17 11:28 - LArCalibL1Calo - INFO: last valid run: 119822
2009-06-17 11:28 - LArCalibL1Calo - INFO: searching for new runs from 119823 to 2147483647
2009-06-17 11:28 - LArCalibL1Calo - DEBUG:  No new valid run. Last known valid run still: 119822
2009-06-17 11:30 - LArCalibL1Calo - INFO: ===> listening for new valid runs <===
2009-06-17 11:30 - LArCalibL1Calo - DEBUG: initialising coolRunLister
2009-06-17 11:30 - LArCalibL1Calo - DEBUG: applying selections to coolRunLister
2009-06-17 11:30 - LArCalibL1Calo - INFO: last valid run: 119822
2009-06-17 11:30 - LArCalibL1Calo - INFO: searching for new runs from 119823 to 2147483647
2009-06-17 11:30 - LArCalibL1Calo - DEBUG:  No new valid run. Last known valid run still: 119822
2009-06-17 11:33 - LArCalibL1Calo - INFO: ===> listening for new valid runs <===
2009-06-17 11:33 - LArCalibL1Calo - DEBUG: initialising coolRunLister
2009-06-17 11:33 - LArCalibL1Calo - DEBUG: applying selections to coolRunLister
2009-06-17 11:33 - LArCalibL1Calo - INFO: last valid run: 119822
2009-06-17 11:33 - LArCalibL1Calo - INFO: searching for new runs from 119823 to 2147483647
2009-06-17 11:33 - LArCalibL1Calo - DEBUG:  No new valid run. Last known valid run still: 119822
2009-06-17 11:35 - LArCalibL1Calo - INFO: ===> listening for new valid runs <===
2009-06-17 11:35 - LArCalibL1Calo - DEBUG: initialising coolRunLister
2009-06-17 11:35 - LArCalibL1Calo - DEBUG: applying selections to coolRunLister
2009-06-17 11:35 - LArCalibL1Calo - INFO: last valid run: 119822
2009-06-17 11:35 - LArCalibL1Calo - INFO: searching for new runs from 119823 to 2147483647
2009-06-17 11:35 - LArCalibL1Calo - DEBUG:  No new valid run. Last known valid run still: 119822
2009-06-17 11:37 - LArCalibL1Calo - INFO: ===> listening for new valid runs <===
2009-06-17 11:37 - LArCalibL1Calo - DEBUG: initialising coolRunLister
2009-06-17 11:37 - LArCalibL1Calo - DEBUG: applying selections to coolRunLister
2009-06-17 11:37 - LArCalibL1Calo - INFO: last valid run: 119822
2009-06-17 11:37 - LArCalibL1Calo - INFO: searching for new runs from 119823 to 2147483647
2009-06-17 11:37 - LArCalibL1Calo - DEBUG:  No new valid run. Last known valid run still: 119822
2009-06-17 11:39 - LArCalibL1Calo - INFO: ===> listening for new valid runs <===
2009-06-17 11:39 - LArCalibL1Calo - DEBUG: initialising coolRunLister
2009-06-17 11:39 - LArCalibL1Calo - DEBUG: applying selections to coolRunLister
2009-06-17 11:39 - LArCalibL1Calo - INFO: last valid run: 119822
2009-06-17 11:39 - LArCalibL1Calo - INFO: searching for new runs from 119823 to 2147483647
2009-06-17 11:39 - LArCalibL1Calo - DEBUG:  No new valid run. Last known valid run still: 119822
2009-06-17 11:42 - LArCalibL1Calo - INFO: ===> listening for new valid runs <===
2009-06-17 11:42 - LArCalibL1Calo - DEBUG: initialising coolRunLister
2009-06-17 11:42 - LArCalibL1Calo - DEBUG: applying selections to coolRunLister
2009-06-17 11:42 - LArCalibL1Calo - INFO: last valid run: 119822
2009-06-17 11:42 - LArCalibL1Calo - INFO: searching for new runs from 119823 to 2147483647
2009-06-17 11:42 - LArCalibL1Calo - DEBUG:  No new valid run. Last known valid run still: 119822
2009-06-17 11:44 - LArCalibL1Calo - INFO: ===> listening for new valid runs <===
2009-06-17 11:44 - LArCalibL1Calo - DEBUG: initialising coolRunLister
2009-06-17 11:44 - LArCalibL1Calo - DEBUG: applying selections to coolRunLister
2009-06-17 11:44 - LArCalibL1Calo - INFO: last valid run: 119822
2009-06-17 11:44 - LArCalibL1Calo - INFO: searching for new runs from 119823 to 2147483647
2009-06-17 11:44 - LArCalibL1Calo - DEBUG:  No new valid run. Last known valid run still: 119822
2009-06-17 11:46 - LArCalibL1Calo - INFO: ===> listening for new valid runs <===
2009-06-17 11:46 - LArCalibL1Calo - DEBUG: initialising coolRunLister
2009-06-17 11:46 - LArCalibL1Calo - DEBUG: applying selections to coolRunLister
2009-06-17 11:46 - LArCalibL1Calo - INFO: last valid run: 119822
2009-06-17 11:46 - LArCalibL1Calo - INFO: searching for new runs from 119823 to 2147483647
2009-06-17 11:46 - LArCalibL1Calo - DEBUG:  No new valid run. Last known valid run still: 119822
2009-06-17 11:49 - LArCalibL1Calo - INFO: ===> listening for new valid runs <===
2009-06-17 11:49 - LArCalibL1Calo - DEBUG: initialising coolRunLister
2009-06-17 11:49 - LArCalibL1Calo - DEBUG: applying selections to coolRunLister
2009-06-17 11:49 - LArCalibL1Calo - INFO: last valid run: 119822
2009-06-17 11:49 - LArCalibL1Calo - INFO: searching for new runs from 119823 to 2147483647
2009-06-17 11:49 - LArCalibL1Calo - DEBUG:  No new valid run. Last known valid run still: 119822
2009-06-17 11:51 - LArCalibL1Calo - INFO: ===> listening for new valid runs <===
2009-06-17 11:51 - LArCalibL1Calo - DEBUG: initialising coolRunLister
2009-06-17 11:51 - LArCalibL1Calo - DEBUG: applying selections to coolRunLister
2009-06-17 11:51 - LArCalibL1Calo - INFO: last valid run: 119822
2009-06-17 11:51 - LArCalibL1Calo - INFO: searching for new runs from 119823 to 2147483647
2009-06-17 11:51 - LArCalibL1Calo - DEBUG:  No new valid run. Last known valid run still: 119822
2009-06-17 11:53 - LArCalibL1Calo - INFO: ===> listening for new valid runs <===
2009-06-17 11:53 - LArCalibL1Calo - DEBUG: initialising coolRunLister
2009-06-17 11:53 - LArCalibL1Calo - DEBUG: applying selections to coolRunLister
2009-06-17 11:53 - LArCalibL1Calo - INFO: last valid run: 119822
2009-06-17 11:53 - LArCalibL1Calo - INFO: searching for new runs from 119823 to 2147483647
2009-06-17 11:53 - LArCalibL1Calo - DEBUG:  No new valid run. Last known valid run still: 119822
2009-06-17 11:55 - LArCalibL1Calo - INFO: ===> listening for new valid runs <===
2009-06-17 11:55 - LArCalibL1Calo - DEBUG: initialising coolRunLister
2009-06-17 11:55 - LArCalibL1Calo - DEBUG: applying selections to coolRunLister
2009-06-17 11:55 - LArCalibL1Calo - INFO: last valid run: 119822
2009-06-17 11:55 - LArCalibL1Calo - INFO: searching for new runs from 119823 to 2147483647
2009-06-17 11:56 - LArCalibL1Calo - DEBUG:  No new valid run. Last known valid run still: 119822
2009-06-17 11:58 - LArCalibL1Calo - INFO: ===> listening for new valid runs <===
2009-06-17 11:58 - LArCalibL1Calo - DEBUG: initialising coolRunLister
2009-06-17 11:58 - LArCalibL1Calo - DEBUG: applying selections to coolRunLister
2009-06-17 11:58 - LArCalibL1Calo - INFO: last valid run: 119822
2009-06-17 11:58 - LArCalibL1Calo - INFO: searching for new runs from 119823 to 2147483647
2009-06-17 11:58 - LArCalibL1Calo - DEBUG:  No new valid run. Last known valid run still: 119822
2009-06-17 12:00 - LArCalibL1Calo - INFO: ===> listening for new valid runs <===
2009-06-17 12:00 - LArCalibL1Calo - DEBUG: initialising coolRunLister
2009-06-17 12:00 - LArCalibL1Calo - DEBUG: applying selections to coolRunLister
2009-06-17 12:00 - LArCalibL1Calo - INFO: last valid run: 119822
2009-06-17 12:00 - LArCalibL1Calo - INFO: searching for new runs from 119823 to 2147483647
2009-06-17 12:00 - LArCalibL1Calo - DEBUG:  No new valid run. Last known valid run still: 119822
2009-06-17 12:02 - LArCalibL1Calo - INFO: ===> listening for new valid runs <===
2009-06-17 12:02 - LArCalibL1Calo - DEBUG: initialising coolRunLister
2009-06-17 12:02 - LArCalibL1Calo - DEBUG: applying selections to coolRunLister
2009-06-17 12:02 - LArCalibL1Calo - INFO: last valid run: 119822
2009-06-17 12:02 - LArCalibL1Calo - INFO: searching for new runs from 119823 to 2147483647
2009-06-17 12:02 - LArCalibL1Calo - DEBUG:  No new valid run. Last known valid run still: 119822
2009-06-17 12:05 - LArCalibL1Calo - INFO: ===> listening for new valid runs <===
2009-06-17 12:05 - LArCalibL1Calo - DEBUG: initialising coolRunLister
2009-06-17 12:05 - LArCalibL1Calo - DEBUG: applying selections to coolRunLister
2009-06-17 12:05 - LArCalibL1Calo - INFO: last valid run: 119822
2009-06-17 12:05 - LArCalibL1Calo - INFO: searching for new runs from 119823 to 2147483647
2009-06-17 12:05 - LArCalibL1Calo - DEBUG:  No new valid run. Last known valid run still: 119822
2009-06-17 12:07 - LArCalibL1Calo - INFO: ===> listening for new valid runs <===
2009-06-17 12:07 - LArCalibL1Calo - DEBUG: initialising coolRunLister
2009-06-17 12:07 - LArCalibL1Calo - DEBUG: applying selections to coolRunLister
2009-06-17 12:07 - LArCalibL1Calo - INFO: last valid run: 119822
2009-06-17 12:07 - LArCalibL1Calo - INFO: searching for new runs from 119823 to 2147483647
2009-06-17 12:07 - LArCalibL1Calo - DEBUG:  No new valid run. Last known valid run still: 119822
2009-06-17 12:09 - LArCalibL1Calo - INFO: ===> listening for new valid runs <===
2009-06-17 12:09 - LArCalibL1Calo - DEBUG: initialising coolRunLister
2009-06-17 12:09 - LArCalibL1Calo - DEBUG: applying selections to coolRunLister
2009-06-17 12:09 - LArCalibL1Calo - INFO: last valid run: 119822
2009-06-17 12:09 - LArCalibL1Calo - INFO: searching for new runs from 119823 to 2147483647
2009-06-17 12:09 - LArCalibL1Calo - DEBUG:  No new valid run. Last known valid run still: 119822
2009-06-17 12:12 - LArCalibL1Calo - INFO: ===> listening for new valid runs <===
2009-06-17 12:12 - LArCalibL1Calo - DEBUG: initialising coolRunLister
2009-06-17 12:12 - LArCalibL1Calo - DEBUG: applying selections to coolRunLister
2009-06-17 12:12 - LArCalibL1Calo - INFO: last valid run: 119822
2009-06-17 12:12 - LArCalibL1Calo - INFO: searching for new runs from 119823 to 2147483647
2009-06-17 12:12 - LArCalibL1Calo - DEBUG:  No new valid run. Last known valid run still: 119822
2009-06-17 12:14 - LArCalibL1Calo - INFO: ===> listening for new valid runs <===
2009-06-17 12:14 - LArCalibL1Calo - DEBUG: initialising coolRunLister
2009-06-17 12:14 - LArCalibL1Calo - DEBUG: applying selections to coolRunLister
2009-06-17 12:14 - LArCalibL1Calo - INFO: last valid run: 119822
2009-06-17 12:14 - LArCalibL1Calo - INFO: searching for new runs from 119823 to 2147483647
2009-06-17 12:14 - LArCalibL1Calo - DEBUG:  No new valid run. Last known valid run still: 119822
