2009-04-09 00:00 - TileCalibL1Calo - INFO: ========================================
2009-04-09 00:00 - TileCalibL1Calo - INFO: RunListener in init
2009-04-09 00:00 - TileCalibL1Calo - INFO: RunListener initialized
2009-04-09 00:00 - TileCalibL1Calo - INFO: ========================================
2009-04-09 00:00 - TileCalibL1Calo - INFO: ===> from initRunListener <===
2009-04-09 00:00 - TileCalibL1Calo - INFO: 
RunListener TileCalibL1Caloinitialised with the following parameters:
TDAQ DB: COOLONL_TDAQ/COMP200
TRIG DB: COOLONL_TRIGGER/COMP200
Status DB: COOLONL_TDAQ/COMP200
log level: 0
oracle: False
rec. only: True
det. mask: 0
run type: cismono
det. status: 2
det. status tag: HEAD
daq partition: Tile-TTC2LAN
tag: 
format: acertd
reverse: False
stoptimestamp: True
cleanstop: True
hasevents: True
last valid run known: 0

2009-04-09 00:10 - TileCalibL1Calo - INFO: ===> listening for new valid runs <===
2009-04-09 00:10 - TileCalibL1Calo - DEBUG: initialising coolRunLister
2009-04-09 00:10 - TileCalibL1Calo - DEBUG: applying selections to coolRunLister
2009-04-09 00:10 - TileCalibL1Calo - INFO: last valid run: 104000
2009-04-09 00:10 - TileCalibL1Calo - INFO: searching for new runs from 104001 to 2147483647
2009-04-09 00:10 - TileCalibL1Calo - DEBUG: new last known run: 105072
2009-04-09 00:10 - TileCalibL1Calo - DEBUG: 
     Run   Events  LumiB            StartTime             StopTime L1Events L2Events EFEvents ErrC Rec Cln RunType                  DetectorMask DAQConfiguration     PartitionName    FilenameTag         
  105072     4508      3  2009-04-02:13:28:56  2009-04-02:13:30:15     4508     4508     4508    0  No Yes cismono                    7c00f00000 Schema=127:Data=150  Tile-TTC2LAN                         

2009-04-09 00:21 - TileCalibL1Calo - INFO: ===> listening for new valid runs <===
2009-04-09 00:21 - TileCalibL1Calo - DEBUG: initialising coolRunLister
2009-04-09 00:21 - TileCalibL1Calo - DEBUG: applying selections to coolRunLister
2009-04-09 00:21 - TileCalibL1Calo - INFO: last valid run: 105072
2009-04-09 00:21 - TileCalibL1Calo - INFO: searching for new runs from 105073 to 2147483647
2009-04-09 00:21 - TileCalibL1Calo - DEBUG:  No new valid run. Last known valid run still: 105072
2009-04-09 00:31 - TileCalibL1Calo - INFO: ===> listening for new valid runs <===
2009-04-09 00:31 - TileCalibL1Calo - DEBUG: initialising coolRunLister
2009-04-09 00:31 - TileCalibL1Calo - DEBUG: applying selections to coolRunLister
2009-04-09 00:31 - TileCalibL1Calo - INFO: last valid run: 105072
2009-04-09 00:31 - TileCalibL1Calo - INFO: searching for new runs from 105073 to 2147483647
2009-04-09 00:31 - TileCalibL1Calo - DEBUG:  No new valid run. Last known valid run still: 105072
2009-04-09 00:41 - TileCalibL1Calo - INFO: ===> listening for new valid runs <===
2009-04-09 00:41 - TileCalibL1Calo - DEBUG: initialising coolRunLister
2009-04-09 00:41 - TileCalibL1Calo - DEBUG: applying selections to coolRunLister
2009-04-09 00:41 - TileCalibL1Calo - INFO: last valid run: 105072
2009-04-09 00:41 - TileCalibL1Calo - INFO: searching for new runs from 105073 to 2147483647
2009-04-09 00:41 - TileCalibL1Calo - DEBUG:  No new valid run. Last known valid run still: 105072
2009-04-09 00:51 - TileCalibL1Calo - INFO: ===> listening for new valid runs <===
2009-04-09 00:51 - TileCalibL1Calo - DEBUG: initialising coolRunLister
2009-04-09 00:51 - TileCalibL1Calo - DEBUG: applying selections to coolRunLister
2009-04-09 00:51 - TileCalibL1Calo - INFO: last valid run: 105072
2009-04-09 00:51 - TileCalibL1Calo - INFO: searching for new runs from 105073 to 2147483647
2009-04-09 00:51 - TileCalibL1Calo - DEBUG:  No new valid run. Last known valid run still: 105072
2009-04-09 01:02 - TileCalibL1Calo - INFO: ===> listening for new valid runs <===
2009-04-09 01:02 - TileCalibL1Calo - DEBUG: initialising coolRunLister
2009-04-09 01:02 - TileCalibL1Calo - DEBUG: applying selections to coolRunLister
2009-04-09 01:02 - TileCalibL1Calo - INFO: last valid run: 105072
2009-04-09 01:02 - TileCalibL1Calo - INFO: searching for new runs from 105073 to 2147483647
2009-04-09 01:02 - TileCalibL1Calo - DEBUG:  No new valid run. Last known valid run still: 105072
2009-04-09 01:12 - TileCalibL1Calo - INFO: ===> listening for new valid runs <===
2009-04-09 01:12 - TileCalibL1Calo - DEBUG: initialising coolRunLister
2009-04-09 01:12 - TileCalibL1Calo - DEBUG: applying selections to coolRunLister
2009-04-09 01:12 - TileCalibL1Calo - INFO: last valid run: 105072
2009-04-09 01:12 - TileCalibL1Calo - INFO: searching for new runs from 105073 to 2147483647
2009-04-09 01:12 - TileCalibL1Calo - DEBUG:  No new valid run. Last known valid run still: 105072
2009-04-09 01:22 - TileCalibL1Calo - INFO: ===> listening for new valid runs <===
2009-04-09 01:22 - TileCalibL1Calo - DEBUG: initialising coolRunLister
2009-04-09 01:22 - TileCalibL1Calo - DEBUG: applying selections to coolRunLister
2009-04-09 01:22 - TileCalibL1Calo - INFO: last valid run: 105072
2009-04-09 01:22 - TileCalibL1Calo - INFO: searching for new runs from 105073 to 2147483647
2009-04-09 01:22 - TileCalibL1Calo - DEBUG:  No new valid run. Last known valid run still: 105072
2009-04-09 01:32 - TileCalibL1Calo - INFO: ===> listening for new valid runs <===
2009-04-09 01:32 - TileCalibL1Calo - DEBUG: initialising coolRunLister
2009-04-09 01:32 - TileCalibL1Calo - DEBUG: applying selections to coolRunLister
2009-04-09 01:32 - TileCalibL1Calo - INFO: last valid run: 105072
2009-04-09 01:32 - TileCalibL1Calo - INFO: searching for new runs from 105073 to 2147483647
2009-04-09 01:32 - TileCalibL1Calo - DEBUG:  No new valid run. Last known valid run still: 105072
2009-04-09 01:43 - TileCalibL1Calo - INFO: ===> listening for new valid runs <===
2009-04-09 01:43 - TileCalibL1Calo - DEBUG: initialising coolRunLister
2009-04-09 01:43 - TileCalibL1Calo - DEBUG: applying selections to coolRunLister
2009-04-09 01:43 - TileCalibL1Calo - INFO: last valid run: 105072
2009-04-09 01:43 - TileCalibL1Calo - INFO: searching for new runs from 105073 to 2147483647
2009-04-09 01:43 - TileCalibL1Calo - DEBUG:  No new valid run. Last known valid run still: 105072
2009-04-09 01:53 - TileCalibL1Calo - INFO: ===> listening for new valid runs <===
2009-04-09 01:53 - TileCalibL1Calo - DEBUG: initialising coolRunLister
2009-04-09 01:53 - TileCalibL1Calo - DEBUG: applying selections to coolRunLister
2009-04-09 01:53 - TileCalibL1Calo - INFO: last valid run: 105072
2009-04-09 01:53 - TileCalibL1Calo - INFO: searching for new runs from 105073 to 2147483647
2009-04-09 01:53 - TileCalibL1Calo - DEBUG:  No new valid run. Last known valid run still: 105072
2009-04-09 02:03 - TileCalibL1Calo - INFO: ===> listening for new valid runs <===
2009-04-09 02:03 - TileCalibL1Calo - DEBUG: initialising coolRunLister
2009-04-09 02:03 - TileCalibL1Calo - DEBUG: applying selections to coolRunLister
2009-04-09 02:03 - TileCalibL1Calo - INFO: last valid run: 105072
2009-04-09 02:03 - TileCalibL1Calo - INFO: searching for new runs from 105073 to 2147483647
2009-04-09 02:03 - TileCalibL1Calo - DEBUG:  No new valid run. Last known valid run still: 105072
2009-04-09 02:13 - TileCalibL1Calo - INFO: ===> listening for new valid runs <===
2009-04-09 02:13 - TileCalibL1Calo - DEBUG: initialising coolRunLister
2009-04-09 02:13 - TileCalibL1Calo - DEBUG: applying selections to coolRunLister
2009-04-09 02:13 - TileCalibL1Calo - INFO: last valid run: 105072
2009-04-09 02:13 - TileCalibL1Calo - INFO: searching for new runs from 105073 to 2147483647
2009-04-09 02:13 - TileCalibL1Calo - DEBUG:  No new valid run. Last known valid run still: 105072
2009-04-09 02:23 - TileCalibL1Calo - INFO: ===> listening for new valid runs <===
2009-04-09 02:23 - TileCalibL1Calo - DEBUG: initialising coolRunLister
2009-04-09 02:23 - TileCalibL1Calo - DEBUG: applying selections to coolRunLister
2009-04-09 02:23 - TileCalibL1Calo - INFO: last valid run: 105072
2009-04-09 02:23 - TileCalibL1Calo - INFO: searching for new runs from 105073 to 2147483647
2009-04-09 02:24 - TileCalibL1Calo - DEBUG:  No new valid run. Last known valid run still: 105072
2009-04-09 02:34 - TileCalibL1Calo - INFO: ===> listening for new valid runs <===
2009-04-09 02:34 - TileCalibL1Calo - DEBUG: initialising coolRunLister
2009-04-09 02:34 - TileCalibL1Calo - DEBUG: applying selections to coolRunLister
2009-04-09 02:34 - TileCalibL1Calo - INFO: last valid run: 105072
2009-04-09 02:34 - TileCalibL1Calo - INFO: searching for new runs from 105073 to 2147483647
2009-04-09 02:34 - TileCalibL1Calo - DEBUG:  No new valid run. Last known valid run still: 105072
2009-04-09 02:44 - TileCalibL1Calo - INFO: ===> listening for new valid runs <===
2009-04-09 02:44 - TileCalibL1Calo - DEBUG: initialising coolRunLister
2009-04-09 02:44 - TileCalibL1Calo - DEBUG: applying selections to coolRunLister
2009-04-09 02:44 - TileCalibL1Calo - INFO: last valid run: 105072
2009-04-09 02:44 - TileCalibL1Calo - INFO: searching for new runs from 105073 to 2147483647
2009-04-09 02:44 - TileCalibL1Calo - DEBUG:  No new valid run. Last known valid run still: 105072
2009-04-09 02:54 - TileCalibL1Calo - INFO: ===> listening for new valid runs <===
2009-04-09 02:54 - TileCalibL1Calo - DEBUG: initialising coolRunLister
2009-04-09 02:54 - TileCalibL1Calo - DEBUG: applying selections to coolRunLister
2009-04-09 02:54 - TileCalibL1Calo - INFO: last valid run: 105072
2009-04-09 02:54 - TileCalibL1Calo - INFO: searching for new runs from 105073 to 2147483647
2009-04-09 02:54 - TileCalibL1Calo - DEBUG:  No new valid run. Last known valid run still: 105072
2009-04-09 03:04 - TileCalibL1Calo - INFO: ===> listening for new valid runs <===
2009-04-09 03:04 - TileCalibL1Calo - DEBUG: initialising coolRunLister
2009-04-09 03:04 - TileCalibL1Calo - DEBUG: applying selections to coolRunLister
2009-04-09 03:04 - TileCalibL1Calo - INFO: last valid run: 105072
2009-04-09 03:04 - TileCalibL1Calo - INFO: searching for new runs from 105073 to 2147483647
2009-04-09 03:04 - TileCalibL1Calo - DEBUG:  No new valid run. Last known valid run still: 105072
2009-04-09 03:15 - TileCalibL1Calo - INFO: ===> listening for new valid runs <===
2009-04-09 03:15 - TileCalibL1Calo - DEBUG: initialising coolRunLister
2009-04-09 03:15 - TileCalibL1Calo - DEBUG: applying selections to coolRunLister
2009-04-09 03:15 - TileCalibL1Calo - INFO: last valid run: 105072
2009-04-09 03:15 - TileCalibL1Calo - INFO: searching for new runs from 105073 to 2147483647
2009-04-09 03:15 - TileCalibL1Calo - DEBUG:  No new valid run. Last known valid run still: 105072
2009-04-09 03:25 - TileCalibL1Calo - INFO: ===> listening for new valid runs <===
2009-04-09 03:25 - TileCalibL1Calo - DEBUG: initialising coolRunLister
2009-04-09 03:25 - TileCalibL1Calo - DEBUG: applying selections to coolRunLister
2009-04-09 03:25 - TileCalibL1Calo - INFO: last valid run: 105072
2009-04-09 03:25 - TileCalibL1Calo - INFO: searching for new runs from 105073 to 2147483647
2009-04-09 03:25 - TileCalibL1Calo - DEBUG:  No new valid run. Last known valid run still: 105072
2009-04-09 03:35 - TileCalibL1Calo - INFO: ===> listening for new valid runs <===
2009-04-09 03:35 - TileCalibL1Calo - DEBUG: initialising coolRunLister
2009-04-09 03:35 - TileCalibL1Calo - DEBUG: applying selections to coolRunLister
2009-04-09 03:35 - TileCalibL1Calo - INFO: last valid run: 105072
2009-04-09 03:35 - TileCalibL1Calo - INFO: searching for new runs from 105073 to 2147483647
2009-04-09 03:35 - TileCalibL1Calo - DEBUG:  No new valid run. Last known valid run still: 105072
2009-04-09 03:45 - TileCalibL1Calo - INFO: ===> listening for new valid runs <===
2009-04-09 03:45 - TileCalibL1Calo - DEBUG: initialising coolRunLister
2009-04-09 03:45 - TileCalibL1Calo - DEBUG: applying selections to coolRunLister
2009-04-09 03:45 - TileCalibL1Calo - INFO: last valid run: 105072
2009-04-09 03:45 - TileCalibL1Calo - INFO: searching for new runs from 105073 to 2147483647
2009-04-09 03:45 - TileCalibL1Calo - DEBUG:  No new valid run. Last known valid run still: 105072
2009-04-09 03:56 - TileCalibL1Calo - INFO: ===> listening for new valid runs <===
2009-04-09 03:56 - TileCalibL1Calo - DEBUG: initialising coolRunLister
2009-04-09 03:56 - TileCalibL1Calo - DEBUG: applying selections to coolRunLister
2009-04-09 03:56 - TileCalibL1Calo - INFO: last valid run: 105072
2009-04-09 03:56 - TileCalibL1Calo - INFO: searching for new runs from 105073 to 2147483647
2009-04-09 03:56 - TileCalibL1Calo - DEBUG:  No new valid run. Last known valid run still: 105072
2009-04-09 04:06 - TileCalibL1Calo - INFO: ===> listening for new valid runs <===
2009-04-09 04:06 - TileCalibL1Calo - DEBUG: initialising coolRunLister
2009-04-09 04:06 - TileCalibL1Calo - DEBUG: applying selections to coolRunLister
2009-04-09 04:06 - TileCalibL1Calo - INFO: last valid run: 105072
2009-04-09 04:06 - TileCalibL1Calo - INFO: searching for new runs from 105073 to 2147483647
2009-04-09 04:06 - TileCalibL1Calo - DEBUG:  No new valid run. Last known valid run still: 105072
2009-04-09 04:16 - TileCalibL1Calo - INFO: ===> listening for new valid runs <===
2009-04-09 04:16 - TileCalibL1Calo - DEBUG: initialising coolRunLister
2009-04-09 04:16 - TileCalibL1Calo - DEBUG: applying selections to coolRunLister
2009-04-09 04:16 - TileCalibL1Calo - INFO: last valid run: 105072
2009-04-09 04:16 - TileCalibL1Calo - INFO: searching for new runs from 105073 to 2147483647
2009-04-09 04:16 - TileCalibL1Calo - DEBUG:  No new valid run. Last known valid run still: 105072
2009-04-09 04:26 - TileCalibL1Calo - INFO: ===> listening for new valid runs <===
2009-04-09 04:26 - TileCalibL1Calo - DEBUG: initialising coolRunLister
2009-04-09 04:26 - TileCalibL1Calo - DEBUG: applying selections to coolRunLister
2009-04-09 04:26 - TileCalibL1Calo - INFO: last valid run: 105072
2009-04-09 04:26 - TileCalibL1Calo - INFO: searching for new runs from 105073 to 2147483647
2009-04-09 04:26 - TileCalibL1Calo - DEBUG:  No new valid run. Last known valid run still: 105072
2009-04-09 04:36 - TileCalibL1Calo - INFO: ===> listening for new valid runs <===
2009-04-09 04:36 - TileCalibL1Calo - DEBUG: initialising coolRunLister
2009-04-09 04:36 - TileCalibL1Calo - DEBUG: applying selections to coolRunLister
2009-04-09 04:36 - TileCalibL1Calo - INFO: last valid run: 105072
2009-04-09 04:36 - TileCalibL1Calo - INFO: searching for new runs from 105073 to 2147483647
2009-04-09 04:37 - TileCalibL1Calo - DEBUG:  No new valid run. Last known valid run still: 105072
2009-04-09 04:47 - TileCalibL1Calo - INFO: ===> listening for new valid runs <===
2009-04-09 04:47 - TileCalibL1Calo - DEBUG: initialising coolRunLister
2009-04-09 04:47 - TileCalibL1Calo - DEBUG: applying selections to coolRunLister
2009-04-09 04:47 - TileCalibL1Calo - INFO: last valid run: 105072
2009-04-09 04:47 - TileCalibL1Calo - INFO: searching for new runs from 105073 to 2147483647
2009-04-09 04:47 - TileCalibL1Calo - DEBUG:  No new valid run. Last known valid run still: 105072
2009-04-09 04:57 - TileCalibL1Calo - INFO: ===> listening for new valid runs <===
2009-04-09 04:57 - TileCalibL1Calo - DEBUG: initialising coolRunLister
2009-04-09 04:57 - TileCalibL1Calo - DEBUG: applying selections to coolRunLister
2009-04-09 04:57 - TileCalibL1Calo - INFO: last valid run: 105072
2009-04-09 04:57 - TileCalibL1Calo - INFO: searching for new runs from 105073 to 2147483647
2009-04-09 04:57 - TileCalibL1Calo - DEBUG:  No new valid run. Last known valid run still: 105072
2009-04-09 05:07 - TileCalibL1Calo - INFO: ===> listening for new valid runs <===
2009-04-09 05:07 - TileCalibL1Calo - DEBUG: initialising coolRunLister
2009-04-09 05:07 - TileCalibL1Calo - DEBUG: applying selections to coolRunLister
2009-04-09 05:07 - TileCalibL1Calo - INFO: last valid run: 105072
2009-04-09 05:07 - TileCalibL1Calo - INFO: searching for new runs from 105073 to 2147483647
2009-04-09 05:07 - TileCalibL1Calo - DEBUG:  No new valid run. Last known valid run still: 105072
2009-04-09 05:17 - TileCalibL1Calo - INFO: ===> listening for new valid runs <===
2009-04-09 05:17 - TileCalibL1Calo - DEBUG: initialising coolRunLister
2009-04-09 05:17 - TileCalibL1Calo - DEBUG: applying selections to coolRunLister
2009-04-09 05:17 - TileCalibL1Calo - INFO: last valid run: 105072
2009-04-09 05:17 - TileCalibL1Calo - INFO: searching for new runs from 105073 to 2147483647
2009-04-09 05:18 - TileCalibL1Calo - DEBUG:  No new valid run. Last known valid run still: 105072
2009-04-09 05:28 - TileCalibL1Calo - INFO: ===> listening for new valid runs <===
2009-04-09 05:28 - TileCalibL1Calo - DEBUG: initialising coolRunLister
2009-04-09 05:28 - TileCalibL1Calo - DEBUG: applying selections to coolRunLister
2009-04-09 05:28 - TileCalibL1Calo - INFO: last valid run: 105072
2009-04-09 05:28 - TileCalibL1Calo - INFO: searching for new runs from 105073 to 2147483647
2009-04-09 05:28 - TileCalibL1Calo - DEBUG:  No new valid run. Last known valid run still: 105072
2009-04-09 05:38 - TileCalibL1Calo - INFO: ===> listening for new valid runs <===
2009-04-09 05:38 - TileCalibL1Calo - DEBUG: initialising coolRunLister
2009-04-09 05:38 - TileCalibL1Calo - DEBUG: applying selections to coolRunLister
2009-04-09 05:38 - TileCalibL1Calo - INFO: last valid run: 105072
2009-04-09 05:38 - TileCalibL1Calo - INFO: searching for new runs from 105073 to 2147483647
2009-04-09 05:38 - TileCalibL1Calo - DEBUG:  No new valid run. Last known valid run still: 105072
2009-04-09 05:48 - TileCalibL1Calo - INFO: ===> listening for new valid runs <===
2009-04-09 05:48 - TileCalibL1Calo - DEBUG: initialising coolRunLister
2009-04-09 05:48 - TileCalibL1Calo - DEBUG: applying selections to coolRunLister
2009-04-09 05:48 - TileCalibL1Calo - INFO: last valid run: 105072
2009-04-09 05:48 - TileCalibL1Calo - INFO: searching for new runs from 105073 to 2147483647
2009-04-09 05:48 - TileCalibL1Calo - DEBUG:  No new valid run. Last known valid run still: 105072
2009-04-09 05:58 - TileCalibL1Calo - INFO: ===> listening for new valid runs <===
2009-04-09 05:58 - TileCalibL1Calo - DEBUG: initialising coolRunLister
2009-04-09 05:58 - TileCalibL1Calo - DEBUG: applying selections to coolRunLister
2009-04-09 05:58 - TileCalibL1Calo - INFO: last valid run: 105072
2009-04-09 05:58 - TileCalibL1Calo - INFO: searching for new runs from 105073 to 2147483647
2009-04-09 05:58 - TileCalibL1Calo - DEBUG:  No new valid run. Last known valid run still: 105072
2009-04-09 06:09 - TileCalibL1Calo - INFO: ===> listening for new valid runs <===
2009-04-09 06:09 - TileCalibL1Calo - DEBUG: initialising coolRunLister
2009-04-09 06:09 - TileCalibL1Calo - DEBUG: applying selections to coolRunLister
2009-04-09 06:09 - TileCalibL1Calo - INFO: last valid run: 105072
2009-04-09 06:09 - TileCalibL1Calo - INFO: searching for new runs from 105073 to 2147483647
2009-04-09 06:09 - TileCalibL1Calo - DEBUG:  No new valid run. Last known valid run still: 105072
2009-04-09 06:19 - TileCalibL1Calo - INFO: ===> listening for new valid runs <===
2009-04-09 06:19 - TileCalibL1Calo - DEBUG: initialising coolRunLister
2009-04-09 06:19 - TileCalibL1Calo - DEBUG: applying selections to coolRunLister
2009-04-09 06:19 - TileCalibL1Calo - INFO: last valid run: 105072
2009-04-09 06:19 - TileCalibL1Calo - INFO: searching for new runs from 105073 to 2147483647
2009-04-09 06:19 - TileCalibL1Calo - DEBUG:  No new valid run. Last known valid run still: 105072
2009-04-09 06:29 - TileCalibL1Calo - INFO: ===> listening for new valid runs <===
2009-04-09 06:29 - TileCalibL1Calo - DEBUG: initialising coolRunLister
2009-04-09 06:29 - TileCalibL1Calo - DEBUG: applying selections to coolRunLister
2009-04-09 06:29 - TileCalibL1Calo - INFO: last valid run: 105072
2009-04-09 06:29 - TileCalibL1Calo - INFO: searching for new runs from 105073 to 2147483647
2009-04-09 06:29 - TileCalibL1Calo - DEBUG:  No new valid run. Last known valid run still: 105072
2009-04-09 06:39 - TileCalibL1Calo - INFO: ===> listening for new valid runs <===
2009-04-09 06:39 - TileCalibL1Calo - DEBUG: initialising coolRunLister
2009-04-09 06:39 - TileCalibL1Calo - DEBUG: applying selections to coolRunLister
2009-04-09 06:39 - TileCalibL1Calo - INFO: last valid run: 105072
2009-04-09 06:39 - TileCalibL1Calo - INFO: searching for new runs from 105073 to 2147483647
2009-04-09 06:39 - TileCalibL1Calo - DEBUG:  No new valid run. Last known valid run still: 105072
2009-04-09 06:50 - TileCalibL1Calo - INFO: ===> listening for new valid runs <===
2009-04-09 06:50 - TileCalibL1Calo - DEBUG: initialising coolRunLister
2009-04-09 06:50 - TileCalibL1Calo - DEBUG: applying selections to coolRunLister
2009-04-09 06:50 - TileCalibL1Calo - INFO: last valid run: 105072
2009-04-09 06:50 - TileCalibL1Calo - INFO: searching for new runs from 105073 to 2147483647
2009-04-09 06:50 - TileCalibL1Calo - DEBUG:  No new valid run. Last known valid run still: 105072
2009-04-09 07:00 - TileCalibL1Calo - INFO: ===> listening for new valid runs <===
2009-04-09 07:00 - TileCalibL1Calo - DEBUG: initialising coolRunLister
2009-04-09 07:00 - TileCalibL1Calo - DEBUG: applying selections to coolRunLister
2009-04-09 07:00 - TileCalibL1Calo - INFO: last valid run: 105072
2009-04-09 07:00 - TileCalibL1Calo - INFO: searching for new runs from 105073 to 2147483647
2009-04-09 07:00 - TileCalibL1Calo - DEBUG:  No new valid run. Last known valid run still: 105072
2009-04-09 07:10 - TileCalibL1Calo - INFO: ===> listening for new valid runs <===
2009-04-09 07:10 - TileCalibL1Calo - DEBUG: initialising coolRunLister
2009-04-09 07:10 - TileCalibL1Calo - DEBUG: applying selections to coolRunLister
2009-04-09 07:10 - TileCalibL1Calo - INFO: last valid run: 105072
2009-04-09 07:10 - TileCalibL1Calo - INFO: searching for new runs from 105073 to 2147483647
2009-04-09 07:10 - TileCalibL1Calo - DEBUG:  No new valid run. Last known valid run still: 105072
2009-04-09 07:20 - TileCalibL1Calo - INFO: ===> listening for new valid runs <===
2009-04-09 07:20 - TileCalibL1Calo - DEBUG: initialising coolRunLister
2009-04-09 07:20 - TileCalibL1Calo - DEBUG: applying selections to coolRunLister
2009-04-09 07:20 - TileCalibL1Calo - INFO: last valid run: 105072
2009-04-09 07:20 - TileCalibL1Calo - INFO: searching for new runs from 105073 to 2147483647
2009-04-09 07:20 - TileCalibL1Calo - DEBUG:  No new valid run. Last known valid run still: 105072
2009-04-09 07:30 - TileCalibL1Calo - INFO: ===> listening for new valid runs <===
2009-04-09 07:30 - TileCalibL1Calo - DEBUG: initialising coolRunLister
2009-04-09 07:30 - TileCalibL1Calo - DEBUG: applying selections to coolRunLister
2009-04-09 07:30 - TileCalibL1Calo - INFO: last valid run: 105072
2009-04-09 07:30 - TileCalibL1Calo - INFO: searching for new runs from 105073 to 2147483647
2009-04-09 07:31 - TileCalibL1Calo - DEBUG:  No new valid run. Last known valid run still: 105072
2009-04-09 07:41 - TileCalibL1Calo - INFO: ===> listening for new valid runs <===
2009-04-09 07:41 - TileCalibL1Calo - DEBUG: initialising coolRunLister
2009-04-09 07:41 - TileCalibL1Calo - DEBUG: applying selections to coolRunLister
2009-04-09 07:41 - TileCalibL1Calo - INFO: last valid run: 105072
2009-04-09 07:41 - TileCalibL1Calo - INFO: searching for new runs from 105073 to 2147483647
2009-04-09 07:41 - TileCalibL1Calo - DEBUG:  No new valid run. Last known valid run still: 105072
2009-04-09 07:51 - TileCalibL1Calo - INFO: ===> listening for new valid runs <===
2009-04-09 07:51 - TileCalibL1Calo - DEBUG: initialising coolRunLister
2009-04-09 07:51 - TileCalibL1Calo - DEBUG: applying selections to coolRunLister
2009-04-09 07:51 - TileCalibL1Calo - INFO: last valid run: 105072
2009-04-09 07:51 - TileCalibL1Calo - INFO: searching for new runs from 105073 to 2147483647
2009-04-09 07:51 - TileCalibL1Calo - DEBUG:  No new valid run. Last known valid run still: 105072
2009-04-09 08:01 - TileCalibL1Calo - INFO: ===> listening for new valid runs <===
2009-04-09 08:01 - TileCalibL1Calo - DEBUG: initialising coolRunLister
2009-04-09 08:01 - TileCalibL1Calo - DEBUG: applying selections to coolRunLister
2009-04-09 08:01 - TileCalibL1Calo - INFO: last valid run: 105072
2009-04-09 08:01 - TileCalibL1Calo - INFO: searching for new runs from 105073 to 2147483647
2009-04-09 08:01 - TileCalibL1Calo - DEBUG:  No new valid run. Last known valid run still: 105072
2009-04-09 08:11 - TileCalibL1Calo - INFO: ===> listening for new valid runs <===
2009-04-09 08:11 - TileCalibL1Calo - DEBUG: initialising coolRunLister
2009-04-09 08:11 - TileCalibL1Calo - DEBUG: applying selections to coolRunLister
2009-04-09 08:11 - TileCalibL1Calo - INFO: last valid run: 105072
2009-04-09 08:11 - TileCalibL1Calo - INFO: searching for new runs from 105073 to 2147483647
2009-04-09 08:11 - TileCalibL1Calo - DEBUG:  No new valid run. Last known valid run still: 105072
2009-04-09 08:22 - TileCalibL1Calo - INFO: ===> listening for new valid runs <===
2009-04-09 08:22 - TileCalibL1Calo - DEBUG: initialising coolRunLister
2009-04-09 08:22 - TileCalibL1Calo - DEBUG: applying selections to coolRunLister
2009-04-09 08:22 - TileCalibL1Calo - INFO: last valid run: 105072
2009-04-09 08:22 - TileCalibL1Calo - INFO: searching for new runs from 105073 to 2147483647
2009-04-09 08:22 - TileCalibL1Calo - DEBUG:  No new valid run. Last known valid run still: 105072
2009-04-09 08:32 - TileCalibL1Calo - INFO: ===> listening for new valid runs <===
2009-04-09 08:32 - TileCalibL1Calo - DEBUG: initialising coolRunLister
2009-04-09 08:32 - TileCalibL1Calo - DEBUG: applying selections to coolRunLister
2009-04-09 08:32 - TileCalibL1Calo - INFO: last valid run: 105072
2009-04-09 08:32 - TileCalibL1Calo - INFO: searching for new runs from 105073 to 2147483647
2009-04-09 08:32 - TileCalibL1Calo - DEBUG:  No new valid run. Last known valid run still: 105072
2009-04-09 08:42 - TileCalibL1Calo - INFO: ===> listening for new valid runs <===
2009-04-09 08:42 - TileCalibL1Calo - DEBUG: initialising coolRunLister
2009-04-09 08:42 - TileCalibL1Calo - DEBUG: applying selections to coolRunLister
2009-04-09 08:42 - TileCalibL1Calo - INFO: last valid run: 105072
2009-04-09 08:42 - TileCalibL1Calo - INFO: searching for new runs from 105073 to 2147483647
2009-04-09 08:42 - TileCalibL1Calo - DEBUG:  No new valid run. Last known valid run still: 105072
2009-04-09 08:52 - TileCalibL1Calo - INFO: ===> listening for new valid runs <===
2009-04-09 08:52 - TileCalibL1Calo - DEBUG: initialising coolRunLister
2009-04-09 08:52 - TileCalibL1Calo - DEBUG: applying selections to coolRunLister
2009-04-09 08:52 - TileCalibL1Calo - INFO: last valid run: 105072
2009-04-09 08:52 - TileCalibL1Calo - INFO: searching for new runs from 105073 to 2147483647
2009-04-09 08:52 - TileCalibL1Calo - DEBUG:  No new valid run. Last known valid run still: 105072
2009-04-09 09:03 - TileCalibL1Calo - INFO: ===> listening for new valid runs <===
2009-04-09 09:03 - TileCalibL1Calo - DEBUG: initialising coolRunLister
2009-04-09 09:03 - TileCalibL1Calo - DEBUG: applying selections to coolRunLister
2009-04-09 09:03 - TileCalibL1Calo - INFO: last valid run: 105072
2009-04-09 09:03 - TileCalibL1Calo - INFO: searching for new runs from 105073 to 2147483647
2009-04-09 09:03 - TileCalibL1Calo - DEBUG:  No new valid run. Last known valid run still: 105072
2009-04-09 09:13 - TileCalibL1Calo - INFO: ===> listening for new valid runs <===
2009-04-09 09:13 - TileCalibL1Calo - DEBUG: initialising coolRunLister
2009-04-09 09:13 - TileCalibL1Calo - DEBUG: applying selections to coolRunLister
2009-04-09 09:13 - TileCalibL1Calo - INFO: last valid run: 105072
2009-04-09 09:13 - TileCalibL1Calo - INFO: searching for new runs from 105073 to 2147483647
2009-04-09 09:13 - TileCalibL1Calo - DEBUG:  No new valid run. Last known valid run still: 105072
2009-04-09 09:23 - TileCalibL1Calo - INFO: ===> listening for new valid runs <===
2009-04-09 09:23 - TileCalibL1Calo - DEBUG: initialising coolRunLister
2009-04-09 09:23 - TileCalibL1Calo - DEBUG: applying selections to coolRunLister
2009-04-09 09:23 - TileCalibL1Calo - INFO: last valid run: 105072
2009-04-09 09:23 - TileCalibL1Calo - INFO: searching for new runs from 105073 to 2147483647
2009-04-09 09:23 - TileCalibL1Calo - DEBUG:  No new valid run. Last known valid run still: 105072
2009-04-09 09:33 - TileCalibL1Calo - INFO: ===> listening for new valid runs <===
2009-04-09 09:33 - TileCalibL1Calo - DEBUG: initialising coolRunLister
2009-04-09 09:33 - TileCalibL1Calo - DEBUG: applying selections to coolRunLister
2009-04-09 09:33 - TileCalibL1Calo - INFO: last valid run: 105072
2009-04-09 09:33 - TileCalibL1Calo - INFO: searching for new runs from 105073 to 2147483647
2009-04-09 09:33 - TileCalibL1Calo - DEBUG:  No new valid run. Last known valid run still: 105072
2009-04-09 09:44 - TileCalibL1Calo - INFO: ===> listening for new valid runs <===
2009-04-09 09:44 - TileCalibL1Calo - DEBUG: initialising coolRunLister
2009-04-09 09:44 - TileCalibL1Calo - DEBUG: applying selections to coolRunLister
2009-04-09 09:44 - TileCalibL1Calo - INFO: last valid run: 105072
2009-04-09 09:44 - TileCalibL1Calo - INFO: searching for new runs from 105073 to 2147483647
2009-04-09 09:44 - TileCalibL1Calo - DEBUG:  No new valid run. Last known valid run still: 105072
2009-04-09 09:54 - TileCalibL1Calo - INFO: ===> listening for new valid runs <===
2009-04-09 09:54 - TileCalibL1Calo - DEBUG: initialising coolRunLister
2009-04-09 09:54 - TileCalibL1Calo - DEBUG: applying selections to coolRunLister
2009-04-09 09:54 - TileCalibL1Calo - INFO: last valid run: 105072
2009-04-09 09:54 - TileCalibL1Calo - INFO: searching for new runs from 105073 to 2147483647
2009-04-09 09:54 - TileCalibL1Calo - DEBUG:  No new valid run. Last known valid run still: 105072
2009-04-09 10:04 - TileCalibL1Calo - INFO: ===> listening for new valid runs <===
2009-04-09 10:04 - TileCalibL1Calo - DEBUG: initialising coolRunLister
2009-04-09 10:04 - TileCalibL1Calo - DEBUG: applying selections to coolRunLister
2009-04-09 10:04 - TileCalibL1Calo - INFO: last valid run: 105072
2009-04-09 10:04 - TileCalibL1Calo - INFO: searching for new runs from 105073 to 2147483647
2009-04-09 10:04 - TileCalibL1Calo - DEBUG:  No new valid run. Last known valid run still: 105072
2009-04-09 10:14 - TileCalibL1Calo - INFO: ===> listening for new valid runs <===
2009-04-09 10:14 - TileCalibL1Calo - DEBUG: initialising coolRunLister
2009-04-09 10:14 - TileCalibL1Calo - DEBUG: applying selections to coolRunLister
2009-04-09 10:14 - TileCalibL1Calo - INFO: last valid run: 105072
2009-04-09 10:14 - TileCalibL1Calo - INFO: searching for new runs from 105073 to 2147483647
2009-04-09 10:14 - TileCalibL1Calo - DEBUG:  No new valid run. Last known valid run still: 105072
2009-04-09 10:24 - TileCalibL1Calo - INFO: ===> listening for new valid runs <===
2009-04-09 10:24 - TileCalibL1Calo - DEBUG: initialising coolRunLister
2009-04-09 10:24 - TileCalibL1Calo - DEBUG: applying selections to coolRunLister
2009-04-09 10:24 - TileCalibL1Calo - INFO: last valid run: 105072
2009-04-09 10:24 - TileCalibL1Calo - INFO: searching for new runs from 105073 to 2147483647
2009-04-09 10:25 - TileCalibL1Calo - DEBUG:  No new valid run. Last known valid run still: 105072
2009-04-09 10:35 - TileCalibL1Calo - INFO: ===> listening for new valid runs <===
2009-04-09 10:35 - TileCalibL1Calo - DEBUG: initialising coolRunLister
2009-04-09 10:35 - TileCalibL1Calo - DEBUG: applying selections to coolRunLister
2009-04-09 10:35 - TileCalibL1Calo - INFO: last valid run: 105072
2009-04-09 10:35 - TileCalibL1Calo - INFO: searching for new runs from 105073 to 2147483647
2009-04-09 10:35 - TileCalibL1Calo - DEBUG:  No new valid run. Last known valid run still: 105072
2009-04-09 10:45 - TileCalibL1Calo - INFO: ===> listening for new valid runs <===
2009-04-09 10:45 - TileCalibL1Calo - DEBUG: initialising coolRunLister
2009-04-09 10:45 - TileCalibL1Calo - DEBUG: applying selections to coolRunLister
2009-04-09 10:45 - TileCalibL1Calo - INFO: last valid run: 105072
2009-04-09 10:45 - TileCalibL1Calo - INFO: searching for new runs from 105073 to 2147483647
2009-04-09 10:45 - TileCalibL1Calo - DEBUG:  No new valid run. Last known valid run still: 105072
2009-04-09 10:55 - TileCalibL1Calo - INFO: ===> listening for new valid runs <===
2009-04-09 10:55 - TileCalibL1Calo - DEBUG: initialising coolRunLister
2009-04-09 10:55 - TileCalibL1Calo - DEBUG: applying selections to coolRunLister
2009-04-09 10:55 - TileCalibL1Calo - INFO: last valid run: 105072
2009-04-09 10:55 - TileCalibL1Calo - INFO: searching for new runs from 105073 to 2147483647
2009-04-09 10:55 - TileCalibL1Calo - DEBUG:  No new valid run. Last known valid run still: 105072
2009-04-09 11:05 - TileCalibL1Calo - INFO: ===> listening for new valid runs <===
2009-04-09 11:05 - TileCalibL1Calo - DEBUG: initialising coolRunLister
2009-04-09 11:05 - TileCalibL1Calo - DEBUG: applying selections to coolRunLister
2009-04-09 11:05 - TileCalibL1Calo - INFO: last valid run: 105072
2009-04-09 11:05 - TileCalibL1Calo - INFO: searching for new runs from 105073 to 2147483647
2009-04-09 11:06 - TileCalibL1Calo - DEBUG:  No new valid run. Last known valid run still: 105072
2009-04-09 11:16 - TileCalibL1Calo - INFO: ===> listening for new valid runs <===
2009-04-09 11:16 - TileCalibL1Calo - DEBUG: initialising coolRunLister
2009-04-09 11:16 - TileCalibL1Calo - DEBUG: applying selections to coolRunLister
2009-04-09 11:16 - TileCalibL1Calo - INFO: last valid run: 105072
2009-04-09 11:16 - TileCalibL1Calo - INFO: searching for new runs from 105073 to 2147483647
2009-04-09 11:16 - TileCalibL1Calo - DEBUG:  No new valid run. Last known valid run still: 105072
2009-04-09 11:26 - TileCalibL1Calo - INFO: ===> listening for new valid runs <===
2009-04-09 11:26 - TileCalibL1Calo - DEBUG: initialising coolRunLister
2009-04-09 11:26 - TileCalibL1Calo - DEBUG: applying selections to coolRunLister
2009-04-09 11:26 - TileCalibL1Calo - INFO: last valid run: 105072
2009-04-09 11:26 - TileCalibL1Calo - INFO: searching for new runs from 105073 to 2147483647
2009-04-09 11:26 - TileCalibL1Calo - DEBUG:  No new valid run. Last known valid run still: 105072
2009-04-09 11:36 - TileCalibL1Calo - INFO: ===> listening for new valid runs <===
2009-04-09 11:36 - TileCalibL1Calo - DEBUG: initialising coolRunLister
2009-04-09 11:36 - TileCalibL1Calo - DEBUG: applying selections to coolRunLister
2009-04-09 11:36 - TileCalibL1Calo - INFO: last valid run: 105072
2009-04-09 11:36 - TileCalibL1Calo - INFO: searching for new runs from 105073 to 2147483647
2009-04-09 11:36 - TileCalibL1Calo - DEBUG:  No new valid run. Last known valid run still: 105072
2009-04-09 11:46 - TileCalibL1Calo - INFO: ===> listening for new valid runs <===
2009-04-09 11:46 - TileCalibL1Calo - DEBUG: initialising coolRunLister
2009-04-09 11:46 - TileCalibL1Calo - DEBUG: applying selections to coolRunLister
2009-04-09 11:46 - TileCalibL1Calo - INFO: last valid run: 105072
2009-04-09 11:46 - TileCalibL1Calo - INFO: searching for new runs from 105073 to 2147483647
2009-04-09 11:47 - TileCalibL1Calo - DEBUG:  No new valid run. Last known valid run still: 105072
2009-04-09 11:57 - TileCalibL1Calo - INFO: ===> listening for new valid runs <===
2009-04-09 11:57 - TileCalibL1Calo - DEBUG: initialising coolRunLister
2009-04-09 11:57 - TileCalibL1Calo - DEBUG: applying selections to coolRunLister
2009-04-09 11:57 - TileCalibL1Calo - INFO: last valid run: 105072
2009-04-09 11:57 - TileCalibL1Calo - INFO: searching for new runs from 105073 to 2147483647
2009-04-09 11:57 - TileCalibL1Calo - DEBUG:  No new valid run. Last known valid run still: 105072
2009-04-09 12:07 - TileCalibL1Calo - INFO: ===> listening for new valid runs <===
2009-04-09 12:07 - TileCalibL1Calo - DEBUG: initialising coolRunLister
2009-04-09 12:07 - TileCalibL1Calo - DEBUG: applying selections to coolRunLister
2009-04-09 12:07 - TileCalibL1Calo - INFO: last valid run: 105072
2009-04-09 12:07 - TileCalibL1Calo - INFO: searching for new runs from 105073 to 2147483647
2009-04-09 12:07 - TileCalibL1Calo - DEBUG:  No new valid run. Last known valid run still: 105072
2009-04-09 12:17 - TileCalibL1Calo - INFO: ===> listening for new valid runs <===
2009-04-09 12:17 - TileCalibL1Calo - DEBUG: initialising coolRunLister
2009-04-09 12:17 - TileCalibL1Calo - DEBUG: applying selections to coolRunLister
2009-04-09 12:17 - TileCalibL1Calo - INFO: last valid run: 105072
2009-04-09 12:17 - TileCalibL1Calo - INFO: searching for new runs from 105073 to 2147483647
2009-04-09 12:17 - TileCalibL1Calo - DEBUG:  No new valid run. Last known valid run still: 105072
2009-04-09 12:27 - TileCalibL1Calo - INFO: ===> listening for new valid runs <===
2009-04-09 12:27 - TileCalibL1Calo - DEBUG: initialising coolRunLister
2009-04-09 12:27 - TileCalibL1Calo - DEBUG: applying selections to coolRunLister
2009-04-09 12:27 - TileCalibL1Calo - INFO: last valid run: 105072
2009-04-09 12:27 - TileCalibL1Calo - INFO: searching for new runs from 105073 to 2147483647
2009-04-09 12:28 - TileCalibL1Calo - DEBUG:  No new valid run. Last known valid run still: 105072
2009-04-09 12:38 - TileCalibL1Calo - INFO: ===> listening for new valid runs <===
2009-04-09 12:38 - TileCalibL1Calo - DEBUG: initialising coolRunLister
2009-04-09 12:38 - TileCalibL1Calo - DEBUG: applying selections to coolRunLister
2009-04-09 12:38 - TileCalibL1Calo - INFO: last valid run: 105072
2009-04-09 12:38 - TileCalibL1Calo - INFO: searching for new runs from 105073 to 2147483647
2009-04-09 12:38 - TileCalibL1Calo - DEBUG:  No new valid run. Last known valid run still: 105072
2009-04-09 12:48 - TileCalibL1Calo - INFO: ===> listening for new valid runs <===
2009-04-09 12:48 - TileCalibL1Calo - DEBUG: initialising coolRunLister
2009-04-09 12:48 - TileCalibL1Calo - DEBUG: applying selections to coolRunLister
2009-04-09 12:48 - TileCalibL1Calo - INFO: last valid run: 105072
2009-04-09 12:48 - TileCalibL1Calo - INFO: searching for new runs from 105073 to 2147483647
2009-04-09 12:48 - TileCalibL1Calo - DEBUG:  No new valid run. Last known valid run still: 105072
2009-04-09 12:58 - TileCalibL1Calo - INFO: ===> listening for new valid runs <===
2009-04-09 12:58 - TileCalibL1Calo - DEBUG: initialising coolRunLister
2009-04-09 12:58 - TileCalibL1Calo - DEBUG: applying selections to coolRunLister
2009-04-09 12:58 - TileCalibL1Calo - INFO: last valid run: 105072
2009-04-09 12:58 - TileCalibL1Calo - INFO: searching for new runs from 105073 to 2147483647
2009-04-09 12:58 - TileCalibL1Calo - DEBUG:  No new valid run. Last known valid run still: 105072
2009-04-09 13:09 - TileCalibL1Calo - INFO: ===> listening for new valid runs <===
2009-04-09 13:09 - TileCalibL1Calo - DEBUG: initialising coolRunLister
2009-04-09 13:09 - TileCalibL1Calo - DEBUG: applying selections to coolRunLister
2009-04-09 13:09 - TileCalibL1Calo - INFO: last valid run: 105072
2009-04-09 13:09 - TileCalibL1Calo - INFO: searching for new runs from 105073 to 2147483647
2009-04-09 13:09 - TileCalibL1Calo - DEBUG:  No new valid run. Last known valid run still: 105072
2009-04-09 13:19 - TileCalibL1Calo - INFO: ===> listening for new valid runs <===
2009-04-09 13:19 - TileCalibL1Calo - DEBUG: initialising coolRunLister
2009-04-09 13:19 - TileCalibL1Calo - DEBUG: applying selections to coolRunLister
2009-04-09 13:19 - TileCalibL1Calo - INFO: last valid run: 105072
2009-04-09 13:19 - TileCalibL1Calo - INFO: searching for new runs from 105073 to 2147483647
2009-04-09 13:19 - TileCalibL1Calo - DEBUG:  No new valid run. Last known valid run still: 105072
2009-04-09 13:29 - TileCalibL1Calo - INFO: ===> listening for new valid runs <===
2009-04-09 13:29 - TileCalibL1Calo - DEBUG: initialising coolRunLister
2009-04-09 13:29 - TileCalibL1Calo - DEBUG: applying selections to coolRunLister
2009-04-09 13:29 - TileCalibL1Calo - INFO: last valid run: 105072
2009-04-09 13:29 - TileCalibL1Calo - INFO: searching for new runs from 105073 to 2147483647
2009-04-09 13:29 - TileCalibL1Calo - DEBUG:  No new valid run. Last known valid run still: 105072
2009-04-09 13:39 - TileCalibL1Calo - INFO: ===> listening for new valid runs <===
2009-04-09 13:39 - TileCalibL1Calo - DEBUG: initialising coolRunLister
2009-04-09 13:39 - TileCalibL1Calo - DEBUG: applying selections to coolRunLister
2009-04-09 13:39 - TileCalibL1Calo - INFO: last valid run: 105072
2009-04-09 13:39 - TileCalibL1Calo - INFO: searching for new runs from 105073 to 2147483647
2009-04-09 13:39 - TileCalibL1Calo - DEBUG:  No new valid run. Last known valid run still: 105072
2009-04-09 13:50 - TileCalibL1Calo - INFO: ===> listening for new valid runs <===
2009-04-09 13:50 - TileCalibL1Calo - DEBUG: initialising coolRunLister
2009-04-09 13:50 - TileCalibL1Calo - DEBUG: applying selections to coolRunLister
2009-04-09 13:50 - TileCalibL1Calo - INFO: last valid run: 105072
2009-04-09 13:50 - TileCalibL1Calo - INFO: searching for new runs from 105073 to 2147483647
2009-04-09 13:50 - TileCalibL1Calo - DEBUG:  No new valid run. Last known valid run still: 105072
2009-04-09 14:00 - TileCalibL1Calo - INFO: ===> listening for new valid runs <===
2009-04-09 14:00 - TileCalibL1Calo - DEBUG: initialising coolRunLister
2009-04-09 14:00 - TileCalibL1Calo - DEBUG: applying selections to coolRunLister
2009-04-09 14:00 - TileCalibL1Calo - INFO: last valid run: 105072
2009-04-09 14:00 - TileCalibL1Calo - INFO: searching for new runs from 105073 to 2147483647
2009-04-09 14:00 - TileCalibL1Calo - DEBUG:  No new valid run. Last known valid run still: 105072
2009-04-09 14:10 - TileCalibL1Calo - INFO: ===> listening for new valid runs <===
2009-04-09 14:10 - TileCalibL1Calo - DEBUG: initialising coolRunLister
2009-04-09 14:10 - TileCalibL1Calo - DEBUG: applying selections to coolRunLister
2009-04-09 14:10 - TileCalibL1Calo - INFO: last valid run: 105072
2009-04-09 14:10 - TileCalibL1Calo - INFO: searching for new runs from 105073 to 2147483647
2009-04-09 14:10 - TileCalibL1Calo - DEBUG:  No new valid run. Last known valid run still: 105072
2009-04-09 14:20 - TileCalibL1Calo - INFO: ===> listening for new valid runs <===
2009-04-09 14:20 - TileCalibL1Calo - DEBUG: initialising coolRunLister
2009-04-09 14:20 - TileCalibL1Calo - DEBUG: applying selections to coolRunLister
2009-04-09 14:20 - TileCalibL1Calo - INFO: last valid run: 105072
2009-04-09 14:20 - TileCalibL1Calo - INFO: searching for new runs from 105073 to 2147483647
2009-04-09 14:20 - TileCalibL1Calo - DEBUG:  No new valid run. Last known valid run still: 105072
2009-04-09 14:31 - TileCalibL1Calo - INFO: ===> listening for new valid runs <===
2009-04-09 14:31 - TileCalibL1Calo - DEBUG: initialising coolRunLister
2009-04-09 14:31 - TileCalibL1Calo - DEBUG: applying selections to coolRunLister
2009-04-09 14:31 - TileCalibL1Calo - INFO: last valid run: 105072
2009-04-09 14:31 - TileCalibL1Calo - INFO: searching for new runs from 105073 to 2147483647
2009-04-09 14:31 - TileCalibL1Calo - DEBUG:  No new valid run. Last known valid run still: 105072
2009-04-09 14:41 - TileCalibL1Calo - INFO: ===> listening for new valid runs <===
2009-04-09 14:41 - TileCalibL1Calo - DEBUG: initialising coolRunLister
2009-04-09 14:41 - TileCalibL1Calo - DEBUG: applying selections to coolRunLister
2009-04-09 14:41 - TileCalibL1Calo - INFO: last valid run: 105072
2009-04-09 14:41 - TileCalibL1Calo - INFO: searching for new runs from 105073 to 2147483647
2009-04-09 14:41 - TileCalibL1Calo - DEBUG:  No new valid run. Last known valid run still: 105072
2009-04-09 14:51 - TileCalibL1Calo - INFO: ===> listening for new valid runs <===
2009-04-09 14:51 - TileCalibL1Calo - DEBUG: initialising coolRunLister
2009-04-09 14:51 - TileCalibL1Calo - DEBUG: applying selections to coolRunLister
2009-04-09 14:51 - TileCalibL1Calo - INFO: last valid run: 105072
2009-04-09 14:51 - TileCalibL1Calo - INFO: searching for new runs from 105073 to 2147483647
2009-04-09 14:51 - TileCalibL1Calo - DEBUG:  No new valid run. Last known valid run still: 105072
2009-04-09 15:01 - TileCalibL1Calo - INFO: ===> listening for new valid runs <===
2009-04-09 15:01 - TileCalibL1Calo - DEBUG: initialising coolRunLister
2009-04-09 15:01 - TileCalibL1Calo - DEBUG: applying selections to coolRunLister
2009-04-09 15:01 - TileCalibL1Calo - INFO: last valid run: 105072
2009-04-09 15:01 - TileCalibL1Calo - INFO: searching for new runs from 105073 to 2147483647
2009-04-09 15:01 - TileCalibL1Calo - DEBUG:  No new valid run. Last known valid run still: 105072
2009-04-09 15:12 - TileCalibL1Calo - INFO: ===> listening for new valid runs <===
2009-04-09 15:12 - TileCalibL1Calo - DEBUG: initialising coolRunLister
2009-04-09 15:12 - TileCalibL1Calo - DEBUG: applying selections to coolRunLister
2009-04-09 15:12 - TileCalibL1Calo - INFO: last valid run: 105072
2009-04-09 15:12 - TileCalibL1Calo - INFO: searching for new runs from 105073 to 2147483647
2009-04-09 15:12 - TileCalibL1Calo - DEBUG:  No new valid run. Last known valid run still: 105072
2009-04-09 15:22 - TileCalibL1Calo - INFO: ===> listening for new valid runs <===
2009-04-09 15:22 - TileCalibL1Calo - DEBUG: initialising coolRunLister
2009-04-09 15:22 - TileCalibL1Calo - DEBUG: applying selections to coolRunLister
2009-04-09 15:22 - TileCalibL1Calo - INFO: last valid run: 105072
2009-04-09 15:22 - TileCalibL1Calo - INFO: searching for new runs from 105073 to 2147483647
2009-04-09 15:22 - TileCalibL1Calo - DEBUG:  No new valid run. Last known valid run still: 105072
2009-04-09 15:32 - TileCalibL1Calo - INFO: ===> listening for new valid runs <===
2009-04-09 15:32 - TileCalibL1Calo - DEBUG: initialising coolRunLister
2009-04-09 15:32 - TileCalibL1Calo - DEBUG: applying selections to coolRunLister
2009-04-09 15:32 - TileCalibL1Calo - INFO: last valid run: 105072
2009-04-09 15:32 - TileCalibL1Calo - INFO: searching for new runs from 105073 to 2147483647
2009-04-09 15:32 - TileCalibL1Calo - DEBUG:  No new valid run. Last known valid run still: 105072
2009-04-09 15:42 - TileCalibL1Calo - INFO: ===> listening for new valid runs <===
2009-04-09 15:42 - TileCalibL1Calo - DEBUG: initialising coolRunLister
2009-04-09 15:42 - TileCalibL1Calo - DEBUG: applying selections to coolRunLister
2009-04-09 15:42 - TileCalibL1Calo - INFO: last valid run: 105072
2009-04-09 15:42 - TileCalibL1Calo - INFO: searching for new runs from 105073 to 2147483647
2009-04-09 15:43 - TileCalibL1Calo - DEBUG:  No new valid run. Last known valid run still: 105072
2009-04-09 15:53 - TileCalibL1Calo - INFO: ===> listening for new valid runs <===
2009-04-09 15:53 - TileCalibL1Calo - DEBUG: initialising coolRunLister
2009-04-09 15:53 - TileCalibL1Calo - DEBUG: applying selections to coolRunLister
2009-04-09 15:53 - TileCalibL1Calo - INFO: last valid run: 105072
2009-04-09 15:53 - TileCalibL1Calo - INFO: searching for new runs from 105073 to 2147483647
2009-04-09 15:53 - TileCalibL1Calo - DEBUG:  No new valid run. Last known valid run still: 105072
2009-04-09 16:03 - TileCalibL1Calo - INFO: ===> listening for new valid runs <===
2009-04-09 16:03 - TileCalibL1Calo - DEBUG: initialising coolRunLister
2009-04-09 16:03 - TileCalibL1Calo - DEBUG: applying selections to coolRunLister
2009-04-09 16:03 - TileCalibL1Calo - INFO: last valid run: 105072
2009-04-09 16:03 - TileCalibL1Calo - INFO: searching for new runs from 105073 to 2147483647
2009-04-09 16:03 - TileCalibL1Calo - DEBUG:  No new valid run. Last known valid run still: 105072
2009-04-09 16:13 - TileCalibL1Calo - INFO: ===> listening for new valid runs <===
2009-04-09 16:13 - TileCalibL1Calo - DEBUG: initialising coolRunLister
2009-04-09 16:13 - TileCalibL1Calo - DEBUG: applying selections to coolRunLister
2009-04-09 16:13 - TileCalibL1Calo - INFO: last valid run: 105072
2009-04-09 16:13 - TileCalibL1Calo - INFO: searching for new runs from 105073 to 2147483647
2009-04-09 16:13 - TileCalibL1Calo - DEBUG:  No new valid run. Last known valid run still: 105072
2009-04-09 16:23 - TileCalibL1Calo - INFO: ===> listening for new valid runs <===
2009-04-09 16:23 - TileCalibL1Calo - DEBUG: initialising coolRunLister
2009-04-09 16:23 - TileCalibL1Calo - DEBUG: applying selections to coolRunLister
2009-04-09 16:23 - TileCalibL1Calo - INFO: last valid run: 105072
2009-04-09 16:23 - TileCalibL1Calo - INFO: searching for new runs from 105073 to 2147483647
2009-04-09 16:24 - TileCalibL1Calo - DEBUG:  No new valid run. Last known valid run still: 105072
2009-04-09 16:34 - TileCalibL1Calo - INFO: ===> listening for new valid runs <===
2009-04-09 16:34 - TileCalibL1Calo - DEBUG: initialising coolRunLister
2009-04-09 16:34 - TileCalibL1Calo - DEBUG: applying selections to coolRunLister
2009-04-09 16:34 - TileCalibL1Calo - INFO: last valid run: 105072
2009-04-09 16:34 - TileCalibL1Calo - INFO: searching for new runs from 105073 to 2147483647
2009-04-09 16:34 - TileCalibL1Calo - DEBUG:  No new valid run. Last known valid run still: 105072
2009-04-09 16:44 - TileCalibL1Calo - INFO: ===> listening for new valid runs <===
2009-04-09 16:44 - TileCalibL1Calo - DEBUG: initialising coolRunLister
2009-04-09 16:44 - TileCalibL1Calo - DEBUG: applying selections to coolRunLister
2009-04-09 16:44 - TileCalibL1Calo - INFO: last valid run: 105072
2009-04-09 16:44 - TileCalibL1Calo - INFO: searching for new runs from 105073 to 2147483647
2009-04-09 16:44 - TileCalibL1Calo - DEBUG:  No new valid run. Last known valid run still: 105072
2009-04-09 16:54 - TileCalibL1Calo - INFO: ===> listening for new valid runs <===
2009-04-09 16:54 - TileCalibL1Calo - DEBUG: initialising coolRunLister
2009-04-09 16:54 - TileCalibL1Calo - DEBUG: applying selections to coolRunLister
2009-04-09 16:54 - TileCalibL1Calo - INFO: last valid run: 105072
2009-04-09 16:54 - TileCalibL1Calo - INFO: searching for new runs from 105073 to 2147483647
2009-04-09 16:54 - TileCalibL1Calo - DEBUG:  No new valid run. Last known valid run still: 105072
2009-04-09 17:04 - TileCalibL1Calo - INFO: ===> listening for new valid runs <===
2009-04-09 17:04 - TileCalibL1Calo - DEBUG: initialising coolRunLister
2009-04-09 17:04 - TileCalibL1Calo - DEBUG: applying selections to coolRunLister
2009-04-09 17:04 - TileCalibL1Calo - INFO: last valid run: 105072
2009-04-09 17:04 - TileCalibL1Calo - INFO: searching for new runs from 105073 to 2147483647
