2009-04-13 00:01 - TileCalibL1Calo - INFO: ========================================
2009-04-13 00:01 - TileCalibL1Calo - INFO: RunListener in init
2009-04-13 00:01 - TileCalibL1Calo - INFO: RunListener initialized
2009-04-13 00:01 - TileCalibL1Calo - INFO: ========================================
2009-04-13 00:01 - TileCalibL1Calo - INFO: ===> from initRunListener <===
2009-04-13 00:01 - TileCalibL1Calo - INFO: 
RunListener TileCalibL1Caloinitialised with the following parameters:
TDAQ DB: COOLONL_TDAQ/COMP200
TRIG DB: COOLONL_TRIGGER/COMP200
Status DB: COOLONL_TDAQ/COMP200
log level: 0
oracle: False
rec. only: True
det. mask: 0
run type: cismono
det. status: 2
det. status tag: HEAD
daq partition: Tile-TTC2LAN
tag: 
format: acertd
reverse: False
stoptimestamp: True
cleanstop: True
hasevents: True
last valid run known: 0

2009-04-13 00:11 - TileCalibL1Calo - INFO: ===> listening for new valid runs <===
2009-04-13 00:11 - TileCalibL1Calo - DEBUG: initialising coolRunLister
2009-04-13 00:11 - TileCalibL1Calo - DEBUG: applying selections to coolRunLister
2009-04-13 00:11 - TileCalibL1Calo - INFO: last valid run: 104000
2009-04-13 00:11 - TileCalibL1Calo - INFO: searching for new runs from 104001 to 2147483647
2009-04-13 00:11 - TileCalibL1Calo - DEBUG: new last known run: 105072
2009-04-13 00:11 - TileCalibL1Calo - DEBUG: 
     Run   Events  LumiB            StartTime             StopTime L1Events L2Events EFEvents ErrC Rec Cln RunType                  DetectorMask DAQConfiguration     PartitionName    FilenameTag         
  105072     4508      3  2009-04-02:13:28:56  2009-04-02:13:30:15     4508     4508     4508    0  No Yes cismono                    7c00f00000 Schema=127:Data=150  Tile-TTC2LAN                         

2009-04-13 00:22 - TileCalibL1Calo - INFO: ===> listening for new valid runs <===
2009-04-13 00:22 - TileCalibL1Calo - DEBUG: initialising coolRunLister
2009-04-13 00:22 - TileCalibL1Calo - DEBUG: applying selections to coolRunLister
2009-04-13 00:22 - TileCalibL1Calo - INFO: last valid run: 105072
2009-04-13 00:22 - TileCalibL1Calo - INFO: searching for new runs from 105073 to 2147483647
2009-04-13 00:22 - TileCalibL1Calo - DEBUG:  No new valid run. Last known valid run still: 105072
2009-04-13 00:32 - TileCalibL1Calo - INFO: ===> listening for new valid runs <===
2009-04-13 00:32 - TileCalibL1Calo - DEBUG: initialising coolRunLister
2009-04-13 00:32 - TileCalibL1Calo - DEBUG: applying selections to coolRunLister
2009-04-13 00:32 - TileCalibL1Calo - INFO: last valid run: 105072
2009-04-13 00:32 - TileCalibL1Calo - INFO: searching for new runs from 105073 to 2147483647
2009-04-13 00:32 - TileCalibL1Calo - DEBUG:  No new valid run. Last known valid run still: 105072
2009-04-13 00:43 - TileCalibL1Calo - INFO: ===> listening for new valid runs <===
2009-04-13 00:43 - TileCalibL1Calo - DEBUG: initialising coolRunLister
2009-04-13 00:43 - TileCalibL1Calo - DEBUG: applying selections to coolRunLister
2009-04-13 00:43 - TileCalibL1Calo - INFO: last valid run: 105072
2009-04-13 00:43 - TileCalibL1Calo - INFO: searching for new runs from 105073 to 2147483647
2009-04-13 00:43 - TileCalibL1Calo - DEBUG:  No new valid run. Last known valid run still: 105072
2009-04-13 00:53 - TileCalibL1Calo - INFO: ===> listening for new valid runs <===
2009-04-13 00:53 - TileCalibL1Calo - DEBUG: initialising coolRunLister
2009-04-13 00:53 - TileCalibL1Calo - DEBUG: applying selections to coolRunLister
2009-04-13 00:53 - TileCalibL1Calo - INFO: last valid run: 105072
2009-04-13 00:53 - TileCalibL1Calo - INFO: searching for new runs from 105073 to 2147483647
2009-04-13 00:53 - TileCalibL1Calo - DEBUG:  No new valid run. Last known valid run still: 105072
2009-04-13 01:03 - TileCalibL1Calo - INFO: ===> listening for new valid runs <===
2009-04-13 01:03 - TileCalibL1Calo - DEBUG: initialising coolRunLister
2009-04-13 01:03 - TileCalibL1Calo - DEBUG: applying selections to coolRunLister
2009-04-13 01:03 - TileCalibL1Calo - INFO: last valid run: 105072
2009-04-13 01:03 - TileCalibL1Calo - INFO: searching for new runs from 105073 to 2147483647
2009-04-13 01:03 - TileCalibL1Calo - DEBUG:  No new valid run. Last known valid run still: 105072
2009-04-13 01:14 - TileCalibL1Calo - INFO: ===> listening for new valid runs <===
2009-04-13 01:14 - TileCalibL1Calo - DEBUG: initialising coolRunLister
2009-04-13 01:14 - TileCalibL1Calo - DEBUG: applying selections to coolRunLister
2009-04-13 01:14 - TileCalibL1Calo - INFO: last valid run: 105072
2009-04-13 01:14 - TileCalibL1Calo - INFO: searching for new runs from 105073 to 2147483647
2009-04-13 01:14 - TileCalibL1Calo - DEBUG:  No new valid run. Last known valid run still: 105072
2009-04-13 01:24 - TileCalibL1Calo - INFO: ===> listening for new valid runs <===
2009-04-13 01:24 - TileCalibL1Calo - DEBUG: initialising coolRunLister
2009-04-13 01:24 - TileCalibL1Calo - DEBUG: applying selections to coolRunLister
2009-04-13 01:24 - TileCalibL1Calo - INFO: last valid run: 105072
2009-04-13 01:24 - TileCalibL1Calo - INFO: searching for new runs from 105073 to 2147483647
2009-04-13 01:24 - TileCalibL1Calo - DEBUG:  No new valid run. Last known valid run still: 105072
2009-04-13 01:34 - TileCalibL1Calo - INFO: ===> listening for new valid runs <===
2009-04-13 01:34 - TileCalibL1Calo - DEBUG: initialising coolRunLister
2009-04-13 01:34 - TileCalibL1Calo - DEBUG: applying selections to coolRunLister
2009-04-13 01:34 - TileCalibL1Calo - INFO: last valid run: 105072
2009-04-13 01:34 - TileCalibL1Calo - INFO: searching for new runs from 105073 to 2147483647
2009-04-13 01:34 - TileCalibL1Calo - DEBUG:  No new valid run. Last known valid run still: 105072
2009-04-13 01:45 - TileCalibL1Calo - INFO: ===> listening for new valid runs <===
2009-04-13 01:45 - TileCalibL1Calo - DEBUG: initialising coolRunLister
2009-04-13 01:45 - TileCalibL1Calo - DEBUG: applying selections to coolRunLister
2009-04-13 01:45 - TileCalibL1Calo - INFO: last valid run: 105072
2009-04-13 01:45 - TileCalibL1Calo - INFO: searching for new runs from 105073 to 2147483647
2009-04-13 01:45 - TileCalibL1Calo - DEBUG:  No new valid run. Last known valid run still: 105072
2009-04-13 01:55 - TileCalibL1Calo - INFO: ===> listening for new valid runs <===
2009-04-13 01:55 - TileCalibL1Calo - DEBUG: initialising coolRunLister
2009-04-13 01:55 - TileCalibL1Calo - DEBUG: applying selections to coolRunLister
2009-04-13 01:55 - TileCalibL1Calo - INFO: last valid run: 105072
2009-04-13 01:55 - TileCalibL1Calo - INFO: searching for new runs from 105073 to 2147483647
2009-04-13 01:55 - TileCalibL1Calo - DEBUG:  No new valid run. Last known valid run still: 105072
2009-04-13 02:05 - TileCalibL1Calo - INFO: ===> listening for new valid runs <===
2009-04-13 02:05 - TileCalibL1Calo - DEBUG: initialising coolRunLister
2009-04-13 02:05 - TileCalibL1Calo - DEBUG: applying selections to coolRunLister
2009-04-13 02:05 - TileCalibL1Calo - INFO: last valid run: 105072
2009-04-13 02:05 - TileCalibL1Calo - INFO: searching for new runs from 105073 to 2147483647
2009-04-13 02:05 - TileCalibL1Calo - DEBUG:  No new valid run. Last known valid run still: 105072
2009-04-13 02:16 - TileCalibL1Calo - INFO: ===> listening for new valid runs <===
2009-04-13 02:16 - TileCalibL1Calo - DEBUG: initialising coolRunLister
2009-04-13 02:16 - TileCalibL1Calo - DEBUG: applying selections to coolRunLister
2009-04-13 02:16 - TileCalibL1Calo - INFO: last valid run: 105072
2009-04-13 02:16 - TileCalibL1Calo - INFO: searching for new runs from 105073 to 2147483647
2009-04-13 02:16 - TileCalibL1Calo - DEBUG:  No new valid run. Last known valid run still: 105072
2009-04-13 02:26 - TileCalibL1Calo - INFO: ===> listening for new valid runs <===
2009-04-13 02:26 - TileCalibL1Calo - DEBUG: initialising coolRunLister
2009-04-13 02:26 - TileCalibL1Calo - DEBUG: applying selections to coolRunLister
2009-04-13 02:26 - TileCalibL1Calo - INFO: last valid run: 105072
2009-04-13 02:26 - TileCalibL1Calo - INFO: searching for new runs from 105073 to 2147483647
2009-04-13 02:26 - TileCalibL1Calo - DEBUG:  No new valid run. Last known valid run still: 105072
2009-04-13 02:36 - TileCalibL1Calo - INFO: ===> listening for new valid runs <===
2009-04-13 02:36 - TileCalibL1Calo - DEBUG: initialising coolRunLister
2009-04-13 02:36 - TileCalibL1Calo - DEBUG: applying selections to coolRunLister
2009-04-13 02:36 - TileCalibL1Calo - INFO: last valid run: 105072
2009-04-13 02:36 - TileCalibL1Calo - INFO: searching for new runs from 105073 to 2147483647
2009-04-13 02:36 - TileCalibL1Calo - DEBUG:  No new valid run. Last known valid run still: 105072
2009-04-13 02:46 - TileCalibL1Calo - INFO: ===> listening for new valid runs <===
2009-04-13 02:46 - TileCalibL1Calo - DEBUG: initialising coolRunLister
2009-04-13 02:46 - TileCalibL1Calo - DEBUG: applying selections to coolRunLister
2009-04-13 02:46 - TileCalibL1Calo - INFO: last valid run: 105072
2009-04-13 02:46 - TileCalibL1Calo - INFO: searching for new runs from 105073 to 2147483647
2009-04-13 02:47 - TileCalibL1Calo - DEBUG:  No new valid run. Last known valid run still: 105072
2009-04-13 02:57 - TileCalibL1Calo - INFO: ===> listening for new valid runs <===
2009-04-13 02:57 - TileCalibL1Calo - DEBUG: initialising coolRunLister
2009-04-13 02:57 - TileCalibL1Calo - DEBUG: applying selections to coolRunLister
2009-04-13 02:57 - TileCalibL1Calo - INFO: last valid run: 105072
2009-04-13 02:57 - TileCalibL1Calo - INFO: searching for new runs from 105073 to 2147483647
2009-04-13 02:57 - TileCalibL1Calo - DEBUG:  No new valid run. Last known valid run still: 105072
2009-04-13 03:07 - TileCalibL1Calo - INFO: ===> listening for new valid runs <===
2009-04-13 03:07 - TileCalibL1Calo - DEBUG: initialising coolRunLister
2009-04-13 03:07 - TileCalibL1Calo - DEBUG: applying selections to coolRunLister
2009-04-13 03:07 - TileCalibL1Calo - INFO: last valid run: 105072
2009-04-13 03:07 - TileCalibL1Calo - INFO: searching for new runs from 105073 to 2147483647
2009-04-13 03:07 - TileCalibL1Calo - DEBUG:  No new valid run. Last known valid run still: 105072
2009-04-13 03:17 - TileCalibL1Calo - INFO: ===> listening for new valid runs <===
2009-04-13 03:17 - TileCalibL1Calo - DEBUG: initialising coolRunLister
2009-04-13 03:17 - TileCalibL1Calo - DEBUG: applying selections to coolRunLister
2009-04-13 03:17 - TileCalibL1Calo - INFO: last valid run: 105072
2009-04-13 03:17 - TileCalibL1Calo - INFO: searching for new runs from 105073 to 2147483647
2009-04-13 03:18 - TileCalibL1Calo - DEBUG:  No new valid run. Last known valid run still: 105072
2009-04-13 03:28 - TileCalibL1Calo - INFO: ===> listening for new valid runs <===
2009-04-13 03:28 - TileCalibL1Calo - DEBUG: initialising coolRunLister
2009-04-13 03:28 - TileCalibL1Calo - DEBUG: applying selections to coolRunLister
2009-04-13 03:28 - TileCalibL1Calo - INFO: last valid run: 105072
2009-04-13 03:28 - TileCalibL1Calo - INFO: searching for new runs from 105073 to 2147483647
2009-04-13 03:28 - TileCalibL1Calo - DEBUG:  No new valid run. Last known valid run still: 105072
2009-04-13 03:38 - TileCalibL1Calo - INFO: ===> listening for new valid runs <===
2009-04-13 03:38 - TileCalibL1Calo - DEBUG: initialising coolRunLister
2009-04-13 03:38 - TileCalibL1Calo - DEBUG: applying selections to coolRunLister
2009-04-13 03:38 - TileCalibL1Calo - INFO: last valid run: 105072
2009-04-13 03:38 - TileCalibL1Calo - INFO: searching for new runs from 105073 to 2147483647
2009-04-13 03:38 - TileCalibL1Calo - DEBUG:  No new valid run. Last known valid run still: 105072
2009-04-13 03:49 - TileCalibL1Calo - INFO: ===> listening for new valid runs <===
2009-04-13 03:49 - TileCalibL1Calo - DEBUG: initialising coolRunLister
2009-04-13 03:49 - TileCalibL1Calo - DEBUG: applying selections to coolRunLister
2009-04-13 03:49 - TileCalibL1Calo - INFO: last valid run: 105072
2009-04-13 03:49 - TileCalibL1Calo - INFO: searching for new runs from 105073 to 2147483647
2009-04-13 03:49 - TileCalibL1Calo - DEBUG:  No new valid run. Last known valid run still: 105072
2009-04-13 03:59 - TileCalibL1Calo - INFO: ===> listening for new valid runs <===
2009-04-13 03:59 - TileCalibL1Calo - DEBUG: initialising coolRunLister
2009-04-13 03:59 - TileCalibL1Calo - DEBUG: applying selections to coolRunLister
2009-04-13 03:59 - TileCalibL1Calo - INFO: last valid run: 105072
2009-04-13 03:59 - TileCalibL1Calo - INFO: searching for new runs from 105073 to 2147483647
2009-04-13 03:59 - TileCalibL1Calo - DEBUG:  No new valid run. Last known valid run still: 105072
2009-04-13 04:10 - TileCalibL1Calo - INFO: ===> listening for new valid runs <===
2009-04-13 04:10 - TileCalibL1Calo - DEBUG: initialising coolRunLister
2009-04-13 04:10 - TileCalibL1Calo - DEBUG: applying selections to coolRunLister
2009-04-13 04:10 - TileCalibL1Calo - INFO: last valid run: 105072
2009-04-13 04:10 - TileCalibL1Calo - INFO: searching for new runs from 105073 to 2147483647
2009-04-13 04:10 - TileCalibL1Calo - DEBUG:  No new valid run. Last known valid run still: 105072
2009-04-13 04:20 - TileCalibL1Calo - INFO: ===> listening for new valid runs <===
2009-04-13 04:20 - TileCalibL1Calo - DEBUG: initialising coolRunLister
2009-04-13 04:20 - TileCalibL1Calo - DEBUG: applying selections to coolRunLister
2009-04-13 04:20 - TileCalibL1Calo - INFO: last valid run: 105072
2009-04-13 04:20 - TileCalibL1Calo - INFO: searching for new runs from 105073 to 2147483647
2009-04-13 04:20 - TileCalibL1Calo - DEBUG:  No new valid run. Last known valid run still: 105072
2009-04-13 04:30 - TileCalibL1Calo - INFO: ===> listening for new valid runs <===
2009-04-13 04:30 - TileCalibL1Calo - DEBUG: initialising coolRunLister
2009-04-13 04:30 - TileCalibL1Calo - DEBUG: applying selections to coolRunLister
2009-04-13 04:30 - TileCalibL1Calo - INFO: last valid run: 105072
2009-04-13 04:30 - TileCalibL1Calo - INFO: searching for new runs from 105073 to 2147483647
2009-04-13 04:30 - TileCalibL1Calo - DEBUG:  No new valid run. Last known valid run still: 105072
2009-04-13 04:41 - TileCalibL1Calo - INFO: ===> listening for new valid runs <===
2009-04-13 04:41 - TileCalibL1Calo - DEBUG: initialising coolRunLister
2009-04-13 04:41 - TileCalibL1Calo - DEBUG: applying selections to coolRunLister
2009-04-13 04:41 - TileCalibL1Calo - INFO: last valid run: 105072
2009-04-13 04:41 - TileCalibL1Calo - INFO: searching for new runs from 105073 to 2147483647
2009-04-13 04:41 - TileCalibL1Calo - DEBUG:  No new valid run. Last known valid run still: 105072
2009-04-13 04:51 - TileCalibL1Calo - INFO: ===> listening for new valid runs <===
2009-04-13 04:51 - TileCalibL1Calo - DEBUG: initialising coolRunLister
2009-04-13 04:51 - TileCalibL1Calo - DEBUG: applying selections to coolRunLister
2009-04-13 04:51 - TileCalibL1Calo - INFO: last valid run: 105072
2009-04-13 04:51 - TileCalibL1Calo - INFO: searching for new runs from 105073 to 2147483647
2009-04-13 04:51 - TileCalibL1Calo - DEBUG:  No new valid run. Last known valid run still: 105072
2009-04-13 05:01 - TileCalibL1Calo - INFO: ===> listening for new valid runs <===
2009-04-13 05:01 - TileCalibL1Calo - DEBUG: initialising coolRunLister
2009-04-13 05:01 - TileCalibL1Calo - DEBUG: applying selections to coolRunLister
2009-04-13 05:01 - TileCalibL1Calo - INFO: last valid run: 105072
2009-04-13 05:01 - TileCalibL1Calo - INFO: searching for new runs from 105073 to 2147483647
2009-04-13 05:01 - TileCalibL1Calo - DEBUG:  No new valid run. Last known valid run still: 105072
2009-04-13 05:12 - TileCalibL1Calo - INFO: ===> listening for new valid runs <===
2009-04-13 05:12 - TileCalibL1Calo - DEBUG: initialising coolRunLister
2009-04-13 05:12 - TileCalibL1Calo - DEBUG: applying selections to coolRunLister
2009-04-13 05:12 - TileCalibL1Calo - INFO: last valid run: 105072
2009-04-13 05:12 - TileCalibL1Calo - INFO: searching for new runs from 105073 to 2147483647
2009-04-13 05:12 - TileCalibL1Calo - DEBUG:  No new valid run. Last known valid run still: 105072
2009-04-13 05:22 - TileCalibL1Calo - INFO: ===> listening for new valid runs <===
2009-04-13 05:22 - TileCalibL1Calo - DEBUG: initialising coolRunLister
2009-04-13 05:22 - TileCalibL1Calo - DEBUG: applying selections to coolRunLister
2009-04-13 05:22 - TileCalibL1Calo - INFO: last valid run: 105072
2009-04-13 05:22 - TileCalibL1Calo - INFO: searching for new runs from 105073 to 2147483647
2009-04-13 05:22 - TileCalibL1Calo - DEBUG:  No new valid run. Last known valid run still: 105072
2009-04-13 05:32 - TileCalibL1Calo - INFO: ===> listening for new valid runs <===
2009-04-13 05:32 - TileCalibL1Calo - DEBUG: initialising coolRunLister
2009-04-13 05:32 - TileCalibL1Calo - DEBUG: applying selections to coolRunLister
2009-04-13 05:32 - TileCalibL1Calo - INFO: last valid run: 105072
2009-04-13 05:32 - TileCalibL1Calo - INFO: searching for new runs from 105073 to 2147483647
2009-04-13 05:32 - TileCalibL1Calo - DEBUG:  No new valid run. Last known valid run still: 105072
2009-04-13 05:43 - TileCalibL1Calo - INFO: ===> listening for new valid runs <===
2009-04-13 05:43 - TileCalibL1Calo - DEBUG: initialising coolRunLister
2009-04-13 05:43 - TileCalibL1Calo - DEBUG: applying selections to coolRunLister
2009-04-13 05:43 - TileCalibL1Calo - INFO: last valid run: 105072
2009-04-13 05:43 - TileCalibL1Calo - INFO: searching for new runs from 105073 to 2147483647
2009-04-13 05:43 - TileCalibL1Calo - DEBUG:  No new valid run. Last known valid run still: 105072
2009-04-13 05:53 - TileCalibL1Calo - INFO: ===> listening for new valid runs <===
2009-04-13 05:53 - TileCalibL1Calo - DEBUG: initialising coolRunLister
2009-04-13 05:53 - TileCalibL1Calo - DEBUG: applying selections to coolRunLister
2009-04-13 05:53 - TileCalibL1Calo - INFO: last valid run: 105072
2009-04-13 05:53 - TileCalibL1Calo - INFO: searching for new runs from 105073 to 2147483647
2009-04-13 05:53 - TileCalibL1Calo - DEBUG:  No new valid run. Last known valid run still: 105072
2009-04-13 06:03 - TileCalibL1Calo - INFO: ===> listening for new valid runs <===
2009-04-13 06:03 - TileCalibL1Calo - DEBUG: initialising coolRunLister
2009-04-13 06:03 - TileCalibL1Calo - DEBUG: applying selections to coolRunLister
2009-04-13 06:03 - TileCalibL1Calo - INFO: last valid run: 105072
2009-04-13 06:03 - TileCalibL1Calo - INFO: searching for new runs from 105073 to 2147483647
2009-04-13 06:03 - TileCalibL1Calo - DEBUG:  No new valid run. Last known valid run still: 105072
2009-04-13 06:13 - TileCalibL1Calo - INFO: ===> listening for new valid runs <===
2009-04-13 06:13 - TileCalibL1Calo - DEBUG: initialising coolRunLister
2009-04-13 06:13 - TileCalibL1Calo - DEBUG: applying selections to coolRunLister
2009-04-13 06:13 - TileCalibL1Calo - INFO: last valid run: 105072
2009-04-13 06:13 - TileCalibL1Calo - INFO: searching for new runs from 105073 to 2147483647
2009-04-13 06:14 - TileCalibL1Calo - DEBUG:  No new valid run. Last known valid run still: 105072
2009-04-13 06:24 - TileCalibL1Calo - INFO: ===> listening for new valid runs <===
2009-04-13 06:24 - TileCalibL1Calo - DEBUG: initialising coolRunLister
2009-04-13 06:24 - TileCalibL1Calo - DEBUG: applying selections to coolRunLister
2009-04-13 06:24 - TileCalibL1Calo - INFO: last valid run: 105072
2009-04-13 06:24 - TileCalibL1Calo - INFO: searching for new runs from 105073 to 2147483647
2009-04-13 06:24 - TileCalibL1Calo - DEBUG:  No new valid run. Last known valid run still: 105072
2009-04-13 06:34 - TileCalibL1Calo - INFO: ===> listening for new valid runs <===
2009-04-13 06:34 - TileCalibL1Calo - DEBUG: initialising coolRunLister
2009-04-13 06:34 - TileCalibL1Calo - DEBUG: applying selections to coolRunLister
2009-04-13 06:34 - TileCalibL1Calo - INFO: last valid run: 105072
2009-04-13 06:34 - TileCalibL1Calo - INFO: searching for new runs from 105073 to 2147483647
2009-04-13 06:34 - TileCalibL1Calo - DEBUG:  No new valid run. Last known valid run still: 105072
2009-04-13 06:44 - TileCalibL1Calo - INFO: ===> listening for new valid runs <===
2009-04-13 06:44 - TileCalibL1Calo - DEBUG: initialising coolRunLister
2009-04-13 06:44 - TileCalibL1Calo - DEBUG: applying selections to coolRunLister
2009-04-13 06:44 - TileCalibL1Calo - INFO: last valid run: 105072
2009-04-13 06:44 - TileCalibL1Calo - INFO: searching for new runs from 105073 to 2147483647
2009-04-13 06:45 - TileCalibL1Calo - DEBUG:  No new valid run. Last known valid run still: 105072
2009-04-13 06:55 - TileCalibL1Calo - INFO: ===> listening for new valid runs <===
2009-04-13 06:55 - TileCalibL1Calo - DEBUG: initialising coolRunLister
2009-04-13 06:55 - TileCalibL1Calo - DEBUG: applying selections to coolRunLister
2009-04-13 06:55 - TileCalibL1Calo - INFO: last valid run: 105072
2009-04-13 06:55 - TileCalibL1Calo - INFO: searching for new runs from 105073 to 2147483647
2009-04-13 06:55 - TileCalibL1Calo - DEBUG:  No new valid run. Last known valid run still: 105072
2009-04-13 07:05 - TileCalibL1Calo - INFO: ===> listening for new valid runs <===
2009-04-13 07:05 - TileCalibL1Calo - DEBUG: initialising coolRunLister
2009-04-13 07:05 - TileCalibL1Calo - DEBUG: applying selections to coolRunLister
2009-04-13 07:05 - TileCalibL1Calo - INFO: last valid run: 105072
2009-04-13 07:05 - TileCalibL1Calo - INFO: searching for new runs from 105073 to 2147483647
2009-04-13 07:05 - TileCalibL1Calo - DEBUG:  No new valid run. Last known valid run still: 105072
2009-04-13 07:15 - TileCalibL1Calo - INFO: ===> listening for new valid runs <===
2009-04-13 07:15 - TileCalibL1Calo - DEBUG: initialising coolRunLister
2009-04-13 07:15 - TileCalibL1Calo - DEBUG: applying selections to coolRunLister
2009-04-13 07:15 - TileCalibL1Calo - INFO: last valid run: 105072
2009-04-13 07:15 - TileCalibL1Calo - INFO: searching for new runs from 105073 to 2147483647
2009-04-13 07:15 - TileCalibL1Calo - DEBUG:  No new valid run. Last known valid run still: 105072
2009-04-13 07:26 - TileCalibL1Calo - INFO: ===> listening for new valid runs <===
2009-04-13 07:26 - TileCalibL1Calo - DEBUG: initialising coolRunLister
2009-04-13 07:26 - TileCalibL1Calo - DEBUG: applying selections to coolRunLister
2009-04-13 07:26 - TileCalibL1Calo - INFO: last valid run: 105072
2009-04-13 07:26 - TileCalibL1Calo - INFO: searching for new runs from 105073 to 2147483647
2009-04-13 07:26 - TileCalibL1Calo - DEBUG:  No new valid run. Last known valid run still: 105072
2009-04-13 07:36 - TileCalibL1Calo - INFO: ===> listening for new valid runs <===
2009-04-13 07:36 - TileCalibL1Calo - DEBUG: initialising coolRunLister
2009-04-13 07:36 - TileCalibL1Calo - DEBUG: applying selections to coolRunLister
2009-04-13 07:36 - TileCalibL1Calo - INFO: last valid run: 105072
2009-04-13 07:36 - TileCalibL1Calo - INFO: searching for new runs from 105073 to 2147483647
2009-04-13 07:36 - TileCalibL1Calo - DEBUG:  No new valid run. Last known valid run still: 105072
2009-04-13 07:46 - TileCalibL1Calo - INFO: ===> listening for new valid runs <===
2009-04-13 07:46 - TileCalibL1Calo - DEBUG: initialising coolRunLister
2009-04-13 07:46 - TileCalibL1Calo - DEBUG: applying selections to coolRunLister
2009-04-13 07:46 - TileCalibL1Calo - INFO: last valid run: 105072
2009-04-13 07:46 - TileCalibL1Calo - INFO: searching for new runs from 105073 to 2147483647
2009-04-13 07:46 - TileCalibL1Calo - DEBUG:  No new valid run. Last known valid run still: 105072
2009-04-13 07:57 - TileCalibL1Calo - INFO: ===> listening for new valid runs <===
2009-04-13 07:57 - TileCalibL1Calo - DEBUG: initialising coolRunLister
2009-04-13 07:57 - TileCalibL1Calo - DEBUG: applying selections to coolRunLister
2009-04-13 07:57 - TileCalibL1Calo - INFO: last valid run: 105072
2009-04-13 07:57 - TileCalibL1Calo - INFO: searching for new runs from 105073 to 2147483647
2009-04-13 07:57 - TileCalibL1Calo - DEBUG:  No new valid run. Last known valid run still: 105072
2009-04-13 08:07 - TileCalibL1Calo - INFO: ===> listening for new valid runs <===
2009-04-13 08:07 - TileCalibL1Calo - DEBUG: initialising coolRunLister
2009-04-13 08:07 - TileCalibL1Calo - DEBUG: applying selections to coolRunLister
2009-04-13 08:07 - TileCalibL1Calo - INFO: last valid run: 105072
2009-04-13 08:07 - TileCalibL1Calo - INFO: searching for new runs from 105073 to 2147483647
2009-04-13 08:07 - TileCalibL1Calo - DEBUG:  No new valid run. Last known valid run still: 105072
2009-04-13 08:17 - TileCalibL1Calo - INFO: ===> listening for new valid runs <===
2009-04-13 08:17 - TileCalibL1Calo - DEBUG: initialising coolRunLister
2009-04-13 08:17 - TileCalibL1Calo - DEBUG: applying selections to coolRunLister
2009-04-13 08:17 - TileCalibL1Calo - INFO: last valid run: 105072
2009-04-13 08:17 - TileCalibL1Calo - INFO: searching for new runs from 105073 to 2147483647
2009-04-13 08:17 - TileCalibL1Calo - DEBUG:  No new valid run. Last known valid run still: 105072
2009-04-13 08:28 - TileCalibL1Calo - INFO: ===> listening for new valid runs <===
2009-04-13 08:28 - TileCalibL1Calo - DEBUG: initialising coolRunLister
2009-04-13 08:28 - TileCalibL1Calo - DEBUG: applying selections to coolRunLister
2009-04-13 08:28 - TileCalibL1Calo - INFO: last valid run: 105072
2009-04-13 08:28 - TileCalibL1Calo - INFO: searching for new runs from 105073 to 2147483647
2009-04-13 08:28 - TileCalibL1Calo - DEBUG:  No new valid run. Last known valid run still: 105072
2009-04-13 08:38 - TileCalibL1Calo - INFO: ===> listening for new valid runs <===
2009-04-13 08:38 - TileCalibL1Calo - DEBUG: initialising coolRunLister
2009-04-13 08:38 - TileCalibL1Calo - DEBUG: applying selections to coolRunLister
2009-04-13 08:38 - TileCalibL1Calo - INFO: last valid run: 105072
2009-04-13 08:38 - TileCalibL1Calo - INFO: searching for new runs from 105073 to 2147483647
2009-04-13 08:38 - TileCalibL1Calo - DEBUG:  No new valid run. Last known valid run still: 105072
2009-04-13 08:48 - TileCalibL1Calo - INFO: ===> listening for new valid runs <===
2009-04-13 08:48 - TileCalibL1Calo - DEBUG: initialising coolRunLister
2009-04-13 08:48 - TileCalibL1Calo - DEBUG: applying selections to coolRunLister
2009-04-13 08:48 - TileCalibL1Calo - INFO: last valid run: 105072
2009-04-13 08:48 - TileCalibL1Calo - INFO: searching for new runs from 105073 to 2147483647
2009-04-13 08:48 - TileCalibL1Calo - DEBUG:  No new valid run. Last known valid run still: 105072
2009-04-13 08:58 - TileCalibL1Calo - INFO: ===> listening for new valid runs <===
2009-04-13 08:58 - TileCalibL1Calo - DEBUG: initialising coolRunLister
2009-04-13 08:58 - TileCalibL1Calo - DEBUG: applying selections to coolRunLister
2009-04-13 08:58 - TileCalibL1Calo - INFO: last valid run: 105072
2009-04-13 08:58 - TileCalibL1Calo - INFO: searching for new runs from 105073 to 2147483647
2009-04-13 08:59 - TileCalibL1Calo - DEBUG:  No new valid run. Last known valid run still: 105072
2009-04-13 09:09 - TileCalibL1Calo - INFO: ===> listening for new valid runs <===
2009-04-13 09:09 - TileCalibL1Calo - DEBUG: initialising coolRunLister
2009-04-13 09:09 - TileCalibL1Calo - DEBUG: applying selections to coolRunLister
2009-04-13 09:09 - TileCalibL1Calo - INFO: last valid run: 105072
2009-04-13 09:09 - TileCalibL1Calo - INFO: searching for new runs from 105073 to 2147483647
2009-04-13 09:09 - TileCalibL1Calo - DEBUG:  No new valid run. Last known valid run still: 105072
2009-04-13 09:19 - TileCalibL1Calo - INFO: ===> listening for new valid runs <===
2009-04-13 09:19 - TileCalibL1Calo - DEBUG: initialising coolRunLister
2009-04-13 09:19 - TileCalibL1Calo - DEBUG: applying selections to coolRunLister
2009-04-13 09:19 - TileCalibL1Calo - INFO: last valid run: 105072
2009-04-13 09:19 - TileCalibL1Calo - INFO: searching for new runs from 105073 to 2147483647
2009-04-13 09:19 - TileCalibL1Calo - DEBUG:  No new valid run. Last known valid run still: 105072
2009-04-13 09:29 - TileCalibL1Calo - INFO: ===> listening for new valid runs <===
2009-04-13 09:29 - TileCalibL1Calo - DEBUG: initialising coolRunLister
2009-04-13 09:29 - TileCalibL1Calo - DEBUG: applying selections to coolRunLister
2009-04-13 09:29 - TileCalibL1Calo - INFO: last valid run: 105072
2009-04-13 09:29 - TileCalibL1Calo - INFO: searching for new runs from 105073 to 2147483647
2009-04-13 09:30 - TileCalibL1Calo - DEBUG:  No new valid run. Last known valid run still: 105072
2009-04-13 09:40 - TileCalibL1Calo - INFO: ===> listening for new valid runs <===
2009-04-13 09:40 - TileCalibL1Calo - DEBUG: initialising coolRunLister
2009-04-13 09:40 - TileCalibL1Calo - DEBUG: applying selections to coolRunLister
2009-04-13 09:40 - TileCalibL1Calo - INFO: last valid run: 105072
2009-04-13 09:40 - TileCalibL1Calo - INFO: searching for new runs from 105073 to 2147483647
2009-04-13 09:40 - TileCalibL1Calo - DEBUG:  No new valid run. Last known valid run still: 105072
2009-04-13 09:50 - TileCalibL1Calo - INFO: ===> listening for new valid runs <===
2009-04-13 09:50 - TileCalibL1Calo - DEBUG: initialising coolRunLister
2009-04-13 09:50 - TileCalibL1Calo - DEBUG: applying selections to coolRunLister
2009-04-13 09:50 - TileCalibL1Calo - INFO: last valid run: 105072
2009-04-13 09:50 - TileCalibL1Calo - INFO: searching for new runs from 105073 to 2147483647
2009-04-13 09:50 - TileCalibL1Calo - DEBUG:  No new valid run. Last known valid run still: 105072
2009-04-13 10:00 - TileCalibL1Calo - INFO: ===> listening for new valid runs <===
2009-04-13 10:00 - TileCalibL1Calo - DEBUG: initialising coolRunLister
2009-04-13 10:00 - TileCalibL1Calo - DEBUG: applying selections to coolRunLister
2009-04-13 10:00 - TileCalibL1Calo - INFO: last valid run: 105072
2009-04-13 10:00 - TileCalibL1Calo - INFO: searching for new runs from 105073 to 2147483647
2009-04-13 10:00 - TileCalibL1Calo - DEBUG:  No new valid run. Last known valid run still: 105072
2009-04-13 10:11 - TileCalibL1Calo - INFO: ===> listening for new valid runs <===
2009-04-13 10:11 - TileCalibL1Calo - DEBUG: initialising coolRunLister
2009-04-13 10:11 - TileCalibL1Calo - DEBUG: applying selections to coolRunLister
2009-04-13 10:11 - TileCalibL1Calo - INFO: last valid run: 105072
2009-04-13 10:11 - TileCalibL1Calo - INFO: searching for new runs from 105073 to 2147483647
2009-04-13 10:11 - TileCalibL1Calo - DEBUG:  No new valid run. Last known valid run still: 105072
2009-04-13 10:21 - TileCalibL1Calo - INFO: ===> listening for new valid runs <===
2009-04-13 10:21 - TileCalibL1Calo - DEBUG: initialising coolRunLister
2009-04-13 10:21 - TileCalibL1Calo - DEBUG: applying selections to coolRunLister
2009-04-13 10:21 - TileCalibL1Calo - INFO: last valid run: 105072
2009-04-13 10:21 - TileCalibL1Calo - INFO: searching for new runs from 105073 to 2147483647
2009-04-13 10:21 - TileCalibL1Calo - DEBUG:  No new valid run. Last known valid run still: 105072
2009-04-13 10:31 - TileCalibL1Calo - INFO: ===> listening for new valid runs <===
2009-04-13 10:31 - TileCalibL1Calo - DEBUG: initialising coolRunLister
2009-04-13 10:31 - TileCalibL1Calo - DEBUG: applying selections to coolRunLister
2009-04-13 10:31 - TileCalibL1Calo - INFO: last valid run: 105072
2009-04-13 10:31 - TileCalibL1Calo - INFO: searching for new runs from 105073 to 2147483647
2009-04-13 10:31 - TileCalibL1Calo - DEBUG:  No new valid run. Last known valid run still: 105072
