2009-04-15 00:00 - TileCalibL1Calo - INFO: ========================================
2009-04-15 00:00 - TileCalibL1Calo - INFO: RunListener in init
2009-04-15 00:00 - TileCalibL1Calo - INFO: RunListener initialized
2009-04-15 00:00 - TileCalibL1Calo - INFO: ========================================
2009-04-15 00:00 - TileCalibL1Calo - INFO: ===> from initRunListener <===
2009-04-15 00:00 - TileCalibL1Calo - INFO: 
RunListener TileCalibL1Caloinitialised with the following parameters:
TDAQ DB: COOLONL_TDAQ/COMP200
TRIG DB: COOLONL_TRIGGER/COMP200
Status DB: COOLONL_TDAQ/COMP200
log level: 0
oracle: False
rec. only: True
det. mask: 0
run type: cismono
det. status: 2
det. status tag: HEAD
daq partition: Tile-TTC2LAN
tag: 
format: acertd
reverse: False
stoptimestamp: True
cleanstop: True
hasevents: True
last valid run known: 0

2009-04-15 00:10 - TileCalibL1Calo - INFO: ===> listening for new valid runs <===
2009-04-15 00:10 - TileCalibL1Calo - DEBUG: initialising coolRunLister
2009-04-15 00:10 - TileCalibL1Calo - DEBUG: applying selections to coolRunLister
2009-04-15 00:10 - TileCalibL1Calo - INFO: last valid run: 104000
2009-04-15 00:10 - TileCalibL1Calo - INFO: searching for new runs from 104001 to 2147483647
2009-04-15 00:11 - TileCalibL1Calo - DEBUG: new last known run: 105072
2009-04-15 00:11 - TileCalibL1Calo - DEBUG: 
     Run   Events  LumiB            StartTime             StopTime L1Events L2Events EFEvents ErrC Rec Cln RunType                  DetectorMask DAQConfiguration     PartitionName    FilenameTag         
  105072     4508      3  2009-04-02:13:28:56  2009-04-02:13:30:15     4508     4508     4508    0  No Yes cismono                    7c00f00000 Schema=127:Data=150  Tile-TTC2LAN                         

2009-04-15 00:21 - TileCalibL1Calo - INFO: ===> listening for new valid runs <===
2009-04-15 00:21 - TileCalibL1Calo - DEBUG: initialising coolRunLister
2009-04-15 00:21 - TileCalibL1Calo - DEBUG: applying selections to coolRunLister
2009-04-15 00:21 - TileCalibL1Calo - INFO: last valid run: 105072
2009-04-15 00:21 - TileCalibL1Calo - INFO: searching for new runs from 105073 to 2147483647
2009-04-15 00:21 - TileCalibL1Calo - DEBUG:  No new valid run. Last known valid run still: 105072
2009-04-15 00:32 - TileCalibL1Calo - INFO: ===> listening for new valid runs <===
2009-04-15 00:32 - TileCalibL1Calo - DEBUG: initialising coolRunLister
2009-04-15 00:32 - TileCalibL1Calo - DEBUG: applying selections to coolRunLister
2009-04-15 00:32 - TileCalibL1Calo - INFO: last valid run: 105072
2009-04-15 00:32 - TileCalibL1Calo - INFO: searching for new runs from 105073 to 2147483647
2009-04-15 00:32 - TileCalibL1Calo - DEBUG:  No new valid run. Last known valid run still: 105072
2009-04-15 00:42 - TileCalibL1Calo - INFO: ===> listening for new valid runs <===
2009-04-15 00:42 - TileCalibL1Calo - DEBUG: initialising coolRunLister
2009-04-15 00:42 - TileCalibL1Calo - DEBUG: applying selections to coolRunLister
2009-04-15 00:42 - TileCalibL1Calo - INFO: last valid run: 105072
2009-04-15 00:42 - TileCalibL1Calo - INFO: searching for new runs from 105073 to 2147483647
2009-04-15 00:42 - TileCalibL1Calo - DEBUG:  No new valid run. Last known valid run still: 105072
2009-04-15 00:52 - TileCalibL1Calo - INFO: ===> listening for new valid runs <===
2009-04-15 00:52 - TileCalibL1Calo - DEBUG: initialising coolRunLister
2009-04-15 00:52 - TileCalibL1Calo - DEBUG: applying selections to coolRunLister
2009-04-15 00:52 - TileCalibL1Calo - INFO: last valid run: 105072
2009-04-15 00:52 - TileCalibL1Calo - INFO: searching for new runs from 105073 to 2147483647
2009-04-15 00:52 - TileCalibL1Calo - DEBUG:  No new valid run. Last known valid run still: 105072
2009-04-15 01:03 - TileCalibL1Calo - INFO: ===> listening for new valid runs <===
2009-04-15 01:03 - TileCalibL1Calo - DEBUG: initialising coolRunLister
2009-04-15 01:03 - TileCalibL1Calo - DEBUG: applying selections to coolRunLister
2009-04-15 01:03 - TileCalibL1Calo - INFO: last valid run: 105072
2009-04-15 01:03 - TileCalibL1Calo - INFO: searching for new runs from 105073 to 2147483647
2009-04-15 01:03 - TileCalibL1Calo - DEBUG:  No new valid run. Last known valid run still: 105072
2009-04-15 01:13 - TileCalibL1Calo - INFO: ===> listening for new valid runs <===
2009-04-15 01:13 - TileCalibL1Calo - DEBUG: initialising coolRunLister
2009-04-15 01:13 - TileCalibL1Calo - DEBUG: applying selections to coolRunLister
2009-04-15 01:13 - TileCalibL1Calo - INFO: last valid run: 105072
2009-04-15 01:13 - TileCalibL1Calo - INFO: searching for new runs from 105073 to 2147483647
2009-04-15 01:13 - TileCalibL1Calo - DEBUG:  No new valid run. Last known valid run still: 105072
2009-04-15 01:23 - TileCalibL1Calo - INFO: ===> listening for new valid runs <===
2009-04-15 01:23 - TileCalibL1Calo - DEBUG: initialising coolRunLister
2009-04-15 01:23 - TileCalibL1Calo - DEBUG: applying selections to coolRunLister
2009-04-15 01:23 - TileCalibL1Calo - INFO: last valid run: 105072
2009-04-15 01:23 - TileCalibL1Calo - INFO: searching for new runs from 105073 to 2147483647
2009-04-15 01:23 - TileCalibL1Calo - DEBUG:  No new valid run. Last known valid run still: 105072
2009-04-15 01:34 - TileCalibL1Calo - INFO: ===> listening for new valid runs <===
2009-04-15 01:34 - TileCalibL1Calo - DEBUG: initialising coolRunLister
2009-04-15 01:34 - TileCalibL1Calo - DEBUG: applying selections to coolRunLister
2009-04-15 01:34 - TileCalibL1Calo - INFO: last valid run: 105072
2009-04-15 01:34 - TileCalibL1Calo - INFO: searching for new runs from 105073 to 2147483647
2009-04-15 01:34 - TileCalibL1Calo - DEBUG:  No new valid run. Last known valid run still: 105072
2009-04-15 01:44 - TileCalibL1Calo - INFO: ===> listening for new valid runs <===
2009-04-15 01:44 - TileCalibL1Calo - DEBUG: initialising coolRunLister
2009-04-15 01:44 - TileCalibL1Calo - DEBUG: applying selections to coolRunLister
2009-04-15 01:44 - TileCalibL1Calo - INFO: last valid run: 105072
2009-04-15 01:44 - TileCalibL1Calo - INFO: searching for new runs from 105073 to 2147483647
2009-04-15 01:44 - TileCalibL1Calo - DEBUG:  No new valid run. Last known valid run still: 105072
2009-04-15 01:54 - TileCalibL1Calo - INFO: ===> listening for new valid runs <===
2009-04-15 01:54 - TileCalibL1Calo - DEBUG: initialising coolRunLister
2009-04-15 01:54 - TileCalibL1Calo - DEBUG: applying selections to coolRunLister
2009-04-15 01:54 - TileCalibL1Calo - INFO: last valid run: 105072
2009-04-15 01:54 - TileCalibL1Calo - INFO: searching for new runs from 105073 to 2147483647
2009-04-15 01:54 - TileCalibL1Calo - DEBUG:  No new valid run. Last known valid run still: 105072
2009-04-15 02:05 - TileCalibL1Calo - INFO: ===> listening for new valid runs <===
2009-04-15 02:05 - TileCalibL1Calo - DEBUG: initialising coolRunLister
2009-04-15 02:05 - TileCalibL1Calo - DEBUG: applying selections to coolRunLister
2009-04-15 02:05 - TileCalibL1Calo - INFO: last valid run: 105072
2009-04-15 02:05 - TileCalibL1Calo - INFO: searching for new runs from 105073 to 2147483647
2009-04-15 02:05 - TileCalibL1Calo - DEBUG:  No new valid run. Last known valid run still: 105072
2009-04-15 02:15 - TileCalibL1Calo - INFO: ===> listening for new valid runs <===
2009-04-15 02:15 - TileCalibL1Calo - DEBUG: initialising coolRunLister
2009-04-15 02:15 - TileCalibL1Calo - DEBUG: applying selections to coolRunLister
2009-04-15 02:15 - TileCalibL1Calo - INFO: last valid run: 105072
2009-04-15 02:15 - TileCalibL1Calo - INFO: searching for new runs from 105073 to 2147483647
2009-04-15 02:15 - TileCalibL1Calo - DEBUG:  No new valid run. Last known valid run still: 105072
2009-04-15 02:25 - TileCalibL1Calo - INFO: ===> listening for new valid runs <===
2009-04-15 02:25 - TileCalibL1Calo - DEBUG: initialising coolRunLister
2009-04-15 02:25 - TileCalibL1Calo - DEBUG: applying selections to coolRunLister
2009-04-15 02:25 - TileCalibL1Calo - INFO: last valid run: 105072
2009-04-15 02:25 - TileCalibL1Calo - INFO: searching for new runs from 105073 to 2147483647
2009-04-15 02:25 - TileCalibL1Calo - DEBUG:  No new valid run. Last known valid run still: 105072
2009-04-15 02:35 - TileCalibL1Calo - INFO: ===> listening for new valid runs <===
2009-04-15 02:35 - TileCalibL1Calo - DEBUG: initialising coolRunLister
2009-04-15 02:35 - TileCalibL1Calo - DEBUG: applying selections to coolRunLister
2009-04-15 02:35 - TileCalibL1Calo - INFO: last valid run: 105072
2009-04-15 02:35 - TileCalibL1Calo - INFO: searching for new runs from 105073 to 2147483647
2009-04-15 02:36 - TileCalibL1Calo - DEBUG:  No new valid run. Last known valid run still: 105072
2009-04-15 02:46 - TileCalibL1Calo - INFO: ===> listening for new valid runs <===
2009-04-15 02:46 - TileCalibL1Calo - DEBUG: initialising coolRunLister
2009-04-15 02:46 - TileCalibL1Calo - DEBUG: applying selections to coolRunLister
2009-04-15 02:46 - TileCalibL1Calo - INFO: last valid run: 105072
2009-04-15 02:46 - TileCalibL1Calo - INFO: searching for new runs from 105073 to 2147483647
2009-04-15 02:46 - TileCalibL1Calo - DEBUG:  No new valid run. Last known valid run still: 105072
2009-04-15 02:56 - TileCalibL1Calo - INFO: ===> listening for new valid runs <===
2009-04-15 02:56 - TileCalibL1Calo - DEBUG: initialising coolRunLister
2009-04-15 02:56 - TileCalibL1Calo - DEBUG: applying selections to coolRunLister
2009-04-15 02:56 - TileCalibL1Calo - INFO: last valid run: 105072
2009-04-15 02:56 - TileCalibL1Calo - INFO: searching for new runs from 105073 to 2147483647
2009-04-15 02:56 - TileCalibL1Calo - DEBUG:  No new valid run. Last known valid run still: 105072
2009-04-15 03:06 - TileCalibL1Calo - INFO: ===> listening for new valid runs <===
2009-04-15 03:06 - TileCalibL1Calo - DEBUG: initialising coolRunLister
2009-04-15 03:06 - TileCalibL1Calo - DEBUG: applying selections to coolRunLister
2009-04-15 03:06 - TileCalibL1Calo - INFO: last valid run: 105072
2009-04-15 03:06 - TileCalibL1Calo - INFO: searching for new runs from 105073 to 2147483647
2009-04-15 03:07 - TileCalibL1Calo - DEBUG:  No new valid run. Last known valid run still: 105072
2009-04-15 03:17 - TileCalibL1Calo - INFO: ===> listening for new valid runs <===
2009-04-15 03:17 - TileCalibL1Calo - DEBUG: initialising coolRunLister
2009-04-15 03:17 - TileCalibL1Calo - DEBUG: applying selections to coolRunLister
2009-04-15 03:17 - TileCalibL1Calo - INFO: last valid run: 105072
2009-04-15 03:17 - TileCalibL1Calo - INFO: searching for new runs from 105073 to 2147483647
2009-04-15 03:17 - TileCalibL1Calo - DEBUG:  No new valid run. Last known valid run still: 105072
2009-04-15 03:27 - TileCalibL1Calo - INFO: ===> listening for new valid runs <===
2009-04-15 03:27 - TileCalibL1Calo - DEBUG: initialising coolRunLister
2009-04-15 03:27 - TileCalibL1Calo - DEBUG: applying selections to coolRunLister
2009-04-15 03:27 - TileCalibL1Calo - INFO: last valid run: 105072
2009-04-15 03:27 - TileCalibL1Calo - INFO: searching for new runs from 105073 to 2147483647
2009-04-15 03:27 - TileCalibL1Calo - DEBUG:  No new valid run. Last known valid run still: 105072
2009-04-15 03:37 - TileCalibL1Calo - INFO: ===> listening for new valid runs <===
2009-04-15 03:37 - TileCalibL1Calo - DEBUG: initialising coolRunLister
2009-04-15 03:37 - TileCalibL1Calo - DEBUG: applying selections to coolRunLister
2009-04-15 03:37 - TileCalibL1Calo - INFO: last valid run: 105072
2009-04-15 03:37 - TileCalibL1Calo - INFO: searching for new runs from 105073 to 2147483647
2009-04-15 03:38 - TileCalibL1Calo - DEBUG:  No new valid run. Last known valid run still: 105072
2009-04-15 03:48 - TileCalibL1Calo - INFO: ===> listening for new valid runs <===
2009-04-15 03:48 - TileCalibL1Calo - DEBUG: initialising coolRunLister
2009-04-15 03:48 - TileCalibL1Calo - DEBUG: applying selections to coolRunLister
2009-04-15 03:48 - TileCalibL1Calo - INFO: last valid run: 105072
2009-04-15 03:48 - TileCalibL1Calo - INFO: searching for new runs from 105073 to 2147483647
2009-04-15 03:48 - TileCalibL1Calo - DEBUG:  No new valid run. Last known valid run still: 105072
2009-04-15 03:58 - TileCalibL1Calo - INFO: ===> listening for new valid runs <===
2009-04-15 03:58 - TileCalibL1Calo - DEBUG: initialising coolRunLister
2009-04-15 03:58 - TileCalibL1Calo - DEBUG: applying selections to coolRunLister
2009-04-15 03:58 - TileCalibL1Calo - INFO: last valid run: 105072
2009-04-15 03:58 - TileCalibL1Calo - INFO: searching for new runs from 105073 to 2147483647
2009-04-15 03:58 - TileCalibL1Calo - DEBUG:  No new valid run. Last known valid run still: 105072
2009-04-15 04:08 - TileCalibL1Calo - INFO: ===> listening for new valid runs <===
2009-04-15 04:08 - TileCalibL1Calo - DEBUG: initialising coolRunLister
2009-04-15 04:08 - TileCalibL1Calo - DEBUG: applying selections to coolRunLister
2009-04-15 04:08 - TileCalibL1Calo - INFO: last valid run: 105072
2009-04-15 04:08 - TileCalibL1Calo - INFO: searching for new runs from 105073 to 2147483647
2009-04-15 04:08 - TileCalibL1Calo - DEBUG:  No new valid run. Last known valid run still: 105072
2009-04-15 04:19 - TileCalibL1Calo - INFO: ===> listening for new valid runs <===
2009-04-15 04:19 - TileCalibL1Calo - DEBUG: initialising coolRunLister
2009-04-15 04:19 - TileCalibL1Calo - DEBUG: applying selections to coolRunLister
2009-04-15 04:19 - TileCalibL1Calo - INFO: last valid run: 105072
2009-04-15 04:19 - TileCalibL1Calo - INFO: searching for new runs from 105073 to 2147483647
2009-04-15 04:19 - TileCalibL1Calo - DEBUG:  No new valid run. Last known valid run still: 105072
2009-04-15 04:29 - TileCalibL1Calo - INFO: ===> listening for new valid runs <===
2009-04-15 04:29 - TileCalibL1Calo - DEBUG: initialising coolRunLister
2009-04-15 04:29 - TileCalibL1Calo - DEBUG: applying selections to coolRunLister
2009-04-15 04:29 - TileCalibL1Calo - INFO: last valid run: 105072
2009-04-15 04:29 - TileCalibL1Calo - INFO: searching for new runs from 105073 to 2147483647
2009-04-15 04:29 - TileCalibL1Calo - DEBUG:  No new valid run. Last known valid run still: 105072
2009-04-15 04:39 - TileCalibL1Calo - INFO: ===> listening for new valid runs <===
2009-04-15 04:39 - TileCalibL1Calo - DEBUG: initialising coolRunLister
2009-04-15 04:39 - TileCalibL1Calo - DEBUG: applying selections to coolRunLister
2009-04-15 04:39 - TileCalibL1Calo - INFO: last valid run: 105072
2009-04-15 04:39 - TileCalibL1Calo - INFO: searching for new runs from 105073 to 2147483647
2009-04-15 04:39 - TileCalibL1Calo - DEBUG:  No new valid run. Last known valid run still: 105072
2009-04-15 04:50 - TileCalibL1Calo - INFO: ===> listening for new valid runs <===
2009-04-15 04:50 - TileCalibL1Calo - DEBUG: initialising coolRunLister
2009-04-15 04:50 - TileCalibL1Calo - DEBUG: applying selections to coolRunLister
2009-04-15 04:50 - TileCalibL1Calo - INFO: last valid run: 105072
2009-04-15 04:50 - TileCalibL1Calo - INFO: searching for new runs from 105073 to 2147483647
2009-04-15 04:50 - TileCalibL1Calo - DEBUG:  No new valid run. Last known valid run still: 105072
2009-04-15 05:00 - TileCalibL1Calo - INFO: ===> listening for new valid runs <===
2009-04-15 05:00 - TileCalibL1Calo - DEBUG: initialising coolRunLister
2009-04-15 05:00 - TileCalibL1Calo - DEBUG: applying selections to coolRunLister
2009-04-15 05:00 - TileCalibL1Calo - INFO: last valid run: 105072
2009-04-15 05:00 - TileCalibL1Calo - INFO: searching for new runs from 105073 to 2147483647
2009-04-15 05:00 - TileCalibL1Calo - DEBUG:  No new valid run. Last known valid run still: 105072
2009-04-15 05:10 - TileCalibL1Calo - INFO: ===> listening for new valid runs <===
2009-04-15 05:10 - TileCalibL1Calo - DEBUG: initialising coolRunLister
2009-04-15 05:10 - TileCalibL1Calo - DEBUG: applying selections to coolRunLister
2009-04-15 05:10 - TileCalibL1Calo - INFO: last valid run: 105072
2009-04-15 05:10 - TileCalibL1Calo - INFO: searching for new runs from 105073 to 2147483647
2009-04-15 05:10 - TileCalibL1Calo - DEBUG:  No new valid run. Last known valid run still: 105072
2009-04-15 05:21 - TileCalibL1Calo - INFO: ===> listening for new valid runs <===
2009-04-15 05:21 - TileCalibL1Calo - DEBUG: initialising coolRunLister
2009-04-15 05:21 - TileCalibL1Calo - DEBUG: applying selections to coolRunLister
2009-04-15 05:21 - TileCalibL1Calo - INFO: last valid run: 105072
2009-04-15 05:21 - TileCalibL1Calo - INFO: searching for new runs from 105073 to 2147483647
2009-04-15 05:21 - TileCalibL1Calo - DEBUG:  No new valid run. Last known valid run still: 105072
2009-04-15 05:31 - TileCalibL1Calo - INFO: ===> listening for new valid runs <===
2009-04-15 05:31 - TileCalibL1Calo - DEBUG: initialising coolRunLister
2009-04-15 05:31 - TileCalibL1Calo - DEBUG: applying selections to coolRunLister
2009-04-15 05:31 - TileCalibL1Calo - INFO: last valid run: 105072
2009-04-15 05:31 - TileCalibL1Calo - INFO: searching for new runs from 105073 to 2147483647
2009-04-15 05:31 - TileCalibL1Calo - DEBUG:  No new valid run. Last known valid run still: 105072
2009-04-15 05:41 - TileCalibL1Calo - INFO: ===> listening for new valid runs <===
2009-04-15 05:41 - TileCalibL1Calo - DEBUG: initialising coolRunLister
2009-04-15 05:41 - TileCalibL1Calo - DEBUG: applying selections to coolRunLister
2009-04-15 05:41 - TileCalibL1Calo - INFO: last valid run: 105072
2009-04-15 05:41 - TileCalibL1Calo - INFO: searching for new runs from 105073 to 2147483647
2009-04-15 05:41 - TileCalibL1Calo - DEBUG:  No new valid run. Last known valid run still: 105072
2009-04-15 05:52 - TileCalibL1Calo - INFO: ===> listening for new valid runs <===
2009-04-15 05:52 - TileCalibL1Calo - DEBUG: initialising coolRunLister
2009-04-15 05:52 - TileCalibL1Calo - DEBUG: applying selections to coolRunLister
2009-04-15 05:52 - TileCalibL1Calo - INFO: last valid run: 105072
2009-04-15 05:52 - TileCalibL1Calo - INFO: searching for new runs from 105073 to 2147483647
2009-04-15 05:52 - TileCalibL1Calo - DEBUG:  No new valid run. Last known valid run still: 105072
2009-04-15 06:02 - TileCalibL1Calo - INFO: ===> listening for new valid runs <===
2009-04-15 06:02 - TileCalibL1Calo - DEBUG: initialising coolRunLister
2009-04-15 06:02 - TileCalibL1Calo - DEBUG: applying selections to coolRunLister
2009-04-15 06:02 - TileCalibL1Calo - INFO: last valid run: 105072
2009-04-15 06:02 - TileCalibL1Calo - INFO: searching for new runs from 105073 to 2147483647
2009-04-15 06:02 - TileCalibL1Calo - DEBUG:  No new valid run. Last known valid run still: 105072
2009-04-15 06:12 - TileCalibL1Calo - INFO: ===> listening for new valid runs <===
2009-04-15 06:12 - TileCalibL1Calo - DEBUG: initialising coolRunLister
2009-04-15 06:12 - TileCalibL1Calo - DEBUG: applying selections to coolRunLister
2009-04-15 06:12 - TileCalibL1Calo - INFO: last valid run: 105072
2009-04-15 06:12 - TileCalibL1Calo - INFO: searching for new runs from 105073 to 2147483647
2009-04-15 06:12 - TileCalibL1Calo - DEBUG:  No new valid run. Last known valid run still: 105072
2009-04-15 06:23 - TileCalibL1Calo - INFO: ===> listening for new valid runs <===
2009-04-15 06:23 - TileCalibL1Calo - DEBUG: initialising coolRunLister
2009-04-15 06:23 - TileCalibL1Calo - DEBUG: applying selections to coolRunLister
2009-04-15 06:23 - TileCalibL1Calo - INFO: last valid run: 105072
2009-04-15 06:23 - TileCalibL1Calo - INFO: searching for new runs from 105073 to 2147483647
2009-04-15 06:23 - TileCalibL1Calo - DEBUG:  No new valid run. Last known valid run still: 105072
2009-04-15 06:33 - TileCalibL1Calo - INFO: ===> listening for new valid runs <===
2009-04-15 06:33 - TileCalibL1Calo - DEBUG: initialising coolRunLister
2009-04-15 06:33 - TileCalibL1Calo - DEBUG: applying selections to coolRunLister
2009-04-15 06:33 - TileCalibL1Calo - INFO: last valid run: 105072
2009-04-15 06:33 - TileCalibL1Calo - INFO: searching for new runs from 105073 to 2147483647
2009-04-15 06:33 - TileCalibL1Calo - DEBUG:  No new valid run. Last known valid run still: 105072
2009-04-15 06:43 - TileCalibL1Calo - INFO: ===> listening for new valid runs <===
2009-04-15 06:43 - TileCalibL1Calo - DEBUG: initialising coolRunLister
2009-04-15 06:43 - TileCalibL1Calo - DEBUG: applying selections to coolRunLister
2009-04-15 06:43 - TileCalibL1Calo - INFO: last valid run: 105072
2009-04-15 06:43 - TileCalibL1Calo - INFO: searching for new runs from 105073 to 2147483647
2009-04-15 06:43 - TileCalibL1Calo - DEBUG:  No new valid run. Last known valid run still: 105072
2009-04-15 06:54 - TileCalibL1Calo - INFO: ===> listening for new valid runs <===
2009-04-15 06:54 - TileCalibL1Calo - DEBUG: initialising coolRunLister
2009-04-15 06:54 - TileCalibL1Calo - DEBUG: applying selections to coolRunLister
2009-04-15 06:54 - TileCalibL1Calo - INFO: last valid run: 105072
2009-04-15 06:54 - TileCalibL1Calo - INFO: searching for new runs from 105073 to 2147483647
2009-04-15 06:54 - TileCalibL1Calo - DEBUG:  No new valid run. Last known valid run still: 105072
2009-04-15 07:04 - TileCalibL1Calo - INFO: ===> listening for new valid runs <===
2009-04-15 07:04 - TileCalibL1Calo - DEBUG: initialising coolRunLister
2009-04-15 07:04 - TileCalibL1Calo - DEBUG: applying selections to coolRunLister
2009-04-15 07:04 - TileCalibL1Calo - INFO: last valid run: 105072
2009-04-15 07:04 - TileCalibL1Calo - INFO: searching for new runs from 105073 to 2147483647
2009-04-15 07:04 - TileCalibL1Calo - DEBUG:  No new valid run. Last known valid run still: 105072
2009-04-15 07:14 - TileCalibL1Calo - INFO: ===> listening for new valid runs <===
2009-04-15 07:14 - TileCalibL1Calo - DEBUG: initialising coolRunLister
2009-04-15 07:14 - TileCalibL1Calo - DEBUG: applying selections to coolRunLister
2009-04-15 07:14 - TileCalibL1Calo - INFO: last valid run: 105072
2009-04-15 07:14 - TileCalibL1Calo - INFO: searching for new runs from 105073 to 2147483647
2009-04-15 07:14 - TileCalibL1Calo - DEBUG:  No new valid run. Last known valid run still: 105072
2009-04-15 07:25 - TileCalibL1Calo - INFO: ===> listening for new valid runs <===
2009-04-15 07:25 - TileCalibL1Calo - DEBUG: initialising coolRunLister
2009-04-15 07:25 - TileCalibL1Calo - DEBUG: applying selections to coolRunLister
2009-04-15 07:25 - TileCalibL1Calo - INFO: last valid run: 105072
2009-04-15 07:25 - TileCalibL1Calo - INFO: searching for new runs from 105073 to 2147483647
2009-04-15 07:25 - TileCalibL1Calo - DEBUG:  No new valid run. Last known valid run still: 105072
2009-04-15 07:35 - TileCalibL1Calo - INFO: ===> listening for new valid runs <===
2009-04-15 07:35 - TileCalibL1Calo - DEBUG: initialising coolRunLister
2009-04-15 07:35 - TileCalibL1Calo - DEBUG: applying selections to coolRunLister
2009-04-15 07:35 - TileCalibL1Calo - INFO: last valid run: 105072
2009-04-15 07:35 - TileCalibL1Calo - INFO: searching for new runs from 105073 to 2147483647
2009-04-15 07:35 - TileCalibL1Calo - DEBUG:  No new valid run. Last known valid run still: 105072
2009-04-15 07:45 - TileCalibL1Calo - INFO: ===> listening for new valid runs <===
2009-04-15 07:45 - TileCalibL1Calo - DEBUG: initialising coolRunLister
2009-04-15 07:45 - TileCalibL1Calo - DEBUG: applying selections to coolRunLister
2009-04-15 07:45 - TileCalibL1Calo - INFO: last valid run: 105072
2009-04-15 07:45 - TileCalibL1Calo - INFO: searching for new runs from 105073 to 2147483647
2009-04-15 07:45 - TileCalibL1Calo - DEBUG:  No new valid run. Last known valid run still: 105072
2009-04-15 07:55 - TileCalibL1Calo - INFO: ===> listening for new valid runs <===
2009-04-15 07:55 - TileCalibL1Calo - DEBUG: initialising coolRunLister
2009-04-15 07:55 - TileCalibL1Calo - DEBUG: applying selections to coolRunLister
2009-04-15 07:55 - TileCalibL1Calo - INFO: last valid run: 105072
2009-04-15 07:55 - TileCalibL1Calo - INFO: searching for new runs from 105073 to 2147483647
2009-04-15 07:56 - TileCalibL1Calo - DEBUG:  No new valid run. Last known valid run still: 105072
2009-04-15 08:06 - TileCalibL1Calo - INFO: ===> listening for new valid runs <===
2009-04-15 08:06 - TileCalibL1Calo - DEBUG: initialising coolRunLister
2009-04-15 08:06 - TileCalibL1Calo - DEBUG: applying selections to coolRunLister
2009-04-15 08:06 - TileCalibL1Calo - INFO: last valid run: 105072
2009-04-15 08:06 - TileCalibL1Calo - INFO: searching for new runs from 105073 to 2147483647
2009-04-15 08:06 - TileCalibL1Calo - DEBUG:  No new valid run. Last known valid run still: 105072
2009-04-15 08:16 - TileCalibL1Calo - INFO: ===> listening for new valid runs <===
2009-04-15 08:16 - TileCalibL1Calo - DEBUG: initialising coolRunLister
2009-04-15 08:16 - TileCalibL1Calo - DEBUG: applying selections to coolRunLister
2009-04-15 08:16 - TileCalibL1Calo - INFO: last valid run: 105072
2009-04-15 08:16 - TileCalibL1Calo - INFO: searching for new runs from 105073 to 2147483647
2009-04-15 08:16 - TileCalibL1Calo - DEBUG:  No new valid run. Last known valid run still: 105072
2009-04-15 08:26 - TileCalibL1Calo - INFO: ===> listening for new valid runs <===
2009-04-15 08:26 - TileCalibL1Calo - DEBUG: initialising coolRunLister
2009-04-15 08:26 - TileCalibL1Calo - DEBUG: applying selections to coolRunLister
2009-04-15 08:26 - TileCalibL1Calo - INFO: last valid run: 105072
2009-04-15 08:26 - TileCalibL1Calo - INFO: searching for new runs from 105073 to 2147483647
2009-04-15 08:27 - TileCalibL1Calo - DEBUG:  No new valid run. Last known valid run still: 105072
2009-04-15 08:37 - TileCalibL1Calo - INFO: ===> listening for new valid runs <===
2009-04-15 08:37 - TileCalibL1Calo - DEBUG: initialising coolRunLister
2009-04-15 08:37 - TileCalibL1Calo - DEBUG: applying selections to coolRunLister
2009-04-15 08:37 - TileCalibL1Calo - INFO: last valid run: 105072
2009-04-15 08:37 - TileCalibL1Calo - INFO: searching for new runs from 105073 to 2147483647
2009-04-15 08:37 - TileCalibL1Calo - DEBUG:  No new valid run. Last known valid run still: 105072
2009-04-15 08:47 - TileCalibL1Calo - INFO: ===> listening for new valid runs <===
2009-04-15 08:47 - TileCalibL1Calo - DEBUG: initialising coolRunLister
2009-04-15 08:47 - TileCalibL1Calo - DEBUG: applying selections to coolRunLister
2009-04-15 08:47 - TileCalibL1Calo - INFO: last valid run: 105072
2009-04-15 08:47 - TileCalibL1Calo - INFO: searching for new runs from 105073 to 2147483647
2009-04-15 08:47 - TileCalibL1Calo - DEBUG:  No new valid run. Last known valid run still: 105072
2009-04-15 08:57 - TileCalibL1Calo - INFO: ===> listening for new valid runs <===
2009-04-15 08:57 - TileCalibL1Calo - DEBUG: initialising coolRunLister
2009-04-15 08:57 - TileCalibL1Calo - DEBUG: applying selections to coolRunLister
2009-04-15 08:57 - TileCalibL1Calo - INFO: last valid run: 105072
2009-04-15 08:57 - TileCalibL1Calo - INFO: searching for new runs from 105073 to 2147483647
2009-04-15 08:58 - TileCalibL1Calo - DEBUG:  No new valid run. Last known valid run still: 105072
2009-04-15 09:08 - TileCalibL1Calo - INFO: ===> listening for new valid runs <===
2009-04-15 09:08 - TileCalibL1Calo - DEBUG: initialising coolRunLister
2009-04-15 09:08 - TileCalibL1Calo - DEBUG: applying selections to coolRunLister
2009-04-15 09:08 - TileCalibL1Calo - INFO: last valid run: 105072
2009-04-15 09:08 - TileCalibL1Calo - INFO: searching for new runs from 105073 to 2147483647
2009-04-15 09:08 - TileCalibL1Calo - DEBUG:  No new valid run. Last known valid run still: 105072
2009-04-15 09:18 - TileCalibL1Calo - INFO: ===> listening for new valid runs <===
2009-04-15 09:18 - TileCalibL1Calo - DEBUG: initialising coolRunLister
2009-04-15 09:18 - TileCalibL1Calo - DEBUG: applying selections to coolRunLister
2009-04-15 09:18 - TileCalibL1Calo - INFO: last valid run: 105072
2009-04-15 09:18 - TileCalibL1Calo - INFO: searching for new runs from 105073 to 2147483647
2009-04-15 09:18 - TileCalibL1Calo - DEBUG:  No new valid run. Last known valid run still: 105072
2009-04-15 09:28 - TileCalibL1Calo - INFO: ===> listening for new valid runs <===
2009-04-15 09:28 - TileCalibL1Calo - DEBUG: initialising coolRunLister
2009-04-15 09:28 - TileCalibL1Calo - DEBUG: applying selections to coolRunLister
2009-04-15 09:28 - TileCalibL1Calo - INFO: last valid run: 105072
2009-04-15 09:28 - TileCalibL1Calo - INFO: searching for new runs from 105073 to 2147483647
2009-04-15 09:28 - TileCalibL1Calo - DEBUG:  No new valid run. Last known valid run still: 105072
2009-04-15 09:39 - TileCalibL1Calo - INFO: ===> listening for new valid runs <===
2009-04-15 09:39 - TileCalibL1Calo - DEBUG: initialising coolRunLister
2009-04-15 09:39 - TileCalibL1Calo - DEBUG: applying selections to coolRunLister
2009-04-15 09:39 - TileCalibL1Calo - INFO: last valid run: 105072
2009-04-15 09:39 - TileCalibL1Calo - INFO: searching for new runs from 105073 to 2147483647
2009-04-15 09:39 - TileCalibL1Calo - DEBUG:  No new valid run. Last known valid run still: 105072
2009-04-15 09:49 - TileCalibL1Calo - INFO: ===> listening for new valid runs <===
2009-04-15 09:49 - TileCalibL1Calo - DEBUG: initialising coolRunLister
2009-04-15 09:49 - TileCalibL1Calo - DEBUG: applying selections to coolRunLister
2009-04-15 09:49 - TileCalibL1Calo - INFO: last valid run: 105072
2009-04-15 09:49 - TileCalibL1Calo - INFO: searching for new runs from 105073 to 2147483647
2009-04-15 09:49 - TileCalibL1Calo - DEBUG:  No new valid run. Last known valid run still: 105072
2009-04-15 09:59 - TileCalibL1Calo - INFO: ===> listening for new valid runs <===
2009-04-15 09:59 - TileCalibL1Calo - DEBUG: initialising coolRunLister
2009-04-15 09:59 - TileCalibL1Calo - DEBUG: applying selections to coolRunLister
2009-04-15 09:59 - TileCalibL1Calo - INFO: last valid run: 105072
2009-04-15 09:59 - TileCalibL1Calo - INFO: searching for new runs from 105073 to 2147483647
2009-04-15 09:59 - TileCalibL1Calo - DEBUG:  No new valid run. Last known valid run still: 105072
2009-04-15 10:10 - TileCalibL1Calo - INFO: ===> listening for new valid runs <===
2009-04-15 10:10 - TileCalibL1Calo - DEBUG: initialising coolRunLister
2009-04-15 10:10 - TileCalibL1Calo - DEBUG: applying selections to coolRunLister
2009-04-15 10:10 - TileCalibL1Calo - INFO: last valid run: 105072
2009-04-15 10:10 - TileCalibL1Calo - INFO: searching for new runs from 105073 to 2147483647
2009-04-15 10:10 - TileCalibL1Calo - DEBUG:  No new valid run. Last known valid run still: 105072
