2009-04-27 18:59 - LArCalibL1Calo - INFO: ========================================
2009-04-27 18:59 - LArCalibL1Calo - INFO: RunListener in init
2009-04-27 18:59 - LArCalibL1Calo - INFO: RunListener initialized
2009-04-27 18:59 - LArCalibL1Calo - INFO: ========================================
2009-04-27 18:59 - LArCalibL1Calo - INFO: ===> from initRunListener <===
2009-04-27 18:59 - LArCalibL1Calo - INFO: 
RunListener LArCalibL1Caloinitialised with the following parameters:
TDAQ DB: COOLONL_TDAQ/COMP200
TRIG DB: COOLONL_TRIGGER/COMP200
Status DB: COOLONL_TDAQ/COMP200
log level: 0
oracle: False
rec. only: True
det. mask: 0
run type: LarCalibL1Calo
det. status: 
det. status tag: HEAD
daq partition: LArgL1Calo-TTC2LAN
tag: 
format: acertd
reverse: False
stoptimestamp: True
cleanstop: True
hasevents: False
last valid run known: 0

2009-04-27 18:59 - LArCalibL1Calo - INFO: ===> listening for new valid runs <===
2009-04-27 18:59 - LArCalibL1Calo - DEBUG: initialising coolRunLister
2009-04-27 18:59 - LArCalibL1Calo - DEBUG: applying selections to coolRunLister
2009-04-27 18:59 - LArCalibL1Calo - INFO: last valid run: 113232
2009-04-27 18:59 - LArCalibL1Calo - INFO: searching for new runs from 113233 to 2147483647
2009-04-27 18:59 - LArCalibL1Calo - DEBUG:  No new valid run. Last known valid run still: 113232
2009-04-27 19:00 - LArCalibL1Calo - INFO: ===> listening for new valid runs <===
2009-04-27 19:00 - LArCalibL1Calo - DEBUG: initialising coolRunLister
2009-04-27 19:00 - LArCalibL1Calo - DEBUG: applying selections to coolRunLister
2009-04-27 19:00 - LArCalibL1Calo - INFO: last valid run: 113232
2009-04-27 19:00 - LArCalibL1Calo - INFO: searching for new runs from 113233 to 2147483647
2009-04-27 19:00 - LArCalibL1Calo - DEBUG:  No new valid run. Last known valid run still: 113232
2009-04-27 19:01 - LArCalibL1Calo - INFO: ===> listening for new valid runs <===
2009-04-27 19:01 - LArCalibL1Calo - DEBUG: initialising coolRunLister
2009-04-27 19:01 - LArCalibL1Calo - DEBUG: applying selections to coolRunLister
2009-04-27 19:01 - LArCalibL1Calo - INFO: last valid run: 113232
2009-04-27 19:01 - LArCalibL1Calo - INFO: searching for new runs from 113233 to 2147483647
2009-04-27 19:01 - LArCalibL1Calo - DEBUG:  No new valid run. Last known valid run still: 113232
2009-04-27 19:01 - LArCalibL1Calo - INFO: ===> listening for new valid runs <===
2009-04-27 19:01 - LArCalibL1Calo - DEBUG: initialising coolRunLister
2009-04-27 19:01 - LArCalibL1Calo - DEBUG: applying selections to coolRunLister
2009-04-27 19:01 - LArCalibL1Calo - INFO: last valid run: 113232
2009-04-27 19:01 - LArCalibL1Calo - INFO: searching for new runs from 113233 to 2147483647
2009-04-27 19:01 - LArCalibL1Calo - DEBUG:  No new valid run. Last known valid run still: 113232
2009-04-27 19:02 - LArCalibL1Calo - INFO: ===> listening for new valid runs <===
2009-04-27 19:02 - LArCalibL1Calo - DEBUG: initialising coolRunLister
2009-04-27 19:02 - LArCalibL1Calo - DEBUG: applying selections to coolRunLister
2009-04-27 19:02 - LArCalibL1Calo - INFO: last valid run: 113232
2009-04-27 19:02 - LArCalibL1Calo - INFO: searching for new runs from 113233 to 2147483647
2009-04-27 19:02 - LArCalibL1Calo - DEBUG:  No new valid run. Last known valid run still: 113232
2009-04-27 19:02 - LArCalibL1Calo - INFO: ===> listening for new valid runs <===
2009-04-27 19:02 - LArCalibL1Calo - DEBUG: initialising coolRunLister
2009-04-27 19:02 - LArCalibL1Calo - DEBUG: applying selections to coolRunLister
2009-04-27 19:02 - LArCalibL1Calo - INFO: last valid run: 113232
2009-04-27 19:02 - LArCalibL1Calo - INFO: searching for new runs from 113233 to 2147483647
2009-04-27 19:02 - LArCalibL1Calo - DEBUG:  No new valid run. Last known valid run still: 113232
2009-04-27 19:03 - LArCalibL1Calo - INFO: ===> listening for new valid runs <===
2009-04-27 19:03 - LArCalibL1Calo - DEBUG: initialising coolRunLister
2009-04-27 19:03 - LArCalibL1Calo - DEBUG: applying selections to coolRunLister
2009-04-27 19:03 - LArCalibL1Calo - INFO: last valid run: 113232
2009-04-27 19:03 - LArCalibL1Calo - INFO: searching for new runs from 113233 to 2147483647
2009-04-27 19:03 - LArCalibL1Calo - DEBUG:  No new valid run. Last known valid run still: 113232
2009-04-27 19:04 - LArCalibL1Calo - INFO: ===> listening for new valid runs <===
2009-04-27 19:04 - LArCalibL1Calo - DEBUG: initialising coolRunLister
2009-04-27 19:04 - LArCalibL1Calo - DEBUG: applying selections to coolRunLister
2009-04-27 19:04 - LArCalibL1Calo - INFO: last valid run: 113232
2009-04-27 19:04 - LArCalibL1Calo - INFO: searching for new runs from 113233 to 2147483647
2009-04-27 19:04 - LArCalibL1Calo - DEBUG:  No new valid run. Last known valid run still: 113232
2009-04-27 19:04 - LArCalibL1Calo - INFO: ===> listening for new valid runs <===
2009-04-27 19:04 - LArCalibL1Calo - DEBUG: initialising coolRunLister
2009-04-27 19:04 - LArCalibL1Calo - DEBUG: applying selections to coolRunLister
2009-04-27 19:04 - LArCalibL1Calo - INFO: last valid run: 113232
2009-04-27 19:04 - LArCalibL1Calo - INFO: searching for new runs from 113233 to 2147483647
2009-04-27 19:04 - LArCalibL1Calo - DEBUG:  No new valid run. Last known valid run still: 113232
2009-04-27 19:05 - LArCalibL1Calo - INFO: ===> listening for new valid runs <===
2009-04-27 19:05 - LArCalibL1Calo - DEBUG: initialising coolRunLister
2009-04-27 19:05 - LArCalibL1Calo - DEBUG: applying selections to coolRunLister
2009-04-27 19:05 - LArCalibL1Calo - INFO: last valid run: 113232
2009-04-27 19:05 - LArCalibL1Calo - INFO: searching for new runs from 113233 to 2147483647
2009-04-27 19:05 - LArCalibL1Calo - DEBUG:  No new valid run. Last known valid run still: 113232
2009-04-27 19:06 - LArCalibL1Calo - INFO: ===> listening for new valid runs <===
2009-04-27 19:06 - LArCalibL1Calo - DEBUG: initialising coolRunLister
2009-04-27 19:06 - LArCalibL1Calo - DEBUG: applying selections to coolRunLister
2009-04-27 19:06 - LArCalibL1Calo - INFO: last valid run: 113232
2009-04-27 19:06 - LArCalibL1Calo - INFO: searching for new runs from 113233 to 2147483647
2009-04-27 19:06 - LArCalibL1Calo - DEBUG:  No new valid run. Last known valid run still: 113232
2009-04-27 19:06 - LArCalibL1Calo - INFO: ===> listening for new valid runs <===
2009-04-27 19:06 - LArCalibL1Calo - DEBUG: initialising coolRunLister
2009-04-27 19:06 - LArCalibL1Calo - DEBUG: applying selections to coolRunLister
2009-04-27 19:06 - LArCalibL1Calo - INFO: last valid run: 113232
2009-04-27 19:06 - LArCalibL1Calo - INFO: searching for new runs from 113233 to 2147483647
2009-04-27 19:06 - LArCalibL1Calo - DEBUG:  No new valid run. Last known valid run still: 113232
2009-04-27 19:07 - LArCalibL1Calo - INFO: ===> listening for new valid runs <===
2009-04-27 19:07 - LArCalibL1Calo - DEBUG: initialising coolRunLister
2009-04-27 19:07 - LArCalibL1Calo - DEBUG: applying selections to coolRunLister
2009-04-27 19:07 - LArCalibL1Calo - INFO: last valid run: 113232
2009-04-27 19:07 - LArCalibL1Calo - INFO: searching for new runs from 113233 to 2147483647
2009-04-27 19:07 - LArCalibL1Calo - DEBUG:  No new valid run. Last known valid run still: 113232
