2009-05-19 00:01 - L1CaloStandalone - INFO: ========================================
2009-05-19 00:01 - L1CaloStandalone - INFO: RunListener in init
2009-05-19 00:01 - L1CaloStandalone - INFO: RunListener initialized
2009-05-19 00:01 - L1CaloStandalone - INFO: ========================================
2009-05-19 00:01 - L1CaloStandalone - INFO: ===> from initRunListener <===
2009-05-19 00:01 - L1CaloStandalone - INFO: 
RunListener L1CaloStandaloneinitialised with the following parameters:
TDAQ DB: COOLONL_TDAQ/COMP200
TRIG DB: COOLONL_TRIGGER/COMP200
Status DB: COOLONL_TDAQ/COMP200
log level: 0
oracle: False
rec. only: True
det. mask: 0
run type: Physics
det. status: 2
det. status tag: HEAD
daq partition: 
 * L1CaloStandalone
tag: 
format: acertd
reverse: False
stoptimestamp: True
cleanstop: True
hasevents: True
last valid run known: 0

2009-05-19 00:17 - L1CaloStandalone - INFO: ===> listening for new valid runs <===
2009-05-19 00:17 - L1CaloStandalone - DEBUG: initialising coolRunLister
2009-05-19 00:17 - L1CaloStandalone - DEBUG: applying selections to coolRunLister
2009-05-19 00:17 - L1CaloStandalone - INFO: last valid run: 113232
2009-05-19 00:17 - L1CaloStandalone - INFO: searching for new runs from 113233 to 2147483647
2009-05-19 00:17 - L1CaloStandalone - DEBUG: new last known run: 114955
2009-05-19 00:17 - L1CaloStandalone - DEBUG: 
     Run   Events  LumiB            StartTime             StopTime L1Events L2Events EFEvents ErrC Rec Cln RunType                  DetectorMask DAQConfiguration     PartitionName    FilenameTag         
  113234     1324      1  2009-04-25:08:18:47  2009-04-25:08:21:38     1324     1324     1324    0  No Yes Physics                    7c00000000 Schema=136:Data=6    L1CaloStandalone data_test           
     Run   Events  LumiB            StartTime             StopTime L1Events L2Events EFEvents ErrC Rec Cln RunType                  DetectorMask DAQConfiguration     PartitionName    FilenameTag         
  113237     1260      1  2009-04-25:09:11:51  2009-04-25:09:13:57     1260     1260     1260    0  No Yes Physics                    7c00000000 Schema=136:Data=6    L1CaloStandalone data_test           
     Run   Events  LumiB            StartTime             StopTime L1Events L2Events EFEvents ErrC Rec Cln RunType                  DetectorMask DAQConfiguration     PartitionName    FilenameTag         
  113282     1264      1  2009-04-26:15:55:34  2009-04-26:15:57:40     1264     1264     1264    0  No Yes Physics                    7c00000000 Schema=136:Data=6    L1CaloStandalone data_test           
     Run   Events  LumiB            StartTime             StopTime L1Events L2Events EFEvents ErrC Rec Cln RunType                  DetectorMask DAQConfiguration     PartitionName    FilenameTag         
  114150     1308      1  2009-05-04:15:12:59  2009-05-04:15:15:51     1308     1308     1308    0  No Yes Physics                    7c00000000 Schema=139:Data=29   L1CaloStandalone data_test           
     Run   Events  LumiB            StartTime             StopTime L1Events L2Events EFEvents ErrC Rec Cln RunType                  DetectorMask DAQConfiguration     PartitionName    FilenameTag         
  114160     1264      1  2009-05-04:15:55:53  2009-05-04:15:57:59     1264     1264     1264    0  No Yes Physics                    7c00000000 Schema=139:Data=29   L1CaloStandalone data_test           
     Run   Events  LumiB            StartTime             StopTime L1Events L2Events EFEvents ErrC Rec Cln RunType                  DetectorMask DAQConfiguration     PartitionName    FilenameTag         
  114163     4133      1  2009-05-04:16:09:49  2009-05-04:16:10:00     4133     4133     4133    0  No Yes Physics                    7c00000000                      L1CaloStandalone data_test           
     Run   Events  LumiB            StartTime             StopTime L1Events L2Events EFEvents ErrC Rec Cln RunType                  DetectorMask DAQConfiguration     PartitionName    FilenameTag         
  114627     1296      1  2009-05-08:13:14:13  2009-05-08:13:17:05     1296     1296     1296    0  No Yes Physics                    7c00000000 Schema=141:Data=107  L1CaloStandalone data_test           
     Run   Events  LumiB            StartTime             StopTime L1Events L2Events EFEvents ErrC Rec Cln RunType                  DetectorMask DAQConfiguration     PartitionName    FilenameTag         
  114633     1264      1  2009-05-08:13:32:05  2009-05-08:13:34:11     1264     1264     1264    0  No Yes Physics                    7c00000000 Schema=141:Data=107  L1CaloStandalone data_test           
     Run   Events  LumiB            StartTime             StopTime L1Events L2Events EFEvents ErrC Rec Cln RunType                  DetectorMask DAQConfiguration     PartitionName    FilenameTag         
  114859   425579      1  2009-05-11:13:37:38  2009-05-11:13:41:36   425579   425579   425579    0  No Yes Physics                    7c00000000 Schema=141:Data=167  L1CaloStandalone data_test           
     Run   Events  LumiB            StartTime             StopTime L1Events L2Events EFEvents ErrC Rec Cln RunType                  DetectorMask DAQConfiguration     PartitionName    FilenameTag         
  114948     1324      1  2009-05-12:08:11:08  2009-05-12:08:13:57     1324     1324     1324    0  No Yes Physics                    7c00000000 Schema=141:Data=210  L1CaloStandalone data_test           
     Run   Events  LumiB            StartTime             StopTime L1Events L2Events EFEvents ErrC Rec Cln RunType                  DetectorMask DAQConfiguration     PartitionName    FilenameTag         
  114951     1264      1  2009-05-12:08:22:56  2009-05-12:08:25:02     1264     1264     1264    0  No Yes Physics                    7c00000000 Schema=141:Data=210  L1CaloStandalone data_test           
     Run   Events  LumiB            StartTime             StopTime L1Events L2Events EFEvents ErrC Rec Cln RunType                  DetectorMask DAQConfiguration     PartitionName    FilenameTag         
  114955      672      1  2009-05-12:08:32:28  2009-05-12:08:43:14      672      672      672    0  No Yes Physics                    7c00000000 Schema=141:Data=210  L1CaloStandalone data_test           

2009-05-19 00:33 - L1CaloStandalone - INFO: ===> listening for new valid runs <===
2009-05-19 00:33 - L1CaloStandalone - DEBUG: initialising coolRunLister
2009-05-19 00:33 - L1CaloStandalone - DEBUG: applying selections to coolRunLister
2009-05-19 00:33 - L1CaloStandalone - INFO: last valid run: 114955
2009-05-19 00:33 - L1CaloStandalone - INFO: searching for new runs from 114956 to 2147483647
2009-05-19 00:33 - L1CaloStandalone - DEBUG:  No new valid run. Last known valid run still: 114955
2009-05-19 00:48 - L1CaloStandalone - INFO: ===> listening for new valid runs <===
2009-05-19 00:48 - L1CaloStandalone - DEBUG: initialising coolRunLister
2009-05-19 00:48 - L1CaloStandalone - DEBUG: applying selections to coolRunLister
2009-05-19 00:48 - L1CaloStandalone - INFO: last valid run: 114955
2009-05-19 00:48 - L1CaloStandalone - INFO: searching for new runs from 114956 to 2147483647
2009-05-19 00:48 - L1CaloStandalone - DEBUG:  No new valid run. Last known valid run still: 114955
2009-05-19 01:03 - L1CaloStandalone - INFO: ===> listening for new valid runs <===
2009-05-19 01:03 - L1CaloStandalone - DEBUG: initialising coolRunLister
2009-05-19 01:03 - L1CaloStandalone - DEBUG: applying selections to coolRunLister
2009-05-19 01:03 - L1CaloStandalone - INFO: last valid run: 114955
2009-05-19 01:03 - L1CaloStandalone - INFO: searching for new runs from 114956 to 2147483647
2009-05-19 01:03 - L1CaloStandalone - DEBUG:  No new valid run. Last known valid run still: 114955
2009-05-19 01:18 - L1CaloStandalone - INFO: ===> listening for new valid runs <===
2009-05-19 01:18 - L1CaloStandalone - DEBUG: initialising coolRunLister
2009-05-19 01:18 - L1CaloStandalone - DEBUG: applying selections to coolRunLister
2009-05-19 01:18 - L1CaloStandalone - INFO: last valid run: 114955
2009-05-19 01:18 - L1CaloStandalone - INFO: searching for new runs from 114956 to 2147483647
2009-05-19 01:18 - L1CaloStandalone - DEBUG:  No new valid run. Last known valid run still: 114955
2009-05-19 01:33 - L1CaloStandalone - INFO: ===> listening for new valid runs <===
2009-05-19 01:33 - L1CaloStandalone - DEBUG: initialising coolRunLister
2009-05-19 01:33 - L1CaloStandalone - DEBUG: applying selections to coolRunLister
2009-05-19 01:33 - L1CaloStandalone - INFO: last valid run: 114955
2009-05-19 01:33 - L1CaloStandalone - INFO: searching for new runs from 114956 to 2147483647
2009-05-19 01:34 - L1CaloStandalone - DEBUG:  No new valid run. Last known valid run still: 114955
2009-05-19 01:49 - L1CaloStandalone - INFO: ===> listening for new valid runs <===
2009-05-19 01:49 - L1CaloStandalone - DEBUG: initialising coolRunLister
2009-05-19 01:49 - L1CaloStandalone - DEBUG: applying selections to coolRunLister
2009-05-19 01:49 - L1CaloStandalone - INFO: last valid run: 114955
2009-05-19 01:49 - L1CaloStandalone - INFO: searching for new runs from 114956 to 2147483647
2009-05-19 01:49 - L1CaloStandalone - DEBUG:  No new valid run. Last known valid run still: 114955
2009-05-19 02:04 - L1CaloStandalone - INFO: ===> listening for new valid runs <===
2009-05-19 02:04 - L1CaloStandalone - DEBUG: initialising coolRunLister
2009-05-19 02:04 - L1CaloStandalone - DEBUG: applying selections to coolRunLister
2009-05-19 02:04 - L1CaloStandalone - INFO: last valid run: 114955
2009-05-19 02:04 - L1CaloStandalone - INFO: searching for new runs from 114956 to 2147483647
2009-05-19 02:04 - L1CaloStandalone - DEBUG:  No new valid run. Last known valid run still: 114955
2009-05-19 02:19 - L1CaloStandalone - INFO: ===> listening for new valid runs <===
2009-05-19 02:19 - L1CaloStandalone - DEBUG: initialising coolRunLister
2009-05-19 02:19 - L1CaloStandalone - DEBUG: applying selections to coolRunLister
2009-05-19 02:19 - L1CaloStandalone - INFO: last valid run: 114955
2009-05-19 02:19 - L1CaloStandalone - INFO: searching for new runs from 114956 to 2147483647
2009-05-19 02:19 - L1CaloStandalone - DEBUG:  No new valid run. Last known valid run still: 114955
2009-05-19 02:34 - L1CaloStandalone - INFO: ===> listening for new valid runs <===
2009-05-19 02:34 - L1CaloStandalone - DEBUG: initialising coolRunLister
2009-05-19 02:34 - L1CaloStandalone - DEBUG: applying selections to coolRunLister
2009-05-19 02:34 - L1CaloStandalone - INFO: last valid run: 114955
2009-05-19 02:34 - L1CaloStandalone - INFO: searching for new runs from 114956 to 2147483647
2009-05-19 02:34 - L1CaloStandalone - DEBUG:  No new valid run. Last known valid run still: 114955
2009-05-19 02:49 - L1CaloStandalone - INFO: ===> listening for new valid runs <===
2009-05-19 02:49 - L1CaloStandalone - DEBUG: initialising coolRunLister
2009-05-19 02:49 - L1CaloStandalone - DEBUG: applying selections to coolRunLister
2009-05-19 02:49 - L1CaloStandalone - INFO: last valid run: 114955
2009-05-19 02:49 - L1CaloStandalone - INFO: searching for new runs from 114956 to 2147483647
2009-05-19 02:49 - L1CaloStandalone - DEBUG:  No new valid run. Last known valid run still: 114955
2009-05-19 03:04 - L1CaloStandalone - INFO: ===> listening for new valid runs <===
2009-05-19 03:04 - L1CaloStandalone - DEBUG: initialising coolRunLister
2009-05-19 03:04 - L1CaloStandalone - DEBUG: applying selections to coolRunLister
2009-05-19 03:04 - L1CaloStandalone - INFO: last valid run: 114955
2009-05-19 03:04 - L1CaloStandalone - INFO: searching for new runs from 114956 to 2147483647
2009-05-19 03:04 - L1CaloStandalone - DEBUG:  No new valid run. Last known valid run still: 114955
2009-05-19 03:20 - L1CaloStandalone - INFO: ===> listening for new valid runs <===
2009-05-19 03:20 - L1CaloStandalone - DEBUG: initialising coolRunLister
2009-05-19 03:20 - L1CaloStandalone - DEBUG: applying selections to coolRunLister
2009-05-19 03:20 - L1CaloStandalone - INFO: last valid run: 114955
2009-05-19 03:20 - L1CaloStandalone - INFO: searching for new runs from 114956 to 2147483647
2009-05-19 03:20 - L1CaloStandalone - DEBUG:  No new valid run. Last known valid run still: 114955
2009-05-19 03:35 - L1CaloStandalone - INFO: ===> listening for new valid runs <===
2009-05-19 03:35 - L1CaloStandalone - DEBUG: initialising coolRunLister
2009-05-19 03:35 - L1CaloStandalone - DEBUG: applying selections to coolRunLister
2009-05-19 03:35 - L1CaloStandalone - INFO: last valid run: 114955
2009-05-19 03:35 - L1CaloStandalone - INFO: searching for new runs from 114956 to 2147483647
2009-05-19 03:35 - L1CaloStandalone - DEBUG:  No new valid run. Last known valid run still: 114955
2009-05-19 03:50 - L1CaloStandalone - INFO: ===> listening for new valid runs <===
2009-05-19 03:50 - L1CaloStandalone - DEBUG: initialising coolRunLister
2009-05-19 03:50 - L1CaloStandalone - DEBUG: applying selections to coolRunLister
2009-05-19 03:50 - L1CaloStandalone - INFO: last valid run: 114955
2009-05-19 03:50 - L1CaloStandalone - INFO: searching for new runs from 114956 to 2147483647
2009-05-19 03:50 - L1CaloStandalone - DEBUG:  No new valid run. Last known valid run still: 114955
2009-05-19 04:05 - L1CaloStandalone - INFO: ===> listening for new valid runs <===
2009-05-19 04:05 - L1CaloStandalone - DEBUG: initialising coolRunLister
2009-05-19 04:05 - L1CaloStandalone - DEBUG: applying selections to coolRunLister
2009-05-19 04:05 - L1CaloStandalone - INFO: last valid run: 114955
2009-05-19 04:05 - L1CaloStandalone - INFO: searching for new runs from 114956 to 2147483647
2009-05-19 04:05 - L1CaloStandalone - DEBUG:  No new valid run. Last known valid run still: 114955
2009-05-19 04:20 - L1CaloStandalone - INFO: ===> listening for new valid runs <===
2009-05-19 04:20 - L1CaloStandalone - DEBUG: initialising coolRunLister
2009-05-19 04:20 - L1CaloStandalone - DEBUG: applying selections to coolRunLister
2009-05-19 04:20 - L1CaloStandalone - INFO: last valid run: 114955
2009-05-19 04:20 - L1CaloStandalone - INFO: searching for new runs from 114956 to 2147483647
2009-05-19 04:20 - L1CaloStandalone - DEBUG:  No new valid run. Last known valid run still: 114955
2009-05-19 04:35 - L1CaloStandalone - INFO: ===> listening for new valid runs <===
2009-05-19 04:35 - L1CaloStandalone - DEBUG: initialising coolRunLister
2009-05-19 04:35 - L1CaloStandalone - DEBUG: applying selections to coolRunLister
2009-05-19 04:35 - L1CaloStandalone - INFO: last valid run: 114955
2009-05-19 04:35 - L1CaloStandalone - INFO: searching for new runs from 114956 to 2147483647
2009-05-19 04:35 - L1CaloStandalone - DEBUG:  No new valid run. Last known valid run still: 114955
2009-05-19 04:51 - L1CaloStandalone - INFO: ===> listening for new valid runs <===
2009-05-19 04:51 - L1CaloStandalone - DEBUG: initialising coolRunLister
2009-05-19 04:51 - L1CaloStandalone - DEBUG: applying selections to coolRunLister
2009-05-19 04:51 - L1CaloStandalone - INFO: last valid run: 114955
2009-05-19 04:51 - L1CaloStandalone - INFO: searching for new runs from 114956 to 2147483647
2009-05-19 04:51 - L1CaloStandalone - DEBUG:  No new valid run. Last known valid run still: 114955
2009-05-19 05:06 - L1CaloStandalone - INFO: ===> listening for new valid runs <===
2009-05-19 05:06 - L1CaloStandalone - DEBUG: initialising coolRunLister
2009-05-19 05:06 - L1CaloStandalone - DEBUG: applying selections to coolRunLister
2009-05-19 05:06 - L1CaloStandalone - INFO: last valid run: 114955
2009-05-19 05:06 - L1CaloStandalone - INFO: searching for new runs from 114956 to 2147483647
2009-05-19 05:06 - L1CaloStandalone - DEBUG:  No new valid run. Last known valid run still: 114955
2009-05-19 05:21 - L1CaloStandalone - INFO: ===> listening for new valid runs <===
2009-05-19 05:21 - L1CaloStandalone - DEBUG: initialising coolRunLister
2009-05-19 05:21 - L1CaloStandalone - DEBUG: applying selections to coolRunLister
2009-05-19 05:21 - L1CaloStandalone - INFO: last valid run: 114955
2009-05-19 05:21 - L1CaloStandalone - INFO: searching for new runs from 114956 to 2147483647
2009-05-19 05:21 - L1CaloStandalone - DEBUG:  No new valid run. Last known valid run still: 114955
2009-05-19 05:36 - L1CaloStandalone - INFO: ===> listening for new valid runs <===
2009-05-19 05:36 - L1CaloStandalone - DEBUG: initialising coolRunLister
2009-05-19 05:36 - L1CaloStandalone - DEBUG: applying selections to coolRunLister
2009-05-19 05:36 - L1CaloStandalone - INFO: last valid run: 114955
2009-05-19 05:36 - L1CaloStandalone - INFO: searching for new runs from 114956 to 2147483647
2009-05-19 05:36 - L1CaloStandalone - DEBUG:  No new valid run. Last known valid run still: 114955
2009-05-19 05:51 - L1CaloStandalone - INFO: ===> listening for new valid runs <===
2009-05-19 05:51 - L1CaloStandalone - DEBUG: initialising coolRunLister
2009-05-19 05:51 - L1CaloStandalone - DEBUG: applying selections to coolRunLister
2009-05-19 05:51 - L1CaloStandalone - INFO: last valid run: 114955
2009-05-19 05:51 - L1CaloStandalone - INFO: searching for new runs from 114956 to 2147483647
2009-05-19 05:51 - L1CaloStandalone - DEBUG:  No new valid run. Last known valid run still: 114955
2009-05-19 06:06 - L1CaloStandalone - INFO: ===> listening for new valid runs <===
2009-05-19 06:06 - L1CaloStandalone - DEBUG: initialising coolRunLister
2009-05-19 06:06 - L1CaloStandalone - DEBUG: applying selections to coolRunLister
2009-05-19 06:06 - L1CaloStandalone - INFO: last valid run: 114955
2009-05-19 06:06 - L1CaloStandalone - INFO: searching for new runs from 114956 to 2147483647
2009-05-19 06:06 - L1CaloStandalone - DEBUG:  No new valid run. Last known valid run still: 114955
2009-05-19 06:21 - L1CaloStandalone - INFO: ===> listening for new valid runs <===
2009-05-19 06:21 - L1CaloStandalone - DEBUG: initialising coolRunLister
2009-05-19 06:21 - L1CaloStandalone - DEBUG: applying selections to coolRunLister
2009-05-19 06:21 - L1CaloStandalone - INFO: last valid run: 114955
2009-05-19 06:21 - L1CaloStandalone - INFO: searching for new runs from 114956 to 2147483647
2009-05-19 06:22 - L1CaloStandalone - DEBUG:  No new valid run. Last known valid run still: 114955
2009-05-19 06:37 - L1CaloStandalone - INFO: ===> listening for new valid runs <===
2009-05-19 06:37 - L1CaloStandalone - DEBUG: initialising coolRunLister
2009-05-19 06:37 - L1CaloStandalone - DEBUG: applying selections to coolRunLister
2009-05-19 06:37 - L1CaloStandalone - INFO: last valid run: 114955
2009-05-19 06:37 - L1CaloStandalone - INFO: searching for new runs from 114956 to 2147483647
2009-05-19 06:37 - L1CaloStandalone - DEBUG:  No new valid run. Last known valid run still: 114955
2009-05-19 06:52 - L1CaloStandalone - INFO: ===> listening for new valid runs <===
2009-05-19 06:52 - L1CaloStandalone - DEBUG: initialising coolRunLister
2009-05-19 06:52 - L1CaloStandalone - DEBUG: applying selections to coolRunLister
2009-05-19 06:52 - L1CaloStandalone - INFO: last valid run: 114955
2009-05-19 06:52 - L1CaloStandalone - INFO: searching for new runs from 114956 to 2147483647
2009-05-19 06:52 - L1CaloStandalone - DEBUG:  No new valid run. Last known valid run still: 114955
2009-05-19 07:07 - L1CaloStandalone - INFO: ===> listening for new valid runs <===
2009-05-19 07:07 - L1CaloStandalone - DEBUG: initialising coolRunLister
2009-05-19 07:07 - L1CaloStandalone - DEBUG: applying selections to coolRunLister
2009-05-19 07:07 - L1CaloStandalone - INFO: last valid run: 114955
2009-05-19 07:07 - L1CaloStandalone - INFO: searching for new runs from 114956 to 2147483647
2009-05-19 07:07 - L1CaloStandalone - DEBUG:  No new valid run. Last known valid run still: 114955
2009-05-19 07:22 - L1CaloStandalone - INFO: ===> listening for new valid runs <===
2009-05-19 07:22 - L1CaloStandalone - DEBUG: initialising coolRunLister
2009-05-19 07:22 - L1CaloStandalone - DEBUG: applying selections to coolRunLister
2009-05-19 07:22 - L1CaloStandalone - INFO: last valid run: 114955
2009-05-19 07:22 - L1CaloStandalone - INFO: searching for new runs from 114956 to 2147483647
2009-05-19 07:22 - L1CaloStandalone - DEBUG:  No new valid run. Last known valid run still: 114955
2009-05-19 07:37 - L1CaloStandalone - INFO: ===> listening for new valid runs <===
2009-05-19 07:37 - L1CaloStandalone - DEBUG: initialising coolRunLister
2009-05-19 07:37 - L1CaloStandalone - DEBUG: applying selections to coolRunLister
2009-05-19 07:37 - L1CaloStandalone - INFO: last valid run: 114955
2009-05-19 07:37 - L1CaloStandalone - INFO: searching for new runs from 114956 to 2147483647
2009-05-19 07:37 - L1CaloStandalone - DEBUG:  No new valid run. Last known valid run still: 114955
2009-05-19 07:52 - L1CaloStandalone - INFO: ===> listening for new valid runs <===
2009-05-19 07:52 - L1CaloStandalone - DEBUG: initialising coolRunLister
2009-05-19 07:52 - L1CaloStandalone - DEBUG: applying selections to coolRunLister
2009-05-19 07:52 - L1CaloStandalone - INFO: last valid run: 114955
2009-05-19 07:52 - L1CaloStandalone - INFO: searching for new runs from 114956 to 2147483647
2009-05-19 07:52 - L1CaloStandalone - DEBUG:  No new valid run. Last known valid run still: 114955
2009-05-19 08:08 - L1CaloStandalone - INFO: ===> listening for new valid runs <===
2009-05-19 08:08 - L1CaloStandalone - DEBUG: initialising coolRunLister
2009-05-19 08:08 - L1CaloStandalone - DEBUG: applying selections to coolRunLister
2009-05-19 08:08 - L1CaloStandalone - INFO: last valid run: 114955
2009-05-19 08:08 - L1CaloStandalone - INFO: searching for new runs from 114956 to 2147483647
2009-05-19 08:08 - L1CaloStandalone - DEBUG:  No new valid run. Last known valid run still: 114955
2009-05-19 08:23 - L1CaloStandalone - INFO: ===> listening for new valid runs <===
2009-05-19 08:23 - L1CaloStandalone - DEBUG: initialising coolRunLister
2009-05-19 08:23 - L1CaloStandalone - DEBUG: applying selections to coolRunLister
2009-05-19 08:23 - L1CaloStandalone - INFO: last valid run: 114955
2009-05-19 08:23 - L1CaloStandalone - INFO: searching for new runs from 114956 to 2147483647
2009-05-19 08:23 - L1CaloStandalone - DEBUG:  No new valid run. Last known valid run still: 114955
2009-05-19 08:38 - L1CaloStandalone - INFO: ===> listening for new valid runs <===
2009-05-19 08:38 - L1CaloStandalone - DEBUG: initialising coolRunLister
2009-05-19 08:38 - L1CaloStandalone - DEBUG: applying selections to coolRunLister
2009-05-19 08:38 - L1CaloStandalone - INFO: last valid run: 114955
2009-05-19 08:38 - L1CaloStandalone - INFO: searching for new runs from 114956 to 2147483647
2009-05-19 08:38 - L1CaloStandalone - DEBUG:  No new valid run. Last known valid run still: 114955
2009-05-19 08:53 - L1CaloStandalone - INFO: ===> listening for new valid runs <===
2009-05-19 08:53 - L1CaloStandalone - DEBUG: initialising coolRunLister
2009-05-19 08:53 - L1CaloStandalone - DEBUG: applying selections to coolRunLister
2009-05-19 08:53 - L1CaloStandalone - INFO: last valid run: 114955
2009-05-19 08:53 - L1CaloStandalone - INFO: searching for new runs from 114956 to 2147483647
2009-05-19 08:53 - L1CaloStandalone - DEBUG:  No new valid run. Last known valid run still: 114955
2009-05-19 09:08 - L1CaloStandalone - INFO: ===> listening for new valid runs <===
2009-05-19 09:08 - L1CaloStandalone - DEBUG: initialising coolRunLister
2009-05-19 09:08 - L1CaloStandalone - DEBUG: applying selections to coolRunLister
2009-05-19 09:08 - L1CaloStandalone - INFO: last valid run: 114955
2009-05-19 09:08 - L1CaloStandalone - INFO: searching for new runs from 114956 to 2147483647
2009-05-19 09:08 - L1CaloStandalone - DEBUG:  No new valid run. Last known valid run still: 114955
2009-05-19 09:23 - L1CaloStandalone - INFO: ===> listening for new valid runs <===
2009-05-19 09:23 - L1CaloStandalone - DEBUG: initialising coolRunLister
2009-05-19 09:23 - L1CaloStandalone - DEBUG: applying selections to coolRunLister
2009-05-19 09:23 - L1CaloStandalone - INFO: last valid run: 114955
2009-05-19 09:23 - L1CaloStandalone - INFO: searching for new runs from 114956 to 2147483647
2009-05-19 09:23 - L1CaloStandalone - DEBUG:  No new valid run. Last known valid run still: 114955
2009-05-19 09:39 - L1CaloStandalone - INFO: ===> listening for new valid runs <===
2009-05-19 09:39 - L1CaloStandalone - DEBUG: initialising coolRunLister
2009-05-19 09:39 - L1CaloStandalone - DEBUG: applying selections to coolRunLister
2009-05-19 09:39 - L1CaloStandalone - INFO: last valid run: 114955
2009-05-19 09:39 - L1CaloStandalone - INFO: searching for new runs from 114956 to 2147483647
2009-05-19 09:39 - L1CaloStandalone - DEBUG:  No new valid run. Last known valid run still: 114955
2009-05-19 09:54 - L1CaloStandalone - INFO: ===> listening for new valid runs <===
2009-05-19 09:54 - L1CaloStandalone - DEBUG: initialising coolRunLister
2009-05-19 09:54 - L1CaloStandalone - DEBUG: applying selections to coolRunLister
2009-05-19 09:54 - L1CaloStandalone - INFO: last valid run: 114955
2009-05-19 09:54 - L1CaloStandalone - INFO: searching for new runs from 114956 to 2147483647
2009-05-19 09:54 - L1CaloStandalone - DEBUG:  No new valid run. Last known valid run still: 114955
2009-05-19 10:09 - L1CaloStandalone - INFO: ===> listening for new valid runs <===
2009-05-19 10:09 - L1CaloStandalone - DEBUG: initialising coolRunLister
2009-05-19 10:09 - L1CaloStandalone - DEBUG: applying selections to coolRunLister
2009-05-19 10:09 - L1CaloStandalone - INFO: last valid run: 114955
2009-05-19 10:09 - L1CaloStandalone - INFO: searching for new runs from 114956 to 2147483647
2009-05-19 10:09 - L1CaloStandalone - DEBUG:  No new valid run. Last known valid run still: 114955
2009-05-19 10:24 - L1CaloStandalone - INFO: ===> listening for new valid runs <===
2009-05-19 10:24 - L1CaloStandalone - DEBUG: initialising coolRunLister
2009-05-19 10:24 - L1CaloStandalone - DEBUG: applying selections to coolRunLister
2009-05-19 10:24 - L1CaloStandalone - INFO: last valid run: 114955
2009-05-19 10:24 - L1CaloStandalone - INFO: searching for new runs from 114956 to 2147483647
2009-05-19 10:24 - L1CaloStandalone - DEBUG:  No new valid run. Last known valid run still: 114955
2009-05-19 10:39 - L1CaloStandalone - INFO: ===> listening for new valid runs <===
2009-05-19 10:39 - L1CaloStandalone - DEBUG: initialising coolRunLister
2009-05-19 10:39 - L1CaloStandalone - DEBUG: applying selections to coolRunLister
2009-05-19 10:39 - L1CaloStandalone - INFO: last valid run: 114955
2009-05-19 10:39 - L1CaloStandalone - INFO: searching for new runs from 114956 to 2147483647
2009-05-19 10:39 - L1CaloStandalone - DEBUG:  No new valid run. Last known valid run still: 114955
2009-05-19 10:54 - L1CaloStandalone - INFO: ===> listening for new valid runs <===
2009-05-19 10:54 - L1CaloStandalone - DEBUG: initialising coolRunLister
2009-05-19 10:54 - L1CaloStandalone - DEBUG: applying selections to coolRunLister
2009-05-19 10:54 - L1CaloStandalone - INFO: last valid run: 114955
2009-05-19 10:54 - L1CaloStandalone - INFO: searching for new runs from 114956 to 2147483647
2009-05-19 10:54 - L1CaloStandalone - DEBUG:  No new valid run. Last known valid run still: 114955
2009-05-19 11:10 - L1CaloStandalone - INFO: ===> listening for new valid runs <===
2009-05-19 11:10 - L1CaloStandalone - DEBUG: initialising coolRunLister
2009-05-19 11:10 - L1CaloStandalone - DEBUG: applying selections to coolRunLister
2009-05-19 11:10 - L1CaloStandalone - INFO: last valid run: 114955
2009-05-19 11:10 - L1CaloStandalone - INFO: searching for new runs from 114956 to 2147483647
2009-05-19 11:10 - L1CaloStandalone - DEBUG:  No new valid run. Last known valid run still: 114955
2009-05-19 11:25 - L1CaloStandalone - INFO: ===> listening for new valid runs <===
2009-05-19 11:25 - L1CaloStandalone - DEBUG: initialising coolRunLister
2009-05-19 11:25 - L1CaloStandalone - DEBUG: applying selections to coolRunLister
2009-05-19 11:25 - L1CaloStandalone - INFO: last valid run: 114955
2009-05-19 11:25 - L1CaloStandalone - INFO: searching for new runs from 114956 to 2147483647
2009-05-19 11:25 - L1CaloStandalone - DEBUG:  No new valid run. Last known valid run still: 114955
2009-05-19 11:40 - L1CaloStandalone - INFO: ===> listening for new valid runs <===
2009-05-19 11:40 - L1CaloStandalone - DEBUG: initialising coolRunLister
2009-05-19 11:40 - L1CaloStandalone - DEBUG: applying selections to coolRunLister
2009-05-19 11:40 - L1CaloStandalone - INFO: last valid run: 114955
2009-05-19 11:40 - L1CaloStandalone - INFO: searching for new runs from 114956 to 2147483647
2009-05-19 11:40 - L1CaloStandalone - DEBUG: new last known run: 115640
2009-05-19 11:40 - L1CaloStandalone - DEBUG: 
     Run   Events  LumiB            StartTime             StopTime L1Events L2Events EFEvents ErrC Rec Cln RunType                  DetectorMask DAQConfiguration     PartitionName    FilenameTag         
  115640     1324      1  2009-05-19:09:33:30  2009-05-19:09:36:25     1324     1324     1324    0  No Yes Physics                    7c00000000 Schema=142:Data=125  L1CaloStandalone data_test           

2009-05-19 11:55 - L1CaloStandalone - INFO: ===> listening for new valid runs <===
2009-05-19 11:55 - L1CaloStandalone - DEBUG: initialising coolRunLister
2009-05-19 11:55 - L1CaloStandalone - DEBUG: applying selections to coolRunLister
2009-05-19 11:55 - L1CaloStandalone - INFO: last valid run: 115640
2009-05-19 11:55 - L1CaloStandalone - INFO: searching for new runs from 115641 to 2147483647
2009-05-19 11:55 - L1CaloStandalone - DEBUG:  No new valid run. Last known valid run still: 115640
2009-05-19 12:10 - L1CaloStandalone - INFO: ===> listening for new valid runs <===
2009-05-19 12:10 - L1CaloStandalone - DEBUG: initialising coolRunLister
2009-05-19 12:10 - L1CaloStandalone - DEBUG: applying selections to coolRunLister
2009-05-19 12:10 - L1CaloStandalone - INFO: last valid run: 115640
2009-05-19 12:10 - L1CaloStandalone - INFO: searching for new runs from 115641 to 2147483647
2009-05-19 12:10 - L1CaloStandalone - DEBUG: new last known run: 115651
2009-05-19 12:10 - L1CaloStandalone - DEBUG: 
     Run   Events  LumiB            StartTime             StopTime L1Events L2Events EFEvents ErrC Rec Cln RunType                  DetectorMask DAQConfiguration     PartitionName    FilenameTag         
  115651     1264      1  2009-05-19:10:03:24  2009-05-19:10:05:30     1264     1264     1264    0  No Yes Physics                    7c00000000 Schema=142:Data=125  L1CaloStandalone data_test           

2009-05-19 12:26 - L1CaloStandalone - INFO: ===> listening for new valid runs <===
2009-05-19 12:26 - L1CaloStandalone - DEBUG: initialising coolRunLister
2009-05-19 12:26 - L1CaloStandalone - DEBUG: applying selections to coolRunLister
2009-05-19 12:26 - L1CaloStandalone - INFO: last valid run: 115651
2009-05-19 12:26 - L1CaloStandalone - INFO: searching for new runs from 115652 to 2147483647
2009-05-19 12:26 - L1CaloStandalone - DEBUG:  No new valid run. Last known valid run still: 115651
2009-05-19 12:41 - L1CaloStandalone - INFO: ===> listening for new valid runs <===
2009-05-19 12:41 - L1CaloStandalone - DEBUG: initialising coolRunLister
2009-05-19 12:41 - L1CaloStandalone - DEBUG: applying selections to coolRunLister
2009-05-19 12:41 - L1CaloStandalone - INFO: last valid run: 115651
2009-05-19 12:41 - L1CaloStandalone - INFO: searching for new runs from 115652 to 2147483647
2009-05-19 12:41 - L1CaloStandalone - DEBUG:  No new valid run. Last known valid run still: 115651
2009-05-19 12:56 - L1CaloStandalone - INFO: ===> listening for new valid runs <===
2009-05-19 12:56 - L1CaloStandalone - DEBUG: initialising coolRunLister
2009-05-19 12:56 - L1CaloStandalone - DEBUG: applying selections to coolRunLister
2009-05-19 12:56 - L1CaloStandalone - INFO: last valid run: 115651
2009-05-19 12:56 - L1CaloStandalone - INFO: searching for new runs from 115652 to 2147483647
2009-05-19 12:56 - L1CaloStandalone - DEBUG:  No new valid run. Last known valid run still: 115651
2009-05-19 13:11 - L1CaloStandalone - INFO: ===> listening for new valid runs <===
2009-05-19 13:11 - L1CaloStandalone - DEBUG: initialising coolRunLister
2009-05-19 13:11 - L1CaloStandalone - DEBUG: applying selections to coolRunLister
2009-05-19 13:11 - L1CaloStandalone - INFO: last valid run: 115651
2009-05-19 13:11 - L1CaloStandalone - INFO: searching for new runs from 115652 to 2147483647
2009-05-19 13:11 - L1CaloStandalone - DEBUG:  No new valid run. Last known valid run still: 115651
2009-05-19 13:26 - L1CaloStandalone - INFO: ===> listening for new valid runs <===
2009-05-19 13:26 - L1CaloStandalone - DEBUG: initialising coolRunLister
2009-05-19 13:26 - L1CaloStandalone - DEBUG: applying selections to coolRunLister
2009-05-19 13:26 - L1CaloStandalone - INFO: last valid run: 115651
2009-05-19 13:26 - L1CaloStandalone - INFO: searching for new runs from 115652 to 2147483647
2009-05-19 13:26 - L1CaloStandalone - DEBUG:  No new valid run. Last known valid run still: 115651
2009-05-19 13:41 - L1CaloStandalone - INFO: ===> listening for new valid runs <===
2009-05-19 13:41 - L1CaloStandalone - DEBUG: initialising coolRunLister
2009-05-19 13:41 - L1CaloStandalone - DEBUG: applying selections to coolRunLister
2009-05-19 13:41 - L1CaloStandalone - INFO: last valid run: 115651
2009-05-19 13:41 - L1CaloStandalone - INFO: searching for new runs from 115652 to 2147483647
2009-05-19 13:41 - L1CaloStandalone - DEBUG:  No new valid run. Last known valid run still: 115651
2009-05-19 13:56 - L1CaloStandalone - INFO: ===> listening for new valid runs <===
2009-05-19 13:56 - L1CaloStandalone - DEBUG: initialising coolRunLister
2009-05-19 13:56 - L1CaloStandalone - DEBUG: applying selections to coolRunLister
2009-05-19 13:56 - L1CaloStandalone - INFO: last valid run: 115651
2009-05-19 13:56 - L1CaloStandalone - INFO: searching for new runs from 115652 to 2147483647
2009-05-19 13:56 - L1CaloStandalone - DEBUG:  No new valid run. Last known valid run still: 115651
2009-05-19 14:12 - L1CaloStandalone - INFO: ===> listening for new valid runs <===
2009-05-19 14:12 - L1CaloStandalone - DEBUG: initialising coolRunLister
2009-05-19 14:12 - L1CaloStandalone - DEBUG: applying selections to coolRunLister
2009-05-19 14:12 - L1CaloStandalone - INFO: last valid run: 115651
2009-05-19 14:12 - L1CaloStandalone - INFO: searching for new runs from 115652 to 2147483647
2009-05-19 14:12 - L1CaloStandalone - DEBUG:  No new valid run. Last known valid run still: 115651
2009-05-19 14:27 - L1CaloStandalone - INFO: ===> listening for new valid runs <===
2009-05-19 14:27 - L1CaloStandalone - DEBUG: initialising coolRunLister
2009-05-19 14:27 - L1CaloStandalone - DEBUG: applying selections to coolRunLister
2009-05-19 14:27 - L1CaloStandalone - INFO: last valid run: 115651
2009-05-19 14:27 - L1CaloStandalone - INFO: searching for new runs from 115652 to 2147483647
2009-05-19 14:27 - L1CaloStandalone - DEBUG:  No new valid run. Last known valid run still: 115651
2009-05-19 14:42 - L1CaloStandalone - INFO: ===> listening for new valid runs <===
2009-05-19 14:42 - L1CaloStandalone - DEBUG: initialising coolRunLister
2009-05-19 14:42 - L1CaloStandalone - DEBUG: applying selections to coolRunLister
2009-05-19 14:42 - L1CaloStandalone - INFO: last valid run: 115651
2009-05-19 14:42 - L1CaloStandalone - INFO: searching for new runs from 115652 to 2147483647
2009-05-19 14:42 - L1CaloStandalone - DEBUG:  No new valid run. Last known valid run still: 115651
2009-05-19 14:57 - L1CaloStandalone - INFO: ===> listening for new valid runs <===
2009-05-19 14:57 - L1CaloStandalone - DEBUG: initialising coolRunLister
2009-05-19 14:57 - L1CaloStandalone - DEBUG: applying selections to coolRunLister
2009-05-19 14:57 - L1CaloStandalone - INFO: last valid run: 115651
2009-05-19 14:57 - L1CaloStandalone - INFO: searching for new runs from 115652 to 2147483647
2009-05-19 14:57 - L1CaloStandalone - DEBUG:  No new valid run. Last known valid run still: 115651
2009-05-19 15:12 - L1CaloStandalone - INFO: ===> listening for new valid runs <===
2009-05-19 15:12 - L1CaloStandalone - DEBUG: initialising coolRunLister
2009-05-19 15:12 - L1CaloStandalone - DEBUG: applying selections to coolRunLister
2009-05-19 15:12 - L1CaloStandalone - INFO: last valid run: 115651
2009-05-19 15:12 - L1CaloStandalone - INFO: searching for new runs from 115652 to 2147483647
2009-05-19 15:12 - L1CaloStandalone - DEBUG:  No new valid run. Last known valid run still: 115651
2009-05-19 15:27 - L1CaloStandalone - INFO: ===> listening for new valid runs <===
2009-05-19 15:27 - L1CaloStandalone - DEBUG: initialising coolRunLister
2009-05-19 15:27 - L1CaloStandalone - DEBUG: applying selections to coolRunLister
2009-05-19 15:27 - L1CaloStandalone - INFO: last valid run: 115651
2009-05-19 15:27 - L1CaloStandalone - INFO: searching for new runs from 115652 to 2147483647
2009-05-19 15:27 - L1CaloStandalone - DEBUG:  No new valid run. Last known valid run still: 115651
2009-05-19 15:42 - L1CaloStandalone - INFO: ===> listening for new valid runs <===
2009-05-19 15:42 - L1CaloStandalone - DEBUG: initialising coolRunLister
2009-05-19 15:42 - L1CaloStandalone - DEBUG: applying selections to coolRunLister
2009-05-19 15:42 - L1CaloStandalone - INFO: last valid run: 115651
2009-05-19 15:42 - L1CaloStandalone - INFO: searching for new runs from 115652 to 2147483647
2009-05-19 15:42 - L1CaloStandalone - DEBUG:  No new valid run. Last known valid run still: 115651
2009-05-19 15:57 - L1CaloStandalone - INFO: ===> listening for new valid runs <===
2009-05-19 15:57 - L1CaloStandalone - DEBUG: initialising coolRunLister
2009-05-19 15:57 - L1CaloStandalone - DEBUG: applying selections to coolRunLister
2009-05-19 15:57 - L1CaloStandalone - INFO: last valid run: 115651
2009-05-19 15:57 - L1CaloStandalone - INFO: searching for new runs from 115652 to 2147483647
2009-05-19 15:57 - L1CaloStandalone - DEBUG:  No new valid run. Last known valid run still: 115651
2009-05-19 16:13 - L1CaloStandalone - INFO: ===> listening for new valid runs <===
2009-05-19 16:13 - L1CaloStandalone - DEBUG: initialising coolRunLister
2009-05-19 16:13 - L1CaloStandalone - DEBUG: applying selections to coolRunLister
2009-05-19 16:13 - L1CaloStandalone - INFO: last valid run: 115651
2009-05-19 16:13 - L1CaloStandalone - INFO: searching for new runs from 115652 to 2147483647
2009-05-19 16:13 - L1CaloStandalone - DEBUG:  No new valid run. Last known valid run still: 115651
2009-05-19 16:28 - L1CaloStandalone - INFO: ===> listening for new valid runs <===
2009-05-19 16:28 - L1CaloStandalone - DEBUG: initialising coolRunLister
2009-05-19 16:28 - L1CaloStandalone - DEBUG: applying selections to coolRunLister
2009-05-19 16:28 - L1CaloStandalone - INFO: last valid run: 115651
2009-05-19 16:28 - L1CaloStandalone - INFO: searching for new runs from 115652 to 2147483647
2009-05-19 16:28 - L1CaloStandalone - DEBUG:  No new valid run. Last known valid run still: 115651
2009-05-19 16:43 - L1CaloStandalone - INFO: ===> listening for new valid runs <===
2009-05-19 16:43 - L1CaloStandalone - DEBUG: initialising coolRunLister
2009-05-19 16:43 - L1CaloStandalone - DEBUG: applying selections to coolRunLister
2009-05-19 16:43 - L1CaloStandalone - INFO: last valid run: 115651
2009-05-19 16:43 - L1CaloStandalone - INFO: searching for new runs from 115652 to 2147483647
2009-05-19 16:43 - L1CaloStandalone - DEBUG:  No new valid run. Last known valid run still: 115651
2009-05-19 16:58 - L1CaloStandalone - INFO: ===> listening for new valid runs <===
2009-05-19 16:58 - L1CaloStandalone - DEBUG: initialising coolRunLister
2009-05-19 16:58 - L1CaloStandalone - DEBUG: applying selections to coolRunLister
2009-05-19 16:58 - L1CaloStandalone - INFO: last valid run: 115651
2009-05-19 16:58 - L1CaloStandalone - INFO: searching for new runs from 115652 to 2147483647
2009-05-19 16:58 - L1CaloStandalone - DEBUG:  No new valid run. Last known valid run still: 115651
2009-05-19 17:13 - L1CaloStandalone - INFO: ===> listening for new valid runs <===
2009-05-19 17:13 - L1CaloStandalone - DEBUG: initialising coolRunLister
2009-05-19 17:13 - L1CaloStandalone - DEBUG: applying selections to coolRunLister
2009-05-19 17:13 - L1CaloStandalone - INFO: last valid run: 115651
2009-05-19 17:13 - L1CaloStandalone - INFO: searching for new runs from 115652 to 2147483647
2009-05-19 17:13 - L1CaloStandalone - DEBUG:  No new valid run. Last known valid run still: 115651
2009-05-19 17:28 - L1CaloStandalone - INFO: ===> listening for new valid runs <===
2009-05-19 17:28 - L1CaloStandalone - DEBUG: initialising coolRunLister
2009-05-19 17:28 - L1CaloStandalone - DEBUG: applying selections to coolRunLister
2009-05-19 17:28 - L1CaloStandalone - INFO: last valid run: 115651
2009-05-19 17:28 - L1CaloStandalone - INFO: searching for new runs from 115652 to 2147483647
2009-05-19 17:28 - L1CaloStandalone - DEBUG:  No new valid run. Last known valid run still: 115651
2009-05-19 17:43 - L1CaloStandalone - INFO: ===> listening for new valid runs <===
2009-05-19 17:43 - L1CaloStandalone - DEBUG: initialising coolRunLister
2009-05-19 17:43 - L1CaloStandalone - DEBUG: applying selections to coolRunLister
2009-05-19 17:43 - L1CaloStandalone - INFO: last valid run: 115651
2009-05-19 17:43 - L1CaloStandalone - INFO: searching for new runs from 115652 to 2147483647
2009-05-19 17:43 - L1CaloStandalone - DEBUG:  No new valid run. Last known valid run still: 115651
2009-05-19 17:58 - L1CaloStandalone - INFO: ===> listening for new valid runs <===
2009-05-19 17:58 - L1CaloStandalone - DEBUG: initialising coolRunLister
2009-05-19 17:58 - L1CaloStandalone - DEBUG: applying selections to coolRunLister
2009-05-19 17:58 - L1CaloStandalone - INFO: last valid run: 115651
2009-05-19 17:58 - L1CaloStandalone - INFO: searching for new runs from 115652 to 2147483647
2009-05-19 17:59 - L1CaloStandalone - DEBUG:  No new valid run. Last known valid run still: 115651
2009-05-19 18:14 - L1CaloStandalone - INFO: ===> listening for new valid runs <===
2009-05-19 18:14 - L1CaloStandalone - DEBUG: initialising coolRunLister
2009-05-19 18:14 - L1CaloStandalone - DEBUG: applying selections to coolRunLister
2009-05-19 18:14 - L1CaloStandalone - INFO: last valid run: 115651
2009-05-19 18:14 - L1CaloStandalone - INFO: searching for new runs from 115652 to 2147483647
2009-05-19 18:14 - L1CaloStandalone - DEBUG:  No new valid run. Last known valid run still: 115651
2009-05-19 18:29 - L1CaloStandalone - INFO: ===> listening for new valid runs <===
2009-05-19 18:29 - L1CaloStandalone - DEBUG: initialising coolRunLister
2009-05-19 18:29 - L1CaloStandalone - DEBUG: applying selections to coolRunLister
2009-05-19 18:29 - L1CaloStandalone - INFO: last valid run: 115651
2009-05-19 18:29 - L1CaloStandalone - INFO: searching for new runs from 115652 to 2147483647
2009-05-19 18:29 - L1CaloStandalone - DEBUG:  No new valid run. Last known valid run still: 115651
2009-05-19 18:44 - L1CaloStandalone - INFO: ===> listening for new valid runs <===
2009-05-19 18:44 - L1CaloStandalone - DEBUG: initialising coolRunLister
2009-05-19 18:44 - L1CaloStandalone - DEBUG: applying selections to coolRunLister
2009-05-19 18:44 - L1CaloStandalone - INFO: last valid run: 115651
2009-05-19 18:44 - L1CaloStandalone - INFO: searching for new runs from 115652 to 2147483647
2009-05-19 18:44 - L1CaloStandalone - DEBUG:  No new valid run. Last known valid run still: 115651
2009-05-19 18:59 - L1CaloStandalone - INFO: ===> listening for new valid runs <===
2009-05-19 18:59 - L1CaloStandalone - DEBUG: initialising coolRunLister
2009-05-19 18:59 - L1CaloStandalone - DEBUG: applying selections to coolRunLister
2009-05-19 18:59 - L1CaloStandalone - INFO: last valid run: 115651
2009-05-19 18:59 - L1CaloStandalone - INFO: searching for new runs from 115652 to 2147483647
2009-05-19 18:59 - L1CaloStandalone - DEBUG:  No new valid run. Last known valid run still: 115651
2009-05-19 19:14 - L1CaloStandalone - INFO: ===> listening for new valid runs <===
2009-05-19 19:14 - L1CaloStandalone - DEBUG: initialising coolRunLister
2009-05-19 19:14 - L1CaloStandalone - DEBUG: applying selections to coolRunLister
2009-05-19 19:14 - L1CaloStandalone - INFO: last valid run: 115651
2009-05-19 19:14 - L1CaloStandalone - INFO: searching for new runs from 115652 to 2147483647
2009-05-19 19:14 - L1CaloStandalone - DEBUG:  No new valid run. Last known valid run still: 115651
2009-05-19 19:29 - L1CaloStandalone - INFO: ===> listening for new valid runs <===
2009-05-19 19:29 - L1CaloStandalone - DEBUG: initialising coolRunLister
2009-05-19 19:29 - L1CaloStandalone - DEBUG: applying selections to coolRunLister
2009-05-19 19:29 - L1CaloStandalone - INFO: last valid run: 115651
2009-05-19 19:29 - L1CaloStandalone - INFO: searching for new runs from 115652 to 2147483647
2009-05-19 19:29 - L1CaloStandalone - DEBUG:  No new valid run. Last known valid run still: 115651
2009-05-19 19:44 - L1CaloStandalone - INFO: ===> listening for new valid runs <===
2009-05-19 19:44 - L1CaloStandalone - DEBUG: initialising coolRunLister
2009-05-19 19:44 - L1CaloStandalone - DEBUG: applying selections to coolRunLister
2009-05-19 19:44 - L1CaloStandalone - INFO: last valid run: 115651
2009-05-19 19:44 - L1CaloStandalone - INFO: searching for new runs from 115652 to 2147483647
2009-05-19 19:44 - L1CaloStandalone - DEBUG:  No new valid run. Last known valid run still: 115651
2009-05-19 19:59 - L1CaloStandalone - INFO: ===> listening for new valid runs <===
2009-05-19 19:59 - L1CaloStandalone - DEBUG: initialising coolRunLister
2009-05-19 19:59 - L1CaloStandalone - DEBUG: applying selections to coolRunLister
2009-05-19 19:59 - L1CaloStandalone - INFO: last valid run: 115651
2009-05-19 19:59 - L1CaloStandalone - INFO: searching for new runs from 115652 to 2147483647
2009-05-19 19:59 - L1CaloStandalone - DEBUG:  No new valid run. Last known valid run still: 115651
2009-05-19 20:15 - L1CaloStandalone - INFO: ===> listening for new valid runs <===
2009-05-19 20:15 - L1CaloStandalone - DEBUG: initialising coolRunLister
2009-05-19 20:15 - L1CaloStandalone - DEBUG: applying selections to coolRunLister
2009-05-19 20:15 - L1CaloStandalone - INFO: last valid run: 115651
2009-05-19 20:15 - L1CaloStandalone - INFO: searching for new runs from 115652 to 2147483647
2009-05-19 20:15 - L1CaloStandalone - DEBUG:  No new valid run. Last known valid run still: 115651
2009-05-19 20:30 - L1CaloStandalone - INFO: ===> listening for new valid runs <===
2009-05-19 20:30 - L1CaloStandalone - DEBUG: initialising coolRunLister
2009-05-19 20:30 - L1CaloStandalone - DEBUG: applying selections to coolRunLister
2009-05-19 20:30 - L1CaloStandalone - INFO: last valid run: 115651
2009-05-19 20:30 - L1CaloStandalone - INFO: searching for new runs from 115652 to 2147483647
2009-05-19 20:30 - L1CaloStandalone - DEBUG:  No new valid run. Last known valid run still: 115651
2009-05-19 20:45 - L1CaloStandalone - INFO: ===> listening for new valid runs <===
2009-05-19 20:45 - L1CaloStandalone - DEBUG: initialising coolRunLister
2009-05-19 20:45 - L1CaloStandalone - DEBUG: applying selections to coolRunLister
2009-05-19 20:45 - L1CaloStandalone - INFO: last valid run: 115651
2009-05-19 20:45 - L1CaloStandalone - INFO: searching for new runs from 115652 to 2147483647
2009-05-19 20:45 - L1CaloStandalone - DEBUG:  No new valid run. Last known valid run still: 115651
2009-05-19 21:00 - L1CaloStandalone - INFO: ===> listening for new valid runs <===
2009-05-19 21:00 - L1CaloStandalone - DEBUG: initialising coolRunLister
2009-05-19 21:00 - L1CaloStandalone - DEBUG: applying selections to coolRunLister
2009-05-19 21:00 - L1CaloStandalone - INFO: last valid run: 115651
2009-05-19 21:00 - L1CaloStandalone - INFO: searching for new runs from 115652 to 2147483647
2009-05-19 21:00 - L1CaloStandalone - DEBUG:  No new valid run. Last known valid run still: 115651
2009-05-19 21:15 - L1CaloStandalone - INFO: ===> listening for new valid runs <===
2009-05-19 21:15 - L1CaloStandalone - DEBUG: initialising coolRunLister
2009-05-19 21:15 - L1CaloStandalone - DEBUG: applying selections to coolRunLister
2009-05-19 21:15 - L1CaloStandalone - INFO: last valid run: 115651
2009-05-19 21:15 - L1CaloStandalone - INFO: searching for new runs from 115652 to 2147483647
2009-05-19 21:15 - L1CaloStandalone - DEBUG:  No new valid run. Last known valid run still: 115651
2009-05-19 21:30 - L1CaloStandalone - INFO: ===> listening for new valid runs <===
2009-05-19 21:30 - L1CaloStandalone - DEBUG: initialising coolRunLister
2009-05-19 21:30 - L1CaloStandalone - DEBUG: applying selections to coolRunLister
2009-05-19 21:30 - L1CaloStandalone - INFO: last valid run: 115651
2009-05-19 21:30 - L1CaloStandalone - INFO: searching for new runs from 115652 to 2147483647
2009-05-19 21:30 - L1CaloStandalone - DEBUG:  No new valid run. Last known valid run still: 115651
2009-05-19 21:45 - L1CaloStandalone - INFO: ===> listening for new valid runs <===
2009-05-19 21:45 - L1CaloStandalone - DEBUG: initialising coolRunLister
2009-05-19 21:45 - L1CaloStandalone - DEBUG: applying selections to coolRunLister
2009-05-19 21:45 - L1CaloStandalone - INFO: last valid run: 115651
2009-05-19 21:45 - L1CaloStandalone - INFO: searching for new runs from 115652 to 2147483647
2009-05-19 21:45 - L1CaloStandalone - DEBUG:  No new valid run. Last known valid run still: 115651
2009-05-19 22:00 - L1CaloStandalone - INFO: ===> listening for new valid runs <===
2009-05-19 22:00 - L1CaloStandalone - DEBUG: initialising coolRunLister
2009-05-19 22:00 - L1CaloStandalone - DEBUG: applying selections to coolRunLister
2009-05-19 22:00 - L1CaloStandalone - INFO: last valid run: 115651
2009-05-19 22:00 - L1CaloStandalone - INFO: searching for new runs from 115652 to 2147483647
2009-05-19 22:00 - L1CaloStandalone - DEBUG:  No new valid run. Last known valid run still: 115651
2009-05-19 22:15 - L1CaloStandalone - INFO: ===> listening for new valid runs <===
2009-05-19 22:15 - L1CaloStandalone - DEBUG: initialising coolRunLister
2009-05-19 22:15 - L1CaloStandalone - DEBUG: applying selections to coolRunLister
2009-05-19 22:15 - L1CaloStandalone - INFO: last valid run: 115651
2009-05-19 22:15 - L1CaloStandalone - INFO: searching for new runs from 115652 to 2147483647
2009-05-19 22:15 - L1CaloStandalone - DEBUG:  No new valid run. Last known valid run still: 115651
2009-05-19 22:31 - L1CaloStandalone - INFO: ===> listening for new valid runs <===
2009-05-19 22:31 - L1CaloStandalone - DEBUG: initialising coolRunLister
2009-05-19 22:31 - L1CaloStandalone - DEBUG: applying selections to coolRunLister
2009-05-19 22:31 - L1CaloStandalone - INFO: last valid run: 115651
2009-05-19 22:31 - L1CaloStandalone - INFO: searching for new runs from 115652 to 2147483647
2009-05-19 22:31 - L1CaloStandalone - DEBUG:  No new valid run. Last known valid run still: 115651
2009-05-19 22:46 - L1CaloStandalone - INFO: ===> listening for new valid runs <===
2009-05-19 22:46 - L1CaloStandalone - DEBUG: initialising coolRunLister
2009-05-19 22:46 - L1CaloStandalone - DEBUG: applying selections to coolRunLister
2009-05-19 22:46 - L1CaloStandalone - INFO: last valid run: 115651
2009-05-19 22:46 - L1CaloStandalone - INFO: searching for new runs from 115652 to 2147483647
2009-05-19 22:46 - L1CaloStandalone - DEBUG:  No new valid run. Last known valid run still: 115651
2009-05-19 23:01 - L1CaloStandalone - INFO: ===> listening for new valid runs <===
2009-05-19 23:01 - L1CaloStandalone - DEBUG: initialising coolRunLister
2009-05-19 23:01 - L1CaloStandalone - DEBUG: applying selections to coolRunLister
2009-05-19 23:01 - L1CaloStandalone - INFO: last valid run: 115651
2009-05-19 23:01 - L1CaloStandalone - INFO: searching for new runs from 115652 to 2147483647
2009-05-19 23:01 - L1CaloStandalone - DEBUG:  No new valid run. Last known valid run still: 115651
2009-05-19 23:16 - L1CaloStandalone - INFO: ===> listening for new valid runs <===
2009-05-19 23:16 - L1CaloStandalone - DEBUG: initialising coolRunLister
2009-05-19 23:16 - L1CaloStandalone - DEBUG: applying selections to coolRunLister
2009-05-19 23:16 - L1CaloStandalone - INFO: last valid run: 115651
2009-05-19 23:16 - L1CaloStandalone - INFO: searching for new runs from 115652 to 2147483647
2009-05-19 23:16 - L1CaloStandalone - DEBUG:  No new valid run. Last known valid run still: 115651
2009-05-19 23:31 - L1CaloStandalone - INFO: ===> listening for new valid runs <===
2009-05-19 23:31 - L1CaloStandalone - DEBUG: initialising coolRunLister
2009-05-19 23:31 - L1CaloStandalone - DEBUG: applying selections to coolRunLister
2009-05-19 23:31 - L1CaloStandalone - INFO: last valid run: 115651
2009-05-19 23:31 - L1CaloStandalone - INFO: searching for new runs from 115652 to 2147483647
2009-05-19 23:31 - L1CaloStandalone - DEBUG:  No new valid run. Last known valid run still: 115651
2009-05-19 23:46 - L1CaloStandalone - INFO: ===> listening for new valid runs <===
2009-05-19 23:46 - L1CaloStandalone - DEBUG: initialising coolRunLister
2009-05-19 23:46 - L1CaloStandalone - DEBUG: applying selections to coolRunLister
2009-05-19 23:46 - L1CaloStandalone - INFO: last valid run: 115651
2009-05-19 23:46 - L1CaloStandalone - INFO: searching for new runs from 115652 to 2147483647
2009-05-19 23:46 - L1CaloStandalone - DEBUG:  No new valid run. Last known valid run still: 115651
