2009-05-07 09:29 - L1CaloStandalone - INFO: ========================================
2009-05-07 09:29 - L1CaloStandalone - INFO: RunListener in init
2009-05-07 09:29 - L1CaloStandalone - INFO: RunListener initialized
2009-05-07 09:29 - L1CaloStandalone - INFO: ========================================
2009-05-07 09:29 - L1CaloStandalone - INFO: ===> from initRunListener <===
2009-05-07 09:29 - L1CaloStandalone - INFO: 
RunListener L1CaloStandaloneinitialised with the following parameters:
TDAQ DB: COOLONL_TDAQ/COMP200
TRIG DB: COOLONL_TRIGGER/COMP200
Status DB: COOLONL_TDAQ/COMP200
log level: 0
oracle: False
rec. only: True
det. mask: 0
run type: Physics
det. status: 2
det. status tag: HEAD
daq partition: 
 * L1CaloStandalone
tag: 
format: acertd
reverse: False
stoptimestamp: True
cleanstop: True
hasevents: True
last valid run known: 0

2009-05-07 09:45 - L1CaloStandalone - INFO: ===> listening for new valid runs <===
2009-05-07 09:45 - L1CaloStandalone - DEBUG: initialising coolRunLister
2009-05-07 09:45 - L1CaloStandalone - DEBUG: applying selections to coolRunLister
2009-05-07 09:45 - L1CaloStandalone - INFO: last valid run: 113232
2009-05-07 09:45 - L1CaloStandalone - INFO: searching for new runs from 113233 to 2147483647
2009-05-07 09:45 - L1CaloStandalone - DEBUG: new last known run: 114163
2009-05-07 09:45 - L1CaloStandalone - DEBUG: 
     Run   Events  LumiB            StartTime             StopTime L1Events L2Events EFEvents ErrC Rec Cln RunType                  DetectorMask DAQConfiguration     PartitionName    FilenameTag         
  113234     1324      1  2009-04-25:08:18:47  2009-04-25:08:21:38     1324     1324     1324    0  No Yes Physics                    7c00000000 Schema=136:Data=6    L1CaloStandalone data_test           
     Run   Events  LumiB            StartTime             StopTime L1Events L2Events EFEvents ErrC Rec Cln RunType                  DetectorMask DAQConfiguration     PartitionName    FilenameTag         
  113237     1260      1  2009-04-25:09:11:51  2009-04-25:09:13:57     1260     1260     1260    0  No Yes Physics                    7c00000000 Schema=136:Data=6    L1CaloStandalone data_test           
     Run   Events  LumiB            StartTime             StopTime L1Events L2Events EFEvents ErrC Rec Cln RunType                  DetectorMask DAQConfiguration     PartitionName    FilenameTag         
  113282     1264      1  2009-04-26:15:55:34  2009-04-26:15:57:40     1264     1264     1264    0  No Yes Physics                    7c00000000 Schema=136:Data=6    L1CaloStandalone data_test           
     Run   Events  LumiB            StartTime             StopTime L1Events L2Events EFEvents ErrC Rec Cln RunType                  DetectorMask DAQConfiguration     PartitionName    FilenameTag         
  114150     1308      1  2009-05-04:15:12:59  2009-05-04:15:15:51     1308     1308     1308    0  No Yes Physics                    7c00000000 Schema=139:Data=29   L1CaloStandalone data_test           
     Run   Events  LumiB            StartTime             StopTime L1Events L2Events EFEvents ErrC Rec Cln RunType                  DetectorMask DAQConfiguration     PartitionName    FilenameTag         
  114160     1264      1  2009-05-04:15:55:53  2009-05-04:15:57:59     1264     1264     1264    0  No Yes Physics                    7c00000000 Schema=139:Data=29   L1CaloStandalone data_test           
     Run   Events  LumiB            StartTime             StopTime L1Events L2Events EFEvents ErrC Rec Cln RunType                  DetectorMask DAQConfiguration     PartitionName    FilenameTag         
  114163     4133      1  2009-05-04:16:09:49  2009-05-04:16:10:00     4133     4133     4133    0  No Yes Physics                    7c00000000                      L1CaloStandalone data_test           

2009-05-07 10:00 - L1CaloStandalone - INFO: ===> listening for new valid runs <===
2009-05-07 10:00 - L1CaloStandalone - DEBUG: initialising coolRunLister
2009-05-07 10:00 - L1CaloStandalone - DEBUG: applying selections to coolRunLister
2009-05-07 10:00 - L1CaloStandalone - INFO: last valid run: 114163
2009-05-07 10:00 - L1CaloStandalone - INFO: searching for new runs from 114164 to 2147483647
2009-05-07 10:00 - L1CaloStandalone - DEBUG:  No new valid run. Last known valid run still: 114163
2009-05-07 10:16 - L1CaloStandalone - INFO: ===> listening for new valid runs <===
2009-05-07 10:16 - L1CaloStandalone - DEBUG: initialising coolRunLister
2009-05-07 10:16 - L1CaloStandalone - DEBUG: applying selections to coolRunLister
2009-05-07 10:16 - L1CaloStandalone - INFO: last valid run: 114163
2009-05-07 10:16 - L1CaloStandalone - INFO: searching for new runs from 114164 to 2147483647
2009-05-07 10:16 - L1CaloStandalone - DEBUG:  No new valid run. Last known valid run still: 114163
2009-05-07 10:31 - L1CaloStandalone - INFO: ===> listening for new valid runs <===
2009-05-07 10:31 - L1CaloStandalone - DEBUG: initialising coolRunLister
2009-05-07 10:31 - L1CaloStandalone - DEBUG: applying selections to coolRunLister
2009-05-07 10:31 - L1CaloStandalone - INFO: last valid run: 114163
2009-05-07 10:31 - L1CaloStandalone - INFO: searching for new runs from 114164 to 2147483647
2009-05-07 10:31 - L1CaloStandalone - DEBUG:  No new valid run. Last known valid run still: 114163
2009-05-07 10:46 - L1CaloStandalone - INFO: ===> listening for new valid runs <===
2009-05-07 10:46 - L1CaloStandalone - DEBUG: initialising coolRunLister
2009-05-07 10:46 - L1CaloStandalone - DEBUG: applying selections to coolRunLister
2009-05-07 10:46 - L1CaloStandalone - INFO: last valid run: 114163
2009-05-07 10:46 - L1CaloStandalone - INFO: searching for new runs from 114164 to 2147483647
2009-05-07 10:46 - L1CaloStandalone - DEBUG:  No new valid run. Last known valid run still: 114163
2009-05-07 11:01 - L1CaloStandalone - INFO: ===> listening for new valid runs <===
2009-05-07 11:01 - L1CaloStandalone - DEBUG: initialising coolRunLister
2009-05-07 11:01 - L1CaloStandalone - DEBUG: applying selections to coolRunLister
2009-05-07 11:01 - L1CaloStandalone - INFO: last valid run: 114163
2009-05-07 11:01 - L1CaloStandalone - INFO: searching for new runs from 114164 to 2147483647
2009-05-07 11:01 - L1CaloStandalone - DEBUG:  No new valid run. Last known valid run still: 114163
2009-05-07 11:17 - L1CaloStandalone - INFO: ===> listening for new valid runs <===
2009-05-07 11:17 - L1CaloStandalone - DEBUG: initialising coolRunLister
2009-05-07 11:17 - L1CaloStandalone - DEBUG: applying selections to coolRunLister
2009-05-07 11:17 - L1CaloStandalone - INFO: last valid run: 114163
2009-05-07 11:17 - L1CaloStandalone - INFO: searching for new runs from 114164 to 2147483647
2009-05-07 11:17 - L1CaloStandalone - DEBUG:  No new valid run. Last known valid run still: 114163
2009-05-07 11:32 - L1CaloStandalone - INFO: ===> listening for new valid runs <===
2009-05-07 11:32 - L1CaloStandalone - DEBUG: initialising coolRunLister
2009-05-07 11:32 - L1CaloStandalone - DEBUG: applying selections to coolRunLister
2009-05-07 11:32 - L1CaloStandalone - INFO: last valid run: 114163
2009-05-07 11:32 - L1CaloStandalone - INFO: searching for new runs from 114164 to 2147483647
2009-05-07 11:32 - L1CaloStandalone - DEBUG:  No new valid run. Last known valid run still: 114163
2009-05-07 11:47 - L1CaloStandalone - INFO: ===> listening for new valid runs <===
2009-05-07 11:47 - L1CaloStandalone - DEBUG: initialising coolRunLister
2009-05-07 11:47 - L1CaloStandalone - DEBUG: applying selections to coolRunLister
2009-05-07 11:47 - L1CaloStandalone - INFO: last valid run: 114163
2009-05-07 11:47 - L1CaloStandalone - INFO: searching for new runs from 114164 to 2147483647
2009-05-07 11:47 - L1CaloStandalone - DEBUG:  No new valid run. Last known valid run still: 114163
2009-05-07 12:02 - L1CaloStandalone - INFO: ===> listening for new valid runs <===
2009-05-07 12:02 - L1CaloStandalone - DEBUG: initialising coolRunLister
2009-05-07 12:02 - L1CaloStandalone - DEBUG: applying selections to coolRunLister
2009-05-07 12:02 - L1CaloStandalone - INFO: last valid run: 114163
2009-05-07 12:02 - L1CaloStandalone - INFO: searching for new runs from 114164 to 2147483647
2009-05-07 12:03 - L1CaloStandalone - DEBUG:  No new valid run. Last known valid run still: 114163
2009-05-07 12:18 - L1CaloStandalone - INFO: ===> listening for new valid runs <===
2009-05-07 12:18 - L1CaloStandalone - DEBUG: initialising coolRunLister
2009-05-07 12:18 - L1CaloStandalone - DEBUG: applying selections to coolRunLister
2009-05-07 12:18 - L1CaloStandalone - INFO: last valid run: 114163
2009-05-07 12:18 - L1CaloStandalone - INFO: searching for new runs from 114164 to 2147483647
2009-05-07 12:18 - L1CaloStandalone - DEBUG:  No new valid run. Last known valid run still: 114163
2009-05-07 12:33 - L1CaloStandalone - INFO: ===> listening for new valid runs <===
2009-05-07 12:33 - L1CaloStandalone - DEBUG: initialising coolRunLister
2009-05-07 12:33 - L1CaloStandalone - DEBUG: applying selections to coolRunLister
2009-05-07 12:33 - L1CaloStandalone - INFO: last valid run: 114163
2009-05-07 12:33 - L1CaloStandalone - INFO: searching for new runs from 114164 to 2147483647
2009-05-07 12:33 - L1CaloStandalone - DEBUG:  No new valid run. Last known valid run still: 114163
2009-05-07 12:48 - L1CaloStandalone - INFO: ===> listening for new valid runs <===
2009-05-07 12:48 - L1CaloStandalone - DEBUG: initialising coolRunLister
2009-05-07 12:48 - L1CaloStandalone - DEBUG: applying selections to coolRunLister
2009-05-07 12:48 - L1CaloStandalone - INFO: last valid run: 114163
2009-05-07 12:48 - L1CaloStandalone - INFO: searching for new runs from 114164 to 2147483647
2009-05-07 12:48 - L1CaloStandalone - DEBUG:  No new valid run. Last known valid run still: 114163
2009-05-07 13:03 - L1CaloStandalone - INFO: ===> listening for new valid runs <===
2009-05-07 13:03 - L1CaloStandalone - DEBUG: initialising coolRunLister
2009-05-07 13:03 - L1CaloStandalone - DEBUG: applying selections to coolRunLister
2009-05-07 13:03 - L1CaloStandalone - INFO: last valid run: 114163
2009-05-07 13:03 - L1CaloStandalone - INFO: searching for new runs from 114164 to 2147483647
2009-05-07 13:03 - L1CaloStandalone - DEBUG:  No new valid run. Last known valid run still: 114163
2009-05-07 13:19 - L1CaloStandalone - INFO: ===> listening for new valid runs <===
2009-05-07 13:19 - L1CaloStandalone - DEBUG: initialising coolRunLister
2009-05-07 13:19 - L1CaloStandalone - DEBUG: applying selections to coolRunLister
2009-05-07 13:19 - L1CaloStandalone - INFO: last valid run: 114163
2009-05-07 13:19 - L1CaloStandalone - INFO: searching for new runs from 114164 to 2147483647
2009-05-07 13:19 - L1CaloStandalone - DEBUG:  No new valid run. Last known valid run still: 114163
2009-05-07 13:34 - L1CaloStandalone - INFO: ===> listening for new valid runs <===
2009-05-07 13:34 - L1CaloStandalone - DEBUG: initialising coolRunLister
2009-05-07 13:34 - L1CaloStandalone - DEBUG: applying selections to coolRunLister
2009-05-07 13:34 - L1CaloStandalone - INFO: last valid run: 114163
2009-05-07 13:34 - L1CaloStandalone - INFO: searching for new runs from 114164 to 2147483647
2009-05-07 13:34 - L1CaloStandalone - DEBUG:  No new valid run. Last known valid run still: 114163
2009-05-07 13:49 - L1CaloStandalone - INFO: ===> listening for new valid runs <===
2009-05-07 13:49 - L1CaloStandalone - DEBUG: initialising coolRunLister
2009-05-07 13:49 - L1CaloStandalone - DEBUG: applying selections to coolRunLister
2009-05-07 13:49 - L1CaloStandalone - INFO: last valid run: 114163
2009-05-07 13:49 - L1CaloStandalone - INFO: searching for new runs from 114164 to 2147483647
2009-05-07 13:49 - L1CaloStandalone - DEBUG:  No new valid run. Last known valid run still: 114163
2009-05-07 14:04 - L1CaloStandalone - INFO: ===> listening for new valid runs <===
2009-05-07 14:04 - L1CaloStandalone - DEBUG: initialising coolRunLister
2009-05-07 14:04 - L1CaloStandalone - DEBUG: applying selections to coolRunLister
2009-05-07 14:04 - L1CaloStandalone - INFO: last valid run: 114163
2009-05-07 14:04 - L1CaloStandalone - INFO: searching for new runs from 114164 to 2147483647
2009-05-07 14:04 - L1CaloStandalone - DEBUG:  No new valid run. Last known valid run still: 114163
2009-05-07 14:19 - L1CaloStandalone - INFO: ===> listening for new valid runs <===
2009-05-07 14:19 - L1CaloStandalone - DEBUG: initialising coolRunLister
2009-05-07 14:19 - L1CaloStandalone - DEBUG: applying selections to coolRunLister
2009-05-07 14:19 - L1CaloStandalone - INFO: last valid run: 114163
2009-05-07 14:19 - L1CaloStandalone - INFO: searching for new runs from 114164 to 2147483647
2009-05-07 14:19 - L1CaloStandalone - DEBUG:  No new valid run. Last known valid run still: 114163
2009-05-07 14:35 - L1CaloStandalone - INFO: ===> listening for new valid runs <===
2009-05-07 14:35 - L1CaloStandalone - DEBUG: initialising coolRunLister
2009-05-07 14:35 - L1CaloStandalone - DEBUG: applying selections to coolRunLister
2009-05-07 14:35 - L1CaloStandalone - INFO: last valid run: 114163
2009-05-07 14:35 - L1CaloStandalone - INFO: searching for new runs from 114164 to 2147483647
2009-05-07 14:35 - L1CaloStandalone - DEBUG:  No new valid run. Last known valid run still: 114163
2009-05-07 14:50 - L1CaloStandalone - INFO: ===> listening for new valid runs <===
2009-05-07 14:50 - L1CaloStandalone - DEBUG: initialising coolRunLister
2009-05-07 14:50 - L1CaloStandalone - DEBUG: applying selections to coolRunLister
2009-05-07 14:50 - L1CaloStandalone - INFO: last valid run: 114163
2009-05-07 14:50 - L1CaloStandalone - INFO: searching for new runs from 114164 to 2147483647
2009-05-07 14:50 - L1CaloStandalone - DEBUG:  No new valid run. Last known valid run still: 114163
2009-05-07 15:05 - L1CaloStandalone - INFO: ===> listening for new valid runs <===
2009-05-07 15:05 - L1CaloStandalone - DEBUG: initialising coolRunLister
2009-05-07 15:05 - L1CaloStandalone - DEBUG: applying selections to coolRunLister
2009-05-07 15:05 - L1CaloStandalone - INFO: last valid run: 114163
2009-05-07 15:05 - L1CaloStandalone - INFO: searching for new runs from 114164 to 2147483647
2009-05-07 15:05 - L1CaloStandalone - DEBUG:  No new valid run. Last known valid run still: 114163
2009-05-07 15:20 - L1CaloStandalone - INFO: ===> listening for new valid runs <===
2009-05-07 15:20 - L1CaloStandalone - DEBUG: initialising coolRunLister
2009-05-07 15:20 - L1CaloStandalone - DEBUG: applying selections to coolRunLister
2009-05-07 15:20 - L1CaloStandalone - INFO: last valid run: 114163
2009-05-07 15:20 - L1CaloStandalone - INFO: searching for new runs from 114164 to 2147483647
2009-05-07 15:20 - L1CaloStandalone - DEBUG:  No new valid run. Last known valid run still: 114163
2009-05-07 15:35 - L1CaloStandalone - INFO: ===> listening for new valid runs <===
2009-05-07 15:35 - L1CaloStandalone - DEBUG: initialising coolRunLister
2009-05-07 15:35 - L1CaloStandalone - DEBUG: applying selections to coolRunLister
2009-05-07 15:35 - L1CaloStandalone - INFO: last valid run: 114163
2009-05-07 15:35 - L1CaloStandalone - INFO: searching for new runs from 114164 to 2147483647
2009-05-07 15:36 - L1CaloStandalone - DEBUG:  No new valid run. Last known valid run still: 114163
2009-05-07 15:51 - L1CaloStandalone - INFO: ===> listening for new valid runs <===
2009-05-07 15:51 - L1CaloStandalone - DEBUG: initialising coolRunLister
2009-05-07 15:51 - L1CaloStandalone - DEBUG: applying selections to coolRunLister
2009-05-07 15:51 - L1CaloStandalone - INFO: last valid run: 114163
2009-05-07 15:51 - L1CaloStandalone - INFO: searching for new runs from 114164 to 2147483647
2009-05-07 15:51 - L1CaloStandalone - DEBUG:  No new valid run. Last known valid run still: 114163
2009-05-07 16:06 - L1CaloStandalone - INFO: ===> listening for new valid runs <===
2009-05-07 16:06 - L1CaloStandalone - DEBUG: initialising coolRunLister
2009-05-07 16:06 - L1CaloStandalone - DEBUG: applying selections to coolRunLister
2009-05-07 16:06 - L1CaloStandalone - INFO: last valid run: 114163
2009-05-07 16:06 - L1CaloStandalone - INFO: searching for new runs from 114164 to 2147483647
2009-05-07 16:06 - L1CaloStandalone - DEBUG:  No new valid run. Last known valid run still: 114163
2009-05-07 16:21 - L1CaloStandalone - INFO: ===> listening for new valid runs <===
2009-05-07 16:21 - L1CaloStandalone - DEBUG: initialising coolRunLister
2009-05-07 16:21 - L1CaloStandalone - DEBUG: applying selections to coolRunLister
2009-05-07 16:21 - L1CaloStandalone - INFO: last valid run: 114163
2009-05-07 16:21 - L1CaloStandalone - INFO: searching for new runs from 114164 to 2147483647
2009-05-07 16:21 - L1CaloStandalone - DEBUG:  No new valid run. Last known valid run still: 114163
2009-05-07 16:36 - L1CaloStandalone - INFO: ===> listening for new valid runs <===
2009-05-07 16:36 - L1CaloStandalone - DEBUG: initialising coolRunLister
2009-05-07 16:36 - L1CaloStandalone - DEBUG: applying selections to coolRunLister
2009-05-07 16:36 - L1CaloStandalone - INFO: last valid run: 114163
2009-05-07 16:36 - L1CaloStandalone - INFO: searching for new runs from 114164 to 2147483647
2009-05-07 16:36 - L1CaloStandalone - DEBUG:  No new valid run. Last known valid run still: 114163
2009-05-07 16:52 - L1CaloStandalone - INFO: ===> listening for new valid runs <===
2009-05-07 16:52 - L1CaloStandalone - DEBUG: initialising coolRunLister
2009-05-07 16:52 - L1CaloStandalone - DEBUG: applying selections to coolRunLister
2009-05-07 16:52 - L1CaloStandalone - INFO: last valid run: 114163
2009-05-07 16:52 - L1CaloStandalone - INFO: searching for new runs from 114164 to 2147483647
2009-05-07 16:52 - L1CaloStandalone - DEBUG:  No new valid run. Last known valid run still: 114163
2009-05-07 17:07 - L1CaloStandalone - INFO: ===> listening for new valid runs <===
2009-05-07 17:07 - L1CaloStandalone - DEBUG: initialising coolRunLister
2009-05-07 17:07 - L1CaloStandalone - DEBUG: applying selections to coolRunLister
2009-05-07 17:07 - L1CaloStandalone - INFO: last valid run: 114163
2009-05-07 17:07 - L1CaloStandalone - INFO: searching for new runs from 114164 to 2147483647
2009-05-07 17:07 - L1CaloStandalone - DEBUG:  No new valid run. Last known valid run still: 114163
2009-05-07 17:22 - L1CaloStandalone - INFO: ===> listening for new valid runs <===
2009-05-07 17:22 - L1CaloStandalone - DEBUG: initialising coolRunLister
2009-05-07 17:22 - L1CaloStandalone - DEBUG: applying selections to coolRunLister
2009-05-07 17:22 - L1CaloStandalone - INFO: last valid run: 114163
2009-05-07 17:22 - L1CaloStandalone - INFO: searching for new runs from 114164 to 2147483647
2009-05-07 17:22 - L1CaloStandalone - DEBUG:  No new valid run. Last known valid run still: 114163
2009-05-07 17:37 - L1CaloStandalone - INFO: ===> listening for new valid runs <===
2009-05-07 17:37 - L1CaloStandalone - DEBUG: initialising coolRunLister
2009-05-07 17:37 - L1CaloStandalone - DEBUG: applying selections to coolRunLister
2009-05-07 17:37 - L1CaloStandalone - INFO: last valid run: 114163
2009-05-07 17:37 - L1CaloStandalone - INFO: searching for new runs from 114164 to 2147483647
2009-05-07 17:37 - L1CaloStandalone - DEBUG:  No new valid run. Last known valid run still: 114163
2009-05-07 17:52 - L1CaloStandalone - INFO: ===> listening for new valid runs <===
2009-05-07 17:52 - L1CaloStandalone - DEBUG: initialising coolRunLister
2009-05-07 17:52 - L1CaloStandalone - DEBUG: applying selections to coolRunLister
2009-05-07 17:52 - L1CaloStandalone - INFO: last valid run: 114163
2009-05-07 17:52 - L1CaloStandalone - INFO: searching for new runs from 114164 to 2147483647
2009-05-07 17:53 - L1CaloStandalone - DEBUG:  No new valid run. Last known valid run still: 114163
2009-05-07 18:08 - L1CaloStandalone - INFO: ===> listening for new valid runs <===
2009-05-07 18:08 - L1CaloStandalone - DEBUG: initialising coolRunLister
2009-05-07 18:08 - L1CaloStandalone - DEBUG: applying selections to coolRunLister
2009-05-07 18:08 - L1CaloStandalone - INFO: last valid run: 114163
2009-05-07 18:08 - L1CaloStandalone - INFO: searching for new runs from 114164 to 2147483647
2009-05-07 18:08 - L1CaloStandalone - DEBUG:  No new valid run. Last known valid run still: 114163
2009-05-07 18:23 - L1CaloStandalone - INFO: ===> listening for new valid runs <===
2009-05-07 18:23 - L1CaloStandalone - DEBUG: initialising coolRunLister
2009-05-07 18:23 - L1CaloStandalone - DEBUG: applying selections to coolRunLister
2009-05-07 18:23 - L1CaloStandalone - INFO: last valid run: 114163
2009-05-07 18:23 - L1CaloStandalone - INFO: searching for new runs from 114164 to 2147483647
2009-05-07 18:23 - L1CaloStandalone - DEBUG:  No new valid run. Last known valid run still: 114163
2009-05-07 18:38 - L1CaloStandalone - INFO: ===> listening for new valid runs <===
2009-05-07 18:38 - L1CaloStandalone - DEBUG: initialising coolRunLister
2009-05-07 18:38 - L1CaloStandalone - DEBUG: applying selections to coolRunLister
2009-05-07 18:38 - L1CaloStandalone - INFO: last valid run: 114163
2009-05-07 18:38 - L1CaloStandalone - INFO: searching for new runs from 114164 to 2147483647
2009-05-07 18:38 - L1CaloStandalone - DEBUG:  No new valid run. Last known valid run still: 114163
2009-05-07 18:53 - L1CaloStandalone - INFO: ===> listening for new valid runs <===
2009-05-07 18:53 - L1CaloStandalone - DEBUG: initialising coolRunLister
2009-05-07 18:53 - L1CaloStandalone - DEBUG: applying selections to coolRunLister
2009-05-07 18:53 - L1CaloStandalone - INFO: last valid run: 114163
2009-05-07 18:53 - L1CaloStandalone - INFO: searching for new runs from 114164 to 2147483647
2009-05-07 18:53 - L1CaloStandalone - DEBUG:  No new valid run. Last known valid run still: 114163
2009-05-07 19:09 - L1CaloStandalone - INFO: ===> listening for new valid runs <===
2009-05-07 19:09 - L1CaloStandalone - DEBUG: initialising coolRunLister
2009-05-07 19:09 - L1CaloStandalone - DEBUG: applying selections to coolRunLister
2009-05-07 19:09 - L1CaloStandalone - INFO: last valid run: 114163
2009-05-07 19:09 - L1CaloStandalone - INFO: searching for new runs from 114164 to 2147483647
2009-05-07 19:09 - L1CaloStandalone - DEBUG:  No new valid run. Last known valid run still: 114163
2009-05-07 19:24 - L1CaloStandalone - INFO: ===> listening for new valid runs <===
2009-05-07 19:24 - L1CaloStandalone - DEBUG: initialising coolRunLister
2009-05-07 19:24 - L1CaloStandalone - DEBUG: applying selections to coolRunLister
2009-05-07 19:24 - L1CaloStandalone - INFO: last valid run: 114163
2009-05-07 19:24 - L1CaloStandalone - INFO: searching for new runs from 114164 to 2147483647
2009-05-07 19:24 - L1CaloStandalone - DEBUG:  No new valid run. Last known valid run still: 114163
2009-05-07 19:39 - L1CaloStandalone - INFO: ===> listening for new valid runs <===
2009-05-07 19:39 - L1CaloStandalone - DEBUG: initialising coolRunLister
2009-05-07 19:39 - L1CaloStandalone - DEBUG: applying selections to coolRunLister
2009-05-07 19:39 - L1CaloStandalone - INFO: last valid run: 114163
2009-05-07 19:39 - L1CaloStandalone - INFO: searching for new runs from 114164 to 2147483647
2009-05-07 19:39 - L1CaloStandalone - DEBUG:  No new valid run. Last known valid run still: 114163
2009-05-07 19:54 - L1CaloStandalone - INFO: ===> listening for new valid runs <===
2009-05-07 19:54 - L1CaloStandalone - DEBUG: initialising coolRunLister
2009-05-07 19:54 - L1CaloStandalone - DEBUG: applying selections to coolRunLister
2009-05-07 19:54 - L1CaloStandalone - INFO: last valid run: 114163
2009-05-07 19:54 - L1CaloStandalone - INFO: searching for new runs from 114164 to 2147483647
2009-05-07 19:54 - L1CaloStandalone - DEBUG:  No new valid run. Last known valid run still: 114163
2009-05-07 20:09 - L1CaloStandalone - INFO: ===> listening for new valid runs <===
2009-05-07 20:09 - L1CaloStandalone - DEBUG: initialising coolRunLister
2009-05-07 20:09 - L1CaloStandalone - DEBUG: applying selections to coolRunLister
2009-05-07 20:09 - L1CaloStandalone - INFO: last valid run: 114163
2009-05-07 20:09 - L1CaloStandalone - INFO: searching for new runs from 114164 to 2147483647
2009-05-07 20:09 - L1CaloStandalone - DEBUG:  No new valid run. Last known valid run still: 114163
2009-05-07 20:25 - L1CaloStandalone - INFO: ===> listening for new valid runs <===
2009-05-07 20:25 - L1CaloStandalone - DEBUG: initialising coolRunLister
2009-05-07 20:25 - L1CaloStandalone - DEBUG: applying selections to coolRunLister
2009-05-07 20:25 - L1CaloStandalone - INFO: last valid run: 114163
2009-05-07 20:25 - L1CaloStandalone - INFO: searching for new runs from 114164 to 2147483647
2009-05-07 20:25 - L1CaloStandalone - DEBUG:  No new valid run. Last known valid run still: 114163
2009-05-07 20:40 - L1CaloStandalone - INFO: ===> listening for new valid runs <===
2009-05-07 20:40 - L1CaloStandalone - DEBUG: initialising coolRunLister
2009-05-07 20:40 - L1CaloStandalone - DEBUG: applying selections to coolRunLister
2009-05-07 20:40 - L1CaloStandalone - INFO: last valid run: 114163
2009-05-07 20:40 - L1CaloStandalone - INFO: searching for new runs from 114164 to 2147483647
2009-05-07 20:40 - L1CaloStandalone - DEBUG:  No new valid run. Last known valid run still: 114163
2009-05-07 20:55 - L1CaloStandalone - INFO: ===> listening for new valid runs <===
2009-05-07 20:55 - L1CaloStandalone - DEBUG: initialising coolRunLister
2009-05-07 20:55 - L1CaloStandalone - DEBUG: applying selections to coolRunLister
2009-05-07 20:55 - L1CaloStandalone - INFO: last valid run: 114163
2009-05-07 20:55 - L1CaloStandalone - INFO: searching for new runs from 114164 to 2147483647
2009-05-07 20:55 - L1CaloStandalone - DEBUG:  No new valid run. Last known valid run still: 114163
2009-05-07 21:10 - L1CaloStandalone - INFO: ===> listening for new valid runs <===
2009-05-07 21:10 - L1CaloStandalone - DEBUG: initialising coolRunLister
2009-05-07 21:10 - L1CaloStandalone - DEBUG: applying selections to coolRunLister
2009-05-07 21:10 - L1CaloStandalone - INFO: last valid run: 114163
2009-05-07 21:10 - L1CaloStandalone - INFO: searching for new runs from 114164 to 2147483647
2009-05-07 21:10 - L1CaloStandalone - DEBUG:  No new valid run. Last known valid run still: 114163
2009-05-07 21:25 - L1CaloStandalone - INFO: ===> listening for new valid runs <===
2009-05-07 21:25 - L1CaloStandalone - DEBUG: initialising coolRunLister
2009-05-07 21:25 - L1CaloStandalone - DEBUG: applying selections to coolRunLister
2009-05-07 21:25 - L1CaloStandalone - INFO: last valid run: 114163
2009-05-07 21:25 - L1CaloStandalone - INFO: searching for new runs from 114164 to 2147483647
2009-05-07 21:26 - L1CaloStandalone - DEBUG:  No new valid run. Last known valid run still: 114163
2009-05-07 21:41 - L1CaloStandalone - INFO: ===> listening for new valid runs <===
2009-05-07 21:41 - L1CaloStandalone - DEBUG: initialising coolRunLister
2009-05-07 21:41 - L1CaloStandalone - DEBUG: applying selections to coolRunLister
2009-05-07 21:41 - L1CaloStandalone - INFO: last valid run: 114163
2009-05-07 21:41 - L1CaloStandalone - INFO: searching for new runs from 114164 to 2147483647
2009-05-07 21:41 - L1CaloStandalone - DEBUG:  No new valid run. Last known valid run still: 114163
2009-05-07 21:56 - L1CaloStandalone - INFO: ===> listening for new valid runs <===
2009-05-07 21:56 - L1CaloStandalone - DEBUG: initialising coolRunLister
2009-05-07 21:56 - L1CaloStandalone - DEBUG: applying selections to coolRunLister
2009-05-07 21:56 - L1CaloStandalone - INFO: last valid run: 114163
2009-05-07 21:56 - L1CaloStandalone - INFO: searching for new runs from 114164 to 2147483647
2009-05-07 21:56 - L1CaloStandalone - DEBUG:  No new valid run. Last known valid run still: 114163
2009-05-07 22:11 - L1CaloStandalone - INFO: ===> listening for new valid runs <===
2009-05-07 22:11 - L1CaloStandalone - DEBUG: initialising coolRunLister
2009-05-07 22:11 - L1CaloStandalone - DEBUG: applying selections to coolRunLister
2009-05-07 22:11 - L1CaloStandalone - INFO: last valid run: 114163
2009-05-07 22:11 - L1CaloStandalone - INFO: searching for new runs from 114164 to 2147483647
2009-05-07 22:11 - L1CaloStandalone - DEBUG:  No new valid run. Last known valid run still: 114163
2009-05-07 22:26 - L1CaloStandalone - INFO: ===> listening for new valid runs <===
2009-05-07 22:26 - L1CaloStandalone - DEBUG: initialising coolRunLister
2009-05-07 22:26 - L1CaloStandalone - DEBUG: applying selections to coolRunLister
2009-05-07 22:26 - L1CaloStandalone - INFO: last valid run: 114163
2009-05-07 22:26 - L1CaloStandalone - INFO: searching for new runs from 114164 to 2147483647
2009-05-07 22:26 - L1CaloStandalone - DEBUG:  No new valid run. Last known valid run still: 114163
2009-05-07 22:42 - L1CaloStandalone - INFO: ===> listening for new valid runs <===
2009-05-07 22:42 - L1CaloStandalone - DEBUG: initialising coolRunLister
2009-05-07 22:42 - L1CaloStandalone - DEBUG: applying selections to coolRunLister
2009-05-07 22:42 - L1CaloStandalone - INFO: last valid run: 114163
2009-05-07 22:42 - L1CaloStandalone - INFO: searching for new runs from 114164 to 2147483647
2009-05-07 22:42 - L1CaloStandalone - DEBUG:  No new valid run. Last known valid run still: 114163
2009-05-07 22:57 - L1CaloStandalone - INFO: ===> listening for new valid runs <===
2009-05-07 22:57 - L1CaloStandalone - DEBUG: initialising coolRunLister
2009-05-07 22:57 - L1CaloStandalone - DEBUG: applying selections to coolRunLister
2009-05-07 22:57 - L1CaloStandalone - INFO: last valid run: 114163
2009-05-07 22:57 - L1CaloStandalone - INFO: searching for new runs from 114164 to 2147483647
2009-05-07 22:57 - L1CaloStandalone - DEBUG:  No new valid run. Last known valid run still: 114163
2009-05-07 23:12 - L1CaloStandalone - INFO: ===> listening for new valid runs <===
2009-05-07 23:12 - L1CaloStandalone - DEBUG: initialising coolRunLister
2009-05-07 23:12 - L1CaloStandalone - DEBUG: applying selections to coolRunLister
2009-05-07 23:12 - L1CaloStandalone - INFO: last valid run: 114163
2009-05-07 23:12 - L1CaloStandalone - INFO: searching for new runs from 114164 to 2147483647
2009-05-07 23:12 - L1CaloStandalone - DEBUG:  No new valid run. Last known valid run still: 114163
2009-05-07 23:27 - L1CaloStandalone - INFO: ===> listening for new valid runs <===
2009-05-07 23:27 - L1CaloStandalone - DEBUG: initialising coolRunLister
2009-05-07 23:27 - L1CaloStandalone - DEBUG: applying selections to coolRunLister
2009-05-07 23:27 - L1CaloStandalone - INFO: last valid run: 114163
2009-05-07 23:27 - L1CaloStandalone - INFO: searching for new runs from 114164 to 2147483647
2009-05-07 23:27 - L1CaloStandalone - DEBUG:  No new valid run. Last known valid run still: 114163
2009-05-07 23:42 - L1CaloStandalone - INFO: ===> listening for new valid runs <===
2009-05-07 23:42 - L1CaloStandalone - DEBUG: initialising coolRunLister
2009-05-07 23:42 - L1CaloStandalone - DEBUG: applying selections to coolRunLister
2009-05-07 23:42 - L1CaloStandalone - INFO: last valid run: 114163
2009-05-07 23:42 - L1CaloStandalone - INFO: searching for new runs from 114164 to 2147483647
2009-05-07 23:42 - L1CaloStandalone - DEBUG:  No new valid run. Last known valid run still: 114163
2009-05-07 23:58 - L1CaloStandalone - INFO: ===> listening for new valid runs <===
2009-05-07 23:58 - L1CaloStandalone - DEBUG: initialising coolRunLister
2009-05-07 23:58 - L1CaloStandalone - DEBUG: applying selections to coolRunLister
2009-05-07 23:58 - L1CaloStandalone - INFO: last valid run: 114163
2009-05-07 23:58 - L1CaloStandalone - INFO: searching for new runs from 114164 to 2147483647
2009-05-07 23:58 - L1CaloStandalone - DEBUG:  No new valid run. Last known valid run still: 114163
