2009-06-25 00:00 - TileCalibL1Calo - INFO: ========================================
2009-06-25 00:00 - TileCalibL1Calo - INFO: RunListener in init
2009-06-25 00:00 - TileCalibL1Calo - INFO: RunListener initialized
2009-06-25 00:00 - TileCalibL1Calo - INFO: ========================================
2009-06-25 00:00 - TileCalibL1Calo - INFO: ===> from initRunListener <===
2009-06-25 00:00 - TileCalibL1Calo - INFO: 
RunListener TileCalibL1Caloinitialised with the following parameters:
TDAQ DB: COOLONL_TDAQ/COMP200
TRIG DB: COOLONL_TRIGGER/COMP200
Status DB: COOLONL_TDAQ/COMP200
log level: 0
oracle: False
rec. only: True
det. mask: 0
run type: cismono
det. status: 2
det. status tag: HEAD
daq partition: 
 * L1CaloCombined
 * TileL1CaloCombined
tag: 
format: acertd
reverse: False
stoptimestamp: True
cleanstop: True
hasevents: True
last valid run known: 0

2009-06-25 00:15 - TileCalibL1Calo - INFO: ===> listening for new valid runs <===
2009-06-25 00:15 - TileCalibL1Calo - DEBUG: initialising coolRunLister
2009-06-25 00:15 - TileCalibL1Calo - DEBUG: applying selections to coolRunLister
2009-06-25 00:15 - TileCalibL1Calo - INFO: last valid run: 104000
2009-06-25 00:15 - TileCalibL1Calo - INFO: searching for new runs from 104001 to 2147483647
2009-06-25 00:17 - TileCalibL1Calo - DEBUG: new last known run: 119630
2009-06-25 00:17 - TileCalibL1Calo - DEBUG: 
     Run   Events  LumiB            StartTime             StopTime L1Events L2Events EFEvents ErrC Rec Cln RunType                  DetectorMask DAQConfiguration     PartitionName    FilenameTag         
  118766     1060      1  2009-06-11:13:11:30  2009-06-11:13:14:36     1060     1060     1060    0  No Yes cismono                    7c00f00000                      TileL1CaloCombined data09_calocomm     
     Run   Events  LumiB            StartTime             StopTime L1Events L2Events EFEvents ErrC Rec Cln RunType                  DetectorMask DAQConfiguration     PartitionName    FilenameTag         
  118768      887      1  2009-06-11:13:17:53  2009-06-11:13:20:38      887      887      887    0  No Yes cismono                    7c00f00000                      TileL1CaloCombined data09_calocomm     
     Run   Events  LumiB            StartTime             StopTime L1Events L2Events EFEvents ErrC Rec Cln RunType                  DetectorMask DAQConfiguration     PartitionName    FilenameTag         
  118769      471      1  2009-06-11:13:22:04  2009-06-11:13:24:37      471      471      471    0  No Yes cismono                    7c00f00000                      TileL1CaloCombined data09_calocomm     
     Run   Events  LumiB            StartTime             StopTime L1Events L2Events EFEvents ErrC Rec Cln RunType                  DetectorMask DAQConfiguration     PartitionName    FilenameTag         
  118772     1791      2  2009-06-11:13:26:29  2009-06-11:13:31:22     1791     1791     1791    0  No Yes cismono                    7c00f00000                      TileL1CaloCombined data09_calocomm     
     Run   Events  LumiB            StartTime             StopTime L1Events L2Events EFEvents ErrC Rec Cln RunType                  DetectorMask DAQConfiguration     PartitionName    FilenameTag         
  118808     1344      2  2009-06-11:15:13:07  2009-06-11:15:24:08     1344     1344     1344    0  No Yes cismono                    7c00f00000                      TileL1CaloCombined data09_calocomm     
     Run   Events  LumiB            StartTime             StopTime L1Events L2Events EFEvents ErrC Rec Cln RunType                  DetectorMask DAQConfiguration     PartitionName    FilenameTag         
  119592     1426      2  2009-06-16:13:14:25  2009-06-16:13:18:26     1426     1426     1426    0  No Yes cismono                    7c00f00000 Schema=154:Data=4    TileL1CaloCombined data09_calocomm     
     Run   Events  LumiB            StartTime             StopTime L1Events L2Events EFEvents ErrC Rec Cln RunType                  DetectorMask DAQConfiguration     PartitionName    FilenameTag         
  119594     2328      3  2009-06-16:13:22:32  2009-06-16:13:28:34     2328     2328     2328    0  No Yes cismono                    7c00f00000 Schema=154:Data=6    TileL1CaloCombined data09_calocomm     
     Run   Events  LumiB            StartTime             StopTime L1Events L2Events EFEvents ErrC Rec Cln RunType                  DetectorMask DAQConfiguration     PartitionName    FilenameTag         
  119597      468      1  2009-06-16:13:34:02  2009-06-16:13:36:34      468      468      468    0  No Yes cismono                    7c00f00000 Schema=154:Data=6    TileL1CaloCombined data09_calocomm     
     Run   Events  LumiB            StartTime             StopTime L1Events L2Events EFEvents ErrC Rec Cln RunType                  DetectorMask DAQConfiguration     PartitionName    FilenameTag         
  119601      817      1  2009-06-16:13:43:46  2009-06-16:13:47:11      817      817      817    0  No Yes cismono                    7c00f00000 Schema=154:Data=6    TileL1CaloCombined data09_calocomm     
     Run   Events  LumiB            StartTime             StopTime L1Events L2Events EFEvents ErrC Rec Cln RunType                  DetectorMask DAQConfiguration     PartitionName    FilenameTag         
  119604      819      1  2009-06-16:13:48:33  2009-06-16:13:51:53      819      819      819    0  No Yes cismono                    7c00f00000 Schema=154:Data=6    TileL1CaloCombined data09_calocomm     
     Run   Events  LumiB            StartTime             StopTime L1Events L2Events EFEvents ErrC Rec Cln RunType                  DetectorMask DAQConfiguration     PartitionName    FilenameTag         
  119609      867      1  2009-06-16:13:53:18  2009-06-16:13:56:43      867      867      867    0  No Yes cismono                    7c00f00000 Schema=154:Data=6    TileL1CaloCombined data09_calocomm     
     Run   Events  LumiB            StartTime             StopTime L1Events L2Events EFEvents ErrC Rec Cln RunType                  DetectorMask DAQConfiguration     PartitionName    FilenameTag         
  119611      828      1  2009-06-16:13:58:14  2009-06-16:14:01:38      828      828      828    0  No Yes cismono                    7c00f00000 Schema=154:Data=6    TileL1CaloCombined data09_calocomm     
     Run   Events  LumiB            StartTime             StopTime L1Events L2Events EFEvents ErrC Rec Cln RunType                  DetectorMask DAQConfiguration     PartitionName    FilenameTag         
  119612      818      1  2009-06-16:14:03:19  2009-06-16:14:06:50      818      818      818    0  No Yes cismono                    7c00f00000 Schema=154:Data=6    TileL1CaloCombined data09_calocomm     
     Run   Events  LumiB            StartTime             StopTime L1Events L2Events EFEvents ErrC Rec Cln RunType                  DetectorMask DAQConfiguration     PartitionName    FilenameTag         
  119614      886      1  2009-06-16:14:08:08  2009-06-16:14:11:32      886      886      886    0  No Yes cismono                    7c00f00000 Schema=154:Data=6    TileL1CaloCombined data09_calocomm     
     Run   Events  LumiB            StartTime             StopTime L1Events L2Events EFEvents ErrC Rec Cln RunType                  DetectorMask DAQConfiguration     PartitionName    FilenameTag         
  119617      853      1  2009-06-16:14:13:52  2009-06-16:14:17:12      853      853      853    0  No Yes cismono                    7c00f00000 Schema=154:Data=6    TileL1CaloCombined data09_calocomm     
     Run   Events  LumiB            StartTime             StopTime L1Events L2Events EFEvents ErrC Rec Cln RunType                  DetectorMask DAQConfiguration     PartitionName    FilenameTag         
  119619      637      1  2009-06-16:14:21:35  2009-06-16:14:23:43      637      637      637    0  No Yes cismono                    7c00f00000 Schema=154:Data=6    TileL1CaloCombined data09_calocomm     
     Run   Events  LumiB            StartTime             StopTime L1Events L2Events EFEvents ErrC Rec Cln RunType                  DetectorMask DAQConfiguration     PartitionName    FilenameTag         
  119622     1309      2  2009-06-16:14:26:18  2009-06-16:14:29:58     1309     1309     1309    0  No Yes cismono                    7c00f00000 Schema=154:Data=15   TileL1CaloCombined data09_calocomm     
     Run   Events  LumiB            StartTime             StopTime L1Events L2Events EFEvents ErrC Rec Cln RunType                  DetectorMask DAQConfiguration     PartitionName    FilenameTag         
  119627     1310      2  2009-06-16:14:33:36  2009-06-16:14:37:24     1310     1310     1310    0  No Yes cismono                    7c00f00000 Schema=154:Data=17   TileL1CaloCombined data09_calocomm     
     Run   Events  LumiB            StartTime             StopTime L1Events L2Events EFEvents ErrC Rec Cln RunType                  DetectorMask DAQConfiguration     PartitionName    FilenameTag         
  119630     1303      2  2009-06-16:14:45:17  2009-06-16:14:56:07     1303     1303     1303    0  No Yes cismono                    7c00f00000 Schema=154:Data=17   TileL1CaloCombined data09_calocomm     

2009-06-25 00:35 - TileCalibL1Calo - INFO: ===> listening for new valid runs <===
2009-06-25 00:35 - TileCalibL1Calo - DEBUG: initialising coolRunLister
2009-06-25 00:35 - TileCalibL1Calo - DEBUG: applying selections to coolRunLister
2009-06-25 00:35 - TileCalibL1Calo - INFO: last valid run: 119630
2009-06-25 00:35 - TileCalibL1Calo - INFO: searching for new runs from 119631 to 2147483647
2009-06-25 00:35 - TileCalibL1Calo - DEBUG:  No new valid run. Last known valid run still: 119630
2009-06-25 00:50 - TileCalibL1Calo - INFO: ===> listening for new valid runs <===
2009-06-25 00:50 - TileCalibL1Calo - DEBUG: initialising coolRunLister
2009-06-25 00:50 - TileCalibL1Calo - DEBUG: applying selections to coolRunLister
2009-06-25 00:50 - TileCalibL1Calo - INFO: last valid run: 119630
2009-06-25 00:50 - TileCalibL1Calo - INFO: searching for new runs from 119631 to 2147483647
2009-06-25 00:51 - TileCalibL1Calo - DEBUG:  No new valid run. Last known valid run still: 119630
2009-06-25 01:06 - TileCalibL1Calo - INFO: ===> listening for new valid runs <===
2009-06-25 01:06 - TileCalibL1Calo - DEBUG: initialising coolRunLister
2009-06-25 01:06 - TileCalibL1Calo - DEBUG: applying selections to coolRunLister
2009-06-25 01:06 - TileCalibL1Calo - INFO: last valid run: 119630
2009-06-25 01:06 - TileCalibL1Calo - INFO: searching for new runs from 119631 to 2147483647
2009-06-25 01:06 - TileCalibL1Calo - DEBUG:  No new valid run. Last known valid run still: 119630
2009-06-25 01:21 - TileCalibL1Calo - INFO: ===> listening for new valid runs <===
2009-06-25 01:21 - TileCalibL1Calo - DEBUG: initialising coolRunLister
2009-06-25 01:21 - TileCalibL1Calo - DEBUG: applying selections to coolRunLister
2009-06-25 01:21 - TileCalibL1Calo - INFO: last valid run: 119630
2009-06-25 01:21 - TileCalibL1Calo - INFO: searching for new runs from 119631 to 2147483647
2009-06-25 01:21 - TileCalibL1Calo - DEBUG:  No new valid run. Last known valid run still: 119630
2009-06-25 01:36 - TileCalibL1Calo - INFO: ===> listening for new valid runs <===
2009-06-25 01:36 - TileCalibL1Calo - DEBUG: initialising coolRunLister
2009-06-25 01:36 - TileCalibL1Calo - DEBUG: applying selections to coolRunLister
2009-06-25 01:36 - TileCalibL1Calo - INFO: last valid run: 119630
2009-06-25 01:36 - TileCalibL1Calo - INFO: searching for new runs from 119631 to 2147483647
2009-06-25 01:36 - TileCalibL1Calo - DEBUG:  No new valid run. Last known valid run still: 119630
2009-06-25 01:51 - TileCalibL1Calo - INFO: ===> listening for new valid runs <===
2009-06-25 01:51 - TileCalibL1Calo - DEBUG: initialising coolRunLister
2009-06-25 01:51 - TileCalibL1Calo - DEBUG: applying selections to coolRunLister
2009-06-25 01:51 - TileCalibL1Calo - INFO: last valid run: 119630
2009-06-25 01:51 - TileCalibL1Calo - INFO: searching for new runs from 119631 to 2147483647
2009-06-25 01:52 - TileCalibL1Calo - DEBUG:  No new valid run. Last known valid run still: 119630
2009-06-25 02:07 - TileCalibL1Calo - INFO: ===> listening for new valid runs <===
2009-06-25 02:07 - TileCalibL1Calo - DEBUG: initialising coolRunLister
2009-06-25 02:07 - TileCalibL1Calo - DEBUG: applying selections to coolRunLister
2009-06-25 02:07 - TileCalibL1Calo - INFO: last valid run: 119630
2009-06-25 02:07 - TileCalibL1Calo - INFO: searching for new runs from 119631 to 2147483647
2009-06-25 02:07 - TileCalibL1Calo - DEBUG:  No new valid run. Last known valid run still: 119630
2009-06-25 02:22 - TileCalibL1Calo - INFO: ===> listening for new valid runs <===
2009-06-25 02:22 - TileCalibL1Calo - DEBUG: initialising coolRunLister
2009-06-25 02:22 - TileCalibL1Calo - DEBUG: applying selections to coolRunLister
2009-06-25 02:22 - TileCalibL1Calo - INFO: last valid run: 119630
2009-06-25 02:22 - TileCalibL1Calo - INFO: searching for new runs from 119631 to 2147483647
2009-06-25 02:22 - TileCalibL1Calo - DEBUG:  No new valid run. Last known valid run still: 119630
2009-06-25 02:37 - TileCalibL1Calo - INFO: ===> listening for new valid runs <===
2009-06-25 02:37 - TileCalibL1Calo - DEBUG: initialising coolRunLister
2009-06-25 02:37 - TileCalibL1Calo - DEBUG: applying selections to coolRunLister
2009-06-25 02:37 - TileCalibL1Calo - INFO: last valid run: 119630
2009-06-25 02:37 - TileCalibL1Calo - INFO: searching for new runs from 119631 to 2147483647
2009-06-25 02:37 - TileCalibL1Calo - DEBUG:  No new valid run. Last known valid run still: 119630
2009-06-25 02:52 - TileCalibL1Calo - INFO: ===> listening for new valid runs <===
2009-06-25 02:52 - TileCalibL1Calo - DEBUG: initialising coolRunLister
2009-06-25 02:52 - TileCalibL1Calo - DEBUG: applying selections to coolRunLister
2009-06-25 02:52 - TileCalibL1Calo - INFO: last valid run: 119630
2009-06-25 02:52 - TileCalibL1Calo - INFO: searching for new runs from 119631 to 2147483647
2009-06-25 02:53 - TileCalibL1Calo - DEBUG:  No new valid run. Last known valid run still: 119630
2009-06-25 03:08 - TileCalibL1Calo - INFO: ===> listening for new valid runs <===
2009-06-25 03:08 - TileCalibL1Calo - DEBUG: initialising coolRunLister
2009-06-25 03:08 - TileCalibL1Calo - DEBUG: applying selections to coolRunLister
2009-06-25 03:08 - TileCalibL1Calo - INFO: last valid run: 119630
2009-06-25 03:08 - TileCalibL1Calo - INFO: searching for new runs from 119631 to 2147483647
2009-06-25 03:08 - TileCalibL1Calo - DEBUG:  No new valid run. Last known valid run still: 119630
2009-06-25 03:23 - TileCalibL1Calo - INFO: ===> listening for new valid runs <===
2009-06-25 03:23 - TileCalibL1Calo - DEBUG: initialising coolRunLister
2009-06-25 03:23 - TileCalibL1Calo - DEBUG: applying selections to coolRunLister
2009-06-25 03:23 - TileCalibL1Calo - INFO: last valid run: 119630
2009-06-25 03:23 - TileCalibL1Calo - INFO: searching for new runs from 119631 to 2147483647
2009-06-25 03:23 - TileCalibL1Calo - DEBUG:  No new valid run. Last known valid run still: 119630
2009-06-25 03:38 - TileCalibL1Calo - INFO: ===> listening for new valid runs <===
2009-06-25 03:38 - TileCalibL1Calo - DEBUG: initialising coolRunLister
2009-06-25 03:38 - TileCalibL1Calo - DEBUG: applying selections to coolRunLister
2009-06-25 03:38 - TileCalibL1Calo - INFO: last valid run: 119630
2009-06-25 03:38 - TileCalibL1Calo - INFO: searching for new runs from 119631 to 2147483647
2009-06-25 03:38 - TileCalibL1Calo - DEBUG:  No new valid run. Last known valid run still: 119630
2009-06-25 03:53 - TileCalibL1Calo - INFO: ===> listening for new valid runs <===
2009-06-25 03:53 - TileCalibL1Calo - DEBUG: initialising coolRunLister
2009-06-25 03:53 - TileCalibL1Calo - DEBUG: applying selections to coolRunLister
2009-06-25 03:53 - TileCalibL1Calo - INFO: last valid run: 119630
2009-06-25 03:53 - TileCalibL1Calo - INFO: searching for new runs from 119631 to 2147483647
2009-06-25 03:54 - TileCalibL1Calo - DEBUG:  No new valid run. Last known valid run still: 119630
2009-06-25 04:09 - TileCalibL1Calo - INFO: ===> listening for new valid runs <===
2009-06-25 04:09 - TileCalibL1Calo - DEBUG: initialising coolRunLister
2009-06-25 04:09 - TileCalibL1Calo - DEBUG: applying selections to coolRunLister
2009-06-25 04:09 - TileCalibL1Calo - INFO: last valid run: 119630
2009-06-25 04:09 - TileCalibL1Calo - INFO: searching for new runs from 119631 to 2147483647
2009-06-25 04:09 - TileCalibL1Calo - DEBUG:  No new valid run. Last known valid run still: 119630
2009-06-25 04:24 - TileCalibL1Calo - INFO: ===> listening for new valid runs <===
2009-06-25 04:24 - TileCalibL1Calo - DEBUG: initialising coolRunLister
2009-06-25 04:24 - TileCalibL1Calo - DEBUG: applying selections to coolRunLister
2009-06-25 04:24 - TileCalibL1Calo - INFO: last valid run: 119630
2009-06-25 04:24 - TileCalibL1Calo - INFO: searching for new runs from 119631 to 2147483647
2009-06-25 04:24 - TileCalibL1Calo - DEBUG:  No new valid run. Last known valid run still: 119630
2009-06-25 04:39 - TileCalibL1Calo - INFO: ===> listening for new valid runs <===
2009-06-25 04:39 - TileCalibL1Calo - DEBUG: initialising coolRunLister
2009-06-25 04:39 - TileCalibL1Calo - DEBUG: applying selections to coolRunLister
2009-06-25 04:39 - TileCalibL1Calo - INFO: last valid run: 119630
2009-06-25 04:39 - TileCalibL1Calo - INFO: searching for new runs from 119631 to 2147483647
2009-06-25 04:39 - TileCalibL1Calo - DEBUG:  No new valid run. Last known valid run still: 119630
2009-06-25 04:55 - TileCalibL1Calo - INFO: ===> listening for new valid runs <===
2009-06-25 04:55 - TileCalibL1Calo - DEBUG: initialising coolRunLister
2009-06-25 04:55 - TileCalibL1Calo - DEBUG: applying selections to coolRunLister
2009-06-25 04:55 - TileCalibL1Calo - INFO: last valid run: 119630
2009-06-25 04:55 - TileCalibL1Calo - INFO: searching for new runs from 119631 to 2147483647
2009-06-25 04:55 - TileCalibL1Calo - DEBUG:  No new valid run. Last known valid run still: 119630
2009-06-25 05:10 - TileCalibL1Calo - INFO: ===> listening for new valid runs <===
2009-06-25 05:10 - TileCalibL1Calo - DEBUG: initialising coolRunLister
2009-06-25 05:10 - TileCalibL1Calo - DEBUG: applying selections to coolRunLister
2009-06-25 05:10 - TileCalibL1Calo - INFO: last valid run: 119630
2009-06-25 05:10 - TileCalibL1Calo - INFO: searching for new runs from 119631 to 2147483647
2009-06-25 05:10 - TileCalibL1Calo - DEBUG:  No new valid run. Last known valid run still: 119630
2009-06-25 05:25 - TileCalibL1Calo - INFO: ===> listening for new valid runs <===
2009-06-25 05:25 - TileCalibL1Calo - DEBUG: initialising coolRunLister
2009-06-25 05:25 - TileCalibL1Calo - DEBUG: applying selections to coolRunLister
2009-06-25 05:25 - TileCalibL1Calo - INFO: last valid run: 119630
2009-06-25 05:25 - TileCalibL1Calo - INFO: searching for new runs from 119631 to 2147483647
2009-06-25 05:25 - TileCalibL1Calo - DEBUG:  No new valid run. Last known valid run still: 119630
2009-06-25 05:40 - TileCalibL1Calo - INFO: ===> listening for new valid runs <===
2009-06-25 05:40 - TileCalibL1Calo - DEBUG: initialising coolRunLister
2009-06-25 05:40 - TileCalibL1Calo - DEBUG: applying selections to coolRunLister
2009-06-25 05:40 - TileCalibL1Calo - INFO: last valid run: 119630
2009-06-25 05:40 - TileCalibL1Calo - INFO: searching for new runs from 119631 to 2147483647
2009-06-25 05:40 - TileCalibL1Calo - DEBUG:  No new valid run. Last known valid run still: 119630
2009-06-25 05:56 - TileCalibL1Calo - INFO: ===> listening for new valid runs <===
2009-06-25 05:56 - TileCalibL1Calo - DEBUG: initialising coolRunLister
2009-06-25 05:56 - TileCalibL1Calo - DEBUG: applying selections to coolRunLister
2009-06-25 05:56 - TileCalibL1Calo - INFO: last valid run: 119630
2009-06-25 05:56 - TileCalibL1Calo - INFO: searching for new runs from 119631 to 2147483647
2009-06-25 05:56 - TileCalibL1Calo - DEBUG:  No new valid run. Last known valid run still: 119630
2009-06-25 06:11 - TileCalibL1Calo - INFO: ===> listening for new valid runs <===
2009-06-25 06:11 - TileCalibL1Calo - DEBUG: initialising coolRunLister
2009-06-25 06:11 - TileCalibL1Calo - DEBUG: applying selections to coolRunLister
2009-06-25 06:11 - TileCalibL1Calo - INFO: last valid run: 119630
2009-06-25 06:11 - TileCalibL1Calo - INFO: searching for new runs from 119631 to 2147483647
2009-06-25 06:11 - TileCalibL1Calo - DEBUG:  No new valid run. Last known valid run still: 119630
2009-06-25 06:26 - TileCalibL1Calo - INFO: ===> listening for new valid runs <===
2009-06-25 06:26 - TileCalibL1Calo - DEBUG: initialising coolRunLister
2009-06-25 06:26 - TileCalibL1Calo - DEBUG: applying selections to coolRunLister
2009-06-25 06:26 - TileCalibL1Calo - INFO: last valid run: 119630
2009-06-25 06:26 - TileCalibL1Calo - INFO: searching for new runs from 119631 to 2147483647
2009-06-25 06:26 - TileCalibL1Calo - DEBUG:  No new valid run. Last known valid run still: 119630
2009-06-25 06:41 - TileCalibL1Calo - INFO: ===> listening for new valid runs <===
2009-06-25 06:41 - TileCalibL1Calo - DEBUG: initialising coolRunLister
2009-06-25 06:41 - TileCalibL1Calo - DEBUG: applying selections to coolRunLister
2009-06-25 06:41 - TileCalibL1Calo - INFO: last valid run: 119630
2009-06-25 06:41 - TileCalibL1Calo - INFO: searching for new runs from 119631 to 2147483647
2009-06-25 06:42 - TileCalibL1Calo - DEBUG:  No new valid run. Last known valid run still: 119630
2009-06-25 06:57 - TileCalibL1Calo - INFO: ===> listening for new valid runs <===
2009-06-25 06:57 - TileCalibL1Calo - DEBUG: initialising coolRunLister
2009-06-25 06:57 - TileCalibL1Calo - DEBUG: applying selections to coolRunLister
2009-06-25 06:57 - TileCalibL1Calo - INFO: last valid run: 119630
2009-06-25 06:57 - TileCalibL1Calo - INFO: searching for new runs from 119631 to 2147483647
2009-06-25 06:57 - TileCalibL1Calo - DEBUG:  No new valid run. Last known valid run still: 119630
2009-06-25 07:12 - TileCalibL1Calo - INFO: ===> listening for new valid runs <===
2009-06-25 07:12 - TileCalibL1Calo - DEBUG: initialising coolRunLister
2009-06-25 07:12 - TileCalibL1Calo - DEBUG: applying selections to coolRunLister
2009-06-25 07:12 - TileCalibL1Calo - INFO: last valid run: 119630
2009-06-25 07:12 - TileCalibL1Calo - INFO: searching for new runs from 119631 to 2147483647
2009-06-25 07:12 - TileCalibL1Calo - DEBUG:  No new valid run. Last known valid run still: 119630
2009-06-25 07:27 - TileCalibL1Calo - INFO: ===> listening for new valid runs <===
2009-06-25 07:27 - TileCalibL1Calo - DEBUG: initialising coolRunLister
2009-06-25 07:27 - TileCalibL1Calo - DEBUG: applying selections to coolRunLister
2009-06-25 07:27 - TileCalibL1Calo - INFO: last valid run: 119630
2009-06-25 07:27 - TileCalibL1Calo - INFO: searching for new runs from 119631 to 2147483647
2009-06-25 07:27 - TileCalibL1Calo - DEBUG:  No new valid run. Last known valid run still: 119630
2009-06-25 07:42 - TileCalibL1Calo - INFO: ===> listening for new valid runs <===
2009-06-25 07:42 - TileCalibL1Calo - DEBUG: initialising coolRunLister
2009-06-25 07:42 - TileCalibL1Calo - DEBUG: applying selections to coolRunLister
2009-06-25 07:42 - TileCalibL1Calo - INFO: last valid run: 119630
2009-06-25 07:42 - TileCalibL1Calo - INFO: searching for new runs from 119631 to 2147483647
2009-06-25 07:43 - TileCalibL1Calo - DEBUG:  No new valid run. Last known valid run still: 119630
2009-06-25 07:58 - TileCalibL1Calo - INFO: ===> listening for new valid runs <===
2009-06-25 07:58 - TileCalibL1Calo - DEBUG: initialising coolRunLister
2009-06-25 07:58 - TileCalibL1Calo - DEBUG: applying selections to coolRunLister
2009-06-25 07:58 - TileCalibL1Calo - INFO: last valid run: 119630
2009-06-25 07:58 - TileCalibL1Calo - INFO: searching for new runs from 119631 to 2147483647
2009-06-25 07:58 - TileCalibL1Calo - DEBUG:  No new valid run. Last known valid run still: 119630
2009-06-25 08:13 - TileCalibL1Calo - INFO: ===> listening for new valid runs <===
2009-06-25 08:13 - TileCalibL1Calo - DEBUG: initialising coolRunLister
2009-06-25 08:13 - TileCalibL1Calo - DEBUG: applying selections to coolRunLister
2009-06-25 08:13 - TileCalibL1Calo - INFO: last valid run: 119630
2009-06-25 08:13 - TileCalibL1Calo - INFO: searching for new runs from 119631 to 2147483647
2009-06-25 08:13 - TileCalibL1Calo - DEBUG:  No new valid run. Last known valid run still: 119630
2009-06-25 08:28 - TileCalibL1Calo - INFO: ===> listening for new valid runs <===
2009-06-25 08:28 - TileCalibL1Calo - DEBUG: initialising coolRunLister
2009-06-25 08:28 - TileCalibL1Calo - DEBUG: applying selections to coolRunLister
2009-06-25 08:28 - TileCalibL1Calo - INFO: last valid run: 119630
2009-06-25 08:28 - TileCalibL1Calo - INFO: searching for new runs from 119631 to 2147483647
2009-06-25 08:28 - TileCalibL1Calo - DEBUG:  No new valid run. Last known valid run still: 119630
2009-06-25 08:44 - TileCalibL1Calo - INFO: ===> listening for new valid runs <===
2009-06-25 08:44 - TileCalibL1Calo - DEBUG: initialising coolRunLister
2009-06-25 08:44 - TileCalibL1Calo - DEBUG: applying selections to coolRunLister
2009-06-25 08:44 - TileCalibL1Calo - INFO: last valid run: 119630
2009-06-25 08:44 - TileCalibL1Calo - INFO: searching for new runs from 119631 to 2147483647
2009-06-25 08:44 - TileCalibL1Calo - DEBUG:  No new valid run. Last known valid run still: 119630
2009-06-25 08:59 - TileCalibL1Calo - INFO: ===> listening for new valid runs <===
2009-06-25 08:59 - TileCalibL1Calo - DEBUG: initialising coolRunLister
2009-06-25 08:59 - TileCalibL1Calo - DEBUG: applying selections to coolRunLister
2009-06-25 08:59 - TileCalibL1Calo - INFO: last valid run: 119630
2009-06-25 08:59 - TileCalibL1Calo - INFO: searching for new runs from 119631 to 2147483647
2009-06-25 08:59 - TileCalibL1Calo - DEBUG:  No new valid run. Last known valid run still: 119630
2009-06-25 09:14 - TileCalibL1Calo - INFO: ===> listening for new valid runs <===
2009-06-25 09:14 - TileCalibL1Calo - DEBUG: initialising coolRunLister
2009-06-25 09:14 - TileCalibL1Calo - DEBUG: applying selections to coolRunLister
2009-06-25 09:14 - TileCalibL1Calo - INFO: last valid run: 119630
2009-06-25 09:14 - TileCalibL1Calo - INFO: searching for new runs from 119631 to 2147483647
2009-06-25 09:14 - TileCalibL1Calo - DEBUG:  No new valid run. Last known valid run still: 119630
2009-06-25 09:30 - TileCalibL1Calo - INFO: ===> listening for new valid runs <===
2009-06-25 09:30 - TileCalibL1Calo - DEBUG: initialising coolRunLister
2009-06-25 09:30 - TileCalibL1Calo - DEBUG: applying selections to coolRunLister
2009-06-25 09:30 - TileCalibL1Calo - INFO: last valid run: 119630
2009-06-25 09:30 - TileCalibL1Calo - INFO: searching for new runs from 119631 to 2147483647
2009-06-25 09:30 - TileCalibL1Calo - DEBUG:  No new valid run. Last known valid run still: 119630
2009-06-25 09:45 - TileCalibL1Calo - INFO: ===> listening for new valid runs <===
2009-06-25 09:45 - TileCalibL1Calo - DEBUG: initialising coolRunLister
2009-06-25 09:45 - TileCalibL1Calo - DEBUG: applying selections to coolRunLister
2009-06-25 09:45 - TileCalibL1Calo - INFO: last valid run: 119630
2009-06-25 09:45 - TileCalibL1Calo - INFO: searching for new runs from 119631 to 2147483647
2009-06-25 09:45 - TileCalibL1Calo - DEBUG:  No new valid run. Last known valid run still: 119630
2009-06-25 10:00 - TileCalibL1Calo - INFO: ===> listening for new valid runs <===
2009-06-25 10:00 - TileCalibL1Calo - DEBUG: initialising coolRunLister
2009-06-25 10:00 - TileCalibL1Calo - DEBUG: applying selections to coolRunLister
2009-06-25 10:00 - TileCalibL1Calo - INFO: last valid run: 119630
2009-06-25 10:00 - TileCalibL1Calo - INFO: searching for new runs from 119631 to 2147483647
2009-06-25 10:00 - TileCalibL1Calo - DEBUG:  No new valid run. Last known valid run still: 119630
2009-06-25 10:15 - TileCalibL1Calo - INFO: ===> listening for new valid runs <===
2009-06-25 10:15 - TileCalibL1Calo - DEBUG: initialising coolRunLister
2009-06-25 10:15 - TileCalibL1Calo - DEBUG: applying selections to coolRunLister
2009-06-25 10:15 - TileCalibL1Calo - INFO: last valid run: 119630
2009-06-25 10:15 - TileCalibL1Calo - INFO: searching for new runs from 119631 to 2147483647
2009-06-25 10:16 - TileCalibL1Calo - DEBUG:  No new valid run. Last known valid run still: 119630
2009-06-25 10:31 - TileCalibL1Calo - INFO: ===> listening for new valid runs <===
2009-06-25 10:31 - TileCalibL1Calo - DEBUG: initialising coolRunLister
2009-06-25 10:31 - TileCalibL1Calo - DEBUG: applying selections to coolRunLister
2009-06-25 10:31 - TileCalibL1Calo - INFO: last valid run: 119630
2009-06-25 10:31 - TileCalibL1Calo - INFO: searching for new runs from 119631 to 2147483647
2009-06-25 10:31 - TileCalibL1Calo - DEBUG:  No new valid run. Last known valid run still: 119630
2009-06-25 10:46 - TileCalibL1Calo - INFO: ===> listening for new valid runs <===
2009-06-25 10:46 - TileCalibL1Calo - DEBUG: initialising coolRunLister
2009-06-25 10:46 - TileCalibL1Calo - DEBUG: applying selections to coolRunLister
2009-06-25 10:46 - TileCalibL1Calo - INFO: last valid run: 119630
2009-06-25 10:46 - TileCalibL1Calo - INFO: searching for new runs from 119631 to 2147483647
2009-06-25 10:46 - TileCalibL1Calo - DEBUG:  No new valid run. Last known valid run still: 119630
2009-06-25 11:01 - TileCalibL1Calo - INFO: ===> listening for new valid runs <===
2009-06-25 11:01 - TileCalibL1Calo - DEBUG: initialising coolRunLister
2009-06-25 11:01 - TileCalibL1Calo - DEBUG: applying selections to coolRunLister
2009-06-25 11:01 - TileCalibL1Calo - INFO: last valid run: 119630
2009-06-25 11:01 - TileCalibL1Calo - INFO: searching for new runs from 119631 to 2147483647
2009-06-25 11:01 - TileCalibL1Calo - DEBUG:  No new valid run. Last known valid run still: 119630
2009-06-25 11:17 - TileCalibL1Calo - INFO: ===> listening for new valid runs <===
2009-06-25 11:17 - TileCalibL1Calo - DEBUG: initialising coolRunLister
2009-06-25 11:17 - TileCalibL1Calo - DEBUG: applying selections to coolRunLister
2009-06-25 11:17 - TileCalibL1Calo - INFO: last valid run: 119630
2009-06-25 11:17 - TileCalibL1Calo - INFO: searching for new runs from 119631 to 2147483647
2009-06-25 11:17 - TileCalibL1Calo - DEBUG:  No new valid run. Last known valid run still: 119630
2009-06-25 11:32 - TileCalibL1Calo - INFO: ===> listening for new valid runs <===
2009-06-25 11:32 - TileCalibL1Calo - DEBUG: initialising coolRunLister
2009-06-25 11:32 - TileCalibL1Calo - DEBUG: applying selections to coolRunLister
2009-06-25 11:32 - TileCalibL1Calo - INFO: last valid run: 119630
2009-06-25 11:32 - TileCalibL1Calo - INFO: searching for new runs from 119631 to 2147483647
2009-06-25 11:32 - TileCalibL1Calo - DEBUG:  No new valid run. Last known valid run still: 119630
2009-06-25 11:47 - TileCalibL1Calo - INFO: ===> listening for new valid runs <===
2009-06-25 11:47 - TileCalibL1Calo - DEBUG: initialising coolRunLister
2009-06-25 11:47 - TileCalibL1Calo - DEBUG: applying selections to coolRunLister
2009-06-25 11:47 - TileCalibL1Calo - INFO: last valid run: 119630
2009-06-25 11:47 - TileCalibL1Calo - INFO: searching for new runs from 119631 to 2147483647
2009-06-25 11:47 - TileCalibL1Calo - DEBUG:  No new valid run. Last known valid run still: 119630
2009-06-25 12:02 - TileCalibL1Calo - INFO: ===> listening for new valid runs <===
2009-06-25 12:02 - TileCalibL1Calo - DEBUG: initialising coolRunLister
2009-06-25 12:02 - TileCalibL1Calo - DEBUG: applying selections to coolRunLister
2009-06-25 12:02 - TileCalibL1Calo - INFO: last valid run: 119630
2009-06-25 12:02 - TileCalibL1Calo - INFO: searching for new runs from 119631 to 2147483647
2009-06-25 12:03 - TileCalibL1Calo - DEBUG:  No new valid run. Last known valid run still: 119630
2009-06-25 12:18 - TileCalibL1Calo - INFO: ===> listening for new valid runs <===
2009-06-25 12:18 - TileCalibL1Calo - DEBUG: initialising coolRunLister
2009-06-25 12:18 - TileCalibL1Calo - DEBUG: applying selections to coolRunLister
2009-06-25 12:18 - TileCalibL1Calo - INFO: last valid run: 119630
2009-06-25 12:18 - TileCalibL1Calo - INFO: searching for new runs from 119631 to 2147483647
2009-06-25 12:18 - TileCalibL1Calo - DEBUG:  No new valid run. Last known valid run still: 119630
2009-06-25 12:33 - TileCalibL1Calo - INFO: ===> listening for new valid runs <===
2009-06-25 12:33 - TileCalibL1Calo - DEBUG: initialising coolRunLister
2009-06-25 12:33 - TileCalibL1Calo - DEBUG: applying selections to coolRunLister
2009-06-25 12:33 - TileCalibL1Calo - INFO: last valid run: 119630
2009-06-25 12:33 - TileCalibL1Calo - INFO: searching for new runs from 119631 to 2147483647
2009-06-25 12:33 - TileCalibL1Calo - DEBUG:  No new valid run. Last known valid run still: 119630
2009-06-25 12:48 - TileCalibL1Calo - INFO: ===> listening for new valid runs <===
2009-06-25 12:48 - TileCalibL1Calo - DEBUG: initialising coolRunLister
2009-06-25 12:48 - TileCalibL1Calo - DEBUG: applying selections to coolRunLister
2009-06-25 12:48 - TileCalibL1Calo - INFO: last valid run: 119630
2009-06-25 12:48 - TileCalibL1Calo - INFO: searching for new runs from 119631 to 2147483647
2009-06-25 12:49 - TileCalibL1Calo - DEBUG:  No new valid run. Last known valid run still: 119630
2009-06-25 13:04 - TileCalibL1Calo - INFO: ===> listening for new valid runs <===
2009-06-25 13:04 - TileCalibL1Calo - DEBUG: initialising coolRunLister
2009-06-25 13:04 - TileCalibL1Calo - DEBUG: applying selections to coolRunLister
2009-06-25 13:04 - TileCalibL1Calo - INFO: last valid run: 119630
2009-06-25 13:04 - TileCalibL1Calo - INFO: searching for new runs from 119631 to 2147483647
2009-06-25 13:04 - TileCalibL1Calo - DEBUG:  No new valid run. Last known valid run still: 119630
2009-06-25 13:19 - TileCalibL1Calo - INFO: ===> listening for new valid runs <===
2009-06-25 13:19 - TileCalibL1Calo - DEBUG: initialising coolRunLister
2009-06-25 13:19 - TileCalibL1Calo - DEBUG: applying selections to coolRunLister
2009-06-25 13:19 - TileCalibL1Calo - INFO: last valid run: 119630
2009-06-25 13:19 - TileCalibL1Calo - INFO: searching for new runs from 119631 to 2147483647
2009-06-25 13:19 - TileCalibL1Calo - DEBUG:  No new valid run. Last known valid run still: 119630
2009-06-25 13:34 - TileCalibL1Calo - INFO: ===> listening for new valid runs <===
2009-06-25 13:34 - TileCalibL1Calo - DEBUG: initialising coolRunLister
2009-06-25 13:34 - TileCalibL1Calo - DEBUG: applying selections to coolRunLister
2009-06-25 13:34 - TileCalibL1Calo - INFO: last valid run: 119630
2009-06-25 13:34 - TileCalibL1Calo - INFO: searching for new runs from 119631 to 2147483647
2009-06-25 13:34 - TileCalibL1Calo - DEBUG:  No new valid run. Last known valid run still: 119630
2009-06-25 13:50 - TileCalibL1Calo - INFO: ===> listening for new valid runs <===
2009-06-25 13:50 - TileCalibL1Calo - DEBUG: initialising coolRunLister
2009-06-25 13:50 - TileCalibL1Calo - DEBUG: applying selections to coolRunLister
2009-06-25 13:50 - TileCalibL1Calo - INFO: last valid run: 119630
2009-06-25 13:50 - TileCalibL1Calo - INFO: searching for new runs from 119631 to 2147483647
2009-06-25 13:50 - TileCalibL1Calo - DEBUG:  No new valid run. Last known valid run still: 119630
2009-06-25 14:05 - TileCalibL1Calo - INFO: ===> listening for new valid runs <===
2009-06-25 14:05 - TileCalibL1Calo - DEBUG: initialising coolRunLister
2009-06-25 14:05 - TileCalibL1Calo - DEBUG: applying selections to coolRunLister
2009-06-25 14:05 - TileCalibL1Calo - INFO: last valid run: 119630
2009-06-25 14:05 - TileCalibL1Calo - INFO: searching for new runs from 119631 to 2147483647
2009-06-25 14:05 - TileCalibL1Calo - DEBUG:  No new valid run. Last known valid run still: 119630
2009-06-25 14:20 - TileCalibL1Calo - INFO: ===> listening for new valid runs <===
2009-06-25 14:20 - TileCalibL1Calo - DEBUG: initialising coolRunLister
2009-06-25 14:20 - TileCalibL1Calo - DEBUG: applying selections to coolRunLister
2009-06-25 14:20 - TileCalibL1Calo - INFO: last valid run: 119630
2009-06-25 14:20 - TileCalibL1Calo - INFO: searching for new runs from 119631 to 2147483647
2009-06-25 14:20 - TileCalibL1Calo - DEBUG:  No new valid run. Last known valid run still: 119630
2009-06-25 14:36 - TileCalibL1Calo - INFO: ===> listening for new valid runs <===
2009-06-25 14:36 - TileCalibL1Calo - DEBUG: initialising coolRunLister
2009-06-25 14:36 - TileCalibL1Calo - DEBUG: applying selections to coolRunLister
2009-06-25 14:36 - TileCalibL1Calo - INFO: last valid run: 119630
2009-06-25 14:36 - TileCalibL1Calo - INFO: searching for new runs from 119631 to 2147483647
2009-06-25 14:36 - TileCalibL1Calo - DEBUG:  No new valid run. Last known valid run still: 119630
2009-06-25 14:51 - TileCalibL1Calo - INFO: ===> listening for new valid runs <===
2009-06-25 14:51 - TileCalibL1Calo - DEBUG: initialising coolRunLister
2009-06-25 14:51 - TileCalibL1Calo - DEBUG: applying selections to coolRunLister
2009-06-25 14:51 - TileCalibL1Calo - INFO: last valid run: 119630
2009-06-25 14:51 - TileCalibL1Calo - INFO: searching for new runs from 119631 to 2147483647
2009-06-25 14:51 - TileCalibL1Calo - DEBUG:  No new valid run. Last known valid run still: 119630
2009-06-25 15:06 - TileCalibL1Calo - INFO: ===> listening for new valid runs <===
2009-06-25 15:06 - TileCalibL1Calo - DEBUG: initialising coolRunLister
2009-06-25 15:06 - TileCalibL1Calo - DEBUG: applying selections to coolRunLister
2009-06-25 15:06 - TileCalibL1Calo - INFO: last valid run: 119630
2009-06-25 15:06 - TileCalibL1Calo - INFO: searching for new runs from 119631 to 2147483647
2009-06-25 15:06 - TileCalibL1Calo - DEBUG:  No new valid run. Last known valid run still: 119630
2009-06-25 15:21 - TileCalibL1Calo - INFO: ===> listening for new valid runs <===
2009-06-25 15:21 - TileCalibL1Calo - DEBUG: initialising coolRunLister
2009-06-25 15:21 - TileCalibL1Calo - DEBUG: applying selections to coolRunLister
2009-06-25 15:21 - TileCalibL1Calo - INFO: last valid run: 119630
2009-06-25 15:21 - TileCalibL1Calo - INFO: searching for new runs from 119631 to 2147483647
2009-06-25 15:21 - TileCalibL1Calo - DEBUG:  No new valid run. Last known valid run still: 119630
2009-06-25 15:37 - TileCalibL1Calo - INFO: ===> listening for new valid runs <===
2009-06-25 15:37 - TileCalibL1Calo - DEBUG: initialising coolRunLister
2009-06-25 15:37 - TileCalibL1Calo - DEBUG: applying selections to coolRunLister
2009-06-25 15:37 - TileCalibL1Calo - INFO: last valid run: 119630
2009-06-25 15:37 - TileCalibL1Calo - INFO: searching for new runs from 119631 to 2147483647
2009-06-25 15:37 - TileCalibL1Calo - DEBUG:  No new valid run. Last known valid run still: 119630
2009-06-25 15:52 - TileCalibL1Calo - INFO: ===> listening for new valid runs <===
2009-06-25 15:52 - TileCalibL1Calo - DEBUG: initialising coolRunLister
2009-06-25 15:52 - TileCalibL1Calo - DEBUG: applying selections to coolRunLister
2009-06-25 15:52 - TileCalibL1Calo - INFO: last valid run: 119630
2009-06-25 15:52 - TileCalibL1Calo - INFO: searching for new runs from 119631 to 2147483647
2009-06-25 15:52 - TileCalibL1Calo - DEBUG:  No new valid run. Last known valid run still: 119630
2009-06-25 16:07 - TileCalibL1Calo - INFO: ===> listening for new valid runs <===
2009-06-25 16:07 - TileCalibL1Calo - DEBUG: initialising coolRunLister
2009-06-25 16:07 - TileCalibL1Calo - DEBUG: applying selections to coolRunLister
2009-06-25 16:07 - TileCalibL1Calo - INFO: last valid run: 119630
2009-06-25 16:07 - TileCalibL1Calo - INFO: searching for new runs from 119631 to 2147483647
2009-06-25 16:07 - TileCalibL1Calo - DEBUG:  No new valid run. Last known valid run still: 119630
2009-06-25 16:22 - TileCalibL1Calo - INFO: ===> listening for new valid runs <===
2009-06-25 16:22 - TileCalibL1Calo - DEBUG: initialising coolRunLister
2009-06-25 16:22 - TileCalibL1Calo - DEBUG: applying selections to coolRunLister
2009-06-25 16:22 - TileCalibL1Calo - INFO: last valid run: 119630
2009-06-25 16:22 - TileCalibL1Calo - INFO: searching for new runs from 119631 to 2147483647
2009-06-25 16:23 - TileCalibL1Calo - DEBUG:  No new valid run. Last known valid run still: 119630
2009-06-25 16:38 - TileCalibL1Calo - INFO: ===> listening for new valid runs <===
2009-06-25 16:38 - TileCalibL1Calo - DEBUG: initialising coolRunLister
2009-06-25 16:38 - TileCalibL1Calo - DEBUG: applying selections to coolRunLister
2009-06-25 16:38 - TileCalibL1Calo - INFO: last valid run: 119630
2009-06-25 16:38 - TileCalibL1Calo - INFO: searching for new runs from 119631 to 2147483647
2009-06-25 16:38 - TileCalibL1Calo - DEBUG:  No new valid run. Last known valid run still: 119630
2009-06-25 16:53 - TileCalibL1Calo - INFO: ===> listening for new valid runs <===
2009-06-25 16:53 - TileCalibL1Calo - DEBUG: initialising coolRunLister
2009-06-25 16:53 - TileCalibL1Calo - DEBUG: applying selections to coolRunLister
2009-06-25 16:53 - TileCalibL1Calo - INFO: last valid run: 119630
2009-06-25 16:53 - TileCalibL1Calo - INFO: searching for new runs from 119631 to 2147483647
2009-06-25 16:53 - TileCalibL1Calo - DEBUG:  No new valid run. Last known valid run still: 119630
2009-06-25 17:08 - TileCalibL1Calo - INFO: ===> listening for new valid runs <===
2009-06-25 17:08 - TileCalibL1Calo - DEBUG: initialising coolRunLister
2009-06-25 17:08 - TileCalibL1Calo - DEBUG: applying selections to coolRunLister
2009-06-25 17:08 - TileCalibL1Calo - INFO: last valid run: 119630
2009-06-25 17:08 - TileCalibL1Calo - INFO: searching for new runs from 119631 to 2147483647
2009-06-25 17:08 - TileCalibL1Calo - DEBUG:  No new valid run. Last known valid run still: 119630
2009-06-25 17:24 - TileCalibL1Calo - INFO: ===> listening for new valid runs <===
2009-06-25 17:24 - TileCalibL1Calo - DEBUG: initialising coolRunLister
2009-06-25 17:24 - TileCalibL1Calo - DEBUG: applying selections to coolRunLister
2009-06-25 17:24 - TileCalibL1Calo - INFO: last valid run: 119630
2009-06-25 17:24 - TileCalibL1Calo - INFO: searching for new runs from 119631 to 2147483647
2009-06-25 17:24 - TileCalibL1Calo - DEBUG:  No new valid run. Last known valid run still: 119630
2009-06-25 17:39 - TileCalibL1Calo - INFO: ===> listening for new valid runs <===
2009-06-25 17:39 - TileCalibL1Calo - DEBUG: initialising coolRunLister
2009-06-25 17:39 - TileCalibL1Calo - DEBUG: applying selections to coolRunLister
2009-06-25 17:39 - TileCalibL1Calo - INFO: last valid run: 119630
2009-06-25 17:39 - TileCalibL1Calo - INFO: searching for new runs from 119631 to 2147483647
2009-06-25 17:39 - TileCalibL1Calo - DEBUG:  No new valid run. Last known valid run still: 119630
2009-06-25 17:54 - TileCalibL1Calo - INFO: ===> listening for new valid runs <===
2009-06-25 17:54 - TileCalibL1Calo - DEBUG: initialising coolRunLister
2009-06-25 17:54 - TileCalibL1Calo - DEBUG: applying selections to coolRunLister
2009-06-25 17:54 - TileCalibL1Calo - INFO: last valid run: 119630
2009-06-25 17:54 - TileCalibL1Calo - INFO: searching for new runs from 119631 to 2147483647
2009-06-25 17:54 - TileCalibL1Calo - DEBUG:  No new valid run. Last known valid run still: 119630
2009-06-25 18:10 - TileCalibL1Calo - INFO: ===> listening for new valid runs <===
2009-06-25 18:10 - TileCalibL1Calo - DEBUG: initialising coolRunLister
2009-06-25 18:10 - TileCalibL1Calo - DEBUG: applying selections to coolRunLister
2009-06-25 18:10 - TileCalibL1Calo - INFO: last valid run: 119630
2009-06-25 18:10 - TileCalibL1Calo - INFO: searching for new runs from 119631 to 2147483647
2009-06-25 18:10 - TileCalibL1Calo - DEBUG:  No new valid run. Last known valid run still: 119630
2009-06-25 18:25 - TileCalibL1Calo - INFO: ===> listening for new valid runs <===
2009-06-25 18:25 - TileCalibL1Calo - DEBUG: initialising coolRunLister
2009-06-25 18:25 - TileCalibL1Calo - DEBUG: applying selections to coolRunLister
2009-06-25 18:25 - TileCalibL1Calo - INFO: last valid run: 119630
2009-06-25 18:25 - TileCalibL1Calo - INFO: searching for new runs from 119631 to 2147483647
2009-06-25 18:25 - TileCalibL1Calo - DEBUG:  No new valid run. Last known valid run still: 119630
2009-06-25 18:40 - TileCalibL1Calo - INFO: ===> listening for new valid runs <===
2009-06-25 18:40 - TileCalibL1Calo - DEBUG: initialising coolRunLister
2009-06-25 18:40 - TileCalibL1Calo - DEBUG: applying selections to coolRunLister
2009-06-25 18:40 - TileCalibL1Calo - INFO: last valid run: 119630
2009-06-25 18:40 - TileCalibL1Calo - INFO: searching for new runs from 119631 to 2147483647
2009-06-25 18:40 - TileCalibL1Calo - DEBUG:  No new valid run. Last known valid run still: 119630
2009-06-25 18:55 - TileCalibL1Calo - INFO: ===> listening for new valid runs <===
2009-06-25 18:55 - TileCalibL1Calo - DEBUG: initialising coolRunLister
2009-06-25 18:55 - TileCalibL1Calo - DEBUG: applying selections to coolRunLister
2009-06-25 18:55 - TileCalibL1Calo - INFO: last valid run: 119630
2009-06-25 18:55 - TileCalibL1Calo - INFO: searching for new runs from 119631 to 2147483647
2009-06-25 18:56 - TileCalibL1Calo - DEBUG:  No new valid run. Last known valid run still: 119630
2009-06-25 19:11 - TileCalibL1Calo - INFO: ===> listening for new valid runs <===
2009-06-25 19:11 - TileCalibL1Calo - DEBUG: initialising coolRunLister
2009-06-25 19:11 - TileCalibL1Calo - DEBUG: applying selections to coolRunLister
2009-06-25 19:11 - TileCalibL1Calo - INFO: last valid run: 119630
2009-06-25 19:11 - TileCalibL1Calo - INFO: searching for new runs from 119631 to 2147483647
2009-06-25 19:11 - TileCalibL1Calo - DEBUG:  No new valid run. Last known valid run still: 119630
2009-06-25 19:26 - TileCalibL1Calo - INFO: ===> listening for new valid runs <===
2009-06-25 19:26 - TileCalibL1Calo - DEBUG: initialising coolRunLister
2009-06-25 19:26 - TileCalibL1Calo - DEBUG: applying selections to coolRunLister
2009-06-25 19:26 - TileCalibL1Calo - INFO: last valid run: 119630
2009-06-25 19:26 - TileCalibL1Calo - INFO: searching for new runs from 119631 to 2147483647
2009-06-25 19:26 - TileCalibL1Calo - DEBUG:  No new valid run. Last known valid run still: 119630
2009-06-25 19:41 - TileCalibL1Calo - INFO: ===> listening for new valid runs <===
2009-06-25 19:41 - TileCalibL1Calo - DEBUG: initialising coolRunLister
2009-06-25 19:41 - TileCalibL1Calo - DEBUG: applying selections to coolRunLister
2009-06-25 19:41 - TileCalibL1Calo - INFO: last valid run: 119630
2009-06-25 19:41 - TileCalibL1Calo - INFO: searching for new runs from 119631 to 2147483647
2009-06-25 19:42 - TileCalibL1Calo - DEBUG:  No new valid run. Last known valid run still: 119630
2009-06-25 19:57 - TileCalibL1Calo - INFO: ===> listening for new valid runs <===
2009-06-25 19:57 - TileCalibL1Calo - DEBUG: initialising coolRunLister
2009-06-25 19:57 - TileCalibL1Calo - DEBUG: applying selections to coolRunLister
2009-06-25 19:57 - TileCalibL1Calo - INFO: last valid run: 119630
2009-06-25 19:57 - TileCalibL1Calo - INFO: searching for new runs from 119631 to 2147483647
2009-06-25 19:57 - TileCalibL1Calo - DEBUG:  No new valid run. Last known valid run still: 119630
2009-06-25 20:12 - TileCalibL1Calo - INFO: ===> listening for new valid runs <===
2009-06-25 20:12 - TileCalibL1Calo - DEBUG: initialising coolRunLister
2009-06-25 20:12 - TileCalibL1Calo - DEBUG: applying selections to coolRunLister
2009-06-25 20:12 - TileCalibL1Calo - INFO: last valid run: 119630
2009-06-25 20:12 - TileCalibL1Calo - INFO: searching for new runs from 119631 to 2147483647
2009-06-25 20:12 - TileCalibL1Calo - DEBUG:  No new valid run. Last known valid run still: 119630
2009-06-25 20:27 - TileCalibL1Calo - INFO: ===> listening for new valid runs <===
2009-06-25 20:27 - TileCalibL1Calo - DEBUG: initialising coolRunLister
2009-06-25 20:27 - TileCalibL1Calo - DEBUG: applying selections to coolRunLister
2009-06-25 20:27 - TileCalibL1Calo - INFO: last valid run: 119630
2009-06-25 20:27 - TileCalibL1Calo - INFO: searching for new runs from 119631 to 2147483647
2009-06-25 20:28 - TileCalibL1Calo - DEBUG:  No new valid run. Last known valid run still: 119630
2009-06-25 20:43 - TileCalibL1Calo - INFO: ===> listening for new valid runs <===
2009-06-25 20:43 - TileCalibL1Calo - DEBUG: initialising coolRunLister
2009-06-25 20:43 - TileCalibL1Calo - DEBUG: applying selections to coolRunLister
2009-06-25 20:43 - TileCalibL1Calo - INFO: last valid run: 119630
2009-06-25 20:43 - TileCalibL1Calo - INFO: searching for new runs from 119631 to 2147483647
2009-06-25 20:43 - TileCalibL1Calo - DEBUG:  No new valid run. Last known valid run still: 119630
2009-06-25 20:58 - TileCalibL1Calo - INFO: ===> listening for new valid runs <===
2009-06-25 20:58 - TileCalibL1Calo - DEBUG: initialising coolRunLister
2009-06-25 20:58 - TileCalibL1Calo - DEBUG: applying selections to coolRunLister
2009-06-25 20:58 - TileCalibL1Calo - INFO: last valid run: 119630
2009-06-25 20:58 - TileCalibL1Calo - INFO: searching for new runs from 119631 to 2147483647
2009-06-25 20:58 - TileCalibL1Calo - DEBUG:  No new valid run. Last known valid run still: 119630
2009-06-25 21:13 - TileCalibL1Calo - INFO: ===> listening for new valid runs <===
2009-06-25 21:13 - TileCalibL1Calo - DEBUG: initialising coolRunLister
2009-06-25 21:13 - TileCalibL1Calo - DEBUG: applying selections to coolRunLister
2009-06-25 21:13 - TileCalibL1Calo - INFO: last valid run: 119630
2009-06-25 21:13 - TileCalibL1Calo - INFO: searching for new runs from 119631 to 2147483647
2009-06-25 21:13 - TileCalibL1Calo - DEBUG:  No new valid run. Last known valid run still: 119630
2009-06-25 21:29 - TileCalibL1Calo - INFO: ===> listening for new valid runs <===
2009-06-25 21:29 - TileCalibL1Calo - DEBUG: initialising coolRunLister
2009-06-25 21:29 - TileCalibL1Calo - DEBUG: applying selections to coolRunLister
2009-06-25 21:29 - TileCalibL1Calo - INFO: last valid run: 119630
2009-06-25 21:29 - TileCalibL1Calo - INFO: searching for new runs from 119631 to 2147483647
2009-06-25 21:29 - TileCalibL1Calo - DEBUG:  No new valid run. Last known valid run still: 119630
2009-06-25 21:44 - TileCalibL1Calo - INFO: ===> listening for new valid runs <===
2009-06-25 21:44 - TileCalibL1Calo - DEBUG: initialising coolRunLister
2009-06-25 21:44 - TileCalibL1Calo - DEBUG: applying selections to coolRunLister
2009-06-25 21:44 - TileCalibL1Calo - INFO: last valid run: 119630
2009-06-25 21:44 - TileCalibL1Calo - INFO: searching for new runs from 119631 to 2147483647
2009-06-25 21:44 - TileCalibL1Calo - DEBUG:  No new valid run. Last known valid run still: 119630
2009-06-25 21:59 - TileCalibL1Calo - INFO: ===> listening for new valid runs <===
2009-06-25 21:59 - TileCalibL1Calo - DEBUG: initialising coolRunLister
2009-06-25 21:59 - TileCalibL1Calo - DEBUG: applying selections to coolRunLister
2009-06-25 21:59 - TileCalibL1Calo - INFO: last valid run: 119630
2009-06-25 21:59 - TileCalibL1Calo - INFO: searching for new runs from 119631 to 2147483647
2009-06-25 21:59 - TileCalibL1Calo - DEBUG:  No new valid run. Last known valid run still: 119630
2009-06-25 22:14 - TileCalibL1Calo - INFO: ===> listening for new valid runs <===
2009-06-25 22:14 - TileCalibL1Calo - DEBUG: initialising coolRunLister
2009-06-25 22:14 - TileCalibL1Calo - DEBUG: applying selections to coolRunLister
2009-06-25 22:14 - TileCalibL1Calo - INFO: last valid run: 119630
2009-06-25 22:14 - TileCalibL1Calo - INFO: searching for new runs from 119631 to 2147483647
2009-06-25 22:15 - TileCalibL1Calo - DEBUG:  No new valid run. Last known valid run still: 119630
2009-06-25 22:30 - TileCalibL1Calo - INFO: ===> listening for new valid runs <===
2009-06-25 22:30 - TileCalibL1Calo - DEBUG: initialising coolRunLister
2009-06-25 22:30 - TileCalibL1Calo - DEBUG: applying selections to coolRunLister
2009-06-25 22:30 - TileCalibL1Calo - INFO: last valid run: 119630
2009-06-25 22:30 - TileCalibL1Calo - INFO: searching for new runs from 119631 to 2147483647
2009-06-25 22:30 - TileCalibL1Calo - DEBUG:  No new valid run. Last known valid run still: 119630
2009-06-25 22:45 - TileCalibL1Calo - INFO: ===> listening for new valid runs <===
2009-06-25 22:45 - TileCalibL1Calo - DEBUG: initialising coolRunLister
2009-06-25 22:45 - TileCalibL1Calo - DEBUG: applying selections to coolRunLister
2009-06-25 22:45 - TileCalibL1Calo - INFO: last valid run: 119630
2009-06-25 22:45 - TileCalibL1Calo - INFO: searching for new runs from 119631 to 2147483647
2009-06-25 22:45 - TileCalibL1Calo - DEBUG:  No new valid run. Last known valid run still: 119630
2009-06-25 23:00 - TileCalibL1Calo - INFO: ===> listening for new valid runs <===
2009-06-25 23:00 - TileCalibL1Calo - DEBUG: initialising coolRunLister
2009-06-25 23:00 - TileCalibL1Calo - DEBUG: applying selections to coolRunLister
2009-06-25 23:00 - TileCalibL1Calo - INFO: last valid run: 119630
2009-06-25 23:00 - TileCalibL1Calo - INFO: searching for new runs from 119631 to 2147483647
2009-06-25 23:00 - TileCalibL1Calo - DEBUG:  No new valid run. Last known valid run still: 119630
2009-06-25 23:16 - TileCalibL1Calo - INFO: ===> listening for new valid runs <===
2009-06-25 23:16 - TileCalibL1Calo - DEBUG: initialising coolRunLister
2009-06-25 23:16 - TileCalibL1Calo - DEBUG: applying selections to coolRunLister
2009-06-25 23:16 - TileCalibL1Calo - INFO: last valid run: 119630
2009-06-25 23:16 - TileCalibL1Calo - INFO: searching for new runs from 119631 to 2147483647
2009-06-25 23:16 - TileCalibL1Calo - DEBUG:  No new valid run. Last known valid run still: 119630
2009-06-25 23:31 - TileCalibL1Calo - INFO: ===> listening for new valid runs <===
2009-06-25 23:31 - TileCalibL1Calo - DEBUG: initialising coolRunLister
2009-06-25 23:31 - TileCalibL1Calo - DEBUG: applying selections to coolRunLister
2009-06-25 23:31 - TileCalibL1Calo - INFO: last valid run: 119630
2009-06-25 23:31 - TileCalibL1Calo - INFO: searching for new runs from 119631 to 2147483647
2009-06-25 23:31 - TileCalibL1Calo - DEBUG:  No new valid run. Last known valid run still: 119630
2009-06-25 23:46 - TileCalibL1Calo - INFO: ===> listening for new valid runs <===
2009-06-25 23:46 - TileCalibL1Calo - DEBUG: initialising coolRunLister
2009-06-25 23:46 - TileCalibL1Calo - DEBUG: applying selections to coolRunLister
2009-06-25 23:46 - TileCalibL1Calo - INFO: last valid run: 119630
2009-06-25 23:46 - TileCalibL1Calo - INFO: searching for new runs from 119631 to 2147483647
