2009-04-29 16:24 - LArCalibL1Calo - INFO: ========================================
2009-04-29 16:24 - LArCalibL1Calo - INFO: RunListener in init
2009-04-29 16:24 - LArCalibL1Calo - INFO: RunListener initialized
2009-04-29 16:24 - LArCalibL1Calo - INFO: ========================================
2009-04-29 16:24 - LArCalibL1Calo - INFO: ===> from initRunListener <===
2009-04-29 16:24 - LArCalibL1Calo - INFO: 
RunListener LArCalibL1Caloinitialised with the following parameters:
TDAQ DB: COOLONL_TDAQ/COMP200
TRIG DB: COOLONL_TRIGGER/COMP200
Status DB: COOLONL_TDAQ/COMP200
log level: 0
oracle: False
rec. only: True
det. mask: 0
run type: LarCalibL1Calo
det. status: 
det. status tag: HEAD
daq partition: 

2009-04-29 16:25 - LArCalibL1Calo - INFO: ===> listening for new valid runs <===
2009-04-29 16:25 - LArCalibL1Calo - DEBUG: initialising coolRunLister
2009-04-29 16:25 - LArCalibL1Calo - DEBUG: applying selections to coolRunLister
2009-04-29 16:25 - LArCalibL1Calo - INFO: last valid run: 113232
2009-04-29 16:25 - LArCalibL1Calo - INFO: searching for new runs from 113233 to 2147483647
2009-04-29 16:25 - LArCalibL1Calo - DEBUG:  No new valid run. Last known valid run still: 113232
2009-04-29 16:26 - LArCalibL1Calo - INFO: ===> listening for new valid runs <===
2009-04-29 16:26 - LArCalibL1Calo - DEBUG: initialising coolRunLister
2009-04-29 16:26 - LArCalibL1Calo - DEBUG: applying selections to coolRunLister
2009-04-29 16:26 - LArCalibL1Calo - INFO: last valid run: 113232
2009-04-29 16:26 - LArCalibL1Calo - INFO: searching for new runs from 113233 to 2147483647
2009-04-29 16:26 - LArCalibL1Calo - DEBUG:  No new valid run. Last known valid run still: 113232
2009-04-29 16:26 - LArCalibL1Calo - INFO: ===> listening for new valid runs <===
2009-04-29 16:26 - LArCalibL1Calo - DEBUG: initialising coolRunLister
2009-04-29 16:26 - LArCalibL1Calo - DEBUG: applying selections to coolRunLister
2009-04-29 16:26 - LArCalibL1Calo - INFO: last valid run: 113232
2009-04-29 16:26 - LArCalibL1Calo - INFO: searching for new runs from 113233 to 2147483647
2009-04-29 16:27 - LArCalibL1Calo - DEBUG:  No new valid run. Last known valid run still: 113232
2009-04-29 16:27 - LArCalibL1Calo - INFO: ===> listening for new valid runs <===
2009-04-29 16:27 - LArCalibL1Calo - DEBUG: initialising coolRunLister
2009-04-29 16:27 - LArCalibL1Calo - DEBUG: applying selections to coolRunLister
2009-04-29 16:27 - LArCalibL1Calo - INFO: last valid run: 113232
2009-04-29 16:27 - LArCalibL1Calo - INFO: searching for new runs from 113233 to 2147483647
2009-04-29 16:27 - LArCalibL1Calo - DEBUG:  No new valid run. Last known valid run still: 113232
2009-04-29 16:28 - LArCalibL1Calo - INFO: ===> listening for new valid runs <===
2009-04-29 16:28 - LArCalibL1Calo - DEBUG: initialising coolRunLister
2009-04-29 16:28 - LArCalibL1Calo - DEBUG: applying selections to coolRunLister
2009-04-29 16:28 - LArCalibL1Calo - INFO: last valid run: 113232
2009-04-29 16:28 - LArCalibL1Calo - INFO: searching for new runs from 113233 to 2147483647
2009-04-29 16:28 - LArCalibL1Calo - DEBUG:  No new valid run. Last known valid run still: 113232
2009-04-29 16:29 - LArCalibL1Calo - INFO: ===> listening for new valid runs <===
2009-04-29 16:29 - LArCalibL1Calo - DEBUG: initialising coolRunLister
2009-04-29 16:29 - LArCalibL1Calo - DEBUG: applying selections to coolRunLister
2009-04-29 16:29 - LArCalibL1Calo - INFO: last valid run: 113232
2009-04-29 16:29 - LArCalibL1Calo - INFO: searching for new runs from 113233 to 2147483647
2009-04-29 16:29 - LArCalibL1Calo - DEBUG:  No new valid run. Last known valid run still: 113232
2009-04-29 16:29 - LArCalibL1Calo - INFO: ===> listening for new valid runs <===
2009-04-29 16:29 - LArCalibL1Calo - DEBUG: initialising coolRunLister
2009-04-29 16:29 - LArCalibL1Calo - DEBUG: applying selections to coolRunLister
2009-04-29 16:29 - LArCalibL1Calo - INFO: last valid run: 113232
2009-04-29 16:29 - LArCalibL1Calo - INFO: searching for new runs from 113233 to 2147483647
2009-04-29 16:29 - LArCalibL1Calo - DEBUG:  No new valid run. Last known valid run still: 113232
2009-04-29 16:30 - LArCalibL1Calo - INFO: ===> listening for new valid runs <===
2009-04-29 16:30 - LArCalibL1Calo - DEBUG: initialising coolRunLister
2009-04-29 16:30 - LArCalibL1Calo - DEBUG: applying selections to coolRunLister
2009-04-29 16:30 - LArCalibL1Calo - INFO: last valid run: 113232
2009-04-29 16:30 - LArCalibL1Calo - INFO: searching for new runs from 113233 to 2147483647
2009-04-29 16:30 - LArCalibL1Calo - DEBUG:  No new valid run. Last known valid run still: 113232
2009-04-29 16:30 - LArCalibL1Calo - INFO: ===> listening for new valid runs <===
2009-04-29 16:30 - LArCalibL1Calo - DEBUG: initialising coolRunLister
2009-04-29 16:30 - LArCalibL1Calo - DEBUG: applying selections to coolRunLister
2009-04-29 16:30 - LArCalibL1Calo - INFO: last valid run: 113232
2009-04-29 16:30 - LArCalibL1Calo - INFO: searching for new runs from 113233 to 2147483647
2009-04-29 16:30 - LArCalibL1Calo - DEBUG:  No new valid run. Last known valid run still: 113232
2009-04-29 16:31 - LArCalibL1Calo - INFO: ===> listening for new valid runs <===
2009-04-29 16:31 - LArCalibL1Calo - DEBUG: initialising coolRunLister
2009-04-29 16:31 - LArCalibL1Calo - DEBUG: applying selections to coolRunLister
2009-04-29 16:31 - LArCalibL1Calo - INFO: last valid run: 113232
2009-04-29 16:31 - LArCalibL1Calo - INFO: searching for new runs from 113233 to 2147483647
2009-04-29 16:31 - LArCalibL1Calo - DEBUG:  No new valid run. Last known valid run still: 113232
2009-04-29 16:32 - LArCalibL1Calo - INFO: ===> listening for new valid runs <===
2009-04-29 16:32 - LArCalibL1Calo - DEBUG: initialising coolRunLister
2009-04-29 16:32 - LArCalibL1Calo - DEBUG: applying selections to coolRunLister
2009-04-29 16:32 - LArCalibL1Calo - INFO: last valid run: 113232
2009-04-29 16:32 - LArCalibL1Calo - INFO: searching for new runs from 113233 to 2147483647
2009-04-29 16:32 - LArCalibL1Calo - DEBUG:  No new valid run. Last known valid run still: 113232
2009-04-29 16:32 - LArCalibL1Calo - INFO: ===> listening for new valid runs <===
2009-04-29 16:32 - LArCalibL1Calo - DEBUG: initialising coolRunLister
2009-04-29 16:32 - LArCalibL1Calo - DEBUG: applying selections to coolRunLister
2009-04-29 16:32 - LArCalibL1Calo - INFO: last valid run: 113232
2009-04-29 16:32 - LArCalibL1Calo - INFO: searching for new runs from 113233 to 2147483647
2009-04-29 16:33 - LArCalibL1Calo - DEBUG:  No new valid run. Last known valid run still: 113232
2009-04-29 16:33 - LArCalibL1Calo - INFO: ===> listening for new valid runs <===
2009-04-29 16:33 - LArCalibL1Calo - DEBUG: initialising coolRunLister
2009-04-29 16:33 - LArCalibL1Calo - DEBUG: applying selections to coolRunLister
2009-04-29 16:33 - LArCalibL1Calo - INFO: last valid run: 113232
2009-04-29 16:33 - LArCalibL1Calo - INFO: searching for new runs from 113233 to 2147483647
2009-04-29 16:33 - LArCalibL1Calo - DEBUG:  No new valid run. Last known valid run still: 113232
