2009-05-13 00:01 - L1CaloStandalone - INFO: ========================================
2009-05-13 00:01 - L1CaloStandalone - INFO: RunListener in init
2009-05-13 00:01 - L1CaloStandalone - INFO: RunListener initialized
2009-05-13 00:01 - L1CaloStandalone - INFO: ========================================
2009-05-13 00:01 - L1CaloStandalone - INFO: ===> from initRunListener <===
2009-05-13 00:01 - L1CaloStandalone - INFO: 
RunListener L1CaloStandaloneinitialised with the following parameters:
TDAQ DB: COOLONL_TDAQ/COMP200
TRIG DB: COOLONL_TRIGGER/COMP200
Status DB: COOLONL_TDAQ/COMP200
log level: 0
oracle: False
rec. only: True
det. mask: 0
run type: Physics
det. status: 2
det. status tag: HEAD
daq partition: 
 * L1CaloStandalone
tag: 
format: acertd
reverse: False
stoptimestamp: True
cleanstop: True
hasevents: True
last valid run known: 0

2009-05-13 00:17 - L1CaloStandalone - INFO: ===> listening for new valid runs <===
2009-05-13 00:17 - L1CaloStandalone - DEBUG: initialising coolRunLister
2009-05-13 00:17 - L1CaloStandalone - DEBUG: applying selections to coolRunLister
2009-05-13 00:17 - L1CaloStandalone - INFO: last valid run: 113232
2009-05-13 00:17 - L1CaloStandalone - INFO: searching for new runs from 113233 to 2147483647
2009-05-13 00:17 - L1CaloStandalone - DEBUG: new last known run: 114955
2009-05-13 00:17 - L1CaloStandalone - DEBUG: 
     Run   Events  LumiB            StartTime             StopTime L1Events L2Events EFEvents ErrC Rec Cln RunType                  DetectorMask DAQConfiguration     PartitionName    FilenameTag         
  113234     1324      1  2009-04-25:08:18:47  2009-04-25:08:21:38     1324     1324     1324    0  No Yes Physics                    7c00000000 Schema=136:Data=6    L1CaloStandalone data_test           
     Run   Events  LumiB            StartTime             StopTime L1Events L2Events EFEvents ErrC Rec Cln RunType                  DetectorMask DAQConfiguration     PartitionName    FilenameTag         
  113237     1260      1  2009-04-25:09:11:51  2009-04-25:09:13:57     1260     1260     1260    0  No Yes Physics                    7c00000000 Schema=136:Data=6    L1CaloStandalone data_test           
     Run   Events  LumiB            StartTime             StopTime L1Events L2Events EFEvents ErrC Rec Cln RunType                  DetectorMask DAQConfiguration     PartitionName    FilenameTag         
  113282     1264      1  2009-04-26:15:55:34  2009-04-26:15:57:40     1264     1264     1264    0  No Yes Physics                    7c00000000 Schema=136:Data=6    L1CaloStandalone data_test           
     Run   Events  LumiB            StartTime             StopTime L1Events L2Events EFEvents ErrC Rec Cln RunType                  DetectorMask DAQConfiguration     PartitionName    FilenameTag         
  114150     1308      1  2009-05-04:15:12:59  2009-05-04:15:15:51     1308     1308     1308    0  No Yes Physics                    7c00000000 Schema=139:Data=29   L1CaloStandalone data_test           
     Run   Events  LumiB            StartTime             StopTime L1Events L2Events EFEvents ErrC Rec Cln RunType                  DetectorMask DAQConfiguration     PartitionName    FilenameTag         
  114160     1264      1  2009-05-04:15:55:53  2009-05-04:15:57:59     1264     1264     1264    0  No Yes Physics                    7c00000000 Schema=139:Data=29   L1CaloStandalone data_test           
     Run   Events  LumiB            StartTime             StopTime L1Events L2Events EFEvents ErrC Rec Cln RunType                  DetectorMask DAQConfiguration     PartitionName    FilenameTag         
  114163     4133      1  2009-05-04:16:09:49  2009-05-04:16:10:00     4133     4133     4133    0  No Yes Physics                    7c00000000                      L1CaloStandalone data_test           
     Run   Events  LumiB            StartTime             StopTime L1Events L2Events EFEvents ErrC Rec Cln RunType                  DetectorMask DAQConfiguration     PartitionName    FilenameTag         
  114627     1296      1  2009-05-08:13:14:13  2009-05-08:13:17:05     1296     1296     1296    0  No Yes Physics                    7c00000000 Schema=141:Data=107  L1CaloStandalone data_test           
     Run   Events  LumiB            StartTime             StopTime L1Events L2Events EFEvents ErrC Rec Cln RunType                  DetectorMask DAQConfiguration     PartitionName    FilenameTag         
  114633     1264      1  2009-05-08:13:32:05  2009-05-08:13:34:11     1264     1264     1264    0  No Yes Physics                    7c00000000 Schema=141:Data=107  L1CaloStandalone data_test           
     Run   Events  LumiB            StartTime             StopTime L1Events L2Events EFEvents ErrC Rec Cln RunType                  DetectorMask DAQConfiguration     PartitionName    FilenameTag         
  114859   425579      1  2009-05-11:13:37:38  2009-05-11:13:41:36   425579   425579   425579    0  No Yes Physics                    7c00000000 Schema=141:Data=167  L1CaloStandalone data_test           
     Run   Events  LumiB            StartTime             StopTime L1Events L2Events EFEvents ErrC Rec Cln RunType                  DetectorMask DAQConfiguration     PartitionName    FilenameTag         
  114948     1324      1  2009-05-12:08:11:08  2009-05-12:08:13:57     1324     1324     1324    0  No Yes Physics                    7c00000000 Schema=141:Data=210  L1CaloStandalone data_test           
     Run   Events  LumiB            StartTime             StopTime L1Events L2Events EFEvents ErrC Rec Cln RunType                  DetectorMask DAQConfiguration     PartitionName    FilenameTag         
  114951     1264      1  2009-05-12:08:22:56  2009-05-12:08:25:02     1264     1264     1264    0  No Yes Physics                    7c00000000 Schema=141:Data=210  L1CaloStandalone data_test           
     Run   Events  LumiB            StartTime             StopTime L1Events L2Events EFEvents ErrC Rec Cln RunType                  DetectorMask DAQConfiguration     PartitionName    FilenameTag         
  114955      672      1  2009-05-12:08:32:28  2009-05-12:08:43:14      672      672      672    0  No Yes Physics                    7c00000000 Schema=141:Data=210  L1CaloStandalone data_test           

2009-05-13 00:32 - L1CaloStandalone - INFO: ===> listening for new valid runs <===
2009-05-13 00:32 - L1CaloStandalone - DEBUG: initialising coolRunLister
2009-05-13 00:32 - L1CaloStandalone - DEBUG: applying selections to coolRunLister
2009-05-13 00:32 - L1CaloStandalone - INFO: last valid run: 114955
2009-05-13 00:32 - L1CaloStandalone - INFO: searching for new runs from 114956 to 2147483647
2009-05-13 00:32 - L1CaloStandalone - DEBUG:  No new valid run. Last known valid run still: 114955
2009-05-13 00:47 - L1CaloStandalone - INFO: ===> listening for new valid runs <===
2009-05-13 00:47 - L1CaloStandalone - DEBUG: initialising coolRunLister
2009-05-13 00:47 - L1CaloStandalone - DEBUG: applying selections to coolRunLister
2009-05-13 00:47 - L1CaloStandalone - INFO: last valid run: 114955
2009-05-13 00:47 - L1CaloStandalone - INFO: searching for new runs from 114956 to 2147483647
2009-05-13 00:47 - L1CaloStandalone - DEBUG:  No new valid run. Last known valid run still: 114955
2009-05-13 01:02 - L1CaloStandalone - INFO: ===> listening for new valid runs <===
2009-05-13 01:02 - L1CaloStandalone - DEBUG: initialising coolRunLister
2009-05-13 01:02 - L1CaloStandalone - DEBUG: applying selections to coolRunLister
2009-05-13 01:02 - L1CaloStandalone - INFO: last valid run: 114955
2009-05-13 01:02 - L1CaloStandalone - INFO: searching for new runs from 114956 to 2147483647
2009-05-13 01:02 - L1CaloStandalone - DEBUG:  No new valid run. Last known valid run still: 114955
2009-05-13 01:17 - L1CaloStandalone - INFO: ===> listening for new valid runs <===
2009-05-13 01:17 - L1CaloStandalone - DEBUG: initialising coolRunLister
2009-05-13 01:17 - L1CaloStandalone - DEBUG: applying selections to coolRunLister
2009-05-13 01:17 - L1CaloStandalone - INFO: last valid run: 114955
2009-05-13 01:17 - L1CaloStandalone - INFO: searching for new runs from 114956 to 2147483647
2009-05-13 01:18 - L1CaloStandalone - DEBUG:  No new valid run. Last known valid run still: 114955
2009-05-13 01:33 - L1CaloStandalone - INFO: ===> listening for new valid runs <===
2009-05-13 01:33 - L1CaloStandalone - DEBUG: initialising coolRunLister
2009-05-13 01:33 - L1CaloStandalone - DEBUG: applying selections to coolRunLister
2009-05-13 01:33 - L1CaloStandalone - INFO: last valid run: 114955
2009-05-13 01:33 - L1CaloStandalone - INFO: searching for new runs from 114956 to 2147483647
2009-05-13 01:33 - L1CaloStandalone - DEBUG:  No new valid run. Last known valid run still: 114955
2009-05-13 01:48 - L1CaloStandalone - INFO: ===> listening for new valid runs <===
2009-05-13 01:48 - L1CaloStandalone - DEBUG: initialising coolRunLister
2009-05-13 01:48 - L1CaloStandalone - DEBUG: applying selections to coolRunLister
2009-05-13 01:48 - L1CaloStandalone - INFO: last valid run: 114955
2009-05-13 01:48 - L1CaloStandalone - INFO: searching for new runs from 114956 to 2147483647
2009-05-13 01:48 - L1CaloStandalone - DEBUG:  No new valid run. Last known valid run still: 114955
2009-05-13 02:03 - L1CaloStandalone - INFO: ===> listening for new valid runs <===
2009-05-13 02:03 - L1CaloStandalone - DEBUG: initialising coolRunLister
2009-05-13 02:03 - L1CaloStandalone - DEBUG: applying selections to coolRunLister
2009-05-13 02:03 - L1CaloStandalone - INFO: last valid run: 114955
2009-05-13 02:03 - L1CaloStandalone - INFO: searching for new runs from 114956 to 2147483647
2009-05-13 02:03 - L1CaloStandalone - DEBUG:  No new valid run. Last known valid run still: 114955
2009-05-13 02:18 - L1CaloStandalone - INFO: ===> listening for new valid runs <===
2009-05-13 02:18 - L1CaloStandalone - DEBUG: initialising coolRunLister
2009-05-13 02:18 - L1CaloStandalone - DEBUG: applying selections to coolRunLister
2009-05-13 02:18 - L1CaloStandalone - INFO: last valid run: 114955
2009-05-13 02:18 - L1CaloStandalone - INFO: searching for new runs from 114956 to 2147483647
2009-05-13 02:18 - L1CaloStandalone - DEBUG:  No new valid run. Last known valid run still: 114955
2009-05-13 02:33 - L1CaloStandalone - INFO: ===> listening for new valid runs <===
2009-05-13 02:33 - L1CaloStandalone - DEBUG: initialising coolRunLister
2009-05-13 02:33 - L1CaloStandalone - DEBUG: applying selections to coolRunLister
2009-05-13 02:33 - L1CaloStandalone - INFO: last valid run: 114955
2009-05-13 02:33 - L1CaloStandalone - INFO: searching for new runs from 114956 to 2147483647
2009-05-13 02:33 - L1CaloStandalone - DEBUG:  No new valid run. Last known valid run still: 114955
2009-05-13 02:48 - L1CaloStandalone - INFO: ===> listening for new valid runs <===
2009-05-13 02:48 - L1CaloStandalone - DEBUG: initialising coolRunLister
2009-05-13 02:48 - L1CaloStandalone - DEBUG: applying selections to coolRunLister
2009-05-13 02:48 - L1CaloStandalone - INFO: last valid run: 114955
2009-05-13 02:48 - L1CaloStandalone - INFO: searching for new runs from 114956 to 2147483647
2009-05-13 02:48 - L1CaloStandalone - DEBUG:  No new valid run. Last known valid run still: 114955
2009-05-13 03:03 - L1CaloStandalone - INFO: ===> listening for new valid runs <===
2009-05-13 03:03 - L1CaloStandalone - DEBUG: initialising coolRunLister
2009-05-13 03:03 - L1CaloStandalone - DEBUG: applying selections to coolRunLister
2009-05-13 03:03 - L1CaloStandalone - INFO: last valid run: 114955
2009-05-13 03:03 - L1CaloStandalone - INFO: searching for new runs from 114956 to 2147483647
2009-05-13 03:03 - L1CaloStandalone - DEBUG:  No new valid run. Last known valid run still: 114955
2009-05-13 03:18 - L1CaloStandalone - INFO: ===> listening for new valid runs <===
2009-05-13 03:18 - L1CaloStandalone - DEBUG: initialising coolRunLister
2009-05-13 03:18 - L1CaloStandalone - DEBUG: applying selections to coolRunLister
2009-05-13 03:18 - L1CaloStandalone - INFO: last valid run: 114955
2009-05-13 03:18 - L1CaloStandalone - INFO: searching for new runs from 114956 to 2147483647
2009-05-13 03:18 - L1CaloStandalone - DEBUG:  No new valid run. Last known valid run still: 114955
2009-05-13 03:33 - L1CaloStandalone - INFO: ===> listening for new valid runs <===
2009-05-13 03:33 - L1CaloStandalone - DEBUG: initialising coolRunLister
2009-05-13 03:33 - L1CaloStandalone - DEBUG: applying selections to coolRunLister
2009-05-13 03:33 - L1CaloStandalone - INFO: last valid run: 114955
2009-05-13 03:33 - L1CaloStandalone - INFO: searching for new runs from 114956 to 2147483647
2009-05-13 03:33 - L1CaloStandalone - DEBUG:  No new valid run. Last known valid run still: 114955
2009-05-13 03:48 - L1CaloStandalone - INFO: ===> listening for new valid runs <===
2009-05-13 03:48 - L1CaloStandalone - DEBUG: initialising coolRunLister
2009-05-13 03:48 - L1CaloStandalone - DEBUG: applying selections to coolRunLister
2009-05-13 03:48 - L1CaloStandalone - INFO: last valid run: 114955
2009-05-13 03:48 - L1CaloStandalone - INFO: searching for new runs from 114956 to 2147483647
2009-05-13 03:48 - L1CaloStandalone - DEBUG:  No new valid run. Last known valid run still: 114955
2009-05-13 04:04 - L1CaloStandalone - INFO: ===> listening for new valid runs <===
2009-05-13 04:04 - L1CaloStandalone - DEBUG: initialising coolRunLister
2009-05-13 04:04 - L1CaloStandalone - DEBUG: applying selections to coolRunLister
2009-05-13 04:04 - L1CaloStandalone - INFO: last valid run: 114955
2009-05-13 04:04 - L1CaloStandalone - INFO: searching for new runs from 114956 to 2147483647
2009-05-13 04:04 - L1CaloStandalone - DEBUG:  No new valid run. Last known valid run still: 114955
2009-05-13 04:19 - L1CaloStandalone - INFO: ===> listening for new valid runs <===
2009-05-13 04:19 - L1CaloStandalone - DEBUG: initialising coolRunLister
2009-05-13 04:19 - L1CaloStandalone - DEBUG: applying selections to coolRunLister
2009-05-13 04:19 - L1CaloStandalone - INFO: last valid run: 114955
2009-05-13 04:19 - L1CaloStandalone - INFO: searching for new runs from 114956 to 2147483647
2009-05-13 04:19 - L1CaloStandalone - DEBUG:  No new valid run. Last known valid run still: 114955
2009-05-13 04:34 - L1CaloStandalone - INFO: ===> listening for new valid runs <===
2009-05-13 04:34 - L1CaloStandalone - DEBUG: initialising coolRunLister
2009-05-13 04:34 - L1CaloStandalone - DEBUG: applying selections to coolRunLister
2009-05-13 04:34 - L1CaloStandalone - INFO: last valid run: 114955
2009-05-13 04:34 - L1CaloStandalone - INFO: searching for new runs from 114956 to 2147483647
2009-05-13 04:34 - L1CaloStandalone - DEBUG:  No new valid run. Last known valid run still: 114955
2009-05-13 04:49 - L1CaloStandalone - INFO: ===> listening for new valid runs <===
2009-05-13 04:49 - L1CaloStandalone - DEBUG: initialising coolRunLister
2009-05-13 04:49 - L1CaloStandalone - DEBUG: applying selections to coolRunLister
2009-05-13 04:49 - L1CaloStandalone - INFO: last valid run: 114955
2009-05-13 04:49 - L1CaloStandalone - INFO: searching for new runs from 114956 to 2147483647
2009-05-13 04:49 - L1CaloStandalone - DEBUG:  No new valid run. Last known valid run still: 114955
2009-05-13 05:04 - L1CaloStandalone - INFO: ===> listening for new valid runs <===
2009-05-13 05:04 - L1CaloStandalone - DEBUG: initialising coolRunLister
2009-05-13 05:04 - L1CaloStandalone - DEBUG: applying selections to coolRunLister
2009-05-13 05:04 - L1CaloStandalone - INFO: last valid run: 114955
2009-05-13 05:04 - L1CaloStandalone - INFO: searching for new runs from 114956 to 2147483647
2009-05-13 05:04 - L1CaloStandalone - DEBUG:  No new valid run. Last known valid run still: 114955
2009-05-13 05:19 - L1CaloStandalone - INFO: ===> listening for new valid runs <===
2009-05-13 05:19 - L1CaloStandalone - DEBUG: initialising coolRunLister
2009-05-13 05:19 - L1CaloStandalone - DEBUG: applying selections to coolRunLister
2009-05-13 05:19 - L1CaloStandalone - INFO: last valid run: 114955
2009-05-13 05:19 - L1CaloStandalone - INFO: searching for new runs from 114956 to 2147483647
2009-05-13 05:19 - L1CaloStandalone - DEBUG:  No new valid run. Last known valid run still: 114955
2009-05-13 05:34 - L1CaloStandalone - INFO: ===> listening for new valid runs <===
2009-05-13 05:34 - L1CaloStandalone - DEBUG: initialising coolRunLister
2009-05-13 05:34 - L1CaloStandalone - DEBUG: applying selections to coolRunLister
2009-05-13 05:34 - L1CaloStandalone - INFO: last valid run: 114955
2009-05-13 05:34 - L1CaloStandalone - INFO: searching for new runs from 114956 to 2147483647
2009-05-13 05:34 - L1CaloStandalone - DEBUG:  No new valid run. Last known valid run still: 114955
2009-05-13 05:49 - L1CaloStandalone - INFO: ===> listening for new valid runs <===
2009-05-13 05:49 - L1CaloStandalone - DEBUG: initialising coolRunLister
2009-05-13 05:49 - L1CaloStandalone - DEBUG: applying selections to coolRunLister
2009-05-13 05:49 - L1CaloStandalone - INFO: last valid run: 114955
2009-05-13 05:49 - L1CaloStandalone - INFO: searching for new runs from 114956 to 2147483647
2009-05-13 05:49 - L1CaloStandalone - DEBUG:  No new valid run. Last known valid run still: 114955
2009-05-13 06:04 - L1CaloStandalone - INFO: ===> listening for new valid runs <===
2009-05-13 06:04 - L1CaloStandalone - DEBUG: initialising coolRunLister
2009-05-13 06:04 - L1CaloStandalone - DEBUG: applying selections to coolRunLister
2009-05-13 06:04 - L1CaloStandalone - INFO: last valid run: 114955
2009-05-13 06:04 - L1CaloStandalone - INFO: searching for new runs from 114956 to 2147483647
2009-05-13 06:04 - L1CaloStandalone - DEBUG:  No new valid run. Last known valid run still: 114955
2009-05-13 06:19 - L1CaloStandalone - INFO: ===> listening for new valid runs <===
2009-05-13 06:19 - L1CaloStandalone - DEBUG: initialising coolRunLister
2009-05-13 06:19 - L1CaloStandalone - DEBUG: applying selections to coolRunLister
2009-05-13 06:19 - L1CaloStandalone - INFO: last valid run: 114955
2009-05-13 06:19 - L1CaloStandalone - INFO: searching for new runs from 114956 to 2147483647
2009-05-13 06:19 - L1CaloStandalone - DEBUG:  No new valid run. Last known valid run still: 114955
2009-05-13 06:34 - L1CaloStandalone - INFO: ===> listening for new valid runs <===
2009-05-13 06:34 - L1CaloStandalone - DEBUG: initialising coolRunLister
2009-05-13 06:34 - L1CaloStandalone - DEBUG: applying selections to coolRunLister
2009-05-13 06:34 - L1CaloStandalone - INFO: last valid run: 114955
2009-05-13 06:34 - L1CaloStandalone - INFO: searching for new runs from 114956 to 2147483647
2009-05-13 06:35 - L1CaloStandalone - DEBUG:  No new valid run. Last known valid run still: 114955
2009-05-13 06:50 - L1CaloStandalone - INFO: ===> listening for new valid runs <===
2009-05-13 06:50 - L1CaloStandalone - DEBUG: initialising coolRunLister
2009-05-13 06:50 - L1CaloStandalone - DEBUG: applying selections to coolRunLister
2009-05-13 06:50 - L1CaloStandalone - INFO: last valid run: 114955
2009-05-13 06:50 - L1CaloStandalone - INFO: searching for new runs from 114956 to 2147483647
2009-05-13 06:50 - L1CaloStandalone - DEBUG:  No new valid run. Last known valid run still: 114955
2009-05-13 07:05 - L1CaloStandalone - INFO: ===> listening for new valid runs <===
2009-05-13 07:05 - L1CaloStandalone - DEBUG: initialising coolRunLister
2009-05-13 07:05 - L1CaloStandalone - DEBUG: applying selections to coolRunLister
2009-05-13 07:05 - L1CaloStandalone - INFO: last valid run: 114955
2009-05-13 07:05 - L1CaloStandalone - INFO: searching for new runs from 114956 to 2147483647
2009-05-13 07:05 - L1CaloStandalone - DEBUG:  No new valid run. Last known valid run still: 114955
2009-05-13 07:20 - L1CaloStandalone - INFO: ===> listening for new valid runs <===
2009-05-13 07:20 - L1CaloStandalone - DEBUG: initialising coolRunLister
2009-05-13 07:20 - L1CaloStandalone - DEBUG: applying selections to coolRunLister
2009-05-13 07:20 - L1CaloStandalone - INFO: last valid run: 114955
2009-05-13 07:20 - L1CaloStandalone - INFO: searching for new runs from 114956 to 2147483647
2009-05-13 07:20 - L1CaloStandalone - DEBUG:  No new valid run. Last known valid run still: 114955
2009-05-13 07:35 - L1CaloStandalone - INFO: ===> listening for new valid runs <===
2009-05-13 07:35 - L1CaloStandalone - DEBUG: initialising coolRunLister
2009-05-13 07:35 - L1CaloStandalone - DEBUG: applying selections to coolRunLister
2009-05-13 07:35 - L1CaloStandalone - INFO: last valid run: 114955
2009-05-13 07:35 - L1CaloStandalone - INFO: searching for new runs from 114956 to 2147483647
2009-05-13 07:35 - L1CaloStandalone - DEBUG:  No new valid run. Last known valid run still: 114955
2009-05-13 07:50 - L1CaloStandalone - INFO: ===> listening for new valid runs <===
2009-05-13 07:50 - L1CaloStandalone - DEBUG: initialising coolRunLister
2009-05-13 07:50 - L1CaloStandalone - DEBUG: applying selections to coolRunLister
2009-05-13 07:50 - L1CaloStandalone - INFO: last valid run: 114955
2009-05-13 07:50 - L1CaloStandalone - INFO: searching for new runs from 114956 to 2147483647
2009-05-13 07:50 - L1CaloStandalone - DEBUG:  No new valid run. Last known valid run still: 114955
2009-05-13 08:05 - L1CaloStandalone - INFO: ===> listening for new valid runs <===
2009-05-13 08:05 - L1CaloStandalone - DEBUG: initialising coolRunLister
2009-05-13 08:05 - L1CaloStandalone - DEBUG: applying selections to coolRunLister
2009-05-13 08:05 - L1CaloStandalone - INFO: last valid run: 114955
2009-05-13 08:05 - L1CaloStandalone - INFO: searching for new runs from 114956 to 2147483647
2009-05-13 08:05 - L1CaloStandalone - DEBUG:  No new valid run. Last known valid run still: 114955
2009-05-13 08:20 - L1CaloStandalone - INFO: ===> listening for new valid runs <===
2009-05-13 08:20 - L1CaloStandalone - DEBUG: initialising coolRunLister
2009-05-13 08:20 - L1CaloStandalone - DEBUG: applying selections to coolRunLister
2009-05-13 08:20 - L1CaloStandalone - INFO: last valid run: 114955
2009-05-13 08:20 - L1CaloStandalone - INFO: searching for new runs from 114956 to 2147483647
2009-05-13 08:20 - L1CaloStandalone - DEBUG:  No new valid run. Last known valid run still: 114955
2009-05-13 08:35 - L1CaloStandalone - INFO: ===> listening for new valid runs <===
2009-05-13 08:35 - L1CaloStandalone - DEBUG: initialising coolRunLister
2009-05-13 08:35 - L1CaloStandalone - DEBUG: applying selections to coolRunLister
2009-05-13 08:35 - L1CaloStandalone - INFO: last valid run: 114955
2009-05-13 08:35 - L1CaloStandalone - INFO: searching for new runs from 114956 to 2147483647
2009-05-13 08:35 - L1CaloStandalone - DEBUG:  No new valid run. Last known valid run still: 114955
2009-05-13 08:50 - L1CaloStandalone - INFO: ===> listening for new valid runs <===
2009-05-13 08:50 - L1CaloStandalone - DEBUG: initialising coolRunLister
2009-05-13 08:50 - L1CaloStandalone - DEBUG: applying selections to coolRunLister
2009-05-13 08:50 - L1CaloStandalone - INFO: last valid run: 114955
2009-05-13 08:50 - L1CaloStandalone - INFO: searching for new runs from 114956 to 2147483647
2009-05-13 08:50 - L1CaloStandalone - DEBUG:  No new valid run. Last known valid run still: 114955
2009-05-13 09:05 - L1CaloStandalone - INFO: ===> listening for new valid runs <===
2009-05-13 09:05 - L1CaloStandalone - DEBUG: initialising coolRunLister
2009-05-13 09:05 - L1CaloStandalone - DEBUG: applying selections to coolRunLister
2009-05-13 09:05 - L1CaloStandalone - INFO: last valid run: 114955
2009-05-13 09:05 - L1CaloStandalone - INFO: searching for new runs from 114956 to 2147483647
2009-05-13 09:05 - L1CaloStandalone - DEBUG:  No new valid run. Last known valid run still: 114955
2009-05-13 09:21 - L1CaloStandalone - INFO: ===> listening for new valid runs <===
2009-05-13 09:21 - L1CaloStandalone - DEBUG: initialising coolRunLister
2009-05-13 09:21 - L1CaloStandalone - DEBUG: applying selections to coolRunLister
2009-05-13 09:21 - L1CaloStandalone - INFO: last valid run: 114955
2009-05-13 09:21 - L1CaloStandalone - INFO: searching for new runs from 114956 to 2147483647
2009-05-13 09:21 - L1CaloStandalone - DEBUG:  No new valid run. Last known valid run still: 114955
2009-05-13 09:36 - L1CaloStandalone - INFO: ===> listening for new valid runs <===
2009-05-13 09:36 - L1CaloStandalone - DEBUG: initialising coolRunLister
2009-05-13 09:36 - L1CaloStandalone - DEBUG: applying selections to coolRunLister
2009-05-13 09:36 - L1CaloStandalone - INFO: last valid run: 114955
2009-05-13 09:36 - L1CaloStandalone - INFO: searching for new runs from 114956 to 2147483647
2009-05-13 09:36 - L1CaloStandalone - DEBUG:  No new valid run. Last known valid run still: 114955
2009-05-13 09:51 - L1CaloStandalone - INFO: ===> listening for new valid runs <===
2009-05-13 09:51 - L1CaloStandalone - DEBUG: initialising coolRunLister
2009-05-13 09:51 - L1CaloStandalone - DEBUG: applying selections to coolRunLister
2009-05-13 09:51 - L1CaloStandalone - INFO: last valid run: 114955
2009-05-13 09:51 - L1CaloStandalone - INFO: searching for new runs from 114956 to 2147483647
2009-05-13 09:51 - L1CaloStandalone - DEBUG:  No new valid run. Last known valid run still: 114955
2009-05-13 10:06 - L1CaloStandalone - INFO: ===> listening for new valid runs <===
2009-05-13 10:06 - L1CaloStandalone - DEBUG: initialising coolRunLister
2009-05-13 10:06 - L1CaloStandalone - DEBUG: applying selections to coolRunLister
2009-05-13 10:06 - L1CaloStandalone - INFO: last valid run: 114955
2009-05-13 10:06 - L1CaloStandalone - INFO: searching for new runs from 114956 to 2147483647
2009-05-13 10:06 - L1CaloStandalone - DEBUG:  No new valid run. Last known valid run still: 114955
2009-05-13 10:21 - L1CaloStandalone - INFO: ===> listening for new valid runs <===
2009-05-13 10:21 - L1CaloStandalone - DEBUG: initialising coolRunLister
2009-05-13 10:21 - L1CaloStandalone - DEBUG: applying selections to coolRunLister
2009-05-13 10:21 - L1CaloStandalone - INFO: last valid run: 114955
2009-05-13 10:21 - L1CaloStandalone - INFO: searching for new runs from 114956 to 2147483647
2009-05-13 10:21 - L1CaloStandalone - DEBUG:  No new valid run. Last known valid run still: 114955
2009-05-13 10:36 - L1CaloStandalone - INFO: ===> listening for new valid runs <===
2009-05-13 10:36 - L1CaloStandalone - DEBUG: initialising coolRunLister
2009-05-13 10:36 - L1CaloStandalone - DEBUG: applying selections to coolRunLister
2009-05-13 10:36 - L1CaloStandalone - INFO: last valid run: 114955
2009-05-13 10:36 - L1CaloStandalone - INFO: searching for new runs from 114956 to 2147483647
2009-05-13 10:36 - L1CaloStandalone - DEBUG:  No new valid run. Last known valid run still: 114955
2009-05-13 10:51 - L1CaloStandalone - INFO: ===> listening for new valid runs <===
2009-05-13 10:51 - L1CaloStandalone - DEBUG: initialising coolRunLister
2009-05-13 10:51 - L1CaloStandalone - DEBUG: applying selections to coolRunLister
2009-05-13 10:51 - L1CaloStandalone - INFO: last valid run: 114955
2009-05-13 10:51 - L1CaloStandalone - INFO: searching for new runs from 114956 to 2147483647
2009-05-13 10:51 - L1CaloStandalone - DEBUG:  No new valid run. Last known valid run still: 114955
2009-05-13 11:06 - L1CaloStandalone - INFO: ===> listening for new valid runs <===
2009-05-13 11:06 - L1CaloStandalone - DEBUG: initialising coolRunLister
2009-05-13 11:06 - L1CaloStandalone - DEBUG: applying selections to coolRunLister
2009-05-13 11:06 - L1CaloStandalone - INFO: last valid run: 114955
2009-05-13 11:06 - L1CaloStandalone - INFO: searching for new runs from 114956 to 2147483647
2009-05-13 11:06 - L1CaloStandalone - DEBUG:  No new valid run. Last known valid run still: 114955
2009-05-13 11:21 - L1CaloStandalone - INFO: ===> listening for new valid runs <===
2009-05-13 11:21 - L1CaloStandalone - DEBUG: initialising coolRunLister
2009-05-13 11:21 - L1CaloStandalone - DEBUG: applying selections to coolRunLister
2009-05-13 11:21 - L1CaloStandalone - INFO: last valid run: 114955
2009-05-13 11:21 - L1CaloStandalone - INFO: searching for new runs from 114956 to 2147483647
2009-05-13 11:21 - L1CaloStandalone - DEBUG:  No new valid run. Last known valid run still: 114955
2009-05-13 11:36 - L1CaloStandalone - INFO: ===> listening for new valid runs <===
2009-05-13 11:36 - L1CaloStandalone - DEBUG: initialising coolRunLister
2009-05-13 11:36 - L1CaloStandalone - DEBUG: applying selections to coolRunLister
2009-05-13 11:36 - L1CaloStandalone - INFO: last valid run: 114955
2009-05-13 11:36 - L1CaloStandalone - INFO: searching for new runs from 114956 to 2147483647
2009-05-13 11:36 - L1CaloStandalone - DEBUG:  No new valid run. Last known valid run still: 114955
2009-05-13 11:52 - L1CaloStandalone - INFO: ===> listening for new valid runs <===
2009-05-13 11:52 - L1CaloStandalone - DEBUG: initialising coolRunLister
2009-05-13 11:52 - L1CaloStandalone - DEBUG: applying selections to coolRunLister
2009-05-13 11:52 - L1CaloStandalone - INFO: last valid run: 114955
2009-05-13 11:52 - L1CaloStandalone - INFO: searching for new runs from 114956 to 2147483647
2009-05-13 11:52 - L1CaloStandalone - DEBUG:  No new valid run. Last known valid run still: 114955
2009-05-13 12:07 - L1CaloStandalone - INFO: ===> listening for new valid runs <===
2009-05-13 12:07 - L1CaloStandalone - DEBUG: initialising coolRunLister
2009-05-13 12:07 - L1CaloStandalone - DEBUG: applying selections to coolRunLister
2009-05-13 12:07 - L1CaloStandalone - INFO: last valid run: 114955
2009-05-13 12:07 - L1CaloStandalone - INFO: searching for new runs from 114956 to 2147483647
2009-05-13 12:07 - L1CaloStandalone - DEBUG:  No new valid run. Last known valid run still: 114955
2009-05-13 12:22 - L1CaloStandalone - INFO: ===> listening for new valid runs <===
2009-05-13 12:22 - L1CaloStandalone - DEBUG: initialising coolRunLister
2009-05-13 12:22 - L1CaloStandalone - DEBUG: applying selections to coolRunLister
2009-05-13 12:22 - L1CaloStandalone - INFO: last valid run: 114955
2009-05-13 12:22 - L1CaloStandalone - INFO: searching for new runs from 114956 to 2147483647
2009-05-13 12:22 - L1CaloStandalone - DEBUG:  No new valid run. Last known valid run still: 114955
2009-05-13 12:37 - L1CaloStandalone - INFO: ===> listening for new valid runs <===
2009-05-13 12:37 - L1CaloStandalone - DEBUG: initialising coolRunLister
2009-05-13 12:37 - L1CaloStandalone - DEBUG: applying selections to coolRunLister
2009-05-13 12:37 - L1CaloStandalone - INFO: last valid run: 114955
2009-05-13 12:37 - L1CaloStandalone - INFO: searching for new runs from 114956 to 2147483647
2009-05-13 12:37 - L1CaloStandalone - DEBUG:  No new valid run. Last known valid run still: 114955
2009-05-13 12:52 - L1CaloStandalone - INFO: ===> listening for new valid runs <===
2009-05-13 12:52 - L1CaloStandalone - DEBUG: initialising coolRunLister
2009-05-13 12:52 - L1CaloStandalone - DEBUG: applying selections to coolRunLister
2009-05-13 12:52 - L1CaloStandalone - INFO: last valid run: 114955
2009-05-13 12:52 - L1CaloStandalone - INFO: searching for new runs from 114956 to 2147483647
2009-05-13 12:52 - L1CaloStandalone - DEBUG:  No new valid run. Last known valid run still: 114955
2009-05-13 13:07 - L1CaloStandalone - INFO: ===> listening for new valid runs <===
2009-05-13 13:07 - L1CaloStandalone - DEBUG: initialising coolRunLister
2009-05-13 13:07 - L1CaloStandalone - DEBUG: applying selections to coolRunLister
2009-05-13 13:07 - L1CaloStandalone - INFO: last valid run: 114955
2009-05-13 13:07 - L1CaloStandalone - INFO: searching for new runs from 114956 to 2147483647
2009-05-13 13:07 - L1CaloStandalone - DEBUG:  No new valid run. Last known valid run still: 114955
2009-05-13 13:22 - L1CaloStandalone - INFO: ===> listening for new valid runs <===
2009-05-13 13:22 - L1CaloStandalone - DEBUG: initialising coolRunLister
2009-05-13 13:22 - L1CaloStandalone - DEBUG: applying selections to coolRunLister
2009-05-13 13:22 - L1CaloStandalone - INFO: last valid run: 114955
2009-05-13 13:22 - L1CaloStandalone - INFO: searching for new runs from 114956 to 2147483647
2009-05-13 13:22 - L1CaloStandalone - DEBUG:  No new valid run. Last known valid run still: 114955
2009-05-13 13:38 - L1CaloStandalone - INFO: ===> listening for new valid runs <===
2009-05-13 13:38 - L1CaloStandalone - DEBUG: initialising coolRunLister
2009-05-13 13:38 - L1CaloStandalone - DEBUG: applying selections to coolRunLister
2009-05-13 13:38 - L1CaloStandalone - INFO: last valid run: 114955
2009-05-13 13:38 - L1CaloStandalone - INFO: searching for new runs from 114956 to 2147483647
2009-05-13 13:38 - L1CaloStandalone - DEBUG:  No new valid run. Last known valid run still: 114955
2009-05-13 13:53 - L1CaloStandalone - INFO: ===> listening for new valid runs <===
2009-05-13 13:53 - L1CaloStandalone - DEBUG: initialising coolRunLister
2009-05-13 13:53 - L1CaloStandalone - DEBUG: applying selections to coolRunLister
2009-05-13 13:53 - L1CaloStandalone - INFO: last valid run: 114955
2009-05-13 13:53 - L1CaloStandalone - INFO: searching for new runs from 114956 to 2147483647
2009-05-13 13:53 - L1CaloStandalone - DEBUG:  No new valid run. Last known valid run still: 114955
2009-05-13 14:08 - L1CaloStandalone - INFO: ===> listening for new valid runs <===
2009-05-13 14:08 - L1CaloStandalone - DEBUG: initialising coolRunLister
2009-05-13 14:08 - L1CaloStandalone - DEBUG: applying selections to coolRunLister
2009-05-13 14:08 - L1CaloStandalone - INFO: last valid run: 114955
2009-05-13 14:08 - L1CaloStandalone - INFO: searching for new runs from 114956 to 2147483647
2009-05-13 14:08 - L1CaloStandalone - DEBUG:  No new valid run. Last known valid run still: 114955
2009-05-13 14:23 - L1CaloStandalone - INFO: ===> listening for new valid runs <===
2009-05-13 14:23 - L1CaloStandalone - DEBUG: initialising coolRunLister
2009-05-13 14:23 - L1CaloStandalone - DEBUG: applying selections to coolRunLister
2009-05-13 14:23 - L1CaloStandalone - INFO: last valid run: 114955
2009-05-13 14:23 - L1CaloStandalone - INFO: searching for new runs from 114956 to 2147483647
2009-05-13 14:23 - L1CaloStandalone - DEBUG:  No new valid run. Last known valid run still: 114955
2009-05-13 14:38 - L1CaloStandalone - INFO: ===> listening for new valid runs <===
2009-05-13 14:38 - L1CaloStandalone - DEBUG: initialising coolRunLister
2009-05-13 14:38 - L1CaloStandalone - DEBUG: applying selections to coolRunLister
2009-05-13 14:38 - L1CaloStandalone - INFO: last valid run: 114955
2009-05-13 14:38 - L1CaloStandalone - INFO: searching for new runs from 114956 to 2147483647
2009-05-13 14:38 - L1CaloStandalone - DEBUG:  No new valid run. Last known valid run still: 114955
2009-05-13 14:53 - L1CaloStandalone - INFO: ===> listening for new valid runs <===
2009-05-13 14:53 - L1CaloStandalone - DEBUG: initialising coolRunLister
2009-05-13 14:53 - L1CaloStandalone - DEBUG: applying selections to coolRunLister
2009-05-13 14:53 - L1CaloStandalone - INFO: last valid run: 114955
2009-05-13 14:53 - L1CaloStandalone - INFO: searching for new runs from 114956 to 2147483647
2009-05-13 14:53 - L1CaloStandalone - DEBUG:  No new valid run. Last known valid run still: 114955
2009-05-13 15:09 - L1CaloStandalone - INFO: ===> listening for new valid runs <===
2009-05-13 15:09 - L1CaloStandalone - DEBUG: initialising coolRunLister
2009-05-13 15:09 - L1CaloStandalone - DEBUG: applying selections to coolRunLister
2009-05-13 15:09 - L1CaloStandalone - INFO: last valid run: 114955
2009-05-13 15:09 - L1CaloStandalone - INFO: searching for new runs from 114956 to 2147483647
2009-05-13 15:09 - L1CaloStandalone - DEBUG:  No new valid run. Last known valid run still: 114955
2009-05-13 15:24 - L1CaloStandalone - INFO: ===> listening for new valid runs <===
2009-05-13 15:24 - L1CaloStandalone - DEBUG: initialising coolRunLister
2009-05-13 15:24 - L1CaloStandalone - DEBUG: applying selections to coolRunLister
2009-05-13 15:24 - L1CaloStandalone - INFO: last valid run: 114955
2009-05-13 15:24 - L1CaloStandalone - INFO: searching for new runs from 114956 to 2147483647
2009-05-13 15:24 - L1CaloStandalone - DEBUG:  No new valid run. Last known valid run still: 114955
2009-05-13 15:39 - L1CaloStandalone - INFO: ===> listening for new valid runs <===
2009-05-13 15:39 - L1CaloStandalone - DEBUG: initialising coolRunLister
2009-05-13 15:39 - L1CaloStandalone - DEBUG: applying selections to coolRunLister
2009-05-13 15:39 - L1CaloStandalone - INFO: last valid run: 114955
2009-05-13 15:39 - L1CaloStandalone - INFO: searching for new runs from 114956 to 2147483647
2009-05-13 15:39 - L1CaloStandalone - DEBUG:  No new valid run. Last known valid run still: 114955
2009-05-13 15:54 - L1CaloStandalone - INFO: ===> listening for new valid runs <===
2009-05-13 15:54 - L1CaloStandalone - DEBUG: initialising coolRunLister
2009-05-13 15:54 - L1CaloStandalone - DEBUG: applying selections to coolRunLister
2009-05-13 15:54 - L1CaloStandalone - INFO: last valid run: 114955
2009-05-13 15:54 - L1CaloStandalone - INFO: searching for new runs from 114956 to 2147483647
2009-05-13 15:54 - L1CaloStandalone - DEBUG:  No new valid run. Last known valid run still: 114955
2009-05-13 16:09 - L1CaloStandalone - INFO: ===> listening for new valid runs <===
2009-05-13 16:09 - L1CaloStandalone - DEBUG: initialising coolRunLister
2009-05-13 16:09 - L1CaloStandalone - DEBUG: applying selections to coolRunLister
2009-05-13 16:09 - L1CaloStandalone - INFO: last valid run: 114955
2009-05-13 16:09 - L1CaloStandalone - INFO: searching for new runs from 114956 to 2147483647
2009-05-13 16:09 - L1CaloStandalone - DEBUG:  No new valid run. Last known valid run still: 114955
2009-05-13 16:24 - L1CaloStandalone - INFO: ===> listening for new valid runs <===
2009-05-13 16:24 - L1CaloStandalone - DEBUG: initialising coolRunLister
2009-05-13 16:24 - L1CaloStandalone - DEBUG: applying selections to coolRunLister
2009-05-13 16:24 - L1CaloStandalone - INFO: last valid run: 114955
2009-05-13 16:24 - L1CaloStandalone - INFO: searching for new runs from 114956 to 2147483647
2009-05-13 16:24 - L1CaloStandalone - DEBUG:  No new valid run. Last known valid run still: 114955
2009-05-13 16:39 - L1CaloStandalone - INFO: ===> listening for new valid runs <===
2009-05-13 16:39 - L1CaloStandalone - DEBUG: initialising coolRunLister
2009-05-13 16:39 - L1CaloStandalone - DEBUG: applying selections to coolRunLister
2009-05-13 16:39 - L1CaloStandalone - INFO: last valid run: 114955
2009-05-13 16:39 - L1CaloStandalone - INFO: searching for new runs from 114956 to 2147483647
2009-05-13 16:39 - L1CaloStandalone - DEBUG:  No new valid run. Last known valid run still: 114955
2009-05-13 16:54 - L1CaloStandalone - INFO: ===> listening for new valid runs <===
2009-05-13 16:54 - L1CaloStandalone - DEBUG: initialising coolRunLister
2009-05-13 16:54 - L1CaloStandalone - DEBUG: applying selections to coolRunLister
2009-05-13 16:54 - L1CaloStandalone - INFO: last valid run: 114955
2009-05-13 16:54 - L1CaloStandalone - INFO: searching for new runs from 114956 to 2147483647
2009-05-13 16:54 - L1CaloStandalone - DEBUG:  No new valid run. Last known valid run still: 114955
2009-05-13 17:10 - L1CaloStandalone - INFO: ===> listening for new valid runs <===
2009-05-13 17:10 - L1CaloStandalone - DEBUG: initialising coolRunLister
2009-05-13 17:10 - L1CaloStandalone - DEBUG: applying selections to coolRunLister
2009-05-13 17:10 - L1CaloStandalone - INFO: last valid run: 114955
2009-05-13 17:10 - L1CaloStandalone - INFO: searching for new runs from 114956 to 2147483647
2009-05-13 17:10 - L1CaloStandalone - DEBUG:  No new valid run. Last known valid run still: 114955
2009-05-13 17:25 - L1CaloStandalone - INFO: ===> listening for new valid runs <===
2009-05-13 17:25 - L1CaloStandalone - DEBUG: initialising coolRunLister
2009-05-13 17:25 - L1CaloStandalone - DEBUG: applying selections to coolRunLister
2009-05-13 17:25 - L1CaloStandalone - INFO: last valid run: 114955
2009-05-13 17:25 - L1CaloStandalone - INFO: searching for new runs from 114956 to 2147483647
2009-05-13 17:25 - L1CaloStandalone - DEBUG:  No new valid run. Last known valid run still: 114955
2009-05-13 17:40 - L1CaloStandalone - INFO: ===> listening for new valid runs <===
2009-05-13 17:40 - L1CaloStandalone - DEBUG: initialising coolRunLister
2009-05-13 17:40 - L1CaloStandalone - DEBUG: applying selections to coolRunLister
2009-05-13 17:40 - L1CaloStandalone - INFO: last valid run: 114955
2009-05-13 17:40 - L1CaloStandalone - INFO: searching for new runs from 114956 to 2147483647
2009-05-13 17:40 - L1CaloStandalone - DEBUG:  No new valid run. Last known valid run still: 114955
2009-05-13 17:55 - L1CaloStandalone - INFO: ===> listening for new valid runs <===
2009-05-13 17:55 - L1CaloStandalone - DEBUG: initialising coolRunLister
2009-05-13 17:55 - L1CaloStandalone - DEBUG: applying selections to coolRunLister
2009-05-13 17:55 - L1CaloStandalone - INFO: last valid run: 114955
2009-05-13 17:55 - L1CaloStandalone - INFO: searching for new runs from 114956 to 2147483647
2009-05-13 17:55 - L1CaloStandalone - DEBUG:  No new valid run. Last known valid run still: 114955
2009-05-13 18:10 - L1CaloStandalone - INFO: ===> listening for new valid runs <===
2009-05-13 18:10 - L1CaloStandalone - DEBUG: initialising coolRunLister
2009-05-13 18:10 - L1CaloStandalone - DEBUG: applying selections to coolRunLister
2009-05-13 18:10 - L1CaloStandalone - INFO: last valid run: 114955
2009-05-13 18:10 - L1CaloStandalone - INFO: searching for new runs from 114956 to 2147483647
2009-05-13 18:10 - L1CaloStandalone - DEBUG:  No new valid run. Last known valid run still: 114955
2009-05-13 18:25 - L1CaloStandalone - INFO: ===> listening for new valid runs <===
2009-05-13 18:25 - L1CaloStandalone - DEBUG: initialising coolRunLister
2009-05-13 18:25 - L1CaloStandalone - DEBUG: applying selections to coolRunLister
2009-05-13 18:25 - L1CaloStandalone - INFO: last valid run: 114955
2009-05-13 18:25 - L1CaloStandalone - INFO: searching for new runs from 114956 to 2147483647
2009-05-13 18:25 - L1CaloStandalone - DEBUG:  No new valid run. Last known valid run still: 114955
2009-05-13 18:40 - L1CaloStandalone - INFO: ===> listening for new valid runs <===
2009-05-13 18:40 - L1CaloStandalone - DEBUG: initialising coolRunLister
2009-05-13 18:40 - L1CaloStandalone - DEBUG: applying selections to coolRunLister
2009-05-13 18:40 - L1CaloStandalone - INFO: last valid run: 114955
2009-05-13 18:40 - L1CaloStandalone - INFO: searching for new runs from 114956 to 2147483647
2009-05-13 18:40 - L1CaloStandalone - DEBUG:  No new valid run. Last known valid run still: 114955
2009-05-13 18:55 - L1CaloStandalone - INFO: ===> listening for new valid runs <===
2009-05-13 18:55 - L1CaloStandalone - DEBUG: initialising coolRunLister
2009-05-13 18:55 - L1CaloStandalone - DEBUG: applying selections to coolRunLister
2009-05-13 18:55 - L1CaloStandalone - INFO: last valid run: 114955
2009-05-13 18:55 - L1CaloStandalone - INFO: searching for new runs from 114956 to 2147483647
2009-05-13 18:55 - L1CaloStandalone - DEBUG:  No new valid run. Last known valid run still: 114955
2009-05-13 19:10 - L1CaloStandalone - INFO: ===> listening for new valid runs <===
2009-05-13 19:10 - L1CaloStandalone - DEBUG: initialising coolRunLister
2009-05-13 19:10 - L1CaloStandalone - DEBUG: applying selections to coolRunLister
2009-05-13 19:10 - L1CaloStandalone - INFO: last valid run: 114955
2009-05-13 19:10 - L1CaloStandalone - INFO: searching for new runs from 114956 to 2147483647
2009-05-13 19:11 - L1CaloStandalone - DEBUG:  No new valid run. Last known valid run still: 114955
2009-05-13 19:26 - L1CaloStandalone - INFO: ===> listening for new valid runs <===
2009-05-13 19:26 - L1CaloStandalone - DEBUG: initialising coolRunLister
2009-05-13 19:26 - L1CaloStandalone - DEBUG: applying selections to coolRunLister
2009-05-13 19:26 - L1CaloStandalone - INFO: last valid run: 114955
2009-05-13 19:26 - L1CaloStandalone - INFO: searching for new runs from 114956 to 2147483647
2009-05-13 19:26 - L1CaloStandalone - DEBUG:  No new valid run. Last known valid run still: 114955
2009-05-13 19:41 - L1CaloStandalone - INFO: ===> listening for new valid runs <===
2009-05-13 19:41 - L1CaloStandalone - DEBUG: initialising coolRunLister
2009-05-13 19:41 - L1CaloStandalone - DEBUG: applying selections to coolRunLister
2009-05-13 19:41 - L1CaloStandalone - INFO: last valid run: 114955
2009-05-13 19:41 - L1CaloStandalone - INFO: searching for new runs from 114956 to 2147483647
2009-05-13 19:41 - L1CaloStandalone - DEBUG:  No new valid run. Last known valid run still: 114955
2009-05-13 19:56 - L1CaloStandalone - INFO: ===> listening for new valid runs <===
2009-05-13 19:56 - L1CaloStandalone - DEBUG: initialising coolRunLister
2009-05-13 19:56 - L1CaloStandalone - DEBUG: applying selections to coolRunLister
2009-05-13 19:56 - L1CaloStandalone - INFO: last valid run: 114955
2009-05-13 19:56 - L1CaloStandalone - INFO: searching for new runs from 114956 to 2147483647
2009-05-13 19:56 - L1CaloStandalone - DEBUG:  No new valid run. Last known valid run still: 114955
2009-05-13 20:11 - L1CaloStandalone - INFO: ===> listening for new valid runs <===
2009-05-13 20:11 - L1CaloStandalone - DEBUG: initialising coolRunLister
2009-05-13 20:11 - L1CaloStandalone - DEBUG: applying selections to coolRunLister
2009-05-13 20:11 - L1CaloStandalone - INFO: last valid run: 114955
2009-05-13 20:11 - L1CaloStandalone - INFO: searching for new runs from 114956 to 2147483647
2009-05-13 20:11 - L1CaloStandalone - DEBUG:  No new valid run. Last known valid run still: 114955
2009-05-13 20:26 - L1CaloStandalone - INFO: ===> listening for new valid runs <===
2009-05-13 20:26 - L1CaloStandalone - DEBUG: initialising coolRunLister
2009-05-13 20:26 - L1CaloStandalone - DEBUG: applying selections to coolRunLister
2009-05-13 20:26 - L1CaloStandalone - INFO: last valid run: 114955
2009-05-13 20:26 - L1CaloStandalone - INFO: searching for new runs from 114956 to 2147483647
2009-05-13 20:26 - L1CaloStandalone - DEBUG:  No new valid run. Last known valid run still: 114955
2009-05-13 20:41 - L1CaloStandalone - INFO: ===> listening for new valid runs <===
2009-05-13 20:41 - L1CaloStandalone - DEBUG: initialising coolRunLister
2009-05-13 20:41 - L1CaloStandalone - DEBUG: applying selections to coolRunLister
2009-05-13 20:41 - L1CaloStandalone - INFO: last valid run: 114955
2009-05-13 20:41 - L1CaloStandalone - INFO: searching for new runs from 114956 to 2147483647
2009-05-13 20:41 - L1CaloStandalone - DEBUG:  No new valid run. Last known valid run still: 114955
2009-05-13 20:56 - L1CaloStandalone - INFO: ===> listening for new valid runs <===
2009-05-13 20:56 - L1CaloStandalone - DEBUG: initialising coolRunLister
2009-05-13 20:56 - L1CaloStandalone - DEBUG: applying selections to coolRunLister
2009-05-13 20:56 - L1CaloStandalone - INFO: last valid run: 114955
2009-05-13 20:56 - L1CaloStandalone - INFO: searching for new runs from 114956 to 2147483647
2009-05-13 20:56 - L1CaloStandalone - DEBUG:  No new valid run. Last known valid run still: 114955
2009-05-13 21:11 - L1CaloStandalone - INFO: ===> listening for new valid runs <===
2009-05-13 21:11 - L1CaloStandalone - DEBUG: initialising coolRunLister
2009-05-13 21:11 - L1CaloStandalone - DEBUG: applying selections to coolRunLister
2009-05-13 21:11 - L1CaloStandalone - INFO: last valid run: 114955
2009-05-13 21:11 - L1CaloStandalone - INFO: searching for new runs from 114956 to 2147483647
2009-05-13 21:11 - L1CaloStandalone - DEBUG:  No new valid run. Last known valid run still: 114955
2009-05-13 21:26 - L1CaloStandalone - INFO: ===> listening for new valid runs <===
2009-05-13 21:26 - L1CaloStandalone - DEBUG: initialising coolRunLister
2009-05-13 21:26 - L1CaloStandalone - DEBUG: applying selections to coolRunLister
2009-05-13 21:26 - L1CaloStandalone - INFO: last valid run: 114955
2009-05-13 21:26 - L1CaloStandalone - INFO: searching for new runs from 114956 to 2147483647
2009-05-13 21:27 - L1CaloStandalone - DEBUG:  No new valid run. Last known valid run still: 114955
2009-05-13 21:42 - L1CaloStandalone - INFO: ===> listening for new valid runs <===
2009-05-13 21:42 - L1CaloStandalone - DEBUG: initialising coolRunLister
2009-05-13 21:42 - L1CaloStandalone - DEBUG: applying selections to coolRunLister
2009-05-13 21:42 - L1CaloStandalone - INFO: last valid run: 114955
2009-05-13 21:42 - L1CaloStandalone - INFO: searching for new runs from 114956 to 2147483647
2009-05-13 21:42 - L1CaloStandalone - DEBUG:  No new valid run. Last known valid run still: 114955
2009-05-13 21:57 - L1CaloStandalone - INFO: ===> listening for new valid runs <===
2009-05-13 21:57 - L1CaloStandalone - DEBUG: initialising coolRunLister
2009-05-13 21:57 - L1CaloStandalone - DEBUG: applying selections to coolRunLister
2009-05-13 21:57 - L1CaloStandalone - INFO: last valid run: 114955
2009-05-13 21:57 - L1CaloStandalone - INFO: searching for new runs from 114956 to 2147483647
2009-05-13 21:57 - L1CaloStandalone - DEBUG:  No new valid run. Last known valid run still: 114955
2009-05-13 22:12 - L1CaloStandalone - INFO: ===> listening for new valid runs <===
2009-05-13 22:12 - L1CaloStandalone - DEBUG: initialising coolRunLister
2009-05-13 22:12 - L1CaloStandalone - DEBUG: applying selections to coolRunLister
2009-05-13 22:12 - L1CaloStandalone - INFO: last valid run: 114955
2009-05-13 22:12 - L1CaloStandalone - INFO: searching for new runs from 114956 to 2147483647
2009-05-13 22:12 - L1CaloStandalone - DEBUG:  No new valid run. Last known valid run still: 114955
2009-05-13 22:27 - L1CaloStandalone - INFO: ===> listening for new valid runs <===
2009-05-13 22:27 - L1CaloStandalone - DEBUG: initialising coolRunLister
2009-05-13 22:27 - L1CaloStandalone - DEBUG: applying selections to coolRunLister
2009-05-13 22:27 - L1CaloStandalone - INFO: last valid run: 114955
2009-05-13 22:27 - L1CaloStandalone - INFO: searching for new runs from 114956 to 2147483647
2009-05-13 22:27 - L1CaloStandalone - DEBUG:  No new valid run. Last known valid run still: 114955
2009-05-13 22:42 - L1CaloStandalone - INFO: ===> listening for new valid runs <===
2009-05-13 22:42 - L1CaloStandalone - DEBUG: initialising coolRunLister
2009-05-13 22:42 - L1CaloStandalone - DEBUG: applying selections to coolRunLister
2009-05-13 22:42 - L1CaloStandalone - INFO: last valid run: 114955
2009-05-13 22:42 - L1CaloStandalone - INFO: searching for new runs from 114956 to 2147483647
2009-05-13 22:42 - L1CaloStandalone - DEBUG:  No new valid run. Last known valid run still: 114955
2009-05-13 22:57 - L1CaloStandalone - INFO: ===> listening for new valid runs <===
2009-05-13 22:57 - L1CaloStandalone - DEBUG: initialising coolRunLister
2009-05-13 22:57 - L1CaloStandalone - DEBUG: applying selections to coolRunLister
2009-05-13 22:57 - L1CaloStandalone - INFO: last valid run: 114955
2009-05-13 22:57 - L1CaloStandalone - INFO: searching for new runs from 114956 to 2147483647
2009-05-13 22:57 - L1CaloStandalone - DEBUG:  No new valid run. Last known valid run still: 114955
2009-05-13 23:12 - L1CaloStandalone - INFO: ===> listening for new valid runs <===
2009-05-13 23:12 - L1CaloStandalone - DEBUG: initialising coolRunLister
2009-05-13 23:12 - L1CaloStandalone - DEBUG: applying selections to coolRunLister
2009-05-13 23:12 - L1CaloStandalone - INFO: last valid run: 114955
2009-05-13 23:12 - L1CaloStandalone - INFO: searching for new runs from 114956 to 2147483647
2009-05-13 23:12 - L1CaloStandalone - DEBUG:  No new valid run. Last known valid run still: 114955
2009-05-13 23:27 - L1CaloStandalone - INFO: ===> listening for new valid runs <===
2009-05-13 23:27 - L1CaloStandalone - DEBUG: initialising coolRunLister
2009-05-13 23:27 - L1CaloStandalone - DEBUG: applying selections to coolRunLister
2009-05-13 23:27 - L1CaloStandalone - INFO: last valid run: 114955
2009-05-13 23:27 - L1CaloStandalone - INFO: searching for new runs from 114956 to 2147483647
2009-05-13 23:27 - L1CaloStandalone - DEBUG:  No new valid run. Last known valid run still: 114955
2009-05-13 23:43 - L1CaloStandalone - INFO: ===> listening for new valid runs <===
2009-05-13 23:43 - L1CaloStandalone - DEBUG: initialising coolRunLister
2009-05-13 23:43 - L1CaloStandalone - DEBUG: applying selections to coolRunLister
2009-05-13 23:43 - L1CaloStandalone - INFO: last valid run: 114955
2009-05-13 23:43 - L1CaloStandalone - INFO: searching for new runs from 114956 to 2147483647
2009-05-13 23:43 - L1CaloStandalone - DEBUG:  No new valid run. Last known valid run still: 114955
2009-05-13 23:58 - L1CaloStandalone - INFO: ===> listening for new valid runs <===
2009-05-13 23:58 - L1CaloStandalone - DEBUG: initialising coolRunLister
2009-05-13 23:58 - L1CaloStandalone - DEBUG: applying selections to coolRunLister
2009-05-13 23:58 - L1CaloStandalone - INFO: last valid run: 114955
2009-05-13 23:58 - L1CaloStandalone - INFO: searching for new runs from 114956 to 2147483647
2009-05-13 23:58 - L1CaloStandalone - DEBUG:  No new valid run. Last known valid run still: 114955
