2009-05-17 00:00 - LArCalibL1Calo - INFO: ========================================
2009-05-17 00:00 - LArCalibL1Calo - INFO: RunListener in init
2009-05-17 00:00 - LArCalibL1Calo - INFO: RunListener initialized
2009-05-17 00:00 - LArCalibL1Calo - INFO: ========================================
2009-05-17 00:00 - LArCalibL1Calo - INFO: ===> from initRunListener <===
2009-05-17 00:00 - LArCalibL1Calo - INFO: 
RunListener LArCalibL1Caloinitialised with the following parameters:
TDAQ DB: COOLONL_TDAQ/COMP200
TRIG DB: COOLONL_TRIGGER/COMP200
Status DB: COOLONL_TDAQ/COMP200
log level: 0
oracle: False
rec. only: True
det. mask: 0
run type: LarCalibL1Calo
det. status: 
det. status tag: HEAD
daq partition: 
 * LArgL1Calo-TTC2LAN
tag: 
format: acertd
reverse: False
stoptimestamp: True
cleanstop: True
hasevents: False
last valid run known: 0

2009-05-17 00:17 - LArCalibL1Calo - INFO: ===> listening for new valid runs <===
2009-05-17 00:17 - LArCalibL1Calo - DEBUG: initialising coolRunLister
2009-05-17 00:17 - LArCalibL1Calo - DEBUG: applying selections to coolRunLister
2009-05-17 00:17 - LArCalibL1Calo - INFO: last valid run: 113232
2009-05-17 00:17 - LArCalibL1Calo - INFO: searching for new runs from 113233 to 2147483647
2009-05-17 00:17 - LArCalibL1Calo - DEBUG: new last known run: 115082
2009-05-17 00:17 - LArCalibL1Calo - DEBUG: 
     Run   Events  LumiB            StartTime             StopTime L1Events L2Events EFEvents ErrC Rec Cln RunType                  DetectorMask DAQConfiguration     PartitionName    FilenameTag         
  115066     4099      6  2009-05-13:09:57:03  2009-05-13:09:59:19     4099        0     4099    0  No Yes LarCalibL1Calo             7c000ff000 Schema=142:Data=47   LArgL1Calo-TTC2LAN data09_calocomm     
     Run   Events  LumiB            StartTime             StopTime L1Events L2Events EFEvents ErrC Rec Cln RunType                  DetectorMask DAQConfiguration     PartitionName    FilenameTag         
  115069     2054      4  2009-05-13:10:11:39  2009-05-13:10:17:39     3000        0     2054    0  No Yes LarCalibL1Calo             7c000ff000 Schema=142:Data=47   LArgL1Calo-TTC2LAN data09_calocomm     
     Run   Events  LumiB            StartTime             StopTime L1Events L2Events EFEvents ErrC Rec Cln RunType                  DetectorMask DAQConfiguration     PartitionName    FilenameTag         
  115071     3000      5  2009-05-13:10:29:06  2009-05-13:10:35:52     3000        0     3000    0  No Yes LarCalibL1Calo             7c000ff000 Schema=142:Data=51   LArgL1Calo-TTC2LAN data09_calocomm     
     Run   Events  LumiB            StartTime             StopTime L1Events L2Events EFEvents ErrC Rec Cln RunType                  DetectorMask DAQConfiguration     PartitionName    FilenameTag         
  115077       10      2  2009-05-13:11:30:08  2009-05-13:11:30:28       10       10       10    0  No Yes LarCalibL1Calo             7c000ff000                      LArgL1Calo-TTC2LAN data09_calocomm     
     Run   Events  LumiB            StartTime             StopTime L1Events L2Events EFEvents ErrC Rec Cln RunType                  DetectorMask DAQConfiguration     PartitionName    FilenameTag         
  115078        5      1  2009-05-13:11:35:06  2009-05-13:11:35:24        5        5        5    0  No Yes LarCalibL1Calo             7c000ff000                      LArgL1Calo-TTC2LAN data09_calocomm     
     Run   Events  LumiB            StartTime             StopTime L1Events L2Events EFEvents ErrC Rec Cln RunType                  DetectorMask DAQConfiguration     PartitionName    FilenameTag         
  115079        0      1  2009-05-13:11:39:29  2009-05-13:11:39:48        0        0        0    0  No Yes LarCalibL1Calo             7c000ff000                      LArgL1Calo-TTC2LAN data09_calocomm     
     Run   Events  LumiB            StartTime             StopTime L1Events L2Events EFEvents ErrC Rec Cln RunType                  DetectorMask DAQConfiguration     PartitionName    FilenameTag         
  115081     4500      5  2009-05-13:11:48:58  2009-05-13:12:00:43     4500        0     4500    0  No Yes LarCalibL1Calo             7c000ff000 Schema=142:Data=51   LArgL1Calo-TTC2LAN data09_calocomm     
     Run   Events  LumiB            StartTime             StopTime L1Events L2Events EFEvents ErrC Rec Cln RunType                  DetectorMask DAQConfiguration     PartitionName    FilenameTag         
  115082      900      3  2009-05-13:12:03:11  2009-05-13:12:09:26      900        0      900    0  No Yes LarCalibL1Calo             7c000ff000 Schema=142:Data=51   LArgL1Calo-TTC2LAN data09_calocomm     

2009-05-17 00:32 - LArCalibL1Calo - INFO: ===> listening for new valid runs <===
2009-05-17 00:32 - LArCalibL1Calo - DEBUG: initialising coolRunLister
2009-05-17 00:32 - LArCalibL1Calo - DEBUG: applying selections to coolRunLister
2009-05-17 00:32 - LArCalibL1Calo - INFO: last valid run: 115082
2009-05-17 00:32 - LArCalibL1Calo - INFO: searching for new runs from 115083 to 2147483647
2009-05-17 00:32 - LArCalibL1Calo - DEBUG:  No new valid run. Last known valid run still: 115082
2009-05-17 00:47 - LArCalibL1Calo - INFO: ===> listening for new valid runs <===
2009-05-17 00:47 - LArCalibL1Calo - DEBUG: initialising coolRunLister
2009-05-17 00:47 - LArCalibL1Calo - DEBUG: applying selections to coolRunLister
2009-05-17 00:47 - LArCalibL1Calo - INFO: last valid run: 115082
2009-05-17 00:47 - LArCalibL1Calo - INFO: searching for new runs from 115083 to 2147483647
2009-05-17 00:47 - LArCalibL1Calo - DEBUG:  No new valid run. Last known valid run still: 115082
2009-05-17 01:02 - LArCalibL1Calo - INFO: ===> listening for new valid runs <===
2009-05-17 01:02 - LArCalibL1Calo - DEBUG: initialising coolRunLister
2009-05-17 01:02 - LArCalibL1Calo - DEBUG: applying selections to coolRunLister
2009-05-17 01:02 - LArCalibL1Calo - INFO: last valid run: 115082
2009-05-17 01:02 - LArCalibL1Calo - INFO: searching for new runs from 115083 to 2147483647
2009-05-17 01:02 - LArCalibL1Calo - DEBUG:  No new valid run. Last known valid run still: 115082
2009-05-17 01:17 - LArCalibL1Calo - INFO: ===> listening for new valid runs <===
2009-05-17 01:17 - LArCalibL1Calo - DEBUG: initialising coolRunLister
2009-05-17 01:17 - LArCalibL1Calo - DEBUG: applying selections to coolRunLister
2009-05-17 01:17 - LArCalibL1Calo - INFO: last valid run: 115082
2009-05-17 01:17 - LArCalibL1Calo - INFO: searching for new runs from 115083 to 2147483647
2009-05-17 01:17 - LArCalibL1Calo - DEBUG:  No new valid run. Last known valid run still: 115082
2009-05-17 01:33 - LArCalibL1Calo - INFO: ===> listening for new valid runs <===
2009-05-17 01:33 - LArCalibL1Calo - DEBUG: initialising coolRunLister
2009-05-17 01:33 - LArCalibL1Calo - DEBUG: applying selections to coolRunLister
2009-05-17 01:33 - LArCalibL1Calo - INFO: last valid run: 115082
2009-05-17 01:33 - LArCalibL1Calo - INFO: searching for new runs from 115083 to 2147483647
2009-05-17 01:33 - LArCalibL1Calo - DEBUG:  No new valid run. Last known valid run still: 115082
2009-05-17 01:48 - LArCalibL1Calo - INFO: ===> listening for new valid runs <===
2009-05-17 01:48 - LArCalibL1Calo - DEBUG: initialising coolRunLister
2009-05-17 01:48 - LArCalibL1Calo - DEBUG: applying selections to coolRunLister
2009-05-17 01:48 - LArCalibL1Calo - INFO: last valid run: 115082
2009-05-17 01:48 - LArCalibL1Calo - INFO: searching for new runs from 115083 to 2147483647
2009-05-17 01:48 - LArCalibL1Calo - DEBUG:  No new valid run. Last known valid run still: 115082
2009-05-17 02:03 - LArCalibL1Calo - INFO: ===> listening for new valid runs <===
2009-05-17 02:03 - LArCalibL1Calo - DEBUG: initialising coolRunLister
2009-05-17 02:03 - LArCalibL1Calo - DEBUG: applying selections to coolRunLister
2009-05-17 02:03 - LArCalibL1Calo - INFO: last valid run: 115082
2009-05-17 02:03 - LArCalibL1Calo - INFO: searching for new runs from 115083 to 2147483647
2009-05-17 02:03 - LArCalibL1Calo - DEBUG:  No new valid run. Last known valid run still: 115082
2009-05-17 02:18 - LArCalibL1Calo - INFO: ===> listening for new valid runs <===
2009-05-17 02:18 - LArCalibL1Calo - DEBUG: initialising coolRunLister
2009-05-17 02:18 - LArCalibL1Calo - DEBUG: applying selections to coolRunLister
2009-05-17 02:18 - LArCalibL1Calo - INFO: last valid run: 115082
2009-05-17 02:18 - LArCalibL1Calo - INFO: searching for new runs from 115083 to 2147483647
2009-05-17 02:18 - LArCalibL1Calo - DEBUG:  No new valid run. Last known valid run still: 115082
2009-05-17 02:33 - LArCalibL1Calo - INFO: ===> listening for new valid runs <===
2009-05-17 02:33 - LArCalibL1Calo - DEBUG: initialising coolRunLister
2009-05-17 02:33 - LArCalibL1Calo - DEBUG: applying selections to coolRunLister
2009-05-17 02:33 - LArCalibL1Calo - INFO: last valid run: 115082
2009-05-17 02:33 - LArCalibL1Calo - INFO: searching for new runs from 115083 to 2147483647
2009-05-17 02:33 - LArCalibL1Calo - DEBUG:  No new valid run. Last known valid run still: 115082
2009-05-17 02:49 - LArCalibL1Calo - INFO: ===> listening for new valid runs <===
2009-05-17 02:49 - LArCalibL1Calo - DEBUG: initialising coolRunLister
2009-05-17 02:49 - LArCalibL1Calo - DEBUG: applying selections to coolRunLister
2009-05-17 02:49 - LArCalibL1Calo - INFO: last valid run: 115082
2009-05-17 02:49 - LArCalibL1Calo - INFO: searching for new runs from 115083 to 2147483647
2009-05-17 02:49 - LArCalibL1Calo - DEBUG:  No new valid run. Last known valid run still: 115082
2009-05-17 03:04 - LArCalibL1Calo - INFO: ===> listening for new valid runs <===
2009-05-17 03:04 - LArCalibL1Calo - DEBUG: initialising coolRunLister
2009-05-17 03:04 - LArCalibL1Calo - DEBUG: applying selections to coolRunLister
2009-05-17 03:04 - LArCalibL1Calo - INFO: last valid run: 115082
2009-05-17 03:04 - LArCalibL1Calo - INFO: searching for new runs from 115083 to 2147483647
2009-05-17 03:04 - LArCalibL1Calo - DEBUG:  No new valid run. Last known valid run still: 115082
2009-05-17 03:19 - LArCalibL1Calo - INFO: ===> listening for new valid runs <===
2009-05-17 03:19 - LArCalibL1Calo - DEBUG: initialising coolRunLister
2009-05-17 03:19 - LArCalibL1Calo - DEBUG: applying selections to coolRunLister
2009-05-17 03:19 - LArCalibL1Calo - INFO: last valid run: 115082
2009-05-17 03:19 - LArCalibL1Calo - INFO: searching for new runs from 115083 to 2147483647
2009-05-17 03:19 - LArCalibL1Calo - DEBUG:  No new valid run. Last known valid run still: 115082
2009-05-17 03:34 - LArCalibL1Calo - INFO: ===> listening for new valid runs <===
2009-05-17 03:34 - LArCalibL1Calo - DEBUG: initialising coolRunLister
2009-05-17 03:34 - LArCalibL1Calo - DEBUG: applying selections to coolRunLister
2009-05-17 03:34 - LArCalibL1Calo - INFO: last valid run: 115082
2009-05-17 03:34 - LArCalibL1Calo - INFO: searching for new runs from 115083 to 2147483647
2009-05-17 03:34 - LArCalibL1Calo - DEBUG:  No new valid run. Last known valid run still: 115082
2009-05-17 03:49 - LArCalibL1Calo - INFO: ===> listening for new valid runs <===
2009-05-17 03:49 - LArCalibL1Calo - DEBUG: initialising coolRunLister
2009-05-17 03:49 - LArCalibL1Calo - DEBUG: applying selections to coolRunLister
2009-05-17 03:49 - LArCalibL1Calo - INFO: last valid run: 115082
2009-05-17 03:49 - LArCalibL1Calo - INFO: searching for new runs from 115083 to 2147483647
2009-05-17 03:49 - LArCalibL1Calo - DEBUG:  No new valid run. Last known valid run still: 115082
2009-05-17 04:04 - LArCalibL1Calo - INFO: ===> listening for new valid runs <===
2009-05-17 04:04 - LArCalibL1Calo - DEBUG: initialising coolRunLister
2009-05-17 04:04 - LArCalibL1Calo - DEBUG: applying selections to coolRunLister
2009-05-17 04:04 - LArCalibL1Calo - INFO: last valid run: 115082
2009-05-17 04:04 - LArCalibL1Calo - INFO: searching for new runs from 115083 to 2147483647
2009-05-17 04:04 - LArCalibL1Calo - DEBUG:  No new valid run. Last known valid run still: 115082
2009-05-17 04:20 - LArCalibL1Calo - INFO: ===> listening for new valid runs <===
2009-05-17 04:20 - LArCalibL1Calo - DEBUG: initialising coolRunLister
2009-05-17 04:20 - LArCalibL1Calo - DEBUG: applying selections to coolRunLister
2009-05-17 04:20 - LArCalibL1Calo - INFO: last valid run: 115082
2009-05-17 04:20 - LArCalibL1Calo - INFO: searching for new runs from 115083 to 2147483647
2009-05-17 04:20 - LArCalibL1Calo - DEBUG:  No new valid run. Last known valid run still: 115082
2009-05-17 04:35 - LArCalibL1Calo - INFO: ===> listening for new valid runs <===
2009-05-17 04:35 - LArCalibL1Calo - DEBUG: initialising coolRunLister
2009-05-17 04:35 - LArCalibL1Calo - DEBUG: applying selections to coolRunLister
2009-05-17 04:35 - LArCalibL1Calo - INFO: last valid run: 115082
2009-05-17 04:35 - LArCalibL1Calo - INFO: searching for new runs from 115083 to 2147483647
2009-05-17 04:35 - LArCalibL1Calo - DEBUG:  No new valid run. Last known valid run still: 115082
2009-05-17 04:50 - LArCalibL1Calo - INFO: ===> listening for new valid runs <===
2009-05-17 04:50 - LArCalibL1Calo - DEBUG: initialising coolRunLister
2009-05-17 04:50 - LArCalibL1Calo - DEBUG: applying selections to coolRunLister
2009-05-17 04:50 - LArCalibL1Calo - INFO: last valid run: 115082
2009-05-17 04:50 - LArCalibL1Calo - INFO: searching for new runs from 115083 to 2147483647
2009-05-17 04:50 - LArCalibL1Calo - DEBUG:  No new valid run. Last known valid run still: 115082
2009-05-17 05:05 - LArCalibL1Calo - INFO: ===> listening for new valid runs <===
2009-05-17 05:05 - LArCalibL1Calo - DEBUG: initialising coolRunLister
2009-05-17 05:05 - LArCalibL1Calo - DEBUG: applying selections to coolRunLister
2009-05-17 05:05 - LArCalibL1Calo - INFO: last valid run: 115082
2009-05-17 05:05 - LArCalibL1Calo - INFO: searching for new runs from 115083 to 2147483647
2009-05-17 05:05 - LArCalibL1Calo - DEBUG:  No new valid run. Last known valid run still: 115082
2009-05-17 05:20 - LArCalibL1Calo - INFO: ===> listening for new valid runs <===
2009-05-17 05:20 - LArCalibL1Calo - DEBUG: initialising coolRunLister
2009-05-17 05:20 - LArCalibL1Calo - DEBUG: applying selections to coolRunLister
2009-05-17 05:20 - LArCalibL1Calo - INFO: last valid run: 115082
2009-05-17 05:20 - LArCalibL1Calo - INFO: searching for new runs from 115083 to 2147483647
2009-05-17 05:20 - LArCalibL1Calo - DEBUG:  No new valid run. Last known valid run still: 115082
2009-05-17 05:35 - LArCalibL1Calo - INFO: ===> listening for new valid runs <===
2009-05-17 05:35 - LArCalibL1Calo - DEBUG: initialising coolRunLister
2009-05-17 05:35 - LArCalibL1Calo - DEBUG: applying selections to coolRunLister
2009-05-17 05:35 - LArCalibL1Calo - INFO: last valid run: 115082
2009-05-17 05:35 - LArCalibL1Calo - INFO: searching for new runs from 115083 to 2147483647
2009-05-17 05:35 - LArCalibL1Calo - DEBUG:  No new valid run. Last known valid run still: 115082
2009-05-17 05:50 - LArCalibL1Calo - INFO: ===> listening for new valid runs <===
2009-05-17 05:50 - LArCalibL1Calo - DEBUG: initialising coolRunLister
2009-05-17 05:50 - LArCalibL1Calo - DEBUG: applying selections to coolRunLister
2009-05-17 05:50 - LArCalibL1Calo - INFO: last valid run: 115082
2009-05-17 05:50 - LArCalibL1Calo - INFO: searching for new runs from 115083 to 2147483647
2009-05-17 05:51 - LArCalibL1Calo - DEBUG:  No new valid run. Last known valid run still: 115082
2009-05-17 06:06 - LArCalibL1Calo - INFO: ===> listening for new valid runs <===
2009-05-17 06:06 - LArCalibL1Calo - DEBUG: initialising coolRunLister
2009-05-17 06:06 - LArCalibL1Calo - DEBUG: applying selections to coolRunLister
2009-05-17 06:06 - LArCalibL1Calo - INFO: last valid run: 115082
2009-05-17 06:06 - LArCalibL1Calo - INFO: searching for new runs from 115083 to 2147483647
2009-05-17 06:06 - LArCalibL1Calo - DEBUG:  No new valid run. Last known valid run still: 115082
2009-05-17 06:21 - LArCalibL1Calo - INFO: ===> listening for new valid runs <===
2009-05-17 06:21 - LArCalibL1Calo - DEBUG: initialising coolRunLister
2009-05-17 06:21 - LArCalibL1Calo - DEBUG: applying selections to coolRunLister
2009-05-17 06:21 - LArCalibL1Calo - INFO: last valid run: 115082
2009-05-17 06:21 - LArCalibL1Calo - INFO: searching for new runs from 115083 to 2147483647
2009-05-17 06:21 - LArCalibL1Calo - DEBUG:  No new valid run. Last known valid run still: 115082
2009-05-17 06:36 - LArCalibL1Calo - INFO: ===> listening for new valid runs <===
2009-05-17 06:36 - LArCalibL1Calo - DEBUG: initialising coolRunLister
2009-05-17 06:36 - LArCalibL1Calo - DEBUG: applying selections to coolRunLister
2009-05-17 06:36 - LArCalibL1Calo - INFO: last valid run: 115082
2009-05-17 06:36 - LArCalibL1Calo - INFO: searching for new runs from 115083 to 2147483647
2009-05-17 06:36 - LArCalibL1Calo - DEBUG:  No new valid run. Last known valid run still: 115082
2009-05-17 06:51 - LArCalibL1Calo - INFO: ===> listening for new valid runs <===
2009-05-17 06:51 - LArCalibL1Calo - DEBUG: initialising coolRunLister
2009-05-17 06:51 - LArCalibL1Calo - DEBUG: applying selections to coolRunLister
2009-05-17 06:51 - LArCalibL1Calo - INFO: last valid run: 115082
2009-05-17 06:51 - LArCalibL1Calo - INFO: searching for new runs from 115083 to 2147483647
2009-05-17 06:51 - LArCalibL1Calo - DEBUG:  No new valid run. Last known valid run still: 115082
2009-05-17 07:06 - LArCalibL1Calo - INFO: ===> listening for new valid runs <===
2009-05-17 07:06 - LArCalibL1Calo - DEBUG: initialising coolRunLister
2009-05-17 07:06 - LArCalibL1Calo - DEBUG: applying selections to coolRunLister
2009-05-17 07:06 - LArCalibL1Calo - INFO: last valid run: 115082
2009-05-17 07:06 - LArCalibL1Calo - INFO: searching for new runs from 115083 to 2147483647
2009-05-17 07:06 - LArCalibL1Calo - DEBUG:  No new valid run. Last known valid run still: 115082
2009-05-17 07:21 - LArCalibL1Calo - INFO: ===> listening for new valid runs <===
2009-05-17 07:21 - LArCalibL1Calo - DEBUG: initialising coolRunLister
2009-05-17 07:21 - LArCalibL1Calo - DEBUG: applying selections to coolRunLister
2009-05-17 07:21 - LArCalibL1Calo - INFO: last valid run: 115082
2009-05-17 07:21 - LArCalibL1Calo - INFO: searching for new runs from 115083 to 2147483647
2009-05-17 07:21 - LArCalibL1Calo - DEBUG:  No new valid run. Last known valid run still: 115082
2009-05-17 07:37 - LArCalibL1Calo - INFO: ===> listening for new valid runs <===
2009-05-17 07:37 - LArCalibL1Calo - DEBUG: initialising coolRunLister
2009-05-17 07:37 - LArCalibL1Calo - DEBUG: applying selections to coolRunLister
2009-05-17 07:37 - LArCalibL1Calo - INFO: last valid run: 115082
2009-05-17 07:37 - LArCalibL1Calo - INFO: searching for new runs from 115083 to 2147483647
2009-05-17 07:37 - LArCalibL1Calo - DEBUG:  No new valid run. Last known valid run still: 115082
2009-05-17 07:52 - LArCalibL1Calo - INFO: ===> listening for new valid runs <===
2009-05-17 07:52 - LArCalibL1Calo - DEBUG: initialising coolRunLister
2009-05-17 07:52 - LArCalibL1Calo - DEBUG: applying selections to coolRunLister
2009-05-17 07:52 - LArCalibL1Calo - INFO: last valid run: 115082
2009-05-17 07:52 - LArCalibL1Calo - INFO: searching for new runs from 115083 to 2147483647
2009-05-17 07:52 - LArCalibL1Calo - DEBUG:  No new valid run. Last known valid run still: 115082
2009-05-17 08:07 - LArCalibL1Calo - INFO: ===> listening for new valid runs <===
2009-05-17 08:07 - LArCalibL1Calo - DEBUG: initialising coolRunLister
2009-05-17 08:07 - LArCalibL1Calo - DEBUG: applying selections to coolRunLister
2009-05-17 08:07 - LArCalibL1Calo - INFO: last valid run: 115082
2009-05-17 08:07 - LArCalibL1Calo - INFO: searching for new runs from 115083 to 2147483647
2009-05-17 08:07 - LArCalibL1Calo - DEBUG:  No new valid run. Last known valid run still: 115082
2009-05-17 08:22 - LArCalibL1Calo - INFO: ===> listening for new valid runs <===
2009-05-17 08:22 - LArCalibL1Calo - DEBUG: initialising coolRunLister
2009-05-17 08:22 - LArCalibL1Calo - DEBUG: applying selections to coolRunLister
2009-05-17 08:22 - LArCalibL1Calo - INFO: last valid run: 115082
2009-05-17 08:22 - LArCalibL1Calo - INFO: searching for new runs from 115083 to 2147483647
2009-05-17 08:22 - LArCalibL1Calo - DEBUG:  No new valid run. Last known valid run still: 115082
2009-05-17 08:37 - LArCalibL1Calo - INFO: ===> listening for new valid runs <===
2009-05-17 08:37 - LArCalibL1Calo - DEBUG: initialising coolRunLister
2009-05-17 08:37 - LArCalibL1Calo - DEBUG: applying selections to coolRunLister
2009-05-17 08:37 - LArCalibL1Calo - INFO: last valid run: 115082
2009-05-17 08:37 - LArCalibL1Calo - INFO: searching for new runs from 115083 to 2147483647
2009-05-17 08:37 - LArCalibL1Calo - DEBUG:  No new valid run. Last known valid run still: 115082
2009-05-17 08:52 - LArCalibL1Calo - INFO: ===> listening for new valid runs <===
2009-05-17 08:52 - LArCalibL1Calo - DEBUG: initialising coolRunLister
2009-05-17 08:52 - LArCalibL1Calo - DEBUG: applying selections to coolRunLister
2009-05-17 08:52 - LArCalibL1Calo - INFO: last valid run: 115082
2009-05-17 08:52 - LArCalibL1Calo - INFO: searching for new runs from 115083 to 2147483647
2009-05-17 08:52 - LArCalibL1Calo - DEBUG:  No new valid run. Last known valid run still: 115082
2009-05-17 09:07 - LArCalibL1Calo - INFO: ===> listening for new valid runs <===
2009-05-17 09:07 - LArCalibL1Calo - DEBUG: initialising coolRunLister
2009-05-17 09:07 - LArCalibL1Calo - DEBUG: applying selections to coolRunLister
2009-05-17 09:07 - LArCalibL1Calo - INFO: last valid run: 115082
2009-05-17 09:07 - LArCalibL1Calo - INFO: searching for new runs from 115083 to 2147483647
2009-05-17 09:08 - LArCalibL1Calo - DEBUG:  No new valid run. Last known valid run still: 115082
2009-05-17 09:23 - LArCalibL1Calo - INFO: ===> listening for new valid runs <===
2009-05-17 09:23 - LArCalibL1Calo - DEBUG: initialising coolRunLister
2009-05-17 09:23 - LArCalibL1Calo - DEBUG: applying selections to coolRunLister
2009-05-17 09:23 - LArCalibL1Calo - INFO: last valid run: 115082
2009-05-17 09:23 - LArCalibL1Calo - INFO: searching for new runs from 115083 to 2147483647
2009-05-17 09:23 - LArCalibL1Calo - DEBUG:  No new valid run. Last known valid run still: 115082
2009-05-17 09:38 - LArCalibL1Calo - INFO: ===> listening for new valid runs <===
2009-05-17 09:38 - LArCalibL1Calo - DEBUG: initialising coolRunLister
2009-05-17 09:38 - LArCalibL1Calo - DEBUG: applying selections to coolRunLister
2009-05-17 09:38 - LArCalibL1Calo - INFO: last valid run: 115082
2009-05-17 09:38 - LArCalibL1Calo - INFO: searching for new runs from 115083 to 2147483647
2009-05-17 09:38 - LArCalibL1Calo - DEBUG:  No new valid run. Last known valid run still: 115082
2009-05-17 09:53 - LArCalibL1Calo - INFO: ===> listening for new valid runs <===
2009-05-17 09:53 - LArCalibL1Calo - DEBUG: initialising coolRunLister
2009-05-17 09:53 - LArCalibL1Calo - DEBUG: applying selections to coolRunLister
2009-05-17 09:53 - LArCalibL1Calo - INFO: last valid run: 115082
2009-05-17 09:53 - LArCalibL1Calo - INFO: searching for new runs from 115083 to 2147483647
2009-05-17 09:53 - LArCalibL1Calo - DEBUG:  No new valid run. Last known valid run still: 115082
2009-05-17 10:08 - LArCalibL1Calo - INFO: ===> listening for new valid runs <===
2009-05-17 10:08 - LArCalibL1Calo - DEBUG: initialising coolRunLister
2009-05-17 10:08 - LArCalibL1Calo - DEBUG: applying selections to coolRunLister
2009-05-17 10:08 - LArCalibL1Calo - INFO: last valid run: 115082
2009-05-17 10:08 - LArCalibL1Calo - INFO: searching for new runs from 115083 to 2147483647
2009-05-17 10:08 - LArCalibL1Calo - DEBUG:  No new valid run. Last known valid run still: 115082
2009-05-17 10:23 - LArCalibL1Calo - INFO: ===> listening for new valid runs <===
2009-05-17 10:23 - LArCalibL1Calo - DEBUG: initialising coolRunLister
2009-05-17 10:23 - LArCalibL1Calo - DEBUG: applying selections to coolRunLister
2009-05-17 10:23 - LArCalibL1Calo - INFO: last valid run: 115082
2009-05-17 10:23 - LArCalibL1Calo - INFO: searching for new runs from 115083 to 2147483647
2009-05-17 10:23 - LArCalibL1Calo - DEBUG:  No new valid run. Last known valid run still: 115082
2009-05-17 10:38 - LArCalibL1Calo - INFO: ===> listening for new valid runs <===
2009-05-17 10:38 - LArCalibL1Calo - DEBUG: initialising coolRunLister
2009-05-17 10:38 - LArCalibL1Calo - DEBUG: applying selections to coolRunLister
2009-05-17 10:38 - LArCalibL1Calo - INFO: last valid run: 115082
2009-05-17 10:38 - LArCalibL1Calo - INFO: searching for new runs from 115083 to 2147483647
2009-05-17 10:38 - LArCalibL1Calo - DEBUG:  No new valid run. Last known valid run still: 115082
2009-05-17 10:54 - LArCalibL1Calo - INFO: ===> listening for new valid runs <===
2009-05-17 10:54 - LArCalibL1Calo - DEBUG: initialising coolRunLister
2009-05-17 10:54 - LArCalibL1Calo - DEBUG: applying selections to coolRunLister
2009-05-17 10:54 - LArCalibL1Calo - INFO: last valid run: 115082
2009-05-17 10:54 - LArCalibL1Calo - INFO: searching for new runs from 115083 to 2147483647
2009-05-17 10:54 - LArCalibL1Calo - DEBUG:  No new valid run. Last known valid run still: 115082
2009-05-17 11:09 - LArCalibL1Calo - INFO: ===> listening for new valid runs <===
2009-05-17 11:09 - LArCalibL1Calo - DEBUG: initialising coolRunLister
2009-05-17 11:09 - LArCalibL1Calo - DEBUG: applying selections to coolRunLister
2009-05-17 11:09 - LArCalibL1Calo - INFO: last valid run: 115082
2009-05-17 11:09 - LArCalibL1Calo - INFO: searching for new runs from 115083 to 2147483647
2009-05-17 11:09 - LArCalibL1Calo - DEBUG:  No new valid run. Last known valid run still: 115082
2009-05-17 11:24 - LArCalibL1Calo - INFO: ===> listening for new valid runs <===
2009-05-17 11:24 - LArCalibL1Calo - DEBUG: initialising coolRunLister
2009-05-17 11:24 - LArCalibL1Calo - DEBUG: applying selections to coolRunLister
2009-05-17 11:24 - LArCalibL1Calo - INFO: last valid run: 115082
2009-05-17 11:24 - LArCalibL1Calo - INFO: searching for new runs from 115083 to 2147483647
2009-05-17 11:24 - LArCalibL1Calo - DEBUG:  No new valid run. Last known valid run still: 115082
2009-05-17 11:39 - LArCalibL1Calo - INFO: ===> listening for new valid runs <===
2009-05-17 11:39 - LArCalibL1Calo - DEBUG: initialising coolRunLister
2009-05-17 11:39 - LArCalibL1Calo - DEBUG: applying selections to coolRunLister
2009-05-17 11:39 - LArCalibL1Calo - INFO: last valid run: 115082
2009-05-17 11:39 - LArCalibL1Calo - INFO: searching for new runs from 115083 to 2147483647
2009-05-17 11:39 - LArCalibL1Calo - DEBUG:  No new valid run. Last known valid run still: 115082
2009-05-17 11:54 - LArCalibL1Calo - INFO: ===> listening for new valid runs <===
2009-05-17 11:54 - LArCalibL1Calo - DEBUG: initialising coolRunLister
2009-05-17 11:54 - LArCalibL1Calo - DEBUG: applying selections to coolRunLister
2009-05-17 11:54 - LArCalibL1Calo - INFO: last valid run: 115082
2009-05-17 11:54 - LArCalibL1Calo - INFO: searching for new runs from 115083 to 2147483647
2009-05-17 11:54 - LArCalibL1Calo - DEBUG:  No new valid run. Last known valid run still: 115082
2009-05-17 12:09 - LArCalibL1Calo - INFO: ===> listening for new valid runs <===
2009-05-17 12:09 - LArCalibL1Calo - DEBUG: initialising coolRunLister
2009-05-17 12:09 - LArCalibL1Calo - DEBUG: applying selections to coolRunLister
2009-05-17 12:09 - LArCalibL1Calo - INFO: last valid run: 115082
2009-05-17 12:09 - LArCalibL1Calo - INFO: searching for new runs from 115083 to 2147483647
2009-05-17 12:09 - LArCalibL1Calo - DEBUG:  No new valid run. Last known valid run still: 115082
2009-05-17 12:25 - LArCalibL1Calo - INFO: ===> listening for new valid runs <===
2009-05-17 12:25 - LArCalibL1Calo - DEBUG: initialising coolRunLister
2009-05-17 12:25 - LArCalibL1Calo - DEBUG: applying selections to coolRunLister
2009-05-17 12:25 - LArCalibL1Calo - INFO: last valid run: 115082
2009-05-17 12:25 - LArCalibL1Calo - INFO: searching for new runs from 115083 to 2147483647
2009-05-17 12:25 - LArCalibL1Calo - DEBUG:  No new valid run. Last known valid run still: 115082
2009-05-17 12:40 - LArCalibL1Calo - INFO: ===> listening for new valid runs <===
2009-05-17 12:40 - LArCalibL1Calo - DEBUG: initialising coolRunLister
2009-05-17 12:40 - LArCalibL1Calo - DEBUG: applying selections to coolRunLister
2009-05-17 12:40 - LArCalibL1Calo - INFO: last valid run: 115082
2009-05-17 12:40 - LArCalibL1Calo - INFO: searching for new runs from 115083 to 2147483647
2009-05-17 12:40 - LArCalibL1Calo - DEBUG:  No new valid run. Last known valid run still: 115082
2009-05-17 12:55 - LArCalibL1Calo - INFO: ===> listening for new valid runs <===
2009-05-17 12:55 - LArCalibL1Calo - DEBUG: initialising coolRunLister
2009-05-17 12:55 - LArCalibL1Calo - DEBUG: applying selections to coolRunLister
2009-05-17 12:55 - LArCalibL1Calo - INFO: last valid run: 115082
2009-05-17 12:55 - LArCalibL1Calo - INFO: searching for new runs from 115083 to 2147483647
2009-05-17 12:55 - LArCalibL1Calo - DEBUG:  No new valid run. Last known valid run still: 115082
2009-05-17 13:10 - LArCalibL1Calo - INFO: ===> listening for new valid runs <===
2009-05-17 13:10 - LArCalibL1Calo - DEBUG: initialising coolRunLister
2009-05-17 13:10 - LArCalibL1Calo - DEBUG: applying selections to coolRunLister
2009-05-17 13:10 - LArCalibL1Calo - INFO: last valid run: 115082
2009-05-17 13:10 - LArCalibL1Calo - INFO: searching for new runs from 115083 to 2147483647
2009-05-17 13:10 - LArCalibL1Calo - DEBUG:  No new valid run. Last known valid run still: 115082
2009-05-17 13:25 - LArCalibL1Calo - INFO: ===> listening for new valid runs <===
2009-05-17 13:25 - LArCalibL1Calo - DEBUG: initialising coolRunLister
2009-05-17 13:25 - LArCalibL1Calo - DEBUG: applying selections to coolRunLister
2009-05-17 13:25 - LArCalibL1Calo - INFO: last valid run: 115082
2009-05-17 13:25 - LArCalibL1Calo - INFO: searching for new runs from 115083 to 2147483647
2009-05-17 13:25 - LArCalibL1Calo - DEBUG:  No new valid run. Last known valid run still: 115082
2009-05-17 13:40 - LArCalibL1Calo - INFO: ===> listening for new valid runs <===
2009-05-17 13:40 - LArCalibL1Calo - DEBUG: initialising coolRunLister
2009-05-17 13:40 - LArCalibL1Calo - DEBUG: applying selections to coolRunLister
2009-05-17 13:40 - LArCalibL1Calo - INFO: last valid run: 115082
2009-05-17 13:40 - LArCalibL1Calo - INFO: searching for new runs from 115083 to 2147483647
2009-05-17 13:40 - LArCalibL1Calo - DEBUG:  No new valid run. Last known valid run still: 115082
2009-05-17 13:55 - LArCalibL1Calo - INFO: ===> listening for new valid runs <===
2009-05-17 13:55 - LArCalibL1Calo - DEBUG: initialising coolRunLister
2009-05-17 13:55 - LArCalibL1Calo - DEBUG: applying selections to coolRunLister
2009-05-17 13:55 - LArCalibL1Calo - INFO: last valid run: 115082
2009-05-17 13:55 - LArCalibL1Calo - INFO: searching for new runs from 115083 to 2147483647
2009-05-17 13:55 - LArCalibL1Calo - DEBUG:  No new valid run. Last known valid run still: 115082
2009-05-17 14:11 - LArCalibL1Calo - INFO: ===> listening for new valid runs <===
2009-05-17 14:11 - LArCalibL1Calo - DEBUG: initialising coolRunLister
2009-05-17 14:11 - LArCalibL1Calo - DEBUG: applying selections to coolRunLister
2009-05-17 14:11 - LArCalibL1Calo - INFO: last valid run: 115082
2009-05-17 14:11 - LArCalibL1Calo - INFO: searching for new runs from 115083 to 2147483647
2009-05-17 14:11 - LArCalibL1Calo - DEBUG:  No new valid run. Last known valid run still: 115082
2009-05-17 14:26 - LArCalibL1Calo - INFO: ===> listening for new valid runs <===
2009-05-17 14:26 - LArCalibL1Calo - DEBUG: initialising coolRunLister
2009-05-17 14:26 - LArCalibL1Calo - DEBUG: applying selections to coolRunLister
2009-05-17 14:26 - LArCalibL1Calo - INFO: last valid run: 115082
2009-05-17 14:26 - LArCalibL1Calo - INFO: searching for new runs from 115083 to 2147483647
2009-05-17 14:26 - LArCalibL1Calo - DEBUG:  No new valid run. Last known valid run still: 115082
2009-05-17 14:41 - LArCalibL1Calo - INFO: ===> listening for new valid runs <===
2009-05-17 14:41 - LArCalibL1Calo - DEBUG: initialising coolRunLister
2009-05-17 14:41 - LArCalibL1Calo - DEBUG: applying selections to coolRunLister
2009-05-17 14:41 - LArCalibL1Calo - INFO: last valid run: 115082
2009-05-17 14:41 - LArCalibL1Calo - INFO: searching for new runs from 115083 to 2147483647
2009-05-17 14:41 - LArCalibL1Calo - DEBUG:  No new valid run. Last known valid run still: 115082
2009-05-17 14:56 - LArCalibL1Calo - INFO: ===> listening for new valid runs <===
2009-05-17 14:56 - LArCalibL1Calo - DEBUG: initialising coolRunLister
2009-05-17 14:56 - LArCalibL1Calo - DEBUG: applying selections to coolRunLister
2009-05-17 14:56 - LArCalibL1Calo - INFO: last valid run: 115082
2009-05-17 14:56 - LArCalibL1Calo - INFO: searching for new runs from 115083 to 2147483647
2009-05-17 14:56 - LArCalibL1Calo - DEBUG:  No new valid run. Last known valid run still: 115082
2009-05-17 15:11 - LArCalibL1Calo - INFO: ===> listening for new valid runs <===
2009-05-17 15:11 - LArCalibL1Calo - DEBUG: initialising coolRunLister
2009-05-17 15:11 - LArCalibL1Calo - DEBUG: applying selections to coolRunLister
2009-05-17 15:11 - LArCalibL1Calo - INFO: last valid run: 115082
2009-05-17 15:11 - LArCalibL1Calo - INFO: searching for new runs from 115083 to 2147483647
2009-05-17 15:11 - LArCalibL1Calo - DEBUG:  No new valid run. Last known valid run still: 115082
2009-05-17 15:26 - LArCalibL1Calo - INFO: ===> listening for new valid runs <===
2009-05-17 15:26 - LArCalibL1Calo - DEBUG: initialising coolRunLister
2009-05-17 15:26 - LArCalibL1Calo - DEBUG: applying selections to coolRunLister
2009-05-17 15:26 - LArCalibL1Calo - INFO: last valid run: 115082
2009-05-17 15:26 - LArCalibL1Calo - INFO: searching for new runs from 115083 to 2147483647
2009-05-17 15:26 - LArCalibL1Calo - DEBUG:  No new valid run. Last known valid run still: 115082
2009-05-17 15:42 - LArCalibL1Calo - INFO: ===> listening for new valid runs <===
2009-05-17 15:42 - LArCalibL1Calo - DEBUG: initialising coolRunLister
2009-05-17 15:42 - LArCalibL1Calo - DEBUG: applying selections to coolRunLister
2009-05-17 15:42 - LArCalibL1Calo - INFO: last valid run: 115082
2009-05-17 15:42 - LArCalibL1Calo - INFO: searching for new runs from 115083 to 2147483647
2009-05-17 15:42 - LArCalibL1Calo - DEBUG:  No new valid run. Last known valid run still: 115082
2009-05-17 15:57 - LArCalibL1Calo - INFO: ===> listening for new valid runs <===
2009-05-17 15:57 - LArCalibL1Calo - DEBUG: initialising coolRunLister
2009-05-17 15:57 - LArCalibL1Calo - DEBUG: applying selections to coolRunLister
2009-05-17 15:57 - LArCalibL1Calo - INFO: last valid run: 115082
2009-05-17 15:57 - LArCalibL1Calo - INFO: searching for new runs from 115083 to 2147483647
2009-05-17 15:57 - LArCalibL1Calo - DEBUG:  No new valid run. Last known valid run still: 115082
2009-05-17 16:12 - LArCalibL1Calo - INFO: ===> listening for new valid runs <===
2009-05-17 16:12 - LArCalibL1Calo - DEBUG: initialising coolRunLister
2009-05-17 16:12 - LArCalibL1Calo - DEBUG: applying selections to coolRunLister
2009-05-17 16:12 - LArCalibL1Calo - INFO: last valid run: 115082
2009-05-17 16:12 - LArCalibL1Calo - INFO: searching for new runs from 115083 to 2147483647
2009-05-17 16:12 - LArCalibL1Calo - DEBUG:  No new valid run. Last known valid run still: 115082
2009-05-17 16:27 - LArCalibL1Calo - INFO: ===> listening for new valid runs <===
2009-05-17 16:27 - LArCalibL1Calo - DEBUG: initialising coolRunLister
2009-05-17 16:27 - LArCalibL1Calo - DEBUG: applying selections to coolRunLister
2009-05-17 16:27 - LArCalibL1Calo - INFO: last valid run: 115082
2009-05-17 16:27 - LArCalibL1Calo - INFO: searching for new runs from 115083 to 2147483647
2009-05-17 16:27 - LArCalibL1Calo - DEBUG:  No new valid run. Last known valid run still: 115082
2009-05-17 16:42 - LArCalibL1Calo - INFO: ===> listening for new valid runs <===
2009-05-17 16:42 - LArCalibL1Calo - DEBUG: initialising coolRunLister
2009-05-17 16:42 - LArCalibL1Calo - DEBUG: applying selections to coolRunLister
2009-05-17 16:42 - LArCalibL1Calo - INFO: last valid run: 115082
2009-05-17 16:42 - LArCalibL1Calo - INFO: searching for new runs from 115083 to 2147483647
2009-05-17 16:42 - LArCalibL1Calo - DEBUG:  No new valid run. Last known valid run still: 115082
2009-05-17 16:57 - LArCalibL1Calo - INFO: ===> listening for new valid runs <===
2009-05-17 16:57 - LArCalibL1Calo - DEBUG: initialising coolRunLister
2009-05-17 16:57 - LArCalibL1Calo - DEBUG: applying selections to coolRunLister
2009-05-17 16:57 - LArCalibL1Calo - INFO: last valid run: 115082
2009-05-17 16:57 - LArCalibL1Calo - INFO: searching for new runs from 115083 to 2147483647
2009-05-17 16:57 - LArCalibL1Calo - DEBUG:  No new valid run. Last known valid run still: 115082
2009-05-17 17:12 - LArCalibL1Calo - INFO: ===> listening for new valid runs <===
2009-05-17 17:12 - LArCalibL1Calo - DEBUG: initialising coolRunLister
2009-05-17 17:12 - LArCalibL1Calo - DEBUG: applying selections to coolRunLister
2009-05-17 17:12 - LArCalibL1Calo - INFO: last valid run: 115082
2009-05-17 17:12 - LArCalibL1Calo - INFO: searching for new runs from 115083 to 2147483647
2009-05-17 17:13 - LArCalibL1Calo - DEBUG:  No new valid run. Last known valid run still: 115082
2009-05-17 17:28 - LArCalibL1Calo - INFO: ===> listening for new valid runs <===
2009-05-17 17:28 - LArCalibL1Calo - DEBUG: initialising coolRunLister
2009-05-17 17:28 - LArCalibL1Calo - DEBUG: applying selections to coolRunLister
2009-05-17 17:28 - LArCalibL1Calo - INFO: last valid run: 115082
2009-05-17 17:28 - LArCalibL1Calo - INFO: searching for new runs from 115083 to 2147483647
2009-05-17 17:28 - LArCalibL1Calo - DEBUG:  No new valid run. Last known valid run still: 115082
2009-05-17 17:43 - LArCalibL1Calo - INFO: ===> listening for new valid runs <===
2009-05-17 17:43 - LArCalibL1Calo - DEBUG: initialising coolRunLister
2009-05-17 17:43 - LArCalibL1Calo - DEBUG: applying selections to coolRunLister
2009-05-17 17:43 - LArCalibL1Calo - INFO: last valid run: 115082
2009-05-17 17:43 - LArCalibL1Calo - INFO: searching for new runs from 115083 to 2147483647
2009-05-17 17:43 - LArCalibL1Calo - DEBUG:  No new valid run. Last known valid run still: 115082
2009-05-17 17:58 - LArCalibL1Calo - INFO: ===> listening for new valid runs <===
2009-05-17 17:58 - LArCalibL1Calo - DEBUG: initialising coolRunLister
2009-05-17 17:58 - LArCalibL1Calo - DEBUG: applying selections to coolRunLister
2009-05-17 17:58 - LArCalibL1Calo - INFO: last valid run: 115082
2009-05-17 17:58 - LArCalibL1Calo - INFO: searching for new runs from 115083 to 2147483647
2009-05-17 17:58 - LArCalibL1Calo - DEBUG:  No new valid run. Last known valid run still: 115082
2009-05-17 18:13 - LArCalibL1Calo - INFO: ===> listening for new valid runs <===
2009-05-17 18:13 - LArCalibL1Calo - DEBUG: initialising coolRunLister
2009-05-17 18:13 - LArCalibL1Calo - DEBUG: applying selections to coolRunLister
2009-05-17 18:13 - LArCalibL1Calo - INFO: last valid run: 115082
2009-05-17 18:13 - LArCalibL1Calo - INFO: searching for new runs from 115083 to 2147483647
2009-05-17 18:13 - LArCalibL1Calo - DEBUG:  No new valid run. Last known valid run still: 115082
2009-05-17 18:28 - LArCalibL1Calo - INFO: ===> listening for new valid runs <===
2009-05-17 18:28 - LArCalibL1Calo - DEBUG: initialising coolRunLister
2009-05-17 18:28 - LArCalibL1Calo - DEBUG: applying selections to coolRunLister
2009-05-17 18:28 - LArCalibL1Calo - INFO: last valid run: 115082
2009-05-17 18:28 - LArCalibL1Calo - INFO: searching for new runs from 115083 to 2147483647
2009-05-17 18:28 - LArCalibL1Calo - DEBUG:  No new valid run. Last known valid run still: 115082
2009-05-17 18:43 - LArCalibL1Calo - INFO: ===> listening for new valid runs <===
2009-05-17 18:43 - LArCalibL1Calo - DEBUG: initialising coolRunLister
2009-05-17 18:43 - LArCalibL1Calo - DEBUG: applying selections to coolRunLister
2009-05-17 18:43 - LArCalibL1Calo - INFO: last valid run: 115082
2009-05-17 18:43 - LArCalibL1Calo - INFO: searching for new runs from 115083 to 2147483647
2009-05-17 18:43 - LArCalibL1Calo - DEBUG:  No new valid run. Last known valid run still: 115082
2009-05-17 18:59 - LArCalibL1Calo - INFO: ===> listening for new valid runs <===
2009-05-17 18:59 - LArCalibL1Calo - DEBUG: initialising coolRunLister
2009-05-17 18:59 - LArCalibL1Calo - DEBUG: applying selections to coolRunLister
2009-05-17 18:59 - LArCalibL1Calo - INFO: last valid run: 115082
2009-05-17 18:59 - LArCalibL1Calo - INFO: searching for new runs from 115083 to 2147483647
2009-05-17 18:59 - LArCalibL1Calo - DEBUG:  No new valid run. Last known valid run still: 115082
2009-05-17 19:14 - LArCalibL1Calo - INFO: ===> listening for new valid runs <===
2009-05-17 19:14 - LArCalibL1Calo - DEBUG: initialising coolRunLister
2009-05-17 19:14 - LArCalibL1Calo - DEBUG: applying selections to coolRunLister
2009-05-17 19:14 - LArCalibL1Calo - INFO: last valid run: 115082
2009-05-17 19:14 - LArCalibL1Calo - INFO: searching for new runs from 115083 to 2147483647
2009-05-17 19:14 - LArCalibL1Calo - DEBUG:  No new valid run. Last known valid run still: 115082
2009-05-17 19:29 - LArCalibL1Calo - INFO: ===> listening for new valid runs <===
2009-05-17 19:29 - LArCalibL1Calo - DEBUG: initialising coolRunLister
2009-05-17 19:29 - LArCalibL1Calo - DEBUG: applying selections to coolRunLister
2009-05-17 19:29 - LArCalibL1Calo - INFO: last valid run: 115082
2009-05-17 19:29 - LArCalibL1Calo - INFO: searching for new runs from 115083 to 2147483647
2009-05-17 19:29 - LArCalibL1Calo - DEBUG:  No new valid run. Last known valid run still: 115082
2009-05-17 19:44 - LArCalibL1Calo - INFO: ===> listening for new valid runs <===
2009-05-17 19:44 - LArCalibL1Calo - DEBUG: initialising coolRunLister
2009-05-17 19:44 - LArCalibL1Calo - DEBUG: applying selections to coolRunLister
2009-05-17 19:44 - LArCalibL1Calo - INFO: last valid run: 115082
2009-05-17 19:44 - LArCalibL1Calo - INFO: searching for new runs from 115083 to 2147483647
2009-05-17 19:44 - LArCalibL1Calo - DEBUG:  No new valid run. Last known valid run still: 115082
2009-05-17 19:59 - LArCalibL1Calo - INFO: ===> listening for new valid runs <===
2009-05-17 19:59 - LArCalibL1Calo - DEBUG: initialising coolRunLister
2009-05-17 19:59 - LArCalibL1Calo - DEBUG: applying selections to coolRunLister
2009-05-17 19:59 - LArCalibL1Calo - INFO: last valid run: 115082
2009-05-17 19:59 - LArCalibL1Calo - INFO: searching for new runs from 115083 to 2147483647
2009-05-17 19:59 - LArCalibL1Calo - DEBUG:  No new valid run. Last known valid run still: 115082
2009-05-17 20:14 - LArCalibL1Calo - INFO: ===> listening for new valid runs <===
2009-05-17 20:14 - LArCalibL1Calo - DEBUG: initialising coolRunLister
2009-05-17 20:14 - LArCalibL1Calo - DEBUG: applying selections to coolRunLister
2009-05-17 20:14 - LArCalibL1Calo - INFO: last valid run: 115082
2009-05-17 20:14 - LArCalibL1Calo - INFO: searching for new runs from 115083 to 2147483647
2009-05-17 20:14 - LArCalibL1Calo - DEBUG:  No new valid run. Last known valid run still: 115082
2009-05-17 20:30 - LArCalibL1Calo - INFO: ===> listening for new valid runs <===
2009-05-17 20:30 - LArCalibL1Calo - DEBUG: initialising coolRunLister
2009-05-17 20:30 - LArCalibL1Calo - DEBUG: applying selections to coolRunLister
2009-05-17 20:30 - LArCalibL1Calo - INFO: last valid run: 115082
2009-05-17 20:30 - LArCalibL1Calo - INFO: searching for new runs from 115083 to 2147483647
2009-05-17 20:30 - LArCalibL1Calo - DEBUG:  No new valid run. Last known valid run still: 115082
2009-05-17 20:45 - LArCalibL1Calo - INFO: ===> listening for new valid runs <===
2009-05-17 20:45 - LArCalibL1Calo - DEBUG: initialising coolRunLister
2009-05-17 20:45 - LArCalibL1Calo - DEBUG: applying selections to coolRunLister
2009-05-17 20:45 - LArCalibL1Calo - INFO: last valid run: 115082
2009-05-17 20:45 - LArCalibL1Calo - INFO: searching for new runs from 115083 to 2147483647
2009-05-17 20:45 - LArCalibL1Calo - DEBUG:  No new valid run. Last known valid run still: 115082
2009-05-17 21:00 - LArCalibL1Calo - INFO: ===> listening for new valid runs <===
2009-05-17 21:00 - LArCalibL1Calo - DEBUG: initialising coolRunLister
2009-05-17 21:00 - LArCalibL1Calo - DEBUG: applying selections to coolRunLister
2009-05-17 21:00 - LArCalibL1Calo - INFO: last valid run: 115082
2009-05-17 21:00 - LArCalibL1Calo - INFO: searching for new runs from 115083 to 2147483647
2009-05-17 21:00 - LArCalibL1Calo - DEBUG:  No new valid run. Last known valid run still: 115082
2009-05-17 21:15 - LArCalibL1Calo - INFO: ===> listening for new valid runs <===
2009-05-17 21:15 - LArCalibL1Calo - DEBUG: initialising coolRunLister
2009-05-17 21:15 - LArCalibL1Calo - DEBUG: applying selections to coolRunLister
2009-05-17 21:15 - LArCalibL1Calo - INFO: last valid run: 115082
2009-05-17 21:15 - LArCalibL1Calo - INFO: searching for new runs from 115083 to 2147483647
2009-05-17 21:15 - LArCalibL1Calo - DEBUG:  No new valid run. Last known valid run still: 115082
2009-05-17 21:30 - LArCalibL1Calo - INFO: ===> listening for new valid runs <===
2009-05-17 21:30 - LArCalibL1Calo - DEBUG: initialising coolRunLister
2009-05-17 21:30 - LArCalibL1Calo - DEBUG: applying selections to coolRunLister
2009-05-17 21:30 - LArCalibL1Calo - INFO: last valid run: 115082
2009-05-17 21:30 - LArCalibL1Calo - INFO: searching for new runs from 115083 to 2147483647
2009-05-17 21:30 - LArCalibL1Calo - DEBUG:  No new valid run. Last known valid run still: 115082
2009-05-17 21:45 - LArCalibL1Calo - INFO: ===> listening for new valid runs <===
2009-05-17 21:45 - LArCalibL1Calo - DEBUG: initialising coolRunLister
2009-05-17 21:45 - LArCalibL1Calo - DEBUG: applying selections to coolRunLister
2009-05-17 21:45 - LArCalibL1Calo - INFO: last valid run: 115082
2009-05-17 21:45 - LArCalibL1Calo - INFO: searching for new runs from 115083 to 2147483647
2009-05-17 21:45 - LArCalibL1Calo - DEBUG:  No new valid run. Last known valid run still: 115082
2009-05-17 22:00 - LArCalibL1Calo - INFO: ===> listening for new valid runs <===
2009-05-17 22:00 - LArCalibL1Calo - DEBUG: initialising coolRunLister
2009-05-17 22:00 - LArCalibL1Calo - DEBUG: applying selections to coolRunLister
2009-05-17 22:00 - LArCalibL1Calo - INFO: last valid run: 115082
2009-05-17 22:00 - LArCalibL1Calo - INFO: searching for new runs from 115083 to 2147483647
2009-05-17 22:01 - LArCalibL1Calo - DEBUG:  No new valid run. Last known valid run still: 115082
2009-05-17 22:16 - LArCalibL1Calo - INFO: ===> listening for new valid runs <===
2009-05-17 22:16 - LArCalibL1Calo - DEBUG: initialising coolRunLister
2009-05-17 22:16 - LArCalibL1Calo - DEBUG: applying selections to coolRunLister
2009-05-17 22:16 - LArCalibL1Calo - INFO: last valid run: 115082
2009-05-17 22:16 - LArCalibL1Calo - INFO: searching for new runs from 115083 to 2147483647
2009-05-17 22:16 - LArCalibL1Calo - DEBUG:  No new valid run. Last known valid run still: 115082
2009-05-17 22:31 - LArCalibL1Calo - INFO: ===> listening for new valid runs <===
2009-05-17 22:31 - LArCalibL1Calo - DEBUG: initialising coolRunLister
2009-05-17 22:31 - LArCalibL1Calo - DEBUG: applying selections to coolRunLister
2009-05-17 22:31 - LArCalibL1Calo - INFO: last valid run: 115082
2009-05-17 22:31 - LArCalibL1Calo - INFO: searching for new runs from 115083 to 2147483647
2009-05-17 22:31 - LArCalibL1Calo - DEBUG:  No new valid run. Last known valid run still: 115082
2009-05-17 22:46 - LArCalibL1Calo - INFO: ===> listening for new valid runs <===
2009-05-17 22:46 - LArCalibL1Calo - DEBUG: initialising coolRunLister
2009-05-17 22:46 - LArCalibL1Calo - DEBUG: applying selections to coolRunLister
2009-05-17 22:46 - LArCalibL1Calo - INFO: last valid run: 115082
2009-05-17 22:46 - LArCalibL1Calo - INFO: searching for new runs from 115083 to 2147483647
2009-05-17 22:46 - LArCalibL1Calo - DEBUG:  No new valid run. Last known valid run still: 115082
2009-05-17 23:01 - LArCalibL1Calo - INFO: ===> listening for new valid runs <===
2009-05-17 23:01 - LArCalibL1Calo - DEBUG: initialising coolRunLister
2009-05-17 23:01 - LArCalibL1Calo - DEBUG: applying selections to coolRunLister
2009-05-17 23:01 - LArCalibL1Calo - INFO: last valid run: 115082
2009-05-17 23:01 - LArCalibL1Calo - INFO: searching for new runs from 115083 to 2147483647
2009-05-17 23:01 - LArCalibL1Calo - DEBUG:  No new valid run. Last known valid run still: 115082
2009-05-17 23:16 - LArCalibL1Calo - INFO: ===> listening for new valid runs <===
2009-05-17 23:16 - LArCalibL1Calo - DEBUG: initialising coolRunLister
2009-05-17 23:16 - LArCalibL1Calo - DEBUG: applying selections to coolRunLister
2009-05-17 23:16 - LArCalibL1Calo - INFO: last valid run: 115082
2009-05-17 23:16 - LArCalibL1Calo - INFO: searching for new runs from 115083 to 2147483647
2009-05-17 23:16 - LArCalibL1Calo - DEBUG:  No new valid run. Last known valid run still: 115082
2009-05-17 23:31 - LArCalibL1Calo - INFO: ===> listening for new valid runs <===
2009-05-17 23:31 - LArCalibL1Calo - DEBUG: initialising coolRunLister
2009-05-17 23:31 - LArCalibL1Calo - DEBUG: applying selections to coolRunLister
2009-05-17 23:31 - LArCalibL1Calo - INFO: last valid run: 115082
2009-05-17 23:31 - LArCalibL1Calo - INFO: searching for new runs from 115083 to 2147483647
2009-05-17 23:31 - LArCalibL1Calo - DEBUG:  No new valid run. Last known valid run still: 115082
2009-05-17 23:47 - LArCalibL1Calo - INFO: ===> listening for new valid runs <===
2009-05-17 23:47 - LArCalibL1Calo - DEBUG: initialising coolRunLister
2009-05-17 23:47 - LArCalibL1Calo - DEBUG: applying selections to coolRunLister
2009-05-17 23:47 - LArCalibL1Calo - INFO: last valid run: 115082
2009-05-17 23:47 - LArCalibL1Calo - INFO: searching for new runs from 115083 to 2147483647
2009-05-17 23:47 - LArCalibL1Calo - DEBUG:  No new valid run. Last known valid run still: 115082
