2009-05-26 00:01 - LArCalibL1Calo - INFO: ========================================
2009-05-26 00:01 - LArCalibL1Calo - INFO: RunListener in init
2009-05-26 00:01 - LArCalibL1Calo - INFO: RunListener initialized
2009-05-26 00:01 - LArCalibL1Calo - INFO: ========================================
2009-05-26 00:01 - LArCalibL1Calo - INFO: ===> from initRunListener <===
2009-05-26 00:01 - LArCalibL1Calo - INFO: 
RunListener LArCalibL1Caloinitialised with the following parameters:
TDAQ DB: COOLONL_TDAQ/COMP200
TRIG DB: COOLONL_TRIGGER/COMP200
Status DB: COOLONL_TDAQ/COMP200
log level: 0
oracle: False
rec. only: True
det. mask: 0
run type: LarCalibL1Calo
det. status: 
det. status tag: HEAD
daq partition: 
 * LArgL1Calo-TTC2LAN
tag: 
format: acertd
reverse: False
stoptimestamp: True
cleanstop: True
hasevents: False
last valid run known: 0

2009-05-26 00:18 - LArCalibL1Calo - INFO: ===> listening for new valid runs <===
2009-05-26 00:18 - LArCalibL1Calo - DEBUG: initialising coolRunLister
2009-05-26 00:18 - LArCalibL1Calo - DEBUG: applying selections to coolRunLister
2009-05-26 00:18 - LArCalibL1Calo - INFO: last valid run: 113232
2009-05-26 00:18 - LArCalibL1Calo - INFO: searching for new runs from 113233 to 2147483647
2009-05-26 00:18 - LArCalibL1Calo - DEBUG: new last known run: 115952
2009-05-26 00:18 - LArCalibL1Calo - DEBUG: 
     Run   Events  LumiB            StartTime             StopTime L1Events L2Events EFEvents ErrC Rec Cln RunType                  DetectorMask DAQConfiguration     PartitionName    FilenameTag         
  115066     4099      6  2009-05-13:09:57:03  2009-05-13:09:59:19     4099        0     4099    0  No Yes LarCalibL1Calo             7c000ff000 Schema=142:Data=47   LArgL1Calo-TTC2LAN data09_calocomm     
     Run   Events  LumiB            StartTime             StopTime L1Events L2Events EFEvents ErrC Rec Cln RunType                  DetectorMask DAQConfiguration     PartitionName    FilenameTag         
  115069     2054      4  2009-05-13:10:11:39  2009-05-13:10:17:39     3000        0     2054    0  No Yes LarCalibL1Calo             7c000ff000 Schema=142:Data=47   LArgL1Calo-TTC2LAN data09_calocomm     
     Run   Events  LumiB            StartTime             StopTime L1Events L2Events EFEvents ErrC Rec Cln RunType                  DetectorMask DAQConfiguration     PartitionName    FilenameTag         
  115071     3000      5  2009-05-13:10:29:06  2009-05-13:10:35:52     3000        0     3000    0  No Yes LarCalibL1Calo             7c000ff000 Schema=142:Data=51   LArgL1Calo-TTC2LAN data09_calocomm     
     Run   Events  LumiB            StartTime             StopTime L1Events L2Events EFEvents ErrC Rec Cln RunType                  DetectorMask DAQConfiguration     PartitionName    FilenameTag         
  115077       10      2  2009-05-13:11:30:08  2009-05-13:11:30:28       10       10       10    0  No Yes LarCalibL1Calo             7c000ff000                      LArgL1Calo-TTC2LAN data09_calocomm     
     Run   Events  LumiB            StartTime             StopTime L1Events L2Events EFEvents ErrC Rec Cln RunType                  DetectorMask DAQConfiguration     PartitionName    FilenameTag         
  115078        5      1  2009-05-13:11:35:06  2009-05-13:11:35:24        5        5        5    0  No Yes LarCalibL1Calo             7c000ff000                      LArgL1Calo-TTC2LAN data09_calocomm     
     Run   Events  LumiB            StartTime             StopTime L1Events L2Events EFEvents ErrC Rec Cln RunType                  DetectorMask DAQConfiguration     PartitionName    FilenameTag         
  115079        0      1  2009-05-13:11:39:29  2009-05-13:11:39:48        0        0        0    0  No Yes LarCalibL1Calo             7c000ff000                      LArgL1Calo-TTC2LAN data09_calocomm     
     Run   Events  LumiB            StartTime             StopTime L1Events L2Events EFEvents ErrC Rec Cln RunType                  DetectorMask DAQConfiguration     PartitionName    FilenameTag         
  115081     4500      5  2009-05-13:11:48:58  2009-05-13:12:00:43     4500        0     4500    0  No Yes LarCalibL1Calo             7c000ff000 Schema=142:Data=51   LArgL1Calo-TTC2LAN data09_calocomm     
     Run   Events  LumiB            StartTime             StopTime L1Events L2Events EFEvents ErrC Rec Cln RunType                  DetectorMask DAQConfiguration     PartitionName    FilenameTag         
  115082      900      3  2009-05-13:12:03:11  2009-05-13:12:09:26      900        0      900    0  No Yes LarCalibL1Calo             7c000ff000 Schema=142:Data=51   LArgL1Calo-TTC2LAN data09_calocomm     
     Run   Events  LumiB            StartTime             StopTime L1Events L2Events EFEvents ErrC Rec Cln RunType                  DetectorMask DAQConfiguration     PartitionName    FilenameTag         
  115854     2300      2  2009-05-20:09:28:44  2009-05-20:09:35:24     2300        0     2300    0  No Yes LarCalibL1Calo             7c000ff000 Schema=142:Data=184  LArgL1Calo-TTC2LAN data09_calocomm     
     Run   Events  LumiB            StartTime             StopTime L1Events L2Events EFEvents ErrC Rec Cln RunType                  DetectorMask DAQConfiguration     PartitionName    FilenameTag         
  115872     2700      2  2009-05-20:10:09:34  2009-05-20:10:17:09     2700        0     2700    0  No Yes LarCalibL1Calo             7c000ff000 Schema=142:Data=184  LArgL1Calo-TTC2LAN data09_calocomm     
     Run   Events  LumiB            StartTime             StopTime L1Events L2Events EFEvents ErrC Rec Cln RunType                  DetectorMask DAQConfiguration     PartitionName    FilenameTag         
  115874     2099      2  2009-05-20:10:21:54  2009-05-20:10:28:12     2100        0     2100    0  No Yes LarCalibL1Calo             7c000ff000 Schema=142:Data=184  LArgL1Calo-TTC2LAN data09_calocomm     
     Run   Events  LumiB            StartTime             StopTime L1Events L2Events EFEvents ErrC Rec Cln RunType                  DetectorMask DAQConfiguration     PartitionName    FilenameTag         
  115902     1400      1  2009-05-20:12:36:56  2009-05-20:12:40:49     1400        0     1400    0  No Yes LarCalibL1Calo             7c000ff000 Schema=142:Data=184  LArgL1Calo-TTC2LAN data09_calocomm     
     Run   Events  LumiB            StartTime             StopTime L1Events L2Events EFEvents ErrC Rec Cln RunType                  DetectorMask DAQConfiguration     PartitionName    FilenameTag         
  115922     1400      3  2009-05-20:14:28:17  2009-05-20:14:31:46     1400        0     1400    0  No Yes LarCalibL1Calo             7c000ff000 Schema=142:Data=184  LArgL1Calo-TTC2LAN data09_calocomm     
     Run   Events  LumiB            StartTime             StopTime L1Events L2Events EFEvents ErrC Rec Cln RunType                  DetectorMask DAQConfiguration     PartitionName    FilenameTag         
  115926     4500      7  2009-05-20:14:33:52  2009-05-20:14:53:03     4500        0     4500    0  No Yes LarCalibL1Calo             7c000ff000 Schema=142:Data=184  LArgL1Calo-TTC2LAN data09_calocomm     
     Run   Events  LumiB            StartTime             StopTime L1Events L2Events EFEvents ErrC Rec Cln RunType                  DetectorMask DAQConfiguration     PartitionName    FilenameTag         
  115950     2032      4  2009-05-20:16:28:48  2009-05-20:16:35:44     2103        0     2032    0  No Yes LarCalibL1Calo             7c000ff000 Schema=142:Data=207  LArgL1Calo-TTC2LAN data09_calocomm     
     Run   Events  LumiB            StartTime             StopTime L1Events L2Events EFEvents ErrC Rec Cln RunType                  DetectorMask DAQConfiguration     PartitionName    FilenameTag         
  115951     1913      1  2009-05-20:16:40:52  2009-05-20:16:47:00     1913        0     1913    0  No Yes LarCalibL1Calo             7c000ff000 Schema=142:Data=207  LArgL1Calo-TTC2LAN data09_calocomm     
     Run   Events  LumiB            StartTime             StopTime L1Events L2Events EFEvents ErrC Rec Cln RunType                  DetectorMask DAQConfiguration     PartitionName    FilenameTag         
  115952     1812      3  2009-05-20:16:48:22  2009-05-20:16:54:57     1813        0     1813    0  No Yes LarCalibL1Calo             7c000ff000 Schema=142:Data=207  LArgL1Calo-TTC2LAN data09_calocomm     

2009-05-26 00:33 - LArCalibL1Calo - INFO: ===> listening for new valid runs <===
2009-05-26 00:33 - LArCalibL1Calo - DEBUG: initialising coolRunLister
2009-05-26 00:33 - LArCalibL1Calo - DEBUG: applying selections to coolRunLister
2009-05-26 00:33 - LArCalibL1Calo - INFO: last valid run: 115952
2009-05-26 00:33 - LArCalibL1Calo - INFO: searching for new runs from 115953 to 2147483647
2009-05-26 00:33 - LArCalibL1Calo - DEBUG:  No new valid run. Last known valid run still: 115952
2009-05-26 00:48 - LArCalibL1Calo - INFO: ===> listening for new valid runs <===
2009-05-26 00:48 - LArCalibL1Calo - DEBUG: initialising coolRunLister
2009-05-26 00:48 - LArCalibL1Calo - DEBUG: applying selections to coolRunLister
2009-05-26 00:48 - LArCalibL1Calo - INFO: last valid run: 115952
2009-05-26 00:48 - LArCalibL1Calo - INFO: searching for new runs from 115953 to 2147483647
2009-05-26 00:48 - LArCalibL1Calo - DEBUG:  No new valid run. Last known valid run still: 115952
2009-05-26 01:04 - LArCalibL1Calo - INFO: ===> listening for new valid runs <===
2009-05-26 01:04 - LArCalibL1Calo - DEBUG: initialising coolRunLister
2009-05-26 01:04 - LArCalibL1Calo - DEBUG: applying selections to coolRunLister
2009-05-26 01:04 - LArCalibL1Calo - INFO: last valid run: 115952
2009-05-26 01:04 - LArCalibL1Calo - INFO: searching for new runs from 115953 to 2147483647
2009-05-26 01:04 - LArCalibL1Calo - DEBUG:  No new valid run. Last known valid run still: 115952
2009-05-26 01:19 - LArCalibL1Calo - INFO: ===> listening for new valid runs <===
2009-05-26 01:19 - LArCalibL1Calo - DEBUG: initialising coolRunLister
2009-05-26 01:19 - LArCalibL1Calo - DEBUG: applying selections to coolRunLister
2009-05-26 01:19 - LArCalibL1Calo - INFO: last valid run: 115952
2009-05-26 01:19 - LArCalibL1Calo - INFO: searching for new runs from 115953 to 2147483647
2009-05-26 01:19 - LArCalibL1Calo - DEBUG:  No new valid run. Last known valid run still: 115952
2009-05-26 01:34 - LArCalibL1Calo - INFO: ===> listening for new valid runs <===
2009-05-26 01:34 - LArCalibL1Calo - DEBUG: initialising coolRunLister
2009-05-26 01:34 - LArCalibL1Calo - DEBUG: applying selections to coolRunLister
2009-05-26 01:34 - LArCalibL1Calo - INFO: last valid run: 115952
2009-05-26 01:34 - LArCalibL1Calo - INFO: searching for new runs from 115953 to 2147483647
2009-05-26 01:34 - LArCalibL1Calo - DEBUG:  No new valid run. Last known valid run still: 115952
2009-05-26 01:49 - LArCalibL1Calo - INFO: ===> listening for new valid runs <===
2009-05-26 01:49 - LArCalibL1Calo - DEBUG: initialising coolRunLister
2009-05-26 01:49 - LArCalibL1Calo - DEBUG: applying selections to coolRunLister
2009-05-26 01:49 - LArCalibL1Calo - INFO: last valid run: 115952
2009-05-26 01:49 - LArCalibL1Calo - INFO: searching for new runs from 115953 to 2147483647
2009-05-26 01:49 - LArCalibL1Calo - DEBUG:  No new valid run. Last known valid run still: 115952
2009-05-26 02:04 - LArCalibL1Calo - INFO: ===> listening for new valid runs <===
2009-05-26 02:04 - LArCalibL1Calo - DEBUG: initialising coolRunLister
2009-05-26 02:04 - LArCalibL1Calo - DEBUG: applying selections to coolRunLister
2009-05-26 02:04 - LArCalibL1Calo - INFO: last valid run: 115952
2009-05-26 02:04 - LArCalibL1Calo - INFO: searching for new runs from 115953 to 2147483647
2009-05-26 02:04 - LArCalibL1Calo - DEBUG:  No new valid run. Last known valid run still: 115952
2009-05-26 02:19 - LArCalibL1Calo - INFO: ===> listening for new valid runs <===
2009-05-26 02:19 - LArCalibL1Calo - DEBUG: initialising coolRunLister
2009-05-26 02:19 - LArCalibL1Calo - DEBUG: applying selections to coolRunLister
2009-05-26 02:19 - LArCalibL1Calo - INFO: last valid run: 115952
2009-05-26 02:19 - LArCalibL1Calo - INFO: searching for new runs from 115953 to 2147483647
2009-05-26 02:19 - LArCalibL1Calo - DEBUG:  No new valid run. Last known valid run still: 115952
2009-05-26 02:35 - LArCalibL1Calo - INFO: ===> listening for new valid runs <===
2009-05-26 02:35 - LArCalibL1Calo - DEBUG: initialising coolRunLister
2009-05-26 02:35 - LArCalibL1Calo - DEBUG: applying selections to coolRunLister
2009-05-26 02:35 - LArCalibL1Calo - INFO: last valid run: 115952
2009-05-26 02:35 - LArCalibL1Calo - INFO: searching for new runs from 115953 to 2147483647
2009-05-26 02:35 - LArCalibL1Calo - DEBUG:  No new valid run. Last known valid run still: 115952
2009-05-26 02:50 - LArCalibL1Calo - INFO: ===> listening for new valid runs <===
2009-05-26 02:50 - LArCalibL1Calo - DEBUG: initialising coolRunLister
2009-05-26 02:50 - LArCalibL1Calo - DEBUG: applying selections to coolRunLister
2009-05-26 02:50 - LArCalibL1Calo - INFO: last valid run: 115952
2009-05-26 02:50 - LArCalibL1Calo - INFO: searching for new runs from 115953 to 2147483647
2009-05-26 02:50 - LArCalibL1Calo - DEBUG:  No new valid run. Last known valid run still: 115952
2009-05-26 03:05 - LArCalibL1Calo - INFO: ===> listening for new valid runs <===
2009-05-26 03:05 - LArCalibL1Calo - DEBUG: initialising coolRunLister
2009-05-26 03:05 - LArCalibL1Calo - DEBUG: applying selections to coolRunLister
2009-05-26 03:05 - LArCalibL1Calo - INFO: last valid run: 115952
2009-05-26 03:05 - LArCalibL1Calo - INFO: searching for new runs from 115953 to 2147483647
2009-05-26 03:05 - LArCalibL1Calo - DEBUG:  No new valid run. Last known valid run still: 115952
2009-05-26 03:20 - LArCalibL1Calo - INFO: ===> listening for new valid runs <===
2009-05-26 03:20 - LArCalibL1Calo - DEBUG: initialising coolRunLister
2009-05-26 03:20 - LArCalibL1Calo - DEBUG: applying selections to coolRunLister
2009-05-26 03:20 - LArCalibL1Calo - INFO: last valid run: 115952
2009-05-26 03:20 - LArCalibL1Calo - INFO: searching for new runs from 115953 to 2147483647
2009-05-26 03:20 - LArCalibL1Calo - DEBUG:  No new valid run. Last known valid run still: 115952
2009-05-26 03:35 - LArCalibL1Calo - INFO: ===> listening for new valid runs <===
2009-05-26 03:35 - LArCalibL1Calo - DEBUG: initialising coolRunLister
2009-05-26 03:35 - LArCalibL1Calo - DEBUG: applying selections to coolRunLister
2009-05-26 03:35 - LArCalibL1Calo - INFO: last valid run: 115952
2009-05-26 03:35 - LArCalibL1Calo - INFO: searching for new runs from 115953 to 2147483647
2009-05-26 03:35 - LArCalibL1Calo - DEBUG:  No new valid run. Last known valid run still: 115952
2009-05-26 03:50 - LArCalibL1Calo - INFO: ===> listening for new valid runs <===
2009-05-26 03:50 - LArCalibL1Calo - DEBUG: initialising coolRunLister
2009-05-26 03:50 - LArCalibL1Calo - DEBUG: applying selections to coolRunLister
2009-05-26 03:50 - LArCalibL1Calo - INFO: last valid run: 115952
2009-05-26 03:50 - LArCalibL1Calo - INFO: searching for new runs from 115953 to 2147483647
2009-05-26 03:50 - LArCalibL1Calo - DEBUG:  No new valid run. Last known valid run still: 115952
2009-05-26 04:06 - LArCalibL1Calo - INFO: ===> listening for new valid runs <===
2009-05-26 04:06 - LArCalibL1Calo - DEBUG: initialising coolRunLister
2009-05-26 04:06 - LArCalibL1Calo - DEBUG: applying selections to coolRunLister
2009-05-26 04:06 - LArCalibL1Calo - INFO: last valid run: 115952
2009-05-26 04:06 - LArCalibL1Calo - INFO: searching for new runs from 115953 to 2147483647
2009-05-26 04:06 - LArCalibL1Calo - DEBUG:  No new valid run. Last known valid run still: 115952
2009-05-26 04:21 - LArCalibL1Calo - INFO: ===> listening for new valid runs <===
2009-05-26 04:21 - LArCalibL1Calo - DEBUG: initialising coolRunLister
2009-05-26 04:21 - LArCalibL1Calo - DEBUG: applying selections to coolRunLister
2009-05-26 04:21 - LArCalibL1Calo - INFO: last valid run: 115952
2009-05-26 04:21 - LArCalibL1Calo - INFO: searching for new runs from 115953 to 2147483647
2009-05-26 04:21 - LArCalibL1Calo - DEBUG:  No new valid run. Last known valid run still: 115952
2009-05-26 04:36 - LArCalibL1Calo - INFO: ===> listening for new valid runs <===
2009-05-26 04:36 - LArCalibL1Calo - DEBUG: initialising coolRunLister
2009-05-26 04:36 - LArCalibL1Calo - DEBUG: applying selections to coolRunLister
2009-05-26 04:36 - LArCalibL1Calo - INFO: last valid run: 115952
2009-05-26 04:36 - LArCalibL1Calo - INFO: searching for new runs from 115953 to 2147483647
2009-05-26 04:36 - LArCalibL1Calo - DEBUG:  No new valid run. Last known valid run still: 115952
2009-05-26 04:51 - LArCalibL1Calo - INFO: ===> listening for new valid runs <===
2009-05-26 04:51 - LArCalibL1Calo - DEBUG: initialising coolRunLister
2009-05-26 04:51 - LArCalibL1Calo - DEBUG: applying selections to coolRunLister
2009-05-26 04:51 - LArCalibL1Calo - INFO: last valid run: 115952
2009-05-26 04:51 - LArCalibL1Calo - INFO: searching for new runs from 115953 to 2147483647
2009-05-26 04:51 - LArCalibL1Calo - DEBUG:  No new valid run. Last known valid run still: 115952
2009-05-26 05:06 - LArCalibL1Calo - INFO: ===> listening for new valid runs <===
2009-05-26 05:06 - LArCalibL1Calo - DEBUG: initialising coolRunLister
2009-05-26 05:06 - LArCalibL1Calo - DEBUG: applying selections to coolRunLister
2009-05-26 05:06 - LArCalibL1Calo - INFO: last valid run: 115952
2009-05-26 05:06 - LArCalibL1Calo - INFO: searching for new runs from 115953 to 2147483647
2009-05-26 05:06 - LArCalibL1Calo - DEBUG:  No new valid run. Last known valid run still: 115952
2009-05-26 05:21 - LArCalibL1Calo - INFO: ===> listening for new valid runs <===
2009-05-26 05:21 - LArCalibL1Calo - DEBUG: initialising coolRunLister
2009-05-26 05:21 - LArCalibL1Calo - DEBUG: applying selections to coolRunLister
2009-05-26 05:21 - LArCalibL1Calo - INFO: last valid run: 115952
2009-05-26 05:21 - LArCalibL1Calo - INFO: searching for new runs from 115953 to 2147483647
2009-05-26 05:21 - LArCalibL1Calo - DEBUG:  No new valid run. Last known valid run still: 115952
2009-05-26 05:36 - LArCalibL1Calo - INFO: ===> listening for new valid runs <===
2009-05-26 05:36 - LArCalibL1Calo - DEBUG: initialising coolRunLister
2009-05-26 05:37 - LArCalibL1Calo - DEBUG: applying selections to coolRunLister
2009-05-26 05:37 - LArCalibL1Calo - INFO: last valid run: 115952
2009-05-26 05:37 - LArCalibL1Calo - INFO: searching for new runs from 115953 to 2147483647
2009-05-26 05:37 - LArCalibL1Calo - DEBUG:  No new valid run. Last known valid run still: 115952
2009-05-26 05:52 - LArCalibL1Calo - INFO: ===> listening for new valid runs <===
2009-05-26 05:52 - LArCalibL1Calo - DEBUG: initialising coolRunLister
2009-05-26 05:52 - LArCalibL1Calo - DEBUG: applying selections to coolRunLister
2009-05-26 05:52 - LArCalibL1Calo - INFO: last valid run: 115952
2009-05-26 05:52 - LArCalibL1Calo - INFO: searching for new runs from 115953 to 2147483647
2009-05-26 05:52 - LArCalibL1Calo - DEBUG:  No new valid run. Last known valid run still: 115952
2009-05-26 06:07 - LArCalibL1Calo - INFO: ===> listening for new valid runs <===
2009-05-26 06:07 - LArCalibL1Calo - DEBUG: initialising coolRunLister
2009-05-26 06:07 - LArCalibL1Calo - DEBUG: applying selections to coolRunLister
2009-05-26 06:07 - LArCalibL1Calo - INFO: last valid run: 115952
2009-05-26 06:07 - LArCalibL1Calo - INFO: searching for new runs from 115953 to 2147483647
2009-05-26 06:07 - LArCalibL1Calo - DEBUG:  No new valid run. Last known valid run still: 115952
2009-05-26 06:22 - LArCalibL1Calo - INFO: ===> listening for new valid runs <===
2009-05-26 06:22 - LArCalibL1Calo - DEBUG: initialising coolRunLister
2009-05-26 06:22 - LArCalibL1Calo - DEBUG: applying selections to coolRunLister
2009-05-26 06:22 - LArCalibL1Calo - INFO: last valid run: 115952
2009-05-26 06:22 - LArCalibL1Calo - INFO: searching for new runs from 115953 to 2147483647
2009-05-26 06:22 - LArCalibL1Calo - DEBUG:  No new valid run. Last known valid run still: 115952
2009-05-26 06:37 - LArCalibL1Calo - INFO: ===> listening for new valid runs <===
2009-05-26 06:37 - LArCalibL1Calo - DEBUG: initialising coolRunLister
2009-05-26 06:37 - LArCalibL1Calo - DEBUG: applying selections to coolRunLister
2009-05-26 06:37 - LArCalibL1Calo - INFO: last valid run: 115952
2009-05-26 06:37 - LArCalibL1Calo - INFO: searching for new runs from 115953 to 2147483647
2009-05-26 06:37 - LArCalibL1Calo - DEBUG:  No new valid run. Last known valid run still: 115952
2009-05-26 06:52 - LArCalibL1Calo - INFO: ===> listening for new valid runs <===
2009-05-26 06:52 - LArCalibL1Calo - DEBUG: initialising coolRunLister
2009-05-26 06:52 - LArCalibL1Calo - DEBUG: applying selections to coolRunLister
2009-05-26 06:52 - LArCalibL1Calo - INFO: last valid run: 115952
2009-05-26 06:52 - LArCalibL1Calo - INFO: searching for new runs from 115953 to 2147483647
2009-05-26 06:52 - LArCalibL1Calo - DEBUG:  No new valid run. Last known valid run still: 115952
2009-05-26 07:07 - LArCalibL1Calo - INFO: ===> listening for new valid runs <===
2009-05-26 07:07 - LArCalibL1Calo - DEBUG: initialising coolRunLister
2009-05-26 07:07 - LArCalibL1Calo - DEBUG: applying selections to coolRunLister
2009-05-26 07:07 - LArCalibL1Calo - INFO: last valid run: 115952
2009-05-26 07:07 - LArCalibL1Calo - INFO: searching for new runs from 115953 to 2147483647
2009-05-26 07:08 - LArCalibL1Calo - DEBUG:  No new valid run. Last known valid run still: 115952
2009-05-26 07:23 - LArCalibL1Calo - INFO: ===> listening for new valid runs <===
2009-05-26 07:23 - LArCalibL1Calo - DEBUG: initialising coolRunLister
2009-05-26 07:23 - LArCalibL1Calo - DEBUG: applying selections to coolRunLister
2009-05-26 07:23 - LArCalibL1Calo - INFO: last valid run: 115952
2009-05-26 07:23 - LArCalibL1Calo - INFO: searching for new runs from 115953 to 2147483647
2009-05-26 07:23 - LArCalibL1Calo - DEBUG:  No new valid run. Last known valid run still: 115952
2009-05-26 07:38 - LArCalibL1Calo - INFO: ===> listening for new valid runs <===
2009-05-26 07:38 - LArCalibL1Calo - DEBUG: initialising coolRunLister
2009-05-26 07:38 - LArCalibL1Calo - DEBUG: applying selections to coolRunLister
2009-05-26 07:38 - LArCalibL1Calo - INFO: last valid run: 115952
2009-05-26 07:38 - LArCalibL1Calo - INFO: searching for new runs from 115953 to 2147483647
2009-05-26 07:38 - LArCalibL1Calo - DEBUG:  No new valid run. Last known valid run still: 115952
2009-05-26 07:53 - LArCalibL1Calo - INFO: ===> listening for new valid runs <===
2009-05-26 07:53 - LArCalibL1Calo - DEBUG: initialising coolRunLister
2009-05-26 07:53 - LArCalibL1Calo - DEBUG: applying selections to coolRunLister
2009-05-26 07:53 - LArCalibL1Calo - INFO: last valid run: 115952
2009-05-26 07:53 - LArCalibL1Calo - INFO: searching for new runs from 115953 to 2147483647
2009-05-26 07:53 - LArCalibL1Calo - DEBUG:  No new valid run. Last known valid run still: 115952
2009-05-26 08:08 - LArCalibL1Calo - INFO: ===> listening for new valid runs <===
2009-05-26 08:08 - LArCalibL1Calo - DEBUG: initialising coolRunLister
2009-05-26 08:08 - LArCalibL1Calo - DEBUG: applying selections to coolRunLister
2009-05-26 08:08 - LArCalibL1Calo - INFO: last valid run: 115952
2009-05-26 08:08 - LArCalibL1Calo - INFO: searching for new runs from 115953 to 2147483647
2009-05-26 08:08 - LArCalibL1Calo - DEBUG:  No new valid run. Last known valid run still: 115952
2009-05-26 08:23 - LArCalibL1Calo - INFO: ===> listening for new valid runs <===
2009-05-26 08:23 - LArCalibL1Calo - DEBUG: initialising coolRunLister
2009-05-26 08:23 - LArCalibL1Calo - DEBUG: applying selections to coolRunLister
2009-05-26 08:23 - LArCalibL1Calo - INFO: last valid run: 115952
2009-05-26 08:23 - LArCalibL1Calo - INFO: searching for new runs from 115953 to 2147483647
2009-05-26 08:23 - LArCalibL1Calo - DEBUG:  No new valid run. Last known valid run still: 115952
2009-05-26 08:38 - LArCalibL1Calo - INFO: ===> listening for new valid runs <===
2009-05-26 08:38 - LArCalibL1Calo - DEBUG: initialising coolRunLister
2009-05-26 08:38 - LArCalibL1Calo - DEBUG: applying selections to coolRunLister
2009-05-26 08:38 - LArCalibL1Calo - INFO: last valid run: 115952
2009-05-26 08:38 - LArCalibL1Calo - INFO: searching for new runs from 115953 to 2147483647
2009-05-26 08:38 - LArCalibL1Calo - DEBUG:  No new valid run. Last known valid run still: 115952
2009-05-26 08:54 - LArCalibL1Calo - INFO: ===> listening for new valid runs <===
2009-05-26 08:54 - LArCalibL1Calo - DEBUG: initialising coolRunLister
2009-05-26 08:54 - LArCalibL1Calo - DEBUG: applying selections to coolRunLister
2009-05-26 08:54 - LArCalibL1Calo - INFO: last valid run: 115952
2009-05-26 08:54 - LArCalibL1Calo - INFO: searching for new runs from 115953 to 2147483647
2009-05-26 08:54 - LArCalibL1Calo - DEBUG:  No new valid run. Last known valid run still: 115952
2009-05-26 09:09 - LArCalibL1Calo - INFO: ===> listening for new valid runs <===
2009-05-26 09:09 - LArCalibL1Calo - DEBUG: initialising coolRunLister
2009-05-26 09:09 - LArCalibL1Calo - DEBUG: applying selections to coolRunLister
2009-05-26 09:09 - LArCalibL1Calo - INFO: last valid run: 115952
2009-05-26 09:09 - LArCalibL1Calo - INFO: searching for new runs from 115953 to 2147483647
2009-05-26 09:09 - LArCalibL1Calo - DEBUG:  No new valid run. Last known valid run still: 115952
2009-05-26 09:24 - LArCalibL1Calo - INFO: ===> listening for new valid runs <===
2009-05-26 09:24 - LArCalibL1Calo - DEBUG: initialising coolRunLister
2009-05-26 09:24 - LArCalibL1Calo - DEBUG: applying selections to coolRunLister
2009-05-26 09:24 - LArCalibL1Calo - INFO: last valid run: 115952
2009-05-26 09:24 - LArCalibL1Calo - INFO: searching for new runs from 115953 to 2147483647
2009-05-26 09:24 - LArCalibL1Calo - DEBUG:  No new valid run. Last known valid run still: 115952
2009-05-26 09:39 - LArCalibL1Calo - INFO: ===> listening for new valid runs <===
2009-05-26 09:39 - LArCalibL1Calo - DEBUG: initialising coolRunLister
2009-05-26 09:39 - LArCalibL1Calo - DEBUG: applying selections to coolRunLister
2009-05-26 09:39 - LArCalibL1Calo - INFO: last valid run: 115952
2009-05-26 09:39 - LArCalibL1Calo - INFO: searching for new runs from 115953 to 2147483647
2009-05-26 09:39 - LArCalibL1Calo - DEBUG:  No new valid run. Last known valid run still: 115952
2009-05-26 09:54 - LArCalibL1Calo - INFO: ===> listening for new valid runs <===
2009-05-26 09:54 - LArCalibL1Calo - DEBUG: initialising coolRunLister
2009-05-26 09:54 - LArCalibL1Calo - DEBUG: applying selections to coolRunLister
2009-05-26 09:54 - LArCalibL1Calo - INFO: last valid run: 115952
2009-05-26 09:54 - LArCalibL1Calo - INFO: searching for new runs from 115953 to 2147483647
2009-05-26 09:54 - LArCalibL1Calo - DEBUG:  No new valid run. Last known valid run still: 115952
2009-05-26 10:09 - LArCalibL1Calo - INFO: ===> listening for new valid runs <===
2009-05-26 10:09 - LArCalibL1Calo - DEBUG: initialising coolRunLister
2009-05-26 10:09 - LArCalibL1Calo - DEBUG: applying selections to coolRunLister
2009-05-26 10:09 - LArCalibL1Calo - INFO: last valid run: 115952
2009-05-26 10:09 - LArCalibL1Calo - INFO: searching for new runs from 115953 to 2147483647
2009-05-26 10:09 - LArCalibL1Calo - DEBUG:  No new valid run. Last known valid run still: 115952
2009-05-26 10:25 - LArCalibL1Calo - INFO: ===> listening for new valid runs <===
2009-05-26 10:25 - LArCalibL1Calo - DEBUG: initialising coolRunLister
2009-05-26 10:25 - LArCalibL1Calo - DEBUG: applying selections to coolRunLister
2009-05-26 10:25 - LArCalibL1Calo - INFO: last valid run: 115952
2009-05-26 10:25 - LArCalibL1Calo - INFO: searching for new runs from 115953 to 2147483647
2009-05-26 10:25 - LArCalibL1Calo - DEBUG:  No new valid run. Last known valid run still: 115952
2009-05-26 10:40 - LArCalibL1Calo - INFO: ===> listening for new valid runs <===
2009-05-26 10:40 - LArCalibL1Calo - DEBUG: initialising coolRunLister
2009-05-26 10:40 - LArCalibL1Calo - DEBUG: applying selections to coolRunLister
2009-05-26 10:40 - LArCalibL1Calo - INFO: last valid run: 115952
2009-05-26 10:40 - LArCalibL1Calo - INFO: searching for new runs from 115953 to 2147483647
2009-05-26 10:40 - LArCalibL1Calo - DEBUG:  No new valid run. Last known valid run still: 115952
2009-05-26 10:55 - LArCalibL1Calo - INFO: ===> listening for new valid runs <===
2009-05-26 10:55 - LArCalibL1Calo - DEBUG: initialising coolRunLister
2009-05-26 10:55 - LArCalibL1Calo - DEBUG: applying selections to coolRunLister
2009-05-26 10:55 - LArCalibL1Calo - INFO: last valid run: 115952
2009-05-26 10:55 - LArCalibL1Calo - INFO: searching for new runs from 115953 to 2147483647
2009-05-26 10:55 - LArCalibL1Calo - DEBUG:  No new valid run. Last known valid run still: 115952
2009-05-26 11:10 - LArCalibL1Calo - INFO: ===> listening for new valid runs <===
2009-05-26 11:10 - LArCalibL1Calo - DEBUG: initialising coolRunLister
2009-05-26 11:10 - LArCalibL1Calo - DEBUG: applying selections to coolRunLister
2009-05-26 11:10 - LArCalibL1Calo - INFO: last valid run: 115952
2009-05-26 11:10 - LArCalibL1Calo - INFO: searching for new runs from 115953 to 2147483647
2009-05-26 11:10 - LArCalibL1Calo - DEBUG:  No new valid run. Last known valid run still: 115952
2009-05-26 11:25 - LArCalibL1Calo - INFO: ===> listening for new valid runs <===
2009-05-26 11:25 - LArCalibL1Calo - DEBUG: initialising coolRunLister
2009-05-26 11:25 - LArCalibL1Calo - DEBUG: applying selections to coolRunLister
2009-05-26 11:25 - LArCalibL1Calo - INFO: last valid run: 115952
2009-05-26 11:25 - LArCalibL1Calo - INFO: searching for new runs from 115953 to 2147483647
2009-05-26 11:25 - LArCalibL1Calo - DEBUG:  No new valid run. Last known valid run still: 115952
2009-05-26 11:40 - LArCalibL1Calo - INFO: ===> listening for new valid runs <===
2009-05-26 11:40 - LArCalibL1Calo - DEBUG: initialising coolRunLister
2009-05-26 11:40 - LArCalibL1Calo - DEBUG: applying selections to coolRunLister
2009-05-26 11:40 - LArCalibL1Calo - INFO: last valid run: 115952
2009-05-26 11:40 - LArCalibL1Calo - INFO: searching for new runs from 115953 to 2147483647
2009-05-26 11:40 - LArCalibL1Calo - DEBUG:  No new valid run. Last known valid run still: 115952
2009-05-26 11:55 - LArCalibL1Calo - INFO: ===> listening for new valid runs <===
2009-05-26 11:55 - LArCalibL1Calo - DEBUG: initialising coolRunLister
2009-05-26 11:55 - LArCalibL1Calo - DEBUG: applying selections to coolRunLister
2009-05-26 11:55 - LArCalibL1Calo - INFO: last valid run: 115952
2009-05-26 11:55 - LArCalibL1Calo - INFO: searching for new runs from 115953 to 2147483647
2009-05-26 11:56 - LArCalibL1Calo - DEBUG:  No new valid run. Last known valid run still: 115952
2009-05-26 12:11 - LArCalibL1Calo - INFO: ===> listening for new valid runs <===
2009-05-26 12:11 - LArCalibL1Calo - DEBUG: initialising coolRunLister
2009-05-26 12:11 - LArCalibL1Calo - DEBUG: applying selections to coolRunLister
2009-05-26 12:11 - LArCalibL1Calo - INFO: last valid run: 115952
2009-05-26 12:11 - LArCalibL1Calo - INFO: searching for new runs from 115953 to 2147483647
2009-05-26 12:11 - LArCalibL1Calo - DEBUG:  No new valid run. Last known valid run still: 115952
2009-05-26 12:26 - LArCalibL1Calo - INFO: ===> listening for new valid runs <===
2009-05-26 12:26 - LArCalibL1Calo - DEBUG: initialising coolRunLister
2009-05-26 12:26 - LArCalibL1Calo - DEBUG: applying selections to coolRunLister
2009-05-26 12:26 - LArCalibL1Calo - INFO: last valid run: 115952
2009-05-26 12:26 - LArCalibL1Calo - INFO: searching for new runs from 115953 to 2147483647
2009-05-26 12:26 - LArCalibL1Calo - DEBUG:  No new valid run. Last known valid run still: 115952
2009-05-26 12:41 - LArCalibL1Calo - INFO: ===> listening for new valid runs <===
2009-05-26 12:41 - LArCalibL1Calo - DEBUG: initialising coolRunLister
2009-05-26 12:41 - LArCalibL1Calo - DEBUG: applying selections to coolRunLister
2009-05-26 12:41 - LArCalibL1Calo - INFO: last valid run: 115952
2009-05-26 12:41 - LArCalibL1Calo - INFO: searching for new runs from 115953 to 2147483647
2009-05-26 12:41 - LArCalibL1Calo - DEBUG:  No new valid run. Last known valid run still: 115952
2009-05-26 12:56 - LArCalibL1Calo - INFO: ===> listening for new valid runs <===
2009-05-26 12:56 - LArCalibL1Calo - DEBUG: initialising coolRunLister
2009-05-26 12:56 - LArCalibL1Calo - DEBUG: applying selections to coolRunLister
2009-05-26 12:56 - LArCalibL1Calo - INFO: last valid run: 115952
2009-05-26 12:56 - LArCalibL1Calo - INFO: searching for new runs from 115953 to 2147483647
2009-05-26 12:56 - LArCalibL1Calo - DEBUG:  No new valid run. Last known valid run still: 115952
2009-05-26 13:11 - LArCalibL1Calo - INFO: ===> listening for new valid runs <===
2009-05-26 13:11 - LArCalibL1Calo - DEBUG: initialising coolRunLister
2009-05-26 13:11 - LArCalibL1Calo - DEBUG: applying selections to coolRunLister
2009-05-26 13:11 - LArCalibL1Calo - INFO: last valid run: 115952
2009-05-26 13:11 - LArCalibL1Calo - INFO: searching for new runs from 115953 to 2147483647
2009-05-26 13:11 - LArCalibL1Calo - DEBUG:  No new valid run. Last known valid run still: 115952
2009-05-26 13:26 - LArCalibL1Calo - INFO: ===> listening for new valid runs <===
2009-05-26 13:26 - LArCalibL1Calo - DEBUG: initialising coolRunLister
2009-05-26 13:26 - LArCalibL1Calo - DEBUG: applying selections to coolRunLister
2009-05-26 13:26 - LArCalibL1Calo - INFO: last valid run: 115952
2009-05-26 13:26 - LArCalibL1Calo - INFO: searching for new runs from 115953 to 2147483647
2009-05-26 13:26 - LArCalibL1Calo - DEBUG:  No new valid run. Last known valid run still: 115952
2009-05-26 13:42 - LArCalibL1Calo - INFO: ===> listening for new valid runs <===
2009-05-26 13:42 - LArCalibL1Calo - DEBUG: initialising coolRunLister
2009-05-26 13:42 - LArCalibL1Calo - DEBUG: applying selections to coolRunLister
2009-05-26 13:42 - LArCalibL1Calo - INFO: last valid run: 115952
2009-05-26 13:42 - LArCalibL1Calo - INFO: searching for new runs from 115953 to 2147483647
2009-05-26 13:42 - LArCalibL1Calo - DEBUG:  No new valid run. Last known valid run still: 115952
2009-05-26 13:57 - LArCalibL1Calo - INFO: ===> listening for new valid runs <===
2009-05-26 13:57 - LArCalibL1Calo - DEBUG: initialising coolRunLister
2009-05-26 13:57 - LArCalibL1Calo - DEBUG: applying selections to coolRunLister
2009-05-26 13:57 - LArCalibL1Calo - INFO: last valid run: 115952
2009-05-26 13:57 - LArCalibL1Calo - INFO: searching for new runs from 115953 to 2147483647
2009-05-26 13:57 - LArCalibL1Calo - DEBUG:  No new valid run. Last known valid run still: 115952
2009-05-26 14:12 - LArCalibL1Calo - INFO: ===> listening for new valid runs <===
2009-05-26 14:12 - LArCalibL1Calo - DEBUG: initialising coolRunLister
2009-05-26 14:12 - LArCalibL1Calo - DEBUG: applying selections to coolRunLister
2009-05-26 14:12 - LArCalibL1Calo - INFO: last valid run: 115952
2009-05-26 14:12 - LArCalibL1Calo - INFO: searching for new runs from 115953 to 2147483647
2009-05-26 14:12 - LArCalibL1Calo - DEBUG:  No new valid run. Last known valid run still: 115952
2009-05-26 14:27 - LArCalibL1Calo - INFO: ===> listening for new valid runs <===
2009-05-26 14:27 - LArCalibL1Calo - DEBUG: initialising coolRunLister
2009-05-26 14:27 - LArCalibL1Calo - DEBUG: applying selections to coolRunLister
2009-05-26 14:27 - LArCalibL1Calo - INFO: last valid run: 115952
2009-05-26 14:27 - LArCalibL1Calo - INFO: searching for new runs from 115953 to 2147483647
2009-05-26 14:27 - LArCalibL1Calo - DEBUG:  No new valid run. Last known valid run still: 115952
2009-05-26 14:42 - LArCalibL1Calo - INFO: ===> listening for new valid runs <===
2009-05-26 14:42 - LArCalibL1Calo - DEBUG: initialising coolRunLister
2009-05-26 14:42 - LArCalibL1Calo - DEBUG: applying selections to coolRunLister
2009-05-26 14:42 - LArCalibL1Calo - INFO: last valid run: 115952
2009-05-26 14:42 - LArCalibL1Calo - INFO: searching for new runs from 115953 to 2147483647
2009-05-26 14:42 - LArCalibL1Calo - DEBUG:  No new valid run. Last known valid run still: 115952
2009-05-26 14:57 - LArCalibL1Calo - INFO: ===> listening for new valid runs <===
2009-05-26 14:57 - LArCalibL1Calo - DEBUG: initialising coolRunLister
2009-05-26 14:57 - LArCalibL1Calo - DEBUG: applying selections to coolRunLister
2009-05-26 14:57 - LArCalibL1Calo - INFO: last valid run: 115952
2009-05-26 14:57 - LArCalibL1Calo - INFO: searching for new runs from 115953 to 2147483647
2009-05-26 14:57 - LArCalibL1Calo - DEBUG:  No new valid run. Last known valid run still: 115952
2009-05-26 15:13 - LArCalibL1Calo - INFO: ===> listening for new valid runs <===
2009-05-26 15:13 - LArCalibL1Calo - DEBUG: initialising coolRunLister
2009-05-26 15:13 - LArCalibL1Calo - DEBUG: applying selections to coolRunLister
2009-05-26 15:13 - LArCalibL1Calo - INFO: last valid run: 115952
2009-05-26 15:13 - LArCalibL1Calo - INFO: searching for new runs from 115953 to 2147483647
2009-05-26 15:13 - LArCalibL1Calo - DEBUG:  No new valid run. Last known valid run still: 115952
2009-05-26 15:28 - LArCalibL1Calo - INFO: ===> listening for new valid runs <===
2009-05-26 15:28 - LArCalibL1Calo - DEBUG: initialising coolRunLister
2009-05-26 15:28 - LArCalibL1Calo - DEBUG: applying selections to coolRunLister
2009-05-26 15:28 - LArCalibL1Calo - INFO: last valid run: 115952
2009-05-26 15:28 - LArCalibL1Calo - INFO: searching for new runs from 115953 to 2147483647
2009-05-26 15:28 - LArCalibL1Calo - DEBUG:  No new valid run. Last known valid run still: 115952
2009-05-26 15:43 - LArCalibL1Calo - INFO: ===> listening for new valid runs <===
2009-05-26 15:43 - LArCalibL1Calo - DEBUG: initialising coolRunLister
2009-05-26 15:43 - LArCalibL1Calo - DEBUG: applying selections to coolRunLister
2009-05-26 15:43 - LArCalibL1Calo - INFO: last valid run: 115952
2009-05-26 15:43 - LArCalibL1Calo - INFO: searching for new runs from 115953 to 2147483647
2009-05-26 15:43 - LArCalibL1Calo - DEBUG:  No new valid run. Last known valid run still: 115952
2009-05-26 15:58 - LArCalibL1Calo - INFO: ===> listening for new valid runs <===
2009-05-26 15:58 - LArCalibL1Calo - DEBUG: initialising coolRunLister
2009-05-26 15:58 - LArCalibL1Calo - DEBUG: applying selections to coolRunLister
2009-05-26 15:58 - LArCalibL1Calo - INFO: last valid run: 115952
2009-05-26 15:58 - LArCalibL1Calo - INFO: searching for new runs from 115953 to 2147483647
2009-05-26 15:58 - LArCalibL1Calo - DEBUG:  No new valid run. Last known valid run still: 115952
2009-05-26 16:13 - LArCalibL1Calo - INFO: ===> listening for new valid runs <===
2009-05-26 16:13 - LArCalibL1Calo - DEBUG: initialising coolRunLister
2009-05-26 16:13 - LArCalibL1Calo - DEBUG: applying selections to coolRunLister
2009-05-26 16:13 - LArCalibL1Calo - INFO: last valid run: 115952
2009-05-26 16:13 - LArCalibL1Calo - INFO: searching for new runs from 115953 to 2147483647
2009-05-26 16:13 - LArCalibL1Calo - DEBUG:  No new valid run. Last known valid run still: 115952
2009-05-26 16:28 - LArCalibL1Calo - INFO: ===> listening for new valid runs <===
2009-05-26 16:28 - LArCalibL1Calo - DEBUG: initialising coolRunLister
2009-05-26 16:28 - LArCalibL1Calo - DEBUG: applying selections to coolRunLister
2009-05-26 16:28 - LArCalibL1Calo - INFO: last valid run: 115952
2009-05-26 16:28 - LArCalibL1Calo - INFO: searching for new runs from 115953 to 2147483647
2009-05-26 16:28 - LArCalibL1Calo - DEBUG:  No new valid run. Last known valid run still: 115952
2009-05-26 16:44 - LArCalibL1Calo - INFO: ===> listening for new valid runs <===
2009-05-26 16:44 - LArCalibL1Calo - DEBUG: initialising coolRunLister
2009-05-26 16:44 - LArCalibL1Calo - DEBUG: applying selections to coolRunLister
2009-05-26 16:44 - LArCalibL1Calo - INFO: last valid run: 115952
2009-05-26 16:44 - LArCalibL1Calo - INFO: searching for new runs from 115953 to 2147483647
2009-05-26 16:44 - LArCalibL1Calo - DEBUG:  No new valid run. Last known valid run still: 115952
2009-05-26 16:59 - LArCalibL1Calo - INFO: ===> listening for new valid runs <===
2009-05-26 16:59 - LArCalibL1Calo - DEBUG: initialising coolRunLister
2009-05-26 16:59 - LArCalibL1Calo - DEBUG: applying selections to coolRunLister
2009-05-26 16:59 - LArCalibL1Calo - INFO: last valid run: 115952
2009-05-26 16:59 - LArCalibL1Calo - INFO: searching for new runs from 115953 to 2147483647
2009-05-26 16:59 - LArCalibL1Calo - DEBUG:  No new valid run. Last known valid run still: 115952
2009-05-26 17:14 - LArCalibL1Calo - INFO: ===> listening for new valid runs <===
2009-05-26 17:14 - LArCalibL1Calo - DEBUG: initialising coolRunLister
2009-05-26 17:14 - LArCalibL1Calo - DEBUG: applying selections to coolRunLister
2009-05-26 17:14 - LArCalibL1Calo - INFO: last valid run: 115952
2009-05-26 17:14 - LArCalibL1Calo - INFO: searching for new runs from 115953 to 2147483647
2009-05-26 17:14 - LArCalibL1Calo - DEBUG:  No new valid run. Last known valid run still: 115952
2009-05-26 17:29 - LArCalibL1Calo - INFO: ===> listening for new valid runs <===
2009-05-26 17:29 - LArCalibL1Calo - DEBUG: initialising coolRunLister
2009-05-26 17:29 - LArCalibL1Calo - DEBUG: applying selections to coolRunLister
2009-05-26 17:29 - LArCalibL1Calo - INFO: last valid run: 115952
2009-05-26 17:29 - LArCalibL1Calo - INFO: searching for new runs from 115953 to 2147483647
2009-05-26 17:29 - LArCalibL1Calo - DEBUG:  No new valid run. Last known valid run still: 115952
2009-05-26 17:44 - LArCalibL1Calo - INFO: ===> listening for new valid runs <===
2009-05-26 17:44 - LArCalibL1Calo - DEBUG: initialising coolRunLister
2009-05-26 17:44 - LArCalibL1Calo - DEBUG: applying selections to coolRunLister
2009-05-26 17:44 - LArCalibL1Calo - INFO: last valid run: 115952
2009-05-26 17:44 - LArCalibL1Calo - INFO: searching for new runs from 115953 to 2147483647
2009-05-26 17:44 - LArCalibL1Calo - DEBUG:  No new valid run. Last known valid run still: 115952
2009-05-26 17:59 - LArCalibL1Calo - INFO: ===> listening for new valid runs <===
2009-05-26 17:59 - LArCalibL1Calo - DEBUG: initialising coolRunLister
2009-05-26 17:59 - LArCalibL1Calo - DEBUG: applying selections to coolRunLister
2009-05-26 17:59 - LArCalibL1Calo - INFO: last valid run: 115952
2009-05-26 17:59 - LArCalibL1Calo - INFO: searching for new runs from 115953 to 2147483647
2009-05-26 17:59 - LArCalibL1Calo - DEBUG:  No new valid run. Last known valid run still: 115952
2009-05-26 18:15 - LArCalibL1Calo - INFO: ===> listening for new valid runs <===
2009-05-26 18:15 - LArCalibL1Calo - DEBUG: initialising coolRunLister
2009-05-26 18:15 - LArCalibL1Calo - DEBUG: applying selections to coolRunLister
2009-05-26 18:15 - LArCalibL1Calo - INFO: last valid run: 115952
2009-05-26 18:15 - LArCalibL1Calo - INFO: searching for new runs from 115953 to 2147483647
2009-05-26 18:15 - LArCalibL1Calo - DEBUG:  No new valid run. Last known valid run still: 115952
2009-05-26 18:30 - LArCalibL1Calo - INFO: ===> listening for new valid runs <===
2009-05-26 18:30 - LArCalibL1Calo - DEBUG: initialising coolRunLister
2009-05-26 18:30 - LArCalibL1Calo - DEBUG: applying selections to coolRunLister
2009-05-26 18:30 - LArCalibL1Calo - INFO: last valid run: 115952
2009-05-26 18:30 - LArCalibL1Calo - INFO: searching for new runs from 115953 to 2147483647
2009-05-26 18:30 - LArCalibL1Calo - DEBUG:  No new valid run. Last known valid run still: 115952
2009-05-26 18:45 - LArCalibL1Calo - INFO: ===> listening for new valid runs <===
2009-05-26 18:45 - LArCalibL1Calo - DEBUG: initialising coolRunLister
2009-05-26 18:45 - LArCalibL1Calo - DEBUG: applying selections to coolRunLister
2009-05-26 18:45 - LArCalibL1Calo - INFO: last valid run: 115952
2009-05-26 18:45 - LArCalibL1Calo - INFO: searching for new runs from 115953 to 2147483647
2009-05-26 18:45 - LArCalibL1Calo - DEBUG:  No new valid run. Last known valid run still: 115952
2009-05-26 19:00 - LArCalibL1Calo - INFO: ===> listening for new valid runs <===
2009-05-26 19:00 - LArCalibL1Calo - DEBUG: initialising coolRunLister
2009-05-26 19:00 - LArCalibL1Calo - DEBUG: applying selections to coolRunLister
2009-05-26 19:00 - LArCalibL1Calo - INFO: last valid run: 115952
2009-05-26 19:00 - LArCalibL1Calo - INFO: searching for new runs from 115953 to 2147483647
2009-05-26 19:01 - LArCalibL1Calo - DEBUG:  No new valid run. Last known valid run still: 115952
2009-05-26 19:16 - LArCalibL1Calo - INFO: ===> listening for new valid runs <===
2009-05-26 19:16 - LArCalibL1Calo - DEBUG: initialising coolRunLister
2009-05-26 19:16 - LArCalibL1Calo - DEBUG: applying selections to coolRunLister
2009-05-26 19:16 - LArCalibL1Calo - INFO: last valid run: 115952
2009-05-26 19:16 - LArCalibL1Calo - INFO: searching for new runs from 115953 to 2147483647
2009-05-26 19:16 - LArCalibL1Calo - DEBUG:  No new valid run. Last known valid run still: 115952
2009-05-26 19:31 - LArCalibL1Calo - INFO: ===> listening for new valid runs <===
2009-05-26 19:31 - LArCalibL1Calo - DEBUG: initialising coolRunLister
2009-05-26 19:31 - LArCalibL1Calo - DEBUG: applying selections to coolRunLister
2009-05-26 19:31 - LArCalibL1Calo - INFO: last valid run: 115952
2009-05-26 19:31 - LArCalibL1Calo - INFO: searching for new runs from 115953 to 2147483647
2009-05-26 19:31 - LArCalibL1Calo - DEBUG:  No new valid run. Last known valid run still: 115952
2009-05-26 19:46 - LArCalibL1Calo - INFO: ===> listening for new valid runs <===
2009-05-26 19:46 - LArCalibL1Calo - DEBUG: initialising coolRunLister
2009-05-26 19:46 - LArCalibL1Calo - DEBUG: applying selections to coolRunLister
2009-05-26 19:46 - LArCalibL1Calo - INFO: last valid run: 115952
2009-05-26 19:46 - LArCalibL1Calo - INFO: searching for new runs from 115953 to 2147483647
2009-05-26 19:46 - LArCalibL1Calo - DEBUG:  No new valid run. Last known valid run still: 115952
2009-05-26 20:02 - LArCalibL1Calo - INFO: ===> listening for new valid runs <===
2009-05-26 20:02 - LArCalibL1Calo - DEBUG: initialising coolRunLister
2009-05-26 20:02 - LArCalibL1Calo - DEBUG: applying selections to coolRunLister
2009-05-26 20:02 - LArCalibL1Calo - INFO: last valid run: 115952
2009-05-26 20:02 - LArCalibL1Calo - INFO: searching for new runs from 115953 to 2147483647
2009-05-26 20:02 - LArCalibL1Calo - DEBUG:  No new valid run. Last known valid run still: 115952
2009-05-26 20:17 - LArCalibL1Calo - INFO: ===> listening for new valid runs <===
2009-05-26 20:17 - LArCalibL1Calo - DEBUG: initialising coolRunLister
2009-05-26 20:17 - LArCalibL1Calo - DEBUG: applying selections to coolRunLister
2009-05-26 20:17 - LArCalibL1Calo - INFO: last valid run: 115952
2009-05-26 20:17 - LArCalibL1Calo - INFO: searching for new runs from 115953 to 2147483647
2009-05-26 20:17 - LArCalibL1Calo - DEBUG:  No new valid run. Last known valid run still: 115952
2009-05-26 20:32 - LArCalibL1Calo - INFO: ===> listening for new valid runs <===
2009-05-26 20:32 - LArCalibL1Calo - DEBUG: initialising coolRunLister
2009-05-26 20:32 - LArCalibL1Calo - DEBUG: applying selections to coolRunLister
2009-05-26 20:32 - LArCalibL1Calo - INFO: last valid run: 115952
2009-05-26 20:32 - LArCalibL1Calo - INFO: searching for new runs from 115953 to 2147483647
2009-05-26 20:32 - LArCalibL1Calo - DEBUG:  No new valid run. Last known valid run still: 115952
2009-05-26 20:47 - LArCalibL1Calo - INFO: ===> listening for new valid runs <===
2009-05-26 20:47 - LArCalibL1Calo - DEBUG: initialising coolRunLister
2009-05-26 20:47 - LArCalibL1Calo - DEBUG: applying selections to coolRunLister
2009-05-26 20:47 - LArCalibL1Calo - INFO: last valid run: 115952
2009-05-26 20:47 - LArCalibL1Calo - INFO: searching for new runs from 115953 to 2147483647
2009-05-26 20:47 - LArCalibL1Calo - DEBUG:  No new valid run. Last known valid run still: 115952
2009-05-26 21:03 - LArCalibL1Calo - INFO: ===> listening for new valid runs <===
2009-05-26 21:03 - LArCalibL1Calo - DEBUG: initialising coolRunLister
2009-05-26 21:03 - LArCalibL1Calo - DEBUG: applying selections to coolRunLister
2009-05-26 21:03 - LArCalibL1Calo - INFO: last valid run: 115952
2009-05-26 21:03 - LArCalibL1Calo - INFO: searching for new runs from 115953 to 2147483647
2009-05-26 21:03 - LArCalibL1Calo - DEBUG:  No new valid run. Last known valid run still: 115952
2009-05-26 21:18 - LArCalibL1Calo - INFO: ===> listening for new valid runs <===
2009-05-26 21:18 - LArCalibL1Calo - DEBUG: initialising coolRunLister
2009-05-26 21:18 - LArCalibL1Calo - DEBUG: applying selections to coolRunLister
2009-05-26 21:18 - LArCalibL1Calo - INFO: last valid run: 115952
2009-05-26 21:18 - LArCalibL1Calo - INFO: searching for new runs from 115953 to 2147483647
2009-05-26 21:18 - LArCalibL1Calo - DEBUG:  No new valid run. Last known valid run still: 115952
2009-05-26 21:33 - LArCalibL1Calo - INFO: ===> listening for new valid runs <===
2009-05-26 21:33 - LArCalibL1Calo - DEBUG: initialising coolRunLister
2009-05-26 21:33 - LArCalibL1Calo - DEBUG: applying selections to coolRunLister
2009-05-26 21:33 - LArCalibL1Calo - INFO: last valid run: 115952
2009-05-26 21:33 - LArCalibL1Calo - INFO: searching for new runs from 115953 to 2147483647
2009-05-26 21:33 - LArCalibL1Calo - DEBUG:  No new valid run. Last known valid run still: 115952
2009-05-26 21:48 - LArCalibL1Calo - INFO: ===> listening for new valid runs <===
2009-05-26 21:48 - LArCalibL1Calo - DEBUG: initialising coolRunLister
2009-05-26 21:48 - LArCalibL1Calo - DEBUG: applying selections to coolRunLister
2009-05-26 21:48 - LArCalibL1Calo - INFO: last valid run: 115952
2009-05-26 21:48 - LArCalibL1Calo - INFO: searching for new runs from 115953 to 2147483647
2009-05-26 21:48 - LArCalibL1Calo - DEBUG:  No new valid run. Last known valid run still: 115952
2009-05-26 22:04 - LArCalibL1Calo - INFO: ===> listening for new valid runs <===
2009-05-26 22:04 - LArCalibL1Calo - DEBUG: initialising coolRunLister
2009-05-26 22:04 - LArCalibL1Calo - DEBUG: applying selections to coolRunLister
2009-05-26 22:04 - LArCalibL1Calo - INFO: last valid run: 115952
2009-05-26 22:04 - LArCalibL1Calo - INFO: searching for new runs from 115953 to 2147483647
2009-05-26 22:04 - LArCalibL1Calo - DEBUG:  No new valid run. Last known valid run still: 115952
2009-05-26 22:19 - LArCalibL1Calo - INFO: ===> listening for new valid runs <===
2009-05-26 22:19 - LArCalibL1Calo - DEBUG: initialising coolRunLister
2009-05-26 22:19 - LArCalibL1Calo - DEBUG: applying selections to coolRunLister
2009-05-26 22:19 - LArCalibL1Calo - INFO: last valid run: 115952
2009-05-26 22:19 - LArCalibL1Calo - INFO: searching for new runs from 115953 to 2147483647
2009-05-26 22:19 - LArCalibL1Calo - DEBUG:  No new valid run. Last known valid run still: 115952
2009-05-26 22:34 - LArCalibL1Calo - INFO: ===> listening for new valid runs <===
2009-05-26 22:34 - LArCalibL1Calo - DEBUG: initialising coolRunLister
2009-05-26 22:34 - LArCalibL1Calo - DEBUG: applying selections to coolRunLister
2009-05-26 22:34 - LArCalibL1Calo - INFO: last valid run: 115952
2009-05-26 22:34 - LArCalibL1Calo - INFO: searching for new runs from 115953 to 2147483647
2009-05-26 22:34 - LArCalibL1Calo - DEBUG:  No new valid run. Last known valid run still: 115952
2009-05-26 22:49 - LArCalibL1Calo - INFO: ===> listening for new valid runs <===
2009-05-26 22:49 - LArCalibL1Calo - DEBUG: initialising coolRunLister
2009-05-26 22:49 - LArCalibL1Calo - DEBUG: applying selections to coolRunLister
2009-05-26 22:49 - LArCalibL1Calo - INFO: last valid run: 115952
2009-05-26 22:49 - LArCalibL1Calo - INFO: searching for new runs from 115953 to 2147483647
2009-05-26 22:50 - LArCalibL1Calo - DEBUG:  No new valid run. Last known valid run still: 115952
2009-05-26 23:05 - LArCalibL1Calo - INFO: ===> listening for new valid runs <===
2009-05-26 23:05 - LArCalibL1Calo - DEBUG: initialising coolRunLister
2009-05-26 23:05 - LArCalibL1Calo - DEBUG: applying selections to coolRunLister
2009-05-26 23:05 - LArCalibL1Calo - INFO: last valid run: 115952
2009-05-26 23:05 - LArCalibL1Calo - INFO: searching for new runs from 115953 to 2147483647
2009-05-26 23:05 - LArCalibL1Calo - DEBUG:  No new valid run. Last known valid run still: 115952
2009-05-26 23:20 - LArCalibL1Calo - INFO: ===> listening for new valid runs <===
2009-05-26 23:20 - LArCalibL1Calo - DEBUG: initialising coolRunLister
2009-05-26 23:20 - LArCalibL1Calo - DEBUG: applying selections to coolRunLister
2009-05-26 23:20 - LArCalibL1Calo - INFO: last valid run: 115952
2009-05-26 23:20 - LArCalibL1Calo - INFO: searching for new runs from 115953 to 2147483647
2009-05-26 23:20 - LArCalibL1Calo - DEBUG:  No new valid run. Last known valid run still: 115952
2009-05-26 23:35 - LArCalibL1Calo - INFO: ===> listening for new valid runs <===
2009-05-26 23:35 - LArCalibL1Calo - DEBUG: initialising coolRunLister
2009-05-26 23:35 - LArCalibL1Calo - DEBUG: applying selections to coolRunLister
2009-05-26 23:35 - LArCalibL1Calo - INFO: last valid run: 115952
2009-05-26 23:35 - LArCalibL1Calo - INFO: searching for new runs from 115953 to 2147483647
2009-05-26 23:35 - LArCalibL1Calo - DEBUG:  No new valid run. Last known valid run still: 115952
2009-05-26 23:51 - LArCalibL1Calo - INFO: ===> listening for new valid runs <===
2009-05-26 23:51 - LArCalibL1Calo - DEBUG: initialising coolRunLister
2009-05-26 23:51 - LArCalibL1Calo - DEBUG: applying selections to coolRunLister
2009-05-26 23:51 - LArCalibL1Calo - INFO: last valid run: 115952
2009-05-26 23:51 - LArCalibL1Calo - INFO: searching for new runs from 115953 to 2147483647
2009-05-26 23:51 - LArCalibL1Calo - DEBUG:  No new valid run. Last known valid run still: 115952
