2009-05-09 00:00 - LArCalibL1Calo - INFO: ========================================
2009-05-09 00:00 - LArCalibL1Calo - INFO: RunListener in init
2009-05-09 00:00 - LArCalibL1Calo - INFO: RunListener initialized
2009-05-09 00:00 - LArCalibL1Calo - INFO: ========================================
2009-05-09 00:00 - LArCalibL1Calo - INFO: ===> from initRunListener <===
2009-05-09 00:00 - LArCalibL1Calo - INFO: 
RunListener LArCalibL1Caloinitialised with the following parameters:
TDAQ DB: COOLONL_TDAQ/COMP200
TRIG DB: COOLONL_TRIGGER/COMP200
Status DB: COOLONL_TDAQ/COMP200
log level: 0
oracle: False
rec. only: True
det. mask: 0
run type: LarCalibL1Calo
det. status: 
det. status tag: HEAD
daq partition: 
 * LArgL1Calo-TTC2LAN
tag: 
format: acertd
reverse: False
stoptimestamp: True
cleanstop: True
hasevents: False
last valid run known: 0

2009-05-09 00:16 - LArCalibL1Calo - INFO: ===> listening for new valid runs <===
2009-05-09 00:16 - LArCalibL1Calo - DEBUG: initialising coolRunLister
2009-05-09 00:16 - LArCalibL1Calo - DEBUG: applying selections to coolRunLister
2009-05-09 00:16 - LArCalibL1Calo - INFO: last valid run: 113232
2009-05-09 00:16 - LArCalibL1Calo - INFO: searching for new runs from 113233 to 2147483647
2009-05-09 00:16 - LArCalibL1Calo - DEBUG:  No new valid run. Last known valid run still: 113232
2009-05-09 00:32 - LArCalibL1Calo - INFO: ===> listening for new valid runs <===
2009-05-09 00:32 - LArCalibL1Calo - DEBUG: initialising coolRunLister
2009-05-09 00:32 - LArCalibL1Calo - DEBUG: applying selections to coolRunLister
2009-05-09 00:32 - LArCalibL1Calo - INFO: last valid run: 113232
2009-05-09 00:32 - LArCalibL1Calo - INFO: searching for new runs from 113233 to 2147483647
2009-05-09 00:32 - LArCalibL1Calo - DEBUG:  No new valid run. Last known valid run still: 113232
2009-05-09 00:47 - LArCalibL1Calo - INFO: ===> listening for new valid runs <===
2009-05-09 00:47 - LArCalibL1Calo - DEBUG: initialising coolRunLister
2009-05-09 00:47 - LArCalibL1Calo - DEBUG: applying selections to coolRunLister
2009-05-09 00:47 - LArCalibL1Calo - INFO: last valid run: 113232
2009-05-09 00:47 - LArCalibL1Calo - INFO: searching for new runs from 113233 to 2147483647
2009-05-09 00:47 - LArCalibL1Calo - DEBUG:  No new valid run. Last known valid run still: 113232
2009-05-09 01:02 - LArCalibL1Calo - INFO: ===> listening for new valid runs <===
2009-05-09 01:02 - LArCalibL1Calo - DEBUG: initialising coolRunLister
2009-05-09 01:02 - LArCalibL1Calo - DEBUG: applying selections to coolRunLister
2009-05-09 01:02 - LArCalibL1Calo - INFO: last valid run: 113232
2009-05-09 01:02 - LArCalibL1Calo - INFO: searching for new runs from 113233 to 2147483647
2009-05-09 01:02 - LArCalibL1Calo - DEBUG:  No new valid run. Last known valid run still: 113232
2009-05-09 01:17 - LArCalibL1Calo - INFO: ===> listening for new valid runs <===
2009-05-09 01:17 - LArCalibL1Calo - DEBUG: initialising coolRunLister
2009-05-09 01:17 - LArCalibL1Calo - DEBUG: applying selections to coolRunLister
2009-05-09 01:17 - LArCalibL1Calo - INFO: last valid run: 113232
2009-05-09 01:17 - LArCalibL1Calo - INFO: searching for new runs from 113233 to 2147483647
2009-05-09 01:17 - LArCalibL1Calo - DEBUG:  No new valid run. Last known valid run still: 113232
2009-05-09 01:32 - LArCalibL1Calo - INFO: ===> listening for new valid runs <===
2009-05-09 01:32 - LArCalibL1Calo - DEBUG: initialising coolRunLister
2009-05-09 01:32 - LArCalibL1Calo - DEBUG: applying selections to coolRunLister
2009-05-09 01:32 - LArCalibL1Calo - INFO: last valid run: 113232
2009-05-09 01:32 - LArCalibL1Calo - INFO: searching for new runs from 113233 to 2147483647
2009-05-09 01:32 - LArCalibL1Calo - DEBUG:  No new valid run. Last known valid run still: 113232
2009-05-09 01:48 - LArCalibL1Calo - INFO: ===> listening for new valid runs <===
2009-05-09 01:48 - LArCalibL1Calo - DEBUG: initialising coolRunLister
2009-05-09 01:48 - LArCalibL1Calo - DEBUG: applying selections to coolRunLister
2009-05-09 01:48 - LArCalibL1Calo - INFO: last valid run: 113232
2009-05-09 01:48 - LArCalibL1Calo - INFO: searching for new runs from 113233 to 2147483647
2009-05-09 01:48 - LArCalibL1Calo - DEBUG:  No new valid run. Last known valid run still: 113232
2009-05-09 02:03 - LArCalibL1Calo - INFO: ===> listening for new valid runs <===
2009-05-09 02:03 - LArCalibL1Calo - DEBUG: initialising coolRunLister
2009-05-09 02:03 - LArCalibL1Calo - DEBUG: applying selections to coolRunLister
2009-05-09 02:03 - LArCalibL1Calo - INFO: last valid run: 113232
2009-05-09 02:03 - LArCalibL1Calo - INFO: searching for new runs from 113233 to 2147483647
2009-05-09 02:03 - LArCalibL1Calo - DEBUG:  No new valid run. Last known valid run still: 113232
2009-05-09 02:18 - LArCalibL1Calo - INFO: ===> listening for new valid runs <===
2009-05-09 02:18 - LArCalibL1Calo - DEBUG: initialising coolRunLister
2009-05-09 02:18 - LArCalibL1Calo - DEBUG: applying selections to coolRunLister
2009-05-09 02:18 - LArCalibL1Calo - INFO: last valid run: 113232
2009-05-09 02:18 - LArCalibL1Calo - INFO: searching for new runs from 113233 to 2147483647
2009-05-09 02:18 - LArCalibL1Calo - DEBUG:  No new valid run. Last known valid run still: 113232
2009-05-09 02:33 - LArCalibL1Calo - INFO: ===> listening for new valid runs <===
2009-05-09 02:33 - LArCalibL1Calo - DEBUG: initialising coolRunLister
2009-05-09 02:33 - LArCalibL1Calo - DEBUG: applying selections to coolRunLister
2009-05-09 02:33 - LArCalibL1Calo - INFO: last valid run: 113232
2009-05-09 02:33 - LArCalibL1Calo - INFO: searching for new runs from 113233 to 2147483647
2009-05-09 02:33 - LArCalibL1Calo - DEBUG:  No new valid run. Last known valid run still: 113232
2009-05-09 02:48 - LArCalibL1Calo - INFO: ===> listening for new valid runs <===
2009-05-09 02:48 - LArCalibL1Calo - DEBUG: initialising coolRunLister
2009-05-09 02:48 - LArCalibL1Calo - DEBUG: applying selections to coolRunLister
2009-05-09 02:48 - LArCalibL1Calo - INFO: last valid run: 113232
2009-05-09 02:48 - LArCalibL1Calo - INFO: searching for new runs from 113233 to 2147483647
2009-05-09 02:48 - LArCalibL1Calo - DEBUG:  No new valid run. Last known valid run still: 113232
2009-05-09 03:04 - LArCalibL1Calo - INFO: ===> listening for new valid runs <===
2009-05-09 03:04 - LArCalibL1Calo - DEBUG: initialising coolRunLister
2009-05-09 03:04 - LArCalibL1Calo - DEBUG: applying selections to coolRunLister
2009-05-09 03:04 - LArCalibL1Calo - INFO: last valid run: 113232
2009-05-09 03:04 - LArCalibL1Calo - INFO: searching for new runs from 113233 to 2147483647
2009-05-09 03:04 - LArCalibL1Calo - DEBUG:  No new valid run. Last known valid run still: 113232
2009-05-09 03:19 - LArCalibL1Calo - INFO: ===> listening for new valid runs <===
2009-05-09 03:19 - LArCalibL1Calo - DEBUG: initialising coolRunLister
2009-05-09 03:19 - LArCalibL1Calo - DEBUG: applying selections to coolRunLister
2009-05-09 03:19 - LArCalibL1Calo - INFO: last valid run: 113232
2009-05-09 03:19 - LArCalibL1Calo - INFO: searching for new runs from 113233 to 2147483647
2009-05-09 03:19 - LArCalibL1Calo - DEBUG:  No new valid run. Last known valid run still: 113232
2009-05-09 03:34 - LArCalibL1Calo - INFO: ===> listening for new valid runs <===
2009-05-09 03:34 - LArCalibL1Calo - DEBUG: initialising coolRunLister
2009-05-09 03:34 - LArCalibL1Calo - DEBUG: applying selections to coolRunLister
2009-05-09 03:34 - LArCalibL1Calo - INFO: last valid run: 113232
2009-05-09 03:34 - LArCalibL1Calo - INFO: searching for new runs from 113233 to 2147483647
2009-05-09 03:34 - LArCalibL1Calo - DEBUG:  No new valid run. Last known valid run still: 113232
2009-05-09 03:49 - LArCalibL1Calo - INFO: ===> listening for new valid runs <===
2009-05-09 03:49 - LArCalibL1Calo - DEBUG: initialising coolRunLister
2009-05-09 03:49 - LArCalibL1Calo - DEBUG: applying selections to coolRunLister
2009-05-09 03:49 - LArCalibL1Calo - INFO: last valid run: 113232
2009-05-09 03:49 - LArCalibL1Calo - INFO: searching for new runs from 113233 to 2147483647
2009-05-09 03:49 - LArCalibL1Calo - DEBUG:  No new valid run. Last known valid run still: 113232
2009-05-09 04:04 - LArCalibL1Calo - INFO: ===> listening for new valid runs <===
2009-05-09 04:04 - LArCalibL1Calo - DEBUG: initialising coolRunLister
2009-05-09 04:04 - LArCalibL1Calo - DEBUG: applying selections to coolRunLister
2009-05-09 04:04 - LArCalibL1Calo - INFO: last valid run: 113232
2009-05-09 04:04 - LArCalibL1Calo - INFO: searching for new runs from 113233 to 2147483647
2009-05-09 04:04 - LArCalibL1Calo - DEBUG:  No new valid run. Last known valid run still: 113232
2009-05-09 04:20 - LArCalibL1Calo - INFO: ===> listening for new valid runs <===
2009-05-09 04:20 - LArCalibL1Calo - DEBUG: initialising coolRunLister
2009-05-09 04:20 - LArCalibL1Calo - DEBUG: applying selections to coolRunLister
2009-05-09 04:20 - LArCalibL1Calo - INFO: last valid run: 113232
2009-05-09 04:20 - LArCalibL1Calo - INFO: searching for new runs from 113233 to 2147483647
2009-05-09 04:20 - LArCalibL1Calo - DEBUG:  No new valid run. Last known valid run still: 113232
2009-05-09 04:35 - LArCalibL1Calo - INFO: ===> listening for new valid runs <===
2009-05-09 04:35 - LArCalibL1Calo - DEBUG: initialising coolRunLister
2009-05-09 04:35 - LArCalibL1Calo - DEBUG: applying selections to coolRunLister
2009-05-09 04:35 - LArCalibL1Calo - INFO: last valid run: 113232
2009-05-09 04:35 - LArCalibL1Calo - INFO: searching for new runs from 113233 to 2147483647
2009-05-09 04:35 - LArCalibL1Calo - DEBUG:  No new valid run. Last known valid run still: 113232
2009-05-09 04:50 - LArCalibL1Calo - INFO: ===> listening for new valid runs <===
2009-05-09 04:50 - LArCalibL1Calo - DEBUG: initialising coolRunLister
2009-05-09 04:50 - LArCalibL1Calo - DEBUG: applying selections to coolRunLister
2009-05-09 04:50 - LArCalibL1Calo - INFO: last valid run: 113232
2009-05-09 04:50 - LArCalibL1Calo - INFO: searching for new runs from 113233 to 2147483647
2009-05-09 04:50 - LArCalibL1Calo - DEBUG:  No new valid run. Last known valid run still: 113232
2009-05-09 05:05 - LArCalibL1Calo - INFO: ===> listening for new valid runs <===
2009-05-09 05:05 - LArCalibL1Calo - DEBUG: initialising coolRunLister
2009-05-09 05:05 - LArCalibL1Calo - DEBUG: applying selections to coolRunLister
2009-05-09 05:05 - LArCalibL1Calo - INFO: last valid run: 113232
2009-05-09 05:05 - LArCalibL1Calo - INFO: searching for new runs from 113233 to 2147483647
2009-05-09 05:05 - LArCalibL1Calo - DEBUG:  No new valid run. Last known valid run still: 113232
2009-05-09 05:20 - LArCalibL1Calo - INFO: ===> listening for new valid runs <===
2009-05-09 05:20 - LArCalibL1Calo - DEBUG: initialising coolRunLister
2009-05-09 05:20 - LArCalibL1Calo - DEBUG: applying selections to coolRunLister
2009-05-09 05:20 - LArCalibL1Calo - INFO: last valid run: 113232
2009-05-09 05:20 - LArCalibL1Calo - INFO: searching for new runs from 113233 to 2147483647
2009-05-09 05:21 - LArCalibL1Calo - DEBUG:  No new valid run. Last known valid run still: 113232
2009-05-09 05:36 - LArCalibL1Calo - INFO: ===> listening for new valid runs <===
2009-05-09 05:36 - LArCalibL1Calo - DEBUG: initialising coolRunLister
2009-05-09 05:36 - LArCalibL1Calo - DEBUG: applying selections to coolRunLister
2009-05-09 05:36 - LArCalibL1Calo - INFO: last valid run: 113232
2009-05-09 05:36 - LArCalibL1Calo - INFO: searching for new runs from 113233 to 2147483647
2009-05-09 05:36 - LArCalibL1Calo - DEBUG:  No new valid run. Last known valid run still: 113232
2009-05-09 05:51 - LArCalibL1Calo - INFO: ===> listening for new valid runs <===
2009-05-09 05:51 - LArCalibL1Calo - DEBUG: initialising coolRunLister
2009-05-09 05:51 - LArCalibL1Calo - DEBUG: applying selections to coolRunLister
2009-05-09 05:51 - LArCalibL1Calo - INFO: last valid run: 113232
2009-05-09 05:51 - LArCalibL1Calo - INFO: searching for new runs from 113233 to 2147483647
2009-05-09 05:51 - LArCalibL1Calo - DEBUG:  No new valid run. Last known valid run still: 113232
2009-05-09 06:06 - LArCalibL1Calo - INFO: ===> listening for new valid runs <===
2009-05-09 06:06 - LArCalibL1Calo - DEBUG: initialising coolRunLister
2009-05-09 06:06 - LArCalibL1Calo - DEBUG: applying selections to coolRunLister
2009-05-09 06:06 - LArCalibL1Calo - INFO: last valid run: 113232
2009-05-09 06:06 - LArCalibL1Calo - INFO: searching for new runs from 113233 to 2147483647
2009-05-09 06:06 - LArCalibL1Calo - DEBUG:  No new valid run. Last known valid run still: 113232
2009-05-09 06:21 - LArCalibL1Calo - INFO: ===> listening for new valid runs <===
2009-05-09 06:21 - LArCalibL1Calo - DEBUG: initialising coolRunLister
2009-05-09 06:21 - LArCalibL1Calo - DEBUG: applying selections to coolRunLister
2009-05-09 06:21 - LArCalibL1Calo - INFO: last valid run: 113232
2009-05-09 06:21 - LArCalibL1Calo - INFO: searching for new runs from 113233 to 2147483647
2009-05-09 06:21 - LArCalibL1Calo - DEBUG:  No new valid run. Last known valid run still: 113232
2009-05-09 06:37 - LArCalibL1Calo - INFO: ===> listening for new valid runs <===
2009-05-09 06:37 - LArCalibL1Calo - DEBUG: initialising coolRunLister
2009-05-09 06:37 - LArCalibL1Calo - DEBUG: applying selections to coolRunLister
2009-05-09 06:37 - LArCalibL1Calo - INFO: last valid run: 113232
2009-05-09 06:37 - LArCalibL1Calo - INFO: searching for new runs from 113233 to 2147483647
2009-05-09 06:37 - LArCalibL1Calo - DEBUG:  No new valid run. Last known valid run still: 113232
2009-05-09 06:52 - LArCalibL1Calo - INFO: ===> listening for new valid runs <===
2009-05-09 06:52 - LArCalibL1Calo - DEBUG: initialising coolRunLister
2009-05-09 06:52 - LArCalibL1Calo - DEBUG: applying selections to coolRunLister
2009-05-09 06:52 - LArCalibL1Calo - INFO: last valid run: 113232
2009-05-09 06:52 - LArCalibL1Calo - INFO: searching for new runs from 113233 to 2147483647
2009-05-09 06:52 - LArCalibL1Calo - DEBUG:  No new valid run. Last known valid run still: 113232
2009-05-09 07:07 - LArCalibL1Calo - INFO: ===> listening for new valid runs <===
2009-05-09 07:07 - LArCalibL1Calo - DEBUG: initialising coolRunLister
2009-05-09 07:07 - LArCalibL1Calo - DEBUG: applying selections to coolRunLister
2009-05-09 07:07 - LArCalibL1Calo - INFO: last valid run: 113232
2009-05-09 07:07 - LArCalibL1Calo - INFO: searching for new runs from 113233 to 2147483647
2009-05-09 07:07 - LArCalibL1Calo - DEBUG:  No new valid run. Last known valid run still: 113232
2009-05-09 07:22 - LArCalibL1Calo - INFO: ===> listening for new valid runs <===
2009-05-09 07:22 - LArCalibL1Calo - DEBUG: initialising coolRunLister
2009-05-09 07:22 - LArCalibL1Calo - DEBUG: applying selections to coolRunLister
2009-05-09 07:22 - LArCalibL1Calo - INFO: last valid run: 113232
2009-05-09 07:22 - LArCalibL1Calo - INFO: searching for new runs from 113233 to 2147483647
2009-05-09 07:22 - LArCalibL1Calo - DEBUG:  No new valid run. Last known valid run still: 113232
2009-05-09 07:37 - LArCalibL1Calo - INFO: ===> listening for new valid runs <===
2009-05-09 07:37 - LArCalibL1Calo - DEBUG: initialising coolRunLister
2009-05-09 07:37 - LArCalibL1Calo - DEBUG: applying selections to coolRunLister
2009-05-09 07:37 - LArCalibL1Calo - INFO: last valid run: 113232
2009-05-09 07:37 - LArCalibL1Calo - INFO: searching for new runs from 113233 to 2147483647
2009-05-09 07:37 - LArCalibL1Calo - DEBUG:  No new valid run. Last known valid run still: 113232
2009-05-09 07:53 - LArCalibL1Calo - INFO: ===> listening for new valid runs <===
2009-05-09 07:53 - LArCalibL1Calo - DEBUG: initialising coolRunLister
2009-05-09 07:53 - LArCalibL1Calo - DEBUG: applying selections to coolRunLister
2009-05-09 07:53 - LArCalibL1Calo - INFO: last valid run: 113232
2009-05-09 07:53 - LArCalibL1Calo - INFO: searching for new runs from 113233 to 2147483647
2009-05-09 07:53 - LArCalibL1Calo - DEBUG:  No new valid run. Last known valid run still: 113232
2009-05-09 08:08 - LArCalibL1Calo - INFO: ===> listening for new valid runs <===
2009-05-09 08:08 - LArCalibL1Calo - DEBUG: initialising coolRunLister
2009-05-09 08:08 - LArCalibL1Calo - DEBUG: applying selections to coolRunLister
2009-05-09 08:08 - LArCalibL1Calo - INFO: last valid run: 113232
2009-05-09 08:08 - LArCalibL1Calo - INFO: searching for new runs from 113233 to 2147483647
2009-05-09 08:08 - LArCalibL1Calo - DEBUG:  No new valid run. Last known valid run still: 113232
2009-05-09 08:23 - LArCalibL1Calo - INFO: ===> listening for new valid runs <===
2009-05-09 08:23 - LArCalibL1Calo - DEBUG: initialising coolRunLister
2009-05-09 08:23 - LArCalibL1Calo - DEBUG: applying selections to coolRunLister
2009-05-09 08:23 - LArCalibL1Calo - INFO: last valid run: 113232
2009-05-09 08:23 - LArCalibL1Calo - INFO: searching for new runs from 113233 to 2147483647
2009-05-09 08:23 - LArCalibL1Calo - DEBUG:  No new valid run. Last known valid run still: 113232
2009-05-09 08:38 - LArCalibL1Calo - INFO: ===> listening for new valid runs <===
2009-05-09 08:38 - LArCalibL1Calo - DEBUG: initialising coolRunLister
2009-05-09 08:38 - LArCalibL1Calo - DEBUG: applying selections to coolRunLister
2009-05-09 08:38 - LArCalibL1Calo - INFO: last valid run: 113232
2009-05-09 08:38 - LArCalibL1Calo - INFO: searching for new runs from 113233 to 2147483647
2009-05-09 08:38 - LArCalibL1Calo - DEBUG:  No new valid run. Last known valid run still: 113232
2009-05-09 08:53 - LArCalibL1Calo - INFO: ===> listening for new valid runs <===
2009-05-09 08:53 - LArCalibL1Calo - DEBUG: initialising coolRunLister
2009-05-09 08:53 - LArCalibL1Calo - DEBUG: applying selections to coolRunLister
2009-05-09 08:53 - LArCalibL1Calo - INFO: last valid run: 113232
2009-05-09 08:53 - LArCalibL1Calo - INFO: searching for new runs from 113233 to 2147483647
2009-05-09 08:53 - LArCalibL1Calo - DEBUG:  No new valid run. Last known valid run still: 113232
2009-05-09 09:09 - LArCalibL1Calo - INFO: ===> listening for new valid runs <===
2009-05-09 09:09 - LArCalibL1Calo - DEBUG: initialising coolRunLister
2009-05-09 09:09 - LArCalibL1Calo - DEBUG: applying selections to coolRunLister
2009-05-09 09:09 - LArCalibL1Calo - INFO: last valid run: 113232
2009-05-09 09:09 - LArCalibL1Calo - INFO: searching for new runs from 113233 to 2147483647
2009-05-09 09:09 - LArCalibL1Calo - DEBUG:  No new valid run. Last known valid run still: 113232
2009-05-09 09:24 - LArCalibL1Calo - INFO: ===> listening for new valid runs <===
2009-05-09 09:24 - LArCalibL1Calo - DEBUG: initialising coolRunLister
2009-05-09 09:24 - LArCalibL1Calo - DEBUG: applying selections to coolRunLister
2009-05-09 09:24 - LArCalibL1Calo - INFO: last valid run: 113232
2009-05-09 09:24 - LArCalibL1Calo - INFO: searching for new runs from 113233 to 2147483647
2009-05-09 09:24 - LArCalibL1Calo - DEBUG:  No new valid run. Last known valid run still: 113232
2009-05-09 09:39 - LArCalibL1Calo - INFO: ===> listening for new valid runs <===
2009-05-09 09:39 - LArCalibL1Calo - DEBUG: initialising coolRunLister
2009-05-09 09:39 - LArCalibL1Calo - DEBUG: applying selections to coolRunLister
2009-05-09 09:39 - LArCalibL1Calo - INFO: last valid run: 113232
2009-05-09 09:39 - LArCalibL1Calo - INFO: searching for new runs from 113233 to 2147483647
2009-05-09 09:39 - LArCalibL1Calo - DEBUG:  No new valid run. Last known valid run still: 113232
2009-05-09 09:54 - LArCalibL1Calo - INFO: ===> listening for new valid runs <===
2009-05-09 09:54 - LArCalibL1Calo - DEBUG: initialising coolRunLister
2009-05-09 09:54 - LArCalibL1Calo - DEBUG: applying selections to coolRunLister
2009-05-09 09:54 - LArCalibL1Calo - INFO: last valid run: 113232
2009-05-09 09:54 - LArCalibL1Calo - INFO: searching for new runs from 113233 to 2147483647
2009-05-09 09:54 - LArCalibL1Calo - DEBUG:  No new valid run. Last known valid run still: 113232
2009-05-09 10:09 - LArCalibL1Calo - INFO: ===> listening for new valid runs <===
2009-05-09 10:09 - LArCalibL1Calo - DEBUG: initialising coolRunLister
2009-05-09 10:09 - LArCalibL1Calo - DEBUG: applying selections to coolRunLister
2009-05-09 10:09 - LArCalibL1Calo - INFO: last valid run: 113232
2009-05-09 10:09 - LArCalibL1Calo - INFO: searching for new runs from 113233 to 2147483647
2009-05-09 10:09 - LArCalibL1Calo - DEBUG:  No new valid run. Last known valid run still: 113232
2009-05-09 10:25 - LArCalibL1Calo - INFO: ===> listening for new valid runs <===
2009-05-09 10:25 - LArCalibL1Calo - DEBUG: initialising coolRunLister
2009-05-09 10:25 - LArCalibL1Calo - DEBUG: applying selections to coolRunLister
2009-05-09 10:25 - LArCalibL1Calo - INFO: last valid run: 113232
2009-05-09 10:25 - LArCalibL1Calo - INFO: searching for new runs from 113233 to 2147483647
2009-05-09 10:25 - LArCalibL1Calo - DEBUG:  No new valid run. Last known valid run still: 113232
2009-05-09 10:40 - LArCalibL1Calo - INFO: ===> listening for new valid runs <===
2009-05-09 10:40 - LArCalibL1Calo - DEBUG: initialising coolRunLister
2009-05-09 10:40 - LArCalibL1Calo - DEBUG: applying selections to coolRunLister
2009-05-09 10:40 - LArCalibL1Calo - INFO: last valid run: 113232
2009-05-09 10:40 - LArCalibL1Calo - INFO: searching for new runs from 113233 to 2147483647
2009-05-09 10:40 - LArCalibL1Calo - DEBUG:  No new valid run. Last known valid run still: 113232
2009-05-09 10:55 - LArCalibL1Calo - INFO: ===> listening for new valid runs <===
2009-05-09 10:55 - LArCalibL1Calo - DEBUG: initialising coolRunLister
2009-05-09 10:55 - LArCalibL1Calo - DEBUG: applying selections to coolRunLister
2009-05-09 10:55 - LArCalibL1Calo - INFO: last valid run: 113232
2009-05-09 10:55 - LArCalibL1Calo - INFO: searching for new runs from 113233 to 2147483647
2009-05-09 10:55 - LArCalibL1Calo - DEBUG:  No new valid run. Last known valid run still: 113232
2009-05-09 11:10 - LArCalibL1Calo - INFO: ===> listening for new valid runs <===
2009-05-09 11:10 - LArCalibL1Calo - DEBUG: initialising coolRunLister
2009-05-09 11:10 - LArCalibL1Calo - DEBUG: applying selections to coolRunLister
2009-05-09 11:10 - LArCalibL1Calo - INFO: last valid run: 113232
2009-05-09 11:10 - LArCalibL1Calo - INFO: searching for new runs from 113233 to 2147483647
2009-05-09 11:10 - LArCalibL1Calo - DEBUG:  No new valid run. Last known valid run still: 113232
2009-05-09 11:25 - LArCalibL1Calo - INFO: ===> listening for new valid runs <===
2009-05-09 11:25 - LArCalibL1Calo - DEBUG: initialising coolRunLister
2009-05-09 11:25 - LArCalibL1Calo - DEBUG: applying selections to coolRunLister
2009-05-09 11:25 - LArCalibL1Calo - INFO: last valid run: 113232
2009-05-09 11:25 - LArCalibL1Calo - INFO: searching for new runs from 113233 to 2147483647
2009-05-09 11:26 - LArCalibL1Calo - DEBUG:  No new valid run. Last known valid run still: 113232
2009-05-09 11:41 - LArCalibL1Calo - INFO: ===> listening for new valid runs <===
2009-05-09 11:41 - LArCalibL1Calo - DEBUG: initialising coolRunLister
2009-05-09 11:41 - LArCalibL1Calo - DEBUG: applying selections to coolRunLister
2009-05-09 11:41 - LArCalibL1Calo - INFO: last valid run: 113232
2009-05-09 11:41 - LArCalibL1Calo - INFO: searching for new runs from 113233 to 2147483647
2009-05-09 11:41 - LArCalibL1Calo - DEBUG:  No new valid run. Last known valid run still: 113232
2009-05-09 11:56 - LArCalibL1Calo - INFO: ===> listening for new valid runs <===
2009-05-09 11:56 - LArCalibL1Calo - DEBUG: initialising coolRunLister
2009-05-09 11:56 - LArCalibL1Calo - DEBUG: applying selections to coolRunLister
2009-05-09 11:56 - LArCalibL1Calo - INFO: last valid run: 113232
2009-05-09 11:56 - LArCalibL1Calo - INFO: searching for new runs from 113233 to 2147483647
2009-05-09 11:56 - LArCalibL1Calo - DEBUG:  No new valid run. Last known valid run still: 113232
2009-05-09 12:11 - LArCalibL1Calo - INFO: ===> listening for new valid runs <===
2009-05-09 12:11 - LArCalibL1Calo - DEBUG: initialising coolRunLister
2009-05-09 12:11 - LArCalibL1Calo - DEBUG: applying selections to coolRunLister
2009-05-09 12:11 - LArCalibL1Calo - INFO: last valid run: 113232
2009-05-09 12:11 - LArCalibL1Calo - INFO: searching for new runs from 113233 to 2147483647
2009-05-09 12:11 - LArCalibL1Calo - DEBUG:  No new valid run. Last known valid run still: 113232
2009-05-09 12:26 - LArCalibL1Calo - INFO: ===> listening for new valid runs <===
2009-05-09 12:26 - LArCalibL1Calo - DEBUG: initialising coolRunLister
2009-05-09 12:26 - LArCalibL1Calo - DEBUG: applying selections to coolRunLister
2009-05-09 12:26 - LArCalibL1Calo - INFO: last valid run: 113232
2009-05-09 12:26 - LArCalibL1Calo - INFO: searching for new runs from 113233 to 2147483647
2009-05-09 12:26 - LArCalibL1Calo - DEBUG:  No new valid run. Last known valid run still: 113232
2009-05-09 12:42 - LArCalibL1Calo - INFO: ===> listening for new valid runs <===
2009-05-09 12:42 - LArCalibL1Calo - DEBUG: initialising coolRunLister
2009-05-09 12:42 - LArCalibL1Calo - DEBUG: applying selections to coolRunLister
2009-05-09 12:42 - LArCalibL1Calo - INFO: last valid run: 113232
2009-05-09 12:42 - LArCalibL1Calo - INFO: searching for new runs from 113233 to 2147483647
2009-05-09 12:42 - LArCalibL1Calo - DEBUG:  No new valid run. Last known valid run still: 113232
2009-05-09 12:57 - LArCalibL1Calo - INFO: ===> listening for new valid runs <===
2009-05-09 12:57 - LArCalibL1Calo - DEBUG: initialising coolRunLister
2009-05-09 12:57 - LArCalibL1Calo - DEBUG: applying selections to coolRunLister
2009-05-09 12:57 - LArCalibL1Calo - INFO: last valid run: 113232
2009-05-09 12:57 - LArCalibL1Calo - INFO: searching for new runs from 113233 to 2147483647
2009-05-09 12:57 - LArCalibL1Calo - DEBUG:  No new valid run. Last known valid run still: 113232
2009-05-09 13:12 - LArCalibL1Calo - INFO: ===> listening for new valid runs <===
2009-05-09 13:12 - LArCalibL1Calo - DEBUG: initialising coolRunLister
2009-05-09 13:12 - LArCalibL1Calo - DEBUG: applying selections to coolRunLister
2009-05-09 13:12 - LArCalibL1Calo - INFO: last valid run: 113232
2009-05-09 13:12 - LArCalibL1Calo - INFO: searching for new runs from 113233 to 2147483647
2009-05-09 13:12 - LArCalibL1Calo - DEBUG:  No new valid run. Last known valid run still: 113232
2009-05-09 13:27 - LArCalibL1Calo - INFO: ===> listening for new valid runs <===
2009-05-09 13:27 - LArCalibL1Calo - DEBUG: initialising coolRunLister
2009-05-09 13:27 - LArCalibL1Calo - DEBUG: applying selections to coolRunLister
2009-05-09 13:27 - LArCalibL1Calo - INFO: last valid run: 113232
2009-05-09 13:27 - LArCalibL1Calo - INFO: searching for new runs from 113233 to 2147483647
2009-05-09 13:27 - LArCalibL1Calo - DEBUG:  No new valid run. Last known valid run still: 113232
2009-05-09 13:42 - LArCalibL1Calo - INFO: ===> listening for new valid runs <===
2009-05-09 13:42 - LArCalibL1Calo - DEBUG: initialising coolRunLister
2009-05-09 13:42 - LArCalibL1Calo - DEBUG: applying selections to coolRunLister
2009-05-09 13:42 - LArCalibL1Calo - INFO: last valid run: 113232
2009-05-09 13:42 - LArCalibL1Calo - INFO: searching for new runs from 113233 to 2147483647
2009-05-09 13:42 - LArCalibL1Calo - DEBUG:  No new valid run. Last known valid run still: 113232
2009-05-09 13:58 - LArCalibL1Calo - INFO: ===> listening for new valid runs <===
2009-05-09 13:58 - LArCalibL1Calo - DEBUG: initialising coolRunLister
2009-05-09 13:58 - LArCalibL1Calo - DEBUG: applying selections to coolRunLister
2009-05-09 13:58 - LArCalibL1Calo - INFO: last valid run: 113232
2009-05-09 13:58 - LArCalibL1Calo - INFO: searching for new runs from 113233 to 2147483647
2009-05-09 13:58 - LArCalibL1Calo - DEBUG:  No new valid run. Last known valid run still: 113232
2009-05-09 14:13 - LArCalibL1Calo - INFO: ===> listening for new valid runs <===
2009-05-09 14:13 - LArCalibL1Calo - DEBUG: initialising coolRunLister
2009-05-09 14:13 - LArCalibL1Calo - DEBUG: applying selections to coolRunLister
2009-05-09 14:13 - LArCalibL1Calo - INFO: last valid run: 113232
2009-05-09 14:13 - LArCalibL1Calo - INFO: searching for new runs from 113233 to 2147483647
2009-05-09 14:13 - LArCalibL1Calo - DEBUG:  No new valid run. Last known valid run still: 113232
2009-05-09 14:28 - LArCalibL1Calo - INFO: ===> listening for new valid runs <===
2009-05-09 14:28 - LArCalibL1Calo - DEBUG: initialising coolRunLister
2009-05-09 14:28 - LArCalibL1Calo - DEBUG: applying selections to coolRunLister
2009-05-09 14:28 - LArCalibL1Calo - INFO: last valid run: 113232
2009-05-09 14:28 - LArCalibL1Calo - INFO: searching for new runs from 113233 to 2147483647
2009-05-09 14:28 - LArCalibL1Calo - DEBUG:  No new valid run. Last known valid run still: 113232
2009-05-09 14:43 - LArCalibL1Calo - INFO: ===> listening for new valid runs <===
2009-05-09 14:43 - LArCalibL1Calo - DEBUG: initialising coolRunLister
2009-05-09 14:43 - LArCalibL1Calo - DEBUG: applying selections to coolRunLister
2009-05-09 14:43 - LArCalibL1Calo - INFO: last valid run: 113232
2009-05-09 14:43 - LArCalibL1Calo - INFO: searching for new runs from 113233 to 2147483647
2009-05-09 14:43 - LArCalibL1Calo - DEBUG:  No new valid run. Last known valid run still: 113232
2009-05-09 14:58 - LArCalibL1Calo - INFO: ===> listening for new valid runs <===
2009-05-09 14:58 - LArCalibL1Calo - DEBUG: initialising coolRunLister
2009-05-09 14:58 - LArCalibL1Calo - DEBUG: applying selections to coolRunLister
2009-05-09 14:58 - LArCalibL1Calo - INFO: last valid run: 113232
2009-05-09 14:58 - LArCalibL1Calo - INFO: searching for new runs from 113233 to 2147483647
2009-05-09 14:58 - LArCalibL1Calo - DEBUG:  No new valid run. Last known valid run still: 113232
2009-05-09 15:14 - LArCalibL1Calo - INFO: ===> listening for new valid runs <===
2009-05-09 15:14 - LArCalibL1Calo - DEBUG: initialising coolRunLister
2009-05-09 15:14 - LArCalibL1Calo - DEBUG: applying selections to coolRunLister
2009-05-09 15:14 - LArCalibL1Calo - INFO: last valid run: 113232
2009-05-09 15:14 - LArCalibL1Calo - INFO: searching for new runs from 113233 to 2147483647
2009-05-09 15:14 - LArCalibL1Calo - DEBUG:  No new valid run. Last known valid run still: 113232
2009-05-09 15:29 - LArCalibL1Calo - INFO: ===> listening for new valid runs <===
2009-05-09 15:29 - LArCalibL1Calo - DEBUG: initialising coolRunLister
2009-05-09 15:29 - LArCalibL1Calo - DEBUG: applying selections to coolRunLister
2009-05-09 15:29 - LArCalibL1Calo - INFO: last valid run: 113232
2009-05-09 15:29 - LArCalibL1Calo - INFO: searching for new runs from 113233 to 2147483647
2009-05-09 15:29 - LArCalibL1Calo - DEBUG:  No new valid run. Last known valid run still: 113232
2009-05-09 15:44 - LArCalibL1Calo - INFO: ===> listening for new valid runs <===
2009-05-09 15:44 - LArCalibL1Calo - DEBUG: initialising coolRunLister
2009-05-09 15:44 - LArCalibL1Calo - DEBUG: applying selections to coolRunLister
2009-05-09 15:44 - LArCalibL1Calo - INFO: last valid run: 113232
2009-05-09 15:44 - LArCalibL1Calo - INFO: searching for new runs from 113233 to 2147483647
2009-05-09 15:44 - LArCalibL1Calo - DEBUG:  No new valid run. Last known valid run still: 113232
2009-05-09 15:59 - LArCalibL1Calo - INFO: ===> listening for new valid runs <===
2009-05-09 15:59 - LArCalibL1Calo - DEBUG: initialising coolRunLister
2009-05-09 15:59 - LArCalibL1Calo - DEBUG: applying selections to coolRunLister
2009-05-09 15:59 - LArCalibL1Calo - INFO: last valid run: 113232
2009-05-09 15:59 - LArCalibL1Calo - INFO: searching for new runs from 113233 to 2147483647
2009-05-09 15:59 - LArCalibL1Calo - DEBUG:  No new valid run. Last known valid run still: 113232
2009-05-09 16:14 - LArCalibL1Calo - INFO: ===> listening for new valid runs <===
2009-05-09 16:14 - LArCalibL1Calo - DEBUG: initialising coolRunLister
2009-05-09 16:14 - LArCalibL1Calo - DEBUG: applying selections to coolRunLister
2009-05-09 16:14 - LArCalibL1Calo - INFO: last valid run: 113232
2009-05-09 16:14 - LArCalibL1Calo - INFO: searching for new runs from 113233 to 2147483647
2009-05-09 16:14 - LArCalibL1Calo - DEBUG:  No new valid run. Last known valid run still: 113232
2009-05-09 16:30 - LArCalibL1Calo - INFO: ===> listening for new valid runs <===
2009-05-09 16:30 - LArCalibL1Calo - DEBUG: initialising coolRunLister
2009-05-09 16:30 - LArCalibL1Calo - DEBUG: applying selections to coolRunLister
2009-05-09 16:30 - LArCalibL1Calo - INFO: last valid run: 113232
2009-05-09 16:30 - LArCalibL1Calo - INFO: searching for new runs from 113233 to 2147483647
2009-05-09 16:30 - LArCalibL1Calo - DEBUG:  No new valid run. Last known valid run still: 113232
2009-05-09 16:45 - LArCalibL1Calo - INFO: ===> listening for new valid runs <===
2009-05-09 16:45 - LArCalibL1Calo - DEBUG: initialising coolRunLister
2009-05-09 16:45 - LArCalibL1Calo - DEBUG: applying selections to coolRunLister
2009-05-09 16:45 - LArCalibL1Calo - INFO: last valid run: 113232
2009-05-09 16:45 - LArCalibL1Calo - INFO: searching for new runs from 113233 to 2147483647
2009-05-09 16:45 - LArCalibL1Calo - DEBUG:  No new valid run. Last known valid run still: 113232
2009-05-09 17:00 - LArCalibL1Calo - INFO: ===> listening for new valid runs <===
2009-05-09 17:00 - LArCalibL1Calo - DEBUG: initialising coolRunLister
2009-05-09 17:00 - LArCalibL1Calo - DEBUG: applying selections to coolRunLister
2009-05-09 17:00 - LArCalibL1Calo - INFO: last valid run: 113232
2009-05-09 17:00 - LArCalibL1Calo - INFO: searching for new runs from 113233 to 2147483647
2009-05-09 17:00 - LArCalibL1Calo - DEBUG:  No new valid run. Last known valid run still: 113232
2009-05-09 17:15 - LArCalibL1Calo - INFO: ===> listening for new valid runs <===
2009-05-09 17:15 - LArCalibL1Calo - DEBUG: initialising coolRunLister
2009-05-09 17:15 - LArCalibL1Calo - DEBUG: applying selections to coolRunLister
2009-05-09 17:15 - LArCalibL1Calo - INFO: last valid run: 113232
2009-05-09 17:15 - LArCalibL1Calo - INFO: searching for new runs from 113233 to 2147483647
2009-05-09 17:15 - LArCalibL1Calo - DEBUG:  No new valid run. Last known valid run still: 113232
2009-05-09 17:30 - LArCalibL1Calo - INFO: ===> listening for new valid runs <===
2009-05-09 17:30 - LArCalibL1Calo - DEBUG: initialising coolRunLister
2009-05-09 17:30 - LArCalibL1Calo - DEBUG: applying selections to coolRunLister
2009-05-09 17:30 - LArCalibL1Calo - INFO: last valid run: 113232
2009-05-09 17:30 - LArCalibL1Calo - INFO: searching for new runs from 113233 to 2147483647
2009-05-09 17:30 - LArCalibL1Calo - DEBUG:  No new valid run. Last known valid run still: 113232
2009-05-09 17:46 - LArCalibL1Calo - INFO: ===> listening for new valid runs <===
2009-05-09 17:46 - LArCalibL1Calo - DEBUG: initialising coolRunLister
2009-05-09 17:46 - LArCalibL1Calo - DEBUG: applying selections to coolRunLister
2009-05-09 17:46 - LArCalibL1Calo - INFO: last valid run: 113232
2009-05-09 17:46 - LArCalibL1Calo - INFO: searching for new runs from 113233 to 2147483647
2009-05-09 17:46 - LArCalibL1Calo - DEBUG:  No new valid run. Last known valid run still: 113232
2009-05-09 18:01 - LArCalibL1Calo - INFO: ===> listening for new valid runs <===
2009-05-09 18:01 - LArCalibL1Calo - DEBUG: initialising coolRunLister
2009-05-09 18:01 - LArCalibL1Calo - DEBUG: applying selections to coolRunLister
2009-05-09 18:01 - LArCalibL1Calo - INFO: last valid run: 113232
2009-05-09 18:01 - LArCalibL1Calo - INFO: searching for new runs from 113233 to 2147483647
2009-05-09 18:01 - LArCalibL1Calo - DEBUG:  No new valid run. Last known valid run still: 113232
2009-05-09 18:16 - LArCalibL1Calo - INFO: ===> listening for new valid runs <===
2009-05-09 18:16 - LArCalibL1Calo - DEBUG: initialising coolRunLister
2009-05-09 18:16 - LArCalibL1Calo - DEBUG: applying selections to coolRunLister
2009-05-09 18:16 - LArCalibL1Calo - INFO: last valid run: 113232
2009-05-09 18:16 - LArCalibL1Calo - INFO: searching for new runs from 113233 to 2147483647
2009-05-09 18:16 - LArCalibL1Calo - DEBUG:  No new valid run. Last known valid run still: 113232
2009-05-09 18:31 - LArCalibL1Calo - INFO: ===> listening for new valid runs <===
2009-05-09 18:31 - LArCalibL1Calo - DEBUG: initialising coolRunLister
2009-05-09 18:31 - LArCalibL1Calo - DEBUG: applying selections to coolRunLister
2009-05-09 18:31 - LArCalibL1Calo - INFO: last valid run: 113232
2009-05-09 18:31 - LArCalibL1Calo - INFO: searching for new runs from 113233 to 2147483647
2009-05-09 18:31 - LArCalibL1Calo - DEBUG:  No new valid run. Last known valid run still: 113232
2009-05-09 18:47 - LArCalibL1Calo - INFO: ===> listening for new valid runs <===
2009-05-09 18:47 - LArCalibL1Calo - DEBUG: initialising coolRunLister
2009-05-09 18:47 - LArCalibL1Calo - DEBUG: applying selections to coolRunLister
2009-05-09 18:47 - LArCalibL1Calo - INFO: last valid run: 113232
2009-05-09 18:47 - LArCalibL1Calo - INFO: searching for new runs from 113233 to 2147483647
2009-05-09 18:47 - LArCalibL1Calo - DEBUG:  No new valid run. Last known valid run still: 113232
2009-05-09 19:02 - LArCalibL1Calo - INFO: ===> listening for new valid runs <===
2009-05-09 19:02 - LArCalibL1Calo - DEBUG: initialising coolRunLister
2009-05-09 19:02 - LArCalibL1Calo - DEBUG: applying selections to coolRunLister
2009-05-09 19:02 - LArCalibL1Calo - INFO: last valid run: 113232
2009-05-09 19:02 - LArCalibL1Calo - INFO: searching for new runs from 113233 to 2147483647
2009-05-09 19:02 - LArCalibL1Calo - DEBUG:  No new valid run. Last known valid run still: 113232
2009-05-09 19:17 - LArCalibL1Calo - INFO: ===> listening for new valid runs <===
2009-05-09 19:17 - LArCalibL1Calo - DEBUG: initialising coolRunLister
2009-05-09 19:17 - LArCalibL1Calo - DEBUG: applying selections to coolRunLister
2009-05-09 19:17 - LArCalibL1Calo - INFO: last valid run: 113232
2009-05-09 19:17 - LArCalibL1Calo - INFO: searching for new runs from 113233 to 2147483647
2009-05-09 19:17 - LArCalibL1Calo - DEBUG:  No new valid run. Last known valid run still: 113232
2009-05-09 19:32 - LArCalibL1Calo - INFO: ===> listening for new valid runs <===
2009-05-09 19:32 - LArCalibL1Calo - DEBUG: initialising coolRunLister
2009-05-09 19:32 - LArCalibL1Calo - DEBUG: applying selections to coolRunLister
2009-05-09 19:32 - LArCalibL1Calo - INFO: last valid run: 113232
2009-05-09 19:32 - LArCalibL1Calo - INFO: searching for new runs from 113233 to 2147483647
2009-05-09 19:32 - LArCalibL1Calo - DEBUG:  No new valid run. Last known valid run still: 113232
2009-05-09 19:47 - LArCalibL1Calo - INFO: ===> listening for new valid runs <===
2009-05-09 19:47 - LArCalibL1Calo - DEBUG: initialising coolRunLister
2009-05-09 19:47 - LArCalibL1Calo - DEBUG: applying selections to coolRunLister
2009-05-09 19:47 - LArCalibL1Calo - INFO: last valid run: 113232
2009-05-09 19:47 - LArCalibL1Calo - INFO: searching for new runs from 113233 to 2147483647
2009-05-09 19:47 - LArCalibL1Calo - DEBUG:  No new valid run. Last known valid run still: 113232
2009-05-09 20:03 - LArCalibL1Calo - INFO: ===> listening for new valid runs <===
2009-05-09 20:03 - LArCalibL1Calo - DEBUG: initialising coolRunLister
2009-05-09 20:03 - LArCalibL1Calo - DEBUG: applying selections to coolRunLister
2009-05-09 20:03 - LArCalibL1Calo - INFO: last valid run: 113232
2009-05-09 20:03 - LArCalibL1Calo - INFO: searching for new runs from 113233 to 2147483647
2009-05-09 20:03 - LArCalibL1Calo - DEBUG:  No new valid run. Last known valid run still: 113232
2009-05-09 20:18 - LArCalibL1Calo - INFO: ===> listening for new valid runs <===
2009-05-09 20:18 - LArCalibL1Calo - DEBUG: initialising coolRunLister
2009-05-09 20:18 - LArCalibL1Calo - DEBUG: applying selections to coolRunLister
2009-05-09 20:18 - LArCalibL1Calo - INFO: last valid run: 113232
2009-05-09 20:18 - LArCalibL1Calo - INFO: searching for new runs from 113233 to 2147483647
2009-05-09 20:18 - LArCalibL1Calo - DEBUG:  No new valid run. Last known valid run still: 113232
2009-05-09 20:33 - LArCalibL1Calo - INFO: ===> listening for new valid runs <===
2009-05-09 20:33 - LArCalibL1Calo - DEBUG: initialising coolRunLister
2009-05-09 20:33 - LArCalibL1Calo - DEBUG: applying selections to coolRunLister
2009-05-09 20:33 - LArCalibL1Calo - INFO: last valid run: 113232
2009-05-09 20:33 - LArCalibL1Calo - INFO: searching for new runs from 113233 to 2147483647
2009-05-09 20:33 - LArCalibL1Calo - DEBUG:  No new valid run. Last known valid run still: 113232
2009-05-09 20:48 - LArCalibL1Calo - INFO: ===> listening for new valid runs <===
2009-05-09 20:48 - LArCalibL1Calo - DEBUG: initialising coolRunLister
2009-05-09 20:48 - LArCalibL1Calo - DEBUG: applying selections to coolRunLister
2009-05-09 20:48 - LArCalibL1Calo - INFO: last valid run: 113232
2009-05-09 20:48 - LArCalibL1Calo - INFO: searching for new runs from 113233 to 2147483647
2009-05-09 20:48 - LArCalibL1Calo - DEBUG:  No new valid run. Last known valid run still: 113232
2009-05-09 21:03 - LArCalibL1Calo - INFO: ===> listening for new valid runs <===
2009-05-09 21:03 - LArCalibL1Calo - DEBUG: initialising coolRunLister
2009-05-09 21:03 - LArCalibL1Calo - DEBUG: applying selections to coolRunLister
2009-05-09 21:03 - LArCalibL1Calo - INFO: last valid run: 113232
2009-05-09 21:03 - LArCalibL1Calo - INFO: searching for new runs from 113233 to 2147483647
2009-05-09 21:04 - LArCalibL1Calo - DEBUG:  No new valid run. Last known valid run still: 113232
2009-05-09 21:19 - LArCalibL1Calo - INFO: ===> listening for new valid runs <===
2009-05-09 21:19 - LArCalibL1Calo - DEBUG: initialising coolRunLister
2009-05-09 21:19 - LArCalibL1Calo - DEBUG: applying selections to coolRunLister
2009-05-09 21:19 - LArCalibL1Calo - INFO: last valid run: 113232
2009-05-09 21:19 - LArCalibL1Calo - INFO: searching for new runs from 113233 to 2147483647
2009-05-09 21:19 - LArCalibL1Calo - DEBUG:  No new valid run. Last known valid run still: 113232
2009-05-09 21:34 - LArCalibL1Calo - INFO: ===> listening for new valid runs <===
2009-05-09 21:34 - LArCalibL1Calo - DEBUG: initialising coolRunLister
2009-05-09 21:34 - LArCalibL1Calo - DEBUG: applying selections to coolRunLister
2009-05-09 21:34 - LArCalibL1Calo - INFO: last valid run: 113232
2009-05-09 21:34 - LArCalibL1Calo - INFO: searching for new runs from 113233 to 2147483647
2009-05-09 21:34 - LArCalibL1Calo - DEBUG:  No new valid run. Last known valid run still: 113232
2009-05-09 21:49 - LArCalibL1Calo - INFO: ===> listening for new valid runs <===
2009-05-09 21:49 - LArCalibL1Calo - DEBUG: initialising coolRunLister
2009-05-09 21:49 - LArCalibL1Calo - DEBUG: applying selections to coolRunLister
2009-05-09 21:49 - LArCalibL1Calo - INFO: last valid run: 113232
2009-05-09 21:49 - LArCalibL1Calo - INFO: searching for new runs from 113233 to 2147483647
2009-05-09 21:49 - LArCalibL1Calo - DEBUG:  No new valid run. Last known valid run still: 113232
2009-05-09 22:04 - LArCalibL1Calo - INFO: ===> listening for new valid runs <===
2009-05-09 22:04 - LArCalibL1Calo - DEBUG: initialising coolRunLister
2009-05-09 22:04 - LArCalibL1Calo - DEBUG: applying selections to coolRunLister
2009-05-09 22:04 - LArCalibL1Calo - INFO: last valid run: 113232
2009-05-09 22:04 - LArCalibL1Calo - INFO: searching for new runs from 113233 to 2147483647
2009-05-09 22:04 - LArCalibL1Calo - DEBUG:  No new valid run. Last known valid run still: 113232
2009-05-09 22:20 - LArCalibL1Calo - INFO: ===> listening for new valid runs <===
2009-05-09 22:20 - LArCalibL1Calo - DEBUG: initialising coolRunLister
2009-05-09 22:20 - LArCalibL1Calo - DEBUG: applying selections to coolRunLister
2009-05-09 22:20 - LArCalibL1Calo - INFO: last valid run: 113232
2009-05-09 22:20 - LArCalibL1Calo - INFO: searching for new runs from 113233 to 2147483647
2009-05-09 22:20 - LArCalibL1Calo - DEBUG:  No new valid run. Last known valid run still: 113232
2009-05-09 22:35 - LArCalibL1Calo - INFO: ===> listening for new valid runs <===
2009-05-09 22:35 - LArCalibL1Calo - DEBUG: initialising coolRunLister
2009-05-09 22:35 - LArCalibL1Calo - DEBUG: applying selections to coolRunLister
2009-05-09 22:35 - LArCalibL1Calo - INFO: last valid run: 113232
2009-05-09 22:35 - LArCalibL1Calo - INFO: searching for new runs from 113233 to 2147483647
2009-05-09 22:35 - LArCalibL1Calo - DEBUG:  No new valid run. Last known valid run still: 113232
2009-05-09 22:50 - LArCalibL1Calo - INFO: ===> listening for new valid runs <===
2009-05-09 22:50 - LArCalibL1Calo - DEBUG: initialising coolRunLister
2009-05-09 22:50 - LArCalibL1Calo - DEBUG: applying selections to coolRunLister
2009-05-09 22:50 - LArCalibL1Calo - INFO: last valid run: 113232
2009-05-09 22:50 - LArCalibL1Calo - INFO: searching for new runs from 113233 to 2147483647
2009-05-09 22:50 - LArCalibL1Calo - DEBUG:  No new valid run. Last known valid run still: 113232
2009-05-09 23:05 - LArCalibL1Calo - INFO: ===> listening for new valid runs <===
2009-05-09 23:05 - LArCalibL1Calo - DEBUG: initialising coolRunLister
2009-05-09 23:05 - LArCalibL1Calo - DEBUG: applying selections to coolRunLister
2009-05-09 23:05 - LArCalibL1Calo - INFO: last valid run: 113232
2009-05-09 23:05 - LArCalibL1Calo - INFO: searching for new runs from 113233 to 2147483647
2009-05-09 23:05 - LArCalibL1Calo - DEBUG:  No new valid run. Last known valid run still: 113232
2009-05-09 23:20 - LArCalibL1Calo - INFO: ===> listening for new valid runs <===
2009-05-09 23:20 - LArCalibL1Calo - DEBUG: initialising coolRunLister
2009-05-09 23:20 - LArCalibL1Calo - DEBUG: applying selections to coolRunLister
2009-05-09 23:20 - LArCalibL1Calo - INFO: last valid run: 113232
2009-05-09 23:20 - LArCalibL1Calo - INFO: searching for new runs from 113233 to 2147483647
2009-05-09 23:20 - LArCalibL1Calo - DEBUG:  No new valid run. Last known valid run still: 113232
2009-05-09 23:36 - LArCalibL1Calo - INFO: ===> listening for new valid runs <===
2009-05-09 23:36 - LArCalibL1Calo - DEBUG: initialising coolRunLister
2009-05-09 23:36 - LArCalibL1Calo - DEBUG: applying selections to coolRunLister
2009-05-09 23:36 - LArCalibL1Calo - INFO: last valid run: 113232
2009-05-09 23:36 - LArCalibL1Calo - INFO: searching for new runs from 113233 to 2147483647
2009-05-09 23:36 - LArCalibL1Calo - DEBUG:  No new valid run. Last known valid run still: 113232
2009-05-09 23:51 - LArCalibL1Calo - INFO: ===> listening for new valid runs <===
2009-05-09 23:51 - LArCalibL1Calo - DEBUG: initialising coolRunLister
2009-05-09 23:51 - LArCalibL1Calo - DEBUG: applying selections to coolRunLister
2009-05-09 23:51 - LArCalibL1Calo - INFO: last valid run: 113232
2009-05-09 23:51 - LArCalibL1Calo - INFO: searching for new runs from 113233 to 2147483647
2009-05-09 23:51 - LArCalibL1Calo - DEBUG:  No new valid run. Last known valid run still: 113232
