2009-05-11 00:00 - L1CaloStandalone - INFO: ========================================
2009-05-11 00:00 - L1CaloStandalone - INFO: RunListener in init
2009-05-11 00:00 - L1CaloStandalone - INFO: RunListener initialized
2009-05-11 00:00 - L1CaloStandalone - INFO: ========================================
2009-05-11 00:00 - L1CaloStandalone - INFO: ===> from initRunListener <===
2009-05-11 00:00 - L1CaloStandalone - INFO: 
RunListener L1CaloStandaloneinitialised with the following parameters:
TDAQ DB: COOLONL_TDAQ/COMP200
TRIG DB: COOLONL_TRIGGER/COMP200
Status DB: COOLONL_TDAQ/COMP200
log level: 0
oracle: False
rec. only: True
det. mask: 0
run type: Physics
det. status: 2
det. status tag: HEAD
daq partition: 
 * L1CaloStandalone
tag: 
format: acertd
reverse: False
stoptimestamp: True
cleanstop: True
hasevents: True
last valid run known: 0

2009-05-11 00:16 - L1CaloStandalone - INFO: ===> listening for new valid runs <===
2009-05-11 00:16 - L1CaloStandalone - DEBUG: initialising coolRunLister
2009-05-11 00:16 - L1CaloStandalone - DEBUG: applying selections to coolRunLister
2009-05-11 00:16 - L1CaloStandalone - INFO: last valid run: 113232
2009-05-11 00:16 - L1CaloStandalone - INFO: searching for new runs from 113233 to 2147483647
2009-05-11 00:16 - L1CaloStandalone - DEBUG: new last known run: 114633
2009-05-11 00:16 - L1CaloStandalone - DEBUG: 
     Run   Events  LumiB            StartTime             StopTime L1Events L2Events EFEvents ErrC Rec Cln RunType                  DetectorMask DAQConfiguration     PartitionName    FilenameTag         
  113234     1324      1  2009-04-25:08:18:47  2009-04-25:08:21:38     1324     1324     1324    0  No Yes Physics                    7c00000000 Schema=136:Data=6    L1CaloStandalone data_test           
     Run   Events  LumiB            StartTime             StopTime L1Events L2Events EFEvents ErrC Rec Cln RunType                  DetectorMask DAQConfiguration     PartitionName    FilenameTag         
  113237     1260      1  2009-04-25:09:11:51  2009-04-25:09:13:57     1260     1260     1260    0  No Yes Physics                    7c00000000 Schema=136:Data=6    L1CaloStandalone data_test           
     Run   Events  LumiB            StartTime             StopTime L1Events L2Events EFEvents ErrC Rec Cln RunType                  DetectorMask DAQConfiguration     PartitionName    FilenameTag         
  113282     1264      1  2009-04-26:15:55:34  2009-04-26:15:57:40     1264     1264     1264    0  No Yes Physics                    7c00000000 Schema=136:Data=6    L1CaloStandalone data_test           
     Run   Events  LumiB            StartTime             StopTime L1Events L2Events EFEvents ErrC Rec Cln RunType                  DetectorMask DAQConfiguration     PartitionName    FilenameTag         
  114150     1308      1  2009-05-04:15:12:59  2009-05-04:15:15:51     1308     1308     1308    0  No Yes Physics                    7c00000000 Schema=139:Data=29   L1CaloStandalone data_test           
     Run   Events  LumiB            StartTime             StopTime L1Events L2Events EFEvents ErrC Rec Cln RunType                  DetectorMask DAQConfiguration     PartitionName    FilenameTag         
  114160     1264      1  2009-05-04:15:55:53  2009-05-04:15:57:59     1264     1264     1264    0  No Yes Physics                    7c00000000 Schema=139:Data=29   L1CaloStandalone data_test           
     Run   Events  LumiB            StartTime             StopTime L1Events L2Events EFEvents ErrC Rec Cln RunType                  DetectorMask DAQConfiguration     PartitionName    FilenameTag         
  114163     4133      1  2009-05-04:16:09:49  2009-05-04:16:10:00     4133     4133     4133    0  No Yes Physics                    7c00000000                      L1CaloStandalone data_test           
     Run   Events  LumiB            StartTime             StopTime L1Events L2Events EFEvents ErrC Rec Cln RunType                  DetectorMask DAQConfiguration     PartitionName    FilenameTag         
  114627     1296      1  2009-05-08:13:14:13  2009-05-08:13:17:05     1296     1296     1296    0  No Yes Physics                    7c00000000 Schema=141:Data=107  L1CaloStandalone data_test           
     Run   Events  LumiB            StartTime             StopTime L1Events L2Events EFEvents ErrC Rec Cln RunType                  DetectorMask DAQConfiguration     PartitionName    FilenameTag         
  114633     1264      1  2009-05-08:13:32:05  2009-05-08:13:34:11     1264     1264     1264    0  No Yes Physics                    7c00000000 Schema=141:Data=107  L1CaloStandalone data_test           

2009-05-11 00:32 - L1CaloStandalone - INFO: ===> listening for new valid runs <===
2009-05-11 00:32 - L1CaloStandalone - DEBUG: initialising coolRunLister
2009-05-11 00:32 - L1CaloStandalone - DEBUG: applying selections to coolRunLister
2009-05-11 00:32 - L1CaloStandalone - INFO: last valid run: 114633
2009-05-11 00:32 - L1CaloStandalone - INFO: searching for new runs from 114634 to 2147483647
2009-05-11 00:32 - L1CaloStandalone - DEBUG:  No new valid run. Last known valid run still: 114633
2009-05-11 00:47 - L1CaloStandalone - INFO: ===> listening for new valid runs <===
2009-05-11 00:47 - L1CaloStandalone - DEBUG: initialising coolRunLister
2009-05-11 00:47 - L1CaloStandalone - DEBUG: applying selections to coolRunLister
2009-05-11 00:47 - L1CaloStandalone - INFO: last valid run: 114633
2009-05-11 00:47 - L1CaloStandalone - INFO: searching for new runs from 114634 to 2147483647
2009-05-11 00:47 - L1CaloStandalone - DEBUG:  No new valid run. Last known valid run still: 114633
2009-05-11 01:02 - L1CaloStandalone - INFO: ===> listening for new valid runs <===
2009-05-11 01:02 - L1CaloStandalone - DEBUG: initialising coolRunLister
2009-05-11 01:02 - L1CaloStandalone - DEBUG: applying selections to coolRunLister
2009-05-11 01:02 - L1CaloStandalone - INFO: last valid run: 114633
2009-05-11 01:02 - L1CaloStandalone - INFO: searching for new runs from 114634 to 2147483647
2009-05-11 01:02 - L1CaloStandalone - DEBUG:  No new valid run. Last known valid run still: 114633
2009-05-11 01:17 - L1CaloStandalone - INFO: ===> listening for new valid runs <===
2009-05-11 01:17 - L1CaloStandalone - DEBUG: initialising coolRunLister
2009-05-11 01:17 - L1CaloStandalone - DEBUG: applying selections to coolRunLister
2009-05-11 01:17 - L1CaloStandalone - INFO: last valid run: 114633
2009-05-11 01:17 - L1CaloStandalone - INFO: searching for new runs from 114634 to 2147483647
2009-05-11 01:17 - L1CaloStandalone - DEBUG:  No new valid run. Last known valid run still: 114633
2009-05-11 01:33 - L1CaloStandalone - INFO: ===> listening for new valid runs <===
2009-05-11 01:33 - L1CaloStandalone - DEBUG: initialising coolRunLister
2009-05-11 01:33 - L1CaloStandalone - DEBUG: applying selections to coolRunLister
2009-05-11 01:33 - L1CaloStandalone - INFO: last valid run: 114633
2009-05-11 01:33 - L1CaloStandalone - INFO: searching for new runs from 114634 to 2147483647
2009-05-11 01:33 - L1CaloStandalone - DEBUG:  No new valid run. Last known valid run still: 114633
2009-05-11 01:48 - L1CaloStandalone - INFO: ===> listening for new valid runs <===
2009-05-11 01:48 - L1CaloStandalone - DEBUG: initialising coolRunLister
2009-05-11 01:48 - L1CaloStandalone - DEBUG: applying selections to coolRunLister
2009-05-11 01:48 - L1CaloStandalone - INFO: last valid run: 114633
2009-05-11 01:48 - L1CaloStandalone - INFO: searching for new runs from 114634 to 2147483647
2009-05-11 01:48 - L1CaloStandalone - DEBUG:  No new valid run. Last known valid run still: 114633
2009-05-11 02:03 - L1CaloStandalone - INFO: ===> listening for new valid runs <===
2009-05-11 02:03 - L1CaloStandalone - DEBUG: initialising coolRunLister
2009-05-11 02:03 - L1CaloStandalone - DEBUG: applying selections to coolRunLister
2009-05-11 02:03 - L1CaloStandalone - INFO: last valid run: 114633
2009-05-11 02:03 - L1CaloStandalone - INFO: searching for new runs from 114634 to 2147483647
2009-05-11 02:03 - L1CaloStandalone - DEBUG:  No new valid run. Last known valid run still: 114633
2009-05-11 02:18 - L1CaloStandalone - INFO: ===> listening for new valid runs <===
2009-05-11 02:18 - L1CaloStandalone - DEBUG: initialising coolRunLister
2009-05-11 02:18 - L1CaloStandalone - DEBUG: applying selections to coolRunLister
2009-05-11 02:18 - L1CaloStandalone - INFO: last valid run: 114633
2009-05-11 02:18 - L1CaloStandalone - INFO: searching for new runs from 114634 to 2147483647
2009-05-11 02:18 - L1CaloStandalone - DEBUG:  No new valid run. Last known valid run still: 114633
2009-05-11 02:33 - L1CaloStandalone - INFO: ===> listening for new valid runs <===
2009-05-11 02:33 - L1CaloStandalone - DEBUG: initialising coolRunLister
2009-05-11 02:33 - L1CaloStandalone - DEBUG: applying selections to coolRunLister
2009-05-11 02:33 - L1CaloStandalone - INFO: last valid run: 114633
2009-05-11 02:33 - L1CaloStandalone - INFO: searching for new runs from 114634 to 2147483647
2009-05-11 02:34 - L1CaloStandalone - DEBUG:  No new valid run. Last known valid run still: 114633
2009-05-11 02:49 - L1CaloStandalone - INFO: ===> listening for new valid runs <===
2009-05-11 02:49 - L1CaloStandalone - DEBUG: initialising coolRunLister
2009-05-11 02:49 - L1CaloStandalone - DEBUG: applying selections to coolRunLister
2009-05-11 02:49 - L1CaloStandalone - INFO: last valid run: 114633
2009-05-11 02:49 - L1CaloStandalone - INFO: searching for new runs from 114634 to 2147483647
2009-05-11 02:49 - L1CaloStandalone - DEBUG:  No new valid run. Last known valid run still: 114633
2009-05-11 03:04 - L1CaloStandalone - INFO: ===> listening for new valid runs <===
2009-05-11 03:04 - L1CaloStandalone - DEBUG: initialising coolRunLister
2009-05-11 03:04 - L1CaloStandalone - DEBUG: applying selections to coolRunLister
2009-05-11 03:04 - L1CaloStandalone - INFO: last valid run: 114633
2009-05-11 03:04 - L1CaloStandalone - INFO: searching for new runs from 114634 to 2147483647
2009-05-11 03:04 - L1CaloStandalone - DEBUG:  No new valid run. Last known valid run still: 114633
2009-05-11 03:19 - L1CaloStandalone - INFO: ===> listening for new valid runs <===
2009-05-11 03:19 - L1CaloStandalone - DEBUG: initialising coolRunLister
2009-05-11 03:19 - L1CaloStandalone - DEBUG: applying selections to coolRunLister
2009-05-11 03:19 - L1CaloStandalone - INFO: last valid run: 114633
2009-05-11 03:19 - L1CaloStandalone - INFO: searching for new runs from 114634 to 2147483647
2009-05-11 03:19 - L1CaloStandalone - DEBUG:  No new valid run. Last known valid run still: 114633
2009-05-11 03:34 - L1CaloStandalone - INFO: ===> listening for new valid runs <===
2009-05-11 03:34 - L1CaloStandalone - DEBUG: initialising coolRunLister
2009-05-11 03:34 - L1CaloStandalone - DEBUG: applying selections to coolRunLister
2009-05-11 03:34 - L1CaloStandalone - INFO: last valid run: 114633
2009-05-11 03:34 - L1CaloStandalone - INFO: searching for new runs from 114634 to 2147483647
2009-05-11 03:34 - L1CaloStandalone - DEBUG:  No new valid run. Last known valid run still: 114633
2009-05-11 03:50 - L1CaloStandalone - INFO: ===> listening for new valid runs <===
2009-05-11 03:50 - L1CaloStandalone - DEBUG: initialising coolRunLister
2009-05-11 03:50 - L1CaloStandalone - DEBUG: applying selections to coolRunLister
2009-05-11 03:50 - L1CaloStandalone - INFO: last valid run: 114633
2009-05-11 03:50 - L1CaloStandalone - INFO: searching for new runs from 114634 to 2147483647
2009-05-11 03:50 - L1CaloStandalone - DEBUG:  No new valid run. Last known valid run still: 114633
2009-05-11 04:05 - L1CaloStandalone - INFO: ===> listening for new valid runs <===
2009-05-11 04:05 - L1CaloStandalone - DEBUG: initialising coolRunLister
2009-05-11 04:05 - L1CaloStandalone - DEBUG: applying selections to coolRunLister
2009-05-11 04:05 - L1CaloStandalone - INFO: last valid run: 114633
2009-05-11 04:05 - L1CaloStandalone - INFO: searching for new runs from 114634 to 2147483647
2009-05-11 04:05 - L1CaloStandalone - DEBUG:  No new valid run. Last known valid run still: 114633
2009-05-11 04:20 - L1CaloStandalone - INFO: ===> listening for new valid runs <===
2009-05-11 04:20 - L1CaloStandalone - DEBUG: initialising coolRunLister
2009-05-11 04:20 - L1CaloStandalone - DEBUG: applying selections to coolRunLister
2009-05-11 04:20 - L1CaloStandalone - INFO: last valid run: 114633
2009-05-11 04:20 - L1CaloStandalone - INFO: searching for new runs from 114634 to 2147483647
2009-05-11 04:20 - L1CaloStandalone - DEBUG:  No new valid run. Last known valid run still: 114633
2009-05-11 04:35 - L1CaloStandalone - INFO: ===> listening for new valid runs <===
2009-05-11 04:35 - L1CaloStandalone - DEBUG: initialising coolRunLister
2009-05-11 04:35 - L1CaloStandalone - DEBUG: applying selections to coolRunLister
2009-05-11 04:35 - L1CaloStandalone - INFO: last valid run: 114633
2009-05-11 04:35 - L1CaloStandalone - INFO: searching for new runs from 114634 to 2147483647
2009-05-11 04:35 - L1CaloStandalone - DEBUG:  No new valid run. Last known valid run still: 114633
2009-05-11 04:51 - L1CaloStandalone - INFO: ===> listening for new valid runs <===
2009-05-11 04:51 - L1CaloStandalone - DEBUG: initialising coolRunLister
2009-05-11 04:51 - L1CaloStandalone - DEBUG: applying selections to coolRunLister
2009-05-11 04:51 - L1CaloStandalone - INFO: last valid run: 114633
2009-05-11 04:51 - L1CaloStandalone - INFO: searching for new runs from 114634 to 2147483647
2009-05-11 04:51 - L1CaloStandalone - DEBUG:  No new valid run. Last known valid run still: 114633
2009-05-11 05:06 - L1CaloStandalone - INFO: ===> listening for new valid runs <===
2009-05-11 05:06 - L1CaloStandalone - DEBUG: initialising coolRunLister
2009-05-11 05:06 - L1CaloStandalone - DEBUG: applying selections to coolRunLister
2009-05-11 05:06 - L1CaloStandalone - INFO: last valid run: 114633
2009-05-11 05:06 - L1CaloStandalone - INFO: searching for new runs from 114634 to 2147483647
2009-05-11 05:06 - L1CaloStandalone - DEBUG:  No new valid run. Last known valid run still: 114633
2009-05-11 05:21 - L1CaloStandalone - INFO: ===> listening for new valid runs <===
2009-05-11 05:21 - L1CaloStandalone - DEBUG: initialising coolRunLister
2009-05-11 05:21 - L1CaloStandalone - DEBUG: applying selections to coolRunLister
2009-05-11 05:21 - L1CaloStandalone - INFO: last valid run: 114633
2009-05-11 05:21 - L1CaloStandalone - INFO: searching for new runs from 114634 to 2147483647
2009-05-11 05:21 - L1CaloStandalone - DEBUG:  No new valid run. Last known valid run still: 114633
2009-05-11 05:36 - L1CaloStandalone - INFO: ===> listening for new valid runs <===
2009-05-11 05:36 - L1CaloStandalone - DEBUG: initialising coolRunLister
2009-05-11 05:36 - L1CaloStandalone - DEBUG: applying selections to coolRunLister
2009-05-11 05:36 - L1CaloStandalone - INFO: last valid run: 114633
2009-05-11 05:36 - L1CaloStandalone - INFO: searching for new runs from 114634 to 2147483647
2009-05-11 05:36 - L1CaloStandalone - DEBUG:  No new valid run. Last known valid run still: 114633
2009-05-11 05:52 - L1CaloStandalone - INFO: ===> listening for new valid runs <===
2009-05-11 05:52 - L1CaloStandalone - DEBUG: initialising coolRunLister
2009-05-11 05:52 - L1CaloStandalone - DEBUG: applying selections to coolRunLister
2009-05-11 05:52 - L1CaloStandalone - INFO: last valid run: 114633
2009-05-11 05:52 - L1CaloStandalone - INFO: searching for new runs from 114634 to 2147483647
2009-05-11 05:52 - L1CaloStandalone - DEBUG:  No new valid run. Last known valid run still: 114633
2009-05-11 06:07 - L1CaloStandalone - INFO: ===> listening for new valid runs <===
2009-05-11 06:07 - L1CaloStandalone - DEBUG: initialising coolRunLister
2009-05-11 06:07 - L1CaloStandalone - DEBUG: applying selections to coolRunLister
2009-05-11 06:07 - L1CaloStandalone - INFO: last valid run: 114633
2009-05-11 06:07 - L1CaloStandalone - INFO: searching for new runs from 114634 to 2147483647
2009-05-11 06:07 - L1CaloStandalone - DEBUG:  No new valid run. Last known valid run still: 114633
2009-05-11 06:22 - L1CaloStandalone - INFO: ===> listening for new valid runs <===
2009-05-11 06:22 - L1CaloStandalone - DEBUG: initialising coolRunLister
2009-05-11 06:22 - L1CaloStandalone - DEBUG: applying selections to coolRunLister
2009-05-11 06:22 - L1CaloStandalone - INFO: last valid run: 114633
2009-05-11 06:22 - L1CaloStandalone - INFO: searching for new runs from 114634 to 2147483647
2009-05-11 06:22 - L1CaloStandalone - DEBUG:  No new valid run. Last known valid run still: 114633
2009-05-11 06:37 - L1CaloStandalone - INFO: ===> listening for new valid runs <===
2009-05-11 06:37 - L1CaloStandalone - DEBUG: initialising coolRunLister
2009-05-11 06:37 - L1CaloStandalone - DEBUG: applying selections to coolRunLister
2009-05-11 06:37 - L1CaloStandalone - INFO: last valid run: 114633
2009-05-11 06:37 - L1CaloStandalone - INFO: searching for new runs from 114634 to 2147483647
2009-05-11 06:37 - L1CaloStandalone - DEBUG:  No new valid run. Last known valid run still: 114633
2009-05-11 06:52 - L1CaloStandalone - INFO: ===> listening for new valid runs <===
2009-05-11 06:52 - L1CaloStandalone - DEBUG: initialising coolRunLister
2009-05-11 06:52 - L1CaloStandalone - DEBUG: applying selections to coolRunLister
2009-05-11 06:52 - L1CaloStandalone - INFO: last valid run: 114633
2009-05-11 06:52 - L1CaloStandalone - INFO: searching for new runs from 114634 to 2147483647
2009-05-11 06:53 - L1CaloStandalone - DEBUG:  No new valid run. Last known valid run still: 114633
2009-05-11 07:08 - L1CaloStandalone - INFO: ===> listening for new valid runs <===
2009-05-11 07:08 - L1CaloStandalone - DEBUG: initialising coolRunLister
2009-05-11 07:08 - L1CaloStandalone - DEBUG: applying selections to coolRunLister
2009-05-11 07:08 - L1CaloStandalone - INFO: last valid run: 114633
2009-05-11 07:08 - L1CaloStandalone - INFO: searching for new runs from 114634 to 2147483647
2009-05-11 07:08 - L1CaloStandalone - DEBUG:  No new valid run. Last known valid run still: 114633
2009-05-11 07:23 - L1CaloStandalone - INFO: ===> listening for new valid runs <===
2009-05-11 07:23 - L1CaloStandalone - DEBUG: initialising coolRunLister
2009-05-11 07:23 - L1CaloStandalone - DEBUG: applying selections to coolRunLister
2009-05-11 07:23 - L1CaloStandalone - INFO: last valid run: 114633
2009-05-11 07:23 - L1CaloStandalone - INFO: searching for new runs from 114634 to 2147483647
2009-05-11 07:23 - L1CaloStandalone - DEBUG:  No new valid run. Last known valid run still: 114633
2009-05-11 07:38 - L1CaloStandalone - INFO: ===> listening for new valid runs <===
2009-05-11 07:38 - L1CaloStandalone - DEBUG: initialising coolRunLister
2009-05-11 07:38 - L1CaloStandalone - DEBUG: applying selections to coolRunLister
2009-05-11 07:38 - L1CaloStandalone - INFO: last valid run: 114633
2009-05-11 07:38 - L1CaloStandalone - INFO: searching for new runs from 114634 to 2147483647
2009-05-11 07:38 - L1CaloStandalone - DEBUG:  No new valid run. Last known valid run still: 114633
2009-05-11 07:53 - L1CaloStandalone - INFO: ===> listening for new valid runs <===
2009-05-11 07:53 - L1CaloStandalone - DEBUG: initialising coolRunLister
2009-05-11 07:53 - L1CaloStandalone - DEBUG: applying selections to coolRunLister
2009-05-11 07:53 - L1CaloStandalone - INFO: last valid run: 114633
2009-05-11 07:53 - L1CaloStandalone - INFO: searching for new runs from 114634 to 2147483647
2009-05-11 07:53 - L1CaloStandalone - DEBUG:  No new valid run. Last known valid run still: 114633
2009-05-11 08:09 - L1CaloStandalone - INFO: ===> listening for new valid runs <===
2009-05-11 08:09 - L1CaloStandalone - DEBUG: initialising coolRunLister
2009-05-11 08:09 - L1CaloStandalone - DEBUG: applying selections to coolRunLister
2009-05-11 08:09 - L1CaloStandalone - INFO: last valid run: 114633
2009-05-11 08:09 - L1CaloStandalone - INFO: searching for new runs from 114634 to 2147483647
2009-05-11 08:09 - L1CaloStandalone - DEBUG:  No new valid run. Last known valid run still: 114633
2009-05-11 08:24 - L1CaloStandalone - INFO: ===> listening for new valid runs <===
2009-05-11 08:24 - L1CaloStandalone - DEBUG: initialising coolRunLister
2009-05-11 08:24 - L1CaloStandalone - DEBUG: applying selections to coolRunLister
2009-05-11 08:24 - L1CaloStandalone - INFO: last valid run: 114633
2009-05-11 08:24 - L1CaloStandalone - INFO: searching for new runs from 114634 to 2147483647
2009-05-11 08:24 - L1CaloStandalone - DEBUG:  No new valid run. Last known valid run still: 114633
2009-05-11 08:39 - L1CaloStandalone - INFO: ===> listening for new valid runs <===
2009-05-11 08:39 - L1CaloStandalone - DEBUG: initialising coolRunLister
2009-05-11 08:39 - L1CaloStandalone - DEBUG: applying selections to coolRunLister
2009-05-11 08:39 - L1CaloStandalone - INFO: last valid run: 114633
2009-05-11 08:39 - L1CaloStandalone - INFO: searching for new runs from 114634 to 2147483647
2009-05-11 08:39 - L1CaloStandalone - DEBUG:  No new valid run. Last known valid run still: 114633
2009-05-11 08:54 - L1CaloStandalone - INFO: ===> listening for new valid runs <===
2009-05-11 08:54 - L1CaloStandalone - DEBUG: initialising coolRunLister
2009-05-11 08:54 - L1CaloStandalone - DEBUG: applying selections to coolRunLister
2009-05-11 08:54 - L1CaloStandalone - INFO: last valid run: 114633
2009-05-11 08:54 - L1CaloStandalone - INFO: searching for new runs from 114634 to 2147483647
2009-05-11 08:54 - L1CaloStandalone - DEBUG:  No new valid run. Last known valid run still: 114633
2009-05-11 09:10 - L1CaloStandalone - INFO: ===> listening for new valid runs <===
2009-05-11 09:10 - L1CaloStandalone - DEBUG: initialising coolRunLister
2009-05-11 09:10 - L1CaloStandalone - DEBUG: applying selections to coolRunLister
2009-05-11 09:10 - L1CaloStandalone - INFO: last valid run: 114633
2009-05-11 09:10 - L1CaloStandalone - INFO: searching for new runs from 114634 to 2147483647
2009-05-11 09:10 - L1CaloStandalone - DEBUG:  No new valid run. Last known valid run still: 114633
2009-05-11 09:25 - L1CaloStandalone - INFO: ===> listening for new valid runs <===
2009-05-11 09:25 - L1CaloStandalone - DEBUG: initialising coolRunLister
2009-05-11 09:25 - L1CaloStandalone - DEBUG: applying selections to coolRunLister
2009-05-11 09:25 - L1CaloStandalone - INFO: last valid run: 114633
2009-05-11 09:25 - L1CaloStandalone - INFO: searching for new runs from 114634 to 2147483647
2009-05-11 09:25 - L1CaloStandalone - DEBUG:  No new valid run. Last known valid run still: 114633
2009-05-11 09:40 - L1CaloStandalone - INFO: ===> listening for new valid runs <===
2009-05-11 09:40 - L1CaloStandalone - DEBUG: initialising coolRunLister
2009-05-11 09:40 - L1CaloStandalone - DEBUG: applying selections to coolRunLister
2009-05-11 09:40 - L1CaloStandalone - INFO: last valid run: 114633
2009-05-11 09:40 - L1CaloStandalone - INFO: searching for new runs from 114634 to 2147483647
2009-05-11 09:40 - L1CaloStandalone - DEBUG:  No new valid run. Last known valid run still: 114633
2009-05-11 09:55 - L1CaloStandalone - INFO: ===> listening for new valid runs <===
2009-05-11 09:55 - L1CaloStandalone - DEBUG: initialising coolRunLister
2009-05-11 09:55 - L1CaloStandalone - DEBUG: applying selections to coolRunLister
2009-05-11 09:55 - L1CaloStandalone - INFO: last valid run: 114633
2009-05-11 09:55 - L1CaloStandalone - INFO: searching for new runs from 114634 to 2147483647
2009-05-11 09:55 - L1CaloStandalone - DEBUG:  No new valid run. Last known valid run still: 114633
2009-05-11 10:11 - L1CaloStandalone - INFO: ===> listening for new valid runs <===
2009-05-11 10:11 - L1CaloStandalone - DEBUG: initialising coolRunLister
2009-05-11 10:11 - L1CaloStandalone - DEBUG: applying selections to coolRunLister
2009-05-11 10:11 - L1CaloStandalone - INFO: last valid run: 114633
2009-05-11 10:11 - L1CaloStandalone - INFO: searching for new runs from 114634 to 2147483647
2009-05-11 10:11 - L1CaloStandalone - DEBUG:  No new valid run. Last known valid run still: 114633
2009-05-11 10:26 - L1CaloStandalone - INFO: ===> listening for new valid runs <===
2009-05-11 10:26 - L1CaloStandalone - DEBUG: initialising coolRunLister
2009-05-11 10:26 - L1CaloStandalone - DEBUG: applying selections to coolRunLister
2009-05-11 10:26 - L1CaloStandalone - INFO: last valid run: 114633
2009-05-11 10:26 - L1CaloStandalone - INFO: searching for new runs from 114634 to 2147483647
2009-05-11 10:26 - L1CaloStandalone - DEBUG:  No new valid run. Last known valid run still: 114633
2009-05-11 10:41 - L1CaloStandalone - INFO: ===> listening for new valid runs <===
2009-05-11 10:41 - L1CaloStandalone - DEBUG: initialising coolRunLister
2009-05-11 10:41 - L1CaloStandalone - DEBUG: applying selections to coolRunLister
2009-05-11 10:41 - L1CaloStandalone - INFO: last valid run: 114633
2009-05-11 10:41 - L1CaloStandalone - INFO: searching for new runs from 114634 to 2147483647
2009-05-11 10:41 - L1CaloStandalone - DEBUG:  No new valid run. Last known valid run still: 114633
2009-05-11 10:56 - L1CaloStandalone - INFO: ===> listening for new valid runs <===
2009-05-11 10:56 - L1CaloStandalone - DEBUG: initialising coolRunLister
2009-05-11 10:56 - L1CaloStandalone - DEBUG: applying selections to coolRunLister
2009-05-11 10:56 - L1CaloStandalone - INFO: last valid run: 114633
2009-05-11 10:56 - L1CaloStandalone - INFO: searching for new runs from 114634 to 2147483647
2009-05-11 10:56 - L1CaloStandalone - DEBUG:  No new valid run. Last known valid run still: 114633
2009-05-11 11:12 - L1CaloStandalone - INFO: ===> listening for new valid runs <===
2009-05-11 11:12 - L1CaloStandalone - DEBUG: initialising coolRunLister
2009-05-11 11:12 - L1CaloStandalone - DEBUG: applying selections to coolRunLister
2009-05-11 11:12 - L1CaloStandalone - INFO: last valid run: 114633
2009-05-11 11:12 - L1CaloStandalone - INFO: searching for new runs from 114634 to 2147483647
2009-05-11 11:12 - L1CaloStandalone - DEBUG:  No new valid run. Last known valid run still: 114633
2009-05-11 11:27 - L1CaloStandalone - INFO: ===> listening for new valid runs <===
2009-05-11 11:27 - L1CaloStandalone - DEBUG: initialising coolRunLister
2009-05-11 11:27 - L1CaloStandalone - DEBUG: applying selections to coolRunLister
2009-05-11 11:27 - L1CaloStandalone - INFO: last valid run: 114633
2009-05-11 11:27 - L1CaloStandalone - INFO: searching for new runs from 114634 to 2147483647
2009-05-11 11:27 - L1CaloStandalone - DEBUG:  No new valid run. Last known valid run still: 114633
2009-05-11 11:42 - L1CaloStandalone - INFO: ===> listening for new valid runs <===
2009-05-11 11:42 - L1CaloStandalone - DEBUG: initialising coolRunLister
2009-05-11 11:42 - L1CaloStandalone - DEBUG: applying selections to coolRunLister
2009-05-11 11:42 - L1CaloStandalone - INFO: last valid run: 114633
2009-05-11 11:42 - L1CaloStandalone - INFO: searching for new runs from 114634 to 2147483647
2009-05-11 11:42 - L1CaloStandalone - DEBUG:  No new valid run. Last known valid run still: 114633
2009-05-11 11:57 - L1CaloStandalone - INFO: ===> listening for new valid runs <===
2009-05-11 11:57 - L1CaloStandalone - DEBUG: initialising coolRunLister
2009-05-11 11:57 - L1CaloStandalone - DEBUG: applying selections to coolRunLister
2009-05-11 11:57 - L1CaloStandalone - INFO: last valid run: 114633
2009-05-11 11:57 - L1CaloStandalone - INFO: searching for new runs from 114634 to 2147483647
2009-05-11 11:57 - L1CaloStandalone - DEBUG:  No new valid run. Last known valid run still: 114633
2009-05-11 12:13 - L1CaloStandalone - INFO: ===> listening for new valid runs <===
2009-05-11 12:13 - L1CaloStandalone - DEBUG: initialising coolRunLister
2009-05-11 12:13 - L1CaloStandalone - DEBUG: applying selections to coolRunLister
2009-05-11 12:13 - L1CaloStandalone - INFO: last valid run: 114633
2009-05-11 12:13 - L1CaloStandalone - INFO: searching for new runs from 114634 to 2147483647
2009-05-11 12:13 - L1CaloStandalone - DEBUG:  No new valid run. Last known valid run still: 114633
2009-05-11 12:28 - L1CaloStandalone - INFO: ===> listening for new valid runs <===
2009-05-11 12:28 - L1CaloStandalone - DEBUG: initialising coolRunLister
2009-05-11 12:28 - L1CaloStandalone - DEBUG: applying selections to coolRunLister
2009-05-11 12:28 - L1CaloStandalone - INFO: last valid run: 114633
2009-05-11 12:28 - L1CaloStandalone - INFO: searching for new runs from 114634 to 2147483647
2009-05-11 12:28 - L1CaloStandalone - DEBUG:  No new valid run. Last known valid run still: 114633
2009-05-11 12:43 - L1CaloStandalone - INFO: ===> listening for new valid runs <===
2009-05-11 12:43 - L1CaloStandalone - DEBUG: initialising coolRunLister
2009-05-11 12:43 - L1CaloStandalone - DEBUG: applying selections to coolRunLister
2009-05-11 12:43 - L1CaloStandalone - INFO: last valid run: 114633
2009-05-11 12:43 - L1CaloStandalone - INFO: searching for new runs from 114634 to 2147483647
2009-05-11 12:43 - L1CaloStandalone - DEBUG:  No new valid run. Last known valid run still: 114633
2009-05-11 12:58 - L1CaloStandalone - INFO: ===> listening for new valid runs <===
2009-05-11 12:58 - L1CaloStandalone - DEBUG: initialising coolRunLister
2009-05-11 12:58 - L1CaloStandalone - DEBUG: applying selections to coolRunLister
2009-05-11 12:58 - L1CaloStandalone - INFO: last valid run: 114633
2009-05-11 12:58 - L1CaloStandalone - INFO: searching for new runs from 114634 to 2147483647
2009-05-11 12:58 - L1CaloStandalone - DEBUG:  No new valid run. Last known valid run still: 114633
2009-05-11 13:14 - L1CaloStandalone - INFO: ===> listening for new valid runs <===
2009-05-11 13:14 - L1CaloStandalone - DEBUG: initialising coolRunLister
2009-05-11 13:14 - L1CaloStandalone - DEBUG: applying selections to coolRunLister
2009-05-11 13:14 - L1CaloStandalone - INFO: last valid run: 114633
2009-05-11 13:14 - L1CaloStandalone - INFO: searching for new runs from 114634 to 2147483647
2009-05-11 13:14 - L1CaloStandalone - DEBUG:  No new valid run. Last known valid run still: 114633
2009-05-11 13:29 - L1CaloStandalone - INFO: ===> listening for new valid runs <===
2009-05-11 13:29 - L1CaloStandalone - DEBUG: initialising coolRunLister
2009-05-11 13:29 - L1CaloStandalone - DEBUG: applying selections to coolRunLister
2009-05-11 13:29 - L1CaloStandalone - INFO: last valid run: 114633
2009-05-11 13:29 - L1CaloStandalone - INFO: searching for new runs from 114634 to 2147483647
2009-05-11 13:29 - L1CaloStandalone - DEBUG:  No new valid run. Last known valid run still: 114633
2009-05-11 13:44 - L1CaloStandalone - INFO: ===> listening for new valid runs <===
2009-05-11 13:44 - L1CaloStandalone - DEBUG: initialising coolRunLister
2009-05-11 13:44 - L1CaloStandalone - DEBUG: applying selections to coolRunLister
2009-05-11 13:44 - L1CaloStandalone - INFO: last valid run: 114633
2009-05-11 13:44 - L1CaloStandalone - INFO: searching for new runs from 114634 to 2147483647
2009-05-11 13:44 - L1CaloStandalone - DEBUG:  No new valid run. Last known valid run still: 114633
2009-05-11 13:59 - L1CaloStandalone - INFO: ===> listening for new valid runs <===
2009-05-11 13:59 - L1CaloStandalone - DEBUG: initialising coolRunLister
2009-05-11 13:59 - L1CaloStandalone - DEBUG: applying selections to coolRunLister
2009-05-11 13:59 - L1CaloStandalone - INFO: last valid run: 114633
2009-05-11 13:59 - L1CaloStandalone - INFO: searching for new runs from 114634 to 2147483647
2009-05-11 13:59 - L1CaloStandalone - DEBUG:  No new valid run. Last known valid run still: 114633
2009-05-11 14:14 - L1CaloStandalone - INFO: ===> listening for new valid runs <===
2009-05-11 14:14 - L1CaloStandalone - DEBUG: initialising coolRunLister
2009-05-11 14:14 - L1CaloStandalone - DEBUG: applying selections to coolRunLister
2009-05-11 14:14 - L1CaloStandalone - INFO: last valid run: 114633
2009-05-11 14:14 - L1CaloStandalone - INFO: searching for new runs from 114634 to 2147483647
2009-05-11 14:15 - L1CaloStandalone - DEBUG:  No new valid run. Last known valid run still: 114633
2009-05-11 14:30 - L1CaloStandalone - INFO: ===> listening for new valid runs <===
2009-05-11 14:30 - L1CaloStandalone - DEBUG: initialising coolRunLister
2009-05-11 14:30 - L1CaloStandalone - DEBUG: applying selections to coolRunLister
2009-05-11 14:30 - L1CaloStandalone - INFO: last valid run: 114633
2009-05-11 14:30 - L1CaloStandalone - INFO: searching for new runs from 114634 to 2147483647
2009-05-11 14:30 - L1CaloStandalone - DEBUG:  No new valid run. Last known valid run still: 114633
2009-05-11 14:45 - L1CaloStandalone - INFO: ===> listening for new valid runs <===
2009-05-11 14:45 - L1CaloStandalone - DEBUG: initialising coolRunLister
2009-05-11 14:45 - L1CaloStandalone - DEBUG: applying selections to coolRunLister
2009-05-11 14:45 - L1CaloStandalone - INFO: last valid run: 114633
2009-05-11 14:45 - L1CaloStandalone - INFO: searching for new runs from 114634 to 2147483647
2009-05-11 14:45 - L1CaloStandalone - DEBUG:  No new valid run. Last known valid run still: 114633
2009-05-11 15:00 - L1CaloStandalone - INFO: ===> listening for new valid runs <===
2009-05-11 15:00 - L1CaloStandalone - DEBUG: initialising coolRunLister
2009-05-11 15:00 - L1CaloStandalone - DEBUG: applying selections to coolRunLister
2009-05-11 15:00 - L1CaloStandalone - INFO: last valid run: 114633
2009-05-11 15:00 - L1CaloStandalone - INFO: searching for new runs from 114634 to 2147483647
2009-05-11 15:00 - L1CaloStandalone - DEBUG:  No new valid run. Last known valid run still: 114633
2009-05-11 15:15 - L1CaloStandalone - INFO: ===> listening for new valid runs <===
2009-05-11 15:15 - L1CaloStandalone - DEBUG: initialising coolRunLister
2009-05-11 15:15 - L1CaloStandalone - DEBUG: applying selections to coolRunLister
2009-05-11 15:15 - L1CaloStandalone - INFO: last valid run: 114633
2009-05-11 15:15 - L1CaloStandalone - INFO: searching for new runs from 114634 to 2147483647
2009-05-11 15:16 - L1CaloStandalone - DEBUG:  No new valid run. Last known valid run still: 114633
2009-05-11 15:31 - L1CaloStandalone - INFO: ===> listening for new valid runs <===
2009-05-11 15:31 - L1CaloStandalone - DEBUG: initialising coolRunLister
2009-05-11 15:31 - L1CaloStandalone - DEBUG: applying selections to coolRunLister
2009-05-11 15:31 - L1CaloStandalone - INFO: last valid run: 114633
2009-05-11 15:31 - L1CaloStandalone - INFO: searching for new runs from 114634 to 2147483647
2009-05-11 15:31 - L1CaloStandalone - DEBUG:  No new valid run. Last known valid run still: 114633
2009-05-11 15:46 - L1CaloStandalone - INFO: ===> listening for new valid runs <===
2009-05-11 15:46 - L1CaloStandalone - DEBUG: initialising coolRunLister
2009-05-11 15:46 - L1CaloStandalone - DEBUG: applying selections to coolRunLister
2009-05-11 15:46 - L1CaloStandalone - INFO: last valid run: 114633
2009-05-11 15:46 - L1CaloStandalone - INFO: searching for new runs from 114634 to 2147483647
2009-05-11 15:46 - L1CaloStandalone - DEBUG: new last known run: 114859
2009-05-11 15:46 - L1CaloStandalone - DEBUG: 
     Run   Events  LumiB            StartTime             StopTime L1Events L2Events EFEvents ErrC Rec Cln RunType                  DetectorMask DAQConfiguration     PartitionName    FilenameTag         
  114859   425579      1  2009-05-11:13:37:38  2009-05-11:13:41:36   425579   425579   425579    0  No Yes Physics                    7c00000000 Schema=141:Data=167  L1CaloStandalone data_test           

2009-05-11 16:01 - L1CaloStandalone - INFO: ===> listening for new valid runs <===
2009-05-11 16:01 - L1CaloStandalone - DEBUG: initialising coolRunLister
2009-05-11 16:01 - L1CaloStandalone - DEBUG: applying selections to coolRunLister
2009-05-11 16:01 - L1CaloStandalone - INFO: last valid run: 114859
2009-05-11 16:01 - L1CaloStandalone - INFO: searching for new runs from 114860 to 2147483647
2009-05-11 16:01 - L1CaloStandalone - DEBUG:  No new valid run. Last known valid run still: 114859
2009-05-11 16:17 - L1CaloStandalone - INFO: ===> listening for new valid runs <===
2009-05-11 16:17 - L1CaloStandalone - DEBUG: initialising coolRunLister
2009-05-11 16:17 - L1CaloStandalone - DEBUG: applying selections to coolRunLister
2009-05-11 16:17 - L1CaloStandalone - INFO: last valid run: 114859
2009-05-11 16:17 - L1CaloStandalone - INFO: searching for new runs from 114860 to 2147483647
2009-05-11 16:17 - L1CaloStandalone - DEBUG:  No new valid run. Last known valid run still: 114859
2009-05-11 16:32 - L1CaloStandalone - INFO: ===> listening for new valid runs <===
2009-05-11 16:32 - L1CaloStandalone - DEBUG: initialising coolRunLister
2009-05-11 16:32 - L1CaloStandalone - DEBUG: applying selections to coolRunLister
2009-05-11 16:32 - L1CaloStandalone - INFO: last valid run: 114859
2009-05-11 16:32 - L1CaloStandalone - INFO: searching for new runs from 114860 to 2147483647
2009-05-11 16:32 - L1CaloStandalone - DEBUG:  No new valid run. Last known valid run still: 114859
2009-05-11 16:47 - L1CaloStandalone - INFO: ===> listening for new valid runs <===
2009-05-11 16:47 - L1CaloStandalone - DEBUG: initialising coolRunLister
2009-05-11 16:47 - L1CaloStandalone - DEBUG: applying selections to coolRunLister
2009-05-11 16:47 - L1CaloStandalone - INFO: last valid run: 114859
2009-05-11 16:47 - L1CaloStandalone - INFO: searching for new runs from 114860 to 2147483647
2009-05-11 16:47 - L1CaloStandalone - DEBUG:  No new valid run. Last known valid run still: 114859
2009-05-11 17:02 - L1CaloStandalone - INFO: ===> listening for new valid runs <===
2009-05-11 17:02 - L1CaloStandalone - DEBUG: initialising coolRunLister
2009-05-11 17:02 - L1CaloStandalone - DEBUG: applying selections to coolRunLister
2009-05-11 17:02 - L1CaloStandalone - INFO: last valid run: 114859
2009-05-11 17:02 - L1CaloStandalone - INFO: searching for new runs from 114860 to 2147483647
2009-05-11 17:02 - L1CaloStandalone - DEBUG:  No new valid run. Last known valid run still: 114859
2009-05-11 17:17 - L1CaloStandalone - INFO: ===> listening for new valid runs <===
2009-05-11 17:17 - L1CaloStandalone - DEBUG: initialising coolRunLister
2009-05-11 17:17 - L1CaloStandalone - DEBUG: applying selections to coolRunLister
2009-05-11 17:17 - L1CaloStandalone - INFO: last valid run: 114859
2009-05-11 17:17 - L1CaloStandalone - INFO: searching for new runs from 114860 to 2147483647
2009-05-11 17:17 - L1CaloStandalone - DEBUG:  No new valid run. Last known valid run still: 114859
2009-05-11 17:33 - L1CaloStandalone - INFO: ===> listening for new valid runs <===
2009-05-11 17:33 - L1CaloStandalone - DEBUG: initialising coolRunLister
2009-05-11 17:33 - L1CaloStandalone - DEBUG: applying selections to coolRunLister
2009-05-11 17:33 - L1CaloStandalone - INFO: last valid run: 114859
2009-05-11 17:33 - L1CaloStandalone - INFO: searching for new runs from 114860 to 2147483647
2009-05-11 17:33 - L1CaloStandalone - DEBUG:  No new valid run. Last known valid run still: 114859
2009-05-11 17:48 - L1CaloStandalone - INFO: ===> listening for new valid runs <===
2009-05-11 17:48 - L1CaloStandalone - DEBUG: initialising coolRunLister
2009-05-11 17:48 - L1CaloStandalone - DEBUG: applying selections to coolRunLister
2009-05-11 17:48 - L1CaloStandalone - INFO: last valid run: 114859
2009-05-11 17:48 - L1CaloStandalone - INFO: searching for new runs from 114860 to 2147483647
2009-05-11 17:48 - L1CaloStandalone - DEBUG:  No new valid run. Last known valid run still: 114859
2009-05-11 18:03 - L1CaloStandalone - INFO: ===> listening for new valid runs <===
2009-05-11 18:03 - L1CaloStandalone - DEBUG: initialising coolRunLister
2009-05-11 18:03 - L1CaloStandalone - DEBUG: applying selections to coolRunLister
2009-05-11 18:03 - L1CaloStandalone - INFO: last valid run: 114859
2009-05-11 18:03 - L1CaloStandalone - INFO: searching for new runs from 114860 to 2147483647
2009-05-11 18:03 - L1CaloStandalone - DEBUG:  No new valid run. Last known valid run still: 114859
2009-05-11 18:18 - L1CaloStandalone - INFO: ===> listening for new valid runs <===
2009-05-11 18:18 - L1CaloStandalone - DEBUG: initialising coolRunLister
2009-05-11 18:18 - L1CaloStandalone - DEBUG: applying selections to coolRunLister
2009-05-11 18:18 - L1CaloStandalone - INFO: last valid run: 114859
2009-05-11 18:18 - L1CaloStandalone - INFO: searching for new runs from 114860 to 2147483647
2009-05-11 18:18 - L1CaloStandalone - DEBUG:  No new valid run. Last known valid run still: 114859
2009-05-11 18:34 - L1CaloStandalone - INFO: ===> listening for new valid runs <===
2009-05-11 18:34 - L1CaloStandalone - DEBUG: initialising coolRunLister
2009-05-11 18:34 - L1CaloStandalone - DEBUG: applying selections to coolRunLister
2009-05-11 18:34 - L1CaloStandalone - INFO: last valid run: 114859
2009-05-11 18:34 - L1CaloStandalone - INFO: searching for new runs from 114860 to 2147483647
2009-05-11 18:34 - L1CaloStandalone - DEBUG:  No new valid run. Last known valid run still: 114859
2009-05-11 18:49 - L1CaloStandalone - INFO: ===> listening for new valid runs <===
2009-05-11 18:49 - L1CaloStandalone - DEBUG: initialising coolRunLister
2009-05-11 18:49 - L1CaloStandalone - DEBUG: applying selections to coolRunLister
2009-05-11 18:49 - L1CaloStandalone - INFO: last valid run: 114859
2009-05-11 18:49 - L1CaloStandalone - INFO: searching for new runs from 114860 to 2147483647
2009-05-11 18:49 - L1CaloStandalone - DEBUG:  No new valid run. Last known valid run still: 114859
2009-05-11 19:04 - L1CaloStandalone - INFO: ===> listening for new valid runs <===
2009-05-11 19:04 - L1CaloStandalone - DEBUG: initialising coolRunLister
2009-05-11 19:04 - L1CaloStandalone - DEBUG: applying selections to coolRunLister
2009-05-11 19:04 - L1CaloStandalone - INFO: last valid run: 114859
2009-05-11 19:04 - L1CaloStandalone - INFO: searching for new runs from 114860 to 2147483647
2009-05-11 19:04 - L1CaloStandalone - DEBUG:  No new valid run. Last known valid run still: 114859
2009-05-11 19:19 - L1CaloStandalone - INFO: ===> listening for new valid runs <===
2009-05-11 19:19 - L1CaloStandalone - DEBUG: initialising coolRunLister
2009-05-11 19:19 - L1CaloStandalone - DEBUG: applying selections to coolRunLister
2009-05-11 19:19 - L1CaloStandalone - INFO: last valid run: 114859
2009-05-11 19:19 - L1CaloStandalone - INFO: searching for new runs from 114860 to 2147483647
2009-05-11 19:19 - L1CaloStandalone - DEBUG:  No new valid run. Last known valid run still: 114859
