2009-05-28 00:01 - TileCalibL1Calo - INFO: ========================================
2009-05-28 00:01 - TileCalibL1Calo - INFO: RunListener in init
2009-05-28 00:01 - TileCalibL1Calo - INFO: RunListener initialized
2009-05-28 00:01 - TileCalibL1Calo - INFO: ========================================
2009-05-28 00:01 - TileCalibL1Calo - INFO: ===> from initRunListener <===
2009-05-28 00:01 - TileCalibL1Calo - INFO: 
RunListener TileCalibL1Caloinitialised with the following parameters:
TDAQ DB: COOLONL_TDAQ/COMP200
TRIG DB: COOLONL_TRIGGER/COMP200
Status DB: COOLONL_TDAQ/COMP200
log level: 0
oracle: False
rec. only: True
det. mask: 0
run type: cismono
det. status: 2
det. status tag: HEAD
daq partition: 
 * L1Calo-TTC2LAN
 * Tile-TTC2LAN
 * TileL1Calo-TTC2LAN
tag: 
format: acertd
reverse: False
stoptimestamp: True
cleanstop: True
hasevents: True
last valid run known: 0

2009-05-28 00:16 - TileCalibL1Calo - INFO: ===> listening for new valid runs <===
2009-05-28 00:16 - TileCalibL1Calo - DEBUG: initialising coolRunLister
2009-05-28 00:16 - TileCalibL1Calo - DEBUG: applying selections to coolRunLister
2009-05-28 00:16 - TileCalibL1Calo - INFO: last valid run: 104000
2009-05-28 00:16 - TileCalibL1Calo - INFO: searching for new runs from 104001 to 2147483647
2009-05-28 00:17 - TileCalibL1Calo - DEBUG: new last known run: 115706
2009-05-28 00:17 - TileCalibL1Calo - DEBUG: 
     Run   Events  LumiB            StartTime             StopTime L1Events L2Events EFEvents ErrC Rec Cln RunType                  DetectorMask DAQConfiguration     PartitionName    FilenameTag         
  105072     4508      3  2009-04-02:13:28:56  2009-04-02:13:30:15     4508     4508     4508    0  No Yes cismono                    7c00f00000 Schema=127:Data=150  Tile-TTC2LAN                         
     Run   Events  LumiB            StartTime             StopTime L1Events L2Events EFEvents ErrC Rec Cln RunType                  DetectorMask DAQConfiguration     PartitionName    FilenameTag         
  113384      414      1  2009-04-28:09:25:36  2009-04-28:09:27:25      776      776      414    0  No Yes cismono                    7c00600000 Schema=136:Data=77   L1Calo-TTC2LAN   data09_calocomm     
     Run   Events  LumiB            StartTime             StopTime L1Events L2Events EFEvents ErrC Rec Cln RunType                  DetectorMask DAQConfiguration     PartitionName    FilenameTag         
  113386      259      1  2009-04-28:09:27:46  2009-04-28:09:31:30      515      515      259    0  No Yes cismono                    7c00600000 Schema=136:Data=77   L1Calo-TTC2LAN   data09_calocomm     
     Run   Events  LumiB            StartTime             StopTime L1Events L2Events EFEvents ErrC Rec Cln RunType                  DetectorMask DAQConfiguration     PartitionName    FilenameTag         
  113389      263      1  2009-04-28:09:32:26  2009-04-28:09:34:10      517      517      263    0  No Yes cismono                    7c00600000 Schema=136:Data=77   L1Calo-TTC2LAN   data09_calocomm     
     Run   Events  LumiB            StartTime             StopTime L1Events L2Events EFEvents ErrC Rec Cln RunType                  DetectorMask DAQConfiguration     PartitionName    FilenameTag         
  113390      256      1  2009-04-28:09:34:44  2009-04-28:09:36:59      512      512      256    0  No Yes cismono                    7c00600000 Schema=136:Data=77   L1Calo-TTC2LAN   data09_calocomm     
     Run   Events  LumiB            StartTime             StopTime L1Events L2Events EFEvents ErrC Rec Cln RunType                  DetectorMask DAQConfiguration     PartitionName    FilenameTag         
  113391      253      1  2009-04-28:09:37:22  2009-04-28:09:39:06      519      519      253    0  No Yes cismono                    7c00600000 Schema=136:Data=77   L1Calo-TTC2LAN   data09_calocomm     
     Run   Events  LumiB            StartTime             StopTime L1Events L2Events EFEvents ErrC Rec Cln RunType                  DetectorMask DAQConfiguration     PartitionName    FilenameTag         
  113392      256      1  2009-04-28:09:39:15  2009-04-28:09:40:58      513      513      256    0  No Yes cismono                    7c00600000 Schema=136:Data=77   L1Calo-TTC2LAN   data09_calocomm     
     Run   Events  LumiB            StartTime             StopTime L1Events L2Events EFEvents ErrC Rec Cln RunType                  DetectorMask DAQConfiguration     PartitionName    FilenameTag         
  113394      260      1  2009-04-28:09:41:28  2009-04-28:09:43:12      512      512      260    0  No Yes cismono                    7c00600000 Schema=136:Data=77   L1Calo-TTC2LAN   data09_calocomm     
     Run   Events  LumiB            StartTime             StopTime L1Events L2Events EFEvents ErrC Rec Cln RunType                  DetectorMask DAQConfiguration     PartitionName    FilenameTag         
  113410      571      1  2009-04-28:10:36:32  2009-04-28:10:38:44     1158     1158      571    0  No Yes cismono                    7c00600000 Schema=136:Data=81   L1Calo-TTC2LAN   data09_calocomm     
     Run   Events  LumiB            StartTime             StopTime L1Events L2Events EFEvents ErrC Rec Cln RunType                  DetectorMask DAQConfiguration     PartitionName    FilenameTag         
  113412       24      1  2009-04-28:10:42:55  2009-04-28:10:44:04       33       33       24    0  No Yes cismono                    7c00600000 Schema=136:Data=81   L1Calo-TTC2LAN   data09_calocomm     
     Run   Events  LumiB            StartTime             StopTime L1Events L2Events EFEvents ErrC Rec Cln RunType                  DetectorMask DAQConfiguration     PartitionName    FilenameTag         
  114989     2200      2  2009-05-12:13:33:37  2009-05-12:13:35:09        0     2200     2200    0  No Yes cismono                    7c00f00000 Schema=142:Data=17   TileL1Calo-TTC2LAN data09_calocomm     
     Run   Events  LumiB            StartTime             StopTime L1Events L2Events EFEvents ErrC Rec Cln RunType                  DetectorMask DAQConfiguration     PartitionName    FilenameTag         
  114993     2188      2  2009-05-12:13:40:36  2009-05-12:13:42:06        0     2188     2188    0  No Yes cismono                    7c00f00000 Schema=142:Data=17   TileL1Calo-TTC2LAN data09_calocomm     
     Run   Events  LumiB            StartTime             StopTime L1Events L2Events EFEvents ErrC Rec Cln RunType                  DetectorMask DAQConfiguration     PartitionName    FilenameTag         
  115018     2164      2  2009-05-12:15:47:26  2009-05-12:15:48:55     2164     2164     2164    0  No Yes cismono                    7c00f00000 Schema=142:Data=26   TileL1Calo-TTC2LAN data09_calocomm     
     Run   Events  LumiB            StartTime             StopTime L1Events L2Events EFEvents ErrC Rec Cln RunType                  DetectorMask DAQConfiguration     PartitionName    FilenameTag         
  115019     5292      5  2009-05-12:15:54:31  2009-05-12:15:57:43     5292     5292     5292    0  No Yes cismono                    7c00f00000 Schema=142:Data=26   TileL1Calo-TTC2LAN data09_calocomm     
     Run   Events  LumiB            StartTime             StopTime L1Events L2Events EFEvents ErrC Rec Cln RunType                  DetectorMask DAQConfiguration     PartitionName    FilenameTag         
  115088      908      1  2009-05-13:12:26:15  2009-05-13:12:29:38      908      908      908    0  No Yes cismono                    7c00f00000 Schema=142:Data=56   TileL1Calo-TTC2LAN data09_calocomm     
     Run   Events  LumiB            StartTime             StopTime L1Events L2Events EFEvents ErrC Rec Cln RunType                  DetectorMask DAQConfiguration     PartitionName    FilenameTag         
  115102      920      1  2009-05-13:13:29:53  2009-05-13:13:33:14      920      920      920    0  No Yes cismono                    7c00f00000 Schema=142:Data=63   TileL1Calo-TTC2LAN data09_calocomm     
     Run   Events  LumiB            StartTime             StopTime L1Events L2Events EFEvents ErrC Rec Cln RunType                  DetectorMask DAQConfiguration     PartitionName    FilenameTag         
  115103      944      1  2009-05-13:13:42:45  2009-05-13:13:45:58      944      944      944    0  No Yes cismono                    7c00f00000 Schema=142:Data=63   TileL1Calo-TTC2LAN data09_calocomm     
     Run   Events  LumiB            StartTime             StopTime L1Events L2Events EFEvents ErrC Rec Cln RunType                  DetectorMask DAQConfiguration     PartitionName    FilenameTag         
  115117     2310      3  2009-05-13:14:10:13  2009-05-13:14:15:58     2310     2310     2310    0  No Yes cismono                    7c00f00000 Schema=142:Data=65   TileL1Calo-TTC2LAN data09_calocomm     
     Run   Events  LumiB            StartTime             StopTime L1Events L2Events EFEvents ErrC Rec Cln RunType                  DetectorMask DAQConfiguration     PartitionName    FilenameTag         
  115120     3109      3  2009-05-13:14:20:53  2009-05-13:14:28:12     3109     3109     3109    0  No Yes cismono                    7c00f00000 Schema=142:Data=65   TileL1Calo-TTC2LAN data09_calocomm     
     Run   Events  LumiB            StartTime             StopTime L1Events L2Events EFEvents ErrC Rec Cln RunType                  DetectorMask DAQConfiguration     PartitionName    FilenameTag         
  115679     1635      2  2009-05-19:12:48:25  2009-05-19:12:50:10     1635     1635     1635    0  No Yes cismono                    7c00f00000 Schema=142:Data=170  TileL1Calo-TTC2LAN data09_calocomm     
     Run   Events  LumiB            StartTime             StopTime L1Events L2Events EFEvents ErrC Rec Cln RunType                  DetectorMask DAQConfiguration     PartitionName    FilenameTag         
  115697     3754      4  2009-05-19:13:58:57  2009-05-19:14:01:43     3754     3754     3754    0  No Yes cismono                    7c00f00000 Schema=142:Data=170  TileL1Calo-TTC2LAN data09_calocomm     
     Run   Events  LumiB            StartTime             StopTime L1Events L2Events EFEvents ErrC Rec Cln RunType                  DetectorMask DAQConfiguration     PartitionName    FilenameTag         
  115700     1640      2  2009-05-19:14:04:12  2009-05-19:14:06:00     1640     1640     1640    0  No Yes cismono                    7c00f00000 Schema=142:Data=170  TileL1Calo-TTC2LAN data09_calocomm     
     Run   Events  LumiB            StartTime             StopTime L1Events L2Events EFEvents ErrC Rec Cln RunType                  DetectorMask DAQConfiguration     PartitionName    FilenameTag         
  115703     1635      2  2009-05-19:14:14:54  2009-05-19:14:16:54     1635     1635     1635    0  No Yes cismono                    7c00f00000 Schema=142:Data=170  TileL1Calo-TTC2LAN data09_calocomm     
     Run   Events  LumiB            StartTime             StopTime L1Events L2Events EFEvents ErrC Rec Cln RunType                  DetectorMask DAQConfiguration     PartitionName    FilenameTag         
  115704      411      1  2009-05-19:14:17:24  2009-05-19:14:19:48      411      411      411    0  No Yes cismono                    7c00f00000 Schema=142:Data=170  TileL1Calo-TTC2LAN data09_calocomm     
     Run   Events  LumiB            StartTime             StopTime L1Events L2Events EFEvents ErrC Rec Cln RunType                  DetectorMask DAQConfiguration     PartitionName    FilenameTag         
  115706     3662      4  2009-05-19:14:24:33  2009-05-19:14:28:04     3662     3662     3662    0  No Yes cismono                    7c00f00000 Schema=142:Data=170  TileL1Calo-TTC2LAN data09_calocomm     

2009-05-28 00:34 - TileCalibL1Calo - INFO: ===> listening for new valid runs <===
2009-05-28 00:34 - TileCalibL1Calo - DEBUG: initialising coolRunLister
2009-05-28 00:34 - TileCalibL1Calo - DEBUG: applying selections to coolRunLister
2009-05-28 00:34 - TileCalibL1Calo - INFO: last valid run: 115706
2009-05-28 00:34 - TileCalibL1Calo - INFO: searching for new runs from 115707 to 2147483647
2009-05-28 00:34 - TileCalibL1Calo - DEBUG:  No new valid run. Last known valid run still: 115706
2009-05-28 00:49 - TileCalibL1Calo - INFO: ===> listening for new valid runs <===
2009-05-28 00:49 - TileCalibL1Calo - DEBUG: initialising coolRunLister
2009-05-28 00:49 - TileCalibL1Calo - DEBUG: applying selections to coolRunLister
2009-05-28 00:49 - TileCalibL1Calo - INFO: last valid run: 115706
2009-05-28 00:49 - TileCalibL1Calo - INFO: searching for new runs from 115707 to 2147483647
2009-05-28 00:49 - TileCalibL1Calo - DEBUG:  No new valid run. Last known valid run still: 115706
2009-05-28 01:04 - TileCalibL1Calo - INFO: ===> listening for new valid runs <===
2009-05-28 01:04 - TileCalibL1Calo - DEBUG: initialising coolRunLister
2009-05-28 01:04 - TileCalibL1Calo - DEBUG: applying selections to coolRunLister
2009-05-28 01:04 - TileCalibL1Calo - INFO: last valid run: 115706
2009-05-28 01:04 - TileCalibL1Calo - INFO: searching for new runs from 115707 to 2147483647
2009-05-28 01:05 - TileCalibL1Calo - DEBUG:  No new valid run. Last known valid run still: 115706
2009-05-28 01:20 - TileCalibL1Calo - INFO: ===> listening for new valid runs <===
2009-05-28 01:20 - TileCalibL1Calo - DEBUG: initialising coolRunLister
2009-05-28 01:20 - TileCalibL1Calo - DEBUG: applying selections to coolRunLister
2009-05-28 01:20 - TileCalibL1Calo - INFO: last valid run: 115706
2009-05-28 01:20 - TileCalibL1Calo - INFO: searching for new runs from 115707 to 2147483647
2009-05-28 01:20 - TileCalibL1Calo - DEBUG:  No new valid run. Last known valid run still: 115706
2009-05-28 01:35 - TileCalibL1Calo - INFO: ===> listening for new valid runs <===
2009-05-28 01:35 - TileCalibL1Calo - DEBUG: initialising coolRunLister
2009-05-28 01:35 - TileCalibL1Calo - DEBUG: applying selections to coolRunLister
2009-05-28 01:35 - TileCalibL1Calo - INFO: last valid run: 115706
2009-05-28 01:35 - TileCalibL1Calo - INFO: searching for new runs from 115707 to 2147483647
2009-05-28 01:35 - TileCalibL1Calo - DEBUG:  No new valid run. Last known valid run still: 115706
2009-05-28 01:50 - TileCalibL1Calo - INFO: ===> listening for new valid runs <===
2009-05-28 01:50 - TileCalibL1Calo - DEBUG: initialising coolRunLister
2009-05-28 01:50 - TileCalibL1Calo - DEBUG: applying selections to coolRunLister
2009-05-28 01:50 - TileCalibL1Calo - INFO: last valid run: 115706
2009-05-28 01:50 - TileCalibL1Calo - INFO: searching for new runs from 115707 to 2147483647
2009-05-28 01:50 - TileCalibL1Calo - DEBUG:  No new valid run. Last known valid run still: 115706
2009-05-28 02:06 - TileCalibL1Calo - INFO: ===> listening for new valid runs <===
2009-05-28 02:06 - TileCalibL1Calo - DEBUG: initialising coolRunLister
2009-05-28 02:06 - TileCalibL1Calo - DEBUG: applying selections to coolRunLister
2009-05-28 02:06 - TileCalibL1Calo - INFO: last valid run: 115706
2009-05-28 02:06 - TileCalibL1Calo - INFO: searching for new runs from 115707 to 2147483647
2009-05-28 02:06 - TileCalibL1Calo - DEBUG:  No new valid run. Last known valid run still: 115706
2009-05-28 02:21 - TileCalibL1Calo - INFO: ===> listening for new valid runs <===
2009-05-28 02:21 - TileCalibL1Calo - DEBUG: initialising coolRunLister
2009-05-28 02:21 - TileCalibL1Calo - DEBUG: applying selections to coolRunLister
2009-05-28 02:21 - TileCalibL1Calo - INFO: last valid run: 115706
2009-05-28 02:21 - TileCalibL1Calo - INFO: searching for new runs from 115707 to 2147483647
2009-05-28 02:21 - TileCalibL1Calo - DEBUG:  No new valid run. Last known valid run still: 115706
2009-05-28 02:36 - TileCalibL1Calo - INFO: ===> listening for new valid runs <===
2009-05-28 02:36 - TileCalibL1Calo - DEBUG: initialising coolRunLister
2009-05-28 02:36 - TileCalibL1Calo - DEBUG: applying selections to coolRunLister
2009-05-28 02:36 - TileCalibL1Calo - INFO: last valid run: 115706
2009-05-28 02:36 - TileCalibL1Calo - INFO: searching for new runs from 115707 to 2147483647
2009-05-28 02:36 - TileCalibL1Calo - DEBUG:  No new valid run. Last known valid run still: 115706
2009-05-28 02:51 - TileCalibL1Calo - INFO: ===> listening for new valid runs <===
2009-05-28 02:51 - TileCalibL1Calo - DEBUG: initialising coolRunLister
2009-05-28 02:51 - TileCalibL1Calo - DEBUG: applying selections to coolRunLister
2009-05-28 02:51 - TileCalibL1Calo - INFO: last valid run: 115706
2009-05-28 02:51 - TileCalibL1Calo - INFO: searching for new runs from 115707 to 2147483647
2009-05-28 02:52 - TileCalibL1Calo - DEBUG:  No new valid run. Last known valid run still: 115706
2009-05-28 03:07 - TileCalibL1Calo - INFO: ===> listening for new valid runs <===
2009-05-28 03:07 - TileCalibL1Calo - DEBUG: initialising coolRunLister
2009-05-28 03:07 - TileCalibL1Calo - DEBUG: applying selections to coolRunLister
2009-05-28 03:07 - TileCalibL1Calo - INFO: last valid run: 115706
2009-05-28 03:07 - TileCalibL1Calo - INFO: searching for new runs from 115707 to 2147483647
2009-05-28 03:07 - TileCalibL1Calo - DEBUG:  No new valid run. Last known valid run still: 115706
2009-05-28 03:22 - TileCalibL1Calo - INFO: ===> listening for new valid runs <===
2009-05-28 03:22 - TileCalibL1Calo - DEBUG: initialising coolRunLister
2009-05-28 03:22 - TileCalibL1Calo - DEBUG: applying selections to coolRunLister
2009-05-28 03:22 - TileCalibL1Calo - INFO: last valid run: 115706
2009-05-28 03:22 - TileCalibL1Calo - INFO: searching for new runs from 115707 to 2147483647
2009-05-28 03:22 - TileCalibL1Calo - DEBUG:  No new valid run. Last known valid run still: 115706
2009-05-28 03:37 - TileCalibL1Calo - INFO: ===> listening for new valid runs <===
2009-05-28 03:37 - TileCalibL1Calo - DEBUG: initialising coolRunLister
2009-05-28 03:37 - TileCalibL1Calo - DEBUG: applying selections to coolRunLister
2009-05-28 03:37 - TileCalibL1Calo - INFO: last valid run: 115706
2009-05-28 03:37 - TileCalibL1Calo - INFO: searching for new runs from 115707 to 2147483647
2009-05-28 03:37 - TileCalibL1Calo - DEBUG:  No new valid run. Last known valid run still: 115706
2009-05-28 03:52 - TileCalibL1Calo - INFO: ===> listening for new valid runs <===
2009-05-28 03:52 - TileCalibL1Calo - DEBUG: initialising coolRunLister
2009-05-28 03:52 - TileCalibL1Calo - DEBUG: applying selections to coolRunLister
2009-05-28 03:52 - TileCalibL1Calo - INFO: last valid run: 115706
2009-05-28 03:52 - TileCalibL1Calo - INFO: searching for new runs from 115707 to 2147483647
2009-05-28 03:53 - TileCalibL1Calo - DEBUG:  No new valid run. Last known valid run still: 115706
2009-05-28 04:08 - TileCalibL1Calo - INFO: ===> listening for new valid runs <===
2009-05-28 04:08 - TileCalibL1Calo - DEBUG: initialising coolRunLister
2009-05-28 04:08 - TileCalibL1Calo - DEBUG: applying selections to coolRunLister
2009-05-28 04:08 - TileCalibL1Calo - INFO: last valid run: 115706
2009-05-28 04:08 - TileCalibL1Calo - INFO: searching for new runs from 115707 to 2147483647
2009-05-28 04:08 - TileCalibL1Calo - DEBUG:  No new valid run. Last known valid run still: 115706
2009-05-28 04:23 - TileCalibL1Calo - INFO: ===> listening for new valid runs <===
2009-05-28 04:23 - TileCalibL1Calo - DEBUG: initialising coolRunLister
2009-05-28 04:23 - TileCalibL1Calo - DEBUG: applying selections to coolRunLister
2009-05-28 04:23 - TileCalibL1Calo - INFO: last valid run: 115706
2009-05-28 04:23 - TileCalibL1Calo - INFO: searching for new runs from 115707 to 2147483647
2009-05-28 04:23 - TileCalibL1Calo - DEBUG:  No new valid run. Last known valid run still: 115706
2009-05-28 04:38 - TileCalibL1Calo - INFO: ===> listening for new valid runs <===
2009-05-28 04:38 - TileCalibL1Calo - DEBUG: initialising coolRunLister
2009-05-28 04:38 - TileCalibL1Calo - DEBUG: applying selections to coolRunLister
2009-05-28 04:38 - TileCalibL1Calo - INFO: last valid run: 115706
2009-05-28 04:38 - TileCalibL1Calo - INFO: searching for new runs from 115707 to 2147483647
2009-05-28 04:38 - TileCalibL1Calo - DEBUG:  No new valid run. Last known valid run still: 115706
2009-05-28 04:54 - TileCalibL1Calo - INFO: ===> listening for new valid runs <===
2009-05-28 04:54 - TileCalibL1Calo - DEBUG: initialising coolRunLister
2009-05-28 04:54 - TileCalibL1Calo - DEBUG: applying selections to coolRunLister
2009-05-28 04:54 - TileCalibL1Calo - INFO: last valid run: 115706
2009-05-28 04:54 - TileCalibL1Calo - INFO: searching for new runs from 115707 to 2147483647
2009-05-28 04:54 - TileCalibL1Calo - DEBUG:  No new valid run. Last known valid run still: 115706
2009-05-28 05:09 - TileCalibL1Calo - INFO: ===> listening for new valid runs <===
2009-05-28 05:09 - TileCalibL1Calo - DEBUG: initialising coolRunLister
2009-05-28 05:09 - TileCalibL1Calo - DEBUG: applying selections to coolRunLister
2009-05-28 05:09 - TileCalibL1Calo - INFO: last valid run: 115706
2009-05-28 05:09 - TileCalibL1Calo - INFO: searching for new runs from 115707 to 2147483647
2009-05-28 05:09 - TileCalibL1Calo - DEBUG:  No new valid run. Last known valid run still: 115706
2009-05-28 05:24 - TileCalibL1Calo - INFO: ===> listening for new valid runs <===
2009-05-28 05:24 - TileCalibL1Calo - DEBUG: initialising coolRunLister
2009-05-28 05:24 - TileCalibL1Calo - DEBUG: applying selections to coolRunLister
2009-05-28 05:24 - TileCalibL1Calo - INFO: last valid run: 115706
2009-05-28 05:24 - TileCalibL1Calo - INFO: searching for new runs from 115707 to 2147483647
2009-05-28 05:24 - TileCalibL1Calo - DEBUG:  No new valid run. Last known valid run still: 115706
2009-05-28 05:39 - TileCalibL1Calo - INFO: ===> listening for new valid runs <===
2009-05-28 05:39 - TileCalibL1Calo - DEBUG: initialising coolRunLister
2009-05-28 05:39 - TileCalibL1Calo - DEBUG: applying selections to coolRunLister
2009-05-28 05:39 - TileCalibL1Calo - INFO: last valid run: 115706
2009-05-28 05:39 - TileCalibL1Calo - INFO: searching for new runs from 115707 to 2147483647
2009-05-28 05:40 - TileCalibL1Calo - DEBUG:  No new valid run. Last known valid run still: 115706
2009-05-28 05:55 - TileCalibL1Calo - INFO: ===> listening for new valid runs <===
2009-05-28 05:55 - TileCalibL1Calo - DEBUG: initialising coolRunLister
2009-05-28 05:55 - TileCalibL1Calo - DEBUG: applying selections to coolRunLister
2009-05-28 05:55 - TileCalibL1Calo - INFO: last valid run: 115706
2009-05-28 05:55 - TileCalibL1Calo - INFO: searching for new runs from 115707 to 2147483647
2009-05-28 05:55 - TileCalibL1Calo - DEBUG:  No new valid run. Last known valid run still: 115706
2009-05-28 06:10 - TileCalibL1Calo - INFO: ===> listening for new valid runs <===
2009-05-28 06:10 - TileCalibL1Calo - DEBUG: initialising coolRunLister
2009-05-28 06:10 - TileCalibL1Calo - DEBUG: applying selections to coolRunLister
2009-05-28 06:10 - TileCalibL1Calo - INFO: last valid run: 115706
2009-05-28 06:10 - TileCalibL1Calo - INFO: searching for new runs from 115707 to 2147483647
2009-05-28 06:10 - TileCalibL1Calo - DEBUG:  No new valid run. Last known valid run still: 115706
2009-05-28 06:25 - TileCalibL1Calo - INFO: ===> listening for new valid runs <===
2009-05-28 06:25 - TileCalibL1Calo - DEBUG: initialising coolRunLister
2009-05-28 06:25 - TileCalibL1Calo - DEBUG: applying selections to coolRunLister
2009-05-28 06:25 - TileCalibL1Calo - INFO: last valid run: 115706
2009-05-28 06:25 - TileCalibL1Calo - INFO: searching for new runs from 115707 to 2147483647
2009-05-28 06:25 - TileCalibL1Calo - DEBUG:  No new valid run. Last known valid run still: 115706
2009-05-28 06:40 - TileCalibL1Calo - INFO: ===> listening for new valid runs <===
2009-05-28 06:40 - TileCalibL1Calo - DEBUG: initialising coolRunLister
2009-05-28 06:40 - TileCalibL1Calo - DEBUG: applying selections to coolRunLister
2009-05-28 06:40 - TileCalibL1Calo - INFO: last valid run: 115706
2009-05-28 06:40 - TileCalibL1Calo - INFO: searching for new runs from 115707 to 2147483647
2009-05-28 06:41 - TileCalibL1Calo - DEBUG:  No new valid run. Last known valid run still: 115706
2009-05-28 06:56 - TileCalibL1Calo - INFO: ===> listening for new valid runs <===
2009-05-28 06:56 - TileCalibL1Calo - DEBUG: initialising coolRunLister
2009-05-28 06:56 - TileCalibL1Calo - DEBUG: applying selections to coolRunLister
2009-05-28 06:56 - TileCalibL1Calo - INFO: last valid run: 115706
2009-05-28 06:56 - TileCalibL1Calo - INFO: searching for new runs from 115707 to 2147483647
2009-05-28 06:56 - TileCalibL1Calo - DEBUG:  No new valid run. Last known valid run still: 115706
2009-05-28 07:11 - TileCalibL1Calo - INFO: ===> listening for new valid runs <===
2009-05-28 07:11 - TileCalibL1Calo - DEBUG: initialising coolRunLister
2009-05-28 07:11 - TileCalibL1Calo - DEBUG: applying selections to coolRunLister
2009-05-28 07:11 - TileCalibL1Calo - INFO: last valid run: 115706
2009-05-28 07:11 - TileCalibL1Calo - INFO: searching for new runs from 115707 to 2147483647
2009-05-28 07:11 - TileCalibL1Calo - DEBUG:  No new valid run. Last known valid run still: 115706
2009-05-28 07:26 - TileCalibL1Calo - INFO: ===> listening for new valid runs <===
2009-05-28 07:26 - TileCalibL1Calo - DEBUG: initialising coolRunLister
2009-05-28 07:26 - TileCalibL1Calo - DEBUG: applying selections to coolRunLister
2009-05-28 07:26 - TileCalibL1Calo - INFO: last valid run: 115706
2009-05-28 07:26 - TileCalibL1Calo - INFO: searching for new runs from 115707 to 2147483647
2009-05-28 07:26 - TileCalibL1Calo - DEBUG:  No new valid run. Last known valid run still: 115706
2009-05-28 07:42 - TileCalibL1Calo - INFO: ===> listening for new valid runs <===
2009-05-28 07:42 - TileCalibL1Calo - DEBUG: initialising coolRunLister
2009-05-28 07:42 - TileCalibL1Calo - DEBUG: applying selections to coolRunLister
2009-05-28 07:42 - TileCalibL1Calo - INFO: last valid run: 115706
2009-05-28 07:42 - TileCalibL1Calo - INFO: searching for new runs from 115707 to 2147483647
2009-05-28 07:42 - TileCalibL1Calo - DEBUG:  No new valid run. Last known valid run still: 115706
2009-05-28 07:57 - TileCalibL1Calo - INFO: ===> listening for new valid runs <===
2009-05-28 07:57 - TileCalibL1Calo - DEBUG: initialising coolRunLister
2009-05-28 07:57 - TileCalibL1Calo - DEBUG: applying selections to coolRunLister
2009-05-28 07:57 - TileCalibL1Calo - INFO: last valid run: 115706
2009-05-28 07:57 - TileCalibL1Calo - INFO: searching for new runs from 115707 to 2147483647
2009-05-28 07:57 - TileCalibL1Calo - DEBUG:  No new valid run. Last known valid run still: 115706
2009-05-28 08:12 - TileCalibL1Calo - INFO: ===> listening for new valid runs <===
2009-05-28 08:12 - TileCalibL1Calo - DEBUG: initialising coolRunLister
2009-05-28 08:12 - TileCalibL1Calo - DEBUG: applying selections to coolRunLister
2009-05-28 08:12 - TileCalibL1Calo - INFO: last valid run: 115706
2009-05-28 08:12 - TileCalibL1Calo - INFO: searching for new runs from 115707 to 2147483647
2009-05-28 08:12 - TileCalibL1Calo - DEBUG:  No new valid run. Last known valid run still: 115706
2009-05-28 08:27 - TileCalibL1Calo - INFO: ===> listening for new valid runs <===
2009-05-28 08:27 - TileCalibL1Calo - DEBUG: initialising coolRunLister
2009-05-28 08:27 - TileCalibL1Calo - DEBUG: applying selections to coolRunLister
2009-05-28 08:27 - TileCalibL1Calo - INFO: last valid run: 115706
2009-05-28 08:27 - TileCalibL1Calo - INFO: searching for new runs from 115707 to 2147483647
2009-05-28 08:28 - TileCalibL1Calo - DEBUG:  No new valid run. Last known valid run still: 115706
2009-05-28 08:43 - TileCalibL1Calo - INFO: ===> listening for new valid runs <===
2009-05-28 08:43 - TileCalibL1Calo - DEBUG: initialising coolRunLister
2009-05-28 08:43 - TileCalibL1Calo - DEBUG: applying selections to coolRunLister
2009-05-28 08:43 - TileCalibL1Calo - INFO: last valid run: 115706
2009-05-28 08:43 - TileCalibL1Calo - INFO: searching for new runs from 115707 to 2147483647
2009-05-28 08:43 - TileCalibL1Calo - DEBUG:  No new valid run. Last known valid run still: 115706
2009-05-28 08:58 - TileCalibL1Calo - INFO: ===> listening for new valid runs <===
2009-05-28 08:58 - TileCalibL1Calo - DEBUG: initialising coolRunLister
2009-05-28 08:58 - TileCalibL1Calo - DEBUG: applying selections to coolRunLister
2009-05-28 08:58 - TileCalibL1Calo - INFO: last valid run: 115706
2009-05-28 08:58 - TileCalibL1Calo - INFO: searching for new runs from 115707 to 2147483647
2009-05-28 08:58 - TileCalibL1Calo - DEBUG:  No new valid run. Last known valid run still: 115706
2009-05-28 09:13 - TileCalibL1Calo - INFO: ===> listening for new valid runs <===
2009-05-28 09:13 - TileCalibL1Calo - DEBUG: initialising coolRunLister
2009-05-28 09:13 - TileCalibL1Calo - DEBUG: applying selections to coolRunLister
2009-05-28 09:13 - TileCalibL1Calo - INFO: last valid run: 115706
2009-05-28 09:13 - TileCalibL1Calo - INFO: searching for new runs from 115707 to 2147483647
2009-05-28 09:13 - TileCalibL1Calo - DEBUG:  No new valid run. Last known valid run still: 115706
2009-05-28 09:28 - TileCalibL1Calo - INFO: ===> listening for new valid runs <===
2009-05-28 09:28 - TileCalibL1Calo - DEBUG: initialising coolRunLister
2009-05-28 09:28 - TileCalibL1Calo - DEBUG: applying selections to coolRunLister
2009-05-28 09:28 - TileCalibL1Calo - INFO: last valid run: 115706
2009-05-28 09:28 - TileCalibL1Calo - INFO: searching for new runs from 115707 to 2147483647
2009-05-28 09:29 - TileCalibL1Calo - DEBUG:  No new valid run. Last known valid run still: 115706
2009-05-28 09:44 - TileCalibL1Calo - INFO: ===> listening for new valid runs <===
2009-05-28 09:44 - TileCalibL1Calo - DEBUG: initialising coolRunLister
2009-05-28 09:44 - TileCalibL1Calo - DEBUG: applying selections to coolRunLister
2009-05-28 09:44 - TileCalibL1Calo - INFO: last valid run: 115706
2009-05-28 09:44 - TileCalibL1Calo - INFO: searching for new runs from 115707 to 2147483647
2009-05-28 09:44 - TileCalibL1Calo - DEBUG:  No new valid run. Last known valid run still: 115706
2009-05-28 09:59 - TileCalibL1Calo - INFO: ===> listening for new valid runs <===
2009-05-28 09:59 - TileCalibL1Calo - DEBUG: initialising coolRunLister
2009-05-28 09:59 - TileCalibL1Calo - DEBUG: applying selections to coolRunLister
2009-05-28 09:59 - TileCalibL1Calo - INFO: last valid run: 115706
2009-05-28 09:59 - TileCalibL1Calo - INFO: searching for new runs from 115707 to 2147483647
2009-05-28 09:59 - TileCalibL1Calo - DEBUG:  No new valid run. Last known valid run still: 115706
2009-05-28 10:14 - TileCalibL1Calo - INFO: ===> listening for new valid runs <===
2009-05-28 10:14 - TileCalibL1Calo - DEBUG: initialising coolRunLister
2009-05-28 10:14 - TileCalibL1Calo - DEBUG: applying selections to coolRunLister
2009-05-28 10:14 - TileCalibL1Calo - INFO: last valid run: 115706
2009-05-28 10:14 - TileCalibL1Calo - INFO: searching for new runs from 115707 to 2147483647
2009-05-28 10:14 - TileCalibL1Calo - DEBUG:  No new valid run. Last known valid run still: 115706
2009-05-28 10:30 - TileCalibL1Calo - INFO: ===> listening for new valid runs <===
2009-05-28 10:30 - TileCalibL1Calo - DEBUG: initialising coolRunLister
2009-05-28 10:30 - TileCalibL1Calo - DEBUG: applying selections to coolRunLister
2009-05-28 10:30 - TileCalibL1Calo - INFO: last valid run: 115706
2009-05-28 10:30 - TileCalibL1Calo - INFO: searching for new runs from 115707 to 2147483647
2009-05-28 10:30 - TileCalibL1Calo - DEBUG:  No new valid run. Last known valid run still: 115706
2009-05-28 10:45 - TileCalibL1Calo - INFO: ===> listening for new valid runs <===
2009-05-28 10:45 - TileCalibL1Calo - DEBUG: initialising coolRunLister
2009-05-28 10:45 - TileCalibL1Calo - DEBUG: applying selections to coolRunLister
2009-05-28 10:45 - TileCalibL1Calo - INFO: last valid run: 115706
2009-05-28 10:45 - TileCalibL1Calo - INFO: searching for new runs from 115707 to 2147483647
2009-05-28 10:45 - TileCalibL1Calo - DEBUG:  No new valid run. Last known valid run still: 115706
2009-05-28 11:00 - TileCalibL1Calo - INFO: ===> listening for new valid runs <===
2009-05-28 11:00 - TileCalibL1Calo - DEBUG: initialising coolRunLister
2009-05-28 11:00 - TileCalibL1Calo - DEBUG: applying selections to coolRunLister
2009-05-28 11:00 - TileCalibL1Calo - INFO: last valid run: 115706
2009-05-28 11:00 - TileCalibL1Calo - INFO: searching for new runs from 115707 to 2147483647
2009-05-28 11:00 - TileCalibL1Calo - DEBUG:  No new valid run. Last known valid run still: 115706
2009-05-28 11:15 - TileCalibL1Calo - INFO: ===> listening for new valid runs <===
2009-05-28 11:15 - TileCalibL1Calo - DEBUG: initialising coolRunLister
2009-05-28 11:15 - TileCalibL1Calo - DEBUG: applying selections to coolRunLister
2009-05-28 11:15 - TileCalibL1Calo - INFO: last valid run: 115706
2009-05-28 11:15 - TileCalibL1Calo - INFO: searching for new runs from 115707 to 2147483647
2009-05-28 11:16 - TileCalibL1Calo - DEBUG:  No new valid run. Last known valid run still: 115706
2009-05-28 11:31 - TileCalibL1Calo - INFO: ===> listening for new valid runs <===
2009-05-28 11:31 - TileCalibL1Calo - DEBUG: initialising coolRunLister
2009-05-28 11:31 - TileCalibL1Calo - DEBUG: applying selections to coolRunLister
2009-05-28 11:31 - TileCalibL1Calo - INFO: last valid run: 115706
2009-05-28 11:31 - TileCalibL1Calo - INFO: searching for new runs from 115707 to 2147483647
2009-05-28 11:31 - TileCalibL1Calo - DEBUG:  No new valid run. Last known valid run still: 115706
2009-05-28 11:46 - TileCalibL1Calo - INFO: ===> listening for new valid runs <===
2009-05-28 11:46 - TileCalibL1Calo - DEBUG: initialising coolRunLister
2009-05-28 11:46 - TileCalibL1Calo - DEBUG: applying selections to coolRunLister
2009-05-28 11:46 - TileCalibL1Calo - INFO: last valid run: 115706
2009-05-28 11:46 - TileCalibL1Calo - INFO: searching for new runs from 115707 to 2147483647
2009-05-28 11:46 - TileCalibL1Calo - DEBUG:  No new valid run. Last known valid run still: 115706
2009-05-28 12:01 - TileCalibL1Calo - INFO: ===> listening for new valid runs <===
2009-05-28 12:01 - TileCalibL1Calo - DEBUG: initialising coolRunLister
2009-05-28 12:01 - TileCalibL1Calo - DEBUG: applying selections to coolRunLister
2009-05-28 12:01 - TileCalibL1Calo - INFO: last valid run: 115706
2009-05-28 12:01 - TileCalibL1Calo - INFO: searching for new runs from 115707 to 2147483647
2009-05-28 12:01 - TileCalibL1Calo - DEBUG:  No new valid run. Last known valid run still: 115706
2009-05-28 12:17 - TileCalibL1Calo - INFO: ===> listening for new valid runs <===
2009-05-28 12:17 - TileCalibL1Calo - DEBUG: initialising coolRunLister
2009-05-28 12:17 - TileCalibL1Calo - DEBUG: applying selections to coolRunLister
2009-05-28 12:17 - TileCalibL1Calo - INFO: last valid run: 115706
2009-05-28 12:17 - TileCalibL1Calo - INFO: searching for new runs from 115707 to 2147483647
2009-05-28 12:17 - TileCalibL1Calo - DEBUG:  No new valid run. Last known valid run still: 115706
2009-05-28 12:32 - TileCalibL1Calo - INFO: ===> listening for new valid runs <===
2009-05-28 12:32 - TileCalibL1Calo - DEBUG: initialising coolRunLister
2009-05-28 12:32 - TileCalibL1Calo - DEBUG: applying selections to coolRunLister
2009-05-28 12:32 - TileCalibL1Calo - INFO: last valid run: 115706
2009-05-28 12:32 - TileCalibL1Calo - INFO: searching for new runs from 115707 to 2147483647
2009-05-28 12:32 - TileCalibL1Calo - DEBUG:  No new valid run. Last known valid run still: 115706
2009-05-28 12:47 - TileCalibL1Calo - INFO: ===> listening for new valid runs <===
2009-05-28 12:47 - TileCalibL1Calo - DEBUG: initialising coolRunLister
2009-05-28 12:47 - TileCalibL1Calo - DEBUG: applying selections to coolRunLister
2009-05-28 12:47 - TileCalibL1Calo - INFO: last valid run: 115706
2009-05-28 12:47 - TileCalibL1Calo - INFO: searching for new runs from 115707 to 2147483647
2009-05-28 12:47 - TileCalibL1Calo - DEBUG:  No new valid run. Last known valid run still: 115706
2009-05-28 13:02 - TileCalibL1Calo - INFO: ===> listening for new valid runs <===
2009-05-28 13:02 - TileCalibL1Calo - DEBUG: initialising coolRunLister
2009-05-28 13:02 - TileCalibL1Calo - DEBUG: applying selections to coolRunLister
2009-05-28 13:02 - TileCalibL1Calo - INFO: last valid run: 115706
2009-05-28 13:02 - TileCalibL1Calo - INFO: searching for new runs from 115707 to 2147483647
2009-05-28 13:03 - TileCalibL1Calo - DEBUG:  No new valid run. Last known valid run still: 115706
2009-05-28 13:18 - TileCalibL1Calo - INFO: ===> listening for new valid runs <===
2009-05-28 13:18 - TileCalibL1Calo - DEBUG: initialising coolRunLister
2009-05-28 13:18 - TileCalibL1Calo - DEBUG: applying selections to coolRunLister
2009-05-28 13:18 - TileCalibL1Calo - INFO: last valid run: 115706
2009-05-28 13:18 - TileCalibL1Calo - INFO: searching for new runs from 115707 to 2147483647
2009-05-28 13:18 - TileCalibL1Calo - DEBUG:  No new valid run. Last known valid run still: 115706
2009-05-28 13:33 - TileCalibL1Calo - INFO: ===> listening for new valid runs <===
2009-05-28 13:33 - TileCalibL1Calo - DEBUG: initialising coolRunLister
2009-05-28 13:33 - TileCalibL1Calo - DEBUG: applying selections to coolRunLister
2009-05-28 13:33 - TileCalibL1Calo - INFO: last valid run: 115706
2009-05-28 13:33 - TileCalibL1Calo - INFO: searching for new runs from 115707 to 2147483647
2009-05-28 13:34 - TileCalibL1Calo - DEBUG:  No new valid run. Last known valid run still: 115706
2009-05-28 13:49 - TileCalibL1Calo - INFO: ===> listening for new valid runs <===
2009-05-28 13:49 - TileCalibL1Calo - DEBUG: initialising coolRunLister
2009-05-28 13:49 - TileCalibL1Calo - DEBUG: applying selections to coolRunLister
2009-05-28 13:49 - TileCalibL1Calo - INFO: last valid run: 115706
2009-05-28 13:49 - TileCalibL1Calo - INFO: searching for new runs from 115707 to 2147483647
2009-05-28 13:49 - TileCalibL1Calo - DEBUG:  No new valid run. Last known valid run still: 115706
2009-05-28 14:04 - TileCalibL1Calo - INFO: ===> listening for new valid runs <===
2009-05-28 14:04 - TileCalibL1Calo - DEBUG: initialising coolRunLister
2009-05-28 14:04 - TileCalibL1Calo - DEBUG: applying selections to coolRunLister
2009-05-28 14:04 - TileCalibL1Calo - INFO: last valid run: 115706
2009-05-28 14:04 - TileCalibL1Calo - INFO: searching for new runs from 115707 to 2147483647
2009-05-28 14:04 - TileCalibL1Calo - DEBUG:  No new valid run. Last known valid run still: 115706
2009-05-28 14:19 - TileCalibL1Calo - INFO: ===> listening for new valid runs <===
2009-05-28 14:19 - TileCalibL1Calo - DEBUG: initialising coolRunLister
2009-05-28 14:19 - TileCalibL1Calo - DEBUG: applying selections to coolRunLister
2009-05-28 14:19 - TileCalibL1Calo - INFO: last valid run: 115706
2009-05-28 14:19 - TileCalibL1Calo - INFO: searching for new runs from 115707 to 2147483647
2009-05-28 14:19 - TileCalibL1Calo - DEBUG:  No new valid run. Last known valid run still: 115706
2009-05-28 14:35 - TileCalibL1Calo - INFO: ===> listening for new valid runs <===
2009-05-28 14:35 - TileCalibL1Calo - DEBUG: initialising coolRunLister
2009-05-28 14:35 - TileCalibL1Calo - DEBUG: applying selections to coolRunLister
2009-05-28 14:35 - TileCalibL1Calo - INFO: last valid run: 115706
2009-05-28 14:35 - TileCalibL1Calo - INFO: searching for new runs from 115707 to 2147483647
2009-05-28 14:35 - TileCalibL1Calo - DEBUG:  No new valid run. Last known valid run still: 115706
2009-05-28 14:50 - TileCalibL1Calo - INFO: ===> listening for new valid runs <===
2009-05-28 14:50 - TileCalibL1Calo - DEBUG: initialising coolRunLister
2009-05-28 14:50 - TileCalibL1Calo - DEBUG: applying selections to coolRunLister
2009-05-28 14:50 - TileCalibL1Calo - INFO: last valid run: 115706
2009-05-28 14:50 - TileCalibL1Calo - INFO: searching for new runs from 115707 to 2147483647
2009-05-28 14:50 - TileCalibL1Calo - DEBUG:  No new valid run. Last known valid run still: 115706
2009-05-28 15:05 - TileCalibL1Calo - INFO: ===> listening for new valid runs <===
2009-05-28 15:05 - TileCalibL1Calo - DEBUG: initialising coolRunLister
2009-05-28 15:05 - TileCalibL1Calo - DEBUG: applying selections to coolRunLister
2009-05-28 15:05 - TileCalibL1Calo - INFO: last valid run: 115706
2009-05-28 15:05 - TileCalibL1Calo - INFO: searching for new runs from 115707 to 2147483647
2009-05-28 15:05 - TileCalibL1Calo - DEBUG:  No new valid run. Last known valid run still: 115706
2009-05-28 15:20 - TileCalibL1Calo - INFO: ===> listening for new valid runs <===
2009-05-28 15:20 - TileCalibL1Calo - DEBUG: initialising coolRunLister
2009-05-28 15:20 - TileCalibL1Calo - DEBUG: applying selections to coolRunLister
2009-05-28 15:20 - TileCalibL1Calo - INFO: last valid run: 115706
2009-05-28 15:20 - TileCalibL1Calo - INFO: searching for new runs from 115707 to 2147483647
2009-05-28 15:21 - TileCalibL1Calo - DEBUG:  No new valid run. Last known valid run still: 115706
2009-05-28 15:36 - TileCalibL1Calo - INFO: ===> listening for new valid runs <===
2009-05-28 15:36 - TileCalibL1Calo - DEBUG: initialising coolRunLister
2009-05-28 15:36 - TileCalibL1Calo - DEBUG: applying selections to coolRunLister
2009-05-28 15:36 - TileCalibL1Calo - INFO: last valid run: 115706
2009-05-28 15:36 - TileCalibL1Calo - INFO: searching for new runs from 115707 to 2147483647
2009-05-28 15:36 - TileCalibL1Calo - DEBUG:  No new valid run. Last known valid run still: 115706
2009-05-28 15:51 - TileCalibL1Calo - INFO: ===> listening for new valid runs <===
2009-05-28 15:51 - TileCalibL1Calo - DEBUG: initialising coolRunLister
2009-05-28 15:51 - TileCalibL1Calo - DEBUG: applying selections to coolRunLister
2009-05-28 15:51 - TileCalibL1Calo - INFO: last valid run: 115706
2009-05-28 15:51 - TileCalibL1Calo - INFO: searching for new runs from 115707 to 2147483647
2009-05-28 15:51 - TileCalibL1Calo - DEBUG:  No new valid run. Last known valid run still: 115706
2009-05-28 16:06 - TileCalibL1Calo - INFO: ===> listening for new valid runs <===
2009-05-28 16:06 - TileCalibL1Calo - DEBUG: initialising coolRunLister
2009-05-28 16:06 - TileCalibL1Calo - DEBUG: applying selections to coolRunLister
2009-05-28 16:06 - TileCalibL1Calo - INFO: last valid run: 115706
2009-05-28 16:06 - TileCalibL1Calo - INFO: searching for new runs from 115707 to 2147483647
2009-05-28 16:06 - TileCalibL1Calo - DEBUG:  No new valid run. Last known valid run still: 115706
2009-05-28 16:21 - TileCalibL1Calo - INFO: ===> listening for new valid runs <===
2009-05-28 16:21 - TileCalibL1Calo - DEBUG: initialising coolRunLister
2009-05-28 16:21 - TileCalibL1Calo - DEBUG: applying selections to coolRunLister
2009-05-28 16:21 - TileCalibL1Calo - INFO: last valid run: 115706
2009-05-28 16:21 - TileCalibL1Calo - INFO: searching for new runs from 115707 to 2147483647
2009-05-28 16:22 - TileCalibL1Calo - DEBUG:  No new valid run. Last known valid run still: 115706
2009-05-28 16:37 - TileCalibL1Calo - INFO: ===> listening for new valid runs <===
2009-05-28 16:37 - TileCalibL1Calo - DEBUG: initialising coolRunLister
2009-05-28 16:37 - TileCalibL1Calo - DEBUG: applying selections to coolRunLister
2009-05-28 16:37 - TileCalibL1Calo - INFO: last valid run: 115706
2009-05-28 16:37 - TileCalibL1Calo - INFO: searching for new runs from 115707 to 2147483647
2009-05-28 16:37 - TileCalibL1Calo - DEBUG:  No new valid run. Last known valid run still: 115706
2009-05-28 16:52 - TileCalibL1Calo - INFO: ===> listening for new valid runs <===
2009-05-28 16:52 - TileCalibL1Calo - DEBUG: initialising coolRunLister
2009-05-28 16:52 - TileCalibL1Calo - DEBUG: applying selections to coolRunLister
2009-05-28 16:52 - TileCalibL1Calo - INFO: last valid run: 115706
2009-05-28 16:52 - TileCalibL1Calo - INFO: searching for new runs from 115707 to 2147483647
2009-05-28 16:52 - TileCalibL1Calo - DEBUG:  No new valid run. Last known valid run still: 115706
2009-05-28 17:07 - TileCalibL1Calo - INFO: ===> listening for new valid runs <===
2009-05-28 17:07 - TileCalibL1Calo - DEBUG: initialising coolRunLister
2009-05-28 17:07 - TileCalibL1Calo - DEBUG: applying selections to coolRunLister
2009-05-28 17:07 - TileCalibL1Calo - INFO: last valid run: 115706
2009-05-28 17:07 - TileCalibL1Calo - INFO: searching for new runs from 115707 to 2147483647
2009-05-28 17:07 - TileCalibL1Calo - DEBUG:  No new valid run. Last known valid run still: 115706
2009-05-28 17:23 - TileCalibL1Calo - INFO: ===> listening for new valid runs <===
2009-05-28 17:23 - TileCalibL1Calo - DEBUG: initialising coolRunLister
2009-05-28 17:23 - TileCalibL1Calo - DEBUG: applying selections to coolRunLister
2009-05-28 17:23 - TileCalibL1Calo - INFO: last valid run: 115706
2009-05-28 17:23 - TileCalibL1Calo - INFO: searching for new runs from 115707 to 2147483647
2009-05-28 17:23 - TileCalibL1Calo - DEBUG:  No new valid run. Last known valid run still: 115706
2009-05-28 17:38 - TileCalibL1Calo - INFO: ===> listening for new valid runs <===
2009-05-28 17:38 - TileCalibL1Calo - DEBUG: initialising coolRunLister
2009-05-28 17:38 - TileCalibL1Calo - DEBUG: applying selections to coolRunLister
2009-05-28 17:38 - TileCalibL1Calo - INFO: last valid run: 115706
2009-05-28 17:38 - TileCalibL1Calo - INFO: searching for new runs from 115707 to 2147483647
2009-05-28 17:38 - TileCalibL1Calo - DEBUG:  No new valid run. Last known valid run still: 115706
2009-05-28 17:53 - TileCalibL1Calo - INFO: ===> listening for new valid runs <===
2009-05-28 17:53 - TileCalibL1Calo - DEBUG: initialising coolRunLister
2009-05-28 17:53 - TileCalibL1Calo - DEBUG: applying selections to coolRunLister
2009-05-28 17:53 - TileCalibL1Calo - INFO: last valid run: 115706
2009-05-28 17:53 - TileCalibL1Calo - INFO: searching for new runs from 115707 to 2147483647
2009-05-28 17:53 - TileCalibL1Calo - DEBUG:  No new valid run. Last known valid run still: 115706
2009-05-28 18:08 - TileCalibL1Calo - INFO: ===> listening for new valid runs <===
2009-05-28 18:08 - TileCalibL1Calo - DEBUG: initialising coolRunLister
2009-05-28 18:08 - TileCalibL1Calo - DEBUG: applying selections to coolRunLister
2009-05-28 18:08 - TileCalibL1Calo - INFO: last valid run: 115706
2009-05-28 18:08 - TileCalibL1Calo - INFO: searching for new runs from 115707 to 2147483647
2009-05-28 18:09 - TileCalibL1Calo - DEBUG:  No new valid run. Last known valid run still: 115706
2009-05-28 18:24 - TileCalibL1Calo - INFO: ===> listening for new valid runs <===
2009-05-28 18:24 - TileCalibL1Calo - DEBUG: initialising coolRunLister
2009-05-28 18:24 - TileCalibL1Calo - DEBUG: applying selections to coolRunLister
2009-05-28 18:24 - TileCalibL1Calo - INFO: last valid run: 115706
2009-05-28 18:24 - TileCalibL1Calo - INFO: searching for new runs from 115707 to 2147483647
2009-05-28 18:24 - TileCalibL1Calo - DEBUG:  No new valid run. Last known valid run still: 115706
2009-05-28 18:39 - TileCalibL1Calo - INFO: ===> listening for new valid runs <===
2009-05-28 18:39 - TileCalibL1Calo - DEBUG: initialising coolRunLister
2009-05-28 18:39 - TileCalibL1Calo - DEBUG: applying selections to coolRunLister
2009-05-28 18:39 - TileCalibL1Calo - INFO: last valid run: 115706
2009-05-28 18:39 - TileCalibL1Calo - INFO: searching for new runs from 115707 to 2147483647
2009-05-28 18:39 - TileCalibL1Calo - DEBUG:  No new valid run. Last known valid run still: 115706
2009-05-28 18:54 - TileCalibL1Calo - INFO: ===> listening for new valid runs <===
2009-05-28 18:54 - TileCalibL1Calo - DEBUG: initialising coolRunLister
2009-05-28 18:54 - TileCalibL1Calo - DEBUG: applying selections to coolRunLister
2009-05-28 18:54 - TileCalibL1Calo - INFO: last valid run: 115706
2009-05-28 18:54 - TileCalibL1Calo - INFO: searching for new runs from 115707 to 2147483647
2009-05-28 18:54 - TileCalibL1Calo - DEBUG:  No new valid run. Last known valid run still: 115706
2009-05-28 19:09 - TileCalibL1Calo - INFO: ===> listening for new valid runs <===
2009-05-28 19:09 - TileCalibL1Calo - DEBUG: initialising coolRunLister
2009-05-28 19:09 - TileCalibL1Calo - DEBUG: applying selections to coolRunLister
2009-05-28 19:09 - TileCalibL1Calo - INFO: last valid run: 115706
2009-05-28 19:09 - TileCalibL1Calo - INFO: searching for new runs from 115707 to 2147483647
2009-05-28 19:10 - TileCalibL1Calo - DEBUG:  No new valid run. Last known valid run still: 115706
2009-05-28 19:25 - TileCalibL1Calo - INFO: ===> listening for new valid runs <===
2009-05-28 19:25 - TileCalibL1Calo - DEBUG: initialising coolRunLister
2009-05-28 19:25 - TileCalibL1Calo - DEBUG: applying selections to coolRunLister
2009-05-28 19:25 - TileCalibL1Calo - INFO: last valid run: 115706
2009-05-28 19:25 - TileCalibL1Calo - INFO: searching for new runs from 115707 to 2147483647
2009-05-28 19:25 - TileCalibL1Calo - DEBUG:  No new valid run. Last known valid run still: 115706
2009-05-28 19:40 - TileCalibL1Calo - INFO: ===> listening for new valid runs <===
2009-05-28 19:40 - TileCalibL1Calo - DEBUG: initialising coolRunLister
2009-05-28 19:40 - TileCalibL1Calo - DEBUG: applying selections to coolRunLister
2009-05-28 19:40 - TileCalibL1Calo - INFO: last valid run: 115706
2009-05-28 19:40 - TileCalibL1Calo - INFO: searching for new runs from 115707 to 2147483647
