2009-04-28 00:02 - TileCalibL1Calo - INFO: ========================================
2009-04-28 00:02 - TileCalibL1Calo - INFO: RunListener in init
2009-04-28 00:02 - TileCalibL1Calo - INFO: RunListener initialized
2009-04-28 00:02 - TileCalibL1Calo - INFO: ========================================
2009-04-28 00:02 - TileCalibL1Calo - INFO: ===> from initRunListener <===
2009-04-28 00:02 - TileCalibL1Calo - INFO: 
RunListener TileCalibL1Caloinitialised with the following parameters:
TDAQ DB: COOLONL_TDAQ/COMP200
TRIG DB: COOLONL_TRIGGER/COMP200
Status DB: COOLONL_TDAQ/COMP200
log level: 0
oracle: False
rec. only: True
det. mask: 0
run type: cismono
det. status: 2
det. status tag: HEAD
daq partition: Tile-TTC2LAN
tag: 
format: acertd
reverse: False
stoptimestamp: True
cleanstop: True
hasevents: True
last valid run known: 0

2009-04-28 00:17 - TileCalibL1Calo - INFO: ===> listening for new valid runs <===
2009-04-28 00:17 - TileCalibL1Calo - DEBUG: initialising coolRunLister
2009-04-28 00:17 - TileCalibL1Calo - DEBUG: applying selections to coolRunLister
2009-04-28 00:17 - TileCalibL1Calo - INFO: last valid run: 113232
2009-04-28 00:17 - TileCalibL1Calo - INFO: searching for new runs from 113233 to 2147483647
2009-04-28 00:17 - TileCalibL1Calo - DEBUG:  No new valid run. Last known valid run still: 113232
2009-04-28 00:32 - TileCalibL1Calo - INFO: ===> listening for new valid runs <===
2009-04-28 00:32 - TileCalibL1Calo - DEBUG: initialising coolRunLister
2009-04-28 00:32 - TileCalibL1Calo - DEBUG: applying selections to coolRunLister
2009-04-28 00:32 - TileCalibL1Calo - INFO: last valid run: 113232
2009-04-28 00:32 - TileCalibL1Calo - INFO: searching for new runs from 113233 to 2147483647
2009-04-28 00:32 - TileCalibL1Calo - DEBUG:  No new valid run. Last known valid run still: 113232
2009-04-28 00:47 - TileCalibL1Calo - INFO: ===> listening for new valid runs <===
2009-04-28 00:47 - TileCalibL1Calo - DEBUG: initialising coolRunLister
2009-04-28 00:47 - TileCalibL1Calo - DEBUG: applying selections to coolRunLister
2009-04-28 00:47 - TileCalibL1Calo - INFO: last valid run: 113232
2009-04-28 00:47 - TileCalibL1Calo - INFO: searching for new runs from 113233 to 2147483647
2009-04-28 00:47 - TileCalibL1Calo - DEBUG:  No new valid run. Last known valid run still: 113232
2009-04-28 01:02 - TileCalibL1Calo - INFO: ===> listening for new valid runs <===
2009-04-28 01:02 - TileCalibL1Calo - DEBUG: initialising coolRunLister
2009-04-28 01:02 - TileCalibL1Calo - DEBUG: applying selections to coolRunLister
2009-04-28 01:02 - TileCalibL1Calo - INFO: last valid run: 113232
2009-04-28 01:02 - TileCalibL1Calo - INFO: searching for new runs from 113233 to 2147483647
2009-04-28 01:02 - TileCalibL1Calo - DEBUG:  No new valid run. Last known valid run still: 113232
2009-04-28 01:17 - TileCalibL1Calo - INFO: ===> listening for new valid runs <===
2009-04-28 01:17 - TileCalibL1Calo - DEBUG: initialising coolRunLister
2009-04-28 01:17 - TileCalibL1Calo - DEBUG: applying selections to coolRunLister
2009-04-28 01:17 - TileCalibL1Calo - INFO: last valid run: 113232
2009-04-28 01:17 - TileCalibL1Calo - INFO: searching for new runs from 113233 to 2147483647
2009-04-28 01:17 - TileCalibL1Calo - DEBUG:  No new valid run. Last known valid run still: 113232
2009-04-28 01:32 - TileCalibL1Calo - INFO: ===> listening for new valid runs <===
2009-04-28 01:32 - TileCalibL1Calo - DEBUG: initialising coolRunLister
2009-04-28 01:32 - TileCalibL1Calo - DEBUG: applying selections to coolRunLister
2009-04-28 01:32 - TileCalibL1Calo - INFO: last valid run: 113232
2009-04-28 01:32 - TileCalibL1Calo - INFO: searching for new runs from 113233 to 2147483647
2009-04-28 01:32 - TileCalibL1Calo - DEBUG:  No new valid run. Last known valid run still: 113232
2009-04-28 01:47 - TileCalibL1Calo - INFO: ===> listening for new valid runs <===
2009-04-28 01:47 - TileCalibL1Calo - DEBUG: initialising coolRunLister
2009-04-28 01:47 - TileCalibL1Calo - DEBUG: applying selections to coolRunLister
2009-04-28 01:47 - TileCalibL1Calo - INFO: last valid run: 113232
2009-04-28 01:47 - TileCalibL1Calo - INFO: searching for new runs from 113233 to 2147483647
2009-04-28 01:47 - TileCalibL1Calo - DEBUG:  No new valid run. Last known valid run still: 113232
2009-04-28 02:03 - TileCalibL1Calo - INFO: ===> listening for new valid runs <===
2009-04-28 02:03 - TileCalibL1Calo - DEBUG: initialising coolRunLister
2009-04-28 02:03 - TileCalibL1Calo - DEBUG: applying selections to coolRunLister
2009-04-28 02:03 - TileCalibL1Calo - INFO: last valid run: 113232
2009-04-28 02:03 - TileCalibL1Calo - INFO: searching for new runs from 113233 to 2147483647
2009-04-28 02:03 - TileCalibL1Calo - DEBUG:  No new valid run. Last known valid run still: 113232
2009-04-28 02:18 - TileCalibL1Calo - INFO: ===> listening for new valid runs <===
2009-04-28 02:18 - TileCalibL1Calo - DEBUG: initialising coolRunLister
2009-04-28 02:18 - TileCalibL1Calo - DEBUG: applying selections to coolRunLister
2009-04-28 02:18 - TileCalibL1Calo - INFO: last valid run: 113232
2009-04-28 02:18 - TileCalibL1Calo - INFO: searching for new runs from 113233 to 2147483647
2009-04-28 02:18 - TileCalibL1Calo - DEBUG:  No new valid run. Last known valid run still: 113232
2009-04-28 02:33 - TileCalibL1Calo - INFO: ===> listening for new valid runs <===
2009-04-28 02:33 - TileCalibL1Calo - DEBUG: initialising coolRunLister
2009-04-28 02:33 - TileCalibL1Calo - DEBUG: applying selections to coolRunLister
2009-04-28 02:33 - TileCalibL1Calo - INFO: last valid run: 113232
2009-04-28 02:33 - TileCalibL1Calo - INFO: searching for new runs from 113233 to 2147483647
2009-04-28 02:33 - TileCalibL1Calo - DEBUG:  No new valid run. Last known valid run still: 113232
2009-04-28 02:48 - TileCalibL1Calo - INFO: ===> listening for new valid runs <===
2009-04-28 02:48 - TileCalibL1Calo - DEBUG: initialising coolRunLister
2009-04-28 02:48 - TileCalibL1Calo - DEBUG: applying selections to coolRunLister
2009-04-28 02:48 - TileCalibL1Calo - INFO: last valid run: 113232
2009-04-28 02:48 - TileCalibL1Calo - INFO: searching for new runs from 113233 to 2147483647
2009-04-28 02:48 - TileCalibL1Calo - DEBUG:  No new valid run. Last known valid run still: 113232
2009-04-28 03:03 - TileCalibL1Calo - INFO: ===> listening for new valid runs <===
2009-04-28 03:03 - TileCalibL1Calo - DEBUG: initialising coolRunLister
2009-04-28 03:03 - TileCalibL1Calo - DEBUG: applying selections to coolRunLister
2009-04-28 03:03 - TileCalibL1Calo - INFO: last valid run: 113232
2009-04-28 03:03 - TileCalibL1Calo - INFO: searching for new runs from 113233 to 2147483647
2009-04-28 03:03 - TileCalibL1Calo - DEBUG:  No new valid run. Last known valid run still: 113232
2009-04-28 03:18 - TileCalibL1Calo - INFO: ===> listening for new valid runs <===
2009-04-28 03:18 - TileCalibL1Calo - DEBUG: initialising coolRunLister
2009-04-28 03:18 - TileCalibL1Calo - DEBUG: applying selections to coolRunLister
2009-04-28 03:18 - TileCalibL1Calo - INFO: last valid run: 113232
2009-04-28 03:18 - TileCalibL1Calo - INFO: searching for new runs from 113233 to 2147483647
2009-04-28 03:18 - TileCalibL1Calo - DEBUG:  No new valid run. Last known valid run still: 113232
2009-04-28 03:33 - TileCalibL1Calo - INFO: ===> listening for new valid runs <===
2009-04-28 03:33 - TileCalibL1Calo - DEBUG: initialising coolRunLister
2009-04-28 03:33 - TileCalibL1Calo - DEBUG: applying selections to coolRunLister
2009-04-28 03:33 - TileCalibL1Calo - INFO: last valid run: 113232
2009-04-28 03:33 - TileCalibL1Calo - INFO: searching for new runs from 113233 to 2147483647
2009-04-28 03:33 - TileCalibL1Calo - DEBUG:  No new valid run. Last known valid run still: 113232
2009-04-28 03:48 - TileCalibL1Calo - INFO: ===> listening for new valid runs <===
2009-04-28 03:48 - TileCalibL1Calo - DEBUG: initialising coolRunLister
2009-04-28 03:48 - TileCalibL1Calo - DEBUG: applying selections to coolRunLister
2009-04-28 03:48 - TileCalibL1Calo - INFO: last valid run: 113232
2009-04-28 03:48 - TileCalibL1Calo - INFO: searching for new runs from 113233 to 2147483647
2009-04-28 03:48 - TileCalibL1Calo - DEBUG:  No new valid run. Last known valid run still: 113232
2009-04-28 04:04 - TileCalibL1Calo - INFO: ===> listening for new valid runs <===
2009-04-28 04:04 - TileCalibL1Calo - DEBUG: initialising coolRunLister
2009-04-28 04:04 - TileCalibL1Calo - DEBUG: applying selections to coolRunLister
2009-04-28 04:04 - TileCalibL1Calo - INFO: last valid run: 113232
2009-04-28 04:04 - TileCalibL1Calo - INFO: searching for new runs from 113233 to 2147483647
2009-04-28 04:04 - TileCalibL1Calo - DEBUG:  No new valid run. Last known valid run still: 113232
2009-04-28 04:19 - TileCalibL1Calo - INFO: ===> listening for new valid runs <===
2009-04-28 04:19 - TileCalibL1Calo - DEBUG: initialising coolRunLister
2009-04-28 04:19 - TileCalibL1Calo - DEBUG: applying selections to coolRunLister
2009-04-28 04:19 - TileCalibL1Calo - INFO: last valid run: 113232
2009-04-28 04:19 - TileCalibL1Calo - INFO: searching for new runs from 113233 to 2147483647
2009-04-28 04:19 - TileCalibL1Calo - DEBUG:  No new valid run. Last known valid run still: 113232
2009-04-28 04:34 - TileCalibL1Calo - INFO: ===> listening for new valid runs <===
2009-04-28 04:34 - TileCalibL1Calo - DEBUG: initialising coolRunLister
2009-04-28 04:34 - TileCalibL1Calo - DEBUG: applying selections to coolRunLister
2009-04-28 04:34 - TileCalibL1Calo - INFO: last valid run: 113232
2009-04-28 04:34 - TileCalibL1Calo - INFO: searching for new runs from 113233 to 2147483647
2009-04-28 04:34 - TileCalibL1Calo - DEBUG:  No new valid run. Last known valid run still: 113232
2009-04-28 04:49 - TileCalibL1Calo - INFO: ===> listening for new valid runs <===
2009-04-28 04:49 - TileCalibL1Calo - DEBUG: initialising coolRunLister
2009-04-28 04:49 - TileCalibL1Calo - DEBUG: applying selections to coolRunLister
2009-04-28 04:49 - TileCalibL1Calo - INFO: last valid run: 113232
2009-04-28 04:49 - TileCalibL1Calo - INFO: searching for new runs from 113233 to 2147483647
2009-04-28 04:49 - TileCalibL1Calo - DEBUG:  No new valid run. Last known valid run still: 113232
2009-04-28 05:04 - TileCalibL1Calo - INFO: ===> listening for new valid runs <===
2009-04-28 05:04 - TileCalibL1Calo - DEBUG: initialising coolRunLister
2009-04-28 05:04 - TileCalibL1Calo - DEBUG: applying selections to coolRunLister
2009-04-28 05:04 - TileCalibL1Calo - INFO: last valid run: 113232
2009-04-28 05:04 - TileCalibL1Calo - INFO: searching for new runs from 113233 to 2147483647
2009-04-28 05:04 - TileCalibL1Calo - DEBUG:  No new valid run. Last known valid run still: 113232
2009-04-28 05:19 - TileCalibL1Calo - INFO: ===> listening for new valid runs <===
2009-04-28 05:19 - TileCalibL1Calo - DEBUG: initialising coolRunLister
2009-04-28 05:19 - TileCalibL1Calo - DEBUG: applying selections to coolRunLister
2009-04-28 05:19 - TileCalibL1Calo - INFO: last valid run: 113232
2009-04-28 05:19 - TileCalibL1Calo - INFO: searching for new runs from 113233 to 2147483647
2009-04-28 05:19 - TileCalibL1Calo - DEBUG:  No new valid run. Last known valid run still: 113232
2009-04-28 05:34 - TileCalibL1Calo - INFO: ===> listening for new valid runs <===
2009-04-28 05:34 - TileCalibL1Calo - DEBUG: initialising coolRunLister
2009-04-28 05:34 - TileCalibL1Calo - DEBUG: applying selections to coolRunLister
2009-04-28 05:34 - TileCalibL1Calo - INFO: last valid run: 113232
2009-04-28 05:34 - TileCalibL1Calo - INFO: searching for new runs from 113233 to 2147483647
2009-04-28 05:34 - TileCalibL1Calo - DEBUG:  No new valid run. Last known valid run still: 113232
2009-04-28 05:49 - TileCalibL1Calo - INFO: ===> listening for new valid runs <===
2009-04-28 05:49 - TileCalibL1Calo - DEBUG: initialising coolRunLister
2009-04-28 05:49 - TileCalibL1Calo - DEBUG: applying selections to coolRunLister
2009-04-28 05:49 - TileCalibL1Calo - INFO: last valid run: 113232
2009-04-28 05:49 - TileCalibL1Calo - INFO: searching for new runs from 113233 to 2147483647
2009-04-28 05:49 - TileCalibL1Calo - DEBUG:  No new valid run. Last known valid run still: 113232
2009-04-28 06:04 - TileCalibL1Calo - INFO: ===> listening for new valid runs <===
2009-04-28 06:04 - TileCalibL1Calo - DEBUG: initialising coolRunLister
2009-04-28 06:04 - TileCalibL1Calo - DEBUG: applying selections to coolRunLister
2009-04-28 06:04 - TileCalibL1Calo - INFO: last valid run: 113232
2009-04-28 06:04 - TileCalibL1Calo - INFO: searching for new runs from 113233 to 2147483647
2009-04-28 06:04 - TileCalibL1Calo - DEBUG:  No new valid run. Last known valid run still: 113232
2009-04-28 06:20 - TileCalibL1Calo - INFO: ===> listening for new valid runs <===
2009-04-28 06:20 - TileCalibL1Calo - DEBUG: initialising coolRunLister
2009-04-28 06:20 - TileCalibL1Calo - DEBUG: applying selections to coolRunLister
2009-04-28 06:20 - TileCalibL1Calo - INFO: last valid run: 113232
2009-04-28 06:20 - TileCalibL1Calo - INFO: searching for new runs from 113233 to 2147483647
2009-04-28 06:20 - TileCalibL1Calo - DEBUG:  No new valid run. Last known valid run still: 113232
2009-04-28 06:35 - TileCalibL1Calo - INFO: ===> listening for new valid runs <===
2009-04-28 06:35 - TileCalibL1Calo - DEBUG: initialising coolRunLister
2009-04-28 06:35 - TileCalibL1Calo - DEBUG: applying selections to coolRunLister
2009-04-28 06:35 - TileCalibL1Calo - INFO: last valid run: 113232
2009-04-28 06:35 - TileCalibL1Calo - INFO: searching for new runs from 113233 to 2147483647
2009-04-28 06:35 - TileCalibL1Calo - DEBUG:  No new valid run. Last known valid run still: 113232
2009-04-28 06:50 - TileCalibL1Calo - INFO: ===> listening for new valid runs <===
2009-04-28 06:50 - TileCalibL1Calo - DEBUG: initialising coolRunLister
2009-04-28 06:50 - TileCalibL1Calo - DEBUG: applying selections to coolRunLister
2009-04-28 06:50 - TileCalibL1Calo - INFO: last valid run: 113232
2009-04-28 06:50 - TileCalibL1Calo - INFO: searching for new runs from 113233 to 2147483647
2009-04-28 06:50 - TileCalibL1Calo - DEBUG:  No new valid run. Last known valid run still: 113232
2009-04-28 07:05 - TileCalibL1Calo - INFO: ===> listening for new valid runs <===
2009-04-28 07:05 - TileCalibL1Calo - DEBUG: initialising coolRunLister
2009-04-28 07:05 - TileCalibL1Calo - DEBUG: applying selections to coolRunLister
2009-04-28 07:05 - TileCalibL1Calo - INFO: last valid run: 113232
2009-04-28 07:05 - TileCalibL1Calo - INFO: searching for new runs from 113233 to 2147483647
2009-04-28 07:05 - TileCalibL1Calo - DEBUG:  No new valid run. Last known valid run still: 113232
2009-04-28 07:20 - TileCalibL1Calo - INFO: ===> listening for new valid runs <===
2009-04-28 07:20 - TileCalibL1Calo - DEBUG: initialising coolRunLister
2009-04-28 07:20 - TileCalibL1Calo - DEBUG: applying selections to coolRunLister
2009-04-28 07:20 - TileCalibL1Calo - INFO: last valid run: 113232
2009-04-28 07:20 - TileCalibL1Calo - INFO: searching for new runs from 113233 to 2147483647
2009-04-28 07:20 - TileCalibL1Calo - DEBUG:  No new valid run. Last known valid run still: 113232
2009-04-28 07:35 - TileCalibL1Calo - INFO: ===> listening for new valid runs <===
2009-04-28 07:35 - TileCalibL1Calo - DEBUG: initialising coolRunLister
2009-04-28 07:35 - TileCalibL1Calo - DEBUG: applying selections to coolRunLister
2009-04-28 07:35 - TileCalibL1Calo - INFO: last valid run: 113232
2009-04-28 07:35 - TileCalibL1Calo - INFO: searching for new runs from 113233 to 2147483647
2009-04-28 07:35 - TileCalibL1Calo - DEBUG:  No new valid run. Last known valid run still: 113232
2009-04-28 07:50 - TileCalibL1Calo - INFO: ===> listening for new valid runs <===
2009-04-28 07:50 - TileCalibL1Calo - DEBUG: initialising coolRunLister
2009-04-28 07:50 - TileCalibL1Calo - DEBUG: applying selections to coolRunLister
2009-04-28 07:50 - TileCalibL1Calo - INFO: last valid run: 113232
2009-04-28 07:50 - TileCalibL1Calo - INFO: searching for new runs from 113233 to 2147483647
2009-04-28 07:50 - TileCalibL1Calo - DEBUG:  No new valid run. Last known valid run still: 113232
2009-04-28 08:05 - TileCalibL1Calo - INFO: ===> listening for new valid runs <===
2009-04-28 08:05 - TileCalibL1Calo - DEBUG: initialising coolRunLister
2009-04-28 08:05 - TileCalibL1Calo - DEBUG: applying selections to coolRunLister
2009-04-28 08:05 - TileCalibL1Calo - INFO: last valid run: 113232
2009-04-28 08:05 - TileCalibL1Calo - INFO: searching for new runs from 113233 to 2147483647
2009-04-28 08:05 - TileCalibL1Calo - DEBUG:  No new valid run. Last known valid run still: 113232
2009-04-28 08:21 - TileCalibL1Calo - INFO: ===> listening for new valid runs <===
2009-04-28 08:21 - TileCalibL1Calo - DEBUG: initialising coolRunLister
2009-04-28 08:21 - TileCalibL1Calo - DEBUG: applying selections to coolRunLister
2009-04-28 08:21 - TileCalibL1Calo - INFO: last valid run: 113232
2009-04-28 08:21 - TileCalibL1Calo - INFO: searching for new runs from 113233 to 2147483647
2009-04-28 08:21 - TileCalibL1Calo - DEBUG:  No new valid run. Last known valid run still: 113232
2009-04-28 08:36 - TileCalibL1Calo - INFO: ===> listening for new valid runs <===
2009-04-28 08:36 - TileCalibL1Calo - DEBUG: initialising coolRunLister
2009-04-28 08:36 - TileCalibL1Calo - DEBUG: applying selections to coolRunLister
2009-04-28 08:36 - TileCalibL1Calo - INFO: last valid run: 113232
2009-04-28 08:36 - TileCalibL1Calo - INFO: searching for new runs from 113233 to 2147483647
2009-04-28 08:36 - TileCalibL1Calo - DEBUG:  No new valid run. Last known valid run still: 113232
2009-04-28 08:51 - TileCalibL1Calo - INFO: ===> listening for new valid runs <===
2009-04-28 08:51 - TileCalibL1Calo - DEBUG: initialising coolRunLister
2009-04-28 08:51 - TileCalibL1Calo - DEBUG: applying selections to coolRunLister
2009-04-28 08:51 - TileCalibL1Calo - INFO: last valid run: 113232
2009-04-28 08:51 - TileCalibL1Calo - INFO: searching for new runs from 113233 to 2147483647
2009-04-28 08:51 - TileCalibL1Calo - DEBUG:  No new valid run. Last known valid run still: 113232
2009-04-28 09:06 - TileCalibL1Calo - INFO: ===> listening for new valid runs <===
2009-04-28 09:06 - TileCalibL1Calo - DEBUG: initialising coolRunLister
2009-04-28 09:06 - TileCalibL1Calo - DEBUG: applying selections to coolRunLister
2009-04-28 09:06 - TileCalibL1Calo - INFO: last valid run: 113232
2009-04-28 09:06 - TileCalibL1Calo - INFO: searching for new runs from 113233 to 2147483647
2009-04-28 09:06 - TileCalibL1Calo - DEBUG:  No new valid run. Last known valid run still: 113232
2009-04-28 09:21 - TileCalibL1Calo - INFO: ===> listening for new valid runs <===
2009-04-28 09:21 - TileCalibL1Calo - DEBUG: initialising coolRunLister
2009-04-28 09:21 - TileCalibL1Calo - DEBUG: applying selections to coolRunLister
2009-04-28 09:21 - TileCalibL1Calo - INFO: last valid run: 113232
2009-04-28 09:21 - TileCalibL1Calo - INFO: searching for new runs from 113233 to 2147483647
2009-04-28 09:21 - TileCalibL1Calo - DEBUG:  No new valid run. Last known valid run still: 113232
2009-04-28 09:36 - TileCalibL1Calo - INFO: ===> listening for new valid runs <===
2009-04-28 09:36 - TileCalibL1Calo - DEBUG: initialising coolRunLister
2009-04-28 09:36 - TileCalibL1Calo - DEBUG: applying selections to coolRunLister
2009-04-28 09:36 - TileCalibL1Calo - INFO: last valid run: 113232
2009-04-28 09:36 - TileCalibL1Calo - INFO: searching for new runs from 113233 to 2147483647
2009-04-28 09:36 - TileCalibL1Calo - DEBUG:  No new valid run. Last known valid run still: 113232
2009-04-28 09:51 - TileCalibL1Calo - INFO: ===> listening for new valid runs <===
2009-04-28 09:51 - TileCalibL1Calo - DEBUG: initialising coolRunLister
2009-04-28 09:51 - TileCalibL1Calo - DEBUG: applying selections to coolRunLister
2009-04-28 09:51 - TileCalibL1Calo - INFO: last valid run: 113232
2009-04-28 09:51 - TileCalibL1Calo - INFO: searching for new runs from 113233 to 2147483647
2009-04-28 09:51 - TileCalibL1Calo - DEBUG:  No new valid run. Last known valid run still: 113232
2009-04-28 10:06 - TileCalibL1Calo - INFO: ===> listening for new valid runs <===
2009-04-28 10:06 - TileCalibL1Calo - DEBUG: initialising coolRunLister
2009-04-28 10:06 - TileCalibL1Calo - DEBUG: applying selections to coolRunLister
2009-04-28 10:06 - TileCalibL1Calo - INFO: last valid run: 113232
2009-04-28 10:06 - TileCalibL1Calo - INFO: searching for new runs from 113233 to 2147483647
2009-04-28 10:06 - TileCalibL1Calo - DEBUG:  No new valid run. Last known valid run still: 113232
2009-04-28 10:22 - TileCalibL1Calo - INFO: ===> listening for new valid runs <===
2009-04-28 10:22 - TileCalibL1Calo - DEBUG: initialising coolRunLister
2009-04-28 10:22 - TileCalibL1Calo - DEBUG: applying selections to coolRunLister
2009-04-28 10:22 - TileCalibL1Calo - INFO: last valid run: 113232
2009-04-28 10:22 - TileCalibL1Calo - INFO: searching for new runs from 113233 to 2147483647
2009-04-28 10:22 - TileCalibL1Calo - DEBUG:  No new valid run. Last known valid run still: 113232
2009-04-28 10:37 - TileCalibL1Calo - INFO: ===> listening for new valid runs <===
2009-04-28 10:37 - TileCalibL1Calo - DEBUG: initialising coolRunLister
2009-04-28 10:37 - TileCalibL1Calo - DEBUG: applying selections to coolRunLister
2009-04-28 10:37 - TileCalibL1Calo - INFO: last valid run: 113232
2009-04-28 10:37 - TileCalibL1Calo - INFO: searching for new runs from 113233 to 2147483647
2009-04-28 10:37 - TileCalibL1Calo - DEBUG:  No new valid run. Last known valid run still: 113232
2009-04-28 10:52 - TileCalibL1Calo - INFO: ===> listening for new valid runs <===
2009-04-28 10:52 - TileCalibL1Calo - DEBUG: initialising coolRunLister
2009-04-28 10:52 - TileCalibL1Calo - DEBUG: applying selections to coolRunLister
2009-04-28 10:52 - TileCalibL1Calo - INFO: last valid run: 113232
2009-04-28 10:52 - TileCalibL1Calo - INFO: searching for new runs from 113233 to 2147483647
2009-04-28 10:52 - TileCalibL1Calo - DEBUG:  No new valid run. Last known valid run still: 113232
2009-04-28 11:07 - TileCalibL1Calo - INFO: ===> listening for new valid runs <===
2009-04-28 11:07 - TileCalibL1Calo - DEBUG: initialising coolRunLister
2009-04-28 11:07 - TileCalibL1Calo - DEBUG: applying selections to coolRunLister
2009-04-28 11:07 - TileCalibL1Calo - INFO: last valid run: 113232
2009-04-28 11:07 - TileCalibL1Calo - INFO: searching for new runs from 113233 to 2147483647
2009-04-28 11:07 - TileCalibL1Calo - DEBUG:  No new valid run. Last known valid run still: 113232
2009-04-28 11:22 - TileCalibL1Calo - INFO: ===> listening for new valid runs <===
2009-04-28 11:22 - TileCalibL1Calo - DEBUG: initialising coolRunLister
2009-04-28 11:22 - TileCalibL1Calo - DEBUG: applying selections to coolRunLister
2009-04-28 11:22 - TileCalibL1Calo - INFO: last valid run: 113232
2009-04-28 11:22 - TileCalibL1Calo - INFO: searching for new runs from 113233 to 2147483647
2009-04-28 11:22 - TileCalibL1Calo - DEBUG:  No new valid run. Last known valid run still: 113232
2009-04-28 11:37 - TileCalibL1Calo - INFO: ===> listening for new valid runs <===
2009-04-28 11:37 - TileCalibL1Calo - DEBUG: initialising coolRunLister
2009-04-28 11:37 - TileCalibL1Calo - DEBUG: applying selections to coolRunLister
2009-04-28 11:37 - TileCalibL1Calo - INFO: last valid run: 113232
2009-04-28 11:37 - TileCalibL1Calo - INFO: searching for new runs from 113233 to 2147483647
2009-04-28 11:37 - TileCalibL1Calo - DEBUG:  No new valid run. Last known valid run still: 113232
2009-04-28 11:52 - TileCalibL1Calo - INFO: ===> listening for new valid runs <===
2009-04-28 11:52 - TileCalibL1Calo - DEBUG: initialising coolRunLister
2009-04-28 11:52 - TileCalibL1Calo - DEBUG: applying selections to coolRunLister
2009-04-28 11:52 - TileCalibL1Calo - INFO: last valid run: 113232
2009-04-28 11:52 - TileCalibL1Calo - INFO: searching for new runs from 113233 to 2147483647
2009-04-28 11:52 - TileCalibL1Calo - DEBUG:  No new valid run. Last known valid run still: 113232
2009-04-28 12:07 - TileCalibL1Calo - INFO: ===> listening for new valid runs <===
2009-04-28 12:07 - TileCalibL1Calo - DEBUG: initialising coolRunLister
2009-04-28 12:07 - TileCalibL1Calo - DEBUG: applying selections to coolRunLister
2009-04-28 12:07 - TileCalibL1Calo - INFO: last valid run: 113232
2009-04-28 12:07 - TileCalibL1Calo - INFO: searching for new runs from 113233 to 2147483647
2009-04-28 12:07 - TileCalibL1Calo - DEBUG:  No new valid run. Last known valid run still: 113232
2009-04-28 12:23 - TileCalibL1Calo - INFO: ===> listening for new valid runs <===
2009-04-28 12:23 - TileCalibL1Calo - DEBUG: initialising coolRunLister
2009-04-28 12:23 - TileCalibL1Calo - DEBUG: applying selections to coolRunLister
2009-04-28 12:23 - TileCalibL1Calo - INFO: last valid run: 113232
2009-04-28 12:23 - TileCalibL1Calo - INFO: searching for new runs from 113233 to 2147483647
2009-04-28 12:23 - TileCalibL1Calo - DEBUG:  No new valid run. Last known valid run still: 113232
2009-04-28 12:38 - TileCalibL1Calo - INFO: ===> listening for new valid runs <===
2009-04-28 12:38 - TileCalibL1Calo - DEBUG: initialising coolRunLister
2009-04-28 12:38 - TileCalibL1Calo - DEBUG: applying selections to coolRunLister
2009-04-28 12:38 - TileCalibL1Calo - INFO: last valid run: 113232
2009-04-28 12:38 - TileCalibL1Calo - INFO: searching for new runs from 113233 to 2147483647
2009-04-28 12:38 - TileCalibL1Calo - DEBUG:  No new valid run. Last known valid run still: 113232
2009-04-28 12:53 - TileCalibL1Calo - INFO: ===> listening for new valid runs <===
2009-04-28 12:53 - TileCalibL1Calo - DEBUG: initialising coolRunLister
2009-04-28 12:53 - TileCalibL1Calo - DEBUG: applying selections to coolRunLister
2009-04-28 12:53 - TileCalibL1Calo - INFO: last valid run: 113232
2009-04-28 12:53 - TileCalibL1Calo - INFO: searching for new runs from 113233 to 2147483647
2009-04-28 12:53 - TileCalibL1Calo - DEBUG:  No new valid run. Last known valid run still: 113232
2009-04-28 13:08 - TileCalibL1Calo - INFO: ===> listening for new valid runs <===
2009-04-28 13:08 - TileCalibL1Calo - DEBUG: initialising coolRunLister
2009-04-28 13:08 - TileCalibL1Calo - DEBUG: applying selections to coolRunLister
2009-04-28 13:08 - TileCalibL1Calo - INFO: last valid run: 113232
2009-04-28 13:08 - TileCalibL1Calo - INFO: searching for new runs from 113233 to 2147483647
2009-04-28 13:08 - TileCalibL1Calo - DEBUG:  No new valid run. Last known valid run still: 113232
2009-04-28 13:23 - TileCalibL1Calo - INFO: ===> listening for new valid runs <===
2009-04-28 13:23 - TileCalibL1Calo - DEBUG: initialising coolRunLister
2009-04-28 13:23 - TileCalibL1Calo - DEBUG: applying selections to coolRunLister
2009-04-28 13:23 - TileCalibL1Calo - INFO: last valid run: 113232
2009-04-28 13:23 - TileCalibL1Calo - INFO: searching for new runs from 113233 to 2147483647
2009-04-28 13:23 - TileCalibL1Calo - DEBUG:  No new valid run. Last known valid run still: 113232
2009-04-28 13:38 - TileCalibL1Calo - INFO: ===> listening for new valid runs <===
2009-04-28 13:38 - TileCalibL1Calo - DEBUG: initialising coolRunLister
2009-04-28 13:38 - TileCalibL1Calo - DEBUG: applying selections to coolRunLister
2009-04-28 13:38 - TileCalibL1Calo - INFO: last valid run: 113232
2009-04-28 13:38 - TileCalibL1Calo - INFO: searching for new runs from 113233 to 2147483647
2009-04-28 13:38 - TileCalibL1Calo - DEBUG:  No new valid run. Last known valid run still: 113232
2009-04-28 13:53 - TileCalibL1Calo - INFO: ===> listening for new valid runs <===
2009-04-28 13:53 - TileCalibL1Calo - DEBUG: initialising coolRunLister
2009-04-28 13:53 - TileCalibL1Calo - DEBUG: applying selections to coolRunLister
2009-04-28 13:53 - TileCalibL1Calo - INFO: last valid run: 113232
2009-04-28 13:53 - TileCalibL1Calo - INFO: searching for new runs from 113233 to 2147483647
2009-04-28 13:53 - TileCalibL1Calo - DEBUG:  No new valid run. Last known valid run still: 113232
2009-04-28 14:08 - TileCalibL1Calo - INFO: ===> listening for new valid runs <===
2009-04-28 14:08 - TileCalibL1Calo - DEBUG: initialising coolRunLister
2009-04-28 14:09 - TileCalibL1Calo - DEBUG: applying selections to coolRunLister
2009-04-28 14:09 - TileCalibL1Calo - INFO: last valid run: 113232
2009-04-28 14:09 - TileCalibL1Calo - INFO: searching for new runs from 113233 to 2147483647
2009-04-28 14:09 - TileCalibL1Calo - DEBUG:  No new valid run. Last known valid run still: 113232
2009-04-28 14:24 - TileCalibL1Calo - INFO: ===> listening for new valid runs <===
2009-04-28 14:24 - TileCalibL1Calo - DEBUG: initialising coolRunLister
2009-04-28 14:24 - TileCalibL1Calo - DEBUG: applying selections to coolRunLister
2009-04-28 14:24 - TileCalibL1Calo - INFO: last valid run: 113232
2009-04-28 14:24 - TileCalibL1Calo - INFO: searching for new runs from 113233 to 2147483647
2009-04-28 14:24 - TileCalibL1Calo - DEBUG:  No new valid run. Last known valid run still: 113232
2009-04-28 14:39 - TileCalibL1Calo - INFO: ===> listening for new valid runs <===
2009-04-28 14:39 - TileCalibL1Calo - DEBUG: initialising coolRunLister
2009-04-28 14:39 - TileCalibL1Calo - DEBUG: applying selections to coolRunLister
2009-04-28 14:39 - TileCalibL1Calo - INFO: last valid run: 113232
2009-04-28 14:39 - TileCalibL1Calo - INFO: searching for new runs from 113233 to 2147483647
2009-04-28 14:39 - TileCalibL1Calo - DEBUG:  No new valid run. Last known valid run still: 113232
2009-04-28 14:54 - TileCalibL1Calo - INFO: ===> listening for new valid runs <===
2009-04-28 14:54 - TileCalibL1Calo - DEBUG: initialising coolRunLister
2009-04-28 14:54 - TileCalibL1Calo - DEBUG: applying selections to coolRunLister
2009-04-28 14:54 - TileCalibL1Calo - INFO: last valid run: 113232
2009-04-28 14:54 - TileCalibL1Calo - INFO: searching for new runs from 113233 to 2147483647
2009-04-28 14:54 - TileCalibL1Calo - DEBUG:  No new valid run. Last known valid run still: 113232
2009-04-28 15:09 - TileCalibL1Calo - INFO: ===> listening for new valid runs <===
2009-04-28 15:09 - TileCalibL1Calo - DEBUG: initialising coolRunLister
2009-04-28 15:09 - TileCalibL1Calo - DEBUG: applying selections to coolRunLister
2009-04-28 15:09 - TileCalibL1Calo - INFO: last valid run: 113232
2009-04-28 15:09 - TileCalibL1Calo - INFO: searching for new runs from 113233 to 2147483647
2009-04-28 15:09 - TileCalibL1Calo - DEBUG:  No new valid run. Last known valid run still: 113232
2009-04-28 15:24 - TileCalibL1Calo - INFO: ===> listening for new valid runs <===
2009-04-28 15:24 - TileCalibL1Calo - DEBUG: initialising coolRunLister
2009-04-28 15:24 - TileCalibL1Calo - DEBUG: applying selections to coolRunLister
2009-04-28 15:24 - TileCalibL1Calo - INFO: last valid run: 113232
2009-04-28 15:24 - TileCalibL1Calo - INFO: searching for new runs from 113233 to 2147483647
2009-04-28 15:24 - TileCalibL1Calo - DEBUG:  No new valid run. Last known valid run still: 113232
2009-04-28 15:39 - TileCalibL1Calo - INFO: ===> listening for new valid runs <===
2009-04-28 15:39 - TileCalibL1Calo - DEBUG: initialising coolRunLister
2009-04-28 15:39 - TileCalibL1Calo - DEBUG: applying selections to coolRunLister
2009-04-28 15:39 - TileCalibL1Calo - INFO: last valid run: 113232
2009-04-28 15:39 - TileCalibL1Calo - INFO: searching for new runs from 113233 to 2147483647
2009-04-28 15:39 - TileCalibL1Calo - DEBUG:  No new valid run. Last known valid run still: 113232
2009-04-28 15:55 - TileCalibL1Calo - INFO: ===> listening for new valid runs <===
2009-04-28 15:55 - TileCalibL1Calo - DEBUG: initialising coolRunLister
2009-04-28 15:55 - TileCalibL1Calo - DEBUG: applying selections to coolRunLister
2009-04-28 15:55 - TileCalibL1Calo - INFO: last valid run: 113232
2009-04-28 15:55 - TileCalibL1Calo - INFO: searching for new runs from 113233 to 2147483647
2009-04-28 15:55 - TileCalibL1Calo - DEBUG:  No new valid run. Last known valid run still: 113232
2009-04-28 16:10 - TileCalibL1Calo - INFO: ===> listening for new valid runs <===
2009-04-28 16:10 - TileCalibL1Calo - DEBUG: initialising coolRunLister
2009-04-28 16:10 - TileCalibL1Calo - DEBUG: applying selections to coolRunLister
2009-04-28 16:10 - TileCalibL1Calo - INFO: last valid run: 113232
2009-04-28 16:10 - TileCalibL1Calo - INFO: searching for new runs from 113233 to 2147483647
2009-04-28 16:10 - TileCalibL1Calo - DEBUG:  No new valid run. Last known valid run still: 113232
2009-04-28 16:25 - TileCalibL1Calo - INFO: ===> listening for new valid runs <===
2009-04-28 16:25 - TileCalibL1Calo - DEBUG: initialising coolRunLister
2009-04-28 16:25 - TileCalibL1Calo - DEBUG: applying selections to coolRunLister
2009-04-28 16:25 - TileCalibL1Calo - INFO: last valid run: 113232
2009-04-28 16:25 - TileCalibL1Calo - INFO: searching for new runs from 113233 to 2147483647
2009-04-28 16:25 - TileCalibL1Calo - DEBUG:  No new valid run. Last known valid run still: 113232
2009-04-28 16:40 - TileCalibL1Calo - INFO: ===> listening for new valid runs <===
2009-04-28 16:40 - TileCalibL1Calo - DEBUG: initialising coolRunLister
2009-04-28 16:40 - TileCalibL1Calo - DEBUG: applying selections to coolRunLister
2009-04-28 16:40 - TileCalibL1Calo - INFO: last valid run: 113232
2009-04-28 16:40 - TileCalibL1Calo - INFO: searching for new runs from 113233 to 2147483647
2009-04-28 16:40 - TileCalibL1Calo - DEBUG:  No new valid run. Last known valid run still: 113232
2009-04-28 16:55 - TileCalibL1Calo - INFO: ===> listening for new valid runs <===
2009-04-28 16:55 - TileCalibL1Calo - DEBUG: initialising coolRunLister
2009-04-28 16:55 - TileCalibL1Calo - DEBUG: applying selections to coolRunLister
2009-04-28 16:55 - TileCalibL1Calo - INFO: last valid run: 113232
2009-04-28 16:55 - TileCalibL1Calo - INFO: searching for new runs from 113233 to 2147483647
2009-04-28 16:55 - TileCalibL1Calo - DEBUG:  No new valid run. Last known valid run still: 113232
2009-04-28 17:10 - TileCalibL1Calo - INFO: ===> listening for new valid runs <===
2009-04-28 17:10 - TileCalibL1Calo - DEBUG: initialising coolRunLister
2009-04-28 17:10 - TileCalibL1Calo - DEBUG: applying selections to coolRunLister
2009-04-28 17:10 - TileCalibL1Calo - INFO: last valid run: 113232
2009-04-28 17:10 - TileCalibL1Calo - INFO: searching for new runs from 113233 to 2147483647
2009-04-28 17:10 - TileCalibL1Calo - DEBUG:  No new valid run. Last known valid run still: 113232
2009-04-28 17:25 - TileCalibL1Calo - INFO: ===> listening for new valid runs <===
2009-04-28 17:25 - TileCalibL1Calo - DEBUG: initialising coolRunLister
2009-04-28 17:25 - TileCalibL1Calo - DEBUG: applying selections to coolRunLister
2009-04-28 17:25 - TileCalibL1Calo - INFO: last valid run: 113232
2009-04-28 17:25 - TileCalibL1Calo - INFO: searching for new runs from 113233 to 2147483647
2009-04-28 17:26 - TileCalibL1Calo - DEBUG:  No new valid run. Last known valid run still: 113232
2009-04-28 17:41 - TileCalibL1Calo - INFO: ===> listening for new valid runs <===
2009-04-28 17:41 - TileCalibL1Calo - DEBUG: initialising coolRunLister
2009-04-28 17:41 - TileCalibL1Calo - DEBUG: applying selections to coolRunLister
2009-04-28 17:41 - TileCalibL1Calo - INFO: last valid run: 113232
2009-04-28 17:41 - TileCalibL1Calo - INFO: searching for new runs from 113233 to 2147483647
2009-04-28 17:41 - TileCalibL1Calo - DEBUG:  No new valid run. Last known valid run still: 113232
2009-04-28 17:56 - TileCalibL1Calo - INFO: ===> listening for new valid runs <===
2009-04-28 17:56 - TileCalibL1Calo - DEBUG: initialising coolRunLister
2009-04-28 17:56 - TileCalibL1Calo - DEBUG: applying selections to coolRunLister
2009-04-28 17:56 - TileCalibL1Calo - INFO: last valid run: 113232
2009-04-28 17:56 - TileCalibL1Calo - INFO: searching for new runs from 113233 to 2147483647
2009-04-28 17:56 - TileCalibL1Calo - DEBUG:  No new valid run. Last known valid run still: 113232
2009-04-28 18:11 - TileCalibL1Calo - INFO: ===> listening for new valid runs <===
2009-04-28 18:11 - TileCalibL1Calo - DEBUG: initialising coolRunLister
2009-04-28 18:11 - TileCalibL1Calo - DEBUG: applying selections to coolRunLister
2009-04-28 18:11 - TileCalibL1Calo - INFO: last valid run: 113232
2009-04-28 18:11 - TileCalibL1Calo - INFO: searching for new runs from 113233 to 2147483647
2009-04-28 18:11 - TileCalibL1Calo - DEBUG:  No new valid run. Last known valid run still: 113232
2009-04-28 18:26 - TileCalibL1Calo - INFO: ===> listening for new valid runs <===
2009-04-28 18:26 - TileCalibL1Calo - DEBUG: initialising coolRunLister
2009-04-28 18:26 - TileCalibL1Calo - DEBUG: applying selections to coolRunLister
2009-04-28 18:26 - TileCalibL1Calo - INFO: last valid run: 113232
2009-04-28 18:26 - TileCalibL1Calo - INFO: searching for new runs from 113233 to 2147483647
2009-04-28 18:26 - TileCalibL1Calo - DEBUG:  No new valid run. Last known valid run still: 113232
2009-04-28 18:41 - TileCalibL1Calo - INFO: ===> listening for new valid runs <===
2009-04-28 18:41 - TileCalibL1Calo - DEBUG: initialising coolRunLister
2009-04-28 18:41 - TileCalibL1Calo - DEBUG: applying selections to coolRunLister
2009-04-28 18:41 - TileCalibL1Calo - INFO: last valid run: 113232
2009-04-28 18:41 - TileCalibL1Calo - INFO: searching for new runs from 113233 to 2147483647
2009-04-28 18:41 - TileCalibL1Calo - DEBUG:  No new valid run. Last known valid run still: 113232
2009-04-28 18:56 - TileCalibL1Calo - INFO: ===> listening for new valid runs <===
2009-04-28 18:56 - TileCalibL1Calo - DEBUG: initialising coolRunLister
2009-04-28 18:56 - TileCalibL1Calo - DEBUG: applying selections to coolRunLister
2009-04-28 18:56 - TileCalibL1Calo - INFO: last valid run: 113232
2009-04-28 18:56 - TileCalibL1Calo - INFO: searching for new runs from 113233 to 2147483647
2009-04-28 18:56 - TileCalibL1Calo - DEBUG:  No new valid run. Last known valid run still: 113232
2009-04-28 19:11 - TileCalibL1Calo - INFO: ===> listening for new valid runs <===
2009-04-28 19:11 - TileCalibL1Calo - DEBUG: initialising coolRunLister
2009-04-28 19:11 - TileCalibL1Calo - DEBUG: applying selections to coolRunLister
2009-04-28 19:11 - TileCalibL1Calo - INFO: last valid run: 113232
2009-04-28 19:11 - TileCalibL1Calo - INFO: searching for new runs from 113233 to 2147483647
2009-04-28 19:12 - TileCalibL1Calo - DEBUG:  No new valid run. Last known valid run still: 113232
2009-04-28 19:27 - TileCalibL1Calo - INFO: ===> listening for new valid runs <===
2009-04-28 19:27 - TileCalibL1Calo - DEBUG: initialising coolRunLister
2009-04-28 19:27 - TileCalibL1Calo - DEBUG: applying selections to coolRunLister
2009-04-28 19:27 - TileCalibL1Calo - INFO: last valid run: 113232
2009-04-28 19:27 - TileCalibL1Calo - INFO: searching for new runs from 113233 to 2147483647
2009-04-28 19:27 - TileCalibL1Calo - DEBUG:  No new valid run. Last known valid run still: 113232
2009-04-28 19:42 - TileCalibL1Calo - INFO: ===> listening for new valid runs <===
2009-04-28 19:42 - TileCalibL1Calo - DEBUG: initialising coolRunLister
2009-04-28 19:42 - TileCalibL1Calo - DEBUG: applying selections to coolRunLister
2009-04-28 19:42 - TileCalibL1Calo - INFO: last valid run: 113232
2009-04-28 19:42 - TileCalibL1Calo - INFO: searching for new runs from 113233 to 2147483647
2009-04-28 19:42 - TileCalibL1Calo - DEBUG:  No new valid run. Last known valid run still: 113232
2009-04-28 19:57 - TileCalibL1Calo - INFO: ===> listening for new valid runs <===
2009-04-28 19:57 - TileCalibL1Calo - DEBUG: initialising coolRunLister
2009-04-28 19:57 - TileCalibL1Calo - DEBUG: applying selections to coolRunLister
2009-04-28 19:57 - TileCalibL1Calo - INFO: last valid run: 113232
2009-04-28 19:57 - TileCalibL1Calo - INFO: searching for new runs from 113233 to 2147483647
2009-04-28 19:57 - TileCalibL1Calo - DEBUG:  No new valid run. Last known valid run still: 113232
2009-04-28 20:12 - TileCalibL1Calo - INFO: ===> listening for new valid runs <===
2009-04-28 20:12 - TileCalibL1Calo - DEBUG: initialising coolRunLister
2009-04-28 20:12 - TileCalibL1Calo - DEBUG: applying selections to coolRunLister
2009-04-28 20:12 - TileCalibL1Calo - INFO: last valid run: 113232
2009-04-28 20:12 - TileCalibL1Calo - INFO: searching for new runs from 113233 to 2147483647
2009-04-28 20:12 - TileCalibL1Calo - DEBUG:  No new valid run. Last known valid run still: 113232
2009-04-28 20:27 - TileCalibL1Calo - INFO: ===> listening for new valid runs <===
2009-04-28 20:27 - TileCalibL1Calo - DEBUG: initialising coolRunLister
2009-04-28 20:27 - TileCalibL1Calo - DEBUG: applying selections to coolRunLister
2009-04-28 20:27 - TileCalibL1Calo - INFO: last valid run: 113232
2009-04-28 20:27 - TileCalibL1Calo - INFO: searching for new runs from 113233 to 2147483647
2009-04-28 20:27 - TileCalibL1Calo - DEBUG:  No new valid run. Last known valid run still: 113232
2009-04-28 20:42 - TileCalibL1Calo - INFO: ===> listening for new valid runs <===
2009-04-28 20:42 - TileCalibL1Calo - DEBUG: initialising coolRunLister
2009-04-28 20:42 - TileCalibL1Calo - DEBUG: applying selections to coolRunLister
2009-04-28 20:42 - TileCalibL1Calo - INFO: last valid run: 113232
2009-04-28 20:42 - TileCalibL1Calo - INFO: searching for new runs from 113233 to 2147483647
2009-04-28 20:42 - TileCalibL1Calo - DEBUG:  No new valid run. Last known valid run still: 113232
2009-04-28 20:57 - TileCalibL1Calo - INFO: ===> listening for new valid runs <===
2009-04-28 20:57 - TileCalibL1Calo - DEBUG: initialising coolRunLister
2009-04-28 20:57 - TileCalibL1Calo - DEBUG: applying selections to coolRunLister
2009-04-28 20:57 - TileCalibL1Calo - INFO: last valid run: 113232
2009-04-28 20:57 - TileCalibL1Calo - INFO: searching for new runs from 113233 to 2147483647
2009-04-28 20:58 - TileCalibL1Calo - DEBUG:  No new valid run. Last known valid run still: 113232
2009-04-28 21:13 - TileCalibL1Calo - INFO: ===> listening for new valid runs <===
2009-04-28 21:13 - TileCalibL1Calo - DEBUG: initialising coolRunLister
2009-04-28 21:13 - TileCalibL1Calo - DEBUG: applying selections to coolRunLister
2009-04-28 21:13 - TileCalibL1Calo - INFO: last valid run: 113232
2009-04-28 21:13 - TileCalibL1Calo - INFO: searching for new runs from 113233 to 2147483647
2009-04-28 21:13 - TileCalibL1Calo - DEBUG:  No new valid run. Last known valid run still: 113232
2009-04-28 21:28 - TileCalibL1Calo - INFO: ===> listening for new valid runs <===
2009-04-28 21:28 - TileCalibL1Calo - DEBUG: initialising coolRunLister
2009-04-28 21:28 - TileCalibL1Calo - DEBUG: applying selections to coolRunLister
2009-04-28 21:28 - TileCalibL1Calo - INFO: last valid run: 113232
2009-04-28 21:28 - TileCalibL1Calo - INFO: searching for new runs from 113233 to 2147483647
2009-04-28 21:28 - TileCalibL1Calo - DEBUG:  No new valid run. Last known valid run still: 113232
2009-04-28 21:43 - TileCalibL1Calo - INFO: ===> listening for new valid runs <===
2009-04-28 21:43 - TileCalibL1Calo - DEBUG: initialising coolRunLister
2009-04-28 21:43 - TileCalibL1Calo - DEBUG: applying selections to coolRunLister
2009-04-28 21:43 - TileCalibL1Calo - INFO: last valid run: 113232
2009-04-28 21:43 - TileCalibL1Calo - INFO: searching for new runs from 113233 to 2147483647
2009-04-28 21:43 - TileCalibL1Calo - DEBUG:  No new valid run. Last known valid run still: 113232
2009-04-28 21:58 - TileCalibL1Calo - INFO: ===> listening for new valid runs <===
2009-04-28 21:58 - TileCalibL1Calo - DEBUG: initialising coolRunLister
2009-04-28 21:58 - TileCalibL1Calo - DEBUG: applying selections to coolRunLister
2009-04-28 21:58 - TileCalibL1Calo - INFO: last valid run: 113232
2009-04-28 21:58 - TileCalibL1Calo - INFO: searching for new runs from 113233 to 2147483647
2009-04-28 21:58 - TileCalibL1Calo - DEBUG:  No new valid run. Last known valid run still: 113232
2009-04-28 22:13 - TileCalibL1Calo - INFO: ===> listening for new valid runs <===
2009-04-28 22:13 - TileCalibL1Calo - DEBUG: initialising coolRunLister
2009-04-28 22:13 - TileCalibL1Calo - DEBUG: applying selections to coolRunLister
2009-04-28 22:13 - TileCalibL1Calo - INFO: last valid run: 113232
2009-04-28 22:13 - TileCalibL1Calo - INFO: searching for new runs from 113233 to 2147483647
2009-04-28 22:13 - TileCalibL1Calo - DEBUG:  No new valid run. Last known valid run still: 113232
2009-04-28 22:28 - TileCalibL1Calo - INFO: ===> listening for new valid runs <===
2009-04-28 22:28 - TileCalibL1Calo - DEBUG: initialising coolRunLister
2009-04-28 22:28 - TileCalibL1Calo - DEBUG: applying selections to coolRunLister
2009-04-28 22:28 - TileCalibL1Calo - INFO: last valid run: 113232
2009-04-28 22:28 - TileCalibL1Calo - INFO: searching for new runs from 113233 to 2147483647
2009-04-28 22:28 - TileCalibL1Calo - DEBUG:  No new valid run. Last known valid run still: 113232
2009-04-28 22:43 - TileCalibL1Calo - INFO: ===> listening for new valid runs <===
2009-04-28 22:43 - TileCalibL1Calo - DEBUG: initialising coolRunLister
2009-04-28 22:43 - TileCalibL1Calo - DEBUG: applying selections to coolRunLister
2009-04-28 22:43 - TileCalibL1Calo - INFO: last valid run: 113232
2009-04-28 22:43 - TileCalibL1Calo - INFO: searching for new runs from 113233 to 2147483647
2009-04-28 22:44 - TileCalibL1Calo - DEBUG:  No new valid run. Last known valid run still: 113232
2009-04-28 22:59 - TileCalibL1Calo - INFO: ===> listening for new valid runs <===
2009-04-28 22:59 - TileCalibL1Calo - DEBUG: initialising coolRunLister
2009-04-28 22:59 - TileCalibL1Calo - DEBUG: applying selections to coolRunLister
2009-04-28 22:59 - TileCalibL1Calo - INFO: last valid run: 113232
2009-04-28 22:59 - TileCalibL1Calo - INFO: searching for new runs from 113233 to 2147483647
2009-04-28 22:59 - TileCalibL1Calo - DEBUG:  No new valid run. Last known valid run still: 113232
2009-04-28 23:14 - TileCalibL1Calo - INFO: ===> listening for new valid runs <===
2009-04-28 23:14 - TileCalibL1Calo - DEBUG: initialising coolRunLister
2009-04-28 23:14 - TileCalibL1Calo - DEBUG: applying selections to coolRunLister
2009-04-28 23:14 - TileCalibL1Calo - INFO: last valid run: 113232
2009-04-28 23:14 - TileCalibL1Calo - INFO: searching for new runs from 113233 to 2147483647
2009-04-28 23:14 - TileCalibL1Calo - DEBUG:  No new valid run. Last known valid run still: 113232
2009-04-28 23:29 - TileCalibL1Calo - INFO: ===> listening for new valid runs <===
2009-04-28 23:29 - TileCalibL1Calo - DEBUG: initialising coolRunLister
2009-04-28 23:29 - TileCalibL1Calo - DEBUG: applying selections to coolRunLister
2009-04-28 23:29 - TileCalibL1Calo - INFO: last valid run: 113232
2009-04-28 23:29 - TileCalibL1Calo - INFO: searching for new runs from 113233 to 2147483647
2009-04-28 23:29 - TileCalibL1Calo - DEBUG:  No new valid run. Last known valid run still: 113232
2009-04-28 23:44 - TileCalibL1Calo - INFO: ===> listening for new valid runs <===
2009-04-28 23:44 - TileCalibL1Calo - DEBUG: initialising coolRunLister
2009-04-28 23:44 - TileCalibL1Calo - DEBUG: applying selections to coolRunLister
2009-04-28 23:44 - TileCalibL1Calo - INFO: last valid run: 113232
2009-04-28 23:44 - TileCalibL1Calo - INFO: searching for new runs from 113233 to 2147483647
2009-04-28 23:44 - TileCalibL1Calo - DEBUG:  No new valid run. Last known valid run still: 113232
2009-04-28 23:59 - TileCalibL1Calo - INFO: ===> listening for new valid runs <===
2009-04-28 23:59 - TileCalibL1Calo - DEBUG: initialising coolRunLister
2009-04-28 23:59 - TileCalibL1Calo - DEBUG: applying selections to coolRunLister
2009-04-28 23:59 - TileCalibL1Calo - INFO: last valid run: 113232
2009-04-28 23:59 - TileCalibL1Calo - INFO: searching for new runs from 113233 to 2147483647
2009-04-28 23:59 - TileCalibL1Calo - DEBUG:  No new valid run. Last known valid run still: 113232
