2009-04-29 15:57 - L1CaloStandalone - INFO: ========================================
2009-04-29 15:57 - L1CaloStandalone - INFO: RunListener in init
2009-04-29 15:57 - L1CaloStandalone - INFO: RunListener initialized
2009-04-29 15:57 - L1CaloStandalone - INFO: ========================================
2009-04-29 15:57 - L1CaloStandalone - INFO: ===> from initRunListener <===
2009-04-29 15:57 - L1CaloStandalone - INFO: 
RunListener L1CaloStandaloneinitialised with the following parameters:
TDAQ DB: COOLONL_TDAQ/COMP200
TRIG DB: COOLONL_TRIGGER/COMP200
Status DB: COOLONL_TDAQ/COMP200
log level: 0
oracle: False
rec. only: True
det. mask: 0
run type: Physics
det. status: 2
det. status tag: HEAD
daq partition: L1CaloStandalone
tag: 
format: acertd
reverse: False
stoptimestamp: True
cleanstop: True
hasevents: True
last valid run known: 0

2009-04-29 15:58 - L1CaloStandalone - INFO: ===> listening for new valid runs <===
2009-04-29 15:58 - L1CaloStandalone - DEBUG: initialising coolRunLister
2009-04-29 15:58 - L1CaloStandalone - DEBUG: applying selections to coolRunLister
2009-04-29 15:58 - L1CaloStandalone - INFO: last valid run: 113232
2009-04-29 15:58 - L1CaloStandalone - INFO: searching for new runs from 113233 to 2147483647
2009-04-29 15:58 - L1CaloStandalone - DEBUG: new last known run: 113282
2009-04-29 15:58 - L1CaloStandalone - DEBUG: 
     Run   Events  LumiB            StartTime             StopTime L1Events L2Events EFEvents ErrC Rec Cln RunType                  DetectorMask DAQConfiguration     PartitionName    FilenameTag         
  113234     1324      1  2009-04-25:08:18:47  2009-04-25:08:21:38     1324     1324     1324    0  No Yes Physics                    7c00000000 Schema=136:Data=6    L1CaloStandalone data_test           
     Run   Events  LumiB            StartTime             StopTime L1Events L2Events EFEvents ErrC Rec Cln RunType                  DetectorMask DAQConfiguration     PartitionName    FilenameTag         
  113237     1260      1  2009-04-25:09:11:51  2009-04-25:09:13:57     1260     1260     1260    0  No Yes Physics                    7c00000000 Schema=136:Data=6    L1CaloStandalone data_test           
     Run   Events  LumiB            StartTime             StopTime L1Events L2Events EFEvents ErrC Rec Cln RunType                  DetectorMask DAQConfiguration     PartitionName    FilenameTag         
  113282     1264      1  2009-04-26:15:55:34  2009-04-26:15:57:40     1264     1264     1264    0  No Yes Physics                    7c00000000 Schema=136:Data=6    L1CaloStandalone data_test           

2009-04-29 15:59 - L1CaloStandalone - INFO: ===> listening for new valid runs <===
2009-04-29 15:59 - L1CaloStandalone - DEBUG: initialising coolRunLister
2009-04-29 15:59 - L1CaloStandalone - DEBUG: applying selections to coolRunLister
2009-04-29 15:59 - L1CaloStandalone - INFO: last valid run: 113282
2009-04-29 15:59 - L1CaloStandalone - INFO: searching for new runs from 113283 to 2147483647
2009-04-29 15:59 - L1CaloStandalone - DEBUG:  No new valid run. Last known valid run still: 113282
2009-04-29 15:59 - L1CaloStandalone - INFO: ===> listening for new valid runs <===
2009-04-29 15:59 - L1CaloStandalone - DEBUG: initialising coolRunLister
2009-04-29 15:59 - L1CaloStandalone - DEBUG: applying selections to coolRunLister
2009-04-29 15:59 - L1CaloStandalone - INFO: last valid run: 113282
2009-04-29 15:59 - L1CaloStandalone - INFO: searching for new runs from 113283 to 2147483647
2009-04-29 15:59 - L1CaloStandalone - DEBUG:  No new valid run. Last known valid run still: 113282
2009-04-29 16:00 - L1CaloStandalone - INFO: ===> listening for new valid runs <===
2009-04-29 16:00 - L1CaloStandalone - DEBUG: initialising coolRunLister
2009-04-29 16:00 - L1CaloStandalone - DEBUG: applying selections to coolRunLister
2009-04-29 16:00 - L1CaloStandalone - INFO: last valid run: 113282
2009-04-29 16:00 - L1CaloStandalone - INFO: searching for new runs from 113283 to 2147483647
2009-04-29 16:00 - L1CaloStandalone - DEBUG:  No new valid run. Last known valid run still: 113282
2009-04-29 16:01 - L1CaloStandalone - INFO: ===> listening for new valid runs <===
2009-04-29 16:01 - L1CaloStandalone - DEBUG: initialising coolRunLister
2009-04-29 16:01 - L1CaloStandalone - DEBUG: applying selections to coolRunLister
2009-04-29 16:01 - L1CaloStandalone - INFO: last valid run: 113282
2009-04-29 16:01 - L1CaloStandalone - INFO: searching for new runs from 113283 to 2147483647
2009-04-29 16:01 - L1CaloStandalone - DEBUG:  No new valid run. Last known valid run still: 113282
2009-04-29 16:01 - L1CaloStandalone - INFO: ===> listening for new valid runs <===
2009-04-29 16:01 - L1CaloStandalone - DEBUG: initialising coolRunLister
2009-04-29 16:01 - L1CaloStandalone - DEBUG: applying selections to coolRunLister
2009-04-29 16:01 - L1CaloStandalone - INFO: last valid run: 113282
2009-04-29 16:01 - L1CaloStandalone - INFO: searching for new runs from 113283 to 2147483647
2009-04-29 16:01 - L1CaloStandalone - DEBUG:  No new valid run. Last known valid run still: 113282
2009-04-29 16:02 - L1CaloStandalone - INFO: ===> listening for new valid runs <===
2009-04-29 16:02 - L1CaloStandalone - DEBUG: initialising coolRunLister
2009-04-29 16:02 - L1CaloStandalone - DEBUG: applying selections to coolRunLister
2009-04-29 16:02 - L1CaloStandalone - INFO: last valid run: 113282
2009-04-29 16:02 - L1CaloStandalone - INFO: searching for new runs from 113283 to 2147483647
2009-04-29 16:02 - L1CaloStandalone - DEBUG:  No new valid run. Last known valid run still: 113282
2009-04-29 16:03 - L1CaloStandalone - INFO: ===> listening for new valid runs <===
2009-04-29 16:03 - L1CaloStandalone - DEBUG: initialising coolRunLister
2009-04-29 16:03 - L1CaloStandalone - DEBUG: applying selections to coolRunLister
2009-04-29 16:03 - L1CaloStandalone - INFO: last valid run: 113282
2009-04-29 16:03 - L1CaloStandalone - INFO: searching for new runs from 113283 to 2147483647
2009-04-29 16:03 - L1CaloStandalone - DEBUG:  No new valid run. Last known valid run still: 113282
2009-04-29 16:03 - L1CaloStandalone - INFO: ===> listening for new valid runs <===
2009-04-29 16:03 - L1CaloStandalone - DEBUG: initialising coolRunLister
2009-04-29 16:03 - L1CaloStandalone - DEBUG: applying selections to coolRunLister
2009-04-29 16:03 - L1CaloStandalone - INFO: last valid run: 113282
2009-04-29 16:03 - L1CaloStandalone - INFO: searching for new runs from 113283 to 2147483647
2009-04-29 16:03 - L1CaloStandalone - DEBUG:  No new valid run. Last known valid run still: 113282
2009-04-29 16:04 - L1CaloStandalone - INFO: ===> listening for new valid runs <===
2009-04-29 16:04 - L1CaloStandalone - DEBUG: initialising coolRunLister
2009-04-29 16:04 - L1CaloStandalone - DEBUG: applying selections to coolRunLister
2009-04-29 16:04 - L1CaloStandalone - INFO: last valid run: 113282
2009-04-29 16:04 - L1CaloStandalone - INFO: searching for new runs from 113283 to 2147483647
2009-04-29 16:04 - L1CaloStandalone - DEBUG:  No new valid run. Last known valid run still: 113282
2009-04-29 16:05 - L1CaloStandalone - INFO: ===> listening for new valid runs <===
2009-04-29 16:05 - L1CaloStandalone - DEBUG: initialising coolRunLister
2009-04-29 16:05 - L1CaloStandalone - DEBUG: applying selections to coolRunLister
2009-04-29 16:05 - L1CaloStandalone - INFO: last valid run: 113282
2009-04-29 16:05 - L1CaloStandalone - INFO: searching for new runs from 113283 to 2147483647
2009-04-29 16:05 - L1CaloStandalone - DEBUG:  No new valid run. Last known valid run still: 113282
2009-04-29 16:05 - L1CaloStandalone - INFO: ===> listening for new valid runs <===
2009-04-29 16:05 - L1CaloStandalone - DEBUG: initialising coolRunLister
2009-04-29 16:05 - L1CaloStandalone - DEBUG: applying selections to coolRunLister
2009-04-29 16:05 - L1CaloStandalone - INFO: last valid run: 113282
2009-04-29 16:05 - L1CaloStandalone - INFO: searching for new runs from 113283 to 2147483647
2009-04-29 16:05 - L1CaloStandalone - DEBUG:  No new valid run. Last known valid run still: 113282
2009-04-29 16:06 - L1CaloStandalone - INFO: ===> listening for new valid runs <===
2009-04-29 16:06 - L1CaloStandalone - DEBUG: initialising coolRunLister
2009-04-29 16:06 - L1CaloStandalone - DEBUG: applying selections to coolRunLister
2009-04-29 16:06 - L1CaloStandalone - INFO: last valid run: 113282
2009-04-29 16:06 - L1CaloStandalone - INFO: searching for new runs from 113283 to 2147483647
2009-04-29 16:06 - L1CaloStandalone - DEBUG:  No new valid run. Last known valid run still: 113282
2009-04-29 16:07 - L1CaloStandalone - INFO: ===> listening for new valid runs <===
2009-04-29 16:07 - L1CaloStandalone - DEBUG: initialising coolRunLister
2009-04-29 16:07 - L1CaloStandalone - DEBUG: applying selections to coolRunLister
2009-04-29 16:07 - L1CaloStandalone - INFO: last valid run: 113282
2009-04-29 16:07 - L1CaloStandalone - INFO: searching for new runs from 113283 to 2147483647
2009-04-29 16:07 - L1CaloStandalone - DEBUG:  No new valid run. Last known valid run still: 113282
2009-04-29 16:07 - L1CaloStandalone - INFO: ===> listening for new valid runs <===
2009-04-29 16:07 - L1CaloStandalone - DEBUG: initialising coolRunLister
2009-04-29 16:07 - L1CaloStandalone - DEBUG: applying selections to coolRunLister
2009-04-29 16:07 - L1CaloStandalone - INFO: last valid run: 113282
2009-04-29 16:07 - L1CaloStandalone - INFO: searching for new runs from 113283 to 2147483647
2009-04-29 16:07 - L1CaloStandalone - DEBUG:  No new valid run. Last known valid run still: 113282
2009-04-29 16:08 - L1CaloStandalone - INFO: ===> listening for new valid runs <===
2009-04-29 16:08 - L1CaloStandalone - DEBUG: initialising coolRunLister
2009-04-29 16:08 - L1CaloStandalone - DEBUG: applying selections to coolRunLister
2009-04-29 16:08 - L1CaloStandalone - INFO: last valid run: 113282
2009-04-29 16:08 - L1CaloStandalone - INFO: searching for new runs from 113283 to 2147483647
2009-04-29 16:08 - L1CaloStandalone - DEBUG:  No new valid run. Last known valid run still: 113282
2009-04-29 16:09 - L1CaloStandalone - INFO: ===> listening for new valid runs <===
2009-04-29 16:09 - L1CaloStandalone - DEBUG: initialising coolRunLister
2009-04-29 16:09 - L1CaloStandalone - DEBUG: applying selections to coolRunLister
2009-04-29 16:09 - L1CaloStandalone - INFO: last valid run: 113282
2009-04-29 16:09 - L1CaloStandalone - INFO: searching for new runs from 113283 to 2147483647
2009-04-29 16:09 - L1CaloStandalone - DEBUG:  No new valid run. Last known valid run still: 113282
2009-04-29 16:09 - L1CaloStandalone - INFO: ===> listening for new valid runs <===
2009-04-29 16:09 - L1CaloStandalone - DEBUG: initialising coolRunLister
2009-04-29 16:09 - L1CaloStandalone - DEBUG: applying selections to coolRunLister
2009-04-29 16:09 - L1CaloStandalone - INFO: last valid run: 113282
2009-04-29 16:09 - L1CaloStandalone - INFO: searching for new runs from 113283 to 2147483647
2009-04-29 16:09 - L1CaloStandalone - DEBUG:  No new valid run. Last known valid run still: 113282
2009-04-29 16:10 - L1CaloStandalone - INFO: ===> listening for new valid runs <===
2009-04-29 16:10 - L1CaloStandalone - DEBUG: initialising coolRunLister
2009-04-29 16:10 - L1CaloStandalone - DEBUG: applying selections to coolRunLister
2009-04-29 16:10 - L1CaloStandalone - INFO: last valid run: 113282
2009-04-29 16:10 - L1CaloStandalone - INFO: searching for new runs from 113283 to 2147483647
2009-04-29 16:10 - L1CaloStandalone - DEBUG:  No new valid run. Last known valid run still: 113282
2009-04-29 16:11 - L1CaloStandalone - INFO: ===> listening for new valid runs <===
2009-04-29 16:11 - L1CaloStandalone - DEBUG: initialising coolRunLister
2009-04-29 16:11 - L1CaloStandalone - DEBUG: applying selections to coolRunLister
2009-04-29 16:11 - L1CaloStandalone - INFO: last valid run: 113282
2009-04-29 16:11 - L1CaloStandalone - INFO: searching for new runs from 113283 to 2147483647
2009-04-29 16:11 - L1CaloStandalone - DEBUG:  No new valid run. Last known valid run still: 113282
2009-04-29 16:11 - L1CaloStandalone - INFO: ===> listening for new valid runs <===
2009-04-29 16:11 - L1CaloStandalone - DEBUG: initialising coolRunLister
2009-04-29 16:11 - L1CaloStandalone - DEBUG: applying selections to coolRunLister
2009-04-29 16:11 - L1CaloStandalone - INFO: last valid run: 113282
2009-04-29 16:11 - L1CaloStandalone - INFO: searching for new runs from 113283 to 2147483647
2009-04-29 16:11 - L1CaloStandalone - DEBUG:  No new valid run. Last known valid run still: 113282
2009-04-29 16:12 - L1CaloStandalone - INFO: ===> listening for new valid runs <===
2009-04-29 16:12 - L1CaloStandalone - DEBUG: initialising coolRunLister
2009-04-29 16:12 - L1CaloStandalone - DEBUG: applying selections to coolRunLister
2009-04-29 16:12 - L1CaloStandalone - INFO: last valid run: 113282
2009-04-29 16:12 - L1CaloStandalone - INFO: searching for new runs from 113283 to 2147483647
2009-04-29 16:12 - L1CaloStandalone - DEBUG:  No new valid run. Last known valid run still: 113282
2009-04-29 16:13 - L1CaloStandalone - INFO: ===> listening for new valid runs <===
2009-04-29 16:13 - L1CaloStandalone - DEBUG: initialising coolRunLister
2009-04-29 16:13 - L1CaloStandalone - DEBUG: applying selections to coolRunLister
2009-04-29 16:13 - L1CaloStandalone - INFO: last valid run: 113282
2009-04-29 16:13 - L1CaloStandalone - INFO: searching for new runs from 113283 to 2147483647
2009-04-29 16:13 - L1CaloStandalone - DEBUG:  No new valid run. Last known valid run still: 113282
2009-04-29 16:13 - L1CaloStandalone - INFO: ===> listening for new valid runs <===
2009-04-29 16:13 - L1CaloStandalone - DEBUG: initialising coolRunLister
2009-04-29 16:13 - L1CaloStandalone - DEBUG: applying selections to coolRunLister
2009-04-29 16:13 - L1CaloStandalone - INFO: last valid run: 113282
2009-04-29 16:13 - L1CaloStandalone - INFO: searching for new runs from 113283 to 2147483647
2009-04-29 16:14 - L1CaloStandalone - DEBUG:  No new valid run. Last known valid run still: 113282
