2009-05-08 00:01 - RunsProvider - INFO: ========================================
2009-05-08 00:01 - RunsProvider - INFO: RunsProvider in init
2009-05-08 00:01 - RunsProvider - INFO: init file RunsProviderConfig.py was found
2009-05-08 00:01 - RunsProvider - INFO: creating run listeners from RunsProviderConfig.py file
2009-05-08 00:01 - RunsProvider - INFO: TileCalibL1Calo added to the list of run listeners
2009-05-08 00:01 - RunsProvider - INFO: L1CaloStandalone added to the list of run listeners
2009-05-08 00:01 - RunsProvider - INFO: LArCalibL1Calo added to the list of run listeners
2009-05-08 00:01 - RunsProvider - INFO: retrieveing Db parameters from RunsProviderConfig.py file
2009-05-08 00:01 - RunsProvider - INFO: RunsProvider initialized
2009-05-08 00:01 - RunsProvider - INFO: ========================================
2009-05-08 00:16 - RunsProvider - DEBUG: listening...
2009-05-08 00:32 - RunsProvider - DEBUG: listening...
2009-05-08 00:47 - RunsProvider - DEBUG: listening...
2009-05-08 01:02 - RunsProvider - DEBUG: listening...
2009-05-08 01:18 - RunsProvider - DEBUG: listening...
2009-05-08 01:33 - RunsProvider - DEBUG: listening...
2009-05-08 01:48 - RunsProvider - DEBUG: listening...
2009-05-08 02:03 - RunsProvider - DEBUG: listening...
2009-05-08 02:18 - RunsProvider - DEBUG: listening...
2009-05-08 02:34 - RunsProvider - DEBUG: listening...
2009-05-08 02:49 - RunsProvider - DEBUG: listening...
2009-05-08 03:04 - RunsProvider - DEBUG: listening...
2009-05-08 03:19 - RunsProvider - DEBUG: listening...
2009-05-08 03:34 - RunsProvider - DEBUG: listening...
2009-05-08 03:50 - RunsProvider - DEBUG: listening...
2009-05-08 04:05 - RunsProvider - DEBUG: listening...
2009-05-08 04:20 - RunsProvider - DEBUG: listening...
2009-05-08 04:35 - RunsProvider - DEBUG: listening...
2009-05-08 04:51 - RunsProvider - DEBUG: listening...
2009-05-08 05:06 - RunsProvider - DEBUG: listening...
2009-05-08 05:21 - RunsProvider - DEBUG: listening...
2009-05-08 05:36 - RunsProvider - DEBUG: listening...
2009-05-08 05:51 - RunsProvider - DEBUG: listening...
2009-05-08 06:07 - RunsProvider - DEBUG: listening...
2009-05-08 06:22 - RunsProvider - DEBUG: listening...
2009-05-08 06:37 - RunsProvider - DEBUG: listening...
2009-05-08 06:52 - RunsProvider - DEBUG: listening...
2009-05-08 07:07 - RunsProvider - DEBUG: listening...
2009-05-08 07:23 - RunsProvider - DEBUG: listening...
2009-05-08 07:38 - RunsProvider - DEBUG: listening...
2009-05-08 07:53 - RunsProvider - DEBUG: listening...
2009-05-08 08:08 - RunsProvider - DEBUG: listening...
2009-05-08 08:23 - RunsProvider - DEBUG: listening...
2009-05-08 08:39 - RunsProvider - DEBUG: listening...
2009-05-08 08:54 - RunsProvider - DEBUG: listening...
2009-05-08 09:09 - RunsProvider - DEBUG: listening...
2009-05-08 09:24 - RunsProvider - DEBUG: listening...
2009-05-08 09:40 - RunsProvider - DEBUG: listening...
2009-05-08 09:55 - RunsProvider - DEBUG: listening...
2009-05-08 10:10 - RunsProvider - DEBUG: listening...
2009-05-08 10:25 - RunsProvider - DEBUG: listening...
2009-05-08 10:40 - RunsProvider - DEBUG: listening...
2009-05-08 10:56 - RunsProvider - DEBUG: listening...
2009-05-08 11:11 - RunsProvider - DEBUG: listening...
2009-05-08 11:26 - RunsProvider - DEBUG: listening...
2009-05-08 11:41 - RunsProvider - DEBUG: listening...
2009-05-08 11:57 - RunsProvider - DEBUG: listening...
2009-05-08 12:12 - RunsProvider - DEBUG: listening...
2009-05-08 12:27 - RunsProvider - DEBUG: listening...
2009-05-08 12:42 - RunsProvider - DEBUG: listening...
2009-05-08 12:57 - RunsProvider - DEBUG: listening...
2009-05-08 13:13 - RunsProvider - DEBUG: listening...
2009-05-08 13:28 - RunsProvider - DEBUG: listening...
2009-05-08 13:43 - RunsProvider - DEBUG: listening...
2009-05-08 13:58 - RunsProvider - DEBUG: listening...
2009-05-08 14:14 - RunsProvider - DEBUG: listening...
2009-05-08 14:29 - RunsProvider - DEBUG: listening...
2009-05-08 14:44 - RunsProvider - DEBUG: listening...
2009-05-08 14:59 - RunsProvider - DEBUG: listening...
2009-05-08 15:14 - RunsProvider - DEBUG: listening...
2009-05-08 15:30 - RunsProvider - DEBUG: listening...
2009-05-08 15:30 - RunsProvider - INFO: new runs found and stored into the Db:
2009-05-08 15:30 - RunsProvider - INFO:  * run: 114627, runListener: L1CaloStandalone, validated: False
2009-05-08 15:45 - RunsProvider - DEBUG: listening...
2009-05-08 15:45 - RunsProvider - INFO: new runs found and stored into the Db:
2009-05-08 15:45 - RunsProvider - INFO:  * run: 114633, runListener: L1CaloStandalone, validated: False
2009-05-08 16:00 - RunsProvider - DEBUG: listening...
2009-05-08 16:15 - RunsProvider - DEBUG: listening...
2009-05-08 16:31 - RunsProvider - DEBUG: listening...
2009-05-08 16:46 - RunsProvider - DEBUG: listening...
2009-05-08 17:01 - RunsProvider - DEBUG: listening...
2009-05-08 17:16 - RunsProvider - DEBUG: listening...
2009-05-08 17:31 - RunsProvider - DEBUG: listening...
2009-05-08 17:47 - RunsProvider - DEBUG: listening...
2009-05-08 18:02 - RunsProvider - DEBUG: listening...
2009-05-08 18:17 - RunsProvider - DEBUG: listening...
2009-05-08 18:32 - RunsProvider - DEBUG: listening...
2009-05-08 18:48 - RunsProvider - DEBUG: listening...
2009-05-08 19:03 - RunsProvider - DEBUG: listening...
2009-05-08 19:18 - RunsProvider - DEBUG: listening...
2009-05-08 19:33 - RunsProvider - DEBUG: listening...
2009-05-08 19:48 - RunsProvider - DEBUG: listening...
2009-05-08 20:04 - RunsProvider - DEBUG: listening...
2009-05-08 20:19 - RunsProvider - DEBUG: listening...
2009-05-08 20:34 - RunsProvider - DEBUG: listening...
2009-05-08 20:49 - RunsProvider - DEBUG: listening...
2009-05-08 21:04 - RunsProvider - DEBUG: listening...
2009-05-08 21:20 - RunsProvider - DEBUG: listening...
2009-05-08 21:35 - RunsProvider - DEBUG: listening...
2009-05-08 21:50 - RunsProvider - DEBUG: listening...
2009-05-08 22:05 - RunsProvider - DEBUG: listening...
2009-05-08 22:20 - RunsProvider - DEBUG: listening...
2009-05-08 22:36 - RunsProvider - DEBUG: listening...
2009-05-08 22:51 - RunsProvider - DEBUG: listening...
2009-05-08 23:06 - RunsProvider - DEBUG: listening...
2009-05-08 23:21 - RunsProvider - DEBUG: listening...
2009-05-08 23:36 - RunsProvider - DEBUG: listening...
2009-05-08 23:52 - RunsProvider - DEBUG: listening...
