2009-03-14 00:00 - RunsProvider - INFO: ========================================
2009-03-14 00:00 - RunsProvider - INFO: RunsProvider in init
2009-03-14 00:00 - RunsProvider - INFO: init file RunsProviderConfig.py was found
2009-03-14 00:00 - RunsProvider - INFO: creating run listeners from RunsProviderConfig.py file
2009-03-14 00:00 - RunsProvider - INFO: TileCalibL1Calo added to the list of run listeners
2009-03-14 00:00 - RunsProvider - INFO: L1CaloStandalone added to the list of run listeners
2009-03-14 00:00 - RunsProvider - INFO: LArCalibL1Calo added to the list of run listeners
2009-03-14 00:00 - RunsProvider - INFO: retrieveing Db parameters from RunsProviderConfig.py file
2009-03-14 00:00 - RunsProvider - INFO: RunsProvider initialized
2009-03-14 00:00 - RunsProvider - INFO: ========================================
2009-03-14 00:05 - RunsProvider - DEBUG: listening...
2009-03-14 00:13 - RunsProvider - DEBUG: listening...
2009-03-14 00:18 - RunsProvider - DEBUG: listening...
2009-03-14 00:23 - RunsProvider - DEBUG: listening...
2009-03-14 00:29 - RunsProvider - DEBUG: listening...
2009-03-14 00:34 - RunsProvider - DEBUG: listening...
2009-03-14 00:39 - RunsProvider - DEBUG: listening...
2009-03-14 00:44 - RunsProvider - DEBUG: listening...
2009-03-14 00:49 - RunsProvider - DEBUG: listening...
2009-03-14 00:54 - RunsProvider - DEBUG: listening...
2009-03-14 00:59 - RunsProvider - DEBUG: listening...
2009-03-14 01:05 - RunsProvider - DEBUG: listening...
2009-03-14 01:10 - RunsProvider - DEBUG: listening...
2009-03-14 01:15 - RunsProvider - DEBUG: listening...
2009-03-14 01:20 - RunsProvider - DEBUG: listening...
2009-03-14 01:25 - RunsProvider - DEBUG: listening...
2009-03-14 01:30 - RunsProvider - DEBUG: listening...
2009-03-14 01:35 - RunsProvider - DEBUG: listening...
2009-03-14 01:41 - RunsProvider - DEBUG: listening...
2009-03-14 01:46 - RunsProvider - DEBUG: listening...
2009-03-14 01:51 - RunsProvider - DEBUG: listening...
2009-03-14 01:56 - RunsProvider - DEBUG: listening...
2009-03-14 02:01 - RunsProvider - DEBUG: listening...
2009-03-14 02:06 - RunsProvider - DEBUG: listening...
2009-03-14 02:11 - RunsProvider - DEBUG: listening...
2009-03-14 02:17 - RunsProvider - DEBUG: listening...
2009-03-14 02:22 - RunsProvider - DEBUG: listening...
2009-03-14 02:27 - RunsProvider - DEBUG: listening...
2009-03-14 02:32 - RunsProvider - DEBUG: listening...
2009-03-14 02:37 - RunsProvider - DEBUG: listening...
2009-03-14 02:42 - RunsProvider - DEBUG: listening...
2009-03-14 02:47 - RunsProvider - DEBUG: listening...
2009-03-14 02:53 - RunsProvider - DEBUG: listening...
2009-03-14 02:58 - RunsProvider - DEBUG: listening...
2009-03-14 03:03 - RunsProvider - DEBUG: listening...
2009-03-14 03:08 - RunsProvider - DEBUG: listening...
2009-03-14 03:13 - RunsProvider - DEBUG: listening...
2009-03-14 03:18 - RunsProvider - DEBUG: listening...
2009-03-14 03:23 - RunsProvider - DEBUG: listening...
2009-03-14 03:29 - RunsProvider - DEBUG: listening...
2009-03-14 03:34 - RunsProvider - DEBUG: listening...
2009-03-14 03:39 - RunsProvider - DEBUG: listening...
2009-03-14 03:44 - RunsProvider - DEBUG: listening...
2009-03-14 03:49 - RunsProvider - DEBUG: listening...
2009-03-14 03:54 - RunsProvider - DEBUG: listening...
2009-03-14 03:59 - RunsProvider - DEBUG: listening...
2009-03-14 04:05 - RunsProvider - DEBUG: listening...
2009-03-14 04:10 - RunsProvider - DEBUG: listening...
2009-03-14 04:15 - RunsProvider - DEBUG: listening...
2009-03-14 04:20 - RunsProvider - DEBUG: listening...
2009-03-14 04:25 - RunsProvider - DEBUG: listening...
2009-03-14 04:30 - RunsProvider - DEBUG: listening...
2009-03-14 04:35 - RunsProvider - DEBUG: listening...
2009-03-14 04:41 - RunsProvider - DEBUG: listening...
2009-03-14 04:46 - RunsProvider - DEBUG: listening...
2009-03-14 04:51 - RunsProvider - DEBUG: listening...
2009-03-14 04:56 - RunsProvider - DEBUG: listening...
2009-03-14 05:01 - RunsProvider - DEBUG: listening...
2009-03-14 05:06 - RunsProvider - DEBUG: listening...
2009-03-14 05:11 - RunsProvider - DEBUG: listening...
2009-03-14 05:17 - RunsProvider - DEBUG: listening...
2009-03-14 05:22 - RunsProvider - DEBUG: listening...
2009-03-14 05:27 - RunsProvider - DEBUG: listening...
2009-03-14 05:32 - RunsProvider - DEBUG: listening...
2009-03-14 05:37 - RunsProvider - DEBUG: listening...
2009-03-14 05:42 - RunsProvider - DEBUG: listening...
2009-03-14 05:47 - RunsProvider - DEBUG: listening...
2009-03-14 05:53 - RunsProvider - DEBUG: listening...
2009-03-14 05:58 - RunsProvider - DEBUG: listening...
2009-03-14 06:03 - RunsProvider - DEBUG: listening...
2009-03-14 06:08 - RunsProvider - DEBUG: listening...
2009-03-14 06:13 - RunsProvider - DEBUG: listening...
2009-03-14 06:18 - RunsProvider - DEBUG: listening...
2009-03-14 06:23 - RunsProvider - DEBUG: listening...
2009-03-14 06:28 - RunsProvider - DEBUG: listening...
2009-03-14 06:34 - RunsProvider - DEBUG: listening...
2009-03-14 06:39 - RunsProvider - DEBUG: listening...
2009-03-14 06:44 - RunsProvider - DEBUG: listening...
2009-03-14 06:49 - RunsProvider - DEBUG: listening...
2009-03-14 06:54 - RunsProvider - DEBUG: listening...
2009-03-14 06:59 - RunsProvider - DEBUG: listening...
2009-03-14 07:04 - RunsProvider - DEBUG: listening...
2009-03-14 07:10 - RunsProvider - DEBUG: listening...
2009-03-14 07:15 - RunsProvider - DEBUG: listening...
2009-03-14 07:20 - RunsProvider - DEBUG: listening...
2009-03-14 07:25 - RunsProvider - DEBUG: listening...
2009-03-14 07:30 - RunsProvider - DEBUG: listening...
2009-03-14 07:35 - RunsProvider - DEBUG: listening...
2009-03-14 07:40 - RunsProvider - DEBUG: listening...
2009-03-14 07:46 - RunsProvider - DEBUG: listening...
2009-03-14 07:51 - RunsProvider - DEBUG: listening...
2009-03-14 07:56 - RunsProvider - DEBUG: listening...
2009-03-14 08:01 - RunsProvider - DEBUG: listening...
2009-03-14 08:06 - RunsProvider - DEBUG: listening...
2009-03-14 08:11 - RunsProvider - DEBUG: listening...
2009-03-14 08:16 - RunsProvider - DEBUG: listening...
2009-03-14 08:21 - RunsProvider - DEBUG: listening...
2009-03-14 08:27 - RunsProvider - DEBUG: listening...
2009-03-14 08:32 - RunsProvider - DEBUG: listening...
2009-03-14 08:37 - RunsProvider - DEBUG: listening...
2009-03-14 08:42 - RunsProvider - DEBUG: listening...
2009-03-14 08:47 - RunsProvider - DEBUG: listening...
2009-03-14 08:52 - RunsProvider - DEBUG: listening...
2009-03-14 08:57 - RunsProvider - DEBUG: listening...
2009-03-14 09:03 - RunsProvider - DEBUG: listening...
2009-03-14 09:08 - RunsProvider - DEBUG: listening...
2009-03-14 09:13 - RunsProvider - DEBUG: listening...
2009-03-14 09:18 - RunsProvider - DEBUG: listening...
2009-03-14 09:23 - RunsProvider - DEBUG: listening...
2009-03-14 09:28 - RunsProvider - DEBUG: listening...
2009-03-14 09:33 - RunsProvider - DEBUG: listening...
2009-03-14 09:39 - RunsProvider - DEBUG: listening...
2009-03-14 09:44 - RunsProvider - DEBUG: listening...
2009-03-14 09:49 - RunsProvider - DEBUG: listening...
2009-03-14 09:54 - RunsProvider - DEBUG: listening...
2009-03-14 09:59 - RunsProvider - DEBUG: listening...
2009-03-14 10:04 - RunsProvider - DEBUG: listening...
2009-03-14 10:09 - RunsProvider - DEBUG: listening...
2009-03-14 10:15 - RunsProvider - DEBUG: listening...
2009-03-14 10:20 - RunsProvider - DEBUG: listening...
2009-03-14 10:25 - RunsProvider - DEBUG: listening...
2009-03-14 10:30 - RunsProvider - DEBUG: listening...
2009-03-14 10:35 - RunsProvider - DEBUG: listening...
2009-03-14 10:40 - RunsProvider - DEBUG: listening...
2009-03-14 10:45 - RunsProvider - DEBUG: listening...
2009-03-14 10:50 - RunsProvider - DEBUG: listening...
2009-03-14 10:56 - RunsProvider - DEBUG: listening...
2009-03-14 11:01 - RunsProvider - DEBUG: listening...
2009-03-14 11:06 - RunsProvider - DEBUG: listening...
2009-03-14 11:11 - RunsProvider - DEBUG: listening...
2009-03-14 11:16 - RunsProvider - DEBUG: listening...
2009-03-14 11:21 - RunsProvider - DEBUG: listening...
2009-03-14 11:26 - RunsProvider - DEBUG: listening...
2009-03-14 11:32 - RunsProvider - DEBUG: listening...
2009-03-14 11:37 - RunsProvider - DEBUG: listening...
2009-03-14 11:42 - RunsProvider - DEBUG: listening...
2009-03-14 11:47 - RunsProvider - DEBUG: listening...
2009-03-14 11:52 - RunsProvider - DEBUG: listening...
2009-03-14 11:57 - RunsProvider - DEBUG: listening...
2009-03-14 12:02 - RunsProvider - DEBUG: listening...
2009-03-14 12:08 - RunsProvider - DEBUG: listening...
2009-03-14 12:13 - RunsProvider - DEBUG: listening...
2009-03-14 12:18 - RunsProvider - DEBUG: listening...
2009-03-14 12:23 - RunsProvider - DEBUG: listening...
2009-03-14 12:28 - RunsProvider - DEBUG: listening...
2009-03-14 12:33 - RunsProvider - DEBUG: listening...
2009-03-14 12:38 - RunsProvider - DEBUG: listening...
2009-03-14 12:43 - RunsProvider - DEBUG: listening...
2009-03-14 12:49 - RunsProvider - DEBUG: listening...
2009-03-14 12:54 - RunsProvider - DEBUG: listening...
2009-03-14 12:59 - RunsProvider - DEBUG: listening...
2009-03-14 13:04 - RunsProvider - DEBUG: listening...
2009-03-14 13:09 - RunsProvider - DEBUG: listening...
2009-03-14 13:14 - RunsProvider - DEBUG: listening...
2009-03-14 13:19 - RunsProvider - DEBUG: listening...
2009-03-14 13:25 - RunsProvider - DEBUG: listening...
2009-03-14 13:30 - RunsProvider - DEBUG: listening...
2009-03-14 13:35 - RunsProvider - DEBUG: listening...
2009-03-14 13:40 - RunsProvider - DEBUG: listening...
2009-03-14 13:45 - RunsProvider - DEBUG: listening...
2009-03-14 13:50 - RunsProvider - DEBUG: listening...
2009-03-14 13:55 - RunsProvider - DEBUG: listening...
2009-03-14 14:01 - RunsProvider - DEBUG: listening...
2009-03-14 14:06 - RunsProvider - DEBUG: listening...
2009-03-14 14:11 - RunsProvider - DEBUG: listening...
2009-03-14 14:16 - RunsProvider - DEBUG: listening...
2009-03-14 14:21 - RunsProvider - DEBUG: listening...
2009-03-14 14:26 - RunsProvider - DEBUG: listening...
2009-03-14 14:31 - RunsProvider - DEBUG: listening...
2009-03-14 14:37 - RunsProvider - DEBUG: listening...
2009-03-14 14:42 - RunsProvider - DEBUG: listening...
2009-03-14 14:47 - RunsProvider - DEBUG: listening...
2009-03-14 14:52 - RunsProvider - DEBUG: listening...
2009-03-14 14:57 - RunsProvider - DEBUG: listening...
2009-03-14 15:02 - RunsProvider - DEBUG: listening...
2009-03-14 15:07 - RunsProvider - DEBUG: listening...
2009-03-14 15:12 - RunsProvider - DEBUG: listening...
2009-03-14 15:18 - RunsProvider - DEBUG: listening...
2009-03-14 15:23 - RunsProvider - DEBUG: listening...
2009-03-14 15:28 - RunsProvider - DEBUG: listening...
2009-03-14 15:33 - RunsProvider - DEBUG: listening...
2009-03-14 15:38 - RunsProvider - DEBUG: listening...
2009-03-14 15:43 - RunsProvider - DEBUG: listening...
2009-03-14 15:48 - RunsProvider - DEBUG: listening...
2009-03-14 15:54 - RunsProvider - DEBUG: listening...
2009-03-14 15:59 - RunsProvider - DEBUG: listening...
2009-03-14 16:04 - RunsProvider - DEBUG: listening...
2009-03-14 16:09 - RunsProvider - DEBUG: listening...
2009-03-14 16:14 - RunsProvider - DEBUG: listening...
2009-03-14 16:19 - RunsProvider - DEBUG: listening...
2009-03-14 16:24 - RunsProvider - DEBUG: listening...
2009-03-14 16:30 - RunsProvider - DEBUG: listening...
2009-03-14 16:35 - RunsProvider - DEBUG: listening...
2009-03-14 16:40 - RunsProvider - DEBUG: listening...
2009-03-14 16:45 - RunsProvider - DEBUG: listening...
2009-03-14 16:50 - RunsProvider - DEBUG: listening...
2009-03-14 16:55 - RunsProvider - DEBUG: listening...
2009-03-14 17:00 - RunsProvider - DEBUG: listening...
2009-03-14 17:06 - RunsProvider - DEBUG: listening...
2009-03-14 17:11 - RunsProvider - DEBUG: listening...
2009-03-14 17:16 - RunsProvider - DEBUG: listening...
2009-03-14 17:21 - RunsProvider - DEBUG: listening...
2009-03-14 17:26 - RunsProvider - DEBUG: listening...
2009-03-14 17:31 - RunsProvider - DEBUG: listening...
2009-03-14 17:36 - RunsProvider - DEBUG: listening...
2009-03-14 17:42 - RunsProvider - DEBUG: listening...
2009-03-14 17:47 - RunsProvider - DEBUG: listening...
2009-03-14 17:52 - RunsProvider - DEBUG: listening...
2009-03-14 17:57 - RunsProvider - DEBUG: listening...
2009-03-14 18:02 - RunsProvider - DEBUG: listening...
2009-03-14 18:07 - RunsProvider - DEBUG: listening...
2009-03-14 18:12 - RunsProvider - DEBUG: listening...
2009-03-14 18:18 - RunsProvider - DEBUG: listening...
2009-03-14 18:23 - RunsProvider - DEBUG: listening...
2009-03-14 18:28 - RunsProvider - DEBUG: listening...
2009-03-14 18:33 - RunsProvider - DEBUG: listening...
2009-03-14 18:38 - RunsProvider - DEBUG: listening...
2009-03-14 18:43 - RunsProvider - DEBUG: listening...
2009-03-14 18:48 - RunsProvider - DEBUG: listening...
2009-03-14 18:53 - RunsProvider - DEBUG: listening...
2009-03-14 18:59 - RunsProvider - DEBUG: listening...
2009-03-14 19:04 - RunsProvider - DEBUG: listening...
2009-03-14 19:09 - RunsProvider - DEBUG: listening...
2009-03-14 19:14 - RunsProvider - DEBUG: listening...
2009-03-14 19:19 - RunsProvider - DEBUG: listening...
2009-03-14 19:24 - RunsProvider - DEBUG: listening...
2009-03-14 19:29 - RunsProvider - DEBUG: listening...
2009-03-14 19:35 - RunsProvider - DEBUG: listening...
2009-03-14 19:40 - RunsProvider - DEBUG: listening...
2009-03-14 19:45 - RunsProvider - DEBUG: listening...
2009-03-14 19:50 - RunsProvider - DEBUG: listening...
2009-03-14 19:55 - RunsProvider - DEBUG: listening...
2009-03-14 20:00 - RunsProvider - DEBUG: listening...
2009-03-14 20:05 - RunsProvider - DEBUG: listening...
2009-03-14 20:11 - RunsProvider - DEBUG: listening...
2009-03-14 20:16 - RunsProvider - DEBUG: listening...
2009-03-14 20:21 - RunsProvider - DEBUG: listening...
2009-03-14 20:26 - RunsProvider - DEBUG: listening...
2009-03-14 20:31 - RunsProvider - DEBUG: listening...
2009-03-14 20:36 - RunsProvider - DEBUG: listening...
2009-03-14 20:41 - RunsProvider - DEBUG: listening...
2009-03-14 20:47 - RunsProvider - DEBUG: listening...
2009-03-14 20:52 - RunsProvider - DEBUG: listening...
2009-03-14 20:57 - RunsProvider - DEBUG: listening...
2009-03-14 21:02 - RunsProvider - DEBUG: listening...
2009-03-14 21:07 - RunsProvider - DEBUG: listening...
2009-03-14 21:12 - RunsProvider - DEBUG: listening...
2009-03-14 21:17 - RunsProvider - DEBUG: listening...
2009-03-14 21:23 - RunsProvider - DEBUG: listening...
2009-03-14 21:28 - RunsProvider - DEBUG: listening...
2009-03-14 21:33 - RunsProvider - DEBUG: listening...
2009-03-14 21:38 - RunsProvider - DEBUG: listening...
2009-03-14 21:43 - RunsProvider - DEBUG: listening...
2009-03-14 21:48 - RunsProvider - DEBUG: listening...
2009-03-14 21:53 - RunsProvider - DEBUG: listening...
2009-03-14 21:59 - RunsProvider - DEBUG: listening...
2009-03-14 22:04 - RunsProvider - DEBUG: listening...
2009-03-14 22:09 - RunsProvider - DEBUG: listening...
2009-03-14 22:14 - RunsProvider - DEBUG: listening...
2009-03-14 22:19 - RunsProvider - DEBUG: listening...
2009-03-14 22:24 - RunsProvider - DEBUG: listening...
2009-03-14 22:29 - RunsProvider - DEBUG: listening...
2009-03-14 22:34 - RunsProvider - DEBUG: listening...
2009-03-14 22:40 - RunsProvider - DEBUG: listening...
2009-03-14 22:45 - RunsProvider - DEBUG: listening...
2009-03-14 22:50 - RunsProvider - DEBUG: listening...
2009-03-14 22:55 - RunsProvider - DEBUG: listening...
2009-03-14 23:00 - RunsProvider - DEBUG: listening...
2009-03-14 23:05 - RunsProvider - DEBUG: listening...
2009-03-14 23:10 - RunsProvider - DEBUG: listening...
2009-03-14 23:16 - RunsProvider - DEBUG: listening...
2009-03-14 23:21 - RunsProvider - DEBUG: listening...
2009-03-14 23:26 - RunsProvider - DEBUG: listening...
2009-03-14 23:31 - RunsProvider - DEBUG: listening...
2009-03-14 23:36 - RunsProvider - DEBUG: listening...
2009-03-14 23:41 - RunsProvider - DEBUG: listening...
2009-03-14 23:46 - RunsProvider - DEBUG: listening...
2009-03-14 23:52 - RunsProvider - DEBUG: listening...
2009-03-14 23:57 - RunsProvider - DEBUG: listening...
