2009-05-21 00:01 - RunsProvider - INFO: ========================================
2009-05-21 00:01 - RunsProvider - INFO: RunsProvider in init
2009-05-21 00:01 - RunsProvider - INFO: init file RunsProviderConfig.py was found
2009-05-21 00:01 - RunsProvider - INFO: creating run listeners from RunsProviderConfig.py file
2009-05-21 00:01 - RunsProvider - INFO: TileCalibL1Calo added to the list of run listeners
2009-05-21 00:01 - RunsProvider - INFO: L1CaloStandalone added to the list of run listeners
2009-05-21 00:01 - RunsProvider - INFO: LArCalibL1Calo added to the list of run listeners
2009-05-21 00:01 - RunsProvider - INFO: retrieveing Db parameters from RunsProviderConfig.py file
2009-05-21 00:01 - RunsProvider - INFO: RunsProvider initialized
2009-05-21 00:01 - RunsProvider - INFO: ========================================
2009-05-21 00:16 - RunsProvider - DEBUG: listening...
2009-05-21 00:33 - RunsProvider - DEBUG: listening...
2009-05-21 00:48 - RunsProvider - DEBUG: listening...
2009-05-21 01:03 - RunsProvider - DEBUG: listening...
2009-05-21 01:18 - RunsProvider - DEBUG: listening...
2009-05-21 01:33 - RunsProvider - DEBUG: listening...
2009-05-21 01:48 - RunsProvider - DEBUG: listening...
2009-05-21 02:03 - RunsProvider - DEBUG: listening...
2009-05-21 02:18 - RunsProvider - DEBUG: listening...
2009-05-21 02:34 - RunsProvider - DEBUG: listening...
2009-05-21 02:49 - RunsProvider - DEBUG: listening...
2009-05-21 03:04 - RunsProvider - DEBUG: listening...
2009-05-21 03:19 - RunsProvider - DEBUG: listening...
2009-05-21 03:34 - RunsProvider - DEBUG: listening...
2009-05-21 03:49 - RunsProvider - DEBUG: listening...
2009-05-21 04:04 - RunsProvider - DEBUG: listening...
2009-05-21 04:19 - RunsProvider - DEBUG: listening...
2009-05-21 04:35 - RunsProvider - DEBUG: listening...
2009-05-21 04:50 - RunsProvider - DEBUG: listening...
2009-05-21 05:05 - RunsProvider - DEBUG: listening...
2009-05-21 05:20 - RunsProvider - DEBUG: listening...
2009-05-21 05:35 - RunsProvider - DEBUG: listening...
2009-05-21 05:50 - RunsProvider - DEBUG: listening...
2009-05-21 06:05 - RunsProvider - DEBUG: listening...
2009-05-21 06:20 - RunsProvider - DEBUG: listening...
2009-05-21 06:35 - RunsProvider - DEBUG: listening...
2009-05-21 06:51 - RunsProvider - DEBUG: listening...
2009-05-21 07:06 - RunsProvider - DEBUG: listening...
2009-05-21 07:21 - RunsProvider - DEBUG: listening...
2009-05-21 07:36 - RunsProvider - DEBUG: listening...
2009-05-21 07:51 - RunsProvider - DEBUG: listening...
2009-05-21 08:06 - RunsProvider - DEBUG: listening...
2009-05-21 08:21 - RunsProvider - DEBUG: listening...
2009-05-21 08:36 - RunsProvider - DEBUG: listening...
2009-05-21 08:52 - RunsProvider - DEBUG: listening...
2009-05-21 09:07 - RunsProvider - DEBUG: listening...
2009-05-21 09:22 - RunsProvider - DEBUG: listening...
2009-05-21 09:37 - RunsProvider - DEBUG: listening...
2009-05-21 09:52 - RunsProvider - DEBUG: listening...
2009-05-21 10:07 - RunsProvider - DEBUG: listening...
2009-05-21 10:22 - RunsProvider - DEBUG: listening...
2009-05-21 10:37 - RunsProvider - DEBUG: listening...
2009-05-21 10:53 - RunsProvider - DEBUG: listening...
2009-05-21 11:08 - RunsProvider - DEBUG: listening...
2009-05-21 11:23 - RunsProvider - DEBUG: listening...
2009-05-21 11:38 - RunsProvider - DEBUG: listening...
2009-05-21 11:53 - RunsProvider - DEBUG: listening...
2009-05-21 12:08 - RunsProvider - DEBUG: listening...
2009-05-21 12:23 - RunsProvider - DEBUG: listening...
2009-05-21 12:38 - RunsProvider - DEBUG: listening...
2009-05-21 12:54 - RunsProvider - DEBUG: listening...
2009-05-21 13:09 - RunsProvider - DEBUG: listening...
2009-05-21 13:24 - RunsProvider - DEBUG: listening...
2009-05-21 13:39 - RunsProvider - DEBUG: listening...
2009-05-21 13:54 - RunsProvider - DEBUG: listening...
2009-05-21 14:09 - RunsProvider - DEBUG: listening...
2009-05-21 14:24 - RunsProvider - DEBUG: listening...
2009-05-21 14:39 - RunsProvider - DEBUG: listening...
2009-05-21 14:55 - RunsProvider - DEBUG: listening...
2009-05-21 15:10 - RunsProvider - DEBUG: listening...
2009-05-21 15:25 - RunsProvider - DEBUG: listening...
2009-05-21 15:40 - RunsProvider - DEBUG: listening...
2009-05-21 15:55 - RunsProvider - DEBUG: listening...
2009-05-21 16:10 - RunsProvider - DEBUG: listening...
2009-05-21 16:25 - RunsProvider - DEBUG: listening...
2009-05-21 16:40 - RunsProvider - DEBUG: listening...
2009-05-21 16:56 - RunsProvider - DEBUG: listening...
2009-05-21 17:11 - RunsProvider - DEBUG: listening...
2009-05-21 17:26 - RunsProvider - DEBUG: listening...
2009-05-21 17:41 - RunsProvider - DEBUG: listening...
2009-05-21 17:56 - RunsProvider - DEBUG: listening...
2009-05-21 18:12 - RunsProvider - DEBUG: listening...
2009-05-21 18:27 - RunsProvider - DEBUG: listening...
2009-05-21 18:42 - RunsProvider - DEBUG: listening...
2009-05-21 18:57 - RunsProvider - DEBUG: listening...
2009-05-21 19:12 - RunsProvider - DEBUG: listening...
2009-05-21 19:27 - RunsProvider - DEBUG: listening...
2009-05-21 19:42 - RunsProvider - DEBUG: listening...
2009-05-21 19:58 - RunsProvider - DEBUG: listening...
2009-05-21 20:13 - RunsProvider - DEBUG: listening...
2009-05-21 20:28 - RunsProvider - DEBUG: listening...
2009-05-21 20:43 - RunsProvider - DEBUG: listening...
2009-05-21 20:58 - RunsProvider - DEBUG: listening...
2009-05-21 21:13 - RunsProvider - DEBUG: listening...
2009-05-21 21:29 - RunsProvider - DEBUG: listening...
2009-05-21 21:44 - RunsProvider - DEBUG: listening...
2009-05-21 21:59 - RunsProvider - DEBUG: listening...
2009-05-21 22:14 - RunsProvider - DEBUG: listening...
2009-05-21 22:29 - RunsProvider - DEBUG: listening...
2009-05-21 22:45 - RunsProvider - DEBUG: listening...
2009-05-21 23:00 - RunsProvider - DEBUG: listening...
2009-05-21 23:15 - RunsProvider - DEBUG: listening...
2009-05-21 23:30 - RunsProvider - DEBUG: listening...
2009-05-21 23:45 - RunsProvider - DEBUG: listening...
2009-05-22 00:01 - RunsProvider - DEBUG: listening...
