2009-04-27 19:07 - RunsProvider - INFO: ========================================
2009-04-27 19:07 - RunsProvider - INFO: RunsProvider in init
2009-04-27 19:07 - RunsProvider - INFO: init file RunsProviderConfig.py was found
2009-04-27 19:07 - RunsProvider - INFO: creating run listeners from RunsProviderConfig.py file
2009-04-27 19:07 - RunsProvider - INFO: TileCalibL1Calo added to the list of run listeners
2009-04-27 19:07 - RunsProvider - INFO: L1CaloStandalone added to the list of run listeners
2009-04-27 19:07 - RunsProvider - INFO: LArCalibL1Calo added to the list of run listeners
2009-04-27 19:07 - RunsProvider - INFO: retrieveing Db parameters from RunsProviderConfig.py file
2009-04-27 19:07 - RunsProvider - INFO: RunsProvider initialized
2009-04-27 19:07 - RunsProvider - INFO: ========================================
2009-04-27 19:22 - RunsProvider - DEBUG: listening...
2009-04-27 19:37 - RunsProvider - DEBUG: listening...
2009-04-27 19:52 - RunsProvider - DEBUG: listening...
2009-04-27 20:07 - RunsProvider - DEBUG: listening...
2009-04-27 20:23 - RunsProvider - DEBUG: listening...
2009-04-27 20:38 - RunsProvider - DEBUG: listening...
2009-04-27 20:53 - RunsProvider - DEBUG: listening...
2009-04-27 21:08 - RunsProvider - DEBUG: listening...
2009-04-27 21:23 - RunsProvider - DEBUG: listening...
2009-04-27 21:38 - RunsProvider - DEBUG: listening...
2009-04-27 21:53 - RunsProvider - DEBUG: listening...
2009-04-27 22:08 - RunsProvider - DEBUG: listening...
2009-04-27 22:24 - RunsProvider - DEBUG: listening...
2009-04-27 22:39 - RunsProvider - DEBUG: listening...
2009-04-27 22:54 - RunsProvider - DEBUG: listening...
2009-04-27 23:09 - RunsProvider - DEBUG: listening...
2009-04-27 23:24 - RunsProvider - DEBUG: listening...
2009-04-27 23:39 - RunsProvider - DEBUG: listening...
2009-04-27 23:54 - RunsProvider - DEBUG: listening...
