2009-03-27 00:00 - RunsProvider - INFO: ========================================
2009-03-27 00:00 - RunsProvider - INFO: RunsProvider in init
2009-03-27 00:00 - RunsProvider - INFO: init file RunsProviderConfig.py was found
2009-03-27 00:00 - RunsProvider - INFO: creating run listeners from RunsProviderConfig.py file
2009-03-27 00:00 - RunsProvider - INFO: TileCalibL1Calo added to the list of run listeners
2009-03-27 00:00 - RunsProvider - INFO: L1CaloStandalone added to the list of run listeners
2009-03-27 00:00 - RunsProvider - INFO: LArCalibL1Calo added to the list of run listeners
2009-03-27 00:00 - RunsProvider - INFO: retrieveing Db parameters from RunsProviderConfig.py file
2009-03-27 00:00 - RunsProvider - INFO: RunsProvider initialized
2009-03-27 00:00 - RunsProvider - INFO: ========================================
2009-03-27 00:05 - RunsProvider - DEBUG: listening...
2009-03-27 00:14 - RunsProvider - DEBUG: listening...
2009-03-27 00:19 - RunsProvider - DEBUG: listening...
2009-03-27 00:24 - RunsProvider - DEBUG: listening...
2009-03-27 00:30 - RunsProvider - DEBUG: listening...
2009-03-27 00:35 - RunsProvider - DEBUG: listening...
2009-03-27 00:40 - RunsProvider - DEBUG: listening...
2009-03-27 00:45 - RunsProvider - DEBUG: listening...
2009-03-27 00:51 - RunsProvider - DEBUG: listening...
2009-03-27 00:56 - RunsProvider - DEBUG: listening...
2009-03-27 01:01 - RunsProvider - DEBUG: listening...
2009-03-27 01:06 - RunsProvider - DEBUG: listening...
2009-03-27 01:11 - RunsProvider - DEBUG: listening...
2009-03-27 01:17 - RunsProvider - DEBUG: listening...
2009-03-27 01:22 - RunsProvider - DEBUG: listening...
2009-03-27 01:27 - RunsProvider - DEBUG: listening...
2009-03-27 01:32 - RunsProvider - DEBUG: listening...
2009-03-27 01:38 - RunsProvider - DEBUG: listening...
2009-03-27 01:43 - RunsProvider - DEBUG: listening...
2009-03-27 01:48 - RunsProvider - DEBUG: listening...
2009-03-27 01:53 - RunsProvider - DEBUG: listening...
2009-03-27 01:58 - RunsProvider - DEBUG: listening...
2009-03-27 02:04 - RunsProvider - DEBUG: listening...
2009-03-27 02:09 - RunsProvider - DEBUG: listening...
2009-03-27 02:14 - RunsProvider - DEBUG: listening...
2009-03-27 02:19 - RunsProvider - DEBUG: listening...
2009-03-27 02:25 - RunsProvider - DEBUG: listening...
2009-03-27 02:30 - RunsProvider - DEBUG: listening...
2009-03-27 02:35 - RunsProvider - DEBUG: listening...
2009-03-27 02:40 - RunsProvider - DEBUG: listening...
2009-03-27 02:46 - RunsProvider - DEBUG: listening...
2009-03-27 02:51 - RunsProvider - DEBUG: listening...
2009-03-27 02:56 - RunsProvider - DEBUG: listening...
2009-03-27 03:01 - RunsProvider - DEBUG: listening...
2009-03-27 03:06 - RunsProvider - DEBUG: listening...
2009-03-27 03:12 - RunsProvider - DEBUG: listening...
2009-03-27 03:17 - RunsProvider - DEBUG: listening...
2009-03-27 03:22 - RunsProvider - DEBUG: listening...
2009-03-27 03:27 - RunsProvider - DEBUG: listening...
2009-03-27 03:33 - RunsProvider - DEBUG: listening...
2009-03-27 03:38 - RunsProvider - DEBUG: listening...
2009-03-27 03:43 - RunsProvider - DEBUG: listening...
2009-03-27 03:48 - RunsProvider - DEBUG: listening...
2009-03-27 03:53 - RunsProvider - DEBUG: listening...
2009-03-27 03:59 - RunsProvider - DEBUG: listening...
2009-03-27 04:04 - RunsProvider - DEBUG: listening...
2009-03-27 04:09 - RunsProvider - DEBUG: listening...
2009-03-27 04:14 - RunsProvider - DEBUG: listening...
2009-03-27 04:20 - RunsProvider - DEBUG: listening...
2009-03-27 04:25 - RunsProvider - DEBUG: listening...
2009-03-27 04:30 - RunsProvider - DEBUG: listening...
2009-03-27 04:35 - RunsProvider - DEBUG: listening...
2009-03-27 04:41 - RunsProvider - DEBUG: listening...
2009-03-27 04:46 - RunsProvider - DEBUG: listening...
2009-03-27 04:51 - RunsProvider - DEBUG: listening...
2009-03-27 04:56 - RunsProvider - DEBUG: listening...
2009-03-27 05:01 - RunsProvider - DEBUG: listening...
2009-03-27 05:07 - RunsProvider - DEBUG: listening...
2009-03-27 05:12 - RunsProvider - DEBUG: listening...
2009-03-27 05:17 - RunsProvider - DEBUG: listening...
2009-03-27 05:22 - RunsProvider - DEBUG: listening...
2009-03-27 05:28 - RunsProvider - DEBUG: listening...
2009-03-27 05:33 - RunsProvider - DEBUG: listening...
2009-03-27 05:38 - RunsProvider - DEBUG: listening...
2009-03-27 05:43 - RunsProvider - DEBUG: listening...
2009-03-27 05:48 - RunsProvider - DEBUG: listening...
2009-03-27 05:54 - RunsProvider - DEBUG: listening...
2009-03-27 05:59 - RunsProvider - DEBUG: listening...
2009-03-27 06:04 - RunsProvider - DEBUG: listening...
2009-03-27 06:09 - RunsProvider - DEBUG: listening...
2009-03-27 06:15 - RunsProvider - DEBUG: listening...
2009-03-27 06:20 - RunsProvider - DEBUG: listening...
2009-03-27 06:25 - RunsProvider - DEBUG: listening...
2009-03-27 06:30 - RunsProvider - DEBUG: listening...
2009-03-27 06:35 - RunsProvider - DEBUG: listening...
2009-03-27 06:41 - RunsProvider - DEBUG: listening...
2009-03-27 06:46 - RunsProvider - DEBUG: listening...
2009-03-27 06:51 - RunsProvider - DEBUG: listening...
2009-03-27 06:56 - RunsProvider - DEBUG: listening...
2009-03-27 07:02 - RunsProvider - DEBUG: listening...
2009-03-27 07:07 - RunsProvider - DEBUG: listening...
2009-03-27 07:12 - RunsProvider - DEBUG: listening...
2009-03-27 07:17 - RunsProvider - DEBUG: listening...
2009-03-27 07:22 - RunsProvider - DEBUG: listening...
2009-03-27 07:28 - RunsProvider - DEBUG: listening...
