2009-05-29 00:01 - RunsProvider - INFO: ========================================
2009-05-29 00:01 - RunsProvider - INFO: RunsProvider in init
2009-05-29 00:01 - RunsProvider - INFO: init file RunsProviderConfig.py was found
2009-05-29 00:01 - RunsProvider - INFO: creating run listeners from RunsProviderConfig.py file
2009-05-29 00:01 - RunsProvider - INFO: TileCalibL1Calo added to the list of run listeners
2009-05-29 00:01 - RunsProvider - INFO: L1CaloStandalone added to the list of run listeners
2009-05-29 00:01 - RunsProvider - INFO: LArCalibL1Calo added to the list of run listeners
2009-05-29 00:01 - RunsProvider - INFO: retrieveing Db parameters from RunsProviderConfig.py file
2009-05-29 00:01 - RunsProvider - INFO: RunsProvider initialized
2009-05-29 00:01 - RunsProvider - INFO: ========================================
2009-05-29 00:16 - RunsProvider - DEBUG: listening...
2009-05-29 00:34 - RunsProvider - DEBUG: listening...
2009-05-29 00:49 - RunsProvider - DEBUG: listening...
2009-05-29 01:04 - RunsProvider - DEBUG: listening...
2009-05-29 01:20 - RunsProvider - DEBUG: listening...
2009-05-29 01:35 - RunsProvider - DEBUG: listening...
2009-05-29 01:50 - RunsProvider - DEBUG: listening...
2009-05-29 02:05 - RunsProvider - DEBUG: listening...
2009-05-29 02:21 - RunsProvider - DEBUG: listening...
2009-05-29 02:36 - RunsProvider - DEBUG: listening...
2009-05-29 02:51 - RunsProvider - DEBUG: listening...
2009-05-29 03:06 - RunsProvider - DEBUG: listening...
2009-05-29 03:22 - RunsProvider - DEBUG: listening...
2009-05-29 03:37 - RunsProvider - DEBUG: listening...
2009-05-29 03:52 - RunsProvider - DEBUG: listening...
2009-05-29 04:08 - RunsProvider - DEBUG: listening...
2009-05-29 04:23 - RunsProvider - DEBUG: listening...
2009-05-29 04:38 - RunsProvider - DEBUG: listening...
2009-05-29 04:53 - RunsProvider - DEBUG: listening...
2009-05-29 05:09 - RunsProvider - DEBUG: listening...
2009-05-29 05:24 - RunsProvider - DEBUG: listening...
2009-05-29 05:39 - RunsProvider - DEBUG: listening...
2009-05-29 05:55 - RunsProvider - DEBUG: listening...
2009-05-29 06:10 - RunsProvider - DEBUG: listening...
2009-05-29 06:25 - RunsProvider - DEBUG: listening...
2009-05-29 06:40 - RunsProvider - DEBUG: listening...
2009-05-29 06:56 - RunsProvider - DEBUG: listening...
2009-05-29 07:11 - RunsProvider - DEBUG: listening...
2009-05-29 07:26 - RunsProvider - DEBUG: listening...
2009-05-29 07:41 - RunsProvider - DEBUG: listening...
2009-05-29 07:57 - RunsProvider - DEBUG: listening...
2009-05-29 08:12 - RunsProvider - DEBUG: listening...
2009-05-29 08:27 - RunsProvider - DEBUG: listening...
2009-05-29 08:43 - RunsProvider - DEBUG: listening...
2009-05-29 08:58 - RunsProvider - DEBUG: listening...
2009-05-29 09:13 - RunsProvider - DEBUG: listening...
2009-05-29 09:28 - RunsProvider - DEBUG: listening...
2009-05-29 09:44 - RunsProvider - DEBUG: listening...
2009-05-29 09:59 - RunsProvider - DEBUG: listening...
2009-05-29 10:15 - RunsProvider - DEBUG: listening...
2009-05-29 10:30 - RunsProvider - DEBUG: listening...
2009-05-29 10:46 - RunsProvider - DEBUG: listening...
2009-05-29 11:01 - RunsProvider - DEBUG: listening...
2009-05-29 11:16 - RunsProvider - DEBUG: listening...
2009-05-29 11:32 - RunsProvider - DEBUG: listening...
2009-05-29 11:47 - RunsProvider - DEBUG: listening...
2009-05-29 12:03 - RunsProvider - DEBUG: listening...
2009-05-29 12:18 - RunsProvider - DEBUG: listening...
2009-05-29 12:34 - RunsProvider - DEBUG: listening...
2009-05-29 12:49 - RunsProvider - DEBUG: listening...
2009-05-29 13:05 - RunsProvider - DEBUG: listening...
2009-05-29 13:20 - RunsProvider - DEBUG: listening...
2009-05-29 13:36 - RunsProvider - DEBUG: listening...
2009-05-29 13:51 - RunsProvider - DEBUG: listening...
2009-05-29 14:06 - RunsProvider - DEBUG: listening...
2009-05-29 14:22 - RunsProvider - DEBUG: listening...
2009-05-29 14:37 - RunsProvider - DEBUG: listening...
2009-05-29 14:52 - RunsProvider - DEBUG: listening...
2009-05-29 14:53 - RunsProvider - INFO: new runs found and stored into the Db:
2009-05-29 14:53 - RunsProvider - INFO:  * run: 117052, runListener: TileCalibL1Calo, validated: False
2009-05-29 15:08 - RunsProvider - DEBUG: listening...
2009-05-29 15:08 - RunsProvider - INFO: new runs found and stored into the Db:
2009-05-29 15:08 - RunsProvider - INFO:  * run: 117054, runListener: TileCalibL1Calo, validated: False
2009-05-29 15:23 - RunsProvider - DEBUG: listening...
2009-05-29 15:38 - RunsProvider - DEBUG: listening...
2009-05-29 15:53 - RunsProvider - DEBUG: listening...
2009-05-29 16:08 - RunsProvider - DEBUG: listening...
2009-05-29 16:24 - RunsProvider - DEBUG: listening...
2009-05-29 16:39 - RunsProvider - DEBUG: listening...
2009-05-29 16:39 - RunsProvider - INFO: new runs found and stored into the Db:
2009-05-29 16:39 - RunsProvider - INFO:  * run: 117087, runListener: TileCalibL1Calo, validated: False
2009-05-29 16:54 - RunsProvider - DEBUG: listening...
2009-05-29 17:09 - RunsProvider - DEBUG: listening...
2009-05-29 17:10 - RunsProvider - INFO: new runs found and stored into the Db:
2009-05-29 17:10 - RunsProvider - INFO:  * run: 117104, runListener: TileCalibL1Calo, validated: False
2009-05-29 17:25 - RunsProvider - DEBUG: listening...
2009-05-29 17:40 - RunsProvider - DEBUG: listening...
2009-05-29 17:55 - RunsProvider - DEBUG: listening...
2009-05-29 18:11 - RunsProvider - DEBUG: listening...
2009-05-29 18:26 - RunsProvider - DEBUG: listening...
2009-05-29 18:41 - RunsProvider - DEBUG: listening...
2009-05-29 18:56 - RunsProvider - DEBUG: listening...
2009-05-29 19:12 - RunsProvider - DEBUG: listening...
2009-05-29 19:27 - RunsProvider - DEBUG: listening...
2009-05-29 19:42 - RunsProvider - DEBUG: listening...
2009-05-29 19:57 - RunsProvider - DEBUG: listening...
2009-05-29 20:12 - RunsProvider - DEBUG: listening...
2009-05-29 20:27 - RunsProvider - DEBUG: listening...
2009-05-29 20:42 - RunsProvider - DEBUG: listening...
2009-05-29 20:58 - RunsProvider - DEBUG: listening...
2009-05-29 21:13 - RunsProvider - DEBUG: listening...
2009-05-29 21:28 - RunsProvider - DEBUG: listening...
2009-05-29 21:43 - RunsProvider - DEBUG: listening...
2009-05-29 21:58 - RunsProvider - DEBUG: listening...
2009-05-29 22:13 - RunsProvider - DEBUG: listening...
2009-05-29 22:28 - RunsProvider - DEBUG: listening...
2009-05-29 22:43 - RunsProvider - DEBUG: listening...
2009-05-29 22:58 - RunsProvider - DEBUG: listening...
2009-05-29 23:14 - RunsProvider - DEBUG: listening...
2009-05-29 23:29 - RunsProvider - DEBUG: listening...
2009-05-29 23:44 - RunsProvider - DEBUG: listening...
2009-05-29 23:59 - RunsProvider - DEBUG: listening...
