2009-06-11 00:01 - RunsProvider - INFO: ========================================
2009-06-11 00:01 - RunsProvider - INFO: RunsProvider in init
2009-06-11 00:01 - RunsProvider - INFO: init file RunsProviderConfig.py was found
2009-06-11 00:01 - RunsProvider - INFO: creating run listeners from RunsProviderConfig.py file
2009-06-11 00:01 - RunsProvider - INFO: TileCalibL1Calo added to the list of run listeners
2009-06-11 00:01 - RunsProvider - INFO: L1CaloStandalone added to the list of run listeners
2009-06-11 00:01 - RunsProvider - INFO: LArCalibL1Calo added to the list of run listeners
2009-06-11 00:01 - RunsProvider - INFO: retrieveing Db parameters from RunsProviderConfig.py file
2009-06-11 00:01 - RunsProvider - INFO: RunsProvider initialized
2009-06-11 00:01 - RunsProvider - INFO: ========================================
2009-06-11 00:03 - RunsProvider - DEBUG: listening...
2009-06-11 00:09 - RunsProvider - DEBUG: listening...
2009-06-11 00:11 - RunsProvider - DEBUG: listening...
2009-06-11 00:14 - RunsProvider - DEBUG: listening...
2009-06-11 00:16 - RunsProvider - DEBUG: listening...
2009-06-11 00:18 - RunsProvider - DEBUG: listening...
2009-06-11 00:20 - RunsProvider - DEBUG: listening...
2009-06-11 00:22 - RunsProvider - DEBUG: listening...
2009-06-11 00:25 - RunsProvider - DEBUG: listening...
2009-06-11 00:27 - RunsProvider - DEBUG: listening...
2009-06-11 00:29 - RunsProvider - DEBUG: listening...
2009-06-11 00:31 - RunsProvider - DEBUG: listening...
2009-06-11 00:34 - RunsProvider - DEBUG: listening...
2009-06-11 00:36 - RunsProvider - DEBUG: listening...
2009-06-11 00:38 - RunsProvider - DEBUG: listening...
2009-06-11 00:40 - RunsProvider - DEBUG: listening...
2009-06-11 00:43 - RunsProvider - DEBUG: listening...
2009-06-11 00:45 - RunsProvider - DEBUG: listening...
2009-06-11 00:47 - RunsProvider - DEBUG: listening...
2009-06-11 00:49 - RunsProvider - DEBUG: listening...
2009-06-11 00:51 - RunsProvider - DEBUG: listening...
2009-06-11 00:54 - RunsProvider - DEBUG: listening...
2009-06-11 00:56 - RunsProvider - DEBUG: listening...
2009-06-11 00:58 - RunsProvider - DEBUG: listening...
2009-06-11 01:00 - RunsProvider - DEBUG: listening...
2009-06-11 01:02 - RunsProvider - DEBUG: listening...
2009-06-11 01:05 - RunsProvider - DEBUG: listening...
2009-06-11 01:07 - RunsProvider - DEBUG: listening...
2009-06-11 01:09 - RunsProvider - DEBUG: listening...
2009-06-11 01:11 - RunsProvider - DEBUG: listening...
2009-06-11 01:14 - RunsProvider - DEBUG: listening...
2009-06-11 01:16 - RunsProvider - DEBUG: listening...
2009-06-11 01:18 - RunsProvider - DEBUG: listening...
2009-06-11 01:20 - RunsProvider - DEBUG: listening...
2009-06-11 01:22 - RunsProvider - DEBUG: listening...
2009-06-11 01:25 - RunsProvider - DEBUG: listening...
2009-06-11 01:27 - RunsProvider - DEBUG: listening...
2009-06-11 01:29 - RunsProvider - DEBUG: listening...
2009-06-11 01:31 - RunsProvider - DEBUG: listening...
2009-06-11 01:33 - RunsProvider - DEBUG: listening...
2009-06-11 01:36 - RunsProvider - DEBUG: listening...
2009-06-11 01:38 - RunsProvider - DEBUG: listening...
2009-06-11 01:40 - RunsProvider - DEBUG: listening...
2009-06-11 01:42 - RunsProvider - DEBUG: listening...
2009-06-11 01:45 - RunsProvider - DEBUG: listening...
2009-06-11 01:47 - RunsProvider - DEBUG: listening...
2009-06-11 01:49 - RunsProvider - DEBUG: listening...
2009-06-11 01:51 - RunsProvider - DEBUG: listening...
2009-06-11 01:53 - RunsProvider - DEBUG: listening...
2009-06-11 01:56 - RunsProvider - DEBUG: listening...
2009-06-11 01:58 - RunsProvider - DEBUG: listening...
2009-06-11 02:00 - RunsProvider - DEBUG: listening...
2009-06-11 02:02 - RunsProvider - DEBUG: listening...
2009-06-11 02:04 - RunsProvider - DEBUG: listening...
2009-06-11 02:07 - RunsProvider - DEBUG: listening...
2009-06-11 02:09 - RunsProvider - DEBUG: listening...
2009-06-11 02:11 - RunsProvider - DEBUG: listening...
2009-06-11 02:13 - RunsProvider - DEBUG: listening...
2009-06-11 02:16 - RunsProvider - DEBUG: listening...
2009-06-11 02:18 - RunsProvider - DEBUG: listening...
2009-06-11 02:20 - RunsProvider - DEBUG: listening...
2009-06-11 02:22 - RunsProvider - DEBUG: listening...
2009-06-11 02:24 - RunsProvider - DEBUG: listening...
2009-06-11 02:27 - RunsProvider - DEBUG: listening...
2009-06-11 02:29 - RunsProvider - DEBUG: listening...
2009-06-11 02:31 - RunsProvider - DEBUG: listening...
2009-06-11 02:33 - RunsProvider - DEBUG: listening...
2009-06-11 02:36 - RunsProvider - DEBUG: listening...
2009-06-11 02:38 - RunsProvider - DEBUG: listening...
2009-06-11 02:40 - RunsProvider - DEBUG: listening...
2009-06-11 02:42 - RunsProvider - DEBUG: listening...
2009-06-11 02:44 - RunsProvider - DEBUG: listening...
2009-06-11 02:47 - RunsProvider - DEBUG: listening...
2009-06-11 02:49 - RunsProvider - DEBUG: listening...
2009-06-11 02:51 - RunsProvider - DEBUG: listening...
2009-06-11 02:53 - RunsProvider - DEBUG: listening...
2009-06-11 02:55 - RunsProvider - DEBUG: listening...
2009-06-11 02:58 - RunsProvider - DEBUG: listening...
2009-06-11 03:00 - RunsProvider - DEBUG: listening...
2009-06-11 03:02 - RunsProvider - DEBUG: listening...
2009-06-11 03:04 - RunsProvider - DEBUG: listening...
2009-06-11 03:07 - RunsProvider - DEBUG: listening...
2009-06-11 03:09 - RunsProvider - DEBUG: listening...
2009-06-11 03:11 - RunsProvider - DEBUG: listening...
2009-06-11 03:13 - RunsProvider - DEBUG: listening...
2009-06-11 03:15 - RunsProvider - DEBUG: listening...
2009-06-11 03:18 - RunsProvider - DEBUG: listening...
2009-06-11 03:20 - RunsProvider - DEBUG: listening...
2009-06-11 03:22 - RunsProvider - DEBUG: listening...
2009-06-11 03:24 - RunsProvider - DEBUG: listening...
2009-06-11 03:26 - RunsProvider - DEBUG: listening...
2009-06-11 03:29 - RunsProvider - DEBUG: listening...
2009-06-11 03:31 - RunsProvider - DEBUG: listening...
2009-06-11 03:33 - RunsProvider - DEBUG: listening...
2009-06-11 03:35 - RunsProvider - DEBUG: listening...
2009-06-11 03:38 - RunsProvider - DEBUG: listening...
2009-06-11 03:40 - RunsProvider - DEBUG: listening...
2009-06-11 03:42 - RunsProvider - DEBUG: listening...
2009-06-11 03:44 - RunsProvider - DEBUG: listening...
2009-06-11 03:46 - RunsProvider - DEBUG: listening...
2009-06-11 03:49 - RunsProvider - DEBUG: listening...
2009-06-11 03:51 - RunsProvider - DEBUG: listening...
2009-06-11 03:53 - RunsProvider - DEBUG: listening...
2009-06-11 03:55 - RunsProvider - DEBUG: listening...
2009-06-11 03:58 - RunsProvider - DEBUG: listening...
2009-06-11 04:00 - RunsProvider - DEBUG: listening...
2009-06-11 04:02 - RunsProvider - DEBUG: listening...
2009-06-11 04:04 - RunsProvider - DEBUG: listening...
2009-06-11 04:06 - RunsProvider - DEBUG: listening...
2009-06-11 04:09 - RunsProvider - DEBUG: listening...
2009-06-11 04:11 - RunsProvider - DEBUG: listening...
2009-06-11 04:13 - RunsProvider - DEBUG: listening...
2009-06-11 04:15 - RunsProvider - DEBUG: listening...
2009-06-11 04:18 - RunsProvider - DEBUG: listening...
2009-06-11 04:20 - RunsProvider - DEBUG: listening...
2009-06-11 04:22 - RunsProvider - DEBUG: listening...
2009-06-11 04:24 - RunsProvider - DEBUG: listening...
2009-06-11 04:26 - RunsProvider - DEBUG: listening...
2009-06-11 04:29 - RunsProvider - DEBUG: listening...
2009-06-11 04:31 - RunsProvider - DEBUG: listening...
2009-06-11 04:33 - RunsProvider - DEBUG: listening...
2009-06-11 04:35 - RunsProvider - DEBUG: listening...
2009-06-11 04:38 - RunsProvider - DEBUG: listening...
2009-06-11 04:40 - RunsProvider - DEBUG: listening...
2009-06-11 04:42 - RunsProvider - DEBUG: listening...
2009-06-11 04:44 - RunsProvider - DEBUG: listening...
2009-06-11 04:46 - RunsProvider - DEBUG: listening...
2009-06-11 04:49 - RunsProvider - DEBUG: listening...
2009-06-11 04:51 - RunsProvider - DEBUG: listening...
2009-06-11 04:53 - RunsProvider - DEBUG: listening...
2009-06-11 04:55 - RunsProvider - DEBUG: listening...
