2009-05-22 00:01 - RunsProvider - INFO: ========================================
2009-05-22 00:01 - RunsProvider - INFO: RunsProvider in init
2009-05-22 00:01 - RunsProvider - INFO: init file RunsProviderConfig.py was found
2009-05-22 00:01 - RunsProvider - INFO: creating run listeners from RunsProviderConfig.py file
2009-05-22 00:01 - RunsProvider - INFO: TileCalibL1Calo added to the list of run listeners
2009-05-22 00:01 - RunsProvider - INFO: L1CaloStandalone added to the list of run listeners
2009-05-22 00:01 - RunsProvider - INFO: LArCalibL1Calo added to the list of run listeners
2009-05-22 00:01 - RunsProvider - INFO: retrieveing Db parameters from RunsProviderConfig.py file
2009-05-22 00:01 - RunsProvider - INFO: RunsProvider initialized
2009-05-22 00:01 - RunsProvider - INFO: ========================================
2009-05-22 00:16 - RunsProvider - DEBUG: listening...
2009-05-22 00:33 - RunsProvider - DEBUG: listening...
2009-05-22 00:48 - RunsProvider - DEBUG: listening...
2009-05-22 01:03 - RunsProvider - DEBUG: listening...
2009-05-22 01:19 - RunsProvider - DEBUG: listening...
2009-05-22 01:34 - RunsProvider - DEBUG: listening...
2009-05-22 01:49 - RunsProvider - DEBUG: listening...
2009-05-22 02:04 - RunsProvider - DEBUG: listening...
2009-05-22 02:19 - RunsProvider - DEBUG: listening...
2009-05-22 02:34 - RunsProvider - DEBUG: listening...
2009-05-22 02:49 - RunsProvider - DEBUG: listening...
2009-05-22 03:04 - RunsProvider - DEBUG: listening...
2009-05-22 03:20 - RunsProvider - DEBUG: listening...
2009-05-22 03:35 - RunsProvider - DEBUG: listening...
2009-05-22 03:50 - RunsProvider - DEBUG: listening...
2009-05-22 04:05 - RunsProvider - DEBUG: listening...
2009-05-22 04:20 - RunsProvider - DEBUG: listening...
2009-05-22 04:35 - RunsProvider - DEBUG: listening...
2009-05-22 04:50 - RunsProvider - DEBUG: listening...
2009-05-22 05:05 - RunsProvider - DEBUG: listening...
2009-05-22 05:21 - RunsProvider - DEBUG: listening...
2009-05-22 05:36 - RunsProvider - DEBUG: listening...
2009-05-22 05:51 - RunsProvider - DEBUG: listening...
2009-05-22 06:06 - RunsProvider - DEBUG: listening...
2009-05-22 06:21 - RunsProvider - DEBUG: listening...
2009-05-22 06:36 - RunsProvider - DEBUG: listening...
2009-05-22 06:51 - RunsProvider - DEBUG: listening...
2009-05-22 07:06 - RunsProvider - DEBUG: listening...
2009-05-22 07:22 - RunsProvider - DEBUG: listening...
2009-05-22 07:37 - RunsProvider - DEBUG: listening...
2009-05-22 07:52 - RunsProvider - DEBUG: listening...
2009-05-22 08:07 - RunsProvider - DEBUG: listening...
2009-05-22 08:22 - RunsProvider - DEBUG: listening...
2009-05-22 08:37 - RunsProvider - DEBUG: listening...
2009-05-22 08:52 - RunsProvider - DEBUG: listening...
2009-05-22 09:07 - RunsProvider - DEBUG: listening...
2009-05-22 09:23 - RunsProvider - DEBUG: listening...
2009-05-22 09:38 - RunsProvider - DEBUG: listening...
2009-05-22 09:53 - RunsProvider - DEBUG: listening...
2009-05-22 10:08 - RunsProvider - DEBUG: listening...
2009-05-22 10:23 - RunsProvider - DEBUG: listening...
2009-05-22 10:38 - RunsProvider - DEBUG: listening...
2009-05-22 10:53 - RunsProvider - DEBUG: listening...
2009-05-22 11:08 - RunsProvider - DEBUG: listening...
2009-05-22 11:24 - RunsProvider - DEBUG: listening...
2009-05-22 11:39 - RunsProvider - DEBUG: listening...
2009-05-22 11:54 - RunsProvider - DEBUG: listening...
2009-05-22 12:09 - RunsProvider - DEBUG: listening...
2009-05-22 12:24 - RunsProvider - DEBUG: listening...
2009-05-22 12:39 - RunsProvider - DEBUG: listening...
2009-05-22 12:54 - RunsProvider - DEBUG: listening...
2009-05-22 13:09 - RunsProvider - DEBUG: listening...
2009-05-22 13:25 - RunsProvider - DEBUG: listening...
2009-05-22 13:40 - RunsProvider - DEBUG: listening...
2009-05-22 13:55 - RunsProvider - DEBUG: listening...
2009-05-22 14:10 - RunsProvider - DEBUG: listening...
2009-05-22 14:26 - RunsProvider - DEBUG: listening...
2009-05-22 14:41 - RunsProvider - DEBUG: listening...
2009-05-22 14:56 - RunsProvider - DEBUG: listening...
2009-05-22 15:11 - RunsProvider - DEBUG: listening...
2009-05-22 15:26 - RunsProvider - DEBUG: listening...
2009-05-22 15:41 - RunsProvider - DEBUG: listening...
2009-05-22 15:56 - RunsProvider - DEBUG: listening...
2009-05-22 16:11 - RunsProvider - DEBUG: listening...
2009-05-22 16:27 - RunsProvider - DEBUG: listening...
2009-05-22 16:42 - RunsProvider - DEBUG: listening...
2009-05-22 16:57 - RunsProvider - DEBUG: listening...
2009-05-22 17:12 - RunsProvider - DEBUG: listening...
2009-05-22 17:27 - RunsProvider - DEBUG: listening...
2009-05-22 17:42 - RunsProvider - DEBUG: listening...
2009-05-22 17:57 - RunsProvider - DEBUG: listening...
2009-05-22 18:13 - RunsProvider - DEBUG: listening...
2009-05-22 18:28 - RunsProvider - DEBUG: listening...
2009-05-22 18:43 - RunsProvider - DEBUG: listening...
2009-05-22 18:58 - RunsProvider - DEBUG: listening...
2009-05-22 19:13 - RunsProvider - DEBUG: listening...
2009-05-22 19:28 - RunsProvider - DEBUG: listening...
2009-05-22 19:43 - RunsProvider - DEBUG: listening...
2009-05-22 19:59 - RunsProvider - DEBUG: listening...
2009-05-22 20:14 - RunsProvider - DEBUG: listening...
2009-05-22 20:29 - RunsProvider - DEBUG: listening...
2009-05-22 20:44 - RunsProvider - DEBUG: listening...
2009-05-22 20:59 - RunsProvider - DEBUG: listening...
2009-05-22 21:14 - RunsProvider - DEBUG: listening...
2009-05-22 21:29 - RunsProvider - DEBUG: listening...
2009-05-22 21:45 - RunsProvider - DEBUG: listening...
2009-05-22 22:00 - RunsProvider - DEBUG: listening...
2009-05-22 22:15 - RunsProvider - DEBUG: listening...
2009-05-22 22:30 - RunsProvider - DEBUG: listening...
2009-05-22 22:45 - RunsProvider - DEBUG: listening...
2009-05-22 23:00 - RunsProvider - DEBUG: listening...
2009-05-22 23:15 - RunsProvider - DEBUG: listening...
2009-05-22 23:31 - RunsProvider - DEBUG: listening...
2009-05-22 23:46 - RunsProvider - DEBUG: listening...
2009-05-23 00:01 - RunsProvider - DEBUG: listening...
