2009-03-29 00:01 - RunsProvider - INFO: ========================================
2009-03-29 00:01 - RunsProvider - INFO: RunsProvider in init
2009-03-29 00:01 - RunsProvider - INFO: init file RunsProviderConfig.py was found
2009-03-29 00:01 - RunsProvider - INFO: creating run listeners from RunsProviderConfig.py file
2009-03-29 00:01 - RunsProvider - INFO: TileCalibL1Calo added to the list of run listeners
2009-03-29 00:01 - RunsProvider - INFO: L1CaloStandalone added to the list of run listeners
2009-03-29 00:01 - RunsProvider - INFO: LArCalibL1Calo added to the list of run listeners
2009-03-29 00:01 - RunsProvider - INFO: retrieveing Db parameters from RunsProviderConfig.py file
2009-03-29 00:01 - RunsProvider - INFO: RunsProvider initialized
2009-03-29 00:01 - RunsProvider - INFO: ========================================
2009-03-29 00:06 - RunsProvider - DEBUG: listening...
2009-03-29 00:14 - RunsProvider - DEBUG: listening...
2009-03-29 00:19 - RunsProvider - DEBUG: listening...
2009-03-29 00:24 - RunsProvider - DEBUG: listening...
2009-03-29 00:30 - RunsProvider - DEBUG: listening...
2009-03-29 00:35 - RunsProvider - DEBUG: listening...
2009-03-29 00:40 - RunsProvider - DEBUG: listening...
2009-03-29 00:45 - RunsProvider - DEBUG: listening...
2009-03-29 00:50 - RunsProvider - DEBUG: listening...
2009-03-29 00:56 - RunsProvider - DEBUG: listening...
2009-03-29 01:01 - RunsProvider - DEBUG: listening...
2009-03-29 01:06 - RunsProvider - DEBUG: listening...
2009-03-29 01:11 - RunsProvider - DEBUG: listening...
2009-03-29 01:16 - RunsProvider - DEBUG: listening...
2009-03-29 01:22 - RunsProvider - DEBUG: listening...
2009-03-29 01:27 - RunsProvider - DEBUG: listening...
2009-03-29 01:32 - RunsProvider - DEBUG: listening...
2009-03-29 01:37 - RunsProvider - DEBUG: listening...
2009-03-29 01:42 - RunsProvider - DEBUG: listening...
2009-03-29 01:48 - RunsProvider - DEBUG: listening...
2009-03-29 01:53 - RunsProvider - DEBUG: listening...
2009-03-29 01:58 - RunsProvider - DEBUG: listening...
2009-03-29 03:03 - RunsProvider - DEBUG: listening...
2009-03-29 03:08 - RunsProvider - DEBUG: listening...
2009-03-29 03:14 - RunsProvider - DEBUG: listening...
2009-03-29 03:19 - RunsProvider - DEBUG: listening...
2009-03-29 03:24 - RunsProvider - DEBUG: listening...
2009-03-29 03:29 - RunsProvider - DEBUG: listening...
2009-03-29 03:34 - RunsProvider - DEBUG: listening...
2009-03-29 03:40 - RunsProvider - DEBUG: listening...
2009-03-29 03:45 - RunsProvider - DEBUG: listening...
2009-03-29 03:50 - RunsProvider - DEBUG: listening...
2009-03-29 03:55 - RunsProvider - DEBUG: listening...
2009-03-29 04:00 - RunsProvider - DEBUG: listening...
2009-03-29 04:05 - RunsProvider - DEBUG: listening...
2009-03-29 04:11 - RunsProvider - DEBUG: listening...
2009-03-29 04:16 - RunsProvider - DEBUG: listening...
2009-03-29 04:21 - RunsProvider - DEBUG: listening...
2009-03-29 04:26 - RunsProvider - DEBUG: listening...
2009-03-29 04:31 - RunsProvider - DEBUG: listening...
2009-03-29 04:37 - RunsProvider - DEBUG: listening...
2009-03-29 04:42 - RunsProvider - DEBUG: listening...
2009-03-29 04:47 - RunsProvider - DEBUG: listening...
2009-03-29 04:52 - RunsProvider - DEBUG: listening...
2009-03-29 04:57 - RunsProvider - DEBUG: listening...
2009-03-29 05:03 - RunsProvider - DEBUG: listening...
2009-03-29 05:08 - RunsProvider - DEBUG: listening...
2009-03-29 05:13 - RunsProvider - DEBUG: listening...
2009-03-29 05:18 - RunsProvider - DEBUG: listening...
2009-03-29 05:23 - RunsProvider - DEBUG: listening...
2009-03-29 05:29 - RunsProvider - DEBUG: listening...
2009-03-29 05:34 - RunsProvider - DEBUG: listening...
2009-03-29 05:39 - RunsProvider - DEBUG: listening...
2009-03-29 05:44 - RunsProvider - DEBUG: listening...
2009-03-29 05:49 - RunsProvider - DEBUG: listening...
2009-03-29 05:55 - RunsProvider - DEBUG: listening...
2009-03-29 06:00 - RunsProvider - DEBUG: listening...
2009-03-29 06:05 - RunsProvider - DEBUG: listening...
2009-03-29 06:10 - RunsProvider - DEBUG: listening...
2009-03-29 06:15 - RunsProvider - DEBUG: listening...
2009-03-29 06:21 - RunsProvider - DEBUG: listening...
2009-03-29 06:26 - RunsProvider - DEBUG: listening...
2009-03-29 06:31 - RunsProvider - DEBUG: listening...
2009-03-29 06:36 - RunsProvider - DEBUG: listening...
2009-03-29 06:41 - RunsProvider - DEBUG: listening...
2009-03-29 06:47 - RunsProvider - DEBUG: listening...
2009-03-29 06:52 - RunsProvider - DEBUG: listening...
2009-03-29 06:57 - RunsProvider - DEBUG: listening...
2009-03-29 07:02 - RunsProvider - DEBUG: listening...
2009-03-29 07:07 - RunsProvider - DEBUG: listening...
2009-03-29 07:13 - RunsProvider - DEBUG: listening...
2009-03-29 07:18 - RunsProvider - DEBUG: listening...
2009-03-29 07:23 - RunsProvider - DEBUG: listening...
2009-03-29 07:28 - RunsProvider - DEBUG: listening...
2009-03-29 07:33 - RunsProvider - DEBUG: listening...
2009-03-29 07:39 - RunsProvider - DEBUG: listening...
2009-03-29 07:44 - RunsProvider - DEBUG: listening...
2009-03-29 07:49 - RunsProvider - DEBUG: listening...
2009-03-29 07:54 - RunsProvider - DEBUG: listening...
2009-03-29 07:59 - RunsProvider - DEBUG: listening...
2009-03-29 08:05 - RunsProvider - DEBUG: listening...
2009-03-29 08:10 - RunsProvider - DEBUG: listening...
2009-03-29 08:15 - RunsProvider - DEBUG: listening...
2009-03-29 08:20 - RunsProvider - DEBUG: listening...
2009-03-29 08:25 - RunsProvider - DEBUG: listening...
2009-03-29 08:31 - RunsProvider - DEBUG: listening...
2009-03-29 08:36 - RunsProvider - DEBUG: listening...
2009-03-29 08:41 - RunsProvider - DEBUG: listening...
2009-03-29 08:46 - RunsProvider - DEBUG: listening...
2009-03-29 08:52 - RunsProvider - DEBUG: listening...
2009-03-29 08:57 - RunsProvider - DEBUG: listening...
2009-03-29 09:02 - RunsProvider - DEBUG: listening...
2009-03-29 09:07 - RunsProvider - DEBUG: listening...
2009-03-29 09:12 - RunsProvider - DEBUG: listening...
2009-03-29 09:18 - RunsProvider - DEBUG: listening...
2009-03-29 09:23 - RunsProvider - DEBUG: listening...
2009-03-29 09:28 - RunsProvider - DEBUG: listening...
2009-03-29 09:33 - RunsProvider - DEBUG: listening...
2009-03-29 09:38 - RunsProvider - DEBUG: listening...
2009-03-29 09:44 - RunsProvider - DEBUG: listening...
2009-03-29 09:49 - RunsProvider - DEBUG: listening...
2009-03-29 09:54 - RunsProvider - DEBUG: listening...
2009-03-29 09:59 - RunsProvider - DEBUG: listening...
2009-03-29 10:04 - RunsProvider - DEBUG: listening...
2009-03-29 10:10 - RunsProvider - DEBUG: listening...
2009-03-29 10:15 - RunsProvider - DEBUG: listening...
2009-03-29 10:20 - RunsProvider - DEBUG: listening...
2009-03-29 10:25 - RunsProvider - DEBUG: listening...
2009-03-29 10:30 - RunsProvider - DEBUG: listening...
2009-03-29 10:36 - RunsProvider - DEBUG: listening...
2009-03-29 10:41 - RunsProvider - DEBUG: listening...
2009-03-29 10:46 - RunsProvider - DEBUG: listening...
