2009-06-08 00:01 - RunsProvider - INFO: ========================================
2009-06-08 00:01 - RunsProvider - INFO: RunsProvider in init
2009-06-08 00:01 - RunsProvider - INFO: init file RunsProviderConfig.py was found
2009-06-08 00:01 - RunsProvider - INFO: creating run listeners from RunsProviderConfig.py file
2009-06-08 00:01 - RunsProvider - INFO: TileCalibL1Calo added to the list of run listeners
2009-06-08 00:01 - RunsProvider - INFO: L1CaloStandalone added to the list of run listeners
2009-06-08 00:01 - RunsProvider - INFO: LArCalibL1Calo added to the list of run listeners
2009-06-08 00:01 - RunsProvider - INFO: retrieveing Db parameters from RunsProviderConfig.py file
2009-06-08 00:01 - RunsProvider - INFO: RunsProvider initialized
2009-06-08 00:01 - RunsProvider - INFO: ========================================
2009-06-08 00:16 - RunsProvider - DEBUG: listening...
2009-06-08 00:34 - RunsProvider - DEBUG: listening...
2009-06-08 00:49 - RunsProvider - DEBUG: listening...
2009-06-08 01:04 - RunsProvider - DEBUG: listening...
2009-06-08 01:20 - RunsProvider - DEBUG: listening...
2009-06-08 01:35 - RunsProvider - DEBUG: listening...
2009-06-08 01:50 - RunsProvider - DEBUG: listening...
2009-06-08 02:05 - RunsProvider - DEBUG: listening...
2009-06-08 02:21 - RunsProvider - DEBUG: listening...
2009-06-08 02:36 - RunsProvider - DEBUG: listening...
2009-06-08 02:51 - RunsProvider - DEBUG: listening...
2009-06-08 03:06 - RunsProvider - DEBUG: listening...
2009-06-08 03:22 - RunsProvider - DEBUG: listening...
2009-06-08 03:37 - RunsProvider - DEBUG: listening...
2009-06-08 03:52 - RunsProvider - DEBUG: listening...
2009-06-08 04:07 - RunsProvider - DEBUG: listening...
2009-06-08 04:23 - RunsProvider - DEBUG: listening...
2009-06-08 04:38 - RunsProvider - DEBUG: listening...
2009-06-08 04:53 - RunsProvider - DEBUG: listening...
2009-06-08 05:08 - RunsProvider - DEBUG: listening...
2009-06-08 05:24 - RunsProvider - DEBUG: listening...
2009-06-08 05:39 - RunsProvider - DEBUG: listening...
2009-06-08 05:54 - RunsProvider - DEBUG: listening...
2009-06-08 06:09 - RunsProvider - DEBUG: listening...
2009-06-08 06:25 - RunsProvider - DEBUG: listening...
2009-06-08 06:40 - RunsProvider - DEBUG: listening...
2009-06-08 06:55 - RunsProvider - DEBUG: listening...
2009-06-08 07:10 - RunsProvider - DEBUG: listening...
2009-06-08 07:26 - RunsProvider - DEBUG: listening...
2009-06-08 07:41 - RunsProvider - DEBUG: listening...
2009-06-08 07:56 - RunsProvider - DEBUG: listening...
2009-06-08 08:11 - RunsProvider - DEBUG: listening...
2009-06-08 08:27 - RunsProvider - DEBUG: listening...
2009-06-08 08:42 - RunsProvider - DEBUG: listening...
2009-06-08 08:57 - RunsProvider - DEBUG: listening...
2009-06-08 09:12 - RunsProvider - DEBUG: listening...
2009-06-08 09:28 - RunsProvider - DEBUG: listening...
2009-06-08 09:43 - RunsProvider - DEBUG: listening...
2009-06-08 09:58 - RunsProvider - DEBUG: listening...
2009-06-08 10:14 - RunsProvider - DEBUG: listening...
2009-06-08 10:29 - RunsProvider - DEBUG: listening...
2009-06-08 10:44 - RunsProvider - DEBUG: listening...
2009-06-08 10:59 - RunsProvider - DEBUG: listening...
2009-06-08 11:00 - RunsProvider - INFO: new runs found and stored into the Db:
2009-06-08 11:00 - RunsProvider - INFO:  * run: 118121, runListener: L1CaloStandalone, validated: False
2009-06-08 11:15 - RunsProvider - DEBUG: listening...
2009-06-08 11:15 - RunsProvider - INFO: new runs found and stored into the Db:
2009-06-08 11:15 - RunsProvider - INFO:  * run: 118123, runListener: L1CaloStandalone, validated: False
2009-06-08 11:15 - RunsProvider - INFO:  * run: 118124, runListener: L1CaloStandalone, validated: False
2009-06-08 11:30 - RunsProvider - DEBUG: listening...
2009-06-08 11:45 - RunsProvider - DEBUG: listening...
2009-06-08 12:00 - RunsProvider - DEBUG: listening...
2009-06-08 12:15 - RunsProvider - DEBUG: listening...
2009-06-08 12:31 - RunsProvider - DEBUG: listening...
2009-06-08 12:46 - RunsProvider - DEBUG: listening...
2009-06-08 13:01 - RunsProvider - DEBUG: listening...
2009-06-08 13:16 - RunsProvider - DEBUG: listening...
2009-06-08 13:31 - RunsProvider - DEBUG: listening...
2009-06-08 13:46 - RunsProvider - DEBUG: listening...
2009-06-08 14:02 - RunsProvider - DEBUG: listening...
2009-06-08 14:17 - RunsProvider - DEBUG: listening...
2009-06-08 14:32 - RunsProvider - DEBUG: listening...
2009-06-08 14:47 - RunsProvider - DEBUG: listening...
2009-06-08 15:02 - RunsProvider - DEBUG: listening...
2009-06-08 15:18 - RunsProvider - DEBUG: listening...
2009-06-08 15:33 - RunsProvider - DEBUG: listening...
2009-06-08 15:48 - RunsProvider - DEBUG: listening...
2009-06-08 16:03 - RunsProvider - DEBUG: listening...
2009-06-08 16:18 - RunsProvider - DEBUG: listening...
2009-06-08 16:33 - RunsProvider - DEBUG: listening...
2009-06-08 16:49 - RunsProvider - DEBUG: listening...
2009-06-08 17:04 - RunsProvider - DEBUG: listening...
2009-06-08 17:19 - RunsProvider - DEBUG: listening...
2009-06-08 17:34 - RunsProvider - DEBUG: listening...
2009-06-08 17:49 - RunsProvider - DEBUG: listening...
2009-06-08 18:05 - RunsProvider - DEBUG: listening...
2009-06-08 18:20 - RunsProvider - DEBUG: listening...
2009-06-08 18:35 - RunsProvider - DEBUG: listening...
2009-06-08 18:50 - RunsProvider - DEBUG: listening...
2009-06-08 19:05 - RunsProvider - DEBUG: listening...
2009-06-08 19:21 - RunsProvider - DEBUG: listening...
2009-06-08 19:36 - RunsProvider - DEBUG: listening...
2009-06-08 19:51 - RunsProvider - DEBUG: listening...
2009-06-08 20:06 - RunsProvider - DEBUG: listening...
2009-06-08 20:21 - RunsProvider - DEBUG: listening...
2009-06-08 20:36 - RunsProvider - DEBUG: listening...
2009-06-08 20:52 - RunsProvider - DEBUG: listening...
2009-06-08 21:07 - RunsProvider - DEBUG: listening...
2009-06-08 21:22 - RunsProvider - DEBUG: listening...
2009-06-08 21:37 - RunsProvider - DEBUG: listening...
2009-06-08 21:52 - RunsProvider - DEBUG: listening...
2009-06-08 22:08 - RunsProvider - DEBUG: listening...
2009-06-08 22:23 - RunsProvider - DEBUG: listening...
2009-06-08 22:38 - RunsProvider - DEBUG: listening...
2009-06-08 22:53 - RunsProvider - DEBUG: listening...
2009-06-08 23:08 - RunsProvider - DEBUG: listening...
2009-06-08 23:23 - RunsProvider - DEBUG: listening...
2009-06-08 23:39 - RunsProvider - DEBUG: listening...
2009-06-08 23:54 - RunsProvider - DEBUG: listening...
