2009-05-02 00:02 - RunsProvider - INFO: ========================================
2009-05-02 00:02 - RunsProvider - INFO: RunsProvider in init
2009-05-02 00:02 - RunsProvider - INFO: init file RunsProviderConfig.py was found
2009-05-02 00:02 - RunsProvider - INFO: creating run listeners from RunsProviderConfig.py file
2009-05-02 00:02 - RunsProvider - INFO: TileCalibL1Calo added to the list of run listeners
2009-05-02 00:02 - RunsProvider - INFO: L1CaloStandalone added to the list of run listeners
2009-05-02 00:02 - RunsProvider - INFO: LArCalibL1Calo added to the list of run listeners
2009-05-02 00:02 - RunsProvider - INFO: retrieveing Db parameters from RunsProviderConfig.py file
2009-05-02 00:02 - RunsProvider - INFO: RunsProvider initialized
2009-05-02 00:02 - RunsProvider - INFO: ========================================
2009-05-02 00:17 - RunsProvider - DEBUG: listening...
2009-05-02 00:33 - RunsProvider - DEBUG: listening...
2009-05-02 00:48 - RunsProvider - DEBUG: listening...
2009-05-02 01:03 - RunsProvider - DEBUG: listening...
2009-05-02 01:18 - RunsProvider - DEBUG: listening...
2009-05-02 01:34 - RunsProvider - DEBUG: listening...
2009-05-02 01:49 - RunsProvider - DEBUG: listening...
2009-05-02 02:04 - RunsProvider - DEBUG: listening...
2009-05-02 02:19 - RunsProvider - DEBUG: listening...
2009-05-02 02:34 - RunsProvider - DEBUG: listening...
2009-05-02 02:49 - RunsProvider - DEBUG: listening...
2009-05-02 03:05 - RunsProvider - DEBUG: listening...
2009-05-02 03:20 - RunsProvider - DEBUG: listening...
2009-05-02 03:35 - RunsProvider - DEBUG: listening...
2009-05-02 03:50 - RunsProvider - DEBUG: listening...
2009-05-02 04:05 - RunsProvider - DEBUG: listening...
2009-05-02 04:21 - RunsProvider - DEBUG: listening...
2009-05-02 04:36 - RunsProvider - DEBUG: listening...
2009-05-02 04:51 - RunsProvider - DEBUG: listening...
2009-05-02 05:06 - RunsProvider - DEBUG: listening...
2009-05-02 05:21 - RunsProvider - DEBUG: listening...
2009-05-02 05:37 - RunsProvider - DEBUG: listening...
2009-05-02 05:52 - RunsProvider - DEBUG: listening...
2009-05-02 06:07 - RunsProvider - DEBUG: listening...
2009-05-02 06:22 - RunsProvider - DEBUG: listening...
2009-05-02 06:37 - RunsProvider - DEBUG: listening...
2009-05-02 06:52 - RunsProvider - DEBUG: listening...
2009-05-02 07:08 - RunsProvider - DEBUG: listening...
2009-05-02 07:23 - RunsProvider - DEBUG: listening...
2009-05-02 07:38 - RunsProvider - DEBUG: listening...
2009-05-02 07:53 - RunsProvider - DEBUG: listening...
2009-05-02 08:08 - RunsProvider - DEBUG: listening...
2009-05-02 08:24 - RunsProvider - DEBUG: listening...
2009-05-02 08:39 - RunsProvider - DEBUG: listening...
2009-05-02 08:54 - RunsProvider - DEBUG: listening...
2009-05-02 09:09 - RunsProvider - DEBUG: listening...
2009-05-02 09:24 - RunsProvider - DEBUG: listening...
2009-05-02 09:40 - RunsProvider - DEBUG: listening...
2009-05-02 09:55 - RunsProvider - DEBUG: listening...
2009-05-02 10:10 - RunsProvider - DEBUG: listening...
2009-05-02 10:25 - RunsProvider - DEBUG: listening...
2009-05-02 10:40 - RunsProvider - DEBUG: listening...
2009-05-02 10:55 - RunsProvider - DEBUG: listening...
2009-05-02 11:11 - RunsProvider - DEBUG: listening...
2009-05-02 11:26 - RunsProvider - DEBUG: listening...
2009-05-02 11:41 - RunsProvider - DEBUG: listening...
2009-05-02 11:56 - RunsProvider - DEBUG: listening...
2009-05-02 12:11 - RunsProvider - DEBUG: listening...
2009-05-02 12:27 - RunsProvider - DEBUG: listening...
2009-05-02 12:42 - RunsProvider - DEBUG: listening...
2009-05-02 12:57 - RunsProvider - DEBUG: listening...
2009-05-02 13:12 - RunsProvider - DEBUG: listening...
2009-05-02 13:27 - RunsProvider - DEBUG: listening...
2009-05-02 13:43 - RunsProvider - DEBUG: listening...
2009-05-02 13:58 - RunsProvider - DEBUG: listening...
2009-05-02 14:13 - RunsProvider - DEBUG: listening...
2009-05-02 14:28 - RunsProvider - DEBUG: listening...
2009-05-02 14:43 - RunsProvider - DEBUG: listening...
2009-05-02 14:59 - RunsProvider - DEBUG: listening...
2009-05-02 15:14 - RunsProvider - DEBUG: listening...
2009-05-02 15:29 - RunsProvider - DEBUG: listening...
2009-05-02 15:44 - RunsProvider - DEBUG: listening...
2009-05-02 15:59 - RunsProvider - DEBUG: listening...
2009-05-02 16:15 - RunsProvider - DEBUG: listening...
2009-05-02 16:30 - RunsProvider - DEBUG: listening...
2009-05-02 16:45 - RunsProvider - DEBUG: listening...
2009-05-02 17:00 - RunsProvider - DEBUG: listening...
2009-05-02 17:15 - RunsProvider - DEBUG: listening...
2009-05-02 17:31 - RunsProvider - DEBUG: listening...
2009-05-02 17:46 - RunsProvider - DEBUG: listening...
2009-05-02 18:01 - RunsProvider - DEBUG: listening...
2009-05-02 18:16 - RunsProvider - DEBUG: listening...
2009-05-02 18:31 - RunsProvider - DEBUG: listening...
2009-05-02 18:47 - RunsProvider - DEBUG: listening...
2009-05-02 19:02 - RunsProvider - DEBUG: listening...
2009-05-02 19:17 - RunsProvider - DEBUG: listening...
2009-05-02 19:32 - RunsProvider - DEBUG: listening...
2009-05-02 19:47 - RunsProvider - DEBUG: listening...
2009-05-02 20:02 - RunsProvider - DEBUG: listening...
2009-05-02 20:18 - RunsProvider - DEBUG: listening...
2009-05-02 20:33 - RunsProvider - DEBUG: listening...
2009-05-02 20:48 - RunsProvider - DEBUG: listening...
2009-05-02 21:03 - RunsProvider - DEBUG: listening...
2009-05-02 21:18 - RunsProvider - DEBUG: listening...
2009-05-02 21:34 - RunsProvider - DEBUG: listening...
2009-05-02 21:49 - RunsProvider - DEBUG: listening...
2009-05-02 22:04 - RunsProvider - DEBUG: listening...
2009-05-02 22:19 - RunsProvider - DEBUG: listening...
2009-05-02 22:34 - RunsProvider - DEBUG: listening...
2009-05-02 22:50 - RunsProvider - DEBUG: listening...
2009-05-02 23:05 - RunsProvider - DEBUG: listening...
2009-05-02 23:20 - RunsProvider - DEBUG: listening...
2009-05-02 23:35 - RunsProvider - DEBUG: listening...
2009-05-02 23:50 - RunsProvider - DEBUG: listening...
