2009-05-24 00:01 - RunsProvider - INFO: ========================================
2009-05-24 00:01 - RunsProvider - INFO: RunsProvider in init
2009-05-24 00:01 - RunsProvider - INFO: init file RunsProviderConfig.py was found
2009-05-24 00:01 - RunsProvider - INFO: creating run listeners from RunsProviderConfig.py file
2009-05-24 00:01 - RunsProvider - INFO: TileCalibL1Calo added to the list of run listeners
2009-05-24 00:01 - RunsProvider - INFO: L1CaloStandalone added to the list of run listeners
2009-05-24 00:01 - RunsProvider - INFO: LArCalibL1Calo added to the list of run listeners
2009-05-24 00:01 - RunsProvider - INFO: retrieveing Db parameters from RunsProviderConfig.py file
2009-05-24 00:01 - RunsProvider - INFO: RunsProvider initialized
2009-05-24 00:01 - RunsProvider - INFO: ========================================
2009-05-24 00:16 - RunsProvider - DEBUG: listening...
2009-05-24 00:33 - RunsProvider - DEBUG: listening...
2009-05-24 00:48 - RunsProvider - DEBUG: listening...
2009-05-24 01:04 - RunsProvider - DEBUG: listening...
2009-05-24 01:19 - RunsProvider - DEBUG: listening...
2009-05-24 01:34 - RunsProvider - DEBUG: listening...
2009-05-24 01:49 - RunsProvider - DEBUG: listening...
2009-05-24 02:04 - RunsProvider - DEBUG: listening...
2009-05-24 02:20 - RunsProvider - DEBUG: listening...
2009-05-24 02:35 - RunsProvider - DEBUG: listening...
2009-05-24 02:50 - RunsProvider - DEBUG: listening...
2009-05-24 03:05 - RunsProvider - DEBUG: listening...
2009-05-24 03:20 - RunsProvider - DEBUG: listening...
2009-05-24 03:36 - RunsProvider - DEBUG: listening...
2009-05-24 03:51 - RunsProvider - DEBUG: listening...
2009-05-24 04:06 - RunsProvider - DEBUG: listening...
2009-05-24 04:21 - RunsProvider - DEBUG: listening...
2009-05-24 04:37 - RunsProvider - DEBUG: listening...
2009-05-24 04:52 - RunsProvider - DEBUG: listening...
2009-05-24 05:07 - RunsProvider - DEBUG: listening...
2009-05-24 05:22 - RunsProvider - DEBUG: listening...
2009-05-24 05:37 - RunsProvider - DEBUG: listening...
2009-05-24 05:53 - RunsProvider - DEBUG: listening...
2009-05-24 06:08 - RunsProvider - DEBUG: listening...
2009-05-24 06:23 - RunsProvider - DEBUG: listening...
2009-05-24 06:38 - RunsProvider - DEBUG: listening...
2009-05-24 06:53 - RunsProvider - DEBUG: listening...
2009-05-24 07:09 - RunsProvider - DEBUG: listening...
2009-05-24 07:24 - RunsProvider - DEBUG: listening...
2009-05-24 07:39 - RunsProvider - DEBUG: listening...
2009-05-24 07:54 - RunsProvider - DEBUG: listening...
2009-05-24 08:09 - RunsProvider - DEBUG: listening...
2009-05-24 08:25 - RunsProvider - DEBUG: listening...
2009-05-24 08:40 - RunsProvider - DEBUG: listening...
2009-05-24 08:55 - RunsProvider - DEBUG: listening...
2009-05-24 09:10 - RunsProvider - DEBUG: listening...
2009-05-24 09:25 - RunsProvider - DEBUG: listening...
2009-05-24 09:41 - RunsProvider - DEBUG: listening...
2009-05-24 09:56 - RunsProvider - DEBUG: listening...
2009-05-24 10:11 - RunsProvider - DEBUG: listening...
2009-05-24 10:26 - RunsProvider - DEBUG: listening...
2009-05-24 10:41 - RunsProvider - DEBUG: listening...
2009-05-24 10:57 - RunsProvider - DEBUG: listening...
2009-05-24 11:12 - RunsProvider - DEBUG: listening...
2009-05-24 11:27 - RunsProvider - DEBUG: listening...
2009-05-24 11:42 - RunsProvider - DEBUG: listening...
2009-05-24 11:58 - RunsProvider - DEBUG: listening...
2009-05-24 12:13 - RunsProvider - DEBUG: listening...
2009-05-24 12:28 - RunsProvider - DEBUG: listening...
2009-05-24 12:43 - RunsProvider - DEBUG: listening...
2009-05-24 12:58 - RunsProvider - DEBUG: listening...
2009-05-24 13:14 - RunsProvider - DEBUG: listening...
2009-05-24 13:29 - RunsProvider - DEBUG: listening...
2009-05-24 13:44 - RunsProvider - DEBUG: listening...
2009-05-24 13:59 - RunsProvider - DEBUG: listening...
2009-05-24 14:15 - RunsProvider - DEBUG: listening...
2009-05-24 14:30 - RunsProvider - DEBUG: listening...
2009-05-24 14:45 - RunsProvider - DEBUG: listening...
2009-05-24 15:00 - RunsProvider - DEBUG: listening...
2009-05-24 15:16 - RunsProvider - DEBUG: listening...
2009-05-24 15:31 - RunsProvider - DEBUG: listening...
2009-05-24 15:46 - RunsProvider - DEBUG: listening...
2009-05-24 16:01 - RunsProvider - DEBUG: listening...
2009-05-24 16:17 - RunsProvider - DEBUG: listening...
2009-05-24 16:32 - RunsProvider - DEBUG: listening...
2009-05-24 16:47 - RunsProvider - DEBUG: listening...
2009-05-24 17:03 - RunsProvider - DEBUG: listening...
2009-05-24 17:18 - RunsProvider - DEBUG: listening...
2009-05-24 17:33 - RunsProvider - DEBUG: listening...
2009-05-24 17:48 - RunsProvider - DEBUG: listening...
2009-05-24 18:04 - RunsProvider - DEBUG: listening...
2009-05-24 18:19 - RunsProvider - DEBUG: listening...
2009-05-24 18:34 - RunsProvider - DEBUG: listening...
2009-05-24 18:49 - RunsProvider - DEBUG: listening...
2009-05-24 19:05 - RunsProvider - DEBUG: listening...
2009-05-24 19:20 - RunsProvider - DEBUG: listening...
2009-05-24 19:35 - RunsProvider - DEBUG: listening...
2009-05-24 19:50 - RunsProvider - DEBUG: listening...
2009-05-24 20:06 - RunsProvider - DEBUG: listening...
2009-05-24 20:21 - RunsProvider - DEBUG: listening...
2009-05-24 20:36 - RunsProvider - DEBUG: listening...
2009-05-24 20:52 - RunsProvider - DEBUG: listening...
2009-05-24 21:07 - RunsProvider - DEBUG: listening...
2009-05-24 21:22 - RunsProvider - DEBUG: listening...
2009-05-24 21:37 - RunsProvider - DEBUG: listening...
2009-05-24 21:53 - RunsProvider - DEBUG: listening...
2009-05-24 22:08 - RunsProvider - DEBUG: listening...
2009-05-24 22:23 - RunsProvider - DEBUG: listening...
2009-05-24 22:38 - RunsProvider - DEBUG: listening...
2009-05-24 22:54 - RunsProvider - DEBUG: listening...
2009-05-24 23:09 - RunsProvider - DEBUG: listening...
2009-05-24 23:24 - RunsProvider - DEBUG: listening...
2009-05-24 23:40 - RunsProvider - DEBUG: listening...
2009-05-24 23:55 - RunsProvider - DEBUG: listening...
