2009-06-12 00:01 - RunsProvider - INFO: ========================================
2009-06-12 00:01 - RunsProvider - INFO: RunsProvider in init
2009-06-12 00:01 - RunsProvider - INFO: init file RunsProviderConfig.py was found
2009-06-12 00:01 - RunsProvider - INFO: creating run listeners from RunsProviderConfig.py file
2009-06-12 00:01 - RunsProvider - INFO: TileCalibL1Calo added to the list of run listeners
2009-06-12 00:01 - RunsProvider - INFO: L1CaloStandalone added to the list of run listeners
2009-06-12 00:01 - RunsProvider - INFO: LArCalibL1Calo added to the list of run listeners
2009-06-12 00:01 - RunsProvider - INFO: retrieveing Db parameters from RunsProviderConfig.py file
2009-06-12 00:01 - RunsProvider - INFO: RunsProvider initialized
2009-06-12 00:01 - RunsProvider - INFO: ========================================
2009-06-12 00:16 - RunsProvider - DEBUG: listening...
2009-06-12 00:34 - RunsProvider - DEBUG: listening...
2009-06-12 00:50 - RunsProvider - DEBUG: listening...
2009-06-12 01:06 - RunsProvider - DEBUG: listening...
2009-06-12 01:22 - RunsProvider - DEBUG: listening...
2009-06-12 01:37 - RunsProvider - DEBUG: listening...
2009-06-12 01:53 - RunsProvider - DEBUG: listening...
2009-06-12 02:08 - RunsProvider - DEBUG: listening...
2009-06-12 02:24 - RunsProvider - DEBUG: listening...
2009-06-12 02:39 - RunsProvider - DEBUG: listening...
2009-06-12 02:55 - RunsProvider - DEBUG: listening...
2009-06-12 03:10 - RunsProvider - DEBUG: listening...
2009-06-12 03:26 - RunsProvider - DEBUG: listening...
2009-06-12 03:42 - RunsProvider - DEBUG: listening...
2009-06-12 03:57 - RunsProvider - DEBUG: listening...
2009-06-12 04:13 - RunsProvider - DEBUG: listening...
2009-06-12 04:28 - RunsProvider - DEBUG: listening...
2009-06-12 04:44 - RunsProvider - DEBUG: listening...
2009-06-12 04:59 - RunsProvider - DEBUG: listening...
2009-06-12 05:15 - RunsProvider - DEBUG: listening...
2009-06-12 05:30 - RunsProvider - DEBUG: listening...
2009-06-12 05:46 - RunsProvider - DEBUG: listening...
2009-06-12 06:01 - RunsProvider - DEBUG: listening...
2009-06-12 06:17 - RunsProvider - DEBUG: listening...
2009-06-12 06:33 - RunsProvider - DEBUG: listening...
2009-06-12 06:48 - RunsProvider - DEBUG: listening...
2009-06-12 07:04 - RunsProvider - DEBUG: listening...
2009-06-12 07:19 - RunsProvider - DEBUG: listening...
