2009-04-07 00:01 - RunsProvider - INFO: ========================================
2009-04-07 00:01 - RunsProvider - INFO: RunsProvider in init
2009-04-07 00:01 - RunsProvider - INFO: init file RunsProviderConfig.py was found
2009-04-07 00:01 - RunsProvider - INFO: creating run listeners from RunsProviderConfig.py file
2009-04-07 00:01 - RunsProvider - INFO: TileCalibL1Calo added to the list of run listeners
2009-04-07 00:01 - RunsProvider - INFO: L1CaloStandalone added to the list of run listeners
2009-04-07 00:01 - RunsProvider - INFO: LArCalibL1Calo added to the list of run listeners
2009-04-07 00:01 - RunsProvider - INFO: retrieveing Db parameters from RunsProviderConfig.py file
2009-04-07 00:01 - RunsProvider - INFO: RunsProvider initialized
2009-04-07 00:01 - RunsProvider - INFO: ========================================
2009-04-07 00:11 - RunsProvider - DEBUG: listening...
2009-04-07 00:22 - RunsProvider - DEBUG: listening...
2009-04-07 00:32 - RunsProvider - DEBUG: listening...
2009-04-07 00:42 - RunsProvider - DEBUG: listening...
2009-04-07 00:52 - RunsProvider - DEBUG: listening...
2009-04-07 01:03 - RunsProvider - DEBUG: listening...
2009-04-07 01:13 - RunsProvider - DEBUG: listening...
2009-04-07 01:23 - RunsProvider - DEBUG: listening...
2009-04-07 01:33 - RunsProvider - DEBUG: listening...
2009-04-07 01:43 - RunsProvider - DEBUG: listening...
2009-04-07 01:53 - RunsProvider - DEBUG: listening...
2009-04-07 02:03 - RunsProvider - DEBUG: listening...
2009-04-07 02:14 - RunsProvider - DEBUG: listening...
2009-04-07 02:24 - RunsProvider - DEBUG: listening...
2009-04-07 02:34 - RunsProvider - DEBUG: listening...
2009-04-07 02:44 - RunsProvider - DEBUG: listening...
2009-04-07 02:54 - RunsProvider - DEBUG: listening...
2009-04-07 03:04 - RunsProvider - DEBUG: listening...
2009-04-07 03:15 - RunsProvider - DEBUG: listening...
2009-04-07 03:25 - RunsProvider - DEBUG: listening...
2009-04-07 03:35 - RunsProvider - DEBUG: listening...
2009-04-07 03:45 - RunsProvider - DEBUG: listening...
2009-04-07 03:55 - RunsProvider - DEBUG: listening...
2009-04-07 04:05 - RunsProvider - DEBUG: listening...
2009-04-07 04:15 - RunsProvider - DEBUG: listening...
2009-04-07 04:26 - RunsProvider - DEBUG: listening...
2009-04-07 04:36 - RunsProvider - DEBUG: listening...
2009-04-07 04:46 - RunsProvider - DEBUG: listening...
2009-04-07 04:56 - RunsProvider - DEBUG: listening...
2009-04-07 05:06 - RunsProvider - DEBUG: listening...
2009-04-07 05:16 - RunsProvider - DEBUG: listening...
2009-04-07 05:27 - RunsProvider - DEBUG: listening...
2009-04-07 05:37 - RunsProvider - DEBUG: listening...
2009-04-07 05:47 - RunsProvider - DEBUG: listening...
2009-04-07 05:57 - RunsProvider - DEBUG: listening...
2009-04-07 06:07 - RunsProvider - DEBUG: listening...
2009-04-07 06:17 - RunsProvider - DEBUG: listening...
2009-04-07 06:27 - RunsProvider - DEBUG: listening...
2009-04-07 06:38 - RunsProvider - DEBUG: listening...
2009-04-07 06:48 - RunsProvider - DEBUG: listening...
2009-04-07 06:58 - RunsProvider - DEBUG: listening...
2009-04-07 07:08 - RunsProvider - DEBUG: listening...
2009-04-07 07:18 - RunsProvider - DEBUG: listening...
2009-04-07 07:28 - RunsProvider - DEBUG: listening...
2009-04-07 07:39 - RunsProvider - DEBUG: listening...
2009-04-07 07:49 - RunsProvider - DEBUG: listening...
2009-04-07 07:59 - RunsProvider - DEBUG: listening...
2009-04-07 08:09 - RunsProvider - DEBUG: listening...
2009-04-07 08:19 - RunsProvider - DEBUG: listening...
2009-04-07 08:29 - RunsProvider - DEBUG: listening...
2009-04-07 08:39 - RunsProvider - DEBUG: listening...
2009-04-07 08:50 - RunsProvider - DEBUG: listening...
2009-04-07 09:00 - RunsProvider - DEBUG: listening...
2009-04-07 09:10 - RunsProvider - DEBUG: listening...
2009-04-07 09:20 - RunsProvider - DEBUG: listening...
2009-04-07 09:30 - RunsProvider - DEBUG: listening...
2009-04-07 09:41 - RunsProvider - DEBUG: listening...
2009-04-07 09:51 - RunsProvider - DEBUG: listening...
2009-04-07 10:01 - RunsProvider - DEBUG: listening...
2009-04-07 10:11 - RunsProvider - DEBUG: listening...
2009-04-07 10:21 - RunsProvider - DEBUG: listening...
2009-04-07 10:31 - RunsProvider - DEBUG: listening...
2009-04-07 10:42 - RunsProvider - DEBUG: listening...
2009-04-07 10:52 - RunsProvider - DEBUG: listening...
2009-04-07 11:02 - RunsProvider - DEBUG: listening...
2009-04-07 11:12 - RunsProvider - DEBUG: listening...
2009-04-07 11:22 - RunsProvider - DEBUG: listening...
2009-04-07 11:32 - RunsProvider - DEBUG: listening...
2009-04-07 11:43 - RunsProvider - DEBUG: listening...
2009-04-07 11:53 - RunsProvider - DEBUG: listening...
2009-04-07 12:03 - RunsProvider - DEBUG: listening...
2009-04-07 12:13 - RunsProvider - DEBUG: listening...
2009-04-07 12:23 - RunsProvider - DEBUG: listening...
2009-04-07 12:34 - RunsProvider - DEBUG: listening...
2009-04-07 12:44 - RunsProvider - DEBUG: listening...
2009-04-07 12:54 - RunsProvider - DEBUG: listening...
2009-04-07 13:04 - RunsProvider - DEBUG: listening...
2009-04-07 13:14 - RunsProvider - DEBUG: listening...
2009-04-07 13:24 - RunsProvider - DEBUG: listening...
2009-04-07 13:35 - RunsProvider - DEBUG: listening...
2009-04-07 13:45 - RunsProvider - DEBUG: listening...
2009-04-07 13:55 - RunsProvider - DEBUG: listening...
2009-04-07 14:05 - RunsProvider - DEBUG: listening...
2009-04-07 14:15 - RunsProvider - DEBUG: listening...
2009-04-07 14:26 - RunsProvider - DEBUG: listening...
2009-04-07 14:36 - RunsProvider - DEBUG: listening...
2009-04-07 14:46 - RunsProvider - DEBUG: listening...
2009-04-07 15:00 - RunsProvider - DEBUG: listening...
2009-04-07 15:11 - RunsProvider - DEBUG: listening...
2009-04-07 15:21 - RunsProvider - DEBUG: listening...
2009-04-07 15:31 - RunsProvider - DEBUG: listening...
2009-04-07 15:42 - RunsProvider - DEBUG: listening...
2009-04-07 15:52 - RunsProvider - DEBUG: listening...
2009-04-07 16:03 - RunsProvider - DEBUG: listening...
2009-04-07 16:13 - RunsProvider - DEBUG: listening...
2009-04-07 16:24 - RunsProvider - DEBUG: listening...
2009-04-07 16:34 - RunsProvider - DEBUG: listening...
2009-04-07 16:44 - RunsProvider - DEBUG: listening...
2009-04-07 16:54 - RunsProvider - DEBUG: listening...
2009-04-07 17:04 - RunsProvider - DEBUG: listening...
2009-04-07 17:15 - RunsProvider - DEBUG: listening...
2009-04-07 17:25 - RunsProvider - DEBUG: listening...
2009-04-07 17:35 - RunsProvider - DEBUG: listening...
2009-04-07 17:45 - RunsProvider - DEBUG: listening...
2009-04-07 17:55 - RunsProvider - DEBUG: listening...
2009-04-07 18:06 - RunsProvider - DEBUG: listening...
2009-04-07 18:16 - RunsProvider - DEBUG: listening...
2009-04-07 18:26 - RunsProvider - DEBUG: listening...
2009-04-07 18:36 - RunsProvider - DEBUG: listening...
2009-04-07 18:46 - RunsProvider - DEBUG: listening...
2009-04-07 18:57 - RunsProvider - DEBUG: listening...
2009-04-07 19:07 - RunsProvider - DEBUG: listening...
2009-04-07 19:17 - RunsProvider - DEBUG: listening...
2009-04-07 19:27 - RunsProvider - DEBUG: listening...
2009-04-07 19:37 - RunsProvider - DEBUG: listening...
2009-04-07 19:48 - RunsProvider - DEBUG: listening...
2009-04-07 19:58 - RunsProvider - DEBUG: listening...
2009-04-07 20:08 - RunsProvider - DEBUG: listening...
2009-04-07 20:18 - RunsProvider - DEBUG: listening...
2009-04-07 20:28 - RunsProvider - DEBUG: listening...
2009-04-07 20:39 - RunsProvider - DEBUG: listening...
2009-04-07 20:49 - RunsProvider - DEBUG: listening...
2009-04-07 20:59 - RunsProvider - DEBUG: listening...
2009-04-07 21:09 - RunsProvider - DEBUG: listening...
2009-04-07 21:19 - RunsProvider - DEBUG: listening...
2009-04-07 21:30 - RunsProvider - DEBUG: listening...
2009-04-07 21:40 - RunsProvider - DEBUG: listening...
2009-04-07 21:50 - RunsProvider - DEBUG: listening...
2009-04-07 22:00 - RunsProvider - DEBUG: listening...
2009-04-07 22:10 - RunsProvider - DEBUG: listening...
2009-04-07 22:20 - RunsProvider - DEBUG: listening...
2009-04-07 22:31 - RunsProvider - DEBUG: listening...
2009-04-07 22:41 - RunsProvider - DEBUG: listening...
2009-04-07 22:51 - RunsProvider - DEBUG: listening...
2009-04-07 23:01 - RunsProvider - DEBUG: listening...
2009-04-07 23:12 - RunsProvider - DEBUG: listening...
2009-04-07 23:22 - RunsProvider - DEBUG: listening...
2009-04-07 23:32 - RunsProvider - DEBUG: listening...
2009-04-07 23:42 - RunsProvider - DEBUG: listening...
2009-04-07 23:52 - RunsProvider - DEBUG: listening...
