2009-03-31 00:00 - RunsProvider - INFO: ========================================
2009-03-31 00:00 - RunsProvider - INFO: RunsProvider in init
2009-03-31 00:00 - RunsProvider - INFO: init file RunsProviderConfig.py was found
2009-03-31 00:00 - RunsProvider - INFO: creating run listeners from RunsProviderConfig.py file
2009-03-31 00:00 - RunsProvider - INFO: TileCalibL1Calo added to the list of run listeners
2009-03-31 00:00 - RunsProvider - INFO: L1CaloStandalone added to the list of run listeners
2009-03-31 00:00 - RunsProvider - INFO: LArCalibL1Calo added to the list of run listeners
2009-03-31 00:00 - RunsProvider - INFO: retrieveing Db parameters from RunsProviderConfig.py file
2009-03-31 00:00 - RunsProvider - INFO: RunsProvider initialized
2009-03-31 00:00 - RunsProvider - INFO: ========================================
2009-03-31 00:05 - RunsProvider - DEBUG: listening...
2009-03-31 00:14 - RunsProvider - DEBUG: listening...
2009-03-31 00:19 - RunsProvider - DEBUG: listening...
2009-03-31 00:24 - RunsProvider - DEBUG: listening...
2009-03-31 00:30 - RunsProvider - DEBUG: listening...
2009-03-31 00:36 - RunsProvider - DEBUG: listening...
2009-03-31 00:41 - RunsProvider - DEBUG: listening...
2009-03-31 00:46 - RunsProvider - DEBUG: listening...
2009-03-31 00:52 - RunsProvider - DEBUG: listening...
2009-03-31 00:58 - RunsProvider - DEBUG: listening...
2009-03-31 01:03 - RunsProvider - DEBUG: listening...
2009-03-31 01:08 - RunsProvider - DEBUG: listening...
2009-03-31 01:13 - RunsProvider - DEBUG: listening...
2009-03-31 01:19 - RunsProvider - DEBUG: listening...
2009-03-31 01:24 - RunsProvider - DEBUG: listening...
2009-03-31 01:29 - RunsProvider - DEBUG: listening...
2009-03-31 01:35 - RunsProvider - DEBUG: listening...
2009-03-31 01:40 - RunsProvider - DEBUG: listening...
2009-03-31 01:45 - RunsProvider - DEBUG: listening...
2009-03-31 01:50 - RunsProvider - DEBUG: listening...
2009-03-31 01:55 - RunsProvider - DEBUG: listening...
2009-03-31 02:01 - RunsProvider - DEBUG: listening...
2009-03-31 02:06 - RunsProvider - DEBUG: listening...
2009-03-31 02:11 - RunsProvider - DEBUG: listening...
2009-03-31 02:16 - RunsProvider - DEBUG: listening...
2009-03-31 02:22 - RunsProvider - DEBUG: listening...
2009-03-31 02:27 - RunsProvider - DEBUG: listening...
2009-03-31 02:32 - RunsProvider - DEBUG: listening...
2009-03-31 02:37 - RunsProvider - DEBUG: listening...
2009-03-31 02:42 - RunsProvider - DEBUG: listening...
2009-03-31 02:48 - RunsProvider - DEBUG: listening...
2009-03-31 02:53 - RunsProvider - DEBUG: listening...
2009-03-31 02:58 - RunsProvider - DEBUG: listening...
2009-03-31 03:03 - RunsProvider - DEBUG: listening...
2009-03-31 03:09 - RunsProvider - DEBUG: listening...
2009-03-31 03:14 - RunsProvider - DEBUG: listening...
2009-03-31 03:19 - RunsProvider - DEBUG: listening...
2009-03-31 03:24 - RunsProvider - DEBUG: listening...
2009-03-31 03:29 - RunsProvider - DEBUG: listening...
2009-03-31 03:35 - RunsProvider - DEBUG: listening...
2009-03-31 03:40 - RunsProvider - DEBUG: listening...
2009-03-31 03:45 - RunsProvider - DEBUG: listening...
2009-03-31 03:50 - RunsProvider - DEBUG: listening...
2009-03-31 03:56 - RunsProvider - DEBUG: listening...
2009-03-31 04:01 - RunsProvider - DEBUG: listening...
2009-03-31 04:06 - RunsProvider - DEBUG: listening...
2009-03-31 04:11 - RunsProvider - DEBUG: listening...
2009-03-31 04:16 - RunsProvider - DEBUG: listening...
2009-03-31 04:22 - RunsProvider - DEBUG: listening...
2009-03-31 04:27 - RunsProvider - DEBUG: listening...
2009-03-31 04:32 - RunsProvider - DEBUG: listening...
2009-03-31 04:37 - RunsProvider - DEBUG: listening...
2009-03-31 04:43 - RunsProvider - DEBUG: listening...
2009-03-31 04:48 - RunsProvider - DEBUG: listening...
2009-03-31 04:53 - RunsProvider - DEBUG: listening...
2009-03-31 04:58 - RunsProvider - DEBUG: listening...
2009-03-31 05:03 - RunsProvider - DEBUG: listening...
2009-03-31 05:09 - RunsProvider - DEBUG: listening...
2009-03-31 05:14 - RunsProvider - DEBUG: listening...
2009-03-31 05:19 - RunsProvider - DEBUG: listening...
2009-03-31 05:24 - RunsProvider - DEBUG: listening...
2009-03-31 05:30 - RunsProvider - DEBUG: listening...
2009-03-31 05:35 - RunsProvider - DEBUG: listening...
2009-03-31 05:40 - RunsProvider - DEBUG: listening...
2009-03-31 05:45 - RunsProvider - DEBUG: listening...
2009-03-31 05:50 - RunsProvider - DEBUG: listening...
2009-03-31 05:56 - RunsProvider - DEBUG: listening...
2009-03-31 06:01 - RunsProvider - DEBUG: listening...
2009-03-31 06:06 - RunsProvider - DEBUG: listening...
2009-03-31 06:11 - RunsProvider - DEBUG: listening...
2009-03-31 06:17 - RunsProvider - DEBUG: listening...
2009-03-31 06:22 - RunsProvider - DEBUG: listening...
2009-03-31 06:27 - RunsProvider - DEBUG: listening...
2009-03-31 06:32 - RunsProvider - DEBUG: listening...
2009-03-31 06:37 - RunsProvider - DEBUG: listening...
2009-03-31 06:43 - RunsProvider - DEBUG: listening...
2009-03-31 06:48 - RunsProvider - DEBUG: listening...
2009-03-31 06:53 - RunsProvider - DEBUG: listening...
2009-03-31 06:58 - RunsProvider - DEBUG: listening...
2009-03-31 07:04 - RunsProvider - DEBUG: listening...
2009-03-31 07:09 - RunsProvider - DEBUG: listening...
2009-03-31 07:14 - RunsProvider - DEBUG: listening...
2009-03-31 07:19 - RunsProvider - DEBUG: listening...
2009-03-31 07:24 - RunsProvider - DEBUG: listening...
2009-03-31 07:30 - RunsProvider - DEBUG: listening...
2009-03-31 07:35 - RunsProvider - DEBUG: listening...
2009-03-31 07:40 - RunsProvider - DEBUG: listening...
2009-03-31 07:45 - RunsProvider - DEBUG: listening...
2009-03-31 07:51 - RunsProvider - DEBUG: listening...
2009-03-31 07:56 - RunsProvider - DEBUG: listening...
