2009-05-05 00:01 - RunsProvider - INFO: ========================================
2009-05-05 00:01 - RunsProvider - INFO: RunsProvider in init
2009-05-05 00:01 - RunsProvider - INFO: init file RunsProviderConfig.py was found
2009-05-05 00:01 - RunsProvider - INFO: creating run listeners from RunsProviderConfig.py file
2009-05-05 00:01 - RunsProvider - INFO: TileCalibL1Calo added to the list of run listeners
2009-05-05 00:01 - RunsProvider - INFO: L1CaloStandalone added to the list of run listeners
2009-05-05 00:01 - RunsProvider - INFO: LArCalibL1Calo added to the list of run listeners
2009-05-05 00:02 - RunsProvider - INFO: retrieveing Db parameters from RunsProviderConfig.py file
2009-05-05 00:02 - RunsProvider - INFO: RunsProvider initialized
2009-05-05 00:02 - RunsProvider - INFO: ========================================
2009-05-05 00:17 - RunsProvider - DEBUG: listening...
2009-05-05 00:33 - RunsProvider - DEBUG: listening...
2009-05-05 00:48 - RunsProvider - DEBUG: listening...
2009-05-05 01:03 - RunsProvider - DEBUG: listening...
2009-05-05 01:18 - RunsProvider - DEBUG: listening...
2009-05-05 01:33 - RunsProvider - DEBUG: listening...
2009-05-05 01:49 - RunsProvider - DEBUG: listening...
2009-05-05 02:04 - RunsProvider - DEBUG: listening...
2009-05-05 02:19 - RunsProvider - DEBUG: listening...
2009-05-05 02:34 - RunsProvider - DEBUG: listening...
2009-05-05 02:49 - RunsProvider - DEBUG: listening...
2009-05-05 03:05 - RunsProvider - DEBUG: listening...
2009-05-05 03:20 - RunsProvider - DEBUG: listening...
2009-05-05 03:35 - RunsProvider - DEBUG: listening...
2009-05-05 03:50 - RunsProvider - DEBUG: listening...
2009-05-05 04:05 - RunsProvider - DEBUG: listening...
2009-05-05 04:21 - RunsProvider - DEBUG: listening...
2009-05-05 04:36 - RunsProvider - DEBUG: listening...
2009-05-05 04:51 - RunsProvider - DEBUG: listening...
2009-05-05 05:06 - RunsProvider - DEBUG: listening...
2009-05-05 05:21 - RunsProvider - DEBUG: listening...
2009-05-05 05:37 - RunsProvider - DEBUG: listening...
2009-05-05 05:52 - RunsProvider - DEBUG: listening...
2009-05-05 06:07 - RunsProvider - DEBUG: listening...
2009-05-05 06:22 - RunsProvider - DEBUG: listening...
2009-05-05 06:37 - RunsProvider - DEBUG: listening...
2009-05-05 06:52 - RunsProvider - DEBUG: listening...
2009-05-05 07:08 - RunsProvider - DEBUG: listening...
2009-05-05 07:23 - RunsProvider - DEBUG: listening...
2009-05-05 07:38 - RunsProvider - DEBUG: listening...
2009-05-05 07:53 - RunsProvider - DEBUG: listening...
2009-05-05 08:08 - RunsProvider - DEBUG: listening...
2009-05-05 08:24 - RunsProvider - DEBUG: listening...
2009-05-05 08:39 - RunsProvider - DEBUG: listening...
2009-05-05 08:54 - RunsProvider - DEBUG: listening...
2009-05-05 09:09 - RunsProvider - DEBUG: listening...
2009-05-05 09:24 - RunsProvider - DEBUG: listening...
2009-05-05 09:39 - RunsProvider - DEBUG: listening...
2009-05-05 09:55 - RunsProvider - DEBUG: listening...
2009-05-05 10:10 - RunsProvider - DEBUG: listening...
2009-05-05 10:25 - RunsProvider - DEBUG: listening...
2009-05-05 10:40 - RunsProvider - DEBUG: listening...
2009-05-05 10:55 - RunsProvider - DEBUG: listening...
2009-05-05 11:11 - RunsProvider - DEBUG: listening...
2009-05-05 11:26 - RunsProvider - DEBUG: listening...
2009-05-05 11:41 - RunsProvider - DEBUG: listening...
2009-05-05 11:56 - RunsProvider - DEBUG: listening...
2009-05-05 12:12 - RunsProvider - DEBUG: listening...
2009-05-05 12:27 - RunsProvider - DEBUG: listening...
2009-05-05 12:42 - RunsProvider - DEBUG: listening...
2009-05-05 12:58 - RunsProvider - DEBUG: listening...
2009-05-05 13:13 - RunsProvider - DEBUG: listening...
2009-05-05 13:28 - RunsProvider - DEBUG: listening...
2009-05-05 13:43 - RunsProvider - DEBUG: listening...
2009-05-05 13:59 - RunsProvider - DEBUG: listening...
2009-05-05 14:14 - RunsProvider - DEBUG: listening...
2009-05-05 14:29 - RunsProvider - DEBUG: listening...
2009-05-05 14:44 - RunsProvider - DEBUG: listening...
2009-05-05 15:00 - RunsProvider - DEBUG: listening...
2009-05-05 15:15 - RunsProvider - DEBUG: listening...
2009-05-05 15:30 - RunsProvider - DEBUG: listening...
2009-05-05 15:45 - RunsProvider - DEBUG: listening...
2009-05-05 16:01 - RunsProvider - DEBUG: listening...
2009-05-05 16:16 - RunsProvider - DEBUG: listening...
2009-05-05 16:31 - RunsProvider - DEBUG: listening...
2009-05-05 16:47 - RunsProvider - DEBUG: listening...
2009-05-05 17:02 - RunsProvider - DEBUG: listening...
2009-05-05 17:17 - RunsProvider - DEBUG: listening...
2009-05-05 17:33 - RunsProvider - DEBUG: listening...
2009-05-05 17:48 - RunsProvider - DEBUG: listening...
2009-05-05 18:04 - RunsProvider - DEBUG: listening...
2009-05-05 18:19 - RunsProvider - DEBUG: listening...
2009-05-05 18:34 - RunsProvider - DEBUG: listening...
2009-05-05 18:50 - RunsProvider - DEBUG: listening...
2009-05-05 19:05 - RunsProvider - DEBUG: listening...
2009-05-05 19:20 - RunsProvider - DEBUG: listening...
2009-05-05 19:36 - RunsProvider - DEBUG: listening...
2009-05-05 19:51 - RunsProvider - DEBUG: listening...
2009-05-05 20:06 - RunsProvider - DEBUG: listening...
2009-05-05 20:21 - RunsProvider - DEBUG: listening...
2009-05-05 20:36 - RunsProvider - DEBUG: listening...
2009-05-05 20:52 - RunsProvider - DEBUG: listening...
2009-05-05 21:07 - RunsProvider - DEBUG: listening...
2009-05-05 21:22 - RunsProvider - DEBUG: listening...
2009-05-05 21:37 - RunsProvider - DEBUG: listening...
2009-05-05 21:53 - RunsProvider - DEBUG: listening...
2009-05-05 22:08 - RunsProvider - DEBUG: listening...
2009-05-05 22:23 - RunsProvider - DEBUG: listening...
2009-05-05 22:38 - RunsProvider - DEBUG: listening...
2009-05-05 22:53 - RunsProvider - DEBUG: listening...
2009-05-05 23:09 - RunsProvider - DEBUG: listening...
2009-05-05 23:24 - RunsProvider - DEBUG: listening...
2009-05-05 23:39 - RunsProvider - DEBUG: listening...
2009-05-05 23:54 - RunsProvider - DEBUG: listening...
