2009-03-13 00:01 - RunsProvider - INFO: ========================================
2009-03-13 00:01 - RunsProvider - INFO: RunsProvider in init
2009-03-13 00:01 - RunsProvider - INFO: init file RunsProviderConfig.py was found
2009-03-13 00:01 - RunsProvider - INFO: creating run listeners from RunsProviderConfig.py file
2009-03-13 00:01 - RunsProvider - INFO: TileCalibL1Calo added to the list of run listeners
2009-03-13 00:01 - RunsProvider - INFO: L1CaloStandalone added to the list of run listeners
2009-03-13 00:01 - RunsProvider - INFO: LArCalibL1Calo added to the list of run listeners
2009-03-13 00:01 - RunsProvider - INFO: retrieveing Db parameters from RunsProviderConfig.py file
2009-03-13 00:01 - RunsProvider - INFO: RunsProvider initialized
2009-03-13 00:01 - RunsProvider - INFO: ========================================
2009-03-13 00:06 - RunsProvider - DEBUG: listening...
2009-03-13 00:14 - RunsProvider - DEBUG: listening...
2009-03-13 00:19 - RunsProvider - DEBUG: listening...
2009-03-13 00:25 - RunsProvider - DEBUG: listening...
2009-03-13 00:30 - RunsProvider - DEBUG: listening...
2009-03-13 00:35 - RunsProvider - DEBUG: listening...
2009-03-13 00:40 - RunsProvider - DEBUG: listening...
2009-03-13 00:45 - RunsProvider - DEBUG: listening...
2009-03-13 00:50 - RunsProvider - DEBUG: listening...
2009-03-13 00:55 - RunsProvider - DEBUG: listening...
2009-03-13 01:01 - RunsProvider - DEBUG: listening...
2009-03-13 01:06 - RunsProvider - DEBUG: listening...
2009-03-13 01:11 - RunsProvider - DEBUG: listening...
2009-03-13 01:16 - RunsProvider - DEBUG: listening...
2009-03-13 01:21 - RunsProvider - DEBUG: listening...
2009-03-13 01:26 - RunsProvider - DEBUG: listening...
2009-03-13 01:31 - RunsProvider - DEBUG: listening...
2009-03-13 01:37 - RunsProvider - DEBUG: listening...
2009-03-13 01:42 - RunsProvider - DEBUG: listening...
2009-03-13 01:47 - RunsProvider - DEBUG: listening...
2009-03-13 01:52 - RunsProvider - DEBUG: listening...
2009-03-13 01:57 - RunsProvider - DEBUG: listening...
2009-03-13 02:02 - RunsProvider - DEBUG: listening...
2009-03-13 02:07 - RunsProvider - DEBUG: listening...
2009-03-13 02:12 - RunsProvider - DEBUG: listening...
2009-03-13 02:18 - RunsProvider - DEBUG: listening...
2009-03-13 02:23 - RunsProvider - DEBUG: listening...
2009-03-13 02:28 - RunsProvider - DEBUG: listening...
2009-03-13 02:33 - RunsProvider - DEBUG: listening...
2009-03-13 02:38 - RunsProvider - DEBUG: listening...
2009-03-13 02:43 - RunsProvider - DEBUG: listening...
2009-03-13 02:48 - RunsProvider - DEBUG: listening...
2009-03-13 02:54 - RunsProvider - DEBUG: listening...
2009-03-13 02:59 - RunsProvider - DEBUG: listening...
2009-03-13 03:04 - RunsProvider - DEBUG: listening...
2009-03-13 03:09 - RunsProvider - DEBUG: listening...
2009-03-13 03:14 - RunsProvider - DEBUG: listening...
2009-03-13 03:19 - RunsProvider - DEBUG: listening...
2009-03-13 03:24 - RunsProvider - DEBUG: listening...
2009-03-13 03:29 - RunsProvider - DEBUG: listening...
2009-03-13 03:35 - RunsProvider - DEBUG: listening...
2009-03-13 03:40 - RunsProvider - DEBUG: listening...
2009-03-13 03:45 - RunsProvider - DEBUG: listening...
2009-03-13 03:50 - RunsProvider - DEBUG: listening...
2009-03-13 03:55 - RunsProvider - DEBUG: listening...
2009-03-13 04:00 - RunsProvider - DEBUG: listening...
2009-03-13 04:05 - RunsProvider - DEBUG: listening...
2009-03-13 04:11 - RunsProvider - DEBUG: listening...
2009-03-13 04:16 - RunsProvider - DEBUG: listening...
2009-03-13 04:21 - RunsProvider - DEBUG: listening...
2009-03-13 04:26 - RunsProvider - DEBUG: listening...
2009-03-13 04:31 - RunsProvider - DEBUG: listening...
2009-03-13 04:36 - RunsProvider - DEBUG: listening...
2009-03-13 04:41 - RunsProvider - DEBUG: listening...
2009-03-13 04:47 - RunsProvider - DEBUG: listening...
2009-03-13 04:52 - RunsProvider - DEBUG: listening...
2009-03-13 04:57 - RunsProvider - DEBUG: listening...
2009-03-13 05:02 - RunsProvider - DEBUG: listening...
2009-03-13 05:07 - RunsProvider - DEBUG: listening...
2009-03-13 05:12 - RunsProvider - DEBUG: listening...
2009-03-13 05:17 - RunsProvider - DEBUG: listening...
2009-03-13 05:22 - RunsProvider - DEBUG: listening...
2009-03-13 05:28 - RunsProvider - DEBUG: listening...
2009-03-13 05:33 - RunsProvider - DEBUG: listening...
2009-03-13 05:38 - RunsProvider - DEBUG: listening...
2009-03-13 05:43 - RunsProvider - DEBUG: listening...
2009-03-13 05:48 - RunsProvider - DEBUG: listening...
2009-03-13 05:53 - RunsProvider - DEBUG: listening...
2009-03-13 05:58 - RunsProvider - DEBUG: listening...
2009-03-13 06:04 - RunsProvider - DEBUG: listening...
2009-03-13 06:09 - RunsProvider - DEBUG: listening...
2009-03-13 06:14 - RunsProvider - DEBUG: listening...
2009-03-13 06:19 - RunsProvider - DEBUG: listening...
2009-03-13 06:24 - RunsProvider - DEBUG: listening...
2009-03-13 06:29 - RunsProvider - DEBUG: listening...
2009-03-13 06:34 - RunsProvider - DEBUG: listening...
2009-03-13 06:39 - RunsProvider - DEBUG: listening...
2009-03-13 06:45 - RunsProvider - DEBUG: listening...
2009-03-13 06:50 - RunsProvider - DEBUG: listening...
2009-03-13 06:55 - RunsProvider - DEBUG: listening...
2009-03-13 07:00 - RunsProvider - DEBUG: listening...
2009-03-13 07:05 - RunsProvider - DEBUG: listening...
2009-03-13 07:10 - RunsProvider - DEBUG: listening...
2009-03-13 07:15 - RunsProvider - DEBUG: listening...
2009-03-13 07:21 - RunsProvider - DEBUG: listening...
2009-03-13 07:26 - RunsProvider - DEBUG: listening...
2009-03-13 07:31 - RunsProvider - DEBUG: listening...
2009-03-13 07:36 - RunsProvider - DEBUG: listening...
2009-03-13 07:41 - RunsProvider - DEBUG: listening...
2009-03-13 07:46 - RunsProvider - DEBUG: listening...
2009-03-13 07:51 - RunsProvider - DEBUG: listening...
2009-03-13 07:56 - RunsProvider - DEBUG: listening...
2009-03-13 08:02 - RunsProvider - DEBUG: listening...
2009-03-13 08:07 - RunsProvider - DEBUG: listening...
2009-03-13 08:12 - RunsProvider - DEBUG: listening...
2009-03-13 08:17 - RunsProvider - DEBUG: listening...
2009-03-13 08:22 - RunsProvider - DEBUG: listening...
2009-03-13 08:27 - RunsProvider - DEBUG: listening...
2009-03-13 08:32 - RunsProvider - DEBUG: listening...
2009-03-13 08:38 - RunsProvider - DEBUG: listening...
2009-03-13 08:43 - RunsProvider - DEBUG: listening...
2009-03-13 08:48 - RunsProvider - DEBUG: listening...
2009-03-13 08:53 - RunsProvider - DEBUG: listening...
2009-03-13 08:58 - RunsProvider - DEBUG: listening...
2009-03-13 09:03 - RunsProvider - DEBUG: listening...
2009-03-13 09:08 - RunsProvider - DEBUG: listening...
2009-03-13 09:13 - RunsProvider - DEBUG: listening...
2009-03-13 09:19 - RunsProvider - DEBUG: listening...
2009-03-13 09:24 - RunsProvider - DEBUG: listening...
2009-03-13 09:29 - RunsProvider - DEBUG: listening...
2009-03-13 09:34 - RunsProvider - DEBUG: listening...
2009-03-13 09:39 - RunsProvider - DEBUG: listening...
2009-03-13 09:44 - RunsProvider - DEBUG: listening...
2009-03-13 09:49 - RunsProvider - DEBUG: listening...
2009-03-13 09:55 - RunsProvider - DEBUG: listening...
2009-03-13 10:00 - RunsProvider - DEBUG: listening...
2009-03-13 10:05 - RunsProvider - DEBUG: listening...
2009-03-13 10:10 - RunsProvider - DEBUG: listening...
2009-03-13 10:15 - RunsProvider - DEBUG: listening...
2009-03-13 10:20 - RunsProvider - DEBUG: listening...
2009-03-13 10:25 - RunsProvider - DEBUG: listening...
2009-03-13 10:31 - RunsProvider - DEBUG: listening...
2009-03-13 10:36 - RunsProvider - DEBUG: listening...
2009-03-13 10:41 - RunsProvider - DEBUG: listening...
2009-03-13 10:46 - RunsProvider - DEBUG: listening...
2009-03-13 10:51 - RunsProvider - DEBUG: listening...
2009-03-13 10:56 - RunsProvider - DEBUG: listening...
2009-03-13 11:01 - RunsProvider - DEBUG: listening...
2009-03-13 11:06 - RunsProvider - DEBUG: listening...
2009-03-13 11:12 - RunsProvider - DEBUG: listening...
2009-03-13 11:17 - RunsProvider - DEBUG: listening...
2009-03-13 11:22 - RunsProvider - DEBUG: listening...
2009-03-13 11:27 - RunsProvider - DEBUG: listening...
2009-03-13 11:32 - RunsProvider - DEBUG: listening...
2009-03-13 11:37 - RunsProvider - DEBUG: listening...
2009-03-13 11:43 - RunsProvider - DEBUG: listening...
2009-03-13 11:48 - RunsProvider - DEBUG: listening...
2009-03-13 11:53 - RunsProvider - DEBUG: listening...
2009-03-13 11:58 - RunsProvider - DEBUG: listening...
2009-03-13 12:03 - RunsProvider - DEBUG: listening...
2009-03-13 12:08 - RunsProvider - DEBUG: listening...
2009-03-13 12:13 - RunsProvider - DEBUG: listening...
2009-03-13 12:19 - RunsProvider - DEBUG: listening...
2009-03-13 12:24 - RunsProvider - DEBUG: listening...
2009-03-13 12:29 - RunsProvider - DEBUG: listening...
2009-03-13 12:34 - RunsProvider - DEBUG: listening...
2009-03-13 12:39 - RunsProvider - DEBUG: listening...
2009-03-13 12:44 - RunsProvider - DEBUG: listening...
2009-03-13 12:49 - RunsProvider - DEBUG: listening...
2009-03-13 12:55 - RunsProvider - DEBUG: listening...
2009-03-13 13:00 - RunsProvider - DEBUG: listening...
2009-03-13 13:05 - RunsProvider - DEBUG: listening...
2009-03-13 13:10 - RunsProvider - DEBUG: listening...
2009-03-13 13:15 - RunsProvider - DEBUG: listening...
2009-03-13 13:20 - RunsProvider - DEBUG: listening...
2009-03-13 13:25 - RunsProvider - DEBUG: listening...
2009-03-13 13:31 - RunsProvider - DEBUG: listening...
2009-03-13 13:36 - RunsProvider - DEBUG: listening...
2009-03-13 13:41 - RunsProvider - DEBUG: listening...
2009-03-13 13:46 - RunsProvider - DEBUG: listening...
2009-03-13 13:51 - RunsProvider - DEBUG: listening...
2009-03-13 13:56 - RunsProvider - DEBUG: listening...
2009-03-13 14:01 - RunsProvider - DEBUG: listening...
2009-03-13 14:07 - RunsProvider - DEBUG: listening...
2009-03-13 14:12 - RunsProvider - DEBUG: listening...
2009-03-13 14:17 - RunsProvider - DEBUG: listening...
2009-03-13 14:22 - RunsProvider - DEBUG: listening...
2009-03-13 14:27 - RunsProvider - DEBUG: listening...
2009-03-13 14:32 - RunsProvider - DEBUG: listening...
2009-03-13 14:37 - RunsProvider - DEBUG: listening...
2009-03-13 14:43 - RunsProvider - DEBUG: listening...
2009-03-13 14:48 - RunsProvider - DEBUG: listening...
2009-03-13 14:53 - RunsProvider - DEBUG: listening...
2009-03-13 14:58 - RunsProvider - DEBUG: listening...
2009-03-13 15:03 - RunsProvider - DEBUG: listening...
2009-03-13 15:08 - RunsProvider - DEBUG: listening...
2009-03-13 15:13 - RunsProvider - DEBUG: listening...
2009-03-13 15:18 - RunsProvider - DEBUG: listening...
2009-03-13 15:24 - RunsProvider - DEBUG: listening...
2009-03-13 15:29 - RunsProvider - DEBUG: listening...
2009-03-13 15:34 - RunsProvider - DEBUG: listening...
2009-03-13 15:39 - RunsProvider - DEBUG: listening...
2009-03-13 15:44 - RunsProvider - DEBUG: listening...
2009-03-13 15:49 - RunsProvider - DEBUG: listening...
2009-03-13 15:54 - RunsProvider - DEBUG: listening...
2009-03-13 16:00 - RunsProvider - DEBUG: listening...
2009-03-13 16:05 - RunsProvider - DEBUG: listening...
2009-03-13 16:10 - RunsProvider - DEBUG: listening...
2009-03-13 16:15 - RunsProvider - DEBUG: listening...
2009-03-13 16:20 - RunsProvider - DEBUG: listening...
2009-03-13 16:25 - RunsProvider - DEBUG: listening...
2009-03-13 16:30 - RunsProvider - DEBUG: listening...
2009-03-13 16:36 - RunsProvider - DEBUG: listening...
2009-03-13 16:41 - RunsProvider - DEBUG: listening...
2009-03-13 16:46 - RunsProvider - DEBUG: listening...
2009-03-13 16:51 - RunsProvider - DEBUG: listening...
2009-03-13 16:56 - RunsProvider - DEBUG: listening...
2009-03-13 17:01 - RunsProvider - DEBUG: listening...
2009-03-13 17:06 - RunsProvider - DEBUG: listening...
2009-03-13 17:12 - RunsProvider - DEBUG: listening...
2009-03-13 17:17 - RunsProvider - DEBUG: listening...
2009-03-13 17:22 - RunsProvider - DEBUG: listening...
2009-03-13 17:27 - RunsProvider - DEBUG: listening...
2009-03-13 17:32 - RunsProvider - DEBUG: listening...
2009-03-13 17:37 - RunsProvider - DEBUG: listening...
2009-03-13 17:42 - RunsProvider - DEBUG: listening...
2009-03-13 17:48 - RunsProvider - DEBUG: listening...
2009-03-13 17:53 - RunsProvider - DEBUG: listening...
2009-03-13 17:58 - RunsProvider - DEBUG: listening...
2009-03-13 18:03 - RunsProvider - DEBUG: listening...
2009-03-13 18:08 - RunsProvider - DEBUG: listening...
2009-03-13 18:13 - RunsProvider - DEBUG: listening...
2009-03-13 18:18 - RunsProvider - DEBUG: listening...
2009-03-13 18:24 - RunsProvider - DEBUG: listening...
2009-03-13 18:29 - RunsProvider - DEBUG: listening...
2009-03-13 18:34 - RunsProvider - DEBUG: listening...
2009-03-13 18:39 - RunsProvider - DEBUG: listening...
2009-03-13 18:44 - RunsProvider - DEBUG: listening...
2009-03-13 18:49 - RunsProvider - DEBUG: listening...
2009-03-13 18:54 - RunsProvider - DEBUG: listening...
2009-03-13 19:00 - RunsProvider - DEBUG: listening...
2009-03-13 19:05 - RunsProvider - DEBUG: listening...
2009-03-13 19:10 - RunsProvider - DEBUG: listening...
2009-03-13 19:15 - RunsProvider - DEBUG: listening...
2009-03-13 19:20 - RunsProvider - DEBUG: listening...
2009-03-13 19:25 - RunsProvider - DEBUG: listening...
2009-03-13 19:30 - RunsProvider - DEBUG: listening...
2009-03-13 19:36 - RunsProvider - DEBUG: listening...
2009-03-13 19:41 - RunsProvider - DEBUG: listening...
2009-03-13 19:46 - RunsProvider - DEBUG: listening...
2009-03-13 19:51 - RunsProvider - DEBUG: listening...
2009-03-13 19:56 - RunsProvider - DEBUG: listening...
2009-03-13 20:01 - RunsProvider - DEBUG: listening...
2009-03-13 20:07 - RunsProvider - DEBUG: listening...
2009-03-13 20:12 - RunsProvider - DEBUG: listening...
2009-03-13 20:17 - RunsProvider - DEBUG: listening...
2009-03-13 20:22 - RunsProvider - DEBUG: listening...
2009-03-13 20:27 - RunsProvider - DEBUG: listening...
2009-03-13 20:32 - RunsProvider - DEBUG: listening...
2009-03-13 20:37 - RunsProvider - DEBUG: listening...
2009-03-13 20:43 - RunsProvider - DEBUG: listening...
2009-03-13 20:48 - RunsProvider - DEBUG: listening...
2009-03-13 20:53 - RunsProvider - DEBUG: listening...
2009-03-13 20:58 - RunsProvider - DEBUG: listening...
2009-03-13 21:03 - RunsProvider - DEBUG: listening...
2009-03-13 21:08 - RunsProvider - DEBUG: listening...
2009-03-13 21:13 - RunsProvider - DEBUG: listening...
2009-03-13 21:19 - RunsProvider - DEBUG: listening...
2009-03-13 21:24 - RunsProvider - DEBUG: listening...
2009-03-13 21:29 - RunsProvider - DEBUG: listening...
2009-03-13 21:34 - RunsProvider - DEBUG: listening...
2009-03-13 21:39 - RunsProvider - DEBUG: listening...
2009-03-13 21:44 - RunsProvider - DEBUG: listening...
2009-03-13 21:49 - RunsProvider - DEBUG: listening...
2009-03-13 21:55 - RunsProvider - DEBUG: listening...
2009-03-13 22:00 - RunsProvider - DEBUG: listening...
2009-03-13 22:05 - RunsProvider - DEBUG: listening...
2009-03-13 22:10 - RunsProvider - DEBUG: listening...
2009-03-13 22:15 - RunsProvider - DEBUG: listening...
2009-03-13 22:20 - RunsProvider - DEBUG: listening...
2009-03-13 22:25 - RunsProvider - DEBUG: listening...
2009-03-13 22:31 - RunsProvider - DEBUG: listening...
2009-03-13 22:36 - RunsProvider - DEBUG: listening...
2009-03-13 22:41 - RunsProvider - DEBUG: listening...
2009-03-13 22:46 - RunsProvider - DEBUG: listening...
2009-03-13 22:51 - RunsProvider - DEBUG: listening...
2009-03-13 22:56 - RunsProvider - DEBUG: listening...
2009-03-13 23:01 - RunsProvider - DEBUG: listening...
2009-03-13 23:07 - RunsProvider - DEBUG: listening...
2009-03-13 23:12 - RunsProvider - DEBUG: listening...
2009-03-13 23:17 - RunsProvider - DEBUG: listening...
2009-03-13 23:22 - RunsProvider - DEBUG: listening...
2009-03-13 23:27 - RunsProvider - DEBUG: listening...
2009-03-13 23:32 - RunsProvider - DEBUG: listening...
2009-03-13 23:37 - RunsProvider - DEBUG: listening...
2009-03-13 23:43 - RunsProvider - DEBUG: listening...
2009-03-13 23:48 - RunsProvider - DEBUG: listening...
2009-03-13 23:53 - RunsProvider - DEBUG: listening...
2009-03-13 23:58 - RunsProvider - DEBUG: listening...
