2009-06-10 00:01 - RunsProvider - INFO: ========================================
2009-06-10 00:01 - RunsProvider - INFO: RunsProvider in init
2009-06-10 00:01 - RunsProvider - INFO: init file RunsProviderConfig.py was found
2009-06-10 00:01 - RunsProvider - INFO: creating run listeners from RunsProviderConfig.py file
2009-06-10 00:01 - RunsProvider - INFO: TileCalibL1Calo added to the list of run listeners
2009-06-10 00:01 - RunsProvider - INFO: L1CaloStandalone added to the list of run listeners
2009-06-10 00:01 - RunsProvider - INFO: LArCalibL1Calo added to the list of run listeners
2009-06-10 00:01 - RunsProvider - INFO: retrieveing Db parameters from RunsProviderConfig.py file
2009-06-10 00:01 - RunsProvider - INFO: RunsProvider initialized
2009-06-10 00:01 - RunsProvider - INFO: ========================================
2009-06-10 00:16 - RunsProvider - DEBUG: listening...
2009-06-10 00:35 - RunsProvider - DEBUG: listening...
2009-06-10 00:50 - RunsProvider - DEBUG: listening...
2009-06-10 01:06 - RunsProvider - DEBUG: listening...
2009-06-10 01:21 - RunsProvider - DEBUG: listening...
2009-06-10 01:37 - RunsProvider - DEBUG: listening...
2009-06-10 01:52 - RunsProvider - DEBUG: listening...
2009-06-10 02:07 - RunsProvider - DEBUG: listening...
2009-06-10 02:22 - RunsProvider - DEBUG: listening...
2009-06-10 02:37 - RunsProvider - DEBUG: listening...
2009-06-10 02:53 - RunsProvider - DEBUG: listening...
2009-06-10 03:08 - RunsProvider - DEBUG: listening...
2009-06-10 03:23 - RunsProvider - DEBUG: listening...
2009-06-10 03:39 - RunsProvider - DEBUG: listening...
2009-06-10 03:54 - RunsProvider - DEBUG: listening...
2009-06-10 04:09 - RunsProvider - DEBUG: listening...
2009-06-10 04:24 - RunsProvider - DEBUG: listening...
2009-06-10 04:40 - RunsProvider - DEBUG: listening...
2009-06-10 04:55 - RunsProvider - DEBUG: listening...
2009-06-10 05:10 - RunsProvider - DEBUG: listening...
2009-06-10 05:25 - RunsProvider - DEBUG: listening...
2009-06-10 05:40 - RunsProvider - DEBUG: listening...
2009-06-10 05:56 - RunsProvider - DEBUG: listening...
2009-06-10 06:11 - RunsProvider - DEBUG: listening...
2009-06-10 06:27 - RunsProvider - DEBUG: listening...
2009-06-10 06:42 - RunsProvider - DEBUG: listening...
2009-06-10 06:58 - RunsProvider - DEBUG: listening...
2009-06-10 07:13 - RunsProvider - DEBUG: listening...
2009-06-10 07:28 - RunsProvider - DEBUG: listening...
2009-06-10 07:44 - RunsProvider - DEBUG: listening...
2009-06-10 07:59 - RunsProvider - DEBUG: listening...
2009-06-10 08:15 - RunsProvider - DEBUG: listening...
2009-06-10 08:30 - RunsProvider - DEBUG: listening...
2009-06-10 08:45 - RunsProvider - DEBUG: listening...
2009-06-10 09:00 - RunsProvider - DEBUG: listening...
2009-06-10 09:16 - RunsProvider - DEBUG: listening...
2009-06-10 09:31 - RunsProvider - DEBUG: listening...
2009-06-10 09:46 - RunsProvider - DEBUG: listening...
2009-06-10 10:01 - RunsProvider - DEBUG: listening...
2009-06-10 10:17 - RunsProvider - DEBUG: listening...
