2009-06-25 00:00 - RunsProvider - INFO: ========================================
2009-06-25 00:00 - RunsProvider - INFO: RunsProvider in init
2009-06-25 00:00 - RunsProvider - INFO: init file RunsProviderConfig.py was found
2009-06-25 00:00 - RunsProvider - INFO: creating run listeners from RunsProviderConfig.py file
2009-06-25 00:00 - RunsProvider - INFO: TileCalibL1Calo added to the list of run listeners
2009-06-25 00:00 - RunsProvider - INFO: L1CaloStandalone added to the list of run listeners
2009-06-25 00:00 - RunsProvider - INFO: LArCalibL1Calo added to the list of run listeners
2009-06-25 00:00 - RunsProvider - INFO: retrieveing Db parameters from RunsProviderConfig.py file
2009-06-25 00:00 - RunsProvider - INFO: RunsProvider initialized
2009-06-25 00:00 - RunsProvider - INFO: ========================================
2009-06-25 00:15 - RunsProvider - DEBUG: listening...
2009-06-25 00:35 - RunsProvider - DEBUG: listening...
2009-06-25 00:50 - RunsProvider - DEBUG: listening...
2009-06-25 01:06 - RunsProvider - DEBUG: listening...
2009-06-25 01:21 - RunsProvider - DEBUG: listening...
2009-06-25 01:36 - RunsProvider - DEBUG: listening...
2009-06-25 01:51 - RunsProvider - DEBUG: listening...
2009-06-25 02:07 - RunsProvider - DEBUG: listening...
2009-06-25 02:22 - RunsProvider - DEBUG: listening...
2009-06-25 02:37 - RunsProvider - DEBUG: listening...
2009-06-25 02:52 - RunsProvider - DEBUG: listening...
2009-06-25 03:08 - RunsProvider - DEBUG: listening...
2009-06-25 03:23 - RunsProvider - DEBUG: listening...
2009-06-25 03:38 - RunsProvider - DEBUG: listening...
2009-06-25 03:53 - RunsProvider - DEBUG: listening...
2009-06-25 04:09 - RunsProvider - DEBUG: listening...
2009-06-25 04:24 - RunsProvider - DEBUG: listening...
2009-06-25 04:39 - RunsProvider - DEBUG: listening...
2009-06-25 04:55 - RunsProvider - DEBUG: listening...
2009-06-25 05:10 - RunsProvider - DEBUG: listening...
2009-06-25 05:25 - RunsProvider - DEBUG: listening...
2009-06-25 05:40 - RunsProvider - DEBUG: listening...
2009-06-25 05:56 - RunsProvider - DEBUG: listening...
2009-06-25 06:11 - RunsProvider - DEBUG: listening...
2009-06-25 06:26 - RunsProvider - DEBUG: listening...
2009-06-25 06:41 - RunsProvider - DEBUG: listening...
2009-06-25 06:57 - RunsProvider - DEBUG: listening...
2009-06-25 07:12 - RunsProvider - DEBUG: listening...
2009-06-25 07:27 - RunsProvider - DEBUG: listening...
2009-06-25 07:42 - RunsProvider - DEBUG: listening...
2009-06-25 07:58 - RunsProvider - DEBUG: listening...
2009-06-25 08:13 - RunsProvider - DEBUG: listening...
2009-06-25 08:28 - RunsProvider - DEBUG: listening...
2009-06-25 08:44 - RunsProvider - DEBUG: listening...
2009-06-25 08:59 - RunsProvider - DEBUG: listening...
2009-06-25 09:14 - RunsProvider - DEBUG: listening...
2009-06-25 09:30 - RunsProvider - DEBUG: listening...
2009-06-25 09:45 - RunsProvider - DEBUG: listening...
2009-06-25 10:00 - RunsProvider - DEBUG: listening...
2009-06-25 10:15 - RunsProvider - DEBUG: listening...
2009-06-25 10:31 - RunsProvider - DEBUG: listening...
2009-06-25 10:46 - RunsProvider - DEBUG: listening...
2009-06-25 11:01 - RunsProvider - DEBUG: listening...
2009-06-25 11:17 - RunsProvider - DEBUG: listening...
2009-06-25 11:32 - RunsProvider - DEBUG: listening...
2009-06-25 11:47 - RunsProvider - DEBUG: listening...
2009-06-25 12:02 - RunsProvider - DEBUG: listening...
2009-06-25 12:18 - RunsProvider - DEBUG: listening...
2009-06-25 12:33 - RunsProvider - DEBUG: listening...
2009-06-25 12:48 - RunsProvider - DEBUG: listening...
2009-06-25 13:04 - RunsProvider - DEBUG: listening...
2009-06-25 13:19 - RunsProvider - DEBUG: listening...
2009-06-25 13:34 - RunsProvider - DEBUG: listening...
2009-06-25 13:50 - RunsProvider - DEBUG: listening...
2009-06-25 14:05 - RunsProvider - DEBUG: listening...
2009-06-25 14:20 - RunsProvider - DEBUG: listening...
2009-06-25 14:36 - RunsProvider - DEBUG: listening...
2009-06-25 14:51 - RunsProvider - DEBUG: listening...
2009-06-25 15:06 - RunsProvider - DEBUG: listening...
2009-06-25 15:21 - RunsProvider - DEBUG: listening...
2009-06-25 15:37 - RunsProvider - DEBUG: listening...
2009-06-25 15:52 - RunsProvider - DEBUG: listening...
2009-06-25 16:07 - RunsProvider - DEBUG: listening...
2009-06-25 16:22 - RunsProvider - DEBUG: listening...
2009-06-25 16:38 - RunsProvider - DEBUG: listening...
2009-06-25 16:53 - RunsProvider - DEBUG: listening...
2009-06-25 17:08 - RunsProvider - DEBUG: listening...
2009-06-25 17:24 - RunsProvider - DEBUG: listening...
2009-06-25 17:39 - RunsProvider - DEBUG: listening...
2009-06-25 17:54 - RunsProvider - DEBUG: listening...
2009-06-25 18:10 - RunsProvider - DEBUG: listening...
2009-06-25 18:25 - RunsProvider - DEBUG: listening...
2009-06-25 18:40 - RunsProvider - DEBUG: listening...
2009-06-25 18:55 - RunsProvider - DEBUG: listening...
2009-06-25 19:11 - RunsProvider - DEBUG: listening...
2009-06-25 19:26 - RunsProvider - DEBUG: listening...
2009-06-25 19:41 - RunsProvider - DEBUG: listening...
2009-06-25 19:57 - RunsProvider - DEBUG: listening...
2009-06-25 20:12 - RunsProvider - DEBUG: listening...
2009-06-25 20:27 - RunsProvider - DEBUG: listening...
2009-06-25 20:43 - RunsProvider - DEBUG: listening...
2009-06-25 20:58 - RunsProvider - DEBUG: listening...
2009-06-25 21:13 - RunsProvider - DEBUG: listening...
2009-06-25 21:29 - RunsProvider - DEBUG: listening...
2009-06-25 21:44 - RunsProvider - DEBUG: listening...
2009-06-25 21:59 - RunsProvider - DEBUG: listening...
2009-06-25 22:14 - RunsProvider - DEBUG: listening...
2009-06-25 22:30 - RunsProvider - DEBUG: listening...
2009-06-25 22:45 - RunsProvider - DEBUG: listening...
2009-06-25 23:00 - RunsProvider - DEBUG: listening...
2009-06-25 23:16 - RunsProvider - DEBUG: listening...
2009-06-25 23:31 - RunsProvider - DEBUG: listening...
2009-06-25 23:46 - RunsProvider - DEBUG: listening...
