2009-03-21 00:01 - RunsProvider - INFO: ========================================
2009-03-21 00:01 - RunsProvider - INFO: RunsProvider in init
2009-03-21 00:01 - RunsProvider - INFO: init file RunsProviderConfig.py was found
2009-03-21 00:01 - RunsProvider - INFO: creating run listeners from RunsProviderConfig.py file
2009-03-21 00:01 - RunsProvider - INFO: TileCalibL1Calo added to the list of run listeners
2009-03-21 00:01 - RunsProvider - INFO: L1CaloStandalone added to the list of run listeners
2009-03-21 00:01 - RunsProvider - INFO: LArCalibL1Calo added to the list of run listeners
2009-03-21 00:01 - RunsProvider - INFO: retrieveing Db parameters from RunsProviderConfig.py file
2009-03-21 00:01 - RunsProvider - INFO: RunsProvider initialized
2009-03-21 00:01 - RunsProvider - INFO: ========================================
2009-03-21 00:06 - RunsProvider - DEBUG: listening...
2009-03-21 00:15 - RunsProvider - DEBUG: listening...
2009-03-21 00:21 - RunsProvider - DEBUG: listening...
2009-03-21 00:26 - RunsProvider - DEBUG: listening...
2009-03-21 00:31 - RunsProvider - DEBUG: listening...
2009-03-21 00:36 - RunsProvider - DEBUG: listening...
2009-03-21 00:41 - RunsProvider - DEBUG: listening...
2009-03-21 00:46 - RunsProvider - DEBUG: listening...
2009-03-21 00:51 - RunsProvider - DEBUG: listening...
2009-03-21 00:57 - RunsProvider - DEBUG: listening...
2009-03-21 01:02 - RunsProvider - DEBUG: listening...
2009-03-21 01:07 - RunsProvider - DEBUG: listening...
2009-03-21 01:12 - RunsProvider - DEBUG: listening...
2009-03-21 01:17 - RunsProvider - DEBUG: listening...
2009-03-21 01:22 - RunsProvider - DEBUG: listening...
2009-03-21 01:27 - RunsProvider - DEBUG: listening...
2009-03-21 01:33 - RunsProvider - DEBUG: listening...
2009-03-21 01:38 - RunsProvider - DEBUG: listening...
2009-03-21 01:43 - RunsProvider - DEBUG: listening...
2009-03-21 01:48 - RunsProvider - DEBUG: listening...
2009-03-21 01:53 - RunsProvider - DEBUG: listening...
2009-03-21 01:58 - RunsProvider - DEBUG: listening...
2009-03-21 02:03 - RunsProvider - DEBUG: listening...
2009-03-21 02:09 - RunsProvider - DEBUG: listening...
2009-03-21 02:14 - RunsProvider - DEBUG: listening...
2009-03-21 02:19 - RunsProvider - DEBUG: listening...
2009-03-21 02:24 - RunsProvider - DEBUG: listening...
2009-03-21 02:29 - RunsProvider - DEBUG: listening...
2009-03-21 02:34 - RunsProvider - DEBUG: listening...
2009-03-21 02:39 - RunsProvider - DEBUG: listening...
2009-03-21 02:45 - RunsProvider - DEBUG: listening...
2009-03-21 02:50 - RunsProvider - DEBUG: listening...
2009-03-21 02:55 - RunsProvider - DEBUG: listening...
2009-03-21 03:00 - RunsProvider - DEBUG: listening...
2009-03-21 03:05 - RunsProvider - DEBUG: listening...
2009-03-21 03:10 - RunsProvider - DEBUG: listening...
2009-03-21 03:15 - RunsProvider - DEBUG: listening...
2009-03-21 03:21 - RunsProvider - DEBUG: listening...
2009-03-21 03:26 - RunsProvider - DEBUG: listening...
2009-03-21 03:31 - RunsProvider - DEBUG: listening...
2009-03-21 03:36 - RunsProvider - DEBUG: listening...
2009-03-21 03:41 - RunsProvider - DEBUG: listening...
2009-03-21 03:46 - RunsProvider - DEBUG: listening...
2009-03-21 03:51 - RunsProvider - DEBUG: listening...
2009-03-21 03:57 - RunsProvider - DEBUG: listening...
2009-03-21 04:02 - RunsProvider - DEBUG: listening...
2009-03-21 04:07 - RunsProvider - DEBUG: listening...
2009-03-21 04:12 - RunsProvider - DEBUG: listening...
2009-03-21 04:17 - RunsProvider - DEBUG: listening...
2009-03-21 04:22 - RunsProvider - DEBUG: listening...
2009-03-21 04:27 - RunsProvider - DEBUG: listening...
2009-03-21 04:33 - RunsProvider - DEBUG: listening...
2009-03-21 04:38 - RunsProvider - DEBUG: listening...
2009-03-21 04:43 - RunsProvider - DEBUG: listening...
2009-03-21 04:48 - RunsProvider - DEBUG: listening...
2009-03-21 04:53 - RunsProvider - DEBUG: listening...
2009-03-21 04:58 - RunsProvider - DEBUG: listening...
2009-03-21 05:03 - RunsProvider - DEBUG: listening...
2009-03-21 05:09 - RunsProvider - DEBUG: listening...
2009-03-21 05:14 - RunsProvider - DEBUG: listening...
2009-03-21 05:19 - RunsProvider - DEBUG: listening...
2009-03-21 05:24 - RunsProvider - DEBUG: listening...
2009-03-21 05:29 - RunsProvider - DEBUG: listening...
2009-03-21 05:34 - RunsProvider - DEBUG: listening...
2009-03-21 05:39 - RunsProvider - DEBUG: listening...
2009-03-21 05:44 - RunsProvider - DEBUG: listening...
2009-03-21 05:50 - RunsProvider - DEBUG: listening...
2009-03-21 05:55 - RunsProvider - DEBUG: listening...
2009-03-21 06:00 - RunsProvider - DEBUG: listening...
2009-03-21 06:05 - RunsProvider - DEBUG: listening...
2009-03-21 06:10 - RunsProvider - DEBUG: listening...
2009-03-21 06:15 - RunsProvider - DEBUG: listening...
2009-03-21 06:20 - RunsProvider - DEBUG: listening...
2009-03-21 06:26 - RunsProvider - DEBUG: listening...
2009-03-21 06:31 - RunsProvider - DEBUG: listening...
2009-03-21 06:36 - RunsProvider - DEBUG: listening...
2009-03-21 06:41 - RunsProvider - DEBUG: listening...
2009-03-21 06:46 - RunsProvider - DEBUG: listening...
2009-03-21 06:51 - RunsProvider - DEBUG: listening...
2009-03-21 06:56 - RunsProvider - DEBUG: listening...
2009-03-21 07:02 - RunsProvider - DEBUG: listening...
2009-03-21 07:07 - RunsProvider - DEBUG: listening...
2009-03-21 07:12 - RunsProvider - DEBUG: listening...
2009-03-21 07:17 - RunsProvider - DEBUG: listening...
2009-03-21 07:22 - RunsProvider - DEBUG: listening...
2009-03-21 07:27 - RunsProvider - DEBUG: listening...
2009-03-21 07:32 - RunsProvider - DEBUG: listening...
2009-03-21 07:38 - RunsProvider - DEBUG: listening...
2009-03-21 07:43 - RunsProvider - DEBUG: listening...
2009-03-21 07:48 - RunsProvider - DEBUG: listening...
2009-03-21 07:53 - RunsProvider - DEBUG: listening...
2009-03-21 07:58 - RunsProvider - DEBUG: listening...
2009-03-21 08:03 - RunsProvider - DEBUG: listening...
2009-03-21 08:08 - RunsProvider - DEBUG: listening...
2009-03-21 08:14 - RunsProvider - DEBUG: listening...
2009-03-21 08:19 - RunsProvider - DEBUG: listening...
2009-03-21 08:24 - RunsProvider - DEBUG: listening...
2009-03-21 08:29 - RunsProvider - DEBUG: listening...
2009-03-21 08:34 - RunsProvider - DEBUG: listening...
2009-03-21 08:39 - RunsProvider - DEBUG: listening...
2009-03-21 08:44 - RunsProvider - DEBUG: listening...
2009-03-21 08:50 - RunsProvider - DEBUG: listening...
2009-03-21 08:55 - RunsProvider - DEBUG: listening...
2009-03-21 09:00 - RunsProvider - DEBUG: listening...
2009-03-21 09:05 - RunsProvider - DEBUG: listening...
2009-03-21 09:10 - RunsProvider - DEBUG: listening...
2009-03-21 09:15 - RunsProvider - DEBUG: listening...
2009-03-21 09:20 - RunsProvider - DEBUG: listening...
2009-03-21 09:26 - RunsProvider - DEBUG: listening...
2009-03-21 09:31 - RunsProvider - DEBUG: listening...
2009-03-21 09:36 - RunsProvider - DEBUG: listening...
2009-03-21 09:41 - RunsProvider - DEBUG: listening...
2009-03-21 09:46 - RunsProvider - DEBUG: listening...
2009-03-21 09:51 - RunsProvider - DEBUG: listening...
2009-03-21 09:56 - RunsProvider - DEBUG: listening...
2009-03-21 10:02 - RunsProvider - DEBUG: listening...
2009-03-21 10:07 - RunsProvider - DEBUG: listening...
2009-03-21 10:12 - RunsProvider - DEBUG: listening...
2009-03-21 10:17 - RunsProvider - DEBUG: listening...
2009-03-21 10:22 - RunsProvider - DEBUG: listening...
2009-03-21 10:27 - RunsProvider - DEBUG: listening...
2009-03-21 10:32 - RunsProvider - DEBUG: listening...
2009-03-21 10:38 - RunsProvider - DEBUG: listening...
2009-03-21 10:43 - RunsProvider - DEBUG: listening...
2009-03-21 10:48 - RunsProvider - DEBUG: listening...
2009-03-21 10:53 - RunsProvider - DEBUG: listening...
2009-03-21 10:58 - RunsProvider - DEBUG: listening...
2009-03-21 11:03 - RunsProvider - DEBUG: listening...
2009-03-21 11:08 - RunsProvider - DEBUG: listening...
2009-03-21 11:13 - RunsProvider - DEBUG: listening...
2009-03-21 11:19 - RunsProvider - DEBUG: listening...
2009-03-21 11:24 - RunsProvider - DEBUG: listening...
2009-03-21 11:29 - RunsProvider - DEBUG: listening...
2009-03-21 11:34 - RunsProvider - DEBUG: listening...
2009-03-21 11:39 - RunsProvider - DEBUG: listening...
2009-03-21 11:44 - RunsProvider - DEBUG: listening...
2009-03-21 11:49 - RunsProvider - DEBUG: listening...
2009-03-21 11:55 - RunsProvider - DEBUG: listening...
2009-03-21 12:00 - RunsProvider - DEBUG: listening...
2009-03-21 12:05 - RunsProvider - DEBUG: listening...
2009-03-21 12:10 - RunsProvider - DEBUG: listening...
2009-03-21 12:15 - RunsProvider - DEBUG: listening...
2009-03-21 12:20 - RunsProvider - DEBUG: listening...
2009-03-21 12:25 - RunsProvider - DEBUG: listening...
2009-03-21 12:31 - RunsProvider - DEBUG: listening...
2009-03-21 12:36 - RunsProvider - DEBUG: listening...
2009-03-21 12:41 - RunsProvider - DEBUG: listening...
2009-03-21 12:46 - RunsProvider - DEBUG: listening...
2009-03-21 12:51 - RunsProvider - DEBUG: listening...
2009-03-21 12:56 - RunsProvider - DEBUG: listening...
2009-03-21 13:01 - RunsProvider - DEBUG: listening...
2009-03-21 13:07 - RunsProvider - DEBUG: listening...
2009-03-21 13:12 - RunsProvider - DEBUG: listening...
2009-03-21 13:17 - RunsProvider - DEBUG: listening...
2009-03-21 13:22 - RunsProvider - DEBUG: listening...
2009-03-21 13:27 - RunsProvider - DEBUG: listening...
2009-03-21 13:32 - RunsProvider - DEBUG: listening...
2009-03-21 13:37 - RunsProvider - DEBUG: listening...
2009-03-21 13:43 - RunsProvider - DEBUG: listening...
2009-03-21 13:48 - RunsProvider - DEBUG: listening...
2009-03-21 13:53 - RunsProvider - DEBUG: listening...
2009-03-21 13:58 - RunsProvider - DEBUG: listening...
2009-03-21 14:03 - RunsProvider - DEBUG: listening...
2009-03-21 14:08 - RunsProvider - DEBUG: listening...
2009-03-21 14:13 - RunsProvider - DEBUG: listening...
2009-03-21 14:19 - RunsProvider - DEBUG: listening...
2009-03-21 14:24 - RunsProvider - DEBUG: listening...
2009-03-21 14:29 - RunsProvider - DEBUG: listening...
2009-03-21 14:34 - RunsProvider - DEBUG: listening...
2009-03-21 14:39 - RunsProvider - DEBUG: listening...
2009-03-21 14:44 - RunsProvider - DEBUG: listening...
2009-03-21 14:49 - RunsProvider - DEBUG: listening...
2009-03-21 14:55 - RunsProvider - DEBUG: listening...
2009-03-21 15:00 - RunsProvider - DEBUG: listening...
2009-03-21 15:05 - RunsProvider - DEBUG: listening...
2009-03-21 15:10 - RunsProvider - DEBUG: listening...
2009-03-21 15:15 - RunsProvider - DEBUG: listening...
2009-03-21 15:20 - RunsProvider - DEBUG: listening...
2009-03-21 15:25 - RunsProvider - DEBUG: listening...
2009-03-21 15:31 - RunsProvider - DEBUG: listening...
2009-03-21 15:36 - RunsProvider - DEBUG: listening...
2009-03-21 15:41 - RunsProvider - DEBUG: listening...
2009-03-21 15:46 - RunsProvider - DEBUG: listening...
2009-03-21 15:51 - RunsProvider - DEBUG: listening...
2009-03-21 15:56 - RunsProvider - DEBUG: listening...
2009-03-21 16:01 - RunsProvider - DEBUG: listening...
2009-03-21 16:07 - RunsProvider - DEBUG: listening...
2009-03-21 16:12 - RunsProvider - DEBUG: listening...
2009-03-21 16:17 - RunsProvider - DEBUG: listening...
2009-03-21 16:22 - RunsProvider - DEBUG: listening...
2009-03-21 16:27 - RunsProvider - DEBUG: listening...
2009-03-21 16:32 - RunsProvider - DEBUG: listening...
2009-03-21 16:37 - RunsProvider - DEBUG: listening...
2009-03-21 16:43 - RunsProvider - DEBUG: listening...
2009-03-21 16:48 - RunsProvider - DEBUG: listening...
2009-03-21 16:53 - RunsProvider - DEBUG: listening...
2009-03-21 16:58 - RunsProvider - DEBUG: listening...
2009-03-21 17:03 - RunsProvider - DEBUG: listening...
2009-03-21 17:08 - RunsProvider - DEBUG: listening...
2009-03-21 17:13 - RunsProvider - DEBUG: listening...
2009-03-21 17:19 - RunsProvider - DEBUG: listening...
2009-03-21 17:24 - RunsProvider - DEBUG: listening...
2009-03-21 17:29 - RunsProvider - DEBUG: listening...
2009-03-21 17:34 - RunsProvider - DEBUG: listening...
2009-03-21 17:39 - RunsProvider - DEBUG: listening...
2009-03-21 17:44 - RunsProvider - DEBUG: listening...
2009-03-21 17:49 - RunsProvider - DEBUG: listening...
2009-03-21 17:55 - RunsProvider - DEBUG: listening...
2009-03-21 18:00 - RunsProvider - DEBUG: listening...
2009-03-21 18:05 - RunsProvider - DEBUG: listening...
2009-03-21 18:10 - RunsProvider - DEBUG: listening...
2009-03-21 18:15 - RunsProvider - DEBUG: listening...
2009-03-21 18:20 - RunsProvider - DEBUG: listening...
2009-03-21 18:25 - RunsProvider - DEBUG: listening...
2009-03-21 18:31 - RunsProvider - DEBUG: listening...
2009-03-21 18:36 - RunsProvider - DEBUG: listening...
2009-03-21 18:41 - RunsProvider - DEBUG: listening...
2009-03-21 18:46 - RunsProvider - DEBUG: listening...
2009-03-21 18:51 - RunsProvider - DEBUG: listening...
2009-03-21 18:56 - RunsProvider - DEBUG: listening...
2009-03-21 19:01 - RunsProvider - DEBUG: listening...
2009-03-21 19:07 - RunsProvider - DEBUG: listening...
2009-03-21 19:12 - RunsProvider - DEBUG: listening...
2009-03-21 19:17 - RunsProvider - DEBUG: listening...
2009-03-21 19:22 - RunsProvider - DEBUG: listening...
2009-03-21 19:27 - RunsProvider - DEBUG: listening...
2009-03-21 19:32 - RunsProvider - DEBUG: listening...
2009-03-21 19:37 - RunsProvider - DEBUG: listening...
2009-03-21 19:43 - RunsProvider - DEBUG: listening...
2009-03-21 19:48 - RunsProvider - DEBUG: listening...
2009-03-21 19:53 - RunsProvider - DEBUG: listening...
2009-03-21 19:58 - RunsProvider - DEBUG: listening...
2009-03-21 20:03 - RunsProvider - DEBUG: listening...
2009-03-21 20:08 - RunsProvider - DEBUG: listening...
