2009-04-16 14:18 - RunsProvider - INFO: ========================================
2009-04-16 14:18 - RunsProvider - INFO: RunsProvider in init
2009-04-16 14:18 - RunsProvider - INFO: init file RunsProviderConfig.py was found
2009-04-16 14:18 - RunsProvider - INFO: creating run listeners from RunsProviderConfig.py file
2009-04-16 14:18 - RunsProvider - INFO: TileCalibL1Calo added to the list of run listeners
2009-04-16 14:18 - RunsProvider - INFO: L1CaloStandalone added to the list of run listeners
2009-04-16 14:18 - RunsProvider - INFO: LArCalibL1Calo added to the list of run listeners
2009-04-16 14:19 - RunsProvider - INFO: retrieveing Db parameters from RunsProviderConfig.py file
2009-04-16 14:19 - RunsProvider - INFO: RunsProvider initialized
2009-04-16 14:19 - RunsProvider - INFO: ========================================
2009-04-16 14:29 - RunsProvider - DEBUG: listening...
2009-04-16 14:30 - RunsProvider - INFO: new runs found and stored into the Db:
2009-04-16 14:30 - RunsProvider - INFO:  * run: 110869, runListener: L1CaloStandalone, validated: False
2009-04-16 14:30 - RunsProvider - INFO:  * run: 110870, runListener: L1CaloStandalone, validated: False
2009-04-16 14:30 - RunsProvider - INFO:  * run: 110874, runListener: L1CaloStandalone, validated: False
2009-04-16 14:30 - RunsProvider - INFO:  * run: 110875, runListener: L1CaloStandalone, validated: False
2009-04-16 14:30 - RunsProvider - INFO:  * run: 110876, runListener: L1CaloStandalone, validated: False
2009-04-16 14:30 - RunsProvider - INFO:  * run: 110877, runListener: L1CaloStandalone, validated: False
2009-04-16 14:30 - RunsProvider - INFO:  * run: 110880, runListener: L1CaloStandalone, validated: False
2009-04-16 14:40 - RunsProvider - DEBUG: listening...
2009-04-16 14:50 - RunsProvider - DEBUG: listening...
2009-04-16 15:00 - RunsProvider - DEBUG: listening...
2009-04-16 15:10 - RunsProvider - DEBUG: listening...
2009-04-16 15:21 - RunsProvider - DEBUG: listening...
2009-04-16 15:31 - RunsProvider - DEBUG: listening...
2009-04-16 15:41 - RunsProvider - DEBUG: listening...
2009-04-16 15:51 - RunsProvider - DEBUG: listening...
2009-04-16 16:02 - RunsProvider - DEBUG: listening...
2009-04-16 16:12 - RunsProvider - DEBUG: listening...
2009-04-16 16:22 - RunsProvider - DEBUG: listening...
2009-04-16 16:32 - RunsProvider - DEBUG: listening...
2009-04-16 16:43 - RunsProvider - DEBUG: listening...
2009-04-16 16:53 - RunsProvider - DEBUG: listening...
2009-04-16 17:03 - RunsProvider - DEBUG: listening...
2009-04-16 17:14 - RunsProvider - DEBUG: listening...
2009-04-16 17:24 - RunsProvider - DEBUG: listening...
2009-04-16 17:34 - RunsProvider - DEBUG: listening...
2009-04-16 17:44 - RunsProvider - DEBUG: listening...
2009-04-16 17:55 - RunsProvider - DEBUG: listening...
2009-04-16 18:05 - RunsProvider - DEBUG: listening...
2009-04-16 18:15 - RunsProvider - DEBUG: listening...
2009-04-16 18:25 - RunsProvider - DEBUG: listening...
2009-04-16 18:36 - RunsProvider - DEBUG: listening...
2009-04-16 18:46 - RunsProvider - DEBUG: listening...
2009-04-16 18:56 - RunsProvider - DEBUG: listening...
2009-04-16 19:06 - RunsProvider - DEBUG: listening...
2009-04-16 19:17 - RunsProvider - DEBUG: listening...
2009-04-16 19:27 - RunsProvider - DEBUG: listening...
2009-04-16 19:37 - RunsProvider - DEBUG: listening...
2009-04-16 19:48 - RunsProvider - DEBUG: listening...
2009-04-16 19:58 - RunsProvider - DEBUG: listening...
2009-04-16 20:08 - RunsProvider - DEBUG: listening...
2009-04-16 20:18 - RunsProvider - DEBUG: listening...
2009-04-16 20:29 - RunsProvider - DEBUG: listening...
2009-04-16 20:39 - RunsProvider - DEBUG: listening...
2009-04-16 20:49 - RunsProvider - DEBUG: listening...
2009-04-16 20:59 - RunsProvider - DEBUG: listening...
2009-04-16 21:10 - RunsProvider - DEBUG: listening...
2009-04-16 21:20 - RunsProvider - DEBUG: listening...
2009-04-16 21:30 - RunsProvider - DEBUG: listening...
2009-04-16 21:40 - RunsProvider - DEBUG: listening...
2009-04-16 21:51 - RunsProvider - DEBUG: listening...
2009-04-16 22:01 - RunsProvider - DEBUG: listening...
2009-04-16 22:11 - RunsProvider - DEBUG: listening...
2009-04-16 22:21 - RunsProvider - DEBUG: listening...
2009-04-16 22:32 - RunsProvider - DEBUG: listening...
2009-04-16 22:42 - RunsProvider - DEBUG: listening...
2009-04-16 22:52 - RunsProvider - DEBUG: listening...
2009-04-16 23:02 - RunsProvider - DEBUG: listening...
2009-04-16 23:13 - RunsProvider - DEBUG: listening...
2009-04-16 23:23 - RunsProvider - DEBUG: listening...
2009-04-16 23:33 - RunsProvider - DEBUG: listening...
2009-04-16 23:43 - RunsProvider - DEBUG: listening...
2009-04-16 23:54 - RunsProvider - DEBUG: listening...
