2009-05-12 00:01 - RunsProvider - INFO: ========================================
2009-05-12 00:01 - RunsProvider - INFO: RunsProvider in init
2009-05-12 00:01 - RunsProvider - INFO: init file RunsProviderConfig.py was found
2009-05-12 00:01 - RunsProvider - INFO: creating run listeners from RunsProviderConfig.py file
2009-05-12 00:01 - RunsProvider - INFO: TileCalibL1Calo added to the list of run listeners
2009-05-12 00:01 - RunsProvider - INFO: L1CaloStandalone added to the list of run listeners
2009-05-12 00:01 - RunsProvider - INFO: LArCalibL1Calo added to the list of run listeners
2009-05-12 00:01 - RunsProvider - INFO: retrieveing Db parameters from RunsProviderConfig.py file
2009-05-12 00:01 - RunsProvider - INFO: RunsProvider initialized
2009-05-12 00:01 - RunsProvider - INFO: ========================================
2009-05-12 00:16 - RunsProvider - DEBUG: listening...
2009-05-12 00:32 - RunsProvider - DEBUG: listening...
2009-05-12 00:47 - RunsProvider - DEBUG: listening...
2009-05-12 01:03 - RunsProvider - DEBUG: listening...
2009-05-12 01:18 - RunsProvider - DEBUG: listening...
2009-05-12 01:33 - RunsProvider - DEBUG: listening...
2009-05-12 01:48 - RunsProvider - DEBUG: listening...
2009-05-12 02:04 - RunsProvider - DEBUG: listening...
2009-05-12 02:19 - RunsProvider - DEBUG: listening...
2009-05-12 02:34 - RunsProvider - DEBUG: listening...
2009-05-12 02:49 - RunsProvider - DEBUG: listening...
2009-05-12 03:05 - RunsProvider - DEBUG: listening...
2009-05-12 03:20 - RunsProvider - DEBUG: listening...
2009-05-12 03:35 - RunsProvider - DEBUG: listening...
2009-05-12 03:50 - RunsProvider - DEBUG: listening...
2009-05-12 04:06 - RunsProvider - DEBUG: listening...
2009-05-12 04:21 - RunsProvider - DEBUG: listening...
2009-05-12 04:36 - RunsProvider - DEBUG: listening...
2009-05-12 04:51 - RunsProvider - DEBUG: listening...
2009-05-12 05:06 - RunsProvider - DEBUG: listening...
2009-05-12 05:22 - RunsProvider - DEBUG: listening...
2009-05-12 05:37 - RunsProvider - DEBUG: listening...
2009-05-12 05:52 - RunsProvider - DEBUG: listening...
2009-05-12 06:07 - RunsProvider - DEBUG: listening...
2009-05-12 06:23 - RunsProvider - DEBUG: listening...
2009-05-12 06:38 - RunsProvider - DEBUG: listening...
2009-05-12 06:53 - RunsProvider - DEBUG: listening...
2009-05-12 07:08 - RunsProvider - DEBUG: listening...
2009-05-12 07:24 - RunsProvider - DEBUG: listening...
2009-05-12 07:39 - RunsProvider - DEBUG: listening...
2009-05-12 07:54 - RunsProvider - DEBUG: listening...
2009-05-12 08:09 - RunsProvider - DEBUG: listening...
2009-05-12 08:25 - RunsProvider - DEBUG: listening...
2009-05-12 08:40 - RunsProvider - DEBUG: listening...
2009-05-12 08:55 - RunsProvider - DEBUG: listening...
2009-05-12 09:10 - RunsProvider - DEBUG: listening...
2009-05-12 09:25 - RunsProvider - DEBUG: listening...
2009-05-12 09:41 - RunsProvider - DEBUG: listening...
2009-05-12 09:56 - RunsProvider - DEBUG: listening...
2009-05-12 10:11 - RunsProvider - DEBUG: listening...
2009-05-12 10:26 - RunsProvider - DEBUG: listening...
2009-05-12 10:27 - RunsProvider - INFO: new runs found and stored into the Db:
2009-05-12 10:27 - RunsProvider - INFO:  * run: 114948, runListener: L1CaloStandalone, validated: False
2009-05-12 10:27 - RunsProvider - INFO:  * run: 114951, runListener: L1CaloStandalone, validated: False
2009-05-12 10:42 - RunsProvider - DEBUG: listening...
2009-05-12 10:57 - RunsProvider - DEBUG: listening...
2009-05-12 10:57 - RunsProvider - INFO: new runs found and stored into the Db:
2009-05-12 10:57 - RunsProvider - INFO:  * run: 114955, runListener: L1CaloStandalone, validated: False
2009-05-12 11:12 - RunsProvider - DEBUG: listening...
2009-05-12 11:28 - RunsProvider - DEBUG: listening...
2009-05-12 11:43 - RunsProvider - DEBUG: listening...
2009-05-12 11:58 - RunsProvider - DEBUG: listening...
2009-05-12 12:13 - RunsProvider - DEBUG: listening...
2009-05-12 12:28 - RunsProvider - DEBUG: listening...
2009-05-12 12:44 - RunsProvider - DEBUG: listening...
2009-05-12 12:59 - RunsProvider - DEBUG: listening...
2009-05-12 13:14 - RunsProvider - DEBUG: listening...
2009-05-12 13:29 - RunsProvider - DEBUG: listening...
2009-05-12 13:45 - RunsProvider - DEBUG: listening...
2009-05-12 14:00 - RunsProvider - DEBUG: listening...
2009-05-12 14:15 - RunsProvider - DEBUG: listening...
2009-05-12 14:30 - RunsProvider - DEBUG: listening...
2009-05-12 14:46 - RunsProvider - DEBUG: listening...
2009-05-12 15:01 - RunsProvider - DEBUG: listening...
2009-05-12 15:16 - RunsProvider - DEBUG: listening...
2009-05-12 15:32 - RunsProvider - DEBUG: listening...
2009-05-12 15:47 - RunsProvider - DEBUG: listening...
2009-05-12 16:02 - RunsProvider - DEBUG: listening...
2009-05-12 16:23 - RunsProvider - DEBUG: listening...
