2009-04-20 20:31 - RunsProvider - INFO: ========================================
2009-04-20 20:31 - RunsProvider - INFO: RunsProvider in init
2009-04-20 20:31 - RunsProvider - INFO: init file RunsProviderConfig.py was found
2009-04-20 20:31 - RunsProvider - INFO: creating run listeners from RunsProviderConfig.py file
2009-04-20 20:31 - RunsProvider - INFO: TileCalibL1Calo added to the list of run listeners
2009-04-20 20:31 - RunsProvider - INFO: L1CaloStandalone added to the list of run listeners
2009-04-20 20:31 - RunsProvider - INFO: LArCalibL1Calo added to the list of run listeners
2009-04-20 20:31 - RunsProvider - INFO: retrieveing Db parameters from RunsProviderConfig.py file
2009-04-20 20:31 - RunsProvider - INFO: RunsProvider initialized
2009-04-20 20:31 - RunsProvider - INFO: ========================================
2009-04-20 20:41 - RunsProvider - DEBUG: listening...
2009-04-20 20:52 - RunsProvider - DEBUG: listening...
2009-04-20 21:03 - RunsProvider - DEBUG: listening...
2009-04-20 21:13 - RunsProvider - DEBUG: listening...
2009-04-20 21:23 - RunsProvider - DEBUG: listening...
2009-04-20 21:33 - RunsProvider - DEBUG: listening...
2009-04-20 21:44 - RunsProvider - DEBUG: listening...
2009-04-20 21:54 - RunsProvider - DEBUG: listening...
2009-04-20 22:04 - RunsProvider - DEBUG: listening...
2009-04-20 22:14 - RunsProvider - DEBUG: listening...
2009-04-20 22:25 - RunsProvider - DEBUG: listening...
2009-04-20 22:35 - RunsProvider - DEBUG: listening...
2009-04-20 22:45 - RunsProvider - DEBUG: listening...
2009-04-20 22:55 - RunsProvider - DEBUG: listening...
2009-04-20 23:06 - RunsProvider - DEBUG: listening...
2009-04-20 23:16 - RunsProvider - DEBUG: listening...
2009-04-20 23:26 - RunsProvider - DEBUG: listening...
2009-04-20 23:36 - RunsProvider - DEBUG: listening...
2009-04-20 23:46 - RunsProvider - DEBUG: listening...
2009-04-20 23:57 - RunsProvider - DEBUG: listening...
