2009-03-30 00:00 - RunsProvider - INFO: ========================================
2009-03-30 00:00 - RunsProvider - INFO: RunsProvider in init
2009-03-30 00:00 - RunsProvider - INFO: init file RunsProviderConfig.py was found
2009-03-30 00:00 - RunsProvider - INFO: creating run listeners from RunsProviderConfig.py file
2009-03-30 00:00 - RunsProvider - INFO: TileCalibL1Calo added to the list of run listeners
2009-03-30 00:00 - RunsProvider - INFO: L1CaloStandalone added to the list of run listeners
2009-03-30 00:00 - RunsProvider - INFO: LArCalibL1Calo added to the list of run listeners
2009-03-30 00:00 - RunsProvider - INFO: retrieveing Db parameters from RunsProviderConfig.py file
2009-03-30 00:00 - RunsProvider - INFO: RunsProvider initialized
2009-03-30 00:00 - RunsProvider - INFO: ========================================
2009-03-30 00:05 - RunsProvider - DEBUG: listening...
2009-03-30 00:13 - RunsProvider - DEBUG: listening...
2009-03-30 00:19 - RunsProvider - DEBUG: listening...
2009-03-30 00:24 - RunsProvider - DEBUG: listening...
2009-03-30 00:29 - RunsProvider - DEBUG: listening...
2009-03-30 00:34 - RunsProvider - DEBUG: listening...
2009-03-30 00:39 - RunsProvider - DEBUG: listening...
2009-03-30 00:45 - RunsProvider - DEBUG: listening...
2009-03-30 00:50 - RunsProvider - DEBUG: listening...
2009-03-30 00:55 - RunsProvider - DEBUG: listening...
2009-03-30 01:00 - RunsProvider - DEBUG: listening...
2009-03-30 01:05 - RunsProvider - DEBUG: listening...
2009-03-30 01:11 - RunsProvider - DEBUG: listening...
2009-03-30 01:16 - RunsProvider - DEBUG: listening...
2009-03-30 01:21 - RunsProvider - DEBUG: listening...
2009-03-30 01:26 - RunsProvider - DEBUG: listening...
2009-03-30 01:31 - RunsProvider - DEBUG: listening...
2009-03-30 01:37 - RunsProvider - DEBUG: listening...
2009-03-30 01:42 - RunsProvider - DEBUG: listening...
2009-03-30 01:47 - RunsProvider - DEBUG: listening...
2009-03-30 01:52 - RunsProvider - DEBUG: listening...
2009-03-30 01:57 - RunsProvider - DEBUG: listening...
2009-03-30 02:03 - RunsProvider - DEBUG: listening...
2009-03-30 02:08 - RunsProvider - DEBUG: listening...
2009-03-30 02:13 - RunsProvider - DEBUG: listening...
2009-03-30 02:18 - RunsProvider - DEBUG: listening...
2009-03-30 02:23 - RunsProvider - DEBUG: listening...
2009-03-30 02:29 - RunsProvider - DEBUG: listening...
2009-03-30 02:34 - RunsProvider - DEBUG: listening...
2009-03-30 02:39 - RunsProvider - DEBUG: listening...
2009-03-30 02:44 - RunsProvider - DEBUG: listening...
2009-03-30 02:49 - RunsProvider - DEBUG: listening...
2009-03-30 02:55 - RunsProvider - DEBUG: listening...
2009-03-30 03:00 - RunsProvider - DEBUG: listening...
2009-03-30 03:05 - RunsProvider - DEBUG: listening...
2009-03-30 03:10 - RunsProvider - DEBUG: listening...
2009-03-30 03:15 - RunsProvider - DEBUG: listening...
2009-03-30 03:21 - RunsProvider - DEBUG: listening...
2009-03-30 03:26 - RunsProvider - DEBUG: listening...
2009-03-30 03:31 - RunsProvider - DEBUG: listening...
2009-03-30 03:36 - RunsProvider - DEBUG: listening...
2009-03-30 03:41 - RunsProvider - DEBUG: listening...
2009-03-30 03:47 - RunsProvider - DEBUG: listening...
2009-03-30 03:52 - RunsProvider - DEBUG: listening...
2009-03-30 03:57 - RunsProvider - DEBUG: listening...
2009-03-30 04:02 - RunsProvider - DEBUG: listening...
2009-03-30 04:07 - RunsProvider - DEBUG: listening...
2009-03-30 04:13 - RunsProvider - DEBUG: listening...
2009-03-30 04:18 - RunsProvider - DEBUG: listening...
2009-03-30 04:23 - RunsProvider - DEBUG: listening...
2009-03-30 04:28 - RunsProvider - DEBUG: listening...
2009-03-30 04:33 - RunsProvider - DEBUG: listening...
2009-03-30 04:39 - RunsProvider - DEBUG: listening...
2009-03-30 04:44 - RunsProvider - DEBUG: listening...
2009-03-30 04:49 - RunsProvider - DEBUG: listening...
2009-03-30 04:54 - RunsProvider - DEBUG: listening...
2009-03-30 04:59 - RunsProvider - DEBUG: listening...
2009-03-30 05:05 - RunsProvider - DEBUG: listening...
2009-03-30 05:10 - RunsProvider - DEBUG: listening...
2009-03-30 05:15 - RunsProvider - DEBUG: listening...
2009-03-30 05:20 - RunsProvider - DEBUG: listening...
2009-03-30 05:25 - RunsProvider - DEBUG: listening...
2009-03-30 05:31 - RunsProvider - DEBUG: listening...
2009-03-30 05:36 - RunsProvider - DEBUG: listening...
2009-03-30 05:41 - RunsProvider - DEBUG: listening...
2009-03-30 05:46 - RunsProvider - DEBUG: listening...
2009-03-30 05:51 - RunsProvider - DEBUG: listening...
2009-03-30 05:57 - RunsProvider - DEBUG: listening...
2009-03-30 06:02 - RunsProvider - DEBUG: listening...
2009-03-30 06:07 - RunsProvider - DEBUG: listening...
2009-03-30 06:12 - RunsProvider - DEBUG: listening...
2009-03-30 06:17 - RunsProvider - DEBUG: listening...
2009-03-30 06:23 - RunsProvider - DEBUG: listening...
2009-03-30 06:28 - RunsProvider - DEBUG: listening...
2009-03-30 06:33 - RunsProvider - DEBUG: listening...
2009-03-30 06:38 - RunsProvider - DEBUG: listening...
2009-03-30 06:43 - RunsProvider - DEBUG: listening...
2009-03-30 06:49 - RunsProvider - DEBUG: listening...
2009-03-30 06:54 - RunsProvider - DEBUG: listening...
2009-03-30 06:59 - RunsProvider - DEBUG: listening...
2009-03-30 07:04 - RunsProvider - DEBUG: listening...
2009-03-30 07:09 - RunsProvider - DEBUG: listening...
2009-03-30 07:15 - RunsProvider - DEBUG: listening...
2009-03-30 07:20 - RunsProvider - DEBUG: listening...
2009-03-30 07:25 - RunsProvider - DEBUG: listening...
2009-03-30 07:30 - RunsProvider - DEBUG: listening...
2009-03-30 07:35 - RunsProvider - DEBUG: listening...
2009-03-30 07:41 - RunsProvider - DEBUG: listening...
2009-03-30 07:46 - RunsProvider - DEBUG: listening...
2009-03-30 07:51 - RunsProvider - DEBUG: listening...
2009-03-30 07:56 - RunsProvider - DEBUG: listening...
2009-03-30 08:01 - RunsProvider - DEBUG: listening...
2009-03-30 08:07 - RunsProvider - DEBUG: listening...
2009-03-30 08:12 - RunsProvider - DEBUG: listening...
2009-03-30 08:17 - RunsProvider - DEBUG: listening...
2009-03-30 08:22 - RunsProvider - DEBUG: listening...
2009-03-30 08:27 - RunsProvider - DEBUG: listening...
2009-03-30 08:32 - RunsProvider - DEBUG: listening...
2009-03-30 08:38 - RunsProvider - DEBUG: listening...
2009-03-30 08:43 - RunsProvider - DEBUG: listening...
2009-03-30 08:48 - RunsProvider - DEBUG: listening...
2009-03-30 08:53 - RunsProvider - DEBUG: listening...
2009-03-30 08:58 - RunsProvider - DEBUG: listening...
2009-03-30 09:04 - RunsProvider - DEBUG: listening...
2009-03-30 09:09 - RunsProvider - DEBUG: listening...
2009-03-30 09:14 - RunsProvider - DEBUG: listening...
2009-03-30 09:20 - RunsProvider - DEBUG: listening...
