2009-04-29 15:57 - RunsProvider - INFO: ========================================
2009-04-29 15:57 - RunsProvider - INFO: RunsProvider in init
2009-04-29 15:57 - RunsProvider - INFO: init file RunsProviderConfig.py was found
2009-04-29 15:57 - RunsProvider - INFO: creating run listeners from RunsProviderConfig.py file
2009-04-29 15:57 - RunsProvider - INFO: TileCalibL1Calo added to the list of run listeners
2009-04-29 15:57 - RunsProvider - INFO: L1CaloStandalone added to the list of run listeners
2009-04-29 15:57 - RunsProvider - INFO: LArCalibL1Calo added to the list of run listeners
2009-04-29 15:57 - RunsProvider - INFO: retrieveing Db parameters from RunsProviderConfig.py file
2009-04-29 15:57 - RunsProvider - INFO: RunsProvider initialized
2009-04-29 15:57 - RunsProvider - INFO: ========================================
2009-04-29 15:58 - RunsProvider - DEBUG: listening...
2009-04-29 15:59 - RunsProvider - DEBUG: listening...
2009-04-29 15:59 - RunsProvider - DEBUG: listening...
2009-04-29 16:00 - RunsProvider - DEBUG: listening...
2009-04-29 16:01 - RunsProvider - DEBUG: listening...
2009-04-29 16:01 - RunsProvider - DEBUG: listening...
2009-04-29 16:02 - RunsProvider - DEBUG: listening...
2009-04-29 16:03 - RunsProvider - DEBUG: listening...
2009-04-29 16:03 - RunsProvider - DEBUG: listening...
2009-04-29 16:04 - RunsProvider - DEBUG: listening...
2009-04-29 16:05 - RunsProvider - DEBUG: listening...
2009-04-29 16:05 - RunsProvider - DEBUG: listening...
2009-04-29 16:06 - RunsProvider - DEBUG: listening...
2009-04-29 16:06 - RunsProvider - DEBUG: listening...
2009-04-29 16:07 - RunsProvider - DEBUG: listening...
2009-04-29 16:08 - RunsProvider - DEBUG: listening...
2009-04-29 16:08 - RunsProvider - DEBUG: listening...
2009-04-29 16:09 - RunsProvider - DEBUG: listening...
2009-04-29 16:10 - RunsProvider - DEBUG: listening...
2009-04-29 16:10 - RunsProvider - DEBUG: listening...
2009-04-29 16:11 - RunsProvider - DEBUG: listening...
2009-04-29 16:12 - RunsProvider - DEBUG: listening...
2009-04-29 16:12 - RunsProvider - DEBUG: listening...
2009-04-29 16:13 - RunsProvider - DEBUG: listening...
2009-04-29 16:14 - RunsProvider - DEBUG: listening...
