2009-05-03 00:00 - RunsProvider - INFO: ========================================
2009-05-03 00:00 - RunsProvider - INFO: RunsProvider in init
2009-05-03 00:00 - RunsProvider - INFO: init file RunsProviderConfig.py was found
2009-05-03 00:00 - RunsProvider - INFO: creating run listeners from RunsProviderConfig.py file
2009-05-03 00:00 - RunsProvider - INFO: TileCalibL1Calo added to the list of run listeners
2009-05-03 00:00 - RunsProvider - INFO: L1CaloStandalone added to the list of run listeners
2009-05-03 00:00 - RunsProvider - INFO: LArCalibL1Calo added to the list of run listeners
2009-05-03 00:00 - RunsProvider - INFO: retrieveing Db parameters from RunsProviderConfig.py file
2009-05-03 00:00 - RunsProvider - INFO: RunsProvider initialized
2009-05-03 00:00 - RunsProvider - INFO: ========================================
2009-05-03 00:15 - RunsProvider - DEBUG: listening...
2009-05-03 00:31 - RunsProvider - DEBUG: listening...
2009-05-03 00:46 - RunsProvider - DEBUG: listening...
2009-05-03 01:01 - RunsProvider - DEBUG: listening...
2009-05-03 01:17 - RunsProvider - DEBUG: listening...
2009-05-03 01:32 - RunsProvider - DEBUG: listening...
2009-05-03 01:47 - RunsProvider - DEBUG: listening...
2009-05-03 02:02 - RunsProvider - DEBUG: listening...
2009-05-03 02:17 - RunsProvider - DEBUG: listening...
2009-05-03 02:33 - RunsProvider - DEBUG: listening...
2009-05-03 02:48 - RunsProvider - DEBUG: listening...
2009-05-03 03:03 - RunsProvider - DEBUG: listening...
2009-05-03 03:18 - RunsProvider - DEBUG: listening...
2009-05-03 03:33 - RunsProvider - DEBUG: listening...
2009-05-03 03:49 - RunsProvider - DEBUG: listening...
2009-05-03 04:04 - RunsProvider - DEBUG: listening...
2009-05-03 04:19 - RunsProvider - DEBUG: listening...
2009-05-03 04:34 - RunsProvider - DEBUG: listening...
2009-05-03 04:49 - RunsProvider - DEBUG: listening...
2009-05-03 05:05 - RunsProvider - DEBUG: listening...
2009-05-03 05:20 - RunsProvider - DEBUG: listening...
2009-05-03 05:35 - RunsProvider - DEBUG: listening...
2009-05-03 05:50 - RunsProvider - DEBUG: listening...
2009-05-03 06:05 - RunsProvider - DEBUG: listening...
2009-05-03 06:21 - RunsProvider - DEBUG: listening...
2009-05-03 06:36 - RunsProvider - DEBUG: listening...
2009-05-03 06:51 - RunsProvider - DEBUG: listening...
2009-05-03 07:06 - RunsProvider - DEBUG: listening...
2009-05-03 07:21 - RunsProvider - DEBUG: listening...
2009-05-03 07:37 - RunsProvider - DEBUG: listening...
2009-05-03 07:52 - RunsProvider - DEBUG: listening...
2009-05-03 08:07 - RunsProvider - DEBUG: listening...
2009-05-03 08:22 - RunsProvider - DEBUG: listening...
2009-05-03 08:37 - RunsProvider - DEBUG: listening...
2009-05-03 08:52 - RunsProvider - DEBUG: listening...
2009-05-03 09:08 - RunsProvider - DEBUG: listening...
2009-05-03 09:23 - RunsProvider - DEBUG: listening...
2009-05-03 09:38 - RunsProvider - DEBUG: listening...
2009-05-03 09:53 - RunsProvider - DEBUG: listening...
2009-05-03 10:08 - RunsProvider - DEBUG: listening...
2009-05-03 10:24 - RunsProvider - DEBUG: listening...
2009-05-03 10:39 - RunsProvider - DEBUG: listening...
2009-05-03 10:54 - RunsProvider - DEBUG: listening...
2009-05-03 11:09 - RunsProvider - DEBUG: listening...
2009-05-03 11:24 - RunsProvider - DEBUG: listening...
2009-05-03 11:40 - RunsProvider - DEBUG: listening...
2009-05-03 11:55 - RunsProvider - DEBUG: listening...
2009-05-03 12:10 - RunsProvider - DEBUG: listening...
2009-05-03 12:25 - RunsProvider - DEBUG: listening...
2009-05-03 12:40 - RunsProvider - DEBUG: listening...
2009-05-03 12:56 - RunsProvider - DEBUG: listening...
2009-05-03 13:11 - RunsProvider - DEBUG: listening...
2009-05-03 13:26 - RunsProvider - DEBUG: listening...
2009-05-03 13:41 - RunsProvider - DEBUG: listening...
2009-05-03 13:56 - RunsProvider - DEBUG: listening...
2009-05-03 14:12 - RunsProvider - DEBUG: listening...
2009-05-03 14:27 - RunsProvider - DEBUG: listening...
2009-05-03 14:42 - RunsProvider - DEBUG: listening...
2009-05-03 14:57 - RunsProvider - DEBUG: listening...
2009-05-03 15:12 - RunsProvider - DEBUG: listening...
2009-05-03 15:28 - RunsProvider - DEBUG: listening...
2009-05-03 15:43 - RunsProvider - DEBUG: listening...
2009-05-03 15:58 - RunsProvider - DEBUG: listening...
2009-05-03 16:13 - RunsProvider - DEBUG: listening...
2009-05-03 16:28 - RunsProvider - DEBUG: listening...
2009-05-03 16:44 - RunsProvider - DEBUG: listening...
2009-05-03 16:59 - RunsProvider - DEBUG: listening...
2009-05-03 17:14 - RunsProvider - DEBUG: listening...
2009-05-03 17:29 - RunsProvider - DEBUG: listening...
2009-05-03 17:44 - RunsProvider - DEBUG: listening...
2009-05-03 18:00 - RunsProvider - DEBUG: listening...
2009-05-03 18:15 - RunsProvider - DEBUG: listening...
2009-05-03 18:30 - RunsProvider - DEBUG: listening...
2009-05-03 18:45 - RunsProvider - DEBUG: listening...
2009-05-03 19:00 - RunsProvider - DEBUG: listening...
2009-05-03 19:16 - RunsProvider - DEBUG: listening...
2009-05-03 19:31 - RunsProvider - DEBUG: listening...
2009-05-03 19:46 - RunsProvider - DEBUG: listening...
2009-05-03 20:01 - RunsProvider - DEBUG: listening...
2009-05-03 20:16 - RunsProvider - DEBUG: listening...
2009-05-03 20:32 - RunsProvider - DEBUG: listening...
2009-05-03 20:47 - RunsProvider - DEBUG: listening...
2009-05-03 21:02 - RunsProvider - DEBUG: listening...
2009-05-03 21:17 - RunsProvider - DEBUG: listening...
2009-05-03 21:32 - RunsProvider - DEBUG: listening...
2009-05-03 21:48 - RunsProvider - DEBUG: listening...
2009-05-03 22:03 - RunsProvider - DEBUG: listening...
2009-05-03 22:18 - RunsProvider - DEBUG: listening...
2009-05-03 22:33 - RunsProvider - DEBUG: listening...
2009-05-03 22:48 - RunsProvider - DEBUG: listening...
2009-05-03 23:04 - RunsProvider - DEBUG: listening...
2009-05-03 23:19 - RunsProvider - DEBUG: listening...
2009-05-03 23:34 - RunsProvider - DEBUG: listening...
2009-05-03 23:49 - RunsProvider - DEBUG: listening...
