2009-04-05 00:01 - RunsProvider - INFO: ========================================
2009-04-05 00:01 - RunsProvider - INFO: RunsProvider in init
2009-04-05 00:01 - RunsProvider - INFO: init file RunsProviderConfig.py was found
2009-04-05 00:01 - RunsProvider - INFO: creating run listeners from RunsProviderConfig.py file
2009-04-05 00:01 - RunsProvider - INFO: TileCalibL1Calo added to the list of run listeners
2009-04-05 00:01 - RunsProvider - INFO: L1CaloStandalone added to the list of run listeners
2009-04-05 00:01 - RunsProvider - INFO: LArCalibL1Calo added to the list of run listeners
2009-04-05 00:01 - RunsProvider - INFO: retrieveing Db parameters from RunsProviderConfig.py file
2009-04-05 00:01 - RunsProvider - INFO: RunsProvider initialized
2009-04-05 00:01 - RunsProvider - INFO: ========================================
2009-04-05 00:11 - RunsProvider - DEBUG: listening...
2009-04-05 00:22 - RunsProvider - DEBUG: listening...
2009-04-05 00:32 - RunsProvider - DEBUG: listening...
2009-04-05 00:42 - RunsProvider - DEBUG: listening...
2009-04-05 00:52 - RunsProvider - DEBUG: listening...
2009-04-05 01:02 - RunsProvider - DEBUG: listening...
2009-04-05 01:12 - RunsProvider - DEBUG: listening...
2009-04-05 01:22 - RunsProvider - DEBUG: listening...
2009-04-05 01:33 - RunsProvider - DEBUG: listening...
2009-04-05 01:43 - RunsProvider - DEBUG: listening...
2009-04-05 01:53 - RunsProvider - DEBUG: listening...
2009-04-05 02:03 - RunsProvider - DEBUG: listening...
2009-04-05 02:13 - RunsProvider - DEBUG: listening...
2009-04-05 02:23 - RunsProvider - DEBUG: listening...
2009-04-05 02:33 - RunsProvider - DEBUG: listening...
2009-04-05 02:43 - RunsProvider - DEBUG: listening...
2009-04-05 02:54 - RunsProvider - DEBUG: listening...
2009-04-05 03:04 - RunsProvider - DEBUG: listening...
2009-04-05 03:14 - RunsProvider - DEBUG: listening...
2009-04-05 03:24 - RunsProvider - DEBUG: listening...
2009-04-05 03:34 - RunsProvider - DEBUG: listening...
2009-04-05 03:44 - RunsProvider - DEBUG: listening...
2009-04-05 03:54 - RunsProvider - DEBUG: listening...
2009-04-05 04:05 - RunsProvider - DEBUG: listening...
2009-04-05 04:15 - RunsProvider - DEBUG: listening...
2009-04-05 04:25 - RunsProvider - DEBUG: listening...
2009-04-05 04:35 - RunsProvider - DEBUG: listening...
2009-04-05 04:45 - RunsProvider - DEBUG: listening...
2009-04-05 04:55 - RunsProvider - DEBUG: listening...
2009-04-05 05:05 - RunsProvider - DEBUG: listening...
2009-04-05 05:15 - RunsProvider - DEBUG: listening...
2009-04-05 05:26 - RunsProvider - DEBUG: listening...
2009-04-05 05:36 - RunsProvider - DEBUG: listening...
2009-04-05 05:46 - RunsProvider - DEBUG: listening...
2009-04-05 05:56 - RunsProvider - DEBUG: listening...
2009-04-05 06:06 - RunsProvider - DEBUG: listening...
2009-04-05 06:16 - RunsProvider - DEBUG: listening...
2009-04-05 06:26 - RunsProvider - DEBUG: listening...
2009-04-05 06:37 - RunsProvider - DEBUG: listening...
2009-04-05 06:47 - RunsProvider - DEBUG: listening...
2009-04-05 06:57 - RunsProvider - DEBUG: listening...
2009-04-05 07:07 - RunsProvider - DEBUG: listening...
2009-04-05 07:17 - RunsProvider - DEBUG: listening...
2009-04-05 07:27 - RunsProvider - DEBUG: listening...
2009-04-05 07:37 - RunsProvider - DEBUG: listening...
2009-04-05 07:48 - RunsProvider - DEBUG: listening...
2009-04-05 07:58 - RunsProvider - DEBUG: listening...
2009-04-05 08:08 - RunsProvider - DEBUG: listening...
2009-04-05 08:18 - RunsProvider - DEBUG: listening...
2009-04-05 08:28 - RunsProvider - DEBUG: listening...
2009-04-05 08:38 - RunsProvider - DEBUG: listening...
2009-04-05 08:48 - RunsProvider - DEBUG: listening...
2009-04-05 08:58 - RunsProvider - DEBUG: listening...
2009-04-05 09:09 - RunsProvider - DEBUG: listening...
2009-04-05 09:19 - RunsProvider - DEBUG: listening...
2009-04-05 09:29 - RunsProvider - DEBUG: listening...
2009-04-05 09:39 - RunsProvider - DEBUG: listening...
2009-04-05 09:49 - RunsProvider - DEBUG: listening...
2009-04-05 09:59 - RunsProvider - DEBUG: listening...
2009-04-05 10:09 - RunsProvider - DEBUG: listening...
2009-04-05 10:20 - RunsProvider - DEBUG: listening...
2009-04-05 10:30 - RunsProvider - DEBUG: listening...
2009-04-05 10:40 - RunsProvider - DEBUG: listening...
2009-04-05 10:50 - RunsProvider - DEBUG: listening...
2009-04-05 11:00 - RunsProvider - DEBUG: listening...
2009-04-05 11:10 - RunsProvider - DEBUG: listening...
2009-04-05 11:20 - RunsProvider - DEBUG: listening...
2009-04-05 11:31 - RunsProvider - DEBUG: listening...
2009-04-05 11:41 - RunsProvider - DEBUG: listening...
2009-04-05 11:51 - RunsProvider - DEBUG: listening...
2009-04-05 12:01 - RunsProvider - DEBUG: listening...
2009-04-05 12:11 - RunsProvider - DEBUG: listening...
2009-04-05 12:21 - RunsProvider - DEBUG: listening...
2009-04-05 12:31 - RunsProvider - DEBUG: listening...
2009-04-05 12:42 - RunsProvider - DEBUG: listening...
2009-04-05 12:52 - RunsProvider - DEBUG: listening...
2009-04-05 13:02 - RunsProvider - DEBUG: listening...
2009-04-05 13:12 - RunsProvider - DEBUG: listening...
2009-04-05 13:22 - RunsProvider - DEBUG: listening...
2009-04-05 13:32 - RunsProvider - DEBUG: listening...
2009-04-05 13:42 - RunsProvider - DEBUG: listening...
2009-04-05 13:53 - RunsProvider - DEBUG: listening...
2009-04-05 14:03 - RunsProvider - DEBUG: listening...
2009-04-05 14:13 - RunsProvider - DEBUG: listening...
2009-04-05 14:23 - RunsProvider - DEBUG: listening...
2009-04-05 14:33 - RunsProvider - DEBUG: listening...
2009-04-05 14:43 - RunsProvider - DEBUG: listening...
2009-04-05 14:53 - RunsProvider - DEBUG: listening...
2009-04-05 15:03 - RunsProvider - DEBUG: listening...
2009-04-05 15:14 - RunsProvider - DEBUG: listening...
2009-04-05 15:24 - RunsProvider - DEBUG: listening...
2009-04-05 15:34 - RunsProvider - DEBUG: listening...
2009-04-05 15:44 - RunsProvider - DEBUG: listening...
2009-04-05 15:54 - RunsProvider - DEBUG: listening...
2009-04-05 16:04 - RunsProvider - DEBUG: listening...
2009-04-05 16:14 - RunsProvider - DEBUG: listening...
2009-04-05 16:25 - RunsProvider - DEBUG: listening...
2009-04-05 16:35 - RunsProvider - DEBUG: listening...
2009-04-05 16:45 - RunsProvider - DEBUG: listening...
2009-04-05 16:55 - RunsProvider - DEBUG: listening...
2009-04-05 17:05 - RunsProvider - DEBUG: listening...
2009-04-05 17:15 - RunsProvider - DEBUG: listening...
2009-04-05 17:25 - RunsProvider - DEBUG: listening...
2009-04-05 17:36 - RunsProvider - DEBUG: listening...
2009-04-05 17:46 - RunsProvider - DEBUG: listening...
2009-04-05 17:56 - RunsProvider - DEBUG: listening...
2009-04-05 18:06 - RunsProvider - DEBUG: listening...
2009-04-05 18:16 - RunsProvider - DEBUG: listening...
2009-04-05 18:26 - RunsProvider - DEBUG: listening...
2009-04-05 18:36 - RunsProvider - DEBUG: listening...
2009-04-05 18:46 - RunsProvider - DEBUG: listening...
2009-04-05 18:57 - RunsProvider - DEBUG: listening...
2009-04-05 19:07 - RunsProvider - DEBUG: listening...
2009-04-05 19:17 - RunsProvider - DEBUG: listening...
2009-04-05 19:27 - RunsProvider - DEBUG: listening...
2009-04-05 19:37 - RunsProvider - DEBUG: listening...
2009-04-05 19:47 - RunsProvider - DEBUG: listening...
2009-04-05 19:57 - RunsProvider - DEBUG: listening...
2009-04-05 20:08 - RunsProvider - DEBUG: listening...
2009-04-05 20:18 - RunsProvider - DEBUG: listening...
2009-04-05 20:28 - RunsProvider - DEBUG: listening...
2009-04-05 20:38 - RunsProvider - DEBUG: listening...
2009-04-05 20:48 - RunsProvider - DEBUG: listening...
2009-04-05 20:58 - RunsProvider - DEBUG: listening...
2009-04-05 21:08 - RunsProvider - DEBUG: listening...
2009-04-05 21:19 - RunsProvider - DEBUG: listening...
2009-04-05 21:29 - RunsProvider - DEBUG: listening...
2009-04-05 21:39 - RunsProvider - DEBUG: listening...
2009-04-05 21:49 - RunsProvider - DEBUG: listening...
2009-04-05 21:59 - RunsProvider - DEBUG: listening...
2009-04-05 22:09 - RunsProvider - DEBUG: listening...
2009-04-05 22:19 - RunsProvider - DEBUG: listening...
2009-04-05 22:30 - RunsProvider - DEBUG: listening...
2009-04-05 22:40 - RunsProvider - DEBUG: listening...
2009-04-05 22:50 - RunsProvider - DEBUG: listening...
2009-04-05 23:00 - RunsProvider - DEBUG: listening...
2009-04-05 23:10 - RunsProvider - DEBUG: listening...
2009-04-05 23:20 - RunsProvider - DEBUG: listening...
2009-04-05 23:30 - RunsProvider - DEBUG: listening...
2009-04-05 23:41 - RunsProvider - DEBUG: listening...
2009-04-05 23:51 - RunsProvider - DEBUG: listening...
