2009-04-10 00:01 - RunsProvider - INFO: ========================================
2009-04-10 00:01 - RunsProvider - INFO: RunsProvider in init
2009-04-10 00:01 - RunsProvider - INFO: init file RunsProviderConfig.py was found
2009-04-10 00:01 - RunsProvider - INFO: creating run listeners from RunsProviderConfig.py file
2009-04-10 00:01 - RunsProvider - INFO: TileCalibL1Calo added to the list of run listeners
2009-04-10 00:01 - RunsProvider - INFO: L1CaloStandalone added to the list of run listeners
2009-04-10 00:01 - RunsProvider - INFO: LArCalibL1Calo added to the list of run listeners
2009-04-10 00:01 - RunsProvider - INFO: retrieveing Db parameters from RunsProviderConfig.py file
2009-04-10 00:01 - RunsProvider - INFO: RunsProvider initialized
2009-04-10 00:01 - RunsProvider - INFO: ========================================
2009-04-10 00:11 - RunsProvider - DEBUG: listening...
2009-04-10 00:22 - RunsProvider - DEBUG: listening...
2009-04-10 00:32 - RunsProvider - DEBUG: listening...
2009-04-10 00:42 - RunsProvider - DEBUG: listening...
2009-04-10 00:52 - RunsProvider - DEBUG: listening...
2009-04-10 01:03 - RunsProvider - DEBUG: listening...
2009-04-10 01:13 - RunsProvider - DEBUG: listening...
2009-04-10 01:23 - RunsProvider - DEBUG: listening...
2009-04-10 01:34 - RunsProvider - DEBUG: listening...
2009-04-10 01:44 - RunsProvider - DEBUG: listening...
2009-04-10 01:54 - RunsProvider - DEBUG: listening...
2009-04-10 02:05 - RunsProvider - DEBUG: listening...
2009-04-10 02:15 - RunsProvider - DEBUG: listening...
2009-04-10 02:25 - RunsProvider - DEBUG: listening...
2009-04-10 02:35 - RunsProvider - DEBUG: listening...
2009-04-10 02:46 - RunsProvider - DEBUG: listening...
2009-04-10 02:56 - RunsProvider - DEBUG: listening...
2009-04-10 03:06 - RunsProvider - DEBUG: listening...
2009-04-10 03:16 - RunsProvider - DEBUG: listening...
2009-04-10 03:27 - RunsProvider - DEBUG: listening...
2009-04-10 03:37 - RunsProvider - DEBUG: listening...
2009-04-10 03:47 - RunsProvider - DEBUG: listening...
2009-04-10 03:57 - RunsProvider - DEBUG: listening...
2009-04-10 04:08 - RunsProvider - DEBUG: listening...
2009-04-10 04:18 - RunsProvider - DEBUG: listening...
2009-04-10 04:28 - RunsProvider - DEBUG: listening...
2009-04-10 04:39 - RunsProvider - DEBUG: listening...
2009-04-10 04:49 - RunsProvider - DEBUG: listening...
2009-04-10 04:59 - RunsProvider - DEBUG: listening...
2009-04-10 05:09 - RunsProvider - DEBUG: listening...
2009-04-10 05:20 - RunsProvider - DEBUG: listening...
2009-04-10 05:30 - RunsProvider - DEBUG: listening...
2009-04-10 05:40 - RunsProvider - DEBUG: listening...
2009-04-10 05:50 - RunsProvider - DEBUG: listening...
2009-04-10 06:01 - RunsProvider - DEBUG: listening...
2009-04-10 06:11 - RunsProvider - DEBUG: listening...
2009-04-10 06:21 - RunsProvider - DEBUG: listening...
2009-04-10 06:32 - RunsProvider - DEBUG: listening...
2009-04-10 06:42 - RunsProvider - DEBUG: listening...
2009-04-10 06:52 - RunsProvider - DEBUG: listening...
2009-04-10 07:02 - RunsProvider - DEBUG: listening...
2009-04-10 07:13 - RunsProvider - DEBUG: listening...
2009-04-10 07:23 - RunsProvider - DEBUG: listening...
2009-04-10 07:33 - RunsProvider - DEBUG: listening...
2009-04-10 07:43 - RunsProvider - DEBUG: listening...
2009-04-10 07:54 - RunsProvider - DEBUG: listening...
2009-04-10 08:04 - RunsProvider - DEBUG: listening...
2009-04-10 08:14 - RunsProvider - DEBUG: listening...
2009-04-10 08:25 - RunsProvider - DEBUG: listening...
2009-04-10 08:35 - RunsProvider - DEBUG: listening...
2009-04-10 08:45 - RunsProvider - DEBUG: listening...
2009-04-10 08:55 - RunsProvider - DEBUG: listening...
2009-04-10 09:06 - RunsProvider - DEBUG: listening...
2009-04-10 09:16 - RunsProvider - DEBUG: listening...
2009-04-10 09:26 - RunsProvider - DEBUG: listening...
2009-04-10 09:37 - RunsProvider - DEBUG: listening...
2009-04-10 09:47 - RunsProvider - DEBUG: listening...
2009-04-10 09:57 - RunsProvider - DEBUG: listening...
2009-04-10 10:07 - RunsProvider - DEBUG: listening...
2009-04-10 10:18 - RunsProvider - DEBUG: listening...
2009-04-10 10:28 - RunsProvider - DEBUG: listening...
2009-04-10 10:38 - RunsProvider - DEBUG: listening...
2009-04-10 10:49 - RunsProvider - DEBUG: listening...
2009-04-10 10:59 - RunsProvider - DEBUG: listening...
2009-04-10 11:09 - RunsProvider - DEBUG: listening...
2009-04-10 11:19 - RunsProvider - DEBUG: listening...
2009-04-10 11:30 - RunsProvider - DEBUG: listening...
2009-04-10 11:40 - RunsProvider - DEBUG: listening...
2009-04-10 11:50 - RunsProvider - DEBUG: listening...
2009-04-10 12:01 - RunsProvider - DEBUG: listening...
2009-04-10 12:11 - RunsProvider - DEBUG: listening...
2009-04-10 12:21 - RunsProvider - DEBUG: listening...
2009-04-10 12:31 - RunsProvider - DEBUG: listening...
2009-04-10 12:42 - RunsProvider - DEBUG: listening...
