2009-05-23 00:01 - RunsProvider - INFO: ========================================
2009-05-23 00:01 - RunsProvider - INFO: RunsProvider in init
2009-05-23 00:01 - RunsProvider - INFO: init file RunsProviderConfig.py was found
2009-05-23 00:01 - RunsProvider - INFO: creating run listeners from RunsProviderConfig.py file
2009-05-23 00:01 - RunsProvider - INFO: TileCalibL1Calo added to the list of run listeners
2009-05-23 00:01 - RunsProvider - INFO: L1CaloStandalone added to the list of run listeners
2009-05-23 00:01 - RunsProvider - INFO: LArCalibL1Calo added to the list of run listeners
2009-05-23 00:01 - RunsProvider - INFO: retrieveing Db parameters from RunsProviderConfig.py file
2009-05-23 00:01 - RunsProvider - INFO: RunsProvider initialized
2009-05-23 00:01 - RunsProvider - INFO: ========================================
2009-05-23 00:16 - RunsProvider - DEBUG: listening...
2009-05-23 00:33 - RunsProvider - DEBUG: listening...
2009-05-23 00:48 - RunsProvider - DEBUG: listening...
2009-05-23 01:03 - RunsProvider - DEBUG: listening...
2009-05-23 01:19 - RunsProvider - DEBUG: listening...
2009-05-23 01:34 - RunsProvider - DEBUG: listening...
2009-05-23 01:49 - RunsProvider - DEBUG: listening...
2009-05-23 02:04 - RunsProvider - DEBUG: listening...
2009-05-23 02:19 - RunsProvider - DEBUG: listening...
2009-05-23 02:34 - RunsProvider - DEBUG: listening...
2009-05-23 02:49 - RunsProvider - DEBUG: listening...
2009-05-23 03:05 - RunsProvider - DEBUG: listening...
2009-05-23 03:20 - RunsProvider - DEBUG: listening...
2009-05-23 03:35 - RunsProvider - DEBUG: listening...
2009-05-23 03:50 - RunsProvider - DEBUG: listening...
2009-05-23 04:05 - RunsProvider - DEBUG: listening...
2009-05-23 04:20 - RunsProvider - DEBUG: listening...
2009-05-23 04:35 - RunsProvider - DEBUG: listening...
2009-05-23 04:51 - RunsProvider - DEBUG: listening...
2009-05-23 05:06 - RunsProvider - DEBUG: listening...
2009-05-23 05:21 - RunsProvider - DEBUG: listening...
2009-05-23 05:36 - RunsProvider - DEBUG: listening...
2009-05-23 05:51 - RunsProvider - DEBUG: listening...
2009-05-23 06:06 - RunsProvider - DEBUG: listening...
2009-05-23 06:21 - RunsProvider - DEBUG: listening...
2009-05-23 06:37 - RunsProvider - DEBUG: listening...
2009-05-23 06:52 - RunsProvider - DEBUG: listening...
2009-05-23 07:07 - RunsProvider - DEBUG: listening...
2009-05-23 07:22 - RunsProvider - DEBUG: listening...
2009-05-23 07:37 - RunsProvider - DEBUG: listening...
2009-05-23 07:52 - RunsProvider - DEBUG: listening...
2009-05-23 08:07 - RunsProvider - DEBUG: listening...
2009-05-23 08:23 - RunsProvider - DEBUG: listening...
2009-05-23 08:38 - RunsProvider - DEBUG: listening...
2009-05-23 08:53 - RunsProvider - DEBUG: listening...
2009-05-23 09:08 - RunsProvider - DEBUG: listening...
2009-05-23 09:23 - RunsProvider - DEBUG: listening...
2009-05-23 09:38 - RunsProvider - DEBUG: listening...
2009-05-23 09:53 - RunsProvider - DEBUG: listening...
2009-05-23 10:09 - RunsProvider - DEBUG: listening...
2009-05-23 10:24 - RunsProvider - DEBUG: listening...
2009-05-23 10:39 - RunsProvider - DEBUG: listening...
2009-05-23 10:54 - RunsProvider - DEBUG: listening...
2009-05-23 11:09 - RunsProvider - DEBUG: listening...
2009-05-23 11:24 - RunsProvider - DEBUG: listening...
2009-05-23 11:39 - RunsProvider - DEBUG: listening...
2009-05-23 11:55 - RunsProvider - DEBUG: listening...
2009-05-23 12:10 - RunsProvider - DEBUG: listening...
2009-05-23 12:25 - RunsProvider - DEBUG: listening...
2009-05-23 12:40 - RunsProvider - DEBUG: listening...
2009-05-23 12:55 - RunsProvider - DEBUG: listening...
2009-05-23 13:11 - RunsProvider - DEBUG: listening...
2009-05-23 13:26 - RunsProvider - DEBUG: listening...
2009-05-23 13:41 - RunsProvider - DEBUG: listening...
2009-05-23 13:56 - RunsProvider - DEBUG: listening...
2009-05-23 14:11 - RunsProvider - DEBUG: listening...
2009-05-23 14:26 - RunsProvider - DEBUG: listening...
2009-05-23 14:42 - RunsProvider - DEBUG: listening...
2009-05-23 14:57 - RunsProvider - DEBUG: listening...
2009-05-23 15:12 - RunsProvider - DEBUG: listening...
2009-05-23 15:27 - RunsProvider - DEBUG: listening...
2009-05-23 15:42 - RunsProvider - DEBUG: listening...
2009-05-23 15:57 - RunsProvider - DEBUG: listening...
2009-05-23 16:13 - RunsProvider - DEBUG: listening...
2009-05-23 16:28 - RunsProvider - DEBUG: listening...
2009-05-23 16:43 - RunsProvider - DEBUG: listening...
2009-05-23 16:58 - RunsProvider - DEBUG: listening...
2009-05-23 17:13 - RunsProvider - DEBUG: listening...
2009-05-23 17:29 - RunsProvider - DEBUG: listening...
2009-05-23 17:44 - RunsProvider - DEBUG: listening...
2009-05-23 17:59 - RunsProvider - DEBUG: listening...
2009-05-23 18:14 - RunsProvider - DEBUG: listening...
2009-05-23 18:29 - RunsProvider - DEBUG: listening...
2009-05-23 18:44 - RunsProvider - DEBUG: listening...
2009-05-23 19:00 - RunsProvider - DEBUG: listening...
2009-05-23 19:15 - RunsProvider - DEBUG: listening...
2009-05-23 19:30 - RunsProvider - DEBUG: listening...
2009-05-23 19:45 - RunsProvider - DEBUG: listening...
2009-05-23 20:00 - RunsProvider - DEBUG: listening...
2009-05-23 20:16 - RunsProvider - DEBUG: listening...
2009-05-23 20:31 - RunsProvider - DEBUG: listening...
2009-05-23 20:46 - RunsProvider - DEBUG: listening...
2009-05-23 21:01 - RunsProvider - DEBUG: listening...
2009-05-23 21:16 - RunsProvider - DEBUG: listening...
2009-05-23 21:31 - RunsProvider - DEBUG: listening...
2009-05-23 21:47 - RunsProvider - DEBUG: listening...
2009-05-23 22:02 - RunsProvider - DEBUG: listening...
2009-05-23 22:17 - RunsProvider - DEBUG: listening...
2009-05-23 22:32 - RunsProvider - DEBUG: listening...
2009-05-23 22:47 - RunsProvider - DEBUG: listening...
2009-05-23 23:02 - RunsProvider - DEBUG: listening...
2009-05-23 23:18 - RunsProvider - DEBUG: listening...
2009-05-23 23:33 - RunsProvider - DEBUG: listening...
2009-05-23 23:48 - RunsProvider - DEBUG: listening...
