2009-05-30 00:01 - RunsProvider - INFO: ========================================
2009-05-30 00:01 - RunsProvider - INFO: RunsProvider in init
2009-05-30 00:01 - RunsProvider - INFO: init file RunsProviderConfig.py was found
2009-05-30 00:01 - RunsProvider - INFO: creating run listeners from RunsProviderConfig.py file
2009-05-30 00:01 - RunsProvider - INFO: TileCalibL1Calo added to the list of run listeners
2009-05-30 00:01 - RunsProvider - INFO: L1CaloStandalone added to the list of run listeners
2009-05-30 00:01 - RunsProvider - INFO: LArCalibL1Calo added to the list of run listeners
2009-05-30 00:01 - RunsProvider - INFO: retrieveing Db parameters from RunsProviderConfig.py file
2009-05-30 00:01 - RunsProvider - INFO: RunsProvider initialized
2009-05-30 00:01 - RunsProvider - INFO: ========================================
2009-05-30 00:16 - RunsProvider - DEBUG: listening...
2009-05-30 00:34 - RunsProvider - DEBUG: listening...
2009-05-30 00:49 - RunsProvider - DEBUG: listening...
2009-05-30 01:04 - RunsProvider - DEBUG: listening...
2009-05-30 01:19 - RunsProvider - DEBUG: listening...
2009-05-30 01:34 - RunsProvider - DEBUG: listening...
2009-05-30 01:49 - RunsProvider - DEBUG: listening...
2009-05-30 02:04 - RunsProvider - DEBUG: listening...
2009-05-30 02:20 - RunsProvider - DEBUG: listening...
2009-05-30 02:35 - RunsProvider - DEBUG: listening...
2009-05-30 02:50 - RunsProvider - DEBUG: listening...
2009-05-30 03:05 - RunsProvider - DEBUG: listening...
2009-05-30 03:21 - RunsProvider - DEBUG: listening...
2009-05-30 03:36 - RunsProvider - DEBUG: listening...
2009-05-30 03:51 - RunsProvider - DEBUG: listening...
2009-05-30 04:06 - RunsProvider - DEBUG: listening...
2009-05-30 04:21 - RunsProvider - DEBUG: listening...
2009-05-30 04:37 - RunsProvider - DEBUG: listening...
2009-05-30 04:52 - RunsProvider - DEBUG: listening...
2009-05-30 05:07 - RunsProvider - DEBUG: listening...
2009-05-30 05:22 - RunsProvider - DEBUG: listening...
2009-05-30 05:37 - RunsProvider - DEBUG: listening...
2009-05-30 05:52 - RunsProvider - DEBUG: listening...
2009-05-30 06:07 - RunsProvider - DEBUG: listening...
2009-05-30 06:22 - RunsProvider - DEBUG: listening...
2009-05-30 06:38 - RunsProvider - DEBUG: listening...
2009-05-30 06:53 - RunsProvider - DEBUG: listening...
2009-05-30 07:08 - RunsProvider - DEBUG: listening...
2009-05-30 07:23 - RunsProvider - DEBUG: listening...
2009-05-30 07:39 - RunsProvider - DEBUG: listening...
2009-05-30 07:54 - RunsProvider - DEBUG: listening...
2009-05-30 08:09 - RunsProvider - DEBUG: listening...
2009-05-30 08:24 - RunsProvider - DEBUG: listening...
2009-05-30 08:40 - RunsProvider - DEBUG: listening...
2009-05-30 08:55 - RunsProvider - DEBUG: listening...
2009-05-30 09:10 - RunsProvider - DEBUG: listening...
2009-05-30 09:25 - RunsProvider - DEBUG: listening...
2009-05-30 09:40 - RunsProvider - DEBUG: listening...
2009-05-30 09:56 - RunsProvider - DEBUG: listening...
2009-05-30 10:11 - RunsProvider - DEBUG: listening...
2009-05-30 10:26 - RunsProvider - DEBUG: listening...
2009-05-30 10:41 - RunsProvider - DEBUG: listening...
2009-05-30 10:57 - RunsProvider - DEBUG: listening...
2009-05-30 11:12 - RunsProvider - DEBUG: listening...
2009-05-30 11:27 - RunsProvider - DEBUG: listening...
2009-05-30 11:42 - RunsProvider - DEBUG: listening...
2009-05-30 11:58 - RunsProvider - DEBUG: listening...
2009-05-30 12:13 - RunsProvider - DEBUG: listening...
2009-05-30 12:28 - RunsProvider - DEBUG: listening...
2009-05-30 12:43 - RunsProvider - DEBUG: listening...
2009-05-30 12:59 - RunsProvider - DEBUG: listening...
2009-05-30 13:14 - RunsProvider - DEBUG: listening...
2009-05-30 13:29 - RunsProvider - DEBUG: listening...
2009-05-30 13:44 - RunsProvider - DEBUG: listening...
2009-05-30 13:59 - RunsProvider - DEBUG: listening...
2009-05-30 14:14 - RunsProvider - DEBUG: listening...
2009-05-30 14:30 - RunsProvider - DEBUG: listening...
2009-05-30 14:45 - RunsProvider - DEBUG: listening...
2009-05-30 15:00 - RunsProvider - DEBUG: listening...
2009-05-30 15:15 - RunsProvider - DEBUG: listening...
2009-05-30 15:30 - RunsProvider - DEBUG: listening...
2009-05-30 15:45 - RunsProvider - DEBUG: listening...
2009-05-30 16:00 - RunsProvider - DEBUG: listening...
2009-05-30 16:16 - RunsProvider - DEBUG: listening...
2009-05-30 16:31 - RunsProvider - DEBUG: listening...
2009-05-30 16:46 - RunsProvider - DEBUG: listening...
2009-05-30 17:01 - RunsProvider - DEBUG: listening...
2009-05-30 17:16 - RunsProvider - DEBUG: listening...
2009-05-30 17:31 - RunsProvider - DEBUG: listening...
2009-05-30 17:46 - RunsProvider - DEBUG: listening...
2009-05-30 18:02 - RunsProvider - DEBUG: listening...
2009-05-30 18:17 - RunsProvider - DEBUG: listening...
2009-05-30 18:32 - RunsProvider - DEBUG: listening...
2009-05-30 18:47 - RunsProvider - DEBUG: listening...
2009-05-30 19:02 - RunsProvider - DEBUG: listening...
2009-05-30 19:17 - RunsProvider - DEBUG: listening...
2009-05-30 19:32 - RunsProvider - DEBUG: listening...
2009-05-30 19:48 - RunsProvider - DEBUG: listening...
2009-05-30 20:03 - RunsProvider - DEBUG: listening...
2009-05-30 20:18 - RunsProvider - DEBUG: listening...
2009-05-30 20:33 - RunsProvider - DEBUG: listening...
2009-05-30 20:48 - RunsProvider - DEBUG: listening...
2009-05-30 21:03 - RunsProvider - DEBUG: listening...
2009-05-30 21:18 - RunsProvider - DEBUG: listening...
2009-05-30 21:34 - RunsProvider - DEBUG: listening...
2009-05-30 21:49 - RunsProvider - DEBUG: listening...
2009-05-30 22:04 - RunsProvider - DEBUG: listening...
2009-05-30 22:19 - RunsProvider - DEBUG: listening...
2009-05-30 22:34 - RunsProvider - DEBUG: listening...
2009-05-30 22:49 - RunsProvider - DEBUG: listening...
2009-05-30 23:04 - RunsProvider - DEBUG: listening...
2009-05-30 23:20 - RunsProvider - DEBUG: listening...
2009-05-30 23:35 - RunsProvider - DEBUG: listening...
2009-05-30 23:50 - RunsProvider - DEBUG: listening...
