2009-06-15 00:01 - RunsProvider - INFO: ========================================
2009-06-15 00:01 - RunsProvider - INFO: RunsProvider in init
2009-06-15 00:01 - RunsProvider - INFO: init file RunsProviderConfig.py was found
2009-06-15 00:01 - RunsProvider - INFO: creating run listeners from RunsProviderConfig.py file
2009-06-15 00:01 - RunsProvider - INFO: TileCalibL1Calo added to the list of run listeners
2009-06-15 00:01 - RunsProvider - INFO: L1CaloStandalone added to the list of run listeners
2009-06-15 00:01 - RunsProvider - INFO: LArCalibL1Calo added to the list of run listeners
2009-06-15 00:01 - RunsProvider - INFO: retrieveing Db parameters from RunsProviderConfig.py file
2009-06-15 00:01 - RunsProvider - INFO: RunsProvider initialized
2009-06-15 00:01 - RunsProvider - INFO: ========================================
2009-06-15 00:16 - RunsProvider - DEBUG: listening...
2009-06-15 00:34 - RunsProvider - DEBUG: listening...
2009-06-15 00:50 - RunsProvider - DEBUG: listening...
2009-06-15 01:06 - RunsProvider - DEBUG: listening...
2009-06-15 01:21 - RunsProvider - DEBUG: listening...
2009-06-15 01:37 - RunsProvider - DEBUG: listening...
2009-06-15 01:52 - RunsProvider - DEBUG: listening...
2009-06-15 02:08 - RunsProvider - DEBUG: listening...
2009-06-15 02:24 - RunsProvider - DEBUG: listening...
2009-06-15 02:40 - RunsProvider - DEBUG: listening...
2009-06-15 02:55 - RunsProvider - DEBUG: listening...
2009-06-15 03:11 - RunsProvider - DEBUG: listening...
2009-06-15 03:26 - RunsProvider - DEBUG: listening...
2009-06-15 03:42 - RunsProvider - DEBUG: listening...
2009-06-15 03:58 - RunsProvider - DEBUG: listening...
2009-06-15 04:13 - RunsProvider - DEBUG: listening...
2009-06-15 04:29 - RunsProvider - DEBUG: listening...
2009-06-15 04:44 - RunsProvider - DEBUG: listening...
2009-06-15 05:00 - RunsProvider - DEBUG: listening...
2009-06-15 05:16 - RunsProvider - DEBUG: listening...
2009-06-15 05:31 - RunsProvider - DEBUG: listening...
2009-06-15 05:47 - RunsProvider - DEBUG: listening...
2009-06-15 06:02 - RunsProvider - DEBUG: listening...
2009-06-15 06:18 - RunsProvider - DEBUG: listening...
2009-06-15 06:33 - RunsProvider - DEBUG: listening...
