2009-04-30 14:18 - RunsProvider - INFO: ========================================
2009-04-30 14:18 - RunsProvider - INFO: RunsProvider in init
2009-04-30 14:18 - RunsProvider - INFO: init file RunsProviderConfig.py was found
2009-04-30 14:18 - RunsProvider - INFO: creating run listeners from RunsProviderConfig.py file
2009-04-30 14:18 - RunsProvider - INFO: TileCalibL1Calo added to the list of run listeners
2009-04-30 14:18 - RunsProvider - INFO: L1CaloStandalone added to the list of run listeners
2009-04-30 14:18 - RunsProvider - INFO: LArCalibL1Calo added to the list of run listeners
2009-04-30 14:18 - RunsProvider - INFO: retrieveing Db parameters from RunsProviderConfig.py file
2009-04-30 14:18 - RunsProvider - INFO: RunsProvider initialized
2009-04-30 14:18 - RunsProvider - INFO: ========================================
2009-04-30 14:33 - RunsProvider - DEBUG: listening...
2009-04-30 14:49 - RunsProvider - DEBUG: listening...
2009-04-30 15:05 - RunsProvider - DEBUG: listening...
2009-04-30 15:20 - RunsProvider - DEBUG: listening...
2009-04-30 15:35 - RunsProvider - DEBUG: listening...
2009-04-30 15:50 - RunsProvider - DEBUG: listening...
2009-04-30 16:05 - RunsProvider - DEBUG: listening...
2009-04-30 16:20 - RunsProvider - DEBUG: listening...
2009-04-30 16:36 - RunsProvider - DEBUG: listening...
2009-04-30 16:51 - RunsProvider - DEBUG: listening...
2009-04-30 17:06 - RunsProvider - DEBUG: listening...
2009-04-30 17:21 - RunsProvider - DEBUG: listening...
2009-04-30 17:36 - RunsProvider - DEBUG: listening...
2009-04-30 17:51 - RunsProvider - DEBUG: listening...
2009-04-30 18:07 - RunsProvider - DEBUG: listening...
2009-04-30 18:22 - RunsProvider - DEBUG: listening...
2009-04-30 18:37 - RunsProvider - DEBUG: listening...
2009-04-30 18:52 - RunsProvider - DEBUG: listening...
2009-04-30 19:07 - RunsProvider - DEBUG: listening...
2009-04-30 19:22 - RunsProvider - DEBUG: listening...
2009-04-30 19:38 - RunsProvider - DEBUG: listening...
2009-04-30 19:53 - RunsProvider - DEBUG: listening...
2009-04-30 20:08 - RunsProvider - DEBUG: listening...
2009-04-30 20:23 - RunsProvider - DEBUG: listening...
2009-04-30 20:38 - RunsProvider - DEBUG: listening...
2009-04-30 20:53 - RunsProvider - DEBUG: listening...
2009-04-30 21:09 - RunsProvider - DEBUG: listening...
2009-04-30 21:24 - RunsProvider - DEBUG: listening...
2009-04-30 21:39 - RunsProvider - DEBUG: listening...
2009-04-30 21:54 - RunsProvider - DEBUG: listening...
2009-04-30 22:09 - RunsProvider - DEBUG: listening...
2009-04-30 22:24 - RunsProvider - DEBUG: listening...
2009-04-30 22:40 - RunsProvider - DEBUG: listening...
2009-04-30 22:55 - RunsProvider - DEBUG: listening...
2009-04-30 23:10 - RunsProvider - DEBUG: listening...
2009-04-30 23:25 - RunsProvider - DEBUG: listening...
2009-04-30 23:40 - RunsProvider - DEBUG: listening...
2009-04-30 23:55 - RunsProvider - DEBUG: listening...
