2009-03-17 00:01 - RunsProvider - INFO: ========================================
2009-03-17 00:01 - RunsProvider - INFO: RunsProvider in init
2009-03-17 00:01 - RunsProvider - INFO: init file RunsProviderConfig.py was found
2009-03-17 00:01 - RunsProvider - INFO: creating run listeners from RunsProviderConfig.py file
2009-03-17 00:01 - RunsProvider - INFO: TileCalibL1Calo added to the list of run listeners
2009-03-17 00:01 - RunsProvider - INFO: L1CaloStandalone added to the list of run listeners
2009-03-17 00:01 - RunsProvider - INFO: LArCalibL1Calo added to the list of run listeners
2009-03-17 00:01 - RunsProvider - INFO: retrieveing Db parameters from RunsProviderConfig.py file
2009-03-17 00:01 - RunsProvider - INFO: RunsProvider initialized
2009-03-17 00:01 - RunsProvider - INFO: ========================================
2009-03-17 00:06 - RunsProvider - DEBUG: listening...
2009-03-17 00:13 - RunsProvider - DEBUG: listening...
2009-03-17 00:18 - RunsProvider - DEBUG: listening...
2009-03-17 00:24 - RunsProvider - DEBUG: listening...
2009-03-17 00:29 - RunsProvider - DEBUG: listening...
2009-03-17 00:34 - RunsProvider - DEBUG: listening...
2009-03-17 00:39 - RunsProvider - DEBUG: listening...
2009-03-17 00:44 - RunsProvider - DEBUG: listening...
2009-03-17 00:49 - RunsProvider - DEBUG: listening...
2009-03-17 00:54 - RunsProvider - DEBUG: listening...
2009-03-17 01:00 - RunsProvider - DEBUG: listening...
2009-03-17 01:05 - RunsProvider - DEBUG: listening...
2009-03-17 01:10 - RunsProvider - DEBUG: listening...
2009-03-17 01:15 - RunsProvider - DEBUG: listening...
2009-03-17 01:20 - RunsProvider - DEBUG: listening...
2009-03-17 01:25 - RunsProvider - DEBUG: listening...
2009-03-17 01:30 - RunsProvider - DEBUG: listening...
2009-03-17 01:36 - RunsProvider - DEBUG: listening...
2009-03-17 01:41 - RunsProvider - DEBUG: listening...
2009-03-17 01:46 - RunsProvider - DEBUG: listening...
2009-03-17 01:51 - RunsProvider - DEBUG: listening...
2009-03-17 01:56 - RunsProvider - DEBUG: listening...
2009-03-17 02:01 - RunsProvider - DEBUG: listening...
2009-03-17 02:07 - RunsProvider - DEBUG: listening...
2009-03-17 02:12 - RunsProvider - DEBUG: listening...
2009-03-17 02:17 - RunsProvider - DEBUG: listening...
2009-03-17 02:22 - RunsProvider - DEBUG: listening...
2009-03-17 02:27 - RunsProvider - DEBUG: listening...
2009-03-17 02:32 - RunsProvider - DEBUG: listening...
2009-03-17 02:37 - RunsProvider - DEBUG: listening...
2009-03-17 02:43 - RunsProvider - DEBUG: listening...
2009-03-17 02:48 - RunsProvider - DEBUG: listening...
2009-03-17 02:53 - RunsProvider - DEBUG: listening...
2009-03-17 02:58 - RunsProvider - DEBUG: listening...
2009-03-17 03:03 - RunsProvider - DEBUG: listening...
2009-03-17 03:08 - RunsProvider - DEBUG: listening...
2009-03-17 03:13 - RunsProvider - DEBUG: listening...
2009-03-17 03:19 - RunsProvider - DEBUG: listening...
2009-03-17 03:24 - RunsProvider - DEBUG: listening...
2009-03-17 03:29 - RunsProvider - DEBUG: listening...
2009-03-17 03:34 - RunsProvider - DEBUG: listening...
2009-03-17 03:39 - RunsProvider - DEBUG: listening...
2009-03-17 03:44 - RunsProvider - DEBUG: listening...
2009-03-17 03:49 - RunsProvider - DEBUG: listening...
2009-03-17 03:55 - RunsProvider - DEBUG: listening...
2009-03-17 04:00 - RunsProvider - DEBUG: listening...
2009-03-17 04:05 - RunsProvider - DEBUG: listening...
2009-03-17 04:10 - RunsProvider - DEBUG: listening...
2009-03-17 04:15 - RunsProvider - DEBUG: listening...
2009-03-17 04:20 - RunsProvider - DEBUG: listening...
2009-03-17 04:25 - RunsProvider - DEBUG: listening...
2009-03-17 04:31 - RunsProvider - DEBUG: listening...
2009-03-17 04:36 - RunsProvider - DEBUG: listening...
2009-03-17 04:41 - RunsProvider - DEBUG: listening...
2009-03-17 04:46 - RunsProvider - DEBUG: listening...
2009-03-17 04:51 - RunsProvider - DEBUG: listening...
2009-03-17 04:56 - RunsProvider - DEBUG: listening...
2009-03-17 05:01 - RunsProvider - DEBUG: listening...
2009-03-17 05:07 - RunsProvider - DEBUG: listening...
2009-03-17 05:12 - RunsProvider - DEBUG: listening...
2009-03-17 05:17 - RunsProvider - DEBUG: listening...
2009-03-17 05:22 - RunsProvider - DEBUG: listening...
2009-03-17 05:27 - RunsProvider - DEBUG: listening...
2009-03-17 05:32 - RunsProvider - DEBUG: listening...
2009-03-17 05:37 - RunsProvider - DEBUG: listening...
2009-03-17 05:43 - RunsProvider - DEBUG: listening...
2009-03-17 05:48 - RunsProvider - DEBUG: listening...
2009-03-17 05:53 - RunsProvider - DEBUG: listening...
2009-03-17 05:58 - RunsProvider - DEBUG: listening...
2009-03-17 06:03 - RunsProvider - DEBUG: listening...
2009-03-17 06:08 - RunsProvider - DEBUG: listening...
2009-03-17 06:13 - RunsProvider - DEBUG: listening...
2009-03-17 06:19 - RunsProvider - DEBUG: listening...
2009-03-17 06:24 - RunsProvider - DEBUG: listening...
2009-03-17 06:30 - RunsProvider - DEBUG: listening...
2009-03-17 06:35 - RunsProvider - DEBUG: listening...
2009-03-17 06:40 - RunsProvider - DEBUG: listening...
2009-03-17 06:45 - RunsProvider - DEBUG: listening...
2009-03-17 06:50 - RunsProvider - DEBUG: listening...
2009-03-17 06:55 - RunsProvider - DEBUG: listening...
2009-03-17 07:01 - RunsProvider - DEBUG: listening...
2009-03-17 07:06 - RunsProvider - DEBUG: listening...
2009-03-17 07:11 - RunsProvider - DEBUG: listening...
2009-03-17 07:16 - RunsProvider - DEBUG: listening...
2009-03-17 07:21 - RunsProvider - DEBUG: listening...
2009-03-17 07:26 - RunsProvider - DEBUG: listening...
2009-03-17 07:31 - RunsProvider - DEBUG: listening...
2009-03-17 07:37 - RunsProvider - DEBUG: listening...
2009-03-17 07:42 - RunsProvider - DEBUG: listening...
2009-03-17 07:47 - RunsProvider - DEBUG: listening...
2009-03-17 07:52 - RunsProvider - DEBUG: listening...
2009-03-17 07:57 - RunsProvider - DEBUG: listening...
2009-03-17 08:02 - RunsProvider - DEBUG: listening...
2009-03-17 08:07 - RunsProvider - DEBUG: listening...
2009-03-17 08:13 - RunsProvider - DEBUG: listening...
2009-03-17 08:18 - RunsProvider - DEBUG: listening...
2009-03-17 08:23 - RunsProvider - DEBUG: listening...
2009-03-17 08:28 - RunsProvider - DEBUG: listening...
2009-03-17 08:33 - RunsProvider - DEBUG: listening...
2009-03-17 08:38 - RunsProvider - DEBUG: listening...
2009-03-17 08:43 - RunsProvider - DEBUG: listening...
2009-03-17 08:49 - RunsProvider - DEBUG: listening...
2009-03-17 08:54 - RunsProvider - DEBUG: listening...
2009-03-17 08:59 - RunsProvider - DEBUG: listening...
2009-03-17 09:04 - RunsProvider - DEBUG: listening...
2009-03-17 09:09 - RunsProvider - DEBUG: listening...
2009-03-17 09:14 - RunsProvider - DEBUG: listening...
2009-03-17 09:19 - RunsProvider - DEBUG: listening...
2009-03-17 09:25 - RunsProvider - DEBUG: listening...
2009-03-17 09:30 - RunsProvider - DEBUG: listening...
2009-03-17 09:35 - RunsProvider - DEBUG: listening...
2009-03-17 09:40 - RunsProvider - DEBUG: listening...
2009-03-17 09:45 - RunsProvider - DEBUG: listening...
2009-03-17 09:50 - RunsProvider - DEBUG: listening...
2009-03-17 09:55 - RunsProvider - DEBUG: listening...
2009-03-17 10:01 - RunsProvider - DEBUG: listening...
2009-03-17 10:06 - RunsProvider - DEBUG: listening...
2009-03-17 10:11 - RunsProvider - DEBUG: listening...
2009-03-17 10:16 - RunsProvider - DEBUG: listening...
2009-03-17 10:21 - RunsProvider - DEBUG: listening...
2009-03-17 10:26 - RunsProvider - DEBUG: listening...
2009-03-17 10:31 - RunsProvider - DEBUG: listening...
2009-03-17 10:37 - RunsProvider - DEBUG: listening...
2009-03-17 10:42 - RunsProvider - DEBUG: listening...
2009-03-17 10:47 - RunsProvider - DEBUG: listening...
2009-03-17 10:52 - RunsProvider - DEBUG: listening...
2009-03-17 10:57 - RunsProvider - DEBUG: listening...
2009-03-17 11:02 - RunsProvider - DEBUG: listening...
2009-03-17 11:08 - RunsProvider - DEBUG: listening...
2009-03-17 11:13 - RunsProvider - DEBUG: listening...
2009-03-17 11:18 - RunsProvider - DEBUG: listening...
2009-03-17 11:23 - RunsProvider - DEBUG: listening...
2009-03-17 11:28 - RunsProvider - DEBUG: listening...
2009-03-17 11:33 - RunsProvider - DEBUG: listening...
2009-03-17 11:39 - RunsProvider - DEBUG: listening...
2009-03-17 11:44 - RunsProvider - DEBUG: listening...
2009-03-17 11:49 - RunsProvider - DEBUG: listening...
2009-03-17 11:54 - RunsProvider - DEBUG: listening...
2009-03-17 11:59 - RunsProvider - DEBUG: listening...
2009-03-17 12:04 - RunsProvider - DEBUG: listening...
2009-03-17 12:09 - RunsProvider - DEBUG: listening...
2009-03-17 12:15 - RunsProvider - DEBUG: listening...
2009-03-17 12:20 - RunsProvider - DEBUG: listening...
2009-03-17 12:25 - RunsProvider - DEBUG: listening...
2009-03-17 12:30 - RunsProvider - DEBUG: listening...
2009-03-17 12:35 - RunsProvider - DEBUG: listening...
2009-03-17 12:40 - RunsProvider - DEBUG: listening...
2009-03-17 12:45 - RunsProvider - DEBUG: listening...
2009-03-17 12:51 - RunsProvider - DEBUG: listening...
2009-03-17 12:56 - RunsProvider - DEBUG: listening...
2009-03-17 13:01 - RunsProvider - DEBUG: listening...
2009-03-17 13:06 - RunsProvider - DEBUG: listening...
2009-03-17 13:11 - RunsProvider - DEBUG: listening...
2009-03-17 13:16 - RunsProvider - DEBUG: listening...
2009-03-17 13:22 - RunsProvider - DEBUG: listening...
2009-03-17 13:27 - RunsProvider - DEBUG: listening...
2009-03-17 13:32 - RunsProvider - DEBUG: listening...
2009-03-17 13:37 - RunsProvider - DEBUG: listening...
2009-03-17 13:42 - RunsProvider - DEBUG: listening...
2009-03-17 13:47 - RunsProvider - DEBUG: listening...
2009-03-17 13:52 - RunsProvider - DEBUG: listening...
2009-03-17 13:58 - RunsProvider - DEBUG: listening...
2009-03-17 14:03 - RunsProvider - DEBUG: listening...
2009-03-17 14:08 - RunsProvider - DEBUG: listening...
2009-03-17 14:13 - RunsProvider - DEBUG: listening...
2009-03-17 14:18 - RunsProvider - DEBUG: listening...
2009-03-17 14:23 - RunsProvider - DEBUG: listening...
2009-03-17 14:29 - RunsProvider - DEBUG: listening...
2009-03-17 14:34 - RunsProvider - DEBUG: listening...
2009-03-17 14:39 - RunsProvider - DEBUG: listening...
2009-03-17 14:44 - RunsProvider - DEBUG: listening...
2009-03-17 14:49 - RunsProvider - DEBUG: listening...
2009-03-17 14:55 - RunsProvider - DEBUG: listening...
2009-03-17 15:00 - RunsProvider - DEBUG: listening...
2009-03-17 15:05 - RunsProvider - DEBUG: listening...
2009-03-17 15:10 - RunsProvider - DEBUG: listening...
2009-03-17 15:15 - RunsProvider - DEBUG: listening...
2009-03-17 15:20 - RunsProvider - DEBUG: listening...
2009-03-17 15:26 - RunsProvider - DEBUG: listening...
2009-03-17 15:31 - RunsProvider - DEBUG: listening...
2009-03-17 15:36 - RunsProvider - DEBUG: listening...
2009-03-17 15:41 - RunsProvider - DEBUG: listening...
2009-03-17 15:46 - RunsProvider - DEBUG: listening...
2009-03-17 15:51 - RunsProvider - DEBUG: listening...
2009-03-17 15:56 - RunsProvider - DEBUG: listening...
2009-03-17 16:02 - RunsProvider - DEBUG: listening...
2009-03-17 16:07 - RunsProvider - DEBUG: listening...
2009-03-17 16:12 - RunsProvider - DEBUG: listening...
2009-03-17 16:17 - RunsProvider - DEBUG: listening...
2009-03-17 16:22 - RunsProvider - DEBUG: listening...
2009-03-17 16:27 - RunsProvider - DEBUG: listening...
2009-03-17 16:33 - RunsProvider - DEBUG: listening...
2009-03-17 16:38 - RunsProvider - DEBUG: listening...
2009-03-17 16:43 - RunsProvider - DEBUG: listening...
2009-03-17 16:48 - RunsProvider - DEBUG: listening...
2009-03-17 16:53 - RunsProvider - DEBUG: listening...
2009-03-17 16:58 - RunsProvider - DEBUG: listening...
2009-03-17 17:04 - RunsProvider - DEBUG: listening...
2009-03-17 17:09 - RunsProvider - DEBUG: listening...
2009-03-17 17:14 - RunsProvider - DEBUG: listening...
2009-03-17 17:19 - RunsProvider - DEBUG: listening...
2009-03-17 17:24 - RunsProvider - DEBUG: listening...
2009-03-17 17:29 - RunsProvider - DEBUG: listening...
2009-03-17 17:34 - RunsProvider - DEBUG: listening...
2009-03-17 17:40 - RunsProvider - DEBUG: listening...
2009-03-17 17:45 - RunsProvider - DEBUG: listening...
2009-03-17 17:50 - RunsProvider - DEBUG: listening...
2009-03-17 17:55 - RunsProvider - DEBUG: listening...
2009-03-17 18:00 - RunsProvider - DEBUG: listening...
2009-03-17 18:05 - RunsProvider - DEBUG: listening...
2009-03-17 18:11 - RunsProvider - DEBUG: listening...
2009-03-17 18:16 - RunsProvider - DEBUG: listening...
2009-03-17 18:21 - RunsProvider - DEBUG: listening...
2009-03-17 18:26 - RunsProvider - DEBUG: listening...
2009-03-17 18:31 - RunsProvider - DEBUG: listening...
2009-03-17 18:36 - RunsProvider - DEBUG: listening...
2009-03-17 18:42 - RunsProvider - DEBUG: listening...
2009-03-17 18:47 - RunsProvider - DEBUG: listening...
2009-03-17 18:52 - RunsProvider - DEBUG: listening...
2009-03-17 18:57 - RunsProvider - DEBUG: listening...
2009-03-17 19:02 - RunsProvider - DEBUG: listening...
2009-03-17 19:07 - RunsProvider - DEBUG: listening...
2009-03-17 19:12 - RunsProvider - DEBUG: listening...
2009-03-17 19:18 - RunsProvider - DEBUG: listening...
2009-03-17 19:23 - RunsProvider - DEBUG: listening...
2009-03-17 19:28 - RunsProvider - DEBUG: listening...
2009-03-17 19:33 - RunsProvider - DEBUG: listening...
2009-03-17 19:38 - RunsProvider - DEBUG: listening...
2009-03-17 19:43 - RunsProvider - DEBUG: listening...
2009-03-17 19:49 - RunsProvider - DEBUG: listening...
2009-03-17 19:54 - RunsProvider - DEBUG: listening...
2009-03-17 19:59 - RunsProvider - DEBUG: listening...
2009-03-17 20:04 - RunsProvider - DEBUG: listening...
2009-03-17 20:09 - RunsProvider - DEBUG: listening...
2009-03-17 20:14 - RunsProvider - DEBUG: listening...
2009-03-17 20:20 - RunsProvider - DEBUG: listening...
2009-03-17 20:25 - RunsProvider - DEBUG: listening...
2009-03-17 20:30 - RunsProvider - DEBUG: listening...
2009-03-17 20:35 - RunsProvider - DEBUG: listening...
2009-03-17 20:40 - RunsProvider - DEBUG: listening...
2009-03-17 20:45 - RunsProvider - DEBUG: listening...
2009-03-17 20:50 - RunsProvider - DEBUG: listening...
2009-03-17 20:56 - RunsProvider - DEBUG: listening...
2009-03-17 21:01 - RunsProvider - DEBUG: listening...
2009-03-17 21:06 - RunsProvider - DEBUG: listening...
2009-03-17 21:11 - RunsProvider - DEBUG: listening...
2009-03-17 21:16 - RunsProvider - DEBUG: listening...
2009-03-17 21:21 - RunsProvider - DEBUG: listening...
2009-03-17 21:27 - RunsProvider - DEBUG: listening...
2009-03-17 21:32 - RunsProvider - DEBUG: listening...
2009-03-17 21:37 - RunsProvider - DEBUG: listening...
2009-03-17 21:42 - RunsProvider - DEBUG: listening...
2009-03-17 21:47 - RunsProvider - DEBUG: listening...
2009-03-17 21:52 - RunsProvider - DEBUG: listening...
2009-03-17 21:57 - RunsProvider - DEBUG: listening...
2009-03-17 22:03 - RunsProvider - DEBUG: listening...
2009-03-17 22:08 - RunsProvider - DEBUG: listening...
2009-03-17 22:13 - RunsProvider - DEBUG: listening...
2009-03-17 22:18 - RunsProvider - DEBUG: listening...
2009-03-17 22:23 - RunsProvider - DEBUG: listening...
2009-03-17 22:28 - RunsProvider - DEBUG: listening...
2009-03-17 22:34 - RunsProvider - DEBUG: listening...
2009-03-17 22:39 - RunsProvider - DEBUG: listening...
2009-03-17 22:44 - RunsProvider - DEBUG: listening...
2009-03-17 22:49 - RunsProvider - DEBUG: listening...
2009-03-17 22:54 - RunsProvider - DEBUG: listening...
2009-03-17 22:59 - RunsProvider - DEBUG: listening...
2009-03-17 23:04 - RunsProvider - DEBUG: listening...
2009-03-17 23:10 - RunsProvider - DEBUG: listening...
2009-03-17 23:15 - RunsProvider - DEBUG: listening...
2009-03-17 23:20 - RunsProvider - DEBUG: listening...
2009-03-17 23:25 - RunsProvider - DEBUG: listening...
2009-03-17 23:30 - RunsProvider - DEBUG: listening...
2009-03-17 23:35 - RunsProvider - DEBUG: listening...
2009-03-17 23:41 - RunsProvider - DEBUG: listening...
2009-03-17 23:46 - RunsProvider - DEBUG: listening...
2009-03-17 23:51 - RunsProvider - DEBUG: listening...
2009-03-17 23:56 - RunsProvider - DEBUG: listening...
