2009-04-02 00:01 - RunsProvider - INFO: ========================================
2009-04-02 00:01 - RunsProvider - INFO: RunsProvider in init
2009-04-02 00:01 - RunsProvider - INFO: init file RunsProviderConfig.py was found
2009-04-02 00:01 - RunsProvider - INFO: creating run listeners from RunsProviderConfig.py file
2009-04-02 00:01 - RunsProvider - INFO: TileCalibL1Calo added to the list of run listeners
2009-04-02 00:01 - RunsProvider - INFO: L1CaloStandalone added to the list of run listeners
2009-04-02 00:01 - RunsProvider - INFO: LArCalibL1Calo added to the list of run listeners
2009-04-02 00:01 - RunsProvider - INFO: retrieveing Db parameters from RunsProviderConfig.py file
2009-04-02 00:01 - RunsProvider - INFO: RunsProvider initialized
2009-04-02 00:01 - RunsProvider - INFO: ========================================
2009-04-02 00:11 - RunsProvider - DEBUG: listening...
2009-04-02 00:15 - RunsProvider - INFO: new runs found and stored into the Db:
2009-04-02 00:15 - RunsProvider - INFO:  * run: 104804, runListener: LArCalibL1Calo, validated: False
2009-04-02 00:15 - RunsProvider - INFO:  * run: 104809, runListener: LArCalibL1Calo, validated: False
2009-04-02 00:15 - RunsProvider - INFO:  * run: 104816, runListener: LArCalibL1Calo, validated: False
2009-04-02 00:15 - RunsProvider - INFO:  * run: 104823, runListener: L1CaloStandalone, validated: False
2009-04-02 00:25 - RunsProvider - DEBUG: listening...
2009-04-02 00:35 - RunsProvider - DEBUG: listening...
2009-04-02 00:45 - RunsProvider - DEBUG: listening...
2009-04-02 00:55 - RunsProvider - DEBUG: listening...
2009-04-02 01:05 - RunsProvider - DEBUG: listening...
2009-04-02 01:16 - RunsProvider - DEBUG: listening...
2009-04-02 01:26 - RunsProvider - DEBUG: listening...
2009-04-02 01:36 - RunsProvider - DEBUG: listening...
2009-04-02 01:46 - RunsProvider - DEBUG: listening...
2009-04-02 01:56 - RunsProvider - DEBUG: listening...
2009-04-02 02:07 - RunsProvider - DEBUG: listening...
2009-04-02 02:17 - RunsProvider - DEBUG: listening...
2009-04-02 02:27 - RunsProvider - DEBUG: listening...
2009-04-02 02:37 - RunsProvider - DEBUG: listening...
2009-04-02 02:47 - RunsProvider - DEBUG: listening...
2009-04-02 02:58 - RunsProvider - DEBUG: listening...
2009-04-02 03:08 - RunsProvider - DEBUG: listening...
2009-04-02 03:18 - RunsProvider - DEBUG: listening...
2009-04-02 03:28 - RunsProvider - DEBUG: listening...
2009-04-02 03:39 - RunsProvider - DEBUG: listening...
2009-04-02 03:49 - RunsProvider - DEBUG: listening...
2009-04-02 03:59 - RunsProvider - DEBUG: listening...
2009-04-02 04:09 - RunsProvider - DEBUG: listening...
2009-04-02 04:19 - RunsProvider - DEBUG: listening...
2009-04-02 04:30 - RunsProvider - DEBUG: listening...
2009-04-02 04:40 - RunsProvider - DEBUG: listening...
2009-04-02 04:50 - RunsProvider - DEBUG: listening...
2009-04-02 05:00 - RunsProvider - DEBUG: listening...
2009-04-02 05:10 - RunsProvider - DEBUG: listening...
2009-04-02 05:21 - RunsProvider - DEBUG: listening...
2009-04-02 05:31 - RunsProvider - DEBUG: listening...
2009-04-02 05:41 - RunsProvider - DEBUG: listening...
2009-04-02 05:51 - RunsProvider - DEBUG: listening...
2009-04-02 06:01 - RunsProvider - DEBUG: listening...
2009-04-02 06:12 - RunsProvider - DEBUG: listening...
2009-04-02 06:22 - RunsProvider - DEBUG: listening...
2009-04-02 06:32 - RunsProvider - DEBUG: listening...
2009-04-02 06:42 - RunsProvider - DEBUG: listening...
2009-04-02 06:52 - RunsProvider - DEBUG: listening...
2009-04-02 07:03 - RunsProvider - DEBUG: listening...
2009-04-02 07:13 - RunsProvider - DEBUG: listening...
2009-04-02 07:23 - RunsProvider - DEBUG: listening...
2009-04-02 07:33 - RunsProvider - DEBUG: listening...
2009-04-02 07:44 - RunsProvider - DEBUG: listening...
2009-04-02 07:54 - RunsProvider - DEBUG: listening...
2009-04-02 08:04 - RunsProvider - DEBUG: listening...
2009-04-02 08:14 - RunsProvider - DEBUG: listening...
2009-04-02 08:24 - RunsProvider - DEBUG: listening...
2009-04-02 08:35 - RunsProvider - DEBUG: listening...
2009-04-02 08:45 - RunsProvider - DEBUG: listening...
2009-04-02 08:55 - RunsProvider - DEBUG: listening...
2009-04-02 09:05 - RunsProvider - DEBUG: listening...
2009-04-02 09:15 - RunsProvider - DEBUG: listening...
2009-04-02 09:26 - RunsProvider - DEBUG: listening...
2009-04-02 09:36 - RunsProvider - DEBUG: listening...
2009-04-02 09:46 - RunsProvider - DEBUG: listening...
2009-04-02 09:56 - RunsProvider - DEBUG: listening...
2009-04-02 10:06 - RunsProvider - DEBUG: listening...
2009-04-02 10:17 - RunsProvider - DEBUG: listening...
2009-04-02 10:27 - RunsProvider - DEBUG: listening...
2009-04-02 10:37 - RunsProvider - DEBUG: listening...
2009-04-02 10:47 - RunsProvider - DEBUG: listening...
2009-04-02 10:58 - RunsProvider - DEBUG: listening...
2009-04-02 11:08 - RunsProvider - DEBUG: listening...
2009-04-02 11:18 - RunsProvider - DEBUG: listening...
2009-04-02 11:28 - RunsProvider - DEBUG: listening...
2009-04-02 11:38 - RunsProvider - DEBUG: listening...
2009-04-02 11:49 - RunsProvider - DEBUG: listening...
2009-04-02 11:59 - RunsProvider - DEBUG: listening...
2009-04-02 12:09 - RunsProvider - DEBUG: listening...
2009-04-02 12:19 - RunsProvider - DEBUG: listening...
2009-04-02 12:30 - RunsProvider - DEBUG: listening...
2009-04-02 12:40 - RunsProvider - DEBUG: listening...
2009-04-02 12:50 - RunsProvider - DEBUG: listening...
2009-04-02 13:00 - RunsProvider - DEBUG: listening...
2009-04-02 13:11 - RunsProvider - DEBUG: listening...
2009-04-02 13:21 - RunsProvider - DEBUG: listening...
2009-04-02 13:31 - RunsProvider - DEBUG: listening...
2009-04-02 13:41 - RunsProvider - DEBUG: listening...
2009-04-02 13:51 - RunsProvider - DEBUG: listening...
2009-04-02 14:02 - RunsProvider - DEBUG: listening...
2009-04-02 14:12 - RunsProvider - DEBUG: listening...
2009-04-02 14:22 - RunsProvider - DEBUG: listening...
2009-04-02 14:32 - RunsProvider - DEBUG: listening...
2009-04-02 14:43 - RunsProvider - DEBUG: listening...
2009-04-02 14:53 - RunsProvider - DEBUG: listening...
2009-04-02 15:03 - RunsProvider - DEBUG: listening...
2009-04-02 15:13 - RunsProvider - DEBUG: listening...
2009-04-02 15:24 - RunsProvider - DEBUG: listening...
2009-04-02 15:34 - RunsProvider - DEBUG: listening...
