2009-06-23 00:00 - RunsProvider - INFO: ========================================
2009-06-23 00:00 - RunsProvider - INFO: RunsProvider in init
2009-06-23 00:00 - RunsProvider - INFO: init file RunsProviderConfig.py was found
2009-06-23 00:00 - RunsProvider - INFO: creating run listeners from RunsProviderConfig.py file
2009-06-23 00:00 - RunsProvider - INFO: TileCalibL1Calo added to the list of run listeners
2009-06-23 00:00 - RunsProvider - INFO: L1CaloStandalone added to the list of run listeners
2009-06-23 00:00 - RunsProvider - INFO: LArCalibL1Calo added to the list of run listeners
2009-06-23 00:00 - RunsProvider - INFO: retrieveing Db parameters from RunsProviderConfig.py file
2009-06-23 00:00 - RunsProvider - INFO: RunsProvider initialized
2009-06-23 00:00 - RunsProvider - INFO: ========================================
2009-06-23 00:15 - RunsProvider - DEBUG: listening...
2009-06-23 00:35 - RunsProvider - DEBUG: listening...
2009-06-23 00:50 - RunsProvider - DEBUG: listening...
2009-06-23 01:05 - RunsProvider - DEBUG: listening...
2009-06-23 01:20 - RunsProvider - DEBUG: listening...
2009-06-23 01:36 - RunsProvider - DEBUG: listening...
2009-06-23 01:51 - RunsProvider - DEBUG: listening...
2009-06-23 02:06 - RunsProvider - DEBUG: listening...
2009-06-23 02:21 - RunsProvider - DEBUG: listening...
2009-06-23 02:36 - RunsProvider - DEBUG: listening...
2009-06-23 02:52 - RunsProvider - DEBUG: listening...
2009-06-23 03:07 - RunsProvider - DEBUG: listening...
2009-06-23 03:22 - RunsProvider - DEBUG: listening...
2009-06-23 03:37 - RunsProvider - DEBUG: listening...
2009-06-23 03:52 - RunsProvider - DEBUG: listening...
2009-06-23 04:08 - RunsProvider - DEBUG: listening...
2009-06-23 04:23 - RunsProvider - DEBUG: listening...
2009-06-23 04:38 - RunsProvider - DEBUG: listening...
2009-06-23 04:53 - RunsProvider - DEBUG: listening...
2009-06-23 05:08 - RunsProvider - DEBUG: listening...
2009-06-23 05:24 - RunsProvider - DEBUG: listening...
2009-06-23 05:39 - RunsProvider - DEBUG: listening...
2009-06-23 05:54 - RunsProvider - DEBUG: listening...
2009-06-23 06:09 - RunsProvider - DEBUG: listening...
2009-06-23 06:24 - RunsProvider - DEBUG: listening...
2009-06-23 06:40 - RunsProvider - DEBUG: listening...
2009-06-23 06:55 - RunsProvider - DEBUG: listening...
2009-06-23 07:10 - RunsProvider - DEBUG: listening...
2009-06-23 07:25 - RunsProvider - DEBUG: listening...
2009-06-23 07:40 - RunsProvider - DEBUG: listening...
2009-06-23 07:55 - RunsProvider - DEBUG: listening...
2009-06-23 08:11 - RunsProvider - DEBUG: listening...
2009-06-23 08:26 - RunsProvider - DEBUG: listening...
2009-06-23 08:41 - RunsProvider - DEBUG: listening...
2009-06-23 08:56 - RunsProvider - DEBUG: listening...
2009-06-23 09:11 - RunsProvider - DEBUG: listening...
2009-06-23 09:27 - RunsProvider - DEBUG: listening...
2009-06-23 09:42 - RunsProvider - DEBUG: listening...
2009-06-23 09:57 - RunsProvider - DEBUG: listening...
2009-06-23 10:12 - RunsProvider - DEBUG: listening...
2009-06-23 10:27 - RunsProvider - DEBUG: listening...
2009-06-23 10:43 - RunsProvider - DEBUG: listening...
2009-06-23 10:58 - RunsProvider - DEBUG: listening...
2009-06-23 11:13 - RunsProvider - DEBUG: listening...
2009-06-23 11:28 - RunsProvider - DEBUG: listening...
2009-06-23 11:43 - RunsProvider - DEBUG: listening...
2009-06-23 11:59 - RunsProvider - DEBUG: listening...
2009-06-23 12:14 - RunsProvider - DEBUG: listening...
2009-06-23 12:29 - RunsProvider - DEBUG: listening...
2009-06-23 12:44 - RunsProvider - DEBUG: listening...
2009-06-23 13:00 - RunsProvider - DEBUG: listening...
2009-06-23 13:15 - RunsProvider - DEBUG: listening...
2009-06-23 13:30 - RunsProvider - DEBUG: listening...
2009-06-23 13:45 - RunsProvider - DEBUG: listening...
2009-06-23 14:00 - RunsProvider - DEBUG: listening...
2009-06-23 14:16 - RunsProvider - DEBUG: listening...
2009-06-23 14:31 - RunsProvider - DEBUG: listening...
2009-06-23 14:46 - RunsProvider - DEBUG: listening...
2009-06-23 15:01 - RunsProvider - DEBUG: listening...
2009-06-23 15:16 - RunsProvider - DEBUG: listening...
2009-06-23 15:32 - RunsProvider - DEBUG: listening...
2009-06-23 15:47 - RunsProvider - DEBUG: listening...
2009-06-23 16:02 - RunsProvider - DEBUG: listening...
2009-06-23 16:17 - RunsProvider - DEBUG: listening...
2009-06-23 16:32 - RunsProvider - DEBUG: listening...
2009-06-23 16:48 - RunsProvider - DEBUG: listening...
2009-06-23 17:03 - RunsProvider - DEBUG: listening...
2009-06-23 17:18 - RunsProvider - DEBUG: listening...
2009-06-23 17:33 - RunsProvider - DEBUG: listening...
2009-06-23 17:48 - RunsProvider - DEBUG: listening...
2009-06-23 18:04 - RunsProvider - DEBUG: listening...
2009-06-23 18:19 - RunsProvider - DEBUG: listening...
2009-06-23 18:34 - RunsProvider - DEBUG: listening...
2009-06-23 18:49 - RunsProvider - DEBUG: listening...
2009-06-23 19:05 - RunsProvider - DEBUG: listening...
2009-06-23 19:20 - RunsProvider - DEBUG: listening...
2009-06-23 19:35 - RunsProvider - DEBUG: listening...
2009-06-23 19:50 - RunsProvider - DEBUG: listening...
2009-06-23 20:05 - RunsProvider - DEBUG: listening...
2009-06-23 20:21 - RunsProvider - DEBUG: listening...
2009-06-23 20:36 - RunsProvider - DEBUG: listening...
2009-06-23 20:51 - RunsProvider - DEBUG: listening...
2009-06-23 21:06 - RunsProvider - DEBUG: listening...
2009-06-23 21:21 - RunsProvider - DEBUG: listening...
2009-06-23 21:37 - RunsProvider - DEBUG: listening...
2009-06-23 21:52 - RunsProvider - DEBUG: listening...
2009-06-23 22:07 - RunsProvider - DEBUG: listening...
2009-06-23 22:22 - RunsProvider - DEBUG: listening...
2009-06-23 22:37 - RunsProvider - DEBUG: listening...
2009-06-23 22:53 - RunsProvider - DEBUG: listening...
2009-06-23 23:08 - RunsProvider - DEBUG: listening...
2009-06-23 23:23 - RunsProvider - DEBUG: listening...
2009-06-23 23:43 - RunsProvider - DEBUG: listening...
2009-06-23 23:58 - RunsProvider - DEBUG: listening...
